[2022-06-17 22:07:17,678] {processor.py:163} INFO - Started process (PID=1668) to work on /home/saba/.local/lib/python3.6/site-packages/airflow/example_dags/plugins/workday.py
[2022-06-17 22:07:17,684] {processor.py:642} INFO - Processing file /home/saba/.local/lib/python3.6/site-packages/airflow/example_dags/plugins/workday.py for tasks to queue
[2022-06-17 22:07:17,687] {logging_mixin.py:109} INFO - [2022-06-17 22:07:17,686] {dagbag.py:500} INFO - Filling up the DagBag from /home/saba/.local/lib/python3.6/site-packages/airflow/example_dags/plugins/workday.py
[2022-06-17 22:07:17,694] {processor.py:654} WARNING - No viable dags retrieved from /home/saba/.local/lib/python3.6/site-packages/airflow/example_dags/plugins/workday.py
[2022-06-17 22:07:17,723] {processor.py:171} INFO - Processing /home/saba/.local/lib/python3.6/site-packages/airflow/example_dags/plugins/workday.py took 0.057 seconds
[2022-06-17 22:08:10,647] {processor.py:163} INFO - Started process (PID=1914) to work on /home/saba/.local/lib/python3.6/site-packages/airflow/example_dags/plugins/workday.py
[2022-06-17 22:08:10,650] {processor.py:642} INFO - Processing file /home/saba/.local/lib/python3.6/site-packages/airflow/example_dags/plugins/workday.py for tasks to queue
[2022-06-17 22:08:10,651] {logging_mixin.py:109} INFO - [2022-06-17 22:08:10,651] {dagbag.py:500} INFO - Filling up the DagBag from /home/saba/.local/lib/python3.6/site-packages/airflow/example_dags/plugins/workday.py
[2022-06-17 22:08:10,656] {processor.py:654} WARNING - No viable dags retrieved from /home/saba/.local/lib/python3.6/site-packages/airflow/example_dags/plugins/workday.py
[2022-06-17 22:08:10,676] {processor.py:171} INFO - Processing /home/saba/.local/lib/python3.6/site-packages/airflow/example_dags/plugins/workday.py took 0.036 seconds
[2022-06-17 22:08:58,818] {processor.py:163} INFO - Started process (PID=2143) to work on /home/saba/.local/lib/python3.6/site-packages/airflow/example_dags/plugins/workday.py
[2022-06-17 22:08:58,821] {processor.py:642} INFO - Processing file /home/saba/.local/lib/python3.6/site-packages/airflow/example_dags/plugins/workday.py for tasks to queue
[2022-06-17 22:08:58,822] {logging_mixin.py:109} INFO - [2022-06-17 22:08:58,822] {dagbag.py:500} INFO - Filling up the DagBag from /home/saba/.local/lib/python3.6/site-packages/airflow/example_dags/plugins/workday.py
[2022-06-17 22:08:58,827] {processor.py:654} WARNING - No viable dags retrieved from /home/saba/.local/lib/python3.6/site-packages/airflow/example_dags/plugins/workday.py
[2022-06-17 22:08:58,843] {processor.py:171} INFO - Processing /home/saba/.local/lib/python3.6/site-packages/airflow/example_dags/plugins/workday.py took 0.033 seconds
[2022-06-17 22:10:01,865] {processor.py:163} INFO - Started process (PID=2421) to work on /home/saba/.local/lib/python3.6/site-packages/airflow/example_dags/plugins/workday.py
[2022-06-17 22:10:01,871] {processor.py:642} INFO - Processing file /home/saba/.local/lib/python3.6/site-packages/airflow/example_dags/plugins/workday.py for tasks to queue
[2022-06-17 22:10:01,874] {logging_mixin.py:109} INFO - [2022-06-17 22:10:01,874] {dagbag.py:500} INFO - Filling up the DagBag from /home/saba/.local/lib/python3.6/site-packages/airflow/example_dags/plugins/workday.py
[2022-06-17 22:10:01,883] {processor.py:654} WARNING - No viable dags retrieved from /home/saba/.local/lib/python3.6/site-packages/airflow/example_dags/plugins/workday.py
[2022-06-17 22:10:01,915] {processor.py:171} INFO - Processing /home/saba/.local/lib/python3.6/site-packages/airflow/example_dags/plugins/workday.py took 0.062 seconds
[2022-06-17 22:18:13,017] {processor.py:163} INFO - Started process (PID=172) to work on /home/saba/.local/lib/python3.6/site-packages/airflow/example_dags/plugins/workday.py
[2022-06-17 22:18:13,018] {processor.py:642} INFO - Processing file /home/saba/.local/lib/python3.6/site-packages/airflow/example_dags/plugins/workday.py for tasks to queue
[2022-06-17 22:18:13,018] {logging_mixin.py:109} INFO - [2022-06-17 22:18:13,018] {dagbag.py:500} INFO - Filling up the DagBag from /home/saba/.local/lib/python3.6/site-packages/airflow/example_dags/plugins/workday.py
[2022-06-17 22:18:13,020] {processor.py:654} WARNING - No viable dags retrieved from /home/saba/.local/lib/python3.6/site-packages/airflow/example_dags/plugins/workday.py
[2022-06-17 22:18:13,026] {processor.py:171} INFO - Processing /home/saba/.local/lib/python3.6/site-packages/airflow/example_dags/plugins/workday.py took 0.011 seconds
[2022-06-17 22:19:00,655] {processor.py:163} INFO - Started process (PID=270) to work on /home/saba/.local/lib/python3.6/site-packages/airflow/example_dags/plugins/workday.py
[2022-06-17 22:19:00,658] {processor.py:642} INFO - Processing file /home/saba/.local/lib/python3.6/site-packages/airflow/example_dags/plugins/workday.py for tasks to queue
[2022-06-17 22:19:00,660] {logging_mixin.py:109} INFO - [2022-06-17 22:19:00,660] {dagbag.py:500} INFO - Filling up the DagBag from /home/saba/.local/lib/python3.6/site-packages/airflow/example_dags/plugins/workday.py
[2022-06-17 22:19:00,665] {processor.py:654} WARNING - No viable dags retrieved from /home/saba/.local/lib/python3.6/site-packages/airflow/example_dags/plugins/workday.py
[2022-06-17 22:19:00,682] {processor.py:171} INFO - Processing /home/saba/.local/lib/python3.6/site-packages/airflow/example_dags/plugins/workday.py took 0.035 seconds
[2022-06-17 22:19:52,815] {processor.py:163} INFO - Started process (PID=3500) to work on /home/saba/.local/lib/python3.6/site-packages/airflow/example_dags/plugins/workday.py
[2022-06-17 22:19:52,817] {processor.py:642} INFO - Processing file /home/saba/.local/lib/python3.6/site-packages/airflow/example_dags/plugins/workday.py for tasks to queue
[2022-06-17 22:19:52,818] {logging_mixin.py:109} INFO - [2022-06-17 22:19:52,818] {dagbag.py:500} INFO - Filling up the DagBag from /home/saba/.local/lib/python3.6/site-packages/airflow/example_dags/plugins/workday.py
[2022-06-17 22:19:52,821] {processor.py:654} WARNING - No viable dags retrieved from /home/saba/.local/lib/python3.6/site-packages/airflow/example_dags/plugins/workday.py
[2022-06-17 22:19:52,830] {processor.py:171} INFO - Processing /home/saba/.local/lib/python3.6/site-packages/airflow/example_dags/plugins/workday.py took 0.018 seconds
[2022-06-17 22:20:31,017] {processor.py:163} INFO - Started process (PID=3554) to work on /home/saba/.local/lib/python3.6/site-packages/airflow/example_dags/plugins/workday.py
[2022-06-17 22:20:31,019] {processor.py:642} INFO - Processing file /home/saba/.local/lib/python3.6/site-packages/airflow/example_dags/plugins/workday.py for tasks to queue
[2022-06-17 22:20:31,020] {logging_mixin.py:109} INFO - [2022-06-17 22:20:31,020] {dagbag.py:500} INFO - Filling up the DagBag from /home/saba/.local/lib/python3.6/site-packages/airflow/example_dags/plugins/workday.py
[2022-06-17 22:20:31,022] {processor.py:654} WARNING - No viable dags retrieved from /home/saba/.local/lib/python3.6/site-packages/airflow/example_dags/plugins/workday.py
[2022-06-17 22:20:31,032] {processor.py:171} INFO - Processing /home/saba/.local/lib/python3.6/site-packages/airflow/example_dags/plugins/workday.py took 0.019 seconds
[2022-06-17 22:21:08,173] {processor.py:163} INFO - Started process (PID=3606) to work on /home/saba/.local/lib/python3.6/site-packages/airflow/example_dags/plugins/workday.py
[2022-06-17 22:21:08,175] {processor.py:642} INFO - Processing file /home/saba/.local/lib/python3.6/site-packages/airflow/example_dags/plugins/workday.py for tasks to queue
[2022-06-17 22:21:08,175] {logging_mixin.py:109} INFO - [2022-06-17 22:21:08,175] {dagbag.py:500} INFO - Filling up the DagBag from /home/saba/.local/lib/python3.6/site-packages/airflow/example_dags/plugins/workday.py
[2022-06-17 22:21:08,177] {processor.py:654} WARNING - No viable dags retrieved from /home/saba/.local/lib/python3.6/site-packages/airflow/example_dags/plugins/workday.py
[2022-06-17 22:21:08,189] {processor.py:171} INFO - Processing /home/saba/.local/lib/python3.6/site-packages/airflow/example_dags/plugins/workday.py took 0.019 seconds
[2022-06-17 22:21:45,236] {processor.py:163} INFO - Started process (PID=3668) to work on /home/saba/.local/lib/python3.6/site-packages/airflow/example_dags/plugins/workday.py
[2022-06-17 22:21:45,237] {processor.py:642} INFO - Processing file /home/saba/.local/lib/python3.6/site-packages/airflow/example_dags/plugins/workday.py for tasks to queue
[2022-06-17 22:21:45,238] {logging_mixin.py:109} INFO - [2022-06-17 22:21:45,238] {dagbag.py:500} INFO - Filling up the DagBag from /home/saba/.local/lib/python3.6/site-packages/airflow/example_dags/plugins/workday.py
[2022-06-17 22:21:45,240] {processor.py:654} WARNING - No viable dags retrieved from /home/saba/.local/lib/python3.6/site-packages/airflow/example_dags/plugins/workday.py
[2022-06-17 22:21:45,247] {processor.py:171} INFO - Processing /home/saba/.local/lib/python3.6/site-packages/airflow/example_dags/plugins/workday.py took 0.015 seconds
[2022-06-17 22:22:20,409] {processor.py:163} INFO - Started process (PID=3726) to work on /home/saba/.local/lib/python3.6/site-packages/airflow/example_dags/plugins/workday.py
[2022-06-17 22:22:20,411] {processor.py:642} INFO - Processing file /home/saba/.local/lib/python3.6/site-packages/airflow/example_dags/plugins/workday.py for tasks to queue
[2022-06-17 22:22:20,412] {logging_mixin.py:109} INFO - [2022-06-17 22:22:20,412] {dagbag.py:500} INFO - Filling up the DagBag from /home/saba/.local/lib/python3.6/site-packages/airflow/example_dags/plugins/workday.py
[2022-06-17 22:22:20,414] {processor.py:654} WARNING - No viable dags retrieved from /home/saba/.local/lib/python3.6/site-packages/airflow/example_dags/plugins/workday.py
[2022-06-17 22:22:20,423] {processor.py:171} INFO - Processing /home/saba/.local/lib/python3.6/site-packages/airflow/example_dags/plugins/workday.py took 0.017 seconds
[2022-06-17 22:22:56,736] {processor.py:163} INFO - Started process (PID=3777) to work on /home/saba/.local/lib/python3.6/site-packages/airflow/example_dags/plugins/workday.py
[2022-06-17 22:22:56,738] {processor.py:642} INFO - Processing file /home/saba/.local/lib/python3.6/site-packages/airflow/example_dags/plugins/workday.py for tasks to queue
[2022-06-17 22:22:56,739] {logging_mixin.py:109} INFO - [2022-06-17 22:22:56,739] {dagbag.py:500} INFO - Filling up the DagBag from /home/saba/.local/lib/python3.6/site-packages/airflow/example_dags/plugins/workday.py
[2022-06-17 22:22:56,742] {processor.py:654} WARNING - No viable dags retrieved from /home/saba/.local/lib/python3.6/site-packages/airflow/example_dags/plugins/workday.py
[2022-06-17 22:22:56,753] {processor.py:171} INFO - Processing /home/saba/.local/lib/python3.6/site-packages/airflow/example_dags/plugins/workday.py took 0.020 seconds
[2022-06-17 22:23:32,306] {processor.py:163} INFO - Started process (PID=3830) to work on /home/saba/.local/lib/python3.6/site-packages/airflow/example_dags/plugins/workday.py
[2022-06-17 22:23:32,309] {processor.py:642} INFO - Processing file /home/saba/.local/lib/python3.6/site-packages/airflow/example_dags/plugins/workday.py for tasks to queue
[2022-06-17 22:23:32,310] {logging_mixin.py:109} INFO - [2022-06-17 22:23:32,310] {dagbag.py:500} INFO - Filling up the DagBag from /home/saba/.local/lib/python3.6/site-packages/airflow/example_dags/plugins/workday.py
[2022-06-17 22:23:32,313] {processor.py:654} WARNING - No viable dags retrieved from /home/saba/.local/lib/python3.6/site-packages/airflow/example_dags/plugins/workday.py
[2022-06-17 22:23:32,327] {processor.py:171} INFO - Processing /home/saba/.local/lib/python3.6/site-packages/airflow/example_dags/plugins/workday.py took 0.026 seconds
[2022-06-17 22:24:11,061] {processor.py:163} INFO - Started process (PID=3941) to work on /home/saba/.local/lib/python3.6/site-packages/airflow/example_dags/plugins/workday.py
[2022-06-17 22:24:11,063] {processor.py:642} INFO - Processing file /home/saba/.local/lib/python3.6/site-packages/airflow/example_dags/plugins/workday.py for tasks to queue
[2022-06-17 22:24:11,063] {logging_mixin.py:109} INFO - [2022-06-17 22:24:11,063] {dagbag.py:500} INFO - Filling up the DagBag from /home/saba/.local/lib/python3.6/site-packages/airflow/example_dags/plugins/workday.py
[2022-06-17 22:24:11,065] {processor.py:654} WARNING - No viable dags retrieved from /home/saba/.local/lib/python3.6/site-packages/airflow/example_dags/plugins/workday.py
[2022-06-17 22:24:11,072] {processor.py:171} INFO - Processing /home/saba/.local/lib/python3.6/site-packages/airflow/example_dags/plugins/workday.py took 0.013 seconds
[2022-06-17 22:24:46,561] {processor.py:163} INFO - Started process (PID=3995) to work on /home/saba/.local/lib/python3.6/site-packages/airflow/example_dags/plugins/workday.py
[2022-06-17 22:24:46,562] {processor.py:642} INFO - Processing file /home/saba/.local/lib/python3.6/site-packages/airflow/example_dags/plugins/workday.py for tasks to queue
[2022-06-17 22:24:46,563] {logging_mixin.py:109} INFO - [2022-06-17 22:24:46,563] {dagbag.py:500} INFO - Filling up the DagBag from /home/saba/.local/lib/python3.6/site-packages/airflow/example_dags/plugins/workday.py
[2022-06-17 22:24:46,565] {processor.py:654} WARNING - No viable dags retrieved from /home/saba/.local/lib/python3.6/site-packages/airflow/example_dags/plugins/workday.py
[2022-06-17 22:24:46,574] {processor.py:171} INFO - Processing /home/saba/.local/lib/python3.6/site-packages/airflow/example_dags/plugins/workday.py took 0.016 seconds
[2022-06-17 22:25:33,066] {processor.py:163} INFO - Started process (PID=4048) to work on /home/saba/.local/lib/python3.6/site-packages/airflow/example_dags/plugins/workday.py
[2022-06-17 22:25:33,081] {processor.py:642} INFO - Processing file /home/saba/.local/lib/python3.6/site-packages/airflow/example_dags/plugins/workday.py for tasks to queue
[2022-06-17 22:25:33,084] {logging_mixin.py:109} INFO - [2022-06-17 22:25:33,084] {dagbag.py:500} INFO - Filling up the DagBag from /home/saba/.local/lib/python3.6/site-packages/airflow/example_dags/plugins/workday.py
[2022-06-17 22:25:33,100] {processor.py:654} WARNING - No viable dags retrieved from /home/saba/.local/lib/python3.6/site-packages/airflow/example_dags/plugins/workday.py
[2022-06-17 22:25:33,168] {processor.py:171} INFO - Processing /home/saba/.local/lib/python3.6/site-packages/airflow/example_dags/plugins/workday.py took 0.126 seconds
[2022-06-17 22:26:27,780] {processor.py:163} INFO - Started process (PID=4409) to work on /home/saba/.local/lib/python3.6/site-packages/airflow/example_dags/plugins/workday.py
[2022-06-17 22:26:27,784] {processor.py:642} INFO - Processing file /home/saba/.local/lib/python3.6/site-packages/airflow/example_dags/plugins/workday.py for tasks to queue
[2022-06-17 22:26:27,785] {logging_mixin.py:109} INFO - [2022-06-17 22:26:27,785] {dagbag.py:500} INFO - Filling up the DagBag from /home/saba/.local/lib/python3.6/site-packages/airflow/example_dags/plugins/workday.py
[2022-06-17 22:26:27,791] {processor.py:654} WARNING - No viable dags retrieved from /home/saba/.local/lib/python3.6/site-packages/airflow/example_dags/plugins/workday.py
[2022-06-17 22:26:27,811] {processor.py:171} INFO - Processing /home/saba/.local/lib/python3.6/site-packages/airflow/example_dags/plugins/workday.py took 0.041 seconds
[2022-06-17 22:27:22,018] {processor.py:163} INFO - Started process (PID=4491) to work on /home/saba/.local/lib/python3.6/site-packages/airflow/example_dags/plugins/workday.py
[2022-06-17 22:27:22,021] {processor.py:642} INFO - Processing file /home/saba/.local/lib/python3.6/site-packages/airflow/example_dags/plugins/workday.py for tasks to queue
[2022-06-17 22:27:22,023] {logging_mixin.py:109} INFO - [2022-06-17 22:27:22,022] {dagbag.py:500} INFO - Filling up the DagBag from /home/saba/.local/lib/python3.6/site-packages/airflow/example_dags/plugins/workday.py
[2022-06-17 22:27:22,026] {processor.py:654} WARNING - No viable dags retrieved from /home/saba/.local/lib/python3.6/site-packages/airflow/example_dags/plugins/workday.py
[2022-06-17 22:27:22,044] {processor.py:171} INFO - Processing /home/saba/.local/lib/python3.6/site-packages/airflow/example_dags/plugins/workday.py took 0.033 seconds
[2022-06-17 22:28:26,475] {processor.py:163} INFO - Started process (PID=4566) to work on /home/saba/.local/lib/python3.6/site-packages/airflow/example_dags/plugins/workday.py
[2022-06-17 22:28:26,478] {processor.py:642} INFO - Processing file /home/saba/.local/lib/python3.6/site-packages/airflow/example_dags/plugins/workday.py for tasks to queue
[2022-06-17 22:28:26,480] {logging_mixin.py:109} INFO - [2022-06-17 22:28:26,479] {dagbag.py:500} INFO - Filling up the DagBag from /home/saba/.local/lib/python3.6/site-packages/airflow/example_dags/plugins/workday.py
[2022-06-17 22:28:26,485] {processor.py:654} WARNING - No viable dags retrieved from /home/saba/.local/lib/python3.6/site-packages/airflow/example_dags/plugins/workday.py
[2022-06-17 22:28:26,507] {processor.py:171} INFO - Processing /home/saba/.local/lib/python3.6/site-packages/airflow/example_dags/plugins/workday.py took 0.038 seconds
[2022-06-17 22:29:28,788] {processor.py:163} INFO - Started process (PID=4625) to work on /home/saba/.local/lib/python3.6/site-packages/airflow/example_dags/plugins/workday.py
[2022-06-17 22:29:28,799] {processor.py:642} INFO - Processing file /home/saba/.local/lib/python3.6/site-packages/airflow/example_dags/plugins/workday.py for tasks to queue
[2022-06-17 22:29:28,803] {logging_mixin.py:109} INFO - [2022-06-17 22:29:28,802] {dagbag.py:500} INFO - Filling up the DagBag from /home/saba/.local/lib/python3.6/site-packages/airflow/example_dags/plugins/workday.py
[2022-06-17 22:29:28,818] {processor.py:654} WARNING - No viable dags retrieved from /home/saba/.local/lib/python3.6/site-packages/airflow/example_dags/plugins/workday.py
[2022-06-17 22:29:28,892] {processor.py:171} INFO - Processing /home/saba/.local/lib/python3.6/site-packages/airflow/example_dags/plugins/workday.py took 0.129 seconds
[2022-06-17 22:30:27,079] {processor.py:163} INFO - Started process (PID=4969) to work on /home/saba/.local/lib/python3.6/site-packages/airflow/example_dags/plugins/workday.py
[2022-06-17 22:30:27,084] {processor.py:642} INFO - Processing file /home/saba/.local/lib/python3.6/site-packages/airflow/example_dags/plugins/workday.py for tasks to queue
[2022-06-17 22:30:27,085] {logging_mixin.py:109} INFO - [2022-06-17 22:30:27,085] {dagbag.py:500} INFO - Filling up the DagBag from /home/saba/.local/lib/python3.6/site-packages/airflow/example_dags/plugins/workday.py
[2022-06-17 22:30:27,092] {processor.py:654} WARNING - No viable dags retrieved from /home/saba/.local/lib/python3.6/site-packages/airflow/example_dags/plugins/workday.py
[2022-06-17 22:30:27,127] {processor.py:171} INFO - Processing /home/saba/.local/lib/python3.6/site-packages/airflow/example_dags/plugins/workday.py took 0.056 seconds
[2022-06-17 22:31:10,779] {processor.py:163} INFO - Started process (PID=5056) to work on /home/saba/.local/lib/python3.6/site-packages/airflow/example_dags/plugins/workday.py
[2022-06-17 22:31:10,783] {processor.py:642} INFO - Processing file /home/saba/.local/lib/python3.6/site-packages/airflow/example_dags/plugins/workday.py for tasks to queue
[2022-06-17 22:31:10,784] {logging_mixin.py:109} INFO - [2022-06-17 22:31:10,784] {dagbag.py:500} INFO - Filling up the DagBag from /home/saba/.local/lib/python3.6/site-packages/airflow/example_dags/plugins/workday.py
[2022-06-17 22:31:10,789] {processor.py:654} WARNING - No viable dags retrieved from /home/saba/.local/lib/python3.6/site-packages/airflow/example_dags/plugins/workday.py
[2022-06-17 22:31:10,807] {processor.py:171} INFO - Processing /home/saba/.local/lib/python3.6/site-packages/airflow/example_dags/plugins/workday.py took 0.035 seconds
[2022-06-17 22:31:58,371] {processor.py:163} INFO - Started process (PID=5100) to work on /home/saba/.local/lib/python3.6/site-packages/airflow/example_dags/plugins/workday.py
[2022-06-17 22:31:58,373] {processor.py:642} INFO - Processing file /home/saba/.local/lib/python3.6/site-packages/airflow/example_dags/plugins/workday.py for tasks to queue
[2022-06-17 22:31:58,375] {logging_mixin.py:109} INFO - [2022-06-17 22:31:58,374] {dagbag.py:500} INFO - Filling up the DagBag from /home/saba/.local/lib/python3.6/site-packages/airflow/example_dags/plugins/workday.py
[2022-06-17 22:31:58,378] {processor.py:654} WARNING - No viable dags retrieved from /home/saba/.local/lib/python3.6/site-packages/airflow/example_dags/plugins/workday.py
[2022-06-17 22:31:58,391] {processor.py:171} INFO - Processing /home/saba/.local/lib/python3.6/site-packages/airflow/example_dags/plugins/workday.py took 0.025 seconds
[2022-06-17 22:32:46,085] {processor.py:163} INFO - Started process (PID=5350) to work on /home/saba/.local/lib/python3.6/site-packages/airflow/example_dags/plugins/workday.py
[2022-06-17 22:32:46,090] {processor.py:642} INFO - Processing file /home/saba/.local/lib/python3.6/site-packages/airflow/example_dags/plugins/workday.py for tasks to queue
[2022-06-17 22:32:46,094] {logging_mixin.py:109} INFO - [2022-06-17 22:32:46,094] {dagbag.py:500} INFO - Filling up the DagBag from /home/saba/.local/lib/python3.6/site-packages/airflow/example_dags/plugins/workday.py
[2022-06-17 22:32:46,108] {processor.py:654} WARNING - No viable dags retrieved from /home/saba/.local/lib/python3.6/site-packages/airflow/example_dags/plugins/workday.py
[2022-06-17 22:32:46,169] {processor.py:171} INFO - Processing /home/saba/.local/lib/python3.6/site-packages/airflow/example_dags/plugins/workday.py took 0.103 seconds
[2022-06-17 22:33:31,580] {processor.py:163} INFO - Started process (PID=5617) to work on /home/saba/.local/lib/python3.6/site-packages/airflow/example_dags/plugins/workday.py
[2022-06-17 22:33:31,583] {processor.py:642} INFO - Processing file /home/saba/.local/lib/python3.6/site-packages/airflow/example_dags/plugins/workday.py for tasks to queue
[2022-06-17 22:33:31,584] {logging_mixin.py:109} INFO - [2022-06-17 22:33:31,584] {dagbag.py:500} INFO - Filling up the DagBag from /home/saba/.local/lib/python3.6/site-packages/airflow/example_dags/plugins/workday.py
[2022-06-17 22:33:31,586] {processor.py:654} WARNING - No viable dags retrieved from /home/saba/.local/lib/python3.6/site-packages/airflow/example_dags/plugins/workday.py
[2022-06-17 22:33:31,594] {processor.py:171} INFO - Processing /home/saba/.local/lib/python3.6/site-packages/airflow/example_dags/plugins/workday.py took 0.017 seconds
[2022-06-17 22:34:13,393] {processor.py:163} INFO - Started process (PID=5673) to work on /home/saba/.local/lib/python3.6/site-packages/airflow/example_dags/plugins/workday.py
[2022-06-17 22:34:13,396] {processor.py:642} INFO - Processing file /home/saba/.local/lib/python3.6/site-packages/airflow/example_dags/plugins/workday.py for tasks to queue
[2022-06-17 22:34:13,397] {logging_mixin.py:109} INFO - [2022-06-17 22:34:13,396] {dagbag.py:500} INFO - Filling up the DagBag from /home/saba/.local/lib/python3.6/site-packages/airflow/example_dags/plugins/workday.py
[2022-06-17 22:34:13,399] {processor.py:654} WARNING - No viable dags retrieved from /home/saba/.local/lib/python3.6/site-packages/airflow/example_dags/plugins/workday.py
[2022-06-17 22:34:13,414] {processor.py:171} INFO - Processing /home/saba/.local/lib/python3.6/site-packages/airflow/example_dags/plugins/workday.py took 0.026 seconds
[2022-06-17 22:35:00,478] {processor.py:163} INFO - Started process (PID=5726) to work on /home/saba/.local/lib/python3.6/site-packages/airflow/example_dags/plugins/workday.py
[2022-06-17 22:35:00,491] {processor.py:642} INFO - Processing file /home/saba/.local/lib/python3.6/site-packages/airflow/example_dags/plugins/workday.py for tasks to queue
[2022-06-17 22:35:00,494] {logging_mixin.py:109} INFO - [2022-06-17 22:35:00,494] {dagbag.py:500} INFO - Filling up the DagBag from /home/saba/.local/lib/python3.6/site-packages/airflow/example_dags/plugins/workday.py
[2022-06-17 22:35:00,499] {processor.py:654} WARNING - No viable dags retrieved from /home/saba/.local/lib/python3.6/site-packages/airflow/example_dags/plugins/workday.py
[2022-06-17 22:35:00,524] {processor.py:171} INFO - Processing /home/saba/.local/lib/python3.6/site-packages/airflow/example_dags/plugins/workday.py took 0.055 seconds
[2022-06-17 22:35:44,131] {processor.py:163} INFO - Started process (PID=5779) to work on /home/saba/.local/lib/python3.6/site-packages/airflow/example_dags/plugins/workday.py
[2022-06-17 22:35:44,133] {processor.py:642} INFO - Processing file /home/saba/.local/lib/python3.6/site-packages/airflow/example_dags/plugins/workday.py for tasks to queue
[2022-06-17 22:35:44,134] {logging_mixin.py:109} INFO - [2022-06-17 22:35:44,134] {dagbag.py:500} INFO - Filling up the DagBag from /home/saba/.local/lib/python3.6/site-packages/airflow/example_dags/plugins/workday.py
[2022-06-17 22:35:44,137] {processor.py:654} WARNING - No viable dags retrieved from /home/saba/.local/lib/python3.6/site-packages/airflow/example_dags/plugins/workday.py
[2022-06-17 22:35:44,147] {processor.py:171} INFO - Processing /home/saba/.local/lib/python3.6/site-packages/airflow/example_dags/plugins/workday.py took 0.019 seconds
[2022-06-17 22:36:24,435] {processor.py:163} INFO - Started process (PID=5836) to work on /home/saba/.local/lib/python3.6/site-packages/airflow/example_dags/plugins/workday.py
[2022-06-17 22:36:24,439] {processor.py:642} INFO - Processing file /home/saba/.local/lib/python3.6/site-packages/airflow/example_dags/plugins/workday.py for tasks to queue
[2022-06-17 22:36:24,440] {logging_mixin.py:109} INFO - [2022-06-17 22:36:24,439] {dagbag.py:500} INFO - Filling up the DagBag from /home/saba/.local/lib/python3.6/site-packages/airflow/example_dags/plugins/workday.py
[2022-06-17 22:36:24,442] {processor.py:654} WARNING - No viable dags retrieved from /home/saba/.local/lib/python3.6/site-packages/airflow/example_dags/plugins/workday.py
[2022-06-17 22:36:24,451] {processor.py:171} INFO - Processing /home/saba/.local/lib/python3.6/site-packages/airflow/example_dags/plugins/workday.py took 0.019 seconds
[2022-06-17 22:37:06,786] {processor.py:163} INFO - Started process (PID=5889) to work on /home/saba/.local/lib/python3.6/site-packages/airflow/example_dags/plugins/workday.py
[2022-06-17 22:37:06,799] {processor.py:642} INFO - Processing file /home/saba/.local/lib/python3.6/site-packages/airflow/example_dags/plugins/workday.py for tasks to queue
[2022-06-17 22:37:06,801] {logging_mixin.py:109} INFO - [2022-06-17 22:37:06,800] {dagbag.py:500} INFO - Filling up the DagBag from /home/saba/.local/lib/python3.6/site-packages/airflow/example_dags/plugins/workday.py
[2022-06-17 22:37:06,816] {processor.py:654} WARNING - No viable dags retrieved from /home/saba/.local/lib/python3.6/site-packages/airflow/example_dags/plugins/workday.py
[2022-06-17 22:37:06,851] {processor.py:171} INFO - Processing /home/saba/.local/lib/python3.6/site-packages/airflow/example_dags/plugins/workday.py took 0.080 seconds
[2022-06-17 22:37:57,381] {processor.py:163} INFO - Started process (PID=5943) to work on /home/saba/.local/lib/python3.6/site-packages/airflow/example_dags/plugins/workday.py
[2022-06-17 22:37:57,385] {processor.py:642} INFO - Processing file /home/saba/.local/lib/python3.6/site-packages/airflow/example_dags/plugins/workday.py for tasks to queue
[2022-06-17 22:37:57,388] {logging_mixin.py:109} INFO - [2022-06-17 22:37:57,388] {dagbag.py:500} INFO - Filling up the DagBag from /home/saba/.local/lib/python3.6/site-packages/airflow/example_dags/plugins/workday.py
[2022-06-17 22:37:57,392] {processor.py:654} WARNING - No viable dags retrieved from /home/saba/.local/lib/python3.6/site-packages/airflow/example_dags/plugins/workday.py
[2022-06-17 22:37:57,411] {processor.py:171} INFO - Processing /home/saba/.local/lib/python3.6/site-packages/airflow/example_dags/plugins/workday.py took 0.037 seconds
[2022-06-17 22:38:39,486] {processor.py:163} INFO - Started process (PID=5997) to work on /home/saba/.local/lib/python3.6/site-packages/airflow/example_dags/plugins/workday.py
[2022-06-17 22:38:39,488] {processor.py:642} INFO - Processing file /home/saba/.local/lib/python3.6/site-packages/airflow/example_dags/plugins/workday.py for tasks to queue
[2022-06-17 22:38:39,489] {logging_mixin.py:109} INFO - [2022-06-17 22:38:39,489] {dagbag.py:500} INFO - Filling up the DagBag from /home/saba/.local/lib/python3.6/site-packages/airflow/example_dags/plugins/workday.py
[2022-06-17 22:38:39,491] {processor.py:654} WARNING - No viable dags retrieved from /home/saba/.local/lib/python3.6/site-packages/airflow/example_dags/plugins/workday.py
[2022-06-17 22:38:39,501] {processor.py:171} INFO - Processing /home/saba/.local/lib/python3.6/site-packages/airflow/example_dags/plugins/workday.py took 0.018 seconds
[2022-06-17 22:39:21,986] {processor.py:163} INFO - Started process (PID=6374) to work on /home/saba/.local/lib/python3.6/site-packages/airflow/example_dags/plugins/workday.py
[2022-06-17 22:39:21,997] {processor.py:642} INFO - Processing file /home/saba/.local/lib/python3.6/site-packages/airflow/example_dags/plugins/workday.py for tasks to queue
[2022-06-17 22:39:21,999] {logging_mixin.py:109} INFO - [2022-06-17 22:39:21,999] {dagbag.py:500} INFO - Filling up the DagBag from /home/saba/.local/lib/python3.6/site-packages/airflow/example_dags/plugins/workday.py
[2022-06-17 22:39:22,005] {processor.py:654} WARNING - No viable dags retrieved from /home/saba/.local/lib/python3.6/site-packages/airflow/example_dags/plugins/workday.py
[2022-06-17 22:39:22,071] {processor.py:171} INFO - Processing /home/saba/.local/lib/python3.6/site-packages/airflow/example_dags/plugins/workday.py took 0.095 seconds
[2022-06-17 22:40:15,334] {processor.py:163} INFO - Started process (PID=6815) to work on /home/saba/.local/lib/python3.6/site-packages/airflow/example_dags/plugins/workday.py
[2022-06-17 22:40:15,336] {processor.py:642} INFO - Processing file /home/saba/.local/lib/python3.6/site-packages/airflow/example_dags/plugins/workday.py for tasks to queue
[2022-06-17 22:40:15,337] {logging_mixin.py:109} INFO - [2022-06-17 22:40:15,337] {dagbag.py:500} INFO - Filling up the DagBag from /home/saba/.local/lib/python3.6/site-packages/airflow/example_dags/plugins/workday.py
[2022-06-17 22:40:15,339] {processor.py:654} WARNING - No viable dags retrieved from /home/saba/.local/lib/python3.6/site-packages/airflow/example_dags/plugins/workday.py
[2022-06-17 22:40:15,349] {processor.py:171} INFO - Processing /home/saba/.local/lib/python3.6/site-packages/airflow/example_dags/plugins/workday.py took 0.019 seconds
[2022-06-17 22:41:01,289] {processor.py:163} INFO - Started process (PID=6917) to work on /home/saba/.local/lib/python3.6/site-packages/airflow/example_dags/plugins/workday.py
[2022-06-17 22:41:01,290] {processor.py:642} INFO - Processing file /home/saba/.local/lib/python3.6/site-packages/airflow/example_dags/plugins/workday.py for tasks to queue
[2022-06-17 22:41:01,291] {logging_mixin.py:109} INFO - [2022-06-17 22:41:01,291] {dagbag.py:500} INFO - Filling up the DagBag from /home/saba/.local/lib/python3.6/site-packages/airflow/example_dags/plugins/workday.py
[2022-06-17 22:41:01,294] {processor.py:654} WARNING - No viable dags retrieved from /home/saba/.local/lib/python3.6/site-packages/airflow/example_dags/plugins/workday.py
[2022-06-17 22:41:01,302] {processor.py:171} INFO - Processing /home/saba/.local/lib/python3.6/site-packages/airflow/example_dags/plugins/workday.py took 0.016 seconds
[2022-06-17 22:41:39,121] {processor.py:163} INFO - Started process (PID=6973) to work on /home/saba/.local/lib/python3.6/site-packages/airflow/example_dags/plugins/workday.py
[2022-06-17 22:41:39,124] {processor.py:642} INFO - Processing file /home/saba/.local/lib/python3.6/site-packages/airflow/example_dags/plugins/workday.py for tasks to queue
[2022-06-17 22:41:39,125] {logging_mixin.py:109} INFO - [2022-06-17 22:41:39,125] {dagbag.py:500} INFO - Filling up the DagBag from /home/saba/.local/lib/python3.6/site-packages/airflow/example_dags/plugins/workday.py
[2022-06-17 22:41:39,128] {processor.py:654} WARNING - No viable dags retrieved from /home/saba/.local/lib/python3.6/site-packages/airflow/example_dags/plugins/workday.py
[2022-06-17 22:41:39,143] {processor.py:171} INFO - Processing /home/saba/.local/lib/python3.6/site-packages/airflow/example_dags/plugins/workday.py took 0.027 seconds
[2022-06-17 22:42:17,555] {processor.py:163} INFO - Started process (PID=7581) to work on /home/saba/.local/lib/python3.6/site-packages/airflow/example_dags/plugins/workday.py
[2022-06-17 22:42:17,559] {processor.py:642} INFO - Processing file /home/saba/.local/lib/python3.6/site-packages/airflow/example_dags/plugins/workday.py for tasks to queue
[2022-06-17 22:42:17,560] {logging_mixin.py:109} INFO - [2022-06-17 22:42:17,560] {dagbag.py:500} INFO - Filling up the DagBag from /home/saba/.local/lib/python3.6/site-packages/airflow/example_dags/plugins/workday.py
[2022-06-17 22:42:17,565] {processor.py:654} WARNING - No viable dags retrieved from /home/saba/.local/lib/python3.6/site-packages/airflow/example_dags/plugins/workday.py
[2022-06-17 22:42:17,585] {processor.py:171} INFO - Processing /home/saba/.local/lib/python3.6/site-packages/airflow/example_dags/plugins/workday.py took 0.038 seconds
[2022-06-17 22:43:07,972] {processor.py:163} INFO - Started process (PID=7924) to work on /home/saba/.local/lib/python3.6/site-packages/airflow/example_dags/plugins/workday.py
[2022-06-17 22:43:07,977] {processor.py:642} INFO - Processing file /home/saba/.local/lib/python3.6/site-packages/airflow/example_dags/plugins/workday.py for tasks to queue
[2022-06-17 22:43:07,979] {logging_mixin.py:109} INFO - [2022-06-17 22:43:07,978] {dagbag.py:500} INFO - Filling up the DagBag from /home/saba/.local/lib/python3.6/site-packages/airflow/example_dags/plugins/workday.py
[2022-06-17 22:43:07,983] {processor.py:654} WARNING - No viable dags retrieved from /home/saba/.local/lib/python3.6/site-packages/airflow/example_dags/plugins/workday.py
[2022-06-17 22:43:08,006] {processor.py:171} INFO - Processing /home/saba/.local/lib/python3.6/site-packages/airflow/example_dags/plugins/workday.py took 0.046 seconds
[2022-06-17 22:43:55,367] {processor.py:163} INFO - Started process (PID=8396) to work on /home/saba/.local/lib/python3.6/site-packages/airflow/example_dags/plugins/workday.py
[2022-06-17 22:43:55,370] {processor.py:642} INFO - Processing file /home/saba/.local/lib/python3.6/site-packages/airflow/example_dags/plugins/workday.py for tasks to queue
[2022-06-17 22:43:55,372] {logging_mixin.py:109} INFO - [2022-06-17 22:43:55,371] {dagbag.py:500} INFO - Filling up the DagBag from /home/saba/.local/lib/python3.6/site-packages/airflow/example_dags/plugins/workday.py
[2022-06-17 22:43:55,377] {processor.py:654} WARNING - No viable dags retrieved from /home/saba/.local/lib/python3.6/site-packages/airflow/example_dags/plugins/workday.py
[2022-06-17 22:43:55,398] {processor.py:171} INFO - Processing /home/saba/.local/lib/python3.6/site-packages/airflow/example_dags/plugins/workday.py took 0.038 seconds
[2022-06-17 22:45:06,970] {processor.py:163} INFO - Started process (PID=8546) to work on /home/saba/.local/lib/python3.6/site-packages/airflow/example_dags/plugins/workday.py
[2022-06-17 22:45:06,974] {processor.py:642} INFO - Processing file /home/saba/.local/lib/python3.6/site-packages/airflow/example_dags/plugins/workday.py for tasks to queue
[2022-06-17 22:45:06,977] {logging_mixin.py:109} INFO - [2022-06-17 22:45:06,977] {dagbag.py:500} INFO - Filling up the DagBag from /home/saba/.local/lib/python3.6/site-packages/airflow/example_dags/plugins/workday.py
[2022-06-17 22:45:06,993] {processor.py:654} WARNING - No viable dags retrieved from /home/saba/.local/lib/python3.6/site-packages/airflow/example_dags/plugins/workday.py
[2022-06-17 22:45:07,034] {processor.py:171} INFO - Processing /home/saba/.local/lib/python3.6/site-packages/airflow/example_dags/plugins/workday.py took 0.079 seconds
[2022-06-17 22:45:53,442] {processor.py:163} INFO - Started process (PID=8952) to work on /home/saba/.local/lib/python3.6/site-packages/airflow/example_dags/plugins/workday.py
[2022-06-17 22:45:53,444] {processor.py:642} INFO - Processing file /home/saba/.local/lib/python3.6/site-packages/airflow/example_dags/plugins/workday.py for tasks to queue
[2022-06-17 22:45:53,445] {logging_mixin.py:109} INFO - [2022-06-17 22:45:53,445] {dagbag.py:500} INFO - Filling up the DagBag from /home/saba/.local/lib/python3.6/site-packages/airflow/example_dags/plugins/workday.py
[2022-06-17 22:45:53,447] {processor.py:654} WARNING - No viable dags retrieved from /home/saba/.local/lib/python3.6/site-packages/airflow/example_dags/plugins/workday.py
[2022-06-17 22:45:53,458] {processor.py:171} INFO - Processing /home/saba/.local/lib/python3.6/site-packages/airflow/example_dags/plugins/workday.py took 0.019 seconds
[2022-06-17 22:48:15,749] {processor.py:163} INFO - Started process (PID=10405) to work on /home/saba/.local/lib/python3.6/site-packages/airflow/example_dags/plugins/workday.py
[2022-06-17 22:48:15,751] {processor.py:642} INFO - Processing file /home/saba/.local/lib/python3.6/site-packages/airflow/example_dags/plugins/workday.py for tasks to queue
[2022-06-17 22:48:15,752] {logging_mixin.py:109} INFO - [2022-06-17 22:48:15,752] {dagbag.py:500} INFO - Filling up the DagBag from /home/saba/.local/lib/python3.6/site-packages/airflow/example_dags/plugins/workday.py
[2022-06-17 22:48:15,754] {processor.py:654} WARNING - No viable dags retrieved from /home/saba/.local/lib/python3.6/site-packages/airflow/example_dags/plugins/workday.py
[2022-06-17 22:48:15,763] {processor.py:171} INFO - Processing /home/saba/.local/lib/python3.6/site-packages/airflow/example_dags/plugins/workday.py took 0.017 seconds
[2022-06-17 22:49:00,745] {processor.py:163} INFO - Started process (PID=10612) to work on /home/saba/.local/lib/python3.6/site-packages/airflow/example_dags/plugins/workday.py
[2022-06-17 22:49:00,746] {processor.py:642} INFO - Processing file /home/saba/.local/lib/python3.6/site-packages/airflow/example_dags/plugins/workday.py for tasks to queue
[2022-06-17 22:49:00,747] {logging_mixin.py:109} INFO - [2022-06-17 22:49:00,747] {dagbag.py:500} INFO - Filling up the DagBag from /home/saba/.local/lib/python3.6/site-packages/airflow/example_dags/plugins/workday.py
[2022-06-17 22:49:00,749] {processor.py:654} WARNING - No viable dags retrieved from /home/saba/.local/lib/python3.6/site-packages/airflow/example_dags/plugins/workday.py
[2022-06-17 22:49:00,756] {processor.py:171} INFO - Processing /home/saba/.local/lib/python3.6/site-packages/airflow/example_dags/plugins/workday.py took 0.013 seconds
[2022-06-17 22:50:18,386] {processor.py:163} INFO - Started process (PID=11167) to work on /home/saba/.local/lib/python3.6/site-packages/airflow/example_dags/plugins/workday.py
[2022-06-17 22:50:18,396] {processor.py:642} INFO - Processing file /home/saba/.local/lib/python3.6/site-packages/airflow/example_dags/plugins/workday.py for tasks to queue
[2022-06-17 22:50:18,397] {logging_mixin.py:109} INFO - [2022-06-17 22:50:18,397] {dagbag.py:500} INFO - Filling up the DagBag from /home/saba/.local/lib/python3.6/site-packages/airflow/example_dags/plugins/workday.py
[2022-06-17 22:50:18,400] {processor.py:654} WARNING - No viable dags retrieved from /home/saba/.local/lib/python3.6/site-packages/airflow/example_dags/plugins/workday.py
[2022-06-17 22:50:18,409] {processor.py:171} INFO - Processing /home/saba/.local/lib/python3.6/site-packages/airflow/example_dags/plugins/workday.py took 0.027 seconds
[2022-06-17 22:51:00,033] {processor.py:163} INFO - Started process (PID=11365) to work on /home/saba/.local/lib/python3.6/site-packages/airflow/example_dags/plugins/workday.py
[2022-06-17 22:51:00,035] {processor.py:642} INFO - Processing file /home/saba/.local/lib/python3.6/site-packages/airflow/example_dags/plugins/workday.py for tasks to queue
[2022-06-17 22:51:00,036] {logging_mixin.py:109} INFO - [2022-06-17 22:51:00,035] {dagbag.py:500} INFO - Filling up the DagBag from /home/saba/.local/lib/python3.6/site-packages/airflow/example_dags/plugins/workday.py
[2022-06-17 22:51:00,037] {processor.py:654} WARNING - No viable dags retrieved from /home/saba/.local/lib/python3.6/site-packages/airflow/example_dags/plugins/workday.py
[2022-06-17 22:51:00,045] {processor.py:171} INFO - Processing /home/saba/.local/lib/python3.6/site-packages/airflow/example_dags/plugins/workday.py took 0.015 seconds
[2022-06-17 22:51:59,656] {processor.py:163} INFO - Started process (PID=11575) to work on /home/saba/.local/lib/python3.6/site-packages/airflow/example_dags/plugins/workday.py
[2022-06-17 22:51:59,657] {processor.py:642} INFO - Processing file /home/saba/.local/lib/python3.6/site-packages/airflow/example_dags/plugins/workday.py for tasks to queue
[2022-06-17 22:51:59,658] {logging_mixin.py:109} INFO - [2022-06-17 22:51:59,657] {dagbag.py:500} INFO - Filling up the DagBag from /home/saba/.local/lib/python3.6/site-packages/airflow/example_dags/plugins/workday.py
[2022-06-17 22:51:59,659] {processor.py:654} WARNING - No viable dags retrieved from /home/saba/.local/lib/python3.6/site-packages/airflow/example_dags/plugins/workday.py
[2022-06-17 22:51:59,666] {processor.py:171} INFO - Processing /home/saba/.local/lib/python3.6/site-packages/airflow/example_dags/plugins/workday.py took 0.013 seconds
[2022-06-17 22:53:01,399] {processor.py:163} INFO - Started process (PID=11952) to work on /home/saba/.local/lib/python3.6/site-packages/airflow/example_dags/plugins/workday.py
[2022-06-17 22:53:01,403] {processor.py:642} INFO - Processing file /home/saba/.local/lib/python3.6/site-packages/airflow/example_dags/plugins/workday.py for tasks to queue
[2022-06-17 22:53:01,404] {logging_mixin.py:109} INFO - [2022-06-17 22:53:01,404] {dagbag.py:500} INFO - Filling up the DagBag from /home/saba/.local/lib/python3.6/site-packages/airflow/example_dags/plugins/workday.py
[2022-06-17 22:53:01,406] {processor.py:654} WARNING - No viable dags retrieved from /home/saba/.local/lib/python3.6/site-packages/airflow/example_dags/plugins/workday.py
[2022-06-17 22:53:01,413] {processor.py:171} INFO - Processing /home/saba/.local/lib/python3.6/site-packages/airflow/example_dags/plugins/workday.py took 0.016 seconds
[2022-06-17 22:53:46,948] {processor.py:163} INFO - Started process (PID=12517) to work on /home/saba/.local/lib/python3.6/site-packages/airflow/example_dags/plugins/workday.py
[2022-06-17 22:53:46,949] {processor.py:642} INFO - Processing file /home/saba/.local/lib/python3.6/site-packages/airflow/example_dags/plugins/workday.py for tasks to queue
[2022-06-17 22:53:46,950] {logging_mixin.py:109} INFO - [2022-06-17 22:53:46,950] {dagbag.py:500} INFO - Filling up the DagBag from /home/saba/.local/lib/python3.6/site-packages/airflow/example_dags/plugins/workday.py
[2022-06-17 22:53:46,951] {processor.py:654} WARNING - No viable dags retrieved from /home/saba/.local/lib/python3.6/site-packages/airflow/example_dags/plugins/workday.py
[2022-06-17 22:53:46,959] {processor.py:171} INFO - Processing /home/saba/.local/lib/python3.6/site-packages/airflow/example_dags/plugins/workday.py took 0.014 seconds
[2022-06-17 22:54:30,098] {processor.py:163} INFO - Started process (PID=12725) to work on /home/saba/.local/lib/python3.6/site-packages/airflow/example_dags/plugins/workday.py
[2022-06-17 22:54:30,108] {processor.py:642} INFO - Processing file /home/saba/.local/lib/python3.6/site-packages/airflow/example_dags/plugins/workday.py for tasks to queue
[2022-06-17 22:54:30,109] {logging_mixin.py:109} INFO - [2022-06-17 22:54:30,109] {dagbag.py:500} INFO - Filling up the DagBag from /home/saba/.local/lib/python3.6/site-packages/airflow/example_dags/plugins/workday.py
[2022-06-17 22:54:30,112] {processor.py:654} WARNING - No viable dags retrieved from /home/saba/.local/lib/python3.6/site-packages/airflow/example_dags/plugins/workday.py
[2022-06-17 22:54:30,195] {processor.py:171} INFO - Processing /home/saba/.local/lib/python3.6/site-packages/airflow/example_dags/plugins/workday.py took 0.101 seconds
