[2022-06-17 22:07:16,343] {processor.py:163} INFO - Started process (PID=1663) to work on /home/saba/.local/lib/python3.6/site-packages/airflow/example_dags/subdags/subdag.py
[2022-06-17 22:07:16,348] {processor.py:642} INFO - Processing file /home/saba/.local/lib/python3.6/site-packages/airflow/example_dags/subdags/subdag.py for tasks to queue
[2022-06-17 22:07:16,357] {logging_mixin.py:109} INFO - [2022-06-17 22:07:16,351] {dagbag.py:500} INFO - Filling up the DagBag from /home/saba/.local/lib/python3.6/site-packages/airflow/example_dags/subdags/subdag.py
[2022-06-17 22:07:16,372] {processor.py:654} WARNING - No viable dags retrieved from /home/saba/.local/lib/python3.6/site-packages/airflow/example_dags/subdags/subdag.py
[2022-06-17 22:07:16,414] {processor.py:171} INFO - Processing /home/saba/.local/lib/python3.6/site-packages/airflow/example_dags/subdags/subdag.py took 0.086 seconds
[2022-06-17 22:08:09,962] {processor.py:163} INFO - Started process (PID=1909) to work on /home/saba/.local/lib/python3.6/site-packages/airflow/example_dags/subdags/subdag.py
[2022-06-17 22:08:09,966] {processor.py:642} INFO - Processing file /home/saba/.local/lib/python3.6/site-packages/airflow/example_dags/subdags/subdag.py for tasks to queue
[2022-06-17 22:08:09,967] {logging_mixin.py:109} INFO - [2022-06-17 22:08:09,967] {dagbag.py:500} INFO - Filling up the DagBag from /home/saba/.local/lib/python3.6/site-packages/airflow/example_dags/subdags/subdag.py
[2022-06-17 22:08:09,973] {processor.py:654} WARNING - No viable dags retrieved from /home/saba/.local/lib/python3.6/site-packages/airflow/example_dags/subdags/subdag.py
[2022-06-17 22:08:09,992] {processor.py:171} INFO - Processing /home/saba/.local/lib/python3.6/site-packages/airflow/example_dags/subdags/subdag.py took 0.036 seconds
[2022-06-17 22:08:57,619] {processor.py:163} INFO - Started process (PID=2136) to work on /home/saba/.local/lib/python3.6/site-packages/airflow/example_dags/subdags/subdag.py
[2022-06-17 22:08:57,622] {processor.py:642} INFO - Processing file /home/saba/.local/lib/python3.6/site-packages/airflow/example_dags/subdags/subdag.py for tasks to queue
[2022-06-17 22:08:57,623] {logging_mixin.py:109} INFO - [2022-06-17 22:08:57,623] {dagbag.py:500} INFO - Filling up the DagBag from /home/saba/.local/lib/python3.6/site-packages/airflow/example_dags/subdags/subdag.py
[2022-06-17 22:08:57,628] {processor.py:654} WARNING - No viable dags retrieved from /home/saba/.local/lib/python3.6/site-packages/airflow/example_dags/subdags/subdag.py
[2022-06-17 22:08:57,645] {processor.py:171} INFO - Processing /home/saba/.local/lib/python3.6/site-packages/airflow/example_dags/subdags/subdag.py took 0.035 seconds
[2022-06-17 22:10:01,261] {processor.py:163} INFO - Started process (PID=2419) to work on /home/saba/.local/lib/python3.6/site-packages/airflow/example_dags/subdags/subdag.py
[2022-06-17 22:10:01,266] {processor.py:642} INFO - Processing file /home/saba/.local/lib/python3.6/site-packages/airflow/example_dags/subdags/subdag.py for tasks to queue
[2022-06-17 22:10:01,268] {logging_mixin.py:109} INFO - [2022-06-17 22:10:01,267] {dagbag.py:500} INFO - Filling up the DagBag from /home/saba/.local/lib/python3.6/site-packages/airflow/example_dags/subdags/subdag.py
[2022-06-17 22:10:01,278] {processor.py:654} WARNING - No viable dags retrieved from /home/saba/.local/lib/python3.6/site-packages/airflow/example_dags/subdags/subdag.py
[2022-06-17 22:10:01,301] {processor.py:171} INFO - Processing /home/saba/.local/lib/python3.6/site-packages/airflow/example_dags/subdags/subdag.py took 0.051 seconds
[2022-06-17 22:18:11,884] {processor.py:163} INFO - Started process (PID=171) to work on /home/saba/.local/lib/python3.6/site-packages/airflow/example_dags/subdags/subdag.py
[2022-06-17 22:18:11,886] {processor.py:642} INFO - Processing file /home/saba/.local/lib/python3.6/site-packages/airflow/example_dags/subdags/subdag.py for tasks to queue
[2022-06-17 22:18:11,886] {logging_mixin.py:109} INFO - [2022-06-17 22:18:11,886] {dagbag.py:500} INFO - Filling up the DagBag from /home/saba/.local/lib/python3.6/site-packages/airflow/example_dags/subdags/subdag.py
[2022-06-17 22:18:11,889] {processor.py:654} WARNING - No viable dags retrieved from /home/saba/.local/lib/python3.6/site-packages/airflow/example_dags/subdags/subdag.py
[2022-06-17 22:18:11,895] {processor.py:171} INFO - Processing /home/saba/.local/lib/python3.6/site-packages/airflow/example_dags/subdags/subdag.py took 0.012 seconds
[2022-06-17 22:18:59,465] {processor.py:163} INFO - Started process (PID=269) to work on /home/saba/.local/lib/python3.6/site-packages/airflow/example_dags/subdags/subdag.py
[2022-06-17 22:18:59,470] {processor.py:642} INFO - Processing file /home/saba/.local/lib/python3.6/site-packages/airflow/example_dags/subdags/subdag.py for tasks to queue
[2022-06-17 22:18:59,472] {logging_mixin.py:109} INFO - [2022-06-17 22:18:59,471] {dagbag.py:500} INFO - Filling up the DagBag from /home/saba/.local/lib/python3.6/site-packages/airflow/example_dags/subdags/subdag.py
[2022-06-17 22:18:59,478] {processor.py:654} WARNING - No viable dags retrieved from /home/saba/.local/lib/python3.6/site-packages/airflow/example_dags/subdags/subdag.py
[2022-06-17 22:18:59,496] {processor.py:171} INFO - Processing /home/saba/.local/lib/python3.6/site-packages/airflow/example_dags/subdags/subdag.py took 0.038 seconds
[2022-06-17 22:19:51,666] {processor.py:163} INFO - Started process (PID=3499) to work on /home/saba/.local/lib/python3.6/site-packages/airflow/example_dags/subdags/subdag.py
[2022-06-17 22:19:51,668] {processor.py:642} INFO - Processing file /home/saba/.local/lib/python3.6/site-packages/airflow/example_dags/subdags/subdag.py for tasks to queue
[2022-06-17 22:19:51,668] {logging_mixin.py:109} INFO - [2022-06-17 22:19:51,668] {dagbag.py:500} INFO - Filling up the DagBag from /home/saba/.local/lib/python3.6/site-packages/airflow/example_dags/subdags/subdag.py
[2022-06-17 22:19:51,672] {processor.py:654} WARNING - No viable dags retrieved from /home/saba/.local/lib/python3.6/site-packages/airflow/example_dags/subdags/subdag.py
[2022-06-17 22:19:51,681] {processor.py:171} INFO - Processing /home/saba/.local/lib/python3.6/site-packages/airflow/example_dags/subdags/subdag.py took 0.018 seconds
[2022-06-17 22:20:29,873] {processor.py:163} INFO - Started process (PID=3553) to work on /home/saba/.local/lib/python3.6/site-packages/airflow/example_dags/subdags/subdag.py
[2022-06-17 22:20:29,875] {processor.py:642} INFO - Processing file /home/saba/.local/lib/python3.6/site-packages/airflow/example_dags/subdags/subdag.py for tasks to queue
[2022-06-17 22:20:29,875] {logging_mixin.py:109} INFO - [2022-06-17 22:20:29,875] {dagbag.py:500} INFO - Filling up the DagBag from /home/saba/.local/lib/python3.6/site-packages/airflow/example_dags/subdags/subdag.py
[2022-06-17 22:20:29,879] {processor.py:654} WARNING - No viable dags retrieved from /home/saba/.local/lib/python3.6/site-packages/airflow/example_dags/subdags/subdag.py
[2022-06-17 22:20:29,887] {processor.py:171} INFO - Processing /home/saba/.local/lib/python3.6/site-packages/airflow/example_dags/subdags/subdag.py took 0.018 seconds
[2022-06-17 22:21:07,028] {processor.py:163} INFO - Started process (PID=3605) to work on /home/saba/.local/lib/python3.6/site-packages/airflow/example_dags/subdags/subdag.py
[2022-06-17 22:21:07,030] {processor.py:642} INFO - Processing file /home/saba/.local/lib/python3.6/site-packages/airflow/example_dags/subdags/subdag.py for tasks to queue
[2022-06-17 22:21:07,030] {logging_mixin.py:109} INFO - [2022-06-17 22:21:07,030] {dagbag.py:500} INFO - Filling up the DagBag from /home/saba/.local/lib/python3.6/site-packages/airflow/example_dags/subdags/subdag.py
[2022-06-17 22:21:07,033] {processor.py:654} WARNING - No viable dags retrieved from /home/saba/.local/lib/python3.6/site-packages/airflow/example_dags/subdags/subdag.py
[2022-06-17 22:21:07,045] {processor.py:171} INFO - Processing /home/saba/.local/lib/python3.6/site-packages/airflow/example_dags/subdags/subdag.py took 0.020 seconds
[2022-06-17 22:21:44,081] {processor.py:163} INFO - Started process (PID=3667) to work on /home/saba/.local/lib/python3.6/site-packages/airflow/example_dags/subdags/subdag.py
[2022-06-17 22:21:44,083] {processor.py:642} INFO - Processing file /home/saba/.local/lib/python3.6/site-packages/airflow/example_dags/subdags/subdag.py for tasks to queue
[2022-06-17 22:21:44,084] {logging_mixin.py:109} INFO - [2022-06-17 22:21:44,083] {dagbag.py:500} INFO - Filling up the DagBag from /home/saba/.local/lib/python3.6/site-packages/airflow/example_dags/subdags/subdag.py
[2022-06-17 22:21:44,087] {processor.py:654} WARNING - No viable dags retrieved from /home/saba/.local/lib/python3.6/site-packages/airflow/example_dags/subdags/subdag.py
[2022-06-17 22:21:44,096] {processor.py:171} INFO - Processing /home/saba/.local/lib/python3.6/site-packages/airflow/example_dags/subdags/subdag.py took 0.018 seconds
[2022-06-17 22:22:19,262] {processor.py:163} INFO - Started process (PID=3725) to work on /home/saba/.local/lib/python3.6/site-packages/airflow/example_dags/subdags/subdag.py
[2022-06-17 22:22:19,264] {processor.py:642} INFO - Processing file /home/saba/.local/lib/python3.6/site-packages/airflow/example_dags/subdags/subdag.py for tasks to queue
[2022-06-17 22:22:19,265] {logging_mixin.py:109} INFO - [2022-06-17 22:22:19,265] {dagbag.py:500} INFO - Filling up the DagBag from /home/saba/.local/lib/python3.6/site-packages/airflow/example_dags/subdags/subdag.py
[2022-06-17 22:22:19,269] {processor.py:654} WARNING - No viable dags retrieved from /home/saba/.local/lib/python3.6/site-packages/airflow/example_dags/subdags/subdag.py
[2022-06-17 22:22:19,280] {processor.py:171} INFO - Processing /home/saba/.local/lib/python3.6/site-packages/airflow/example_dags/subdags/subdag.py took 0.023 seconds
[2022-06-17 22:22:56,572] {processor.py:163} INFO - Started process (PID=3776) to work on /home/saba/.local/lib/python3.6/site-packages/airflow/example_dags/subdags/subdag.py
[2022-06-17 22:22:56,573] {processor.py:642} INFO - Processing file /home/saba/.local/lib/python3.6/site-packages/airflow/example_dags/subdags/subdag.py for tasks to queue
[2022-06-17 22:22:56,574] {logging_mixin.py:109} INFO - [2022-06-17 22:22:56,574] {dagbag.py:500} INFO - Filling up the DagBag from /home/saba/.local/lib/python3.6/site-packages/airflow/example_dags/subdags/subdag.py
[2022-06-17 22:22:56,577] {processor.py:654} WARNING - No viable dags retrieved from /home/saba/.local/lib/python3.6/site-packages/airflow/example_dags/subdags/subdag.py
[2022-06-17 22:22:56,587] {processor.py:171} INFO - Processing /home/saba/.local/lib/python3.6/site-packages/airflow/example_dags/subdags/subdag.py took 0.018 seconds
[2022-06-17 22:23:31,953] {processor.py:163} INFO - Started process (PID=3829) to work on /home/saba/.local/lib/python3.6/site-packages/airflow/example_dags/subdags/subdag.py
[2022-06-17 22:23:31,955] {processor.py:642} INFO - Processing file /home/saba/.local/lib/python3.6/site-packages/airflow/example_dags/subdags/subdag.py for tasks to queue
[2022-06-17 22:23:31,956] {logging_mixin.py:109} INFO - [2022-06-17 22:23:31,956] {dagbag.py:500} INFO - Filling up the DagBag from /home/saba/.local/lib/python3.6/site-packages/airflow/example_dags/subdags/subdag.py
[2022-06-17 22:23:31,959] {processor.py:654} WARNING - No viable dags retrieved from /home/saba/.local/lib/python3.6/site-packages/airflow/example_dags/subdags/subdag.py
[2022-06-17 22:23:31,969] {processor.py:171} INFO - Processing /home/saba/.local/lib/python3.6/site-packages/airflow/example_dags/subdags/subdag.py took 0.020 seconds
[2022-06-17 22:24:09,986] {processor.py:163} INFO - Started process (PID=3940) to work on /home/saba/.local/lib/python3.6/site-packages/airflow/example_dags/subdags/subdag.py
[2022-06-17 22:24:09,988] {processor.py:642} INFO - Processing file /home/saba/.local/lib/python3.6/site-packages/airflow/example_dags/subdags/subdag.py for tasks to queue
[2022-06-17 22:24:09,988] {logging_mixin.py:109} INFO - [2022-06-17 22:24:09,988] {dagbag.py:500} INFO - Filling up the DagBag from /home/saba/.local/lib/python3.6/site-packages/airflow/example_dags/subdags/subdag.py
[2022-06-17 22:24:09,991] {processor.py:654} WARNING - No viable dags retrieved from /home/saba/.local/lib/python3.6/site-packages/airflow/example_dags/subdags/subdag.py
[2022-06-17 22:24:09,999] {processor.py:171} INFO - Processing /home/saba/.local/lib/python3.6/site-packages/airflow/example_dags/subdags/subdag.py took 0.016 seconds
[2022-06-17 22:24:45,417] {processor.py:163} INFO - Started process (PID=3994) to work on /home/saba/.local/lib/python3.6/site-packages/airflow/example_dags/subdags/subdag.py
[2022-06-17 22:24:45,419] {processor.py:642} INFO - Processing file /home/saba/.local/lib/python3.6/site-packages/airflow/example_dags/subdags/subdag.py for tasks to queue
[2022-06-17 22:24:45,420] {logging_mixin.py:109} INFO - [2022-06-17 22:24:45,420] {dagbag.py:500} INFO - Filling up the DagBag from /home/saba/.local/lib/python3.6/site-packages/airflow/example_dags/subdags/subdag.py
[2022-06-17 22:24:45,423] {processor.py:654} WARNING - No viable dags retrieved from /home/saba/.local/lib/python3.6/site-packages/airflow/example_dags/subdags/subdag.py
[2022-06-17 22:24:45,433] {processor.py:171} INFO - Processing /home/saba/.local/lib/python3.6/site-packages/airflow/example_dags/subdags/subdag.py took 0.019 seconds
[2022-06-17 22:25:31,823] {processor.py:163} INFO - Started process (PID=4047) to work on /home/saba/.local/lib/python3.6/site-packages/airflow/example_dags/subdags/subdag.py
[2022-06-17 22:25:31,827] {processor.py:642} INFO - Processing file /home/saba/.local/lib/python3.6/site-packages/airflow/example_dags/subdags/subdag.py for tasks to queue
[2022-06-17 22:25:31,828] {logging_mixin.py:109} INFO - [2022-06-17 22:25:31,828] {dagbag.py:500} INFO - Filling up the DagBag from /home/saba/.local/lib/python3.6/site-packages/airflow/example_dags/subdags/subdag.py
[2022-06-17 22:25:31,835] {processor.py:654} WARNING - No viable dags retrieved from /home/saba/.local/lib/python3.6/site-packages/airflow/example_dags/subdags/subdag.py
[2022-06-17 22:25:31,853] {processor.py:171} INFO - Processing /home/saba/.local/lib/python3.6/site-packages/airflow/example_dags/subdags/subdag.py took 0.038 seconds
[2022-06-17 22:26:26,583] {processor.py:163} INFO - Started process (PID=4408) to work on /home/saba/.local/lib/python3.6/site-packages/airflow/example_dags/subdags/subdag.py
[2022-06-17 22:26:26,586] {processor.py:642} INFO - Processing file /home/saba/.local/lib/python3.6/site-packages/airflow/example_dags/subdags/subdag.py for tasks to queue
[2022-06-17 22:26:26,588] {logging_mixin.py:109} INFO - [2022-06-17 22:26:26,588] {dagbag.py:500} INFO - Filling up the DagBag from /home/saba/.local/lib/python3.6/site-packages/airflow/example_dags/subdags/subdag.py
[2022-06-17 22:26:26,596] {processor.py:654} WARNING - No viable dags retrieved from /home/saba/.local/lib/python3.6/site-packages/airflow/example_dags/subdags/subdag.py
[2022-06-17 22:26:26,624] {processor.py:171} INFO - Processing /home/saba/.local/lib/python3.6/site-packages/airflow/example_dags/subdags/subdag.py took 0.047 seconds
[2022-06-17 22:27:20,808] {processor.py:163} INFO - Started process (PID=4490) to work on /home/saba/.local/lib/python3.6/site-packages/airflow/example_dags/subdags/subdag.py
[2022-06-17 22:27:20,813] {processor.py:642} INFO - Processing file /home/saba/.local/lib/python3.6/site-packages/airflow/example_dags/subdags/subdag.py for tasks to queue
[2022-06-17 22:27:20,815] {logging_mixin.py:109} INFO - [2022-06-17 22:27:20,815] {dagbag.py:500} INFO - Filling up the DagBag from /home/saba/.local/lib/python3.6/site-packages/airflow/example_dags/subdags/subdag.py
[2022-06-17 22:27:20,824] {processor.py:654} WARNING - No viable dags retrieved from /home/saba/.local/lib/python3.6/site-packages/airflow/example_dags/subdags/subdag.py
[2022-06-17 22:27:20,859] {processor.py:171} INFO - Processing /home/saba/.local/lib/python3.6/site-packages/airflow/example_dags/subdags/subdag.py took 0.066 seconds
[2022-06-17 22:28:25,244] {processor.py:163} INFO - Started process (PID=4565) to work on /home/saba/.local/lib/python3.6/site-packages/airflow/example_dags/subdags/subdag.py
[2022-06-17 22:28:25,255] {processor.py:642} INFO - Processing file /home/saba/.local/lib/python3.6/site-packages/airflow/example_dags/subdags/subdag.py for tasks to queue
[2022-06-17 22:28:25,259] {logging_mixin.py:109} INFO - [2022-06-17 22:28:25,258] {dagbag.py:500} INFO - Filling up the DagBag from /home/saba/.local/lib/python3.6/site-packages/airflow/example_dags/subdags/subdag.py
[2022-06-17 22:28:25,271] {processor.py:654} WARNING - No viable dags retrieved from /home/saba/.local/lib/python3.6/site-packages/airflow/example_dags/subdags/subdag.py
[2022-06-17 22:28:25,308] {processor.py:171} INFO - Processing /home/saba/.local/lib/python3.6/site-packages/airflow/example_dags/subdags/subdag.py took 0.076 seconds
[2022-06-17 22:29:27,212] {processor.py:163} INFO - Started process (PID=4624) to work on /home/saba/.local/lib/python3.6/site-packages/airflow/example_dags/subdags/subdag.py
[2022-06-17 22:29:27,219] {processor.py:642} INFO - Processing file /home/saba/.local/lib/python3.6/site-packages/airflow/example_dags/subdags/subdag.py for tasks to queue
[2022-06-17 22:29:27,223] {logging_mixin.py:109} INFO - [2022-06-17 22:29:27,223] {dagbag.py:500} INFO - Filling up the DagBag from /home/saba/.local/lib/python3.6/site-packages/airflow/example_dags/subdags/subdag.py
[2022-06-17 22:29:27,241] {processor.py:654} WARNING - No viable dags retrieved from /home/saba/.local/lib/python3.6/site-packages/airflow/example_dags/subdags/subdag.py
[2022-06-17 22:29:27,308] {processor.py:171} INFO - Processing /home/saba/.local/lib/python3.6/site-packages/airflow/example_dags/subdags/subdag.py took 0.114 seconds
[2022-06-17 22:30:25,887] {processor.py:163} INFO - Started process (PID=4968) to work on /home/saba/.local/lib/python3.6/site-packages/airflow/example_dags/subdags/subdag.py
[2022-06-17 22:30:25,891] {processor.py:642} INFO - Processing file /home/saba/.local/lib/python3.6/site-packages/airflow/example_dags/subdags/subdag.py for tasks to queue
[2022-06-17 22:30:25,893] {logging_mixin.py:109} INFO - [2022-06-17 22:30:25,893] {dagbag.py:500} INFO - Filling up the DagBag from /home/saba/.local/lib/python3.6/site-packages/airflow/example_dags/subdags/subdag.py
[2022-06-17 22:30:25,901] {processor.py:654} WARNING - No viable dags retrieved from /home/saba/.local/lib/python3.6/site-packages/airflow/example_dags/subdags/subdag.py
[2022-06-17 22:30:25,921] {processor.py:171} INFO - Processing /home/saba/.local/lib/python3.6/site-packages/airflow/example_dags/subdags/subdag.py took 0.041 seconds
[2022-06-17 22:31:09,600] {processor.py:163} INFO - Started process (PID=5055) to work on /home/saba/.local/lib/python3.6/site-packages/airflow/example_dags/subdags/subdag.py
[2022-06-17 22:31:09,603] {processor.py:642} INFO - Processing file /home/saba/.local/lib/python3.6/site-packages/airflow/example_dags/subdags/subdag.py for tasks to queue
[2022-06-17 22:31:09,604] {logging_mixin.py:109} INFO - [2022-06-17 22:31:09,604] {dagbag.py:500} INFO - Filling up the DagBag from /home/saba/.local/lib/python3.6/site-packages/airflow/example_dags/subdags/subdag.py
[2022-06-17 22:31:09,609] {processor.py:654} WARNING - No viable dags retrieved from /home/saba/.local/lib/python3.6/site-packages/airflow/example_dags/subdags/subdag.py
[2022-06-17 22:31:09,625] {processor.py:171} INFO - Processing /home/saba/.local/lib/python3.6/site-packages/airflow/example_dags/subdags/subdag.py took 0.030 seconds
[2022-06-17 22:31:57,185] {processor.py:163} INFO - Started process (PID=5099) to work on /home/saba/.local/lib/python3.6/site-packages/airflow/example_dags/subdags/subdag.py
[2022-06-17 22:31:57,188] {processor.py:642} INFO - Processing file /home/saba/.local/lib/python3.6/site-packages/airflow/example_dags/subdags/subdag.py for tasks to queue
[2022-06-17 22:31:57,190] {logging_mixin.py:109} INFO - [2022-06-17 22:31:57,190] {dagbag.py:500} INFO - Filling up the DagBag from /home/saba/.local/lib/python3.6/site-packages/airflow/example_dags/subdags/subdag.py
[2022-06-17 22:31:57,196] {processor.py:654} WARNING - No viable dags retrieved from /home/saba/.local/lib/python3.6/site-packages/airflow/example_dags/subdags/subdag.py
[2022-06-17 22:31:57,214] {processor.py:171} INFO - Processing /home/saba/.local/lib/python3.6/site-packages/airflow/example_dags/subdags/subdag.py took 0.035 seconds
[2022-06-17 22:32:44,863] {processor.py:163} INFO - Started process (PID=5349) to work on /home/saba/.local/lib/python3.6/site-packages/airflow/example_dags/subdags/subdag.py
[2022-06-17 22:32:44,868] {processor.py:642} INFO - Processing file /home/saba/.local/lib/python3.6/site-packages/airflow/example_dags/subdags/subdag.py for tasks to queue
[2022-06-17 22:32:44,870] {logging_mixin.py:109} INFO - [2022-06-17 22:32:44,870] {dagbag.py:500} INFO - Filling up the DagBag from /home/saba/.local/lib/python3.6/site-packages/airflow/example_dags/subdags/subdag.py
[2022-06-17 22:32:44,888] {processor.py:654} WARNING - No viable dags retrieved from /home/saba/.local/lib/python3.6/site-packages/airflow/example_dags/subdags/subdag.py
[2022-06-17 22:32:44,922] {processor.py:171} INFO - Processing /home/saba/.local/lib/python3.6/site-packages/airflow/example_dags/subdags/subdag.py took 0.069 seconds
[2022-06-17 22:33:30,422] {processor.py:163} INFO - Started process (PID=5616) to work on /home/saba/.local/lib/python3.6/site-packages/airflow/example_dags/subdags/subdag.py
[2022-06-17 22:33:30,425] {processor.py:642} INFO - Processing file /home/saba/.local/lib/python3.6/site-packages/airflow/example_dags/subdags/subdag.py for tasks to queue
[2022-06-17 22:33:30,426] {logging_mixin.py:109} INFO - [2022-06-17 22:33:30,426] {dagbag.py:500} INFO - Filling up the DagBag from /home/saba/.local/lib/python3.6/site-packages/airflow/example_dags/subdags/subdag.py
[2022-06-17 22:33:30,432] {processor.py:654} WARNING - No viable dags retrieved from /home/saba/.local/lib/python3.6/site-packages/airflow/example_dags/subdags/subdag.py
[2022-06-17 22:33:30,448] {processor.py:171} INFO - Processing /home/saba/.local/lib/python3.6/site-packages/airflow/example_dags/subdags/subdag.py took 0.032 seconds
[2022-06-17 22:34:12,202] {processor.py:163} INFO - Started process (PID=5672) to work on /home/saba/.local/lib/python3.6/site-packages/airflow/example_dags/subdags/subdag.py
[2022-06-17 22:34:12,209] {processor.py:642} INFO - Processing file /home/saba/.local/lib/python3.6/site-packages/airflow/example_dags/subdags/subdag.py for tasks to queue
[2022-06-17 22:34:12,211] {logging_mixin.py:109} INFO - [2022-06-17 22:34:12,210] {dagbag.py:500} INFO - Filling up the DagBag from /home/saba/.local/lib/python3.6/site-packages/airflow/example_dags/subdags/subdag.py
[2022-06-17 22:34:12,217] {processor.py:654} WARNING - No viable dags retrieved from /home/saba/.local/lib/python3.6/site-packages/airflow/example_dags/subdags/subdag.py
[2022-06-17 22:34:12,241] {processor.py:171} INFO - Processing /home/saba/.local/lib/python3.6/site-packages/airflow/example_dags/subdags/subdag.py took 0.046 seconds
[2022-06-17 22:34:59,260] {processor.py:163} INFO - Started process (PID=5725) to work on /home/saba/.local/lib/python3.6/site-packages/airflow/example_dags/subdags/subdag.py
[2022-06-17 22:34:59,265] {processor.py:642} INFO - Processing file /home/saba/.local/lib/python3.6/site-packages/airflow/example_dags/subdags/subdag.py for tasks to queue
[2022-06-17 22:34:59,266] {logging_mixin.py:109} INFO - [2022-06-17 22:34:59,266] {dagbag.py:500} INFO - Filling up the DagBag from /home/saba/.local/lib/python3.6/site-packages/airflow/example_dags/subdags/subdag.py
[2022-06-17 22:34:59,272] {processor.py:654} WARNING - No viable dags retrieved from /home/saba/.local/lib/python3.6/site-packages/airflow/example_dags/subdags/subdag.py
[2022-06-17 22:34:59,296] {processor.py:171} INFO - Processing /home/saba/.local/lib/python3.6/site-packages/airflow/example_dags/subdags/subdag.py took 0.046 seconds
[2022-06-17 22:35:42,975] {processor.py:163} INFO - Started process (PID=5778) to work on /home/saba/.local/lib/python3.6/site-packages/airflow/example_dags/subdags/subdag.py
[2022-06-17 22:35:42,978] {processor.py:642} INFO - Processing file /home/saba/.local/lib/python3.6/site-packages/airflow/example_dags/subdags/subdag.py for tasks to queue
[2022-06-17 22:35:42,979] {logging_mixin.py:109} INFO - [2022-06-17 22:35:42,979] {dagbag.py:500} INFO - Filling up the DagBag from /home/saba/.local/lib/python3.6/site-packages/airflow/example_dags/subdags/subdag.py
[2022-06-17 22:35:42,983] {processor.py:654} WARNING - No viable dags retrieved from /home/saba/.local/lib/python3.6/site-packages/airflow/example_dags/subdags/subdag.py
[2022-06-17 22:35:42,993] {processor.py:171} INFO - Processing /home/saba/.local/lib/python3.6/site-packages/airflow/example_dags/subdags/subdag.py took 0.023 seconds
[2022-06-17 22:36:23,563] {processor.py:163} INFO - Started process (PID=5835) to work on /home/saba/.local/lib/python3.6/site-packages/airflow/example_dags/subdags/subdag.py
[2022-06-17 22:36:23,565] {processor.py:642} INFO - Processing file /home/saba/.local/lib/python3.6/site-packages/airflow/example_dags/subdags/subdag.py for tasks to queue
[2022-06-17 22:36:23,566] {logging_mixin.py:109} INFO - [2022-06-17 22:36:23,566] {dagbag.py:500} INFO - Filling up the DagBag from /home/saba/.local/lib/python3.6/site-packages/airflow/example_dags/subdags/subdag.py
[2022-06-17 22:36:23,570] {processor.py:654} WARNING - No viable dags retrieved from /home/saba/.local/lib/python3.6/site-packages/airflow/example_dags/subdags/subdag.py
[2022-06-17 22:36:23,584] {processor.py:171} INFO - Processing /home/saba/.local/lib/python3.6/site-packages/airflow/example_dags/subdags/subdag.py took 0.026 seconds
[2022-06-17 22:37:05,605] {processor.py:163} INFO - Started process (PID=5888) to work on /home/saba/.local/lib/python3.6/site-packages/airflow/example_dags/subdags/subdag.py
[2022-06-17 22:37:05,607] {processor.py:642} INFO - Processing file /home/saba/.local/lib/python3.6/site-packages/airflow/example_dags/subdags/subdag.py for tasks to queue
[2022-06-17 22:37:05,608] {logging_mixin.py:109} INFO - [2022-06-17 22:37:05,608] {dagbag.py:500} INFO - Filling up the DagBag from /home/saba/.local/lib/python3.6/site-packages/airflow/example_dags/subdags/subdag.py
[2022-06-17 22:37:05,612] {processor.py:654} WARNING - No viable dags retrieved from /home/saba/.local/lib/python3.6/site-packages/airflow/example_dags/subdags/subdag.py
[2022-06-17 22:37:05,626] {processor.py:171} INFO - Processing /home/saba/.local/lib/python3.6/site-packages/airflow/example_dags/subdags/subdag.py took 0.026 seconds
[2022-06-17 22:37:56,157] {processor.py:163} INFO - Started process (PID=5942) to work on /home/saba/.local/lib/python3.6/site-packages/airflow/example_dags/subdags/subdag.py
[2022-06-17 22:37:56,163] {processor.py:642} INFO - Processing file /home/saba/.local/lib/python3.6/site-packages/airflow/example_dags/subdags/subdag.py for tasks to queue
[2022-06-17 22:37:56,167] {logging_mixin.py:109} INFO - [2022-06-17 22:37:56,166] {dagbag.py:500} INFO - Filling up the DagBag from /home/saba/.local/lib/python3.6/site-packages/airflow/example_dags/subdags/subdag.py
[2022-06-17 22:37:56,181] {processor.py:654} WARNING - No viable dags retrieved from /home/saba/.local/lib/python3.6/site-packages/airflow/example_dags/subdags/subdag.py
[2022-06-17 22:37:56,219] {processor.py:171} INFO - Processing /home/saba/.local/lib/python3.6/site-packages/airflow/example_dags/subdags/subdag.py took 0.077 seconds
[2022-06-17 22:38:38,282] {processor.py:163} INFO - Started process (PID=5996) to work on /home/saba/.local/lib/python3.6/site-packages/airflow/example_dags/subdags/subdag.py
[2022-06-17 22:38:38,293] {processor.py:642} INFO - Processing file /home/saba/.local/lib/python3.6/site-packages/airflow/example_dags/subdags/subdag.py for tasks to queue
[2022-06-17 22:38:38,294] {logging_mixin.py:109} INFO - [2022-06-17 22:38:38,294] {dagbag.py:500} INFO - Filling up the DagBag from /home/saba/.local/lib/python3.6/site-packages/airflow/example_dags/subdags/subdag.py
[2022-06-17 22:38:38,298] {processor.py:654} WARNING - No viable dags retrieved from /home/saba/.local/lib/python3.6/site-packages/airflow/example_dags/subdags/subdag.py
[2022-06-17 22:38:38,310] {processor.py:171} INFO - Processing /home/saba/.local/lib/python3.6/site-packages/airflow/example_dags/subdags/subdag.py took 0.032 seconds
[2022-06-17 22:39:20,595] {processor.py:163} INFO - Started process (PID=6365) to work on /home/saba/.local/lib/python3.6/site-packages/airflow/example_dags/subdags/subdag.py
[2022-06-17 22:39:20,601] {processor.py:642} INFO - Processing file /home/saba/.local/lib/python3.6/site-packages/airflow/example_dags/subdags/subdag.py for tasks to queue
[2022-06-17 22:39:20,604] {logging_mixin.py:109} INFO - [2022-06-17 22:39:20,603] {dagbag.py:500} INFO - Filling up the DagBag from /home/saba/.local/lib/python3.6/site-packages/airflow/example_dags/subdags/subdag.py
[2022-06-17 22:39:20,617] {processor.py:654} WARNING - No viable dags retrieved from /home/saba/.local/lib/python3.6/site-packages/airflow/example_dags/subdags/subdag.py
[2022-06-17 22:39:20,653] {processor.py:171} INFO - Processing /home/saba/.local/lib/python3.6/site-packages/airflow/example_dags/subdags/subdag.py took 0.068 seconds
[2022-06-17 22:40:14,194] {processor.py:163} INFO - Started process (PID=6814) to work on /home/saba/.local/lib/python3.6/site-packages/airflow/example_dags/subdags/subdag.py
[2022-06-17 22:40:14,195] {processor.py:642} INFO - Processing file /home/saba/.local/lib/python3.6/site-packages/airflow/example_dags/subdags/subdag.py for tasks to queue
[2022-06-17 22:40:14,196] {logging_mixin.py:109} INFO - [2022-06-17 22:40:14,196] {dagbag.py:500} INFO - Filling up the DagBag from /home/saba/.local/lib/python3.6/site-packages/airflow/example_dags/subdags/subdag.py
[2022-06-17 22:40:14,200] {processor.py:654} WARNING - No viable dags retrieved from /home/saba/.local/lib/python3.6/site-packages/airflow/example_dags/subdags/subdag.py
[2022-06-17 22:40:14,210] {processor.py:171} INFO - Processing /home/saba/.local/lib/python3.6/site-packages/airflow/example_dags/subdags/subdag.py took 0.020 seconds
[2022-06-17 22:41:00,131] {processor.py:163} INFO - Started process (PID=6916) to work on /home/saba/.local/lib/python3.6/site-packages/airflow/example_dags/subdags/subdag.py
[2022-06-17 22:41:00,132] {processor.py:642} INFO - Processing file /home/saba/.local/lib/python3.6/site-packages/airflow/example_dags/subdags/subdag.py for tasks to queue
[2022-06-17 22:41:00,133] {logging_mixin.py:109} INFO - [2022-06-17 22:41:00,133] {dagbag.py:500} INFO - Filling up the DagBag from /home/saba/.local/lib/python3.6/site-packages/airflow/example_dags/subdags/subdag.py
[2022-06-17 22:41:00,136] {processor.py:654} WARNING - No viable dags retrieved from /home/saba/.local/lib/python3.6/site-packages/airflow/example_dags/subdags/subdag.py
[2022-06-17 22:41:00,146] {processor.py:171} INFO - Processing /home/saba/.local/lib/python3.6/site-packages/airflow/example_dags/subdags/subdag.py took 0.019 seconds
[2022-06-17 22:41:38,082] {processor.py:163} INFO - Started process (PID=6972) to work on /home/saba/.local/lib/python3.6/site-packages/airflow/example_dags/subdags/subdag.py
[2022-06-17 22:41:38,084] {processor.py:642} INFO - Processing file /home/saba/.local/lib/python3.6/site-packages/airflow/example_dags/subdags/subdag.py for tasks to queue
[2022-06-17 22:41:38,085] {logging_mixin.py:109} INFO - [2022-06-17 22:41:38,085] {dagbag.py:500} INFO - Filling up the DagBag from /home/saba/.local/lib/python3.6/site-packages/airflow/example_dags/subdags/subdag.py
[2022-06-17 22:41:38,089] {processor.py:654} WARNING - No viable dags retrieved from /home/saba/.local/lib/python3.6/site-packages/airflow/example_dags/subdags/subdag.py
[2022-06-17 22:41:38,100] {processor.py:171} INFO - Processing /home/saba/.local/lib/python3.6/site-packages/airflow/example_dags/subdags/subdag.py took 0.022 seconds
[2022-06-17 22:42:16,263] {processor.py:163} INFO - Started process (PID=7580) to work on /home/saba/.local/lib/python3.6/site-packages/airflow/example_dags/subdags/subdag.py
[2022-06-17 22:42:16,270] {processor.py:642} INFO - Processing file /home/saba/.local/lib/python3.6/site-packages/airflow/example_dags/subdags/subdag.py for tasks to queue
[2022-06-17 22:42:16,272] {logging_mixin.py:109} INFO - [2022-06-17 22:42:16,272] {dagbag.py:500} INFO - Filling up the DagBag from /home/saba/.local/lib/python3.6/site-packages/airflow/example_dags/subdags/subdag.py
[2022-06-17 22:42:16,281] {processor.py:654} WARNING - No viable dags retrieved from /home/saba/.local/lib/python3.6/site-packages/airflow/example_dags/subdags/subdag.py
[2022-06-17 22:42:16,304] {processor.py:171} INFO - Processing /home/saba/.local/lib/python3.6/site-packages/airflow/example_dags/subdags/subdag.py took 0.053 seconds
[2022-06-17 22:43:06,775] {processor.py:163} INFO - Started process (PID=7923) to work on /home/saba/.local/lib/python3.6/site-packages/airflow/example_dags/subdags/subdag.py
[2022-06-17 22:43:06,776] {processor.py:642} INFO - Processing file /home/saba/.local/lib/python3.6/site-packages/airflow/example_dags/subdags/subdag.py for tasks to queue
[2022-06-17 22:43:06,777] {logging_mixin.py:109} INFO - [2022-06-17 22:43:06,777] {dagbag.py:500} INFO - Filling up the DagBag from /home/saba/.local/lib/python3.6/site-packages/airflow/example_dags/subdags/subdag.py
[2022-06-17 22:43:06,779] {processor.py:654} WARNING - No viable dags retrieved from /home/saba/.local/lib/python3.6/site-packages/airflow/example_dags/subdags/subdag.py
[2022-06-17 22:43:06,787] {processor.py:171} INFO - Processing /home/saba/.local/lib/python3.6/site-packages/airflow/example_dags/subdags/subdag.py took 0.015 seconds
[2022-06-17 22:43:54,795] {processor.py:163} INFO - Started process (PID=8395) to work on /home/saba/.local/lib/python3.6/site-packages/airflow/example_dags/subdags/subdag.py
[2022-06-17 22:43:54,800] {processor.py:642} INFO - Processing file /home/saba/.local/lib/python3.6/site-packages/airflow/example_dags/subdags/subdag.py for tasks to queue
[2022-06-17 22:43:54,801] {logging_mixin.py:109} INFO - [2022-06-17 22:43:54,801] {dagbag.py:500} INFO - Filling up the DagBag from /home/saba/.local/lib/python3.6/site-packages/airflow/example_dags/subdags/subdag.py
[2022-06-17 22:43:54,808] {processor.py:654} WARNING - No viable dags retrieved from /home/saba/.local/lib/python3.6/site-packages/airflow/example_dags/subdags/subdag.py
[2022-06-17 22:43:54,825] {processor.py:171} INFO - Processing /home/saba/.local/lib/python3.6/site-packages/airflow/example_dags/subdags/subdag.py took 0.037 seconds
[2022-06-17 22:45:05,696] {processor.py:163} INFO - Started process (PID=8545) to work on /home/saba/.local/lib/python3.6/site-packages/airflow/example_dags/subdags/subdag.py
[2022-06-17 22:45:05,698] {processor.py:642} INFO - Processing file /home/saba/.local/lib/python3.6/site-packages/airflow/example_dags/subdags/subdag.py for tasks to queue
[2022-06-17 22:45:05,699] {logging_mixin.py:109} INFO - [2022-06-17 22:45:05,699] {dagbag.py:500} INFO - Filling up the DagBag from /home/saba/.local/lib/python3.6/site-packages/airflow/example_dags/subdags/subdag.py
[2022-06-17 22:45:05,703] {processor.py:654} WARNING - No viable dags retrieved from /home/saba/.local/lib/python3.6/site-packages/airflow/example_dags/subdags/subdag.py
[2022-06-17 22:45:05,714] {processor.py:171} INFO - Processing /home/saba/.local/lib/python3.6/site-packages/airflow/example_dags/subdags/subdag.py took 0.023 seconds
[2022-06-17 22:45:52,667] {processor.py:163} INFO - Started process (PID=8951) to work on /home/saba/.local/lib/python3.6/site-packages/airflow/example_dags/subdags/subdag.py
[2022-06-17 22:45:52,669] {processor.py:642} INFO - Processing file /home/saba/.local/lib/python3.6/site-packages/airflow/example_dags/subdags/subdag.py for tasks to queue
[2022-06-17 22:45:52,670] {logging_mixin.py:109} INFO - [2022-06-17 22:45:52,669] {dagbag.py:500} INFO - Filling up the DagBag from /home/saba/.local/lib/python3.6/site-packages/airflow/example_dags/subdags/subdag.py
[2022-06-17 22:45:52,673] {processor.py:654} WARNING - No viable dags retrieved from /home/saba/.local/lib/python3.6/site-packages/airflow/example_dags/subdags/subdag.py
[2022-06-17 22:45:52,683] {processor.py:171} INFO - Processing /home/saba/.local/lib/python3.6/site-packages/airflow/example_dags/subdags/subdag.py took 0.021 seconds
[2022-06-17 22:48:14,539] {processor.py:163} INFO - Started process (PID=10404) to work on /home/saba/.local/lib/python3.6/site-packages/airflow/example_dags/subdags/subdag.py
[2022-06-17 22:48:14,541] {processor.py:642} INFO - Processing file /home/saba/.local/lib/python3.6/site-packages/airflow/example_dags/subdags/subdag.py for tasks to queue
[2022-06-17 22:48:14,542] {logging_mixin.py:109} INFO - [2022-06-17 22:48:14,542] {dagbag.py:500} INFO - Filling up the DagBag from /home/saba/.local/lib/python3.6/site-packages/airflow/example_dags/subdags/subdag.py
[2022-06-17 22:48:14,545] {processor.py:654} WARNING - No viable dags retrieved from /home/saba/.local/lib/python3.6/site-packages/airflow/example_dags/subdags/subdag.py
[2022-06-17 22:48:14,554] {processor.py:171} INFO - Processing /home/saba/.local/lib/python3.6/site-packages/airflow/example_dags/subdags/subdag.py took 0.018 seconds
[2022-06-17 22:48:59,557] {processor.py:163} INFO - Started process (PID=10611) to work on /home/saba/.local/lib/python3.6/site-packages/airflow/example_dags/subdags/subdag.py
[2022-06-17 22:48:59,558] {processor.py:642} INFO - Processing file /home/saba/.local/lib/python3.6/site-packages/airflow/example_dags/subdags/subdag.py for tasks to queue
[2022-06-17 22:48:59,559] {logging_mixin.py:109} INFO - [2022-06-17 22:48:59,559] {dagbag.py:500} INFO - Filling up the DagBag from /home/saba/.local/lib/python3.6/site-packages/airflow/example_dags/subdags/subdag.py
[2022-06-17 22:48:59,562] {processor.py:654} WARNING - No viable dags retrieved from /home/saba/.local/lib/python3.6/site-packages/airflow/example_dags/subdags/subdag.py
[2022-06-17 22:48:59,570] {processor.py:171} INFO - Processing /home/saba/.local/lib/python3.6/site-packages/airflow/example_dags/subdags/subdag.py took 0.016 seconds
[2022-06-17 22:50:17,219] {processor.py:163} INFO - Started process (PID=11166) to work on /home/saba/.local/lib/python3.6/site-packages/airflow/example_dags/subdags/subdag.py
[2022-06-17 22:50:17,221] {processor.py:642} INFO - Processing file /home/saba/.local/lib/python3.6/site-packages/airflow/example_dags/subdags/subdag.py for tasks to queue
[2022-06-17 22:50:17,222] {logging_mixin.py:109} INFO - [2022-06-17 22:50:17,222] {dagbag.py:500} INFO - Filling up the DagBag from /home/saba/.local/lib/python3.6/site-packages/airflow/example_dags/subdags/subdag.py
[2022-06-17 22:50:17,225] {processor.py:654} WARNING - No viable dags retrieved from /home/saba/.local/lib/python3.6/site-packages/airflow/example_dags/subdags/subdag.py
[2022-06-17 22:50:17,235] {processor.py:171} INFO - Processing /home/saba/.local/lib/python3.6/site-packages/airflow/example_dags/subdags/subdag.py took 0.019 seconds
[2022-06-17 22:50:59,276] {processor.py:163} INFO - Started process (PID=11364) to work on /home/saba/.local/lib/python3.6/site-packages/airflow/example_dags/subdags/subdag.py
[2022-06-17 22:50:59,277] {processor.py:642} INFO - Processing file /home/saba/.local/lib/python3.6/site-packages/airflow/example_dags/subdags/subdag.py for tasks to queue
[2022-06-17 22:50:59,278] {logging_mixin.py:109} INFO - [2022-06-17 22:50:59,278] {dagbag.py:500} INFO - Filling up the DagBag from /home/saba/.local/lib/python3.6/site-packages/airflow/example_dags/subdags/subdag.py
[2022-06-17 22:50:59,280] {processor.py:654} WARNING - No viable dags retrieved from /home/saba/.local/lib/python3.6/site-packages/airflow/example_dags/subdags/subdag.py
[2022-06-17 22:50:59,287] {processor.py:171} INFO - Processing /home/saba/.local/lib/python3.6/site-packages/airflow/example_dags/subdags/subdag.py took 0.014 seconds
[2022-06-17 22:51:58,489] {processor.py:163} INFO - Started process (PID=11574) to work on /home/saba/.local/lib/python3.6/site-packages/airflow/example_dags/subdags/subdag.py
[2022-06-17 22:51:58,491] {processor.py:642} INFO - Processing file /home/saba/.local/lib/python3.6/site-packages/airflow/example_dags/subdags/subdag.py for tasks to queue
[2022-06-17 22:51:58,492] {logging_mixin.py:109} INFO - [2022-06-17 22:51:58,492] {dagbag.py:500} INFO - Filling up the DagBag from /home/saba/.local/lib/python3.6/site-packages/airflow/example_dags/subdags/subdag.py
[2022-06-17 22:51:58,495] {processor.py:654} WARNING - No viable dags retrieved from /home/saba/.local/lib/python3.6/site-packages/airflow/example_dags/subdags/subdag.py
[2022-06-17 22:51:58,505] {processor.py:171} INFO - Processing /home/saba/.local/lib/python3.6/site-packages/airflow/example_dags/subdags/subdag.py took 0.019 seconds
[2022-06-17 22:53:00,247] {processor.py:163} INFO - Started process (PID=11951) to work on /home/saba/.local/lib/python3.6/site-packages/airflow/example_dags/subdags/subdag.py
[2022-06-17 22:53:00,251] {processor.py:642} INFO - Processing file /home/saba/.local/lib/python3.6/site-packages/airflow/example_dags/subdags/subdag.py for tasks to queue
[2022-06-17 22:53:00,252] {logging_mixin.py:109} INFO - [2022-06-17 22:53:00,251] {dagbag.py:500} INFO - Filling up the DagBag from /home/saba/.local/lib/python3.6/site-packages/airflow/example_dags/subdags/subdag.py
[2022-06-17 22:53:00,254] {processor.py:654} WARNING - No viable dags retrieved from /home/saba/.local/lib/python3.6/site-packages/airflow/example_dags/subdags/subdag.py
[2022-06-17 22:53:00,261] {processor.py:171} INFO - Processing /home/saba/.local/lib/python3.6/site-packages/airflow/example_dags/subdags/subdag.py took 0.016 seconds
[2022-06-17 22:53:45,859] {processor.py:163} INFO - Started process (PID=12516) to work on /home/saba/.local/lib/python3.6/site-packages/airflow/example_dags/subdags/subdag.py
[2022-06-17 22:53:45,863] {processor.py:642} INFO - Processing file /home/saba/.local/lib/python3.6/site-packages/airflow/example_dags/subdags/subdag.py for tasks to queue
[2022-06-17 22:53:45,864] {logging_mixin.py:109} INFO - [2022-06-17 22:53:45,864] {dagbag.py:500} INFO - Filling up the DagBag from /home/saba/.local/lib/python3.6/site-packages/airflow/example_dags/subdags/subdag.py
[2022-06-17 22:53:45,867] {processor.py:654} WARNING - No viable dags retrieved from /home/saba/.local/lib/python3.6/site-packages/airflow/example_dags/subdags/subdag.py
[2022-06-17 22:53:45,876] {processor.py:171} INFO - Processing /home/saba/.local/lib/python3.6/site-packages/airflow/example_dags/subdags/subdag.py took 0.020 seconds
[2022-06-17 22:54:28,847] {processor.py:163} INFO - Started process (PID=12724) to work on /home/saba/.local/lib/python3.6/site-packages/airflow/example_dags/subdags/subdag.py
[2022-06-17 22:54:28,864] {processor.py:642} INFO - Processing file /home/saba/.local/lib/python3.6/site-packages/airflow/example_dags/subdags/subdag.py for tasks to queue
[2022-06-17 22:54:28,865] {logging_mixin.py:109} INFO - [2022-06-17 22:54:28,865] {dagbag.py:500} INFO - Filling up the DagBag from /home/saba/.local/lib/python3.6/site-packages/airflow/example_dags/subdags/subdag.py
[2022-06-17 22:54:28,869] {processor.py:654} WARNING - No viable dags retrieved from /home/saba/.local/lib/python3.6/site-packages/airflow/example_dags/subdags/subdag.py
[2022-06-17 22:54:29,007] {processor.py:171} INFO - Processing /home/saba/.local/lib/python3.6/site-packages/airflow/example_dags/subdags/subdag.py took 0.164 seconds
[2022-06-17 22:55:08,590] {processor.py:163} INFO - Started process (PID=13243) to work on /home/saba/.local/lib/python3.6/site-packages/airflow/example_dags/subdags/subdag.py
[2022-06-17 22:55:08,593] {processor.py:642} INFO - Processing file /home/saba/.local/lib/python3.6/site-packages/airflow/example_dags/subdags/subdag.py for tasks to queue
[2022-06-17 22:55:08,594] {logging_mixin.py:109} INFO - [2022-06-17 22:55:08,594] {dagbag.py:500} INFO - Filling up the DagBag from /home/saba/.local/lib/python3.6/site-packages/airflow/example_dags/subdags/subdag.py
[2022-06-17 22:55:08,598] {processor.py:654} WARNING - No viable dags retrieved from /home/saba/.local/lib/python3.6/site-packages/airflow/example_dags/subdags/subdag.py
[2022-06-17 22:55:08,613] {processor.py:171} INFO - Processing /home/saba/.local/lib/python3.6/site-packages/airflow/example_dags/subdags/subdag.py took 0.029 seconds
