[2022-06-12 14:11:54,387] {processor.py:163} INFO - Started process (PID=4010) to work on /home/saba/airflow_venv/airflow_venv/lib/python3.6/site-packages/airflow/example_dags/example_branch_day_of_week_operator.py
[2022-06-12 14:11:54,391] {processor.py:642} INFO - Processing file /home/saba/airflow_venv/airflow_venv/lib/python3.6/site-packages/airflow/example_dags/example_branch_day_of_week_operator.py for tasks to queue
[2022-06-12 14:11:54,393] {logging_mixin.py:109} INFO - [2022-06-12 14:11:54,393] {dagbag.py:500} INFO - Filling up the DagBag from /home/saba/airflow_venv/airflow_venv/lib/python3.6/site-packages/airflow/example_dags/example_branch_day_of_week_operator.py
[2022-06-12 14:11:54,476] {processor.py:652} INFO - DAG(s) dict_keys(['example_weekday_branch_operator']) retrieved from /home/saba/airflow_venv/airflow_venv/lib/python3.6/site-packages/airflow/example_dags/example_branch_day_of_week_operator.py
[2022-06-12 14:11:54,551] {logging_mixin.py:109} INFO - [2022-06-12 14:11:54,551] {dag.py:2398} INFO - Sync 1 DAGs
[2022-06-12 14:11:54,642] {logging_mixin.py:109} INFO - [2022-06-12 14:11:54,642] {dag.py:2937} INFO - Setting next_dagrun for example_weekday_branch_operator to 2022-06-11 00:00:00+00:00
[2022-06-12 14:11:54,733] {processor.py:171} INFO - Processing /home/saba/airflow_venv/airflow_venv/lib/python3.6/site-packages/airflow/example_dags/example_branch_day_of_week_operator.py took 0.362 seconds
[2022-06-12 14:13:09,769] {processor.py:163} INFO - Started process (PID=4048) to work on /home/saba/airflow_venv/airflow_venv/lib/python3.6/site-packages/airflow/example_dags/example_branch_day_of_week_operator.py
[2022-06-12 14:13:09,774] {processor.py:642} INFO - Processing file /home/saba/airflow_venv/airflow_venv/lib/python3.6/site-packages/airflow/example_dags/example_branch_day_of_week_operator.py for tasks to queue
[2022-06-12 14:13:09,776] {logging_mixin.py:109} INFO - [2022-06-12 14:13:09,776] {dagbag.py:500} INFO - Filling up the DagBag from /home/saba/airflow_venv/airflow_venv/lib/python3.6/site-packages/airflow/example_dags/example_branch_day_of_week_operator.py
[2022-06-12 14:13:09,869] {processor.py:652} INFO - DAG(s) dict_keys(['example_weekday_branch_operator']) retrieved from /home/saba/airflow_venv/airflow_venv/lib/python3.6/site-packages/airflow/example_dags/example_branch_day_of_week_operator.py
[2022-06-12 14:13:09,936] {logging_mixin.py:109} INFO - [2022-06-12 14:13:09,935] {dag.py:2398} INFO - Sync 1 DAGs
[2022-06-12 14:13:10,012] {logging_mixin.py:109} INFO - [2022-06-12 14:13:10,011] {dag.py:2937} INFO - Setting next_dagrun for example_weekday_branch_operator to 2022-06-11 00:00:00+00:00
[2022-06-12 14:13:10,056] {processor.py:171} INFO - Processing /home/saba/airflow_venv/airflow_venv/lib/python3.6/site-packages/airflow/example_dags/example_branch_day_of_week_operator.py took 0.296 seconds
[2022-06-12 14:13:52,737] {processor.py:163} INFO - Started process (PID=4081) to work on /home/saba/airflow_venv/airflow_venv/lib/python3.6/site-packages/airflow/example_dags/example_branch_day_of_week_operator.py
[2022-06-12 14:13:52,739] {processor.py:642} INFO - Processing file /home/saba/airflow_venv/airflow_venv/lib/python3.6/site-packages/airflow/example_dags/example_branch_day_of_week_operator.py for tasks to queue
[2022-06-12 14:13:52,740] {logging_mixin.py:109} INFO - [2022-06-12 14:13:52,740] {dagbag.py:500} INFO - Filling up the DagBag from /home/saba/airflow_venv/airflow_venv/lib/python3.6/site-packages/airflow/example_dags/example_branch_day_of_week_operator.py
[2022-06-12 14:13:52,765] {processor.py:652} INFO - DAG(s) dict_keys(['example_weekday_branch_operator']) retrieved from /home/saba/airflow_venv/airflow_venv/lib/python3.6/site-packages/airflow/example_dags/example_branch_day_of_week_operator.py
[2022-06-12 14:13:52,787] {logging_mixin.py:109} INFO - [2022-06-12 14:13:52,786] {dag.py:2398} INFO - Sync 1 DAGs
[2022-06-12 14:13:52,812] {logging_mixin.py:109} INFO - [2022-06-12 14:13:52,812] {dag.py:2937} INFO - Setting next_dagrun for example_weekday_branch_operator to 2022-06-11 00:00:00+00:00
[2022-06-12 14:13:52,834] {processor.py:171} INFO - Processing /home/saba/airflow_venv/airflow_venv/lib/python3.6/site-packages/airflow/example_dags/example_branch_day_of_week_operator.py took 0.101 seconds
[2022-06-12 14:14:33,914] {processor.py:163} INFO - Started process (PID=4115) to work on /home/saba/airflow_venv/airflow_venv/lib/python3.6/site-packages/airflow/example_dags/example_branch_day_of_week_operator.py
[2022-06-12 14:14:33,916] {processor.py:642} INFO - Processing file /home/saba/airflow_venv/airflow_venv/lib/python3.6/site-packages/airflow/example_dags/example_branch_day_of_week_operator.py for tasks to queue
[2022-06-12 14:14:33,917] {logging_mixin.py:109} INFO - [2022-06-12 14:14:33,917] {dagbag.py:500} INFO - Filling up the DagBag from /home/saba/airflow_venv/airflow_venv/lib/python3.6/site-packages/airflow/example_dags/example_branch_day_of_week_operator.py
[2022-06-12 14:14:33,946] {processor.py:652} INFO - DAG(s) dict_keys(['example_weekday_branch_operator']) retrieved from /home/saba/airflow_venv/airflow_venv/lib/python3.6/site-packages/airflow/example_dags/example_branch_day_of_week_operator.py
[2022-06-12 14:14:33,968] {logging_mixin.py:109} INFO - [2022-06-12 14:14:33,967] {dag.py:2398} INFO - Sync 1 DAGs
[2022-06-12 14:14:33,996] {logging_mixin.py:109} INFO - [2022-06-12 14:14:33,996] {dag.py:2937} INFO - Setting next_dagrun for example_weekday_branch_operator to 2022-06-11 00:00:00+00:00
[2022-06-12 14:14:34,017] {processor.py:171} INFO - Processing /home/saba/airflow_venv/airflow_venv/lib/python3.6/site-packages/airflow/example_dags/example_branch_day_of_week_operator.py took 0.109 seconds
[2022-06-12 14:15:09,370] {processor.py:163} INFO - Started process (PID=4149) to work on /home/saba/airflow_venv/airflow_venv/lib/python3.6/site-packages/airflow/example_dags/example_branch_day_of_week_operator.py
[2022-06-12 14:15:09,381] {processor.py:642} INFO - Processing file /home/saba/airflow_venv/airflow_venv/lib/python3.6/site-packages/airflow/example_dags/example_branch_day_of_week_operator.py for tasks to queue
[2022-06-12 14:15:09,382] {logging_mixin.py:109} INFO - [2022-06-12 14:15:09,382] {dagbag.py:500} INFO - Filling up the DagBag from /home/saba/airflow_venv/airflow_venv/lib/python3.6/site-packages/airflow/example_dags/example_branch_day_of_week_operator.py
[2022-06-12 14:15:09,408] {processor.py:652} INFO - DAG(s) dict_keys(['example_weekday_branch_operator']) retrieved from /home/saba/airflow_venv/airflow_venv/lib/python3.6/site-packages/airflow/example_dags/example_branch_day_of_week_operator.py
[2022-06-12 14:15:09,429] {logging_mixin.py:109} INFO - [2022-06-12 14:15:09,429] {dag.py:2398} INFO - Sync 1 DAGs
[2022-06-12 14:15:09,458] {logging_mixin.py:109} INFO - [2022-06-12 14:15:09,458] {dag.py:2937} INFO - Setting next_dagrun for example_weekday_branch_operator to 2022-06-11 00:00:00+00:00
[2022-06-12 14:15:09,478] {processor.py:171} INFO - Processing /home/saba/airflow_venv/airflow_venv/lib/python3.6/site-packages/airflow/example_dags/example_branch_day_of_week_operator.py took 0.112 seconds
[2022-06-12 14:15:52,012] {processor.py:163} INFO - Started process (PID=4186) to work on /home/saba/airflow_venv/airflow_venv/lib/python3.6/site-packages/airflow/example_dags/example_branch_day_of_week_operator.py
[2022-06-12 14:15:52,016] {processor.py:642} INFO - Processing file /home/saba/airflow_venv/airflow_venv/lib/python3.6/site-packages/airflow/example_dags/example_branch_day_of_week_operator.py for tasks to queue
[2022-06-12 14:15:52,018] {logging_mixin.py:109} INFO - [2022-06-12 14:15:52,018] {dagbag.py:500} INFO - Filling up the DagBag from /home/saba/airflow_venv/airflow_venv/lib/python3.6/site-packages/airflow/example_dags/example_branch_day_of_week_operator.py
[2022-06-12 14:15:52,056] {processor.py:652} INFO - DAG(s) dict_keys(['example_weekday_branch_operator']) retrieved from /home/saba/airflow_venv/airflow_venv/lib/python3.6/site-packages/airflow/example_dags/example_branch_day_of_week_operator.py
[2022-06-12 14:15:52,097] {logging_mixin.py:109} INFO - [2022-06-12 14:15:52,097] {dag.py:2398} INFO - Sync 1 DAGs
[2022-06-12 14:15:52,146] {logging_mixin.py:109} INFO - [2022-06-12 14:15:52,146] {dag.py:2937} INFO - Setting next_dagrun for example_weekday_branch_operator to 2022-06-11 00:00:00+00:00
[2022-06-12 14:15:52,183] {processor.py:171} INFO - Processing /home/saba/airflow_venv/airflow_venv/lib/python3.6/site-packages/airflow/example_dags/example_branch_day_of_week_operator.py took 0.179 seconds
[2022-06-12 14:16:33,388] {processor.py:163} INFO - Started process (PID=4219) to work on /home/saba/airflow_venv/airflow_venv/lib/python3.6/site-packages/airflow/example_dags/example_branch_day_of_week_operator.py
[2022-06-12 14:16:33,397] {processor.py:642} INFO - Processing file /home/saba/airflow_venv/airflow_venv/lib/python3.6/site-packages/airflow/example_dags/example_branch_day_of_week_operator.py for tasks to queue
[2022-06-12 14:16:33,400] {logging_mixin.py:109} INFO - [2022-06-12 14:16:33,399] {dagbag.py:500} INFO - Filling up the DagBag from /home/saba/airflow_venv/airflow_venv/lib/python3.6/site-packages/airflow/example_dags/example_branch_day_of_week_operator.py
[2022-06-12 14:16:33,529] {processor.py:652} INFO - DAG(s) dict_keys(['example_weekday_branch_operator']) retrieved from /home/saba/airflow_venv/airflow_venv/lib/python3.6/site-packages/airflow/example_dags/example_branch_day_of_week_operator.py
[2022-06-12 14:16:33,593] {logging_mixin.py:109} INFO - [2022-06-12 14:16:33,593] {dag.py:2398} INFO - Sync 1 DAGs
[2022-06-12 14:16:33,687] {logging_mixin.py:109} INFO - [2022-06-12 14:16:33,687] {dag.py:2937} INFO - Setting next_dagrun for example_weekday_branch_operator to 2022-06-11 00:00:00+00:00
[2022-06-12 14:16:33,727] {processor.py:171} INFO - Processing /home/saba/airflow_venv/airflow_venv/lib/python3.6/site-packages/airflow/example_dags/example_branch_day_of_week_operator.py took 0.357 seconds
[2022-06-12 14:17:21,087] {processor.py:163} INFO - Started process (PID=4254) to work on /home/saba/airflow_venv/airflow_venv/lib/python3.6/site-packages/airflow/example_dags/example_branch_day_of_week_operator.py
[2022-06-12 14:17:21,091] {processor.py:642} INFO - Processing file /home/saba/airflow_venv/airflow_venv/lib/python3.6/site-packages/airflow/example_dags/example_branch_day_of_week_operator.py for tasks to queue
[2022-06-12 14:17:21,092] {logging_mixin.py:109} INFO - [2022-06-12 14:17:21,092] {dagbag.py:500} INFO - Filling up the DagBag from /home/saba/airflow_venv/airflow_venv/lib/python3.6/site-packages/airflow/example_dags/example_branch_day_of_week_operator.py
[2022-06-12 14:17:21,133] {processor.py:652} INFO - DAG(s) dict_keys(['example_weekday_branch_operator']) retrieved from /home/saba/airflow_venv/airflow_venv/lib/python3.6/site-packages/airflow/example_dags/example_branch_day_of_week_operator.py
[2022-06-12 14:17:21,169] {logging_mixin.py:109} INFO - [2022-06-12 14:17:21,168] {dag.py:2398} INFO - Sync 1 DAGs
[2022-06-12 14:17:21,210] {logging_mixin.py:109} INFO - [2022-06-12 14:17:21,210] {dag.py:2937} INFO - Setting next_dagrun for example_weekday_branch_operator to 2022-06-11 00:00:00+00:00
[2022-06-12 14:17:21,238] {processor.py:171} INFO - Processing /home/saba/airflow_venv/airflow_venv/lib/python3.6/site-packages/airflow/example_dags/example_branch_day_of_week_operator.py took 0.156 seconds
[2022-06-12 14:18:06,782] {processor.py:163} INFO - Started process (PID=4289) to work on /home/saba/airflow_venv/airflow_venv/lib/python3.6/site-packages/airflow/example_dags/example_branch_day_of_week_operator.py
[2022-06-12 14:18:06,786] {processor.py:642} INFO - Processing file /home/saba/airflow_venv/airflow_venv/lib/python3.6/site-packages/airflow/example_dags/example_branch_day_of_week_operator.py for tasks to queue
[2022-06-12 14:18:06,789] {logging_mixin.py:109} INFO - [2022-06-12 14:18:06,789] {dagbag.py:500} INFO - Filling up the DagBag from /home/saba/airflow_venv/airflow_venv/lib/python3.6/site-packages/airflow/example_dags/example_branch_day_of_week_operator.py
[2022-06-12 14:18:06,843] {processor.py:652} INFO - DAG(s) dict_keys(['example_weekday_branch_operator']) retrieved from /home/saba/airflow_venv/airflow_venv/lib/python3.6/site-packages/airflow/example_dags/example_branch_day_of_week_operator.py
[2022-06-12 14:18:06,887] {logging_mixin.py:109} INFO - [2022-06-12 14:18:06,886] {dag.py:2398} INFO - Sync 1 DAGs
[2022-06-12 14:18:06,943] {logging_mixin.py:109} INFO - [2022-06-12 14:18:06,943] {dag.py:2937} INFO - Setting next_dagrun for example_weekday_branch_operator to 2022-06-11 00:00:00+00:00
[2022-06-12 14:18:06,977] {processor.py:171} INFO - Processing /home/saba/airflow_venv/airflow_venv/lib/python3.6/site-packages/airflow/example_dags/example_branch_day_of_week_operator.py took 0.204 seconds
[2022-06-12 14:19:06,819] {processor.py:163} INFO - Started process (PID=4329) to work on /home/saba/airflow_venv/airflow_venv/lib/python3.6/site-packages/airflow/example_dags/example_branch_day_of_week_operator.py
[2022-06-12 14:19:06,822] {processor.py:642} INFO - Processing file /home/saba/airflow_venv/airflow_venv/lib/python3.6/site-packages/airflow/example_dags/example_branch_day_of_week_operator.py for tasks to queue
[2022-06-12 14:19:06,824] {logging_mixin.py:109} INFO - [2022-06-12 14:19:06,824] {dagbag.py:500} INFO - Filling up the DagBag from /home/saba/airflow_venv/airflow_venv/lib/python3.6/site-packages/airflow/example_dags/example_branch_day_of_week_operator.py
[2022-06-12 14:19:06,885] {processor.py:652} INFO - DAG(s) dict_keys(['example_weekday_branch_operator']) retrieved from /home/saba/airflow_venv/airflow_venv/lib/python3.6/site-packages/airflow/example_dags/example_branch_day_of_week_operator.py
[2022-06-12 14:19:06,936] {logging_mixin.py:109} INFO - [2022-06-12 14:19:06,936] {dag.py:2398} INFO - Sync 1 DAGs
[2022-06-12 14:19:06,991] {logging_mixin.py:109} INFO - [2022-06-12 14:19:06,991] {dag.py:2937} INFO - Setting next_dagrun for example_weekday_branch_operator to 2022-06-11 00:00:00+00:00
[2022-06-12 14:19:07,039] {processor.py:171} INFO - Processing /home/saba/airflow_venv/airflow_venv/lib/python3.6/site-packages/airflow/example_dags/example_branch_day_of_week_operator.py took 0.228 seconds
