[2022-06-12 14:11:45,410] {processor.py:163} INFO - Started process (PID=4006) to work on /home/saba/airflow_venv/airflow_venv/lib/python3.6/site-packages/airflow/example_dags/example_branch_labels.py
[2022-06-12 14:11:45,424] {processor.py:642} INFO - Processing file /home/saba/airflow_venv/airflow_venv/lib/python3.6/site-packages/airflow/example_dags/example_branch_labels.py for tasks to queue
[2022-06-12 14:11:45,438] {logging_mixin.py:109} INFO - [2022-06-12 14:11:45,437] {dagbag.py:500} INFO - Filling up the DagBag from /home/saba/airflow_venv/airflow_venv/lib/python3.6/site-packages/airflow/example_dags/example_branch_labels.py
[2022-06-12 14:11:45,657] {processor.py:652} INFO - DAG(s) dict_keys(['example_branch_labels']) retrieved from /home/saba/airflow_venv/airflow_venv/lib/python3.6/site-packages/airflow/example_dags/example_branch_labels.py
[2022-06-12 14:11:45,781] {logging_mixin.py:109} INFO - [2022-06-12 14:11:45,780] {dag.py:2398} INFO - Sync 1 DAGs
[2022-06-12 14:11:45,941] {logging_mixin.py:109} INFO - [2022-06-12 14:11:45,941] {dag.py:2937} INFO - Setting next_dagrun for example_branch_labels to 2022-06-11 00:00:00+00:00
[2022-06-12 14:11:46,033] {processor.py:171} INFO - Processing /home/saba/airflow_venv/airflow_venv/lib/python3.6/site-packages/airflow/example_dags/example_branch_labels.py took 0.645 seconds
[2022-06-12 14:13:02,421] {processor.py:163} INFO - Started process (PID=4044) to work on /home/saba/airflow_venv/airflow_venv/lib/python3.6/site-packages/airflow/example_dags/example_branch_labels.py
[2022-06-12 14:13:02,429] {processor.py:642} INFO - Processing file /home/saba/airflow_venv/airflow_venv/lib/python3.6/site-packages/airflow/example_dags/example_branch_labels.py for tasks to queue
[2022-06-12 14:13:02,433] {logging_mixin.py:109} INFO - [2022-06-12 14:13:02,432] {dagbag.py:500} INFO - Filling up the DagBag from /home/saba/airflow_venv/airflow_venv/lib/python3.6/site-packages/airflow/example_dags/example_branch_labels.py
[2022-06-12 14:13:02,516] {processor.py:652} INFO - DAG(s) dict_keys(['example_branch_labels']) retrieved from /home/saba/airflow_venv/airflow_venv/lib/python3.6/site-packages/airflow/example_dags/example_branch_labels.py
[2022-06-12 14:13:02,594] {logging_mixin.py:109} INFO - [2022-06-12 14:13:02,593] {dag.py:2398} INFO - Sync 1 DAGs
[2022-06-12 14:13:02,725] {logging_mixin.py:109} INFO - [2022-06-12 14:13:02,724] {dag.py:2937} INFO - Setting next_dagrun for example_branch_labels to 2022-06-11 00:00:00+00:00
[2022-06-12 14:13:02,772] {processor.py:171} INFO - Processing /home/saba/airflow_venv/airflow_venv/lib/python3.6/site-packages/airflow/example_dags/example_branch_labels.py took 0.361 seconds
[2022-06-12 14:13:48,744] {processor.py:163} INFO - Started process (PID=4077) to work on /home/saba/airflow_venv/airflow_venv/lib/python3.6/site-packages/airflow/example_dags/example_branch_labels.py
[2022-06-12 14:13:48,748] {processor.py:642} INFO - Processing file /home/saba/airflow_venv/airflow_venv/lib/python3.6/site-packages/airflow/example_dags/example_branch_labels.py for tasks to queue
[2022-06-12 14:13:48,749] {logging_mixin.py:109} INFO - [2022-06-12 14:13:48,749] {dagbag.py:500} INFO - Filling up the DagBag from /home/saba/airflow_venv/airflow_venv/lib/python3.6/site-packages/airflow/example_dags/example_branch_labels.py
[2022-06-12 14:13:48,768] {processor.py:652} INFO - DAG(s) dict_keys(['example_branch_labels']) retrieved from /home/saba/airflow_venv/airflow_venv/lib/python3.6/site-packages/airflow/example_dags/example_branch_labels.py
[2022-06-12 14:13:48,781] {logging_mixin.py:109} INFO - [2022-06-12 14:13:48,781] {dag.py:2398} INFO - Sync 1 DAGs
[2022-06-12 14:13:48,800] {logging_mixin.py:109} INFO - [2022-06-12 14:13:48,800] {dag.py:2937} INFO - Setting next_dagrun for example_branch_labels to 2022-06-11 00:00:00+00:00
[2022-06-12 14:13:48,815] {processor.py:171} INFO - Processing /home/saba/airflow_venv/airflow_venv/lib/python3.6/site-packages/airflow/example_dags/example_branch_labels.py took 0.074 seconds
[2022-06-12 14:14:29,208] {processor.py:163} INFO - Started process (PID=4111) to work on /home/saba/airflow_venv/airflow_venv/lib/python3.6/site-packages/airflow/example_dags/example_branch_labels.py
[2022-06-12 14:14:29,211] {processor.py:642} INFO - Processing file /home/saba/airflow_venv/airflow_venv/lib/python3.6/site-packages/airflow/example_dags/example_branch_labels.py for tasks to queue
[2022-06-12 14:14:29,212] {logging_mixin.py:109} INFO - [2022-06-12 14:14:29,212] {dagbag.py:500} INFO - Filling up the DagBag from /home/saba/airflow_venv/airflow_venv/lib/python3.6/site-packages/airflow/example_dags/example_branch_labels.py
[2022-06-12 14:14:29,256] {processor.py:652} INFO - DAG(s) dict_keys(['example_branch_labels']) retrieved from /home/saba/airflow_venv/airflow_venv/lib/python3.6/site-packages/airflow/example_dags/example_branch_labels.py
[2022-06-12 14:14:29,296] {logging_mixin.py:109} INFO - [2022-06-12 14:14:29,296] {dag.py:2398} INFO - Sync 1 DAGs
[2022-06-12 14:14:29,341] {logging_mixin.py:109} INFO - [2022-06-12 14:14:29,341] {dag.py:2937} INFO - Setting next_dagrun for example_branch_labels to 2022-06-11 00:00:00+00:00
[2022-06-12 14:14:29,372] {processor.py:171} INFO - Processing /home/saba/airflow_venv/airflow_venv/lib/python3.6/site-packages/airflow/example_dags/example_branch_labels.py took 0.171 seconds
[2022-06-12 14:15:02,647] {processor.py:163} INFO - Started process (PID=4143) to work on /home/saba/airflow_venv/airflow_venv/lib/python3.6/site-packages/airflow/example_dags/example_branch_labels.py
[2022-06-12 14:15:02,649] {processor.py:642} INFO - Processing file /home/saba/airflow_venv/airflow_venv/lib/python3.6/site-packages/airflow/example_dags/example_branch_labels.py for tasks to queue
[2022-06-12 14:15:02,650] {logging_mixin.py:109} INFO - [2022-06-12 14:15:02,650] {dagbag.py:500} INFO - Filling up the DagBag from /home/saba/airflow_venv/airflow_venv/lib/python3.6/site-packages/airflow/example_dags/example_branch_labels.py
[2022-06-12 14:15:02,669] {processor.py:652} INFO - DAG(s) dict_keys(['example_branch_labels']) retrieved from /home/saba/airflow_venv/airflow_venv/lib/python3.6/site-packages/airflow/example_dags/example_branch_labels.py
[2022-06-12 14:15:02,683] {logging_mixin.py:109} INFO - [2022-06-12 14:15:02,683] {dag.py:2398} INFO - Sync 1 DAGs
[2022-06-12 14:15:02,702] {logging_mixin.py:109} INFO - [2022-06-12 14:15:02,702] {dag.py:2937} INFO - Setting next_dagrun for example_branch_labels to 2022-06-11 00:00:00+00:00
[2022-06-12 14:15:02,720] {processor.py:171} INFO - Processing /home/saba/airflow_venv/airflow_venv/lib/python3.6/site-packages/airflow/example_dags/example_branch_labels.py took 0.076 seconds
[2022-06-12 14:15:39,500] {processor.py:163} INFO - Started process (PID=4177) to work on /home/saba/airflow_venv/airflow_venv/lib/python3.6/site-packages/airflow/example_dags/example_branch_labels.py
[2022-06-12 14:15:39,503] {processor.py:642} INFO - Processing file /home/saba/airflow_venv/airflow_venv/lib/python3.6/site-packages/airflow/example_dags/example_branch_labels.py for tasks to queue
[2022-06-12 14:15:39,504] {logging_mixin.py:109} INFO - [2022-06-12 14:15:39,504] {dagbag.py:500} INFO - Filling up the DagBag from /home/saba/airflow_venv/airflow_venv/lib/python3.6/site-packages/airflow/example_dags/example_branch_labels.py
[2022-06-12 14:15:39,546] {processor.py:652} INFO - DAG(s) dict_keys(['example_branch_labels']) retrieved from /home/saba/airflow_venv/airflow_venv/lib/python3.6/site-packages/airflow/example_dags/example_branch_labels.py
[2022-06-12 14:15:39,570] {logging_mixin.py:109} INFO - [2022-06-12 14:15:39,570] {dag.py:2398} INFO - Sync 1 DAGs
[2022-06-12 14:15:39,622] {logging_mixin.py:109} INFO - [2022-06-12 14:15:39,622] {dag.py:2937} INFO - Setting next_dagrun for example_branch_labels to 2022-06-11 00:00:00+00:00
[2022-06-12 14:15:39,655] {processor.py:171} INFO - Processing /home/saba/airflow_venv/airflow_venv/lib/python3.6/site-packages/airflow/example_dags/example_branch_labels.py took 0.160 seconds
[2022-06-12 14:16:22,587] {processor.py:163} INFO - Started process (PID=4211) to work on /home/saba/airflow_venv/airflow_venv/lib/python3.6/site-packages/airflow/example_dags/example_branch_labels.py
[2022-06-12 14:16:22,589] {processor.py:642} INFO - Processing file /home/saba/airflow_venv/airflow_venv/lib/python3.6/site-packages/airflow/example_dags/example_branch_labels.py for tasks to queue
[2022-06-12 14:16:22,590] {logging_mixin.py:109} INFO - [2022-06-12 14:16:22,590] {dagbag.py:500} INFO - Filling up the DagBag from /home/saba/airflow_venv/airflow_venv/lib/python3.6/site-packages/airflow/example_dags/example_branch_labels.py
[2022-06-12 14:16:22,608] {processor.py:652} INFO - DAG(s) dict_keys(['example_branch_labels']) retrieved from /home/saba/airflow_venv/airflow_venv/lib/python3.6/site-packages/airflow/example_dags/example_branch_labels.py
[2022-06-12 14:16:22,622] {logging_mixin.py:109} INFO - [2022-06-12 14:16:22,622] {dag.py:2398} INFO - Sync 1 DAGs
[2022-06-12 14:16:22,641] {logging_mixin.py:109} INFO - [2022-06-12 14:16:22,641] {dag.py:2937} INFO - Setting next_dagrun for example_branch_labels to 2022-06-11 00:00:00+00:00
[2022-06-12 14:16:22,655] {processor.py:171} INFO - Processing /home/saba/airflow_venv/airflow_venv/lib/python3.6/site-packages/airflow/example_dags/example_branch_labels.py took 0.072 seconds
[2022-06-12 14:17:07,083] {processor.py:163} INFO - Started process (PID=4244) to work on /home/saba/airflow_venv/airflow_venv/lib/python3.6/site-packages/airflow/example_dags/example_branch_labels.py
[2022-06-12 14:17:07,085] {processor.py:642} INFO - Processing file /home/saba/airflow_venv/airflow_venv/lib/python3.6/site-packages/airflow/example_dags/example_branch_labels.py for tasks to queue
[2022-06-12 14:17:07,086] {logging_mixin.py:109} INFO - [2022-06-12 14:17:07,086] {dagbag.py:500} INFO - Filling up the DagBag from /home/saba/airflow_venv/airflow_venv/lib/python3.6/site-packages/airflow/example_dags/example_branch_labels.py
[2022-06-12 14:17:07,117] {processor.py:652} INFO - DAG(s) dict_keys(['example_branch_labels']) retrieved from /home/saba/airflow_venv/airflow_venv/lib/python3.6/site-packages/airflow/example_dags/example_branch_labels.py
[2022-06-12 14:17:07,139] {logging_mixin.py:109} INFO - [2022-06-12 14:17:07,139] {dag.py:2398} INFO - Sync 1 DAGs
[2022-06-12 14:17:07,169] {logging_mixin.py:109} INFO - [2022-06-12 14:17:07,169] {dag.py:2937} INFO - Setting next_dagrun for example_branch_labels to 2022-06-11 00:00:00+00:00
[2022-06-12 14:17:07,190] {processor.py:171} INFO - Processing /home/saba/airflow_venv/airflow_venv/lib/python3.6/site-packages/airflow/example_dags/example_branch_labels.py took 0.112 seconds
[2022-06-12 14:17:55,716] {processor.py:163} INFO - Started process (PID=4280) to work on /home/saba/airflow_venv/airflow_venv/lib/python3.6/site-packages/airflow/example_dags/example_branch_labels.py
[2022-06-12 14:17:55,721] {processor.py:642} INFO - Processing file /home/saba/airflow_venv/airflow_venv/lib/python3.6/site-packages/airflow/example_dags/example_branch_labels.py for tasks to queue
[2022-06-12 14:17:55,722] {logging_mixin.py:109} INFO - [2022-06-12 14:17:55,722] {dagbag.py:500} INFO - Filling up the DagBag from /home/saba/airflow_venv/airflow_venv/lib/python3.6/site-packages/airflow/example_dags/example_branch_labels.py
[2022-06-12 14:17:55,779] {processor.py:652} INFO - DAG(s) dict_keys(['example_branch_labels']) retrieved from /home/saba/airflow_venv/airflow_venv/lib/python3.6/site-packages/airflow/example_dags/example_branch_labels.py
[2022-06-12 14:17:55,814] {logging_mixin.py:109} INFO - [2022-06-12 14:17:55,814] {dag.py:2398} INFO - Sync 1 DAGs
[2022-06-12 14:17:55,864] {logging_mixin.py:109} INFO - [2022-06-12 14:17:55,864] {dag.py:2937} INFO - Setting next_dagrun for example_branch_labels to 2022-06-11 00:00:00+00:00
[2022-06-12 14:17:55,898] {processor.py:171} INFO - Processing /home/saba/airflow_venv/airflow_venv/lib/python3.6/site-packages/airflow/example_dags/example_branch_labels.py took 0.190 seconds
[2022-06-12 14:18:45,305] {processor.py:163} INFO - Started process (PID=4317) to work on /home/saba/airflow_venv/airflow_venv/lib/python3.6/site-packages/airflow/example_dags/example_branch_labels.py
[2022-06-12 14:18:45,307] {processor.py:642} INFO - Processing file /home/saba/airflow_venv/airflow_venv/lib/python3.6/site-packages/airflow/example_dags/example_branch_labels.py for tasks to queue
[2022-06-12 14:18:45,308] {logging_mixin.py:109} INFO - [2022-06-12 14:18:45,308] {dagbag.py:500} INFO - Filling up the DagBag from /home/saba/airflow_venv/airflow_venv/lib/python3.6/site-packages/airflow/example_dags/example_branch_labels.py
[2022-06-12 14:18:45,331] {processor.py:652} INFO - DAG(s) dict_keys(['example_branch_labels']) retrieved from /home/saba/airflow_venv/airflow_venv/lib/python3.6/site-packages/airflow/example_dags/example_branch_labels.py
[2022-06-12 14:18:45,350] {logging_mixin.py:109} INFO - [2022-06-12 14:18:45,349] {dag.py:2398} INFO - Sync 1 DAGs
[2022-06-12 14:18:45,374] {logging_mixin.py:109} INFO - [2022-06-12 14:18:45,374] {dag.py:2937} INFO - Setting next_dagrun for example_branch_labels to 2022-06-11 00:00:00+00:00
[2022-06-12 14:18:45,413] {processor.py:171} INFO - Processing /home/saba/airflow_venv/airflow_venv/lib/python3.6/site-packages/airflow/example_dags/example_branch_labels.py took 0.111 seconds
