[2022-06-12 14:12:07,417] {processor.py:163} INFO - Started process (PID=4017) to work on /home/saba/airflow_venv/airflow_venv/lib/python3.6/site-packages/airflow/example_dags/example_branch_datetime_operator.py
[2022-06-12 14:12:07,422] {processor.py:642} INFO - Processing file /home/saba/airflow_venv/airflow_venv/lib/python3.6/site-packages/airflow/example_dags/example_branch_datetime_operator.py for tasks to queue
[2022-06-12 14:12:07,424] {logging_mixin.py:109} INFO - [2022-06-12 14:12:07,424] {dagbag.py:500} INFO - Filling up the DagBag from /home/saba/airflow_venv/airflow_venv/lib/python3.6/site-packages/airflow/example_dags/example_branch_datetime_operator.py
[2022-06-12 14:12:07,619] {processor.py:652} INFO - DAG(s) dict_keys(['example_branch_datetime_operator_2']) retrieved from /home/saba/airflow_venv/airflow_venv/lib/python3.6/site-packages/airflow/example_dags/example_branch_datetime_operator.py
[2022-06-12 14:12:07,855] {logging_mixin.py:109} INFO - [2022-06-12 14:12:07,854] {dag.py:2398} INFO - Sync 1 DAGs
[2022-06-12 14:12:08,153] {logging_mixin.py:109} INFO - [2022-06-12 14:12:08,152] {dag.py:2937} INFO - Setting next_dagrun for example_branch_datetime_operator_2 to 2022-06-11 00:00:00+00:00
[2022-06-12 14:12:08,396] {processor.py:171} INFO - Processing /home/saba/airflow_venv/airflow_venv/lib/python3.6/site-packages/airflow/example_dags/example_branch_datetime_operator.py took 0.993 seconds
[2022-06-12 14:13:19,383] {processor.py:163} INFO - Started process (PID=4055) to work on /home/saba/airflow_venv/airflow_venv/lib/python3.6/site-packages/airflow/example_dags/example_branch_datetime_operator.py
[2022-06-12 14:13:19,405] {processor.py:642} INFO - Processing file /home/saba/airflow_venv/airflow_venv/lib/python3.6/site-packages/airflow/example_dags/example_branch_datetime_operator.py for tasks to queue
[2022-06-12 14:13:19,411] {logging_mixin.py:109} INFO - [2022-06-12 14:13:19,410] {dagbag.py:500} INFO - Filling up the DagBag from /home/saba/airflow_venv/airflow_venv/lib/python3.6/site-packages/airflow/example_dags/example_branch_datetime_operator.py
[2022-06-12 14:13:19,516] {processor.py:652} INFO - DAG(s) dict_keys(['example_branch_datetime_operator_2']) retrieved from /home/saba/airflow_venv/airflow_venv/lib/python3.6/site-packages/airflow/example_dags/example_branch_datetime_operator.py
[2022-06-12 14:13:19,592] {logging_mixin.py:109} INFO - [2022-06-12 14:13:19,591] {dag.py:2398} INFO - Sync 1 DAGs
[2022-06-12 14:13:19,698] {logging_mixin.py:109} INFO - [2022-06-12 14:13:19,697] {dag.py:2937} INFO - Setting next_dagrun for example_branch_datetime_operator_2 to 2022-06-11 00:00:00+00:00
[2022-06-12 14:13:19,762] {processor.py:171} INFO - Processing /home/saba/airflow_venv/airflow_venv/lib/python3.6/site-packages/airflow/example_dags/example_branch_datetime_operator.py took 0.396 seconds
[2022-06-12 14:14:05,624] {processor.py:163} INFO - Started process (PID=4092) to work on /home/saba/airflow_venv/airflow_venv/lib/python3.6/site-packages/airflow/example_dags/example_branch_datetime_operator.py
[2022-06-12 14:14:05,628] {processor.py:642} INFO - Processing file /home/saba/airflow_venv/airflow_venv/lib/python3.6/site-packages/airflow/example_dags/example_branch_datetime_operator.py for tasks to queue
[2022-06-12 14:14:05,629] {logging_mixin.py:109} INFO - [2022-06-12 14:14:05,629] {dagbag.py:500} INFO - Filling up the DagBag from /home/saba/airflow_venv/airflow_venv/lib/python3.6/site-packages/airflow/example_dags/example_branch_datetime_operator.py
[2022-06-12 14:14:05,664] {processor.py:652} INFO - DAG(s) dict_keys(['example_branch_datetime_operator_2']) retrieved from /home/saba/airflow_venv/airflow_venv/lib/python3.6/site-packages/airflow/example_dags/example_branch_datetime_operator.py
[2022-06-12 14:14:05,687] {logging_mixin.py:109} INFO - [2022-06-12 14:14:05,687] {dag.py:2398} INFO - Sync 1 DAGs
[2022-06-12 14:14:05,717] {logging_mixin.py:109} INFO - [2022-06-12 14:14:05,717] {dag.py:2937} INFO - Setting next_dagrun for example_branch_datetime_operator_2 to 2022-06-11 00:00:00+00:00
[2022-06-12 14:14:05,740] {processor.py:171} INFO - Processing /home/saba/airflow_venv/airflow_venv/lib/python3.6/site-packages/airflow/example_dags/example_branch_datetime_operator.py took 0.121 seconds
[2022-06-12 14:14:44,842] {processor.py:163} INFO - Started process (PID=4126) to work on /home/saba/airflow_venv/airflow_venv/lib/python3.6/site-packages/airflow/example_dags/example_branch_datetime_operator.py
[2022-06-12 14:14:44,844] {processor.py:642} INFO - Processing file /home/saba/airflow_venv/airflow_venv/lib/python3.6/site-packages/airflow/example_dags/example_branch_datetime_operator.py for tasks to queue
[2022-06-12 14:14:44,845] {logging_mixin.py:109} INFO - [2022-06-12 14:14:44,845] {dagbag.py:500} INFO - Filling up the DagBag from /home/saba/airflow_venv/airflow_venv/lib/python3.6/site-packages/airflow/example_dags/example_branch_datetime_operator.py
[2022-06-12 14:14:44,867] {processor.py:652} INFO - DAG(s) dict_keys(['example_branch_datetime_operator_2']) retrieved from /home/saba/airflow_venv/airflow_venv/lib/python3.6/site-packages/airflow/example_dags/example_branch_datetime_operator.py
[2022-06-12 14:14:44,882] {logging_mixin.py:109} INFO - [2022-06-12 14:14:44,882] {dag.py:2398} INFO - Sync 1 DAGs
[2022-06-12 14:14:44,911] {logging_mixin.py:109} INFO - [2022-06-12 14:14:44,911] {dag.py:2937} INFO - Setting next_dagrun for example_branch_datetime_operator_2 to 2022-06-11 00:00:00+00:00
[2022-06-12 14:14:44,928] {processor.py:171} INFO - Processing /home/saba/airflow_venv/airflow_venv/lib/python3.6/site-packages/airflow/example_dags/example_branch_datetime_operator.py took 0.089 seconds
[2022-06-12 14:15:25,191] {processor.py:163} INFO - Started process (PID=4163) to work on /home/saba/airflow_venv/airflow_venv/lib/python3.6/site-packages/airflow/example_dags/example_branch_datetime_operator.py
[2022-06-12 14:15:25,194] {processor.py:642} INFO - Processing file /home/saba/airflow_venv/airflow_venv/lib/python3.6/site-packages/airflow/example_dags/example_branch_datetime_operator.py for tasks to queue
[2022-06-12 14:15:25,196] {logging_mixin.py:109} INFO - [2022-06-12 14:15:25,195] {dagbag.py:500} INFO - Filling up the DagBag from /home/saba/airflow_venv/airflow_venv/lib/python3.6/site-packages/airflow/example_dags/example_branch_datetime_operator.py
[2022-06-12 14:15:25,231] {processor.py:652} INFO - DAG(s) dict_keys(['example_branch_datetime_operator_2']) retrieved from /home/saba/airflow_venv/airflow_venv/lib/python3.6/site-packages/airflow/example_dags/example_branch_datetime_operator.py
[2022-06-12 14:15:25,256] {logging_mixin.py:109} INFO - [2022-06-12 14:15:25,256] {dag.py:2398} INFO - Sync 1 DAGs
[2022-06-12 14:15:25,289] {logging_mixin.py:109} INFO - [2022-06-12 14:15:25,289] {dag.py:2937} INFO - Setting next_dagrun for example_branch_datetime_operator_2 to 2022-06-11 00:00:00+00:00
[2022-06-12 14:15:25,324] {processor.py:171} INFO - Processing /home/saba/airflow_venv/airflow_venv/lib/python3.6/site-packages/airflow/example_dags/example_branch_datetime_operator.py took 0.138 seconds
[2022-06-12 14:16:08,585] {processor.py:163} INFO - Started process (PID=4198) to work on /home/saba/airflow_venv/airflow_venv/lib/python3.6/site-packages/airflow/example_dags/example_branch_datetime_operator.py
[2022-06-12 14:16:08,588] {processor.py:642} INFO - Processing file /home/saba/airflow_venv/airflow_venv/lib/python3.6/site-packages/airflow/example_dags/example_branch_datetime_operator.py for tasks to queue
[2022-06-12 14:16:08,589] {logging_mixin.py:109} INFO - [2022-06-12 14:16:08,589] {dagbag.py:500} INFO - Filling up the DagBag from /home/saba/airflow_venv/airflow_venv/lib/python3.6/site-packages/airflow/example_dags/example_branch_datetime_operator.py
[2022-06-12 14:16:08,628] {processor.py:652} INFO - DAG(s) dict_keys(['example_branch_datetime_operator_2']) retrieved from /home/saba/airflow_venv/airflow_venv/lib/python3.6/site-packages/airflow/example_dags/example_branch_datetime_operator.py
[2022-06-12 14:16:08,659] {logging_mixin.py:109} INFO - [2022-06-12 14:16:08,658] {dag.py:2398} INFO - Sync 1 DAGs
[2022-06-12 14:16:08,693] {logging_mixin.py:109} INFO - [2022-06-12 14:16:08,693] {dag.py:2937} INFO - Setting next_dagrun for example_branch_datetime_operator_2 to 2022-06-11 00:00:00+00:00
[2022-06-12 14:16:08,716] {processor.py:171} INFO - Processing /home/saba/airflow_venv/airflow_venv/lib/python3.6/site-packages/airflow/example_dags/example_branch_datetime_operator.py took 0.136 seconds
[2022-06-12 14:16:50,629] {processor.py:163} INFO - Started process (PID=4231) to work on /home/saba/airflow_venv/airflow_venv/lib/python3.6/site-packages/airflow/example_dags/example_branch_datetime_operator.py
[2022-06-12 14:16:50,632] {processor.py:642} INFO - Processing file /home/saba/airflow_venv/airflow_venv/lib/python3.6/site-packages/airflow/example_dags/example_branch_datetime_operator.py for tasks to queue
[2022-06-12 14:16:50,633] {logging_mixin.py:109} INFO - [2022-06-12 14:16:50,633] {dagbag.py:500} INFO - Filling up the DagBag from /home/saba/airflow_venv/airflow_venv/lib/python3.6/site-packages/airflow/example_dags/example_branch_datetime_operator.py
[2022-06-12 14:16:50,671] {processor.py:652} INFO - DAG(s) dict_keys(['example_branch_datetime_operator_2']) retrieved from /home/saba/airflow_venv/airflow_venv/lib/python3.6/site-packages/airflow/example_dags/example_branch_datetime_operator.py
[2022-06-12 14:16:50,702] {logging_mixin.py:109} INFO - [2022-06-12 14:16:50,701] {dag.py:2398} INFO - Sync 1 DAGs
[2022-06-12 14:16:50,743] {logging_mixin.py:109} INFO - [2022-06-12 14:16:50,742] {dag.py:2937} INFO - Setting next_dagrun for example_branch_datetime_operator_2 to 2022-06-11 00:00:00+00:00
[2022-06-12 14:16:50,769] {processor.py:171} INFO - Processing /home/saba/airflow_venv/airflow_venv/lib/python3.6/site-packages/airflow/example_dags/example_branch_datetime_operator.py took 0.148 seconds
[2022-06-12 14:17:40,879] {processor.py:163} INFO - Started process (PID=4268) to work on /home/saba/airflow_venv/airflow_venv/lib/python3.6/site-packages/airflow/example_dags/example_branch_datetime_operator.py
[2022-06-12 14:17:40,882] {processor.py:642} INFO - Processing file /home/saba/airflow_venv/airflow_venv/lib/python3.6/site-packages/airflow/example_dags/example_branch_datetime_operator.py for tasks to queue
[2022-06-12 14:17:40,884] {logging_mixin.py:109} INFO - [2022-06-12 14:17:40,884] {dagbag.py:500} INFO - Filling up the DagBag from /home/saba/airflow_venv/airflow_venv/lib/python3.6/site-packages/airflow/example_dags/example_branch_datetime_operator.py
[2022-06-12 14:17:40,932] {processor.py:652} INFO - DAG(s) dict_keys(['example_branch_datetime_operator_2']) retrieved from /home/saba/airflow_venv/airflow_venv/lib/python3.6/site-packages/airflow/example_dags/example_branch_datetime_operator.py
[2022-06-12 14:17:40,966] {logging_mixin.py:109} INFO - [2022-06-12 14:17:40,966] {dag.py:2398} INFO - Sync 1 DAGs
[2022-06-12 14:17:41,015] {logging_mixin.py:109} INFO - [2022-06-12 14:17:41,015] {dag.py:2937} INFO - Setting next_dagrun for example_branch_datetime_operator_2 to 2022-06-11 00:00:00+00:00
[2022-06-12 14:17:41,047] {processor.py:171} INFO - Processing /home/saba/airflow_venv/airflow_venv/lib/python3.6/site-packages/airflow/example_dags/example_branch_datetime_operator.py took 0.175 seconds
[2022-06-12 14:18:28,530] {processor.py:163} INFO - Started process (PID=4303) to work on /home/saba/airflow_venv/airflow_venv/lib/python3.6/site-packages/airflow/example_dags/example_branch_datetime_operator.py
[2022-06-12 14:18:28,534] {processor.py:642} INFO - Processing file /home/saba/airflow_venv/airflow_venv/lib/python3.6/site-packages/airflow/example_dags/example_branch_datetime_operator.py for tasks to queue
[2022-06-12 14:18:28,536] {logging_mixin.py:109} INFO - [2022-06-12 14:18:28,535] {dagbag.py:500} INFO - Filling up the DagBag from /home/saba/airflow_venv/airflow_venv/lib/python3.6/site-packages/airflow/example_dags/example_branch_datetime_operator.py
[2022-06-12 14:18:28,578] {processor.py:652} INFO - DAG(s) dict_keys(['example_branch_datetime_operator_2']) retrieved from /home/saba/airflow_venv/airflow_venv/lib/python3.6/site-packages/airflow/example_dags/example_branch_datetime_operator.py
[2022-06-12 14:18:28,610] {logging_mixin.py:109} INFO - [2022-06-12 14:18:28,609] {dag.py:2398} INFO - Sync 1 DAGs
[2022-06-12 14:18:28,650] {logging_mixin.py:109} INFO - [2022-06-12 14:18:28,649] {dag.py:2937} INFO - Setting next_dagrun for example_branch_datetime_operator_2 to 2022-06-11 00:00:00+00:00
[2022-06-12 14:18:28,678] {processor.py:171} INFO - Processing /home/saba/airflow_venv/airflow_venv/lib/python3.6/site-packages/airflow/example_dags/example_branch_datetime_operator.py took 0.154 seconds
[2022-06-12 14:35:07,639] {processor.py:163} INFO - Started process (PID=4651) to work on /home/saba/airflow_venv/airflow_venv/lib/python3.6/site-packages/airflow/example_dags/example_branch_datetime_operator.py
[2022-06-12 14:35:07,651] {processor.py:642} INFO - Processing file /home/saba/airflow_venv/airflow_venv/lib/python3.6/site-packages/airflow/example_dags/example_branch_datetime_operator.py for tasks to queue
[2022-06-12 14:35:07,654] {logging_mixin.py:109} INFO - [2022-06-12 14:35:07,653] {dagbag.py:500} INFO - Filling up the DagBag from /home/saba/airflow_venv/airflow_venv/lib/python3.6/site-packages/airflow/example_dags/example_branch_datetime_operator.py
[2022-06-12 14:35:07,752] {processor.py:652} INFO - DAG(s) dict_keys(['example_branch_datetime_operator_2']) retrieved from /home/saba/airflow_venv/airflow_venv/lib/python3.6/site-packages/airflow/example_dags/example_branch_datetime_operator.py
[2022-06-12 14:35:07,817] {logging_mixin.py:109} INFO - [2022-06-12 14:35:07,816] {dag.py:2398} INFO - Sync 1 DAGs
[2022-06-12 14:35:07,918] {logging_mixin.py:109} INFO - [2022-06-12 14:35:07,917] {dag.py:2937} INFO - Setting next_dagrun for example_branch_datetime_operator_2 to 2022-06-11 00:00:00+00:00
[2022-06-12 14:35:07,975] {processor.py:171} INFO - Processing /home/saba/airflow_venv/airflow_venv/lib/python3.6/site-packages/airflow/example_dags/example_branch_datetime_operator.py took 0.348 seconds
