[2022-06-12 14:10:53,389] {processor.py:163} INFO - Started process (PID=3989) to work on /home/saba/airflow_venv/airflow_venv/lib/python3.6/site-packages/airflow/example_dags/example_latest_only_with_trigger.py
[2022-06-12 14:10:56,001] {processor.py:642} INFO - Processing file /home/saba/airflow_venv/airflow_venv/lib/python3.6/site-packages/airflow/example_dags/example_latest_only_with_trigger.py for tasks to queue
[2022-06-12 14:10:56,007] {logging_mixin.py:109} INFO - [2022-06-12 14:10:56,006] {dagbag.py:500} INFO - Filling up the DagBag from /home/saba/airflow_venv/airflow_venv/lib/python3.6/site-packages/airflow/example_dags/example_latest_only_with_trigger.py
[2022-06-12 14:10:56,437] {processor.py:652} INFO - DAG(s) dict_keys(['latest_only_with_trigger']) retrieved from /home/saba/airflow_venv/airflow_venv/lib/python3.6/site-packages/airflow/example_dags/example_latest_only_with_trigger.py
[2022-06-12 14:10:56,758] {logging_mixin.py:109} INFO - [2022-06-12 14:10:56,757] {dag.py:2398} INFO - Sync 1 DAGs
[2022-06-12 14:10:57,037] {logging_mixin.py:109} INFO - [2022-06-12 14:10:57,028] {dag.py:2937} INFO - Setting next_dagrun for latest_only_with_trigger to 2022-06-12T08:10:57.026594+00:00
[2022-06-12 14:10:57,340] {processor.py:171} INFO - Processing /home/saba/airflow_venv/airflow_venv/lib/python3.6/site-packages/airflow/example_dags/example_latest_only_with_trigger.py took 3.995 seconds
[2022-06-12 14:12:55,062] {processor.py:163} INFO - Started process (PID=4039) to work on /home/saba/airflow_venv/airflow_venv/lib/python3.6/site-packages/airflow/example_dags/example_latest_only_with_trigger.py
[2022-06-12 14:12:55,066] {processor.py:642} INFO - Processing file /home/saba/airflow_venv/airflow_venv/lib/python3.6/site-packages/airflow/example_dags/example_latest_only_with_trigger.py for tasks to queue
[2022-06-12 14:12:55,067] {logging_mixin.py:109} INFO - [2022-06-12 14:12:55,067] {dagbag.py:500} INFO - Filling up the DagBag from /home/saba/airflow_venv/airflow_venv/lib/python3.6/site-packages/airflow/example_dags/example_latest_only_with_trigger.py
[2022-06-12 14:12:55,133] {processor.py:652} INFO - DAG(s) dict_keys(['latest_only_with_trigger']) retrieved from /home/saba/airflow_venv/airflow_venv/lib/python3.6/site-packages/airflow/example_dags/example_latest_only_with_trigger.py
[2022-06-12 14:12:55,179] {logging_mixin.py:109} INFO - [2022-06-12 14:12:55,179] {dag.py:2398} INFO - Sync 1 DAGs
[2022-06-12 14:12:55,252] {logging_mixin.py:109} INFO - [2022-06-12 14:12:55,251] {dag.py:2937} INFO - Setting next_dagrun for latest_only_with_trigger to 2022-06-12T08:12:55.250170+00:00
[2022-06-12 14:12:55,301] {processor.py:171} INFO - Processing /home/saba/airflow_venv/airflow_venv/lib/python3.6/site-packages/airflow/example_dags/example_latest_only_with_trigger.py took 0.250 seconds
[2022-06-12 14:13:57,938] {processor.py:163} INFO - Started process (PID=4085) to work on /home/saba/airflow_venv/airflow_venv/lib/python3.6/site-packages/airflow/example_dags/example_latest_only_with_trigger.py
[2022-06-12 14:13:57,940] {processor.py:642} INFO - Processing file /home/saba/airflow_venv/airflow_venv/lib/python3.6/site-packages/airflow/example_dags/example_latest_only_with_trigger.py for tasks to queue
[2022-06-12 14:13:57,941] {logging_mixin.py:109} INFO - [2022-06-12 14:13:57,941] {dagbag.py:500} INFO - Filling up the DagBag from /home/saba/airflow_venv/airflow_venv/lib/python3.6/site-packages/airflow/example_dags/example_latest_only_with_trigger.py
[2022-06-12 14:13:57,971] {processor.py:652} INFO - DAG(s) dict_keys(['latest_only_with_trigger']) retrieved from /home/saba/airflow_venv/airflow_venv/lib/python3.6/site-packages/airflow/example_dags/example_latest_only_with_trigger.py
[2022-06-12 14:13:57,995] {logging_mixin.py:109} INFO - [2022-06-12 14:13:57,995] {dag.py:2398} INFO - Sync 1 DAGs
[2022-06-12 14:13:58,022] {logging_mixin.py:109} INFO - [2022-06-12 14:13:58,022] {dag.py:2937} INFO - Setting next_dagrun for latest_only_with_trigger to 2022-06-12T08:13:58.022078+00:00
[2022-06-12 14:13:58,046] {processor.py:171} INFO - Processing /home/saba/airflow_venv/airflow_venv/lib/python3.6/site-packages/airflow/example_dags/example_latest_only_with_trigger.py took 0.113 seconds
[2022-06-12 14:14:38,076] {processor.py:163} INFO - Started process (PID=4119) to work on /home/saba/airflow_venv/airflow_venv/lib/python3.6/site-packages/airflow/example_dags/example_latest_only_with_trigger.py
[2022-06-12 14:14:38,078] {processor.py:642} INFO - Processing file /home/saba/airflow_venv/airflow_venv/lib/python3.6/site-packages/airflow/example_dags/example_latest_only_with_trigger.py for tasks to queue
[2022-06-12 14:14:38,079] {logging_mixin.py:109} INFO - [2022-06-12 14:14:38,079] {dagbag.py:500} INFO - Filling up the DagBag from /home/saba/airflow_venv/airflow_venv/lib/python3.6/site-packages/airflow/example_dags/example_latest_only_with_trigger.py
[2022-06-12 14:14:38,101] {processor.py:652} INFO - DAG(s) dict_keys(['latest_only_with_trigger']) retrieved from /home/saba/airflow_venv/airflow_venv/lib/python3.6/site-packages/airflow/example_dags/example_latest_only_with_trigger.py
[2022-06-12 14:14:38,117] {logging_mixin.py:109} INFO - [2022-06-12 14:14:38,116] {dag.py:2398} INFO - Sync 1 DAGs
[2022-06-12 14:14:38,137] {logging_mixin.py:109} INFO - [2022-06-12 14:14:38,136] {dag.py:2937} INFO - Setting next_dagrun for latest_only_with_trigger to 2022-06-12T08:14:38.136608+00:00
[2022-06-12 14:14:38,154] {processor.py:171} INFO - Processing /home/saba/airflow_venv/airflow_venv/lib/python3.6/site-packages/airflow/example_dags/example_latest_only_with_trigger.py took 0.082 seconds
[2022-06-12 14:15:19,873] {processor.py:163} INFO - Started process (PID=4158) to work on /home/saba/airflow_venv/airflow_venv/lib/python3.6/site-packages/airflow/example_dags/example_latest_only_with_trigger.py
[2022-06-12 14:15:19,875] {processor.py:642} INFO - Processing file /home/saba/airflow_venv/airflow_venv/lib/python3.6/site-packages/airflow/example_dags/example_latest_only_with_trigger.py for tasks to queue
[2022-06-12 14:15:19,876] {logging_mixin.py:109} INFO - [2022-06-12 14:15:19,875] {dagbag.py:500} INFO - Filling up the DagBag from /home/saba/airflow_venv/airflow_venv/lib/python3.6/site-packages/airflow/example_dags/example_latest_only_with_trigger.py
[2022-06-12 14:15:19,899] {processor.py:652} INFO - DAG(s) dict_keys(['latest_only_with_trigger']) retrieved from /home/saba/airflow_venv/airflow_venv/lib/python3.6/site-packages/airflow/example_dags/example_latest_only_with_trigger.py
[2022-06-12 14:15:19,918] {logging_mixin.py:109} INFO - [2022-06-12 14:15:19,918] {dag.py:2398} INFO - Sync 1 DAGs
[2022-06-12 14:15:19,938] {logging_mixin.py:109} INFO - [2022-06-12 14:15:19,938] {dag.py:2937} INFO - Setting next_dagrun for latest_only_with_trigger to 2022-06-12T08:15:19.938230+00:00
[2022-06-12 14:15:19,956] {processor.py:171} INFO - Processing /home/saba/airflow_venv/airflow_venv/lib/python3.6/site-packages/airflow/example_dags/example_latest_only_with_trigger.py took 0.087 seconds
[2022-06-12 14:16:09,844] {processor.py:163} INFO - Started process (PID=4199) to work on /home/saba/airflow_venv/airflow_venv/lib/python3.6/site-packages/airflow/example_dags/example_latest_only_with_trigger.py
[2022-06-12 14:16:09,847] {processor.py:642} INFO - Processing file /home/saba/airflow_venv/airflow_venv/lib/python3.6/site-packages/airflow/example_dags/example_latest_only_with_trigger.py for tasks to queue
[2022-06-12 14:16:09,848] {logging_mixin.py:109} INFO - [2022-06-12 14:16:09,848] {dagbag.py:500} INFO - Filling up the DagBag from /home/saba/airflow_venv/airflow_venv/lib/python3.6/site-packages/airflow/example_dags/example_latest_only_with_trigger.py
[2022-06-12 14:16:09,878] {processor.py:652} INFO - DAG(s) dict_keys(['latest_only_with_trigger']) retrieved from /home/saba/airflow_venv/airflow_venv/lib/python3.6/site-packages/airflow/example_dags/example_latest_only_with_trigger.py
[2022-06-12 14:16:09,903] {logging_mixin.py:109} INFO - [2022-06-12 14:16:09,903] {dag.py:2398} INFO - Sync 1 DAGs
[2022-06-12 14:16:09,936] {logging_mixin.py:109} INFO - [2022-06-12 14:16:09,935] {dag.py:2937} INFO - Setting next_dagrun for latest_only_with_trigger to 2022-06-12T08:16:09.935142+00:00
[2022-06-12 14:16:09,957] {processor.py:171} INFO - Processing /home/saba/airflow_venv/airflow_venv/lib/python3.6/site-packages/airflow/example_dags/example_latest_only_with_trigger.py took 0.118 seconds
[2022-06-12 14:16:53,511] {processor.py:163} INFO - Started process (PID=4233) to work on /home/saba/airflow_venv/airflow_venv/lib/python3.6/site-packages/airflow/example_dags/example_latest_only_with_trigger.py
[2022-06-12 14:16:53,515] {processor.py:642} INFO - Processing file /home/saba/airflow_venv/airflow_venv/lib/python3.6/site-packages/airflow/example_dags/example_latest_only_with_trigger.py for tasks to queue
[2022-06-12 14:16:53,517] {logging_mixin.py:109} INFO - [2022-06-12 14:16:53,517] {dagbag.py:500} INFO - Filling up the DagBag from /home/saba/airflow_venv/airflow_venv/lib/python3.6/site-packages/airflow/example_dags/example_latest_only_with_trigger.py
[2022-06-12 14:16:53,584] {processor.py:652} INFO - DAG(s) dict_keys(['latest_only_with_trigger']) retrieved from /home/saba/airflow_venv/airflow_venv/lib/python3.6/site-packages/airflow/example_dags/example_latest_only_with_trigger.py
[2022-06-12 14:16:53,633] {logging_mixin.py:109} INFO - [2022-06-12 14:16:53,633] {dag.py:2398} INFO - Sync 1 DAGs
[2022-06-12 14:16:53,693] {logging_mixin.py:109} INFO - [2022-06-12 14:16:53,693] {dag.py:2937} INFO - Setting next_dagrun for latest_only_with_trigger to 2022-06-12T08:16:53.692302+00:00
[2022-06-12 14:16:53,732] {processor.py:171} INFO - Processing /home/saba/airflow_venv/airflow_venv/lib/python3.6/site-packages/airflow/example_dags/example_latest_only_with_trigger.py took 0.238 seconds
[2022-06-12 14:17:43,487] {processor.py:163} INFO - Started process (PID=4270) to work on /home/saba/airflow_venv/airflow_venv/lib/python3.6/site-packages/airflow/example_dags/example_latest_only_with_trigger.py
[2022-06-12 14:17:43,500] {processor.py:642} INFO - Processing file /home/saba/airflow_venv/airflow_venv/lib/python3.6/site-packages/airflow/example_dags/example_latest_only_with_trigger.py for tasks to queue
[2022-06-12 14:17:43,504] {logging_mixin.py:109} INFO - [2022-06-12 14:17:43,503] {dagbag.py:500} INFO - Filling up the DagBag from /home/saba/airflow_venv/airflow_venv/lib/python3.6/site-packages/airflow/example_dags/example_latest_only_with_trigger.py
[2022-06-12 14:17:43,566] {processor.py:652} INFO - DAG(s) dict_keys(['latest_only_with_trigger']) retrieved from /home/saba/airflow_venv/airflow_venv/lib/python3.6/site-packages/airflow/example_dags/example_latest_only_with_trigger.py
[2022-06-12 14:17:43,607] {logging_mixin.py:109} INFO - [2022-06-12 14:17:43,606] {dag.py:2398} INFO - Sync 1 DAGs
[2022-06-12 14:17:43,642] {logging_mixin.py:109} INFO - [2022-06-12 14:17:43,642] {dag.py:2937} INFO - Setting next_dagrun for latest_only_with_trigger to 2022-06-12T08:17:43.641795+00:00
[2022-06-12 14:17:43,670] {processor.py:171} INFO - Processing /home/saba/airflow_venv/airflow_venv/lib/python3.6/site-packages/airflow/example_dags/example_latest_only_with_trigger.py took 0.204 seconds
[2022-06-12 14:18:31,047] {processor.py:163} INFO - Started process (PID=4305) to work on /home/saba/airflow_venv/airflow_venv/lib/python3.6/site-packages/airflow/example_dags/example_latest_only_with_trigger.py
[2022-06-12 14:18:31,049] {processor.py:642} INFO - Processing file /home/saba/airflow_venv/airflow_venv/lib/python3.6/site-packages/airflow/example_dags/example_latest_only_with_trigger.py for tasks to queue
[2022-06-12 14:18:31,050] {logging_mixin.py:109} INFO - [2022-06-12 14:18:31,050] {dagbag.py:500} INFO - Filling up the DagBag from /home/saba/airflow_venv/airflow_venv/lib/python3.6/site-packages/airflow/example_dags/example_latest_only_with_trigger.py
[2022-06-12 14:18:31,075] {processor.py:652} INFO - DAG(s) dict_keys(['latest_only_with_trigger']) retrieved from /home/saba/airflow_venv/airflow_venv/lib/python3.6/site-packages/airflow/example_dags/example_latest_only_with_trigger.py
[2022-06-12 14:18:31,096] {logging_mixin.py:109} INFO - [2022-06-12 14:18:31,096] {dag.py:2398} INFO - Sync 1 DAGs
[2022-06-12 14:18:31,121] {logging_mixin.py:109} INFO - [2022-06-12 14:18:31,120] {dag.py:2937} INFO - Setting next_dagrun for latest_only_with_trigger to 2022-06-12T08:18:31.120546+00:00
[2022-06-12 14:18:31,141] {processor.py:171} INFO - Processing /home/saba/airflow_venv/airflow_venv/lib/python3.6/site-packages/airflow/example_dags/example_latest_only_with_trigger.py took 0.098 seconds
[2022-06-12 14:35:30,465] {processor.py:163} INFO - Started process (PID=4653) to work on /home/saba/airflow_venv/airflow_venv/lib/python3.6/site-packages/airflow/example_dags/example_latest_only_with_trigger.py
[2022-06-12 14:35:30,476] {processor.py:642} INFO - Processing file /home/saba/airflow_venv/airflow_venv/lib/python3.6/site-packages/airflow/example_dags/example_latest_only_with_trigger.py for tasks to queue
[2022-06-12 14:35:30,478] {logging_mixin.py:109} INFO - [2022-06-12 14:35:30,477] {dagbag.py:500} INFO - Filling up the DagBag from /home/saba/airflow_venv/airflow_venv/lib/python3.6/site-packages/airflow/example_dags/example_latest_only_with_trigger.py
[2022-06-13 11:28:45,836] {processor.py:652} INFO - DAG(s) dict_keys(['latest_only_with_trigger']) retrieved from /home/saba/airflow_venv/airflow_venv/lib/python3.6/site-packages/airflow/example_dags/example_latest_only_with_trigger.py
[2022-06-13 11:28:45,905] {logging_mixin.py:109} INFO - [2022-06-13 11:28:45,904] {dag.py:2398} INFO - Sync 1 DAGs
[2022-06-13 11:28:45,987] {logging_mixin.py:109} INFO - [2022-06-13 11:28:45,987] {dag.py:2937} INFO - Setting next_dagrun for latest_only_with_trigger to 2022-06-13T05:28:45.986799+00:00
[2022-06-13 11:28:46,045] {processor.py:171} INFO - Processing /home/saba/airflow_venv/airflow_venv/lib/python3.6/site-packages/airflow/example_dags/example_latest_only_with_trigger.py took 0.335 seconds
