[2022-06-12 14:11:31,306] {processor.py:163} INFO - Started process (PID=4000) to work on /home/saba/airflow_venv/airflow_venv/lib/python3.6/site-packages/airflow/example_dags/example_xcomargs.py
[2022-06-12 14:11:31,320] {processor.py:642} INFO - Processing file /home/saba/airflow_venv/airflow_venv/lib/python3.6/site-packages/airflow/example_dags/example_xcomargs.py for tasks to queue
[2022-06-12 14:11:31,334] {logging_mixin.py:109} INFO - [2022-06-12 14:11:31,333] {dagbag.py:500} INFO - Filling up the DagBag from /home/saba/airflow_venv/airflow_venv/lib/python3.6/site-packages/airflow/example_dags/example_xcomargs.py
[2022-06-12 14:11:31,551] {processor.py:652} INFO - DAG(s) dict_keys(['example_xcom_args', 'example_xcom_args_with_operators']) retrieved from /home/saba/airflow_venv/airflow_venv/lib/python3.6/site-packages/airflow/example_dags/example_xcomargs.py
[2022-06-12 14:11:34,194] {logging_mixin.py:109} INFO - [2022-06-12 14:11:34,193] {dag.py:2398} INFO - Sync 2 DAGs
[2022-06-12 14:11:34,321] {logging_mixin.py:109} INFO - [2022-06-12 14:11:34,320] {dag.py:2937} INFO - Setting next_dagrun for example_xcom_args to None
[2022-06-12 14:11:34,322] {logging_mixin.py:109} INFO - [2022-06-12 14:11:34,322] {dag.py:2937} INFO - Setting next_dagrun for example_xcom_args_with_operators to None
[2022-06-12 14:11:34,439] {processor.py:171} INFO - Processing /home/saba/airflow_venv/airflow_venv/lib/python3.6/site-packages/airflow/example_dags/example_xcomargs.py took 3.019 seconds
[2022-06-12 14:12:37,729] {processor.py:163} INFO - Started process (PID=4030) to work on /home/saba/airflow_venv/airflow_venv/lib/python3.6/site-packages/airflow/example_dags/example_xcomargs.py
[2022-06-12 14:12:37,739] {processor.py:642} INFO - Processing file /home/saba/airflow_venv/airflow_venv/lib/python3.6/site-packages/airflow/example_dags/example_xcomargs.py for tasks to queue
[2022-06-12 14:12:37,742] {logging_mixin.py:109} INFO - [2022-06-12 14:12:37,741] {dagbag.py:500} INFO - Filling up the DagBag from /home/saba/airflow_venv/airflow_venv/lib/python3.6/site-packages/airflow/example_dags/example_xcomargs.py
[2022-06-12 14:12:38,022] {processor.py:652} INFO - DAG(s) dict_keys(['example_xcom_args', 'example_xcom_args_with_operators']) retrieved from /home/saba/airflow_venv/airflow_venv/lib/python3.6/site-packages/airflow/example_dags/example_xcomargs.py
[2022-06-12 14:12:39,529] {logging_mixin.py:109} INFO - [2022-06-12 14:12:39,528] {dag.py:2398} INFO - Sync 2 DAGs
[2022-06-12 14:12:39,624] {logging_mixin.py:109} INFO - [2022-06-12 14:12:39,624] {dag.py:2937} INFO - Setting next_dagrun for example_xcom_args to None
[2022-06-12 14:12:39,626] {logging_mixin.py:109} INFO - [2022-06-12 14:12:39,626] {dag.py:2937} INFO - Setting next_dagrun for example_xcom_args_with_operators to None
[2022-06-12 14:12:39,719] {processor.py:171} INFO - Processing /home/saba/airflow_venv/airflow_venv/lib/python3.6/site-packages/airflow/example_dags/example_xcomargs.py took 2.005 seconds
[2022-06-12 14:13:34,111] {processor.py:163} INFO - Started process (PID=4064) to work on /home/saba/airflow_venv/airflow_venv/lib/python3.6/site-packages/airflow/example_dags/example_xcomargs.py
[2022-06-12 14:13:34,114] {processor.py:642} INFO - Processing file /home/saba/airflow_venv/airflow_venv/lib/python3.6/site-packages/airflow/example_dags/example_xcomargs.py for tasks to queue
[2022-06-12 14:13:34,115] {logging_mixin.py:109} INFO - [2022-06-12 14:13:34,115] {dagbag.py:500} INFO - Filling up the DagBag from /home/saba/airflow_venv/airflow_venv/lib/python3.6/site-packages/airflow/example_dags/example_xcomargs.py
[2022-06-12 14:13:34,179] {processor.py:652} INFO - DAG(s) dict_keys(['example_xcom_args', 'example_xcom_args_with_operators']) retrieved from /home/saba/airflow_venv/airflow_venv/lib/python3.6/site-packages/airflow/example_dags/example_xcomargs.py
[2022-06-12 14:13:34,655] {logging_mixin.py:109} INFO - [2022-06-12 14:13:34,654] {dag.py:2398} INFO - Sync 2 DAGs
[2022-06-12 14:13:34,682] {logging_mixin.py:109} INFO - [2022-06-12 14:13:34,682] {dag.py:2937} INFO - Setting next_dagrun for example_xcom_args to None
[2022-06-12 14:13:34,683] {logging_mixin.py:109} INFO - [2022-06-12 14:13:34,683] {dag.py:2937} INFO - Setting next_dagrun for example_xcom_args_with_operators to None
[2022-06-12 14:13:34,712] {processor.py:171} INFO - Processing /home/saba/airflow_venv/airflow_venv/lib/python3.6/site-packages/airflow/example_dags/example_xcomargs.py took 0.607 seconds
[2022-06-12 14:14:13,027] {processor.py:163} INFO - Started process (PID=4098) to work on /home/saba/airflow_venv/airflow_venv/lib/python3.6/site-packages/airflow/example_dags/example_xcomargs.py
[2022-06-12 14:14:13,029] {processor.py:642} INFO - Processing file /home/saba/airflow_venv/airflow_venv/lib/python3.6/site-packages/airflow/example_dags/example_xcomargs.py for tasks to queue
[2022-06-12 14:14:13,030] {logging_mixin.py:109} INFO - [2022-06-12 14:14:13,030] {dagbag.py:500} INFO - Filling up the DagBag from /home/saba/airflow_venv/airflow_venv/lib/python3.6/site-packages/airflow/example_dags/example_xcomargs.py
[2022-06-12 14:14:13,076] {processor.py:652} INFO - DAG(s) dict_keys(['example_xcom_args', 'example_xcom_args_with_operators']) retrieved from /home/saba/airflow_venv/airflow_venv/lib/python3.6/site-packages/airflow/example_dags/example_xcomargs.py
[2022-06-12 14:14:13,313] {logging_mixin.py:109} INFO - [2022-06-12 14:14:13,313] {dag.py:2398} INFO - Sync 2 DAGs
[2022-06-12 14:14:13,327] {logging_mixin.py:109} INFO - [2022-06-12 14:14:13,327] {dag.py:2937} INFO - Setting next_dagrun for example_xcom_args to None
[2022-06-12 14:14:13,328] {logging_mixin.py:109} INFO - [2022-06-12 14:14:13,327] {dag.py:2937} INFO - Setting next_dagrun for example_xcom_args_with_operators to None
[2022-06-12 14:14:13,347] {processor.py:171} INFO - Processing /home/saba/airflow_venv/airflow_venv/lib/python3.6/site-packages/airflow/example_dags/example_xcomargs.py took 0.325 seconds
[2022-06-12 14:14:51,174] {processor.py:163} INFO - Started process (PID=4132) to work on /home/saba/airflow_venv/airflow_venv/lib/python3.6/site-packages/airflow/example_dags/example_xcomargs.py
[2022-06-12 14:14:51,177] {processor.py:642} INFO - Processing file /home/saba/airflow_venv/airflow_venv/lib/python3.6/site-packages/airflow/example_dags/example_xcomargs.py for tasks to queue
[2022-06-12 14:14:51,177] {logging_mixin.py:109} INFO - [2022-06-12 14:14:51,177] {dagbag.py:500} INFO - Filling up the DagBag from /home/saba/airflow_venv/airflow_venv/lib/python3.6/site-packages/airflow/example_dags/example_xcomargs.py
[2022-06-12 14:14:51,202] {processor.py:652} INFO - DAG(s) dict_keys(['example_xcom_args', 'example_xcom_args_with_operators']) retrieved from /home/saba/airflow_venv/airflow_venv/lib/python3.6/site-packages/airflow/example_dags/example_xcomargs.py
[2022-06-12 14:14:51,422] {logging_mixin.py:109} INFO - [2022-06-12 14:14:51,422] {dag.py:2398} INFO - Sync 2 DAGs
[2022-06-12 14:14:51,436] {logging_mixin.py:109} INFO - [2022-06-12 14:14:51,436] {dag.py:2937} INFO - Setting next_dagrun for example_xcom_args to None
[2022-06-12 14:14:51,436] {logging_mixin.py:109} INFO - [2022-06-12 14:14:51,436] {dag.py:2937} INFO - Setting next_dagrun for example_xcom_args_with_operators to None
[2022-06-12 14:14:51,455] {processor.py:171} INFO - Processing /home/saba/airflow_venv/airflow_venv/lib/python3.6/site-packages/airflow/example_dags/example_xcomargs.py took 0.284 seconds
[2022-06-12 14:15:30,471] {processor.py:163} INFO - Started process (PID=4168) to work on /home/saba/airflow_venv/airflow_venv/lib/python3.6/site-packages/airflow/example_dags/example_xcomargs.py
[2022-06-12 14:15:30,473] {processor.py:642} INFO - Processing file /home/saba/airflow_venv/airflow_venv/lib/python3.6/site-packages/airflow/example_dags/example_xcomargs.py for tasks to queue
[2022-06-12 14:15:30,474] {logging_mixin.py:109} INFO - [2022-06-12 14:15:30,474] {dagbag.py:500} INFO - Filling up the DagBag from /home/saba/airflow_venv/airflow_venv/lib/python3.6/site-packages/airflow/example_dags/example_xcomargs.py
[2022-06-12 14:15:30,514] {processor.py:652} INFO - DAG(s) dict_keys(['example_xcom_args', 'example_xcom_args_with_operators']) retrieved from /home/saba/airflow_venv/airflow_venv/lib/python3.6/site-packages/airflow/example_dags/example_xcomargs.py
[2022-06-12 14:15:30,837] {logging_mixin.py:109} INFO - [2022-06-12 14:15:30,837] {dag.py:2398} INFO - Sync 2 DAGs
[2022-06-12 14:15:30,860] {logging_mixin.py:109} INFO - [2022-06-12 14:15:30,860] {dag.py:2937} INFO - Setting next_dagrun for example_xcom_args to None
[2022-06-12 14:15:30,861] {logging_mixin.py:109} INFO - [2022-06-12 14:15:30,861] {dag.py:2937} INFO - Setting next_dagrun for example_xcom_args_with_operators to None
[2022-06-12 14:15:30,884] {processor.py:171} INFO - Processing /home/saba/airflow_venv/airflow_venv/lib/python3.6/site-packages/airflow/example_dags/example_xcomargs.py took 0.417 seconds
[2022-06-12 14:16:16,296] {processor.py:163} INFO - Started process (PID=4205) to work on /home/saba/airflow_venv/airflow_venv/lib/python3.6/site-packages/airflow/example_dags/example_xcomargs.py
[2022-06-12 14:16:16,298] {processor.py:642} INFO - Processing file /home/saba/airflow_venv/airflow_venv/lib/python3.6/site-packages/airflow/example_dags/example_xcomargs.py for tasks to queue
[2022-06-12 14:16:16,299] {logging_mixin.py:109} INFO - [2022-06-12 14:16:16,299] {dagbag.py:500} INFO - Filling up the DagBag from /home/saba/airflow_venv/airflow_venv/lib/python3.6/site-packages/airflow/example_dags/example_xcomargs.py
[2022-06-12 14:16:16,330] {processor.py:652} INFO - DAG(s) dict_keys(['example_xcom_args', 'example_xcom_args_with_operators']) retrieved from /home/saba/airflow_venv/airflow_venv/lib/python3.6/site-packages/airflow/example_dags/example_xcomargs.py
[2022-06-12 14:16:16,614] {logging_mixin.py:109} INFO - [2022-06-12 14:16:16,613] {dag.py:2398} INFO - Sync 2 DAGs
[2022-06-12 14:16:16,630] {logging_mixin.py:109} INFO - [2022-06-12 14:16:16,629] {dag.py:2937} INFO - Setting next_dagrun for example_xcom_args to None
[2022-06-12 14:16:16,630] {logging_mixin.py:109} INFO - [2022-06-12 14:16:16,630] {dag.py:2937} INFO - Setting next_dagrun for example_xcom_args_with_operators to None
[2022-06-12 14:16:16,651] {processor.py:171} INFO - Processing /home/saba/airflow_venv/airflow_venv/lib/python3.6/site-packages/airflow/example_dags/example_xcomargs.py took 0.358 seconds
[2022-06-12 14:17:00,357] {processor.py:163} INFO - Started process (PID=4238) to work on /home/saba/airflow_venv/airflow_venv/lib/python3.6/site-packages/airflow/example_dags/example_xcomargs.py
[2022-06-12 14:17:00,361] {processor.py:642} INFO - Processing file /home/saba/airflow_venv/airflow_venv/lib/python3.6/site-packages/airflow/example_dags/example_xcomargs.py for tasks to queue
[2022-06-12 14:17:00,363] {logging_mixin.py:109} INFO - [2022-06-12 14:17:00,363] {dagbag.py:500} INFO - Filling up the DagBag from /home/saba/airflow_venv/airflow_venv/lib/python3.6/site-packages/airflow/example_dags/example_xcomargs.py
[2022-06-12 14:17:00,462] {processor.py:652} INFO - DAG(s) dict_keys(['example_xcom_args', 'example_xcom_args_with_operators']) retrieved from /home/saba/airflow_venv/airflow_venv/lib/python3.6/site-packages/airflow/example_dags/example_xcomargs.py
[2022-06-12 14:17:01,217] {logging_mixin.py:109} INFO - [2022-06-12 14:17:01,217] {dag.py:2398} INFO - Sync 2 DAGs
[2022-06-12 14:17:01,248] {logging_mixin.py:109} INFO - [2022-06-12 14:17:01,248] {dag.py:2937} INFO - Setting next_dagrun for example_xcom_args to None
[2022-06-12 14:17:01,249] {logging_mixin.py:109} INFO - [2022-06-12 14:17:01,249] {dag.py:2937} INFO - Setting next_dagrun for example_xcom_args_with_operators to None
[2022-06-12 14:17:01,283] {processor.py:171} INFO - Processing /home/saba/airflow_venv/airflow_venv/lib/python3.6/site-packages/airflow/example_dags/example_xcomargs.py took 0.937 seconds
[2022-06-12 14:17:49,268] {processor.py:163} INFO - Started process (PID=4274) to work on /home/saba/airflow_venv/airflow_venv/lib/python3.6/site-packages/airflow/example_dags/example_xcomargs.py
[2022-06-12 14:17:49,273] {processor.py:642} INFO - Processing file /home/saba/airflow_venv/airflow_venv/lib/python3.6/site-packages/airflow/example_dags/example_xcomargs.py for tasks to queue
[2022-06-12 14:17:49,274] {logging_mixin.py:109} INFO - [2022-06-12 14:17:49,274] {dagbag.py:500} INFO - Filling up the DagBag from /home/saba/airflow_venv/airflow_venv/lib/python3.6/site-packages/airflow/example_dags/example_xcomargs.py
[2022-06-12 14:17:49,316] {processor.py:652} INFO - DAG(s) dict_keys(['example_xcom_args', 'example_xcom_args_with_operators']) retrieved from /home/saba/airflow_venv/airflow_venv/lib/python3.6/site-packages/airflow/example_dags/example_xcomargs.py
[2022-06-12 14:17:49,730] {logging_mixin.py:109} INFO - [2022-06-12 14:17:49,729] {dag.py:2398} INFO - Sync 2 DAGs
[2022-06-12 14:17:49,756] {logging_mixin.py:109} INFO - [2022-06-12 14:17:49,756] {dag.py:2937} INFO - Setting next_dagrun for example_xcom_args to None
[2022-06-12 14:17:49,756] {logging_mixin.py:109} INFO - [2022-06-12 14:17:49,756] {dag.py:2937} INFO - Setting next_dagrun for example_xcom_args_with_operators to None
[2022-06-12 14:17:49,794] {processor.py:171} INFO - Processing /home/saba/airflow_venv/airflow_venv/lib/python3.6/site-packages/airflow/example_dags/example_xcomargs.py took 0.531 seconds
[2022-06-12 14:18:38,500] {processor.py:163} INFO - Started process (PID=4311) to work on /home/saba/airflow_venv/airflow_venv/lib/python3.6/site-packages/airflow/example_dags/example_xcomargs.py
[2022-06-12 14:18:38,502] {processor.py:642} INFO - Processing file /home/saba/airflow_venv/airflow_venv/lib/python3.6/site-packages/airflow/example_dags/example_xcomargs.py for tasks to queue
[2022-06-12 14:18:38,503] {logging_mixin.py:109} INFO - [2022-06-12 14:18:38,502] {dagbag.py:500} INFO - Filling up the DagBag from /home/saba/airflow_venv/airflow_venv/lib/python3.6/site-packages/airflow/example_dags/example_xcomargs.py
[2022-06-12 14:18:38,546] {processor.py:652} INFO - DAG(s) dict_keys(['example_xcom_args', 'example_xcom_args_with_operators']) retrieved from /home/saba/airflow_venv/airflow_venv/lib/python3.6/site-packages/airflow/example_dags/example_xcomargs.py
[2022-06-12 14:18:38,907] {logging_mixin.py:109} INFO - [2022-06-12 14:18:38,907] {dag.py:2398} INFO - Sync 2 DAGs
[2022-06-12 14:18:38,941] {logging_mixin.py:109} INFO - [2022-06-12 14:18:38,940] {dag.py:2937} INFO - Setting next_dagrun for example_xcom_args to None
[2022-06-12 14:18:38,941] {logging_mixin.py:109} INFO - [2022-06-12 14:18:38,941] {dag.py:2937} INFO - Setting next_dagrun for example_xcom_args_with_operators to None
[2022-06-12 14:18:38,974] {processor.py:171} INFO - Processing /home/saba/airflow_venv/airflow_venv/lib/python3.6/site-packages/airflow/example_dags/example_xcomargs.py took 0.479 seconds
[2022-06-12 14:19:33,310] {processor.py:163} INFO - Started process (PID=4339) to work on /home/saba/airflow_venv/airflow_venv/lib/python3.6/site-packages/airflow/example_dags/example_xcomargs.py
[2022-06-12 14:19:33,341] {processor.py:642} INFO - Processing file /home/saba/airflow_venv/airflow_venv/lib/python3.6/site-packages/airflow/example_dags/example_xcomargs.py for tasks to queue
[2022-06-12 14:19:33,357] {logging_mixin.py:109} INFO - [2022-06-12 14:19:33,346] {dagbag.py:500} INFO - Filling up the DagBag from /home/saba/airflow_venv/airflow_venv/lib/python3.6/site-packages/airflow/example_dags/example_xcomargs.py
[2022-06-12 14:19:34,108] {processor.py:652} INFO - DAG(s) dict_keys(['example_xcom_args', 'example_xcom_args_with_operators']) retrieved from /home/saba/airflow_venv/airflow_venv/lib/python3.6/site-packages/airflow/example_dags/example_xcomargs.py
[2022-06-12 14:19:39,895] {logging_mixin.py:109} INFO - [2022-06-12 14:19:39,894] {dag.py:2398} INFO - Sync 2 DAGs
[2022-06-12 14:19:40,160] {logging_mixin.py:109} INFO - [2022-06-12 14:19:40,159] {dag.py:2937} INFO - Setting next_dagrun for example_xcom_args to None
[2022-06-12 14:19:40,174] {logging_mixin.py:109} INFO - [2022-06-12 14:19:40,173] {dag.py:2937} INFO - Setting next_dagrun for example_xcom_args_with_operators to None
[2022-06-12 14:19:41,466] {processor.py:171} INFO - Processing /home/saba/airflow_venv/airflow_venv/lib/python3.6/site-packages/airflow/example_dags/example_xcomargs.py took 8.211 seconds
