[2022-06-12 14:10:50,003] {processor.py:163} INFO - Started process (PID=3988) to work on /home/saba/airflow_venv/airflow_venv/lib/python3.6/site-packages/airflow/example_dags/example_branch_python_dop_operator_3.py
[2022-06-12 14:10:50,013] {processor.py:642} INFO - Processing file /home/saba/airflow_venv/airflow_venv/lib/python3.6/site-packages/airflow/example_dags/example_branch_python_dop_operator_3.py for tasks to queue
[2022-06-12 14:10:50,017] {logging_mixin.py:109} INFO - [2022-06-12 14:10:50,016] {dagbag.py:500} INFO - Filling up the DagBag from /home/saba/airflow_venv/airflow_venv/lib/python3.6/site-packages/airflow/example_dags/example_branch_python_dop_operator_3.py
[2022-06-12 14:10:50,230] {processor.py:652} INFO - DAG(s) dict_keys(['example_branch_dop_operator_v3']) retrieved from /home/saba/airflow_venv/airflow_venv/lib/python3.6/site-packages/airflow/example_dags/example_branch_python_dop_operator_3.py
[2022-06-12 14:10:50,356] {logging_mixin.py:109} INFO - [2022-06-12 14:10:50,355] {dag.py:2398} INFO - Sync 1 DAGs
[2022-06-12 14:10:50,540] {logging_mixin.py:109} INFO - [2022-06-12 14:10:50,539] {dag.py:2937} INFO - Setting next_dagrun for example_branch_dop_operator_v3 to 2022-06-12T12:09:00+00:00
[2022-06-12 14:10:51,883] {processor.py:171} INFO - Processing /home/saba/airflow_venv/airflow_venv/lib/python3.6/site-packages/airflow/example_dags/example_branch_python_dop_operator_3.py took 1.893 seconds
[2022-06-12 14:12:53,468] {processor.py:163} INFO - Started process (PID=4038) to work on /home/saba/airflow_venv/airflow_venv/lib/python3.6/site-packages/airflow/example_dags/example_branch_python_dop_operator_3.py
[2022-06-12 14:12:53,473] {processor.py:642} INFO - Processing file /home/saba/airflow_venv/airflow_venv/lib/python3.6/site-packages/airflow/example_dags/example_branch_python_dop_operator_3.py for tasks to queue
[2022-06-12 14:12:53,476] {logging_mixin.py:109} INFO - [2022-06-12 14:12:53,475] {dagbag.py:500} INFO - Filling up the DagBag from /home/saba/airflow_venv/airflow_venv/lib/python3.6/site-packages/airflow/example_dags/example_branch_python_dop_operator_3.py
[2022-06-12 14:12:53,622] {processor.py:652} INFO - DAG(s) dict_keys(['example_branch_dop_operator_v3']) retrieved from /home/saba/airflow_venv/airflow_venv/lib/python3.6/site-packages/airflow/example_dags/example_branch_python_dop_operator_3.py
[2022-06-12 14:12:53,715] {logging_mixin.py:109} INFO - [2022-06-12 14:12:53,715] {dag.py:2398} INFO - Sync 1 DAGs
[2022-06-12 14:12:53,842] {logging_mixin.py:109} INFO - [2022-06-12 14:12:53,841] {dag.py:2937} INFO - Setting next_dagrun for example_branch_dop_operator_v3 to 2022-06-12T12:11:00+00:00
[2022-06-12 14:12:53,893] {processor.py:171} INFO - Processing /home/saba/airflow_venv/airflow_venv/lib/python3.6/site-packages/airflow/example_dags/example_branch_python_dop_operator_3.py took 0.456 seconds
[2022-06-12 14:13:43,458] {processor.py:163} INFO - Started process (PID=4072) to work on /home/saba/airflow_venv/airflow_venv/lib/python3.6/site-packages/airflow/example_dags/example_branch_python_dop_operator_3.py
[2022-06-12 14:13:43,461] {processor.py:642} INFO - Processing file /home/saba/airflow_venv/airflow_venv/lib/python3.6/site-packages/airflow/example_dags/example_branch_python_dop_operator_3.py for tasks to queue
[2022-06-12 14:13:43,461] {logging_mixin.py:109} INFO - [2022-06-12 14:13:43,461] {dagbag.py:500} INFO - Filling up the DagBag from /home/saba/airflow_venv/airflow_venv/lib/python3.6/site-packages/airflow/example_dags/example_branch_python_dop_operator_3.py
[2022-06-12 14:13:43,486] {processor.py:652} INFO - DAG(s) dict_keys(['example_branch_dop_operator_v3']) retrieved from /home/saba/airflow_venv/airflow_venv/lib/python3.6/site-packages/airflow/example_dags/example_branch_python_dop_operator_3.py
[2022-06-12 14:13:43,503] {logging_mixin.py:109} INFO - [2022-06-12 14:13:43,503] {dag.py:2398} INFO - Sync 1 DAGs
[2022-06-12 14:13:43,529] {logging_mixin.py:109} INFO - [2022-06-12 14:13:43,529] {dag.py:2937} INFO - Setting next_dagrun for example_branch_dop_operator_v3 to 2022-06-12T12:12:00+00:00
[2022-06-12 14:13:43,547] {processor.py:171} INFO - Processing /home/saba/airflow_venv/airflow_venv/lib/python3.6/site-packages/airflow/example_dags/example_branch_python_dop_operator_3.py took 0.092 seconds
[2022-06-12 14:14:28,255] {processor.py:163} INFO - Started process (PID=4110) to work on /home/saba/airflow_venv/airflow_venv/lib/python3.6/site-packages/airflow/example_dags/example_branch_python_dop_operator_3.py
[2022-06-12 14:14:28,260] {processor.py:642} INFO - Processing file /home/saba/airflow_venv/airflow_venv/lib/python3.6/site-packages/airflow/example_dags/example_branch_python_dop_operator_3.py for tasks to queue
[2022-06-12 14:14:28,261] {logging_mixin.py:109} INFO - [2022-06-12 14:14:28,261] {dagbag.py:500} INFO - Filling up the DagBag from /home/saba/airflow_venv/airflow_venv/lib/python3.6/site-packages/airflow/example_dags/example_branch_python_dop_operator_3.py
[2022-06-12 14:14:28,317] {processor.py:652} INFO - DAG(s) dict_keys(['example_branch_dop_operator_v3']) retrieved from /home/saba/airflow_venv/airflow_venv/lib/python3.6/site-packages/airflow/example_dags/example_branch_python_dop_operator_3.py
[2022-06-12 14:14:28,351] {logging_mixin.py:109} INFO - [2022-06-12 14:14:28,351] {dag.py:2398} INFO - Sync 1 DAGs
[2022-06-12 14:14:28,423] {logging_mixin.py:109} INFO - [2022-06-12 14:14:28,422] {dag.py:2937} INFO - Setting next_dagrun for example_branch_dop_operator_v3 to 2022-06-12T12:13:00+00:00
[2022-06-12 14:14:28,453] {processor.py:171} INFO - Processing /home/saba/airflow_venv/airflow_venv/lib/python3.6/site-packages/airflow/example_dags/example_branch_python_dop_operator_3.py took 0.207 seconds
[2022-06-12 14:15:06,964] {processor.py:163} INFO - Started process (PID=4147) to work on /home/saba/airflow_venv/airflow_venv/lib/python3.6/site-packages/airflow/example_dags/example_branch_python_dop_operator_3.py
[2022-06-12 14:15:06,966] {processor.py:642} INFO - Processing file /home/saba/airflow_venv/airflow_venv/lib/python3.6/site-packages/airflow/example_dags/example_branch_python_dop_operator_3.py for tasks to queue
[2022-06-12 14:15:06,967] {logging_mixin.py:109} INFO - [2022-06-12 14:15:06,967] {dagbag.py:500} INFO - Filling up the DagBag from /home/saba/airflow_venv/airflow_venv/lib/python3.6/site-packages/airflow/example_dags/example_branch_python_dop_operator_3.py
[2022-06-12 14:15:06,990] {processor.py:652} INFO - DAG(s) dict_keys(['example_branch_dop_operator_v3']) retrieved from /home/saba/airflow_venv/airflow_venv/lib/python3.6/site-packages/airflow/example_dags/example_branch_python_dop_operator_3.py
[2022-06-12 14:15:07,008] {logging_mixin.py:109} INFO - [2022-06-12 14:15:07,008] {dag.py:2398} INFO - Sync 1 DAGs
[2022-06-12 14:15:07,033] {logging_mixin.py:109} INFO - [2022-06-12 14:15:07,033] {dag.py:2937} INFO - Setting next_dagrun for example_branch_dop_operator_v3 to 2022-06-12T12:14:00+00:00
[2022-06-12 14:15:07,051] {processor.py:171} INFO - Processing /home/saba/airflow_venv/airflow_venv/lib/python3.6/site-packages/airflow/example_dags/example_branch_python_dop_operator_3.py took 0.090 seconds
[2022-06-12 14:15:57,589] {processor.py:163} INFO - Started process (PID=4190) to work on /home/saba/airflow_venv/airflow_venv/lib/python3.6/site-packages/airflow/example_dags/example_branch_python_dop_operator_3.py
[2022-06-12 14:15:57,594] {processor.py:642} INFO - Processing file /home/saba/airflow_venv/airflow_venv/lib/python3.6/site-packages/airflow/example_dags/example_branch_python_dop_operator_3.py for tasks to queue
[2022-06-12 14:15:57,595] {logging_mixin.py:109} INFO - [2022-06-12 14:15:57,595] {dagbag.py:500} INFO - Filling up the DagBag from /home/saba/airflow_venv/airflow_venv/lib/python3.6/site-packages/airflow/example_dags/example_branch_python_dop_operator_3.py
[2022-06-12 14:15:57,637] {processor.py:652} INFO - DAG(s) dict_keys(['example_branch_dop_operator_v3']) retrieved from /home/saba/airflow_venv/airflow_venv/lib/python3.6/site-packages/airflow/example_dags/example_branch_python_dop_operator_3.py
[2022-06-12 14:15:57,677] {logging_mixin.py:109} INFO - [2022-06-12 14:15:57,677] {dag.py:2398} INFO - Sync 1 DAGs
[2022-06-12 14:15:57,744] {logging_mixin.py:109} INFO - [2022-06-12 14:15:57,744] {dag.py:2937} INFO - Setting next_dagrun for example_branch_dop_operator_v3 to 2022-06-12T12:14:00+00:00
[2022-06-12 14:15:57,773] {processor.py:171} INFO - Processing /home/saba/airflow_venv/airflow_venv/lib/python3.6/site-packages/airflow/example_dags/example_branch_python_dop_operator_3.py took 0.191 seconds
[2022-06-12 14:16:51,913] {processor.py:163} INFO - Started process (PID=4232) to work on /home/saba/airflow_venv/airflow_venv/lib/python3.6/site-packages/airflow/example_dags/example_branch_python_dop_operator_3.py
[2022-06-12 14:16:51,919] {processor.py:642} INFO - Processing file /home/saba/airflow_venv/airflow_venv/lib/python3.6/site-packages/airflow/example_dags/example_branch_python_dop_operator_3.py for tasks to queue
[2022-06-12 14:16:51,923] {logging_mixin.py:109} INFO - [2022-06-12 14:16:51,922] {dagbag.py:500} INFO - Filling up the DagBag from /home/saba/airflow_venv/airflow_venv/lib/python3.6/site-packages/airflow/example_dags/example_branch_python_dop_operator_3.py
[2022-06-12 14:16:52,028] {processor.py:652} INFO - DAG(s) dict_keys(['example_branch_dop_operator_v3']) retrieved from /home/saba/airflow_venv/airflow_venv/lib/python3.6/site-packages/airflow/example_dags/example_branch_python_dop_operator_3.py
[2022-06-12 14:16:52,095] {logging_mixin.py:109} INFO - [2022-06-12 14:16:52,094] {dag.py:2398} INFO - Sync 1 DAGs
[2022-06-12 14:16:52,211] {logging_mixin.py:109} INFO - [2022-06-12 14:16:52,210] {dag.py:2937} INFO - Setting next_dagrun for example_branch_dop_operator_v3 to 2022-06-12T12:15:00+00:00
[2022-06-12 14:16:52,259] {processor.py:171} INFO - Processing /home/saba/airflow_venv/airflow_venv/lib/python3.6/site-packages/airflow/example_dags/example_branch_python_dop_operator_3.py took 0.359 seconds
[2022-06-12 14:17:42,162] {processor.py:163} INFO - Started process (PID=4269) to work on /home/saba/airflow_venv/airflow_venv/lib/python3.6/site-packages/airflow/example_dags/example_branch_python_dop_operator_3.py
[2022-06-12 14:17:42,165] {processor.py:642} INFO - Processing file /home/saba/airflow_venv/airflow_venv/lib/python3.6/site-packages/airflow/example_dags/example_branch_python_dop_operator_3.py for tasks to queue
[2022-06-12 14:17:42,166] {logging_mixin.py:109} INFO - [2022-06-12 14:17:42,166] {dagbag.py:500} INFO - Filling up the DagBag from /home/saba/airflow_venv/airflow_venv/lib/python3.6/site-packages/airflow/example_dags/example_branch_python_dop_operator_3.py
[2022-06-12 14:17:42,200] {processor.py:652} INFO - DAG(s) dict_keys(['example_branch_dop_operator_v3']) retrieved from /home/saba/airflow_venv/airflow_venv/lib/python3.6/site-packages/airflow/example_dags/example_branch_python_dop_operator_3.py
[2022-06-12 14:17:42,223] {logging_mixin.py:109} INFO - [2022-06-12 14:17:42,222] {dag.py:2398} INFO - Sync 1 DAGs
[2022-06-12 14:17:42,259] {logging_mixin.py:109} INFO - [2022-06-12 14:17:42,259] {dag.py:2937} INFO - Setting next_dagrun for example_branch_dop_operator_v3 to 2022-06-12T12:16:00+00:00
[2022-06-12 14:17:42,284] {processor.py:171} INFO - Processing /home/saba/airflow_venv/airflow_venv/lib/python3.6/site-packages/airflow/example_dags/example_branch_python_dop_operator_3.py took 0.127 seconds
[2022-06-12 14:18:29,791] {processor.py:163} INFO - Started process (PID=4304) to work on /home/saba/airflow_venv/airflow_venv/lib/python3.6/site-packages/airflow/example_dags/example_branch_python_dop_operator_3.py
[2022-06-12 14:18:29,794] {processor.py:642} INFO - Processing file /home/saba/airflow_venv/airflow_venv/lib/python3.6/site-packages/airflow/example_dags/example_branch_python_dop_operator_3.py for tasks to queue
[2022-06-12 14:18:29,796] {logging_mixin.py:109} INFO - [2022-06-12 14:18:29,796] {dagbag.py:500} INFO - Filling up the DagBag from /home/saba/airflow_venv/airflow_venv/lib/python3.6/site-packages/airflow/example_dags/example_branch_python_dop_operator_3.py
[2022-06-12 14:18:29,830] {processor.py:652} INFO - DAG(s) dict_keys(['example_branch_dop_operator_v3']) retrieved from /home/saba/airflow_venv/airflow_venv/lib/python3.6/site-packages/airflow/example_dags/example_branch_python_dop_operator_3.py
[2022-06-12 14:18:29,855] {logging_mixin.py:109} INFO - [2022-06-12 14:18:29,855] {dag.py:2398} INFO - Sync 1 DAGs
[2022-06-12 14:18:29,898] {logging_mixin.py:109} INFO - [2022-06-12 14:18:29,897] {dag.py:2937} INFO - Setting next_dagrun for example_branch_dop_operator_v3 to 2022-06-12T12:17:00+00:00
[2022-06-12 14:18:29,925] {processor.py:171} INFO - Processing /home/saba/airflow_venv/airflow_venv/lib/python3.6/site-packages/airflow/example_dags/example_branch_python_dop_operator_3.py took 0.138 seconds
[2022-06-12 14:35:09,259] {processor.py:163} INFO - Started process (PID=4652) to work on /home/saba/airflow_venv/airflow_venv/lib/python3.6/site-packages/airflow/example_dags/example_branch_python_dop_operator_3.py
[2022-06-12 14:35:09,264] {processor.py:642} INFO - Processing file /home/saba/airflow_venv/airflow_venv/lib/python3.6/site-packages/airflow/example_dags/example_branch_python_dop_operator_3.py for tasks to queue
[2022-06-12 14:35:09,266] {logging_mixin.py:109} INFO - [2022-06-12 14:35:09,265] {dagbag.py:500} INFO - Filling up the DagBag from /home/saba/airflow_venv/airflow_venv/lib/python3.6/site-packages/airflow/example_dags/example_branch_python_dop_operator_3.py
[2022-06-12 14:35:09,329] {processor.py:652} INFO - DAG(s) dict_keys(['example_branch_dop_operator_v3']) retrieved from /home/saba/airflow_venv/airflow_venv/lib/python3.6/site-packages/airflow/example_dags/example_branch_python_dop_operator_3.py
[2022-06-12 14:35:09,383] {logging_mixin.py:109} INFO - [2022-06-12 14:35:09,383] {dag.py:2398} INFO - Sync 1 DAGs
[2022-06-12 14:35:09,505] {logging_mixin.py:109} INFO - [2022-06-12 14:35:09,505] {dag.py:2937} INFO - Setting next_dagrun for example_branch_dop_operator_v3 to 2022-06-12T12:34:00+00:00
[2022-06-12 14:35:09,552] {processor.py:171} INFO - Processing /home/saba/airflow_venv/airflow_venv/lib/python3.6/site-packages/airflow/example_dags/example_branch_python_dop_operator_3.py took 0.303 seconds
