[2022-06-12 14:11:29,111] {processor.py:163} INFO - Started process (PID=3999) to work on /home/saba/airflow_venv/airflow_venv/lib/python3.6/site-packages/airflow/example_dags/example_trigger_target_dag.py
[2022-06-12 14:11:29,119] {processor.py:642} INFO - Processing file /home/saba/airflow_venv/airflow_venv/lib/python3.6/site-packages/airflow/example_dags/example_trigger_target_dag.py for tasks to queue
[2022-06-12 14:11:29,124] {logging_mixin.py:109} INFO - [2022-06-12 14:11:29,123] {dagbag.py:500} INFO - Filling up the DagBag from /home/saba/airflow_venv/airflow_venv/lib/python3.6/site-packages/airflow/example_dags/example_trigger_target_dag.py
[2022-06-12 14:11:29,285] {processor.py:652} INFO - DAG(s) dict_keys(['example_trigger_target_dag']) retrieved from /home/saba/airflow_venv/airflow_venv/lib/python3.6/site-packages/airflow/example_dags/example_trigger_target_dag.py
[2022-06-12 14:11:29,412] {logging_mixin.py:109} INFO - [2022-06-12 14:11:29,411] {dag.py:2398} INFO - Sync 1 DAGs
[2022-06-12 14:11:29,552] {logging_mixin.py:109} INFO - [2022-06-12 14:11:29,551] {dag.py:2937} INFO - Setting next_dagrun for example_trigger_target_dag to None
[2022-06-12 14:11:29,666] {processor.py:171} INFO - Processing /home/saba/airflow_venv/airflow_venv/lib/python3.6/site-packages/airflow/example_dags/example_trigger_target_dag.py took 0.569 seconds
[2022-06-12 14:12:35,767] {processor.py:163} INFO - Started process (PID=4029) to work on /home/saba/airflow_venv/airflow_venv/lib/python3.6/site-packages/airflow/example_dags/example_trigger_target_dag.py
[2022-06-12 14:12:35,782] {processor.py:642} INFO - Processing file /home/saba/airflow_venv/airflow_venv/lib/python3.6/site-packages/airflow/example_dags/example_trigger_target_dag.py for tasks to queue
[2022-06-12 14:12:35,785] {logging_mixin.py:109} INFO - [2022-06-12 14:12:35,785] {dagbag.py:500} INFO - Filling up the DagBag from /home/saba/airflow_venv/airflow_venv/lib/python3.6/site-packages/airflow/example_dags/example_trigger_target_dag.py
[2022-06-12 14:12:36,034] {processor.py:652} INFO - DAG(s) dict_keys(['example_trigger_target_dag']) retrieved from /home/saba/airflow_venv/airflow_venv/lib/python3.6/site-packages/airflow/example_dags/example_trigger_target_dag.py
[2022-06-12 14:12:36,195] {logging_mixin.py:109} INFO - [2022-06-12 14:12:36,194] {dag.py:2398} INFO - Sync 1 DAGs
[2022-06-12 14:12:36,336] {logging_mixin.py:109} INFO - [2022-06-12 14:12:36,336] {dag.py:2937} INFO - Setting next_dagrun for example_trigger_target_dag to None
[2022-06-12 14:12:36,417] {processor.py:171} INFO - Processing /home/saba/airflow_venv/airflow_venv/lib/python3.6/site-packages/airflow/example_dags/example_trigger_target_dag.py took 0.681 seconds
[2022-06-12 14:13:32,825] {processor.py:163} INFO - Started process (PID=4063) to work on /home/saba/airflow_venv/airflow_venv/lib/python3.6/site-packages/airflow/example_dags/example_trigger_target_dag.py
[2022-06-12 14:13:32,828] {processor.py:642} INFO - Processing file /home/saba/airflow_venv/airflow_venv/lib/python3.6/site-packages/airflow/example_dags/example_trigger_target_dag.py for tasks to queue
[2022-06-12 14:13:32,829] {logging_mixin.py:109} INFO - [2022-06-12 14:13:32,829] {dagbag.py:500} INFO - Filling up the DagBag from /home/saba/airflow_venv/airflow_venv/lib/python3.6/site-packages/airflow/example_dags/example_trigger_target_dag.py
[2022-06-12 14:13:32,873] {processor.py:652} INFO - DAG(s) dict_keys(['example_trigger_target_dag']) retrieved from /home/saba/airflow_venv/airflow_venv/lib/python3.6/site-packages/airflow/example_dags/example_trigger_target_dag.py
[2022-06-12 14:13:32,898] {logging_mixin.py:109} INFO - [2022-06-12 14:13:32,898] {dag.py:2398} INFO - Sync 1 DAGs
[2022-06-12 14:13:32,934] {logging_mixin.py:109} INFO - [2022-06-12 14:13:32,934] {dag.py:2937} INFO - Setting next_dagrun for example_trigger_target_dag to None
[2022-06-12 14:13:32,963] {processor.py:171} INFO - Processing /home/saba/airflow_venv/airflow_venv/lib/python3.6/site-packages/airflow/example_dags/example_trigger_target_dag.py took 0.144 seconds
[2022-06-12 14:14:11,885] {processor.py:163} INFO - Started process (PID=4097) to work on /home/saba/airflow_venv/airflow_venv/lib/python3.6/site-packages/airflow/example_dags/example_trigger_target_dag.py
[2022-06-12 14:14:11,888] {processor.py:642} INFO - Processing file /home/saba/airflow_venv/airflow_venv/lib/python3.6/site-packages/airflow/example_dags/example_trigger_target_dag.py for tasks to queue
[2022-06-12 14:14:11,889] {logging_mixin.py:109} INFO - [2022-06-12 14:14:11,888] {dagbag.py:500} INFO - Filling up the DagBag from /home/saba/airflow_venv/airflow_venv/lib/python3.6/site-packages/airflow/example_dags/example_trigger_target_dag.py
[2022-06-12 14:14:11,914] {processor.py:652} INFO - DAG(s) dict_keys(['example_trigger_target_dag']) retrieved from /home/saba/airflow_venv/airflow_venv/lib/python3.6/site-packages/airflow/example_dags/example_trigger_target_dag.py
[2022-06-12 14:14:11,927] {logging_mixin.py:109} INFO - [2022-06-12 14:14:11,927] {dag.py:2398} INFO - Sync 1 DAGs
[2022-06-12 14:14:11,941] {logging_mixin.py:109} INFO - [2022-06-12 14:14:11,941] {dag.py:2937} INFO - Setting next_dagrun for example_trigger_target_dag to None
[2022-06-12 14:14:11,956] {processor.py:171} INFO - Processing /home/saba/airflow_venv/airflow_venv/lib/python3.6/site-packages/airflow/example_dags/example_trigger_target_dag.py took 0.074 seconds
[2022-06-12 14:14:50,005] {processor.py:163} INFO - Started process (PID=4131) to work on /home/saba/airflow_venv/airflow_venv/lib/python3.6/site-packages/airflow/example_dags/example_trigger_target_dag.py
[2022-06-12 14:14:50,007] {processor.py:642} INFO - Processing file /home/saba/airflow_venv/airflow_venv/lib/python3.6/site-packages/airflow/example_dags/example_trigger_target_dag.py for tasks to queue
[2022-06-12 14:14:50,008] {logging_mixin.py:109} INFO - [2022-06-12 14:14:50,007] {dagbag.py:500} INFO - Filling up the DagBag from /home/saba/airflow_venv/airflow_venv/lib/python3.6/site-packages/airflow/example_dags/example_trigger_target_dag.py
[2022-06-12 14:14:50,032] {processor.py:652} INFO - DAG(s) dict_keys(['example_trigger_target_dag']) retrieved from /home/saba/airflow_venv/airflow_venv/lib/python3.6/site-packages/airflow/example_dags/example_trigger_target_dag.py
[2022-06-12 14:14:50,050] {logging_mixin.py:109} INFO - [2022-06-12 14:14:50,050] {dag.py:2398} INFO - Sync 1 DAGs
[2022-06-12 14:14:50,067] {logging_mixin.py:109} INFO - [2022-06-12 14:14:50,067] {dag.py:2937} INFO - Setting next_dagrun for example_trigger_target_dag to None
[2022-06-12 14:14:50,083] {processor.py:171} INFO - Processing /home/saba/airflow_venv/airflow_venv/lib/python3.6/site-packages/airflow/example_dags/example_trigger_target_dag.py took 0.081 seconds
[2022-06-12 14:15:22,783] {processor.py:163} INFO - Started process (PID=4161) to work on /home/saba/airflow_venv/airflow_venv/lib/python3.6/site-packages/airflow/example_dags/example_trigger_target_dag.py
[2022-06-12 14:15:22,785] {processor.py:642} INFO - Processing file /home/saba/airflow_venv/airflow_venv/lib/python3.6/site-packages/airflow/example_dags/example_trigger_target_dag.py for tasks to queue
[2022-06-12 14:15:22,786] {logging_mixin.py:109} INFO - [2022-06-12 14:15:22,786] {dagbag.py:500} INFO - Filling up the DagBag from /home/saba/airflow_venv/airflow_venv/lib/python3.6/site-packages/airflow/example_dags/example_trigger_target_dag.py
[2022-06-12 14:15:22,813] {processor.py:652} INFO - DAG(s) dict_keys(['example_trigger_target_dag']) retrieved from /home/saba/airflow_venv/airflow_venv/lib/python3.6/site-packages/airflow/example_dags/example_trigger_target_dag.py
[2022-06-12 14:15:22,831] {logging_mixin.py:109} INFO - [2022-06-12 14:15:22,830] {dag.py:2398} INFO - Sync 1 DAGs
[2022-06-12 14:15:22,851] {logging_mixin.py:109} INFO - [2022-06-12 14:15:22,851] {dag.py:2937} INFO - Setting next_dagrun for example_trigger_target_dag to None
[2022-06-12 14:15:22,870] {processor.py:171} INFO - Processing /home/saba/airflow_venv/airflow_venv/lib/python3.6/site-packages/airflow/example_dags/example_trigger_target_dag.py took 0.090 seconds
[2022-06-12 14:16:03,662] {processor.py:163} INFO - Started process (PID=4194) to work on /home/saba/airflow_venv/airflow_venv/lib/python3.6/site-packages/airflow/example_dags/example_trigger_target_dag.py
[2022-06-12 14:16:03,666] {processor.py:642} INFO - Processing file /home/saba/airflow_venv/airflow_venv/lib/python3.6/site-packages/airflow/example_dags/example_trigger_target_dag.py for tasks to queue
[2022-06-12 14:16:03,668] {logging_mixin.py:109} INFO - [2022-06-12 14:16:03,668] {dagbag.py:500} INFO - Filling up the DagBag from /home/saba/airflow_venv/airflow_venv/lib/python3.6/site-packages/airflow/example_dags/example_trigger_target_dag.py
[2022-06-12 14:16:03,730] {processor.py:652} INFO - DAG(s) dict_keys(['example_trigger_target_dag']) retrieved from /home/saba/airflow_venv/airflow_venv/lib/python3.6/site-packages/airflow/example_dags/example_trigger_target_dag.py
[2022-06-12 14:16:03,775] {logging_mixin.py:109} INFO - [2022-06-12 14:16:03,774] {dag.py:2398} INFO - Sync 1 DAGs
[2022-06-12 14:16:03,828] {logging_mixin.py:109} INFO - [2022-06-12 14:16:03,828] {dag.py:2937} INFO - Setting next_dagrun for example_trigger_target_dag to None
[2022-06-12 14:16:03,868] {processor.py:171} INFO - Processing /home/saba/airflow_venv/airflow_venv/lib/python3.6/site-packages/airflow/example_dags/example_trigger_target_dag.py took 0.217 seconds
[2022-06-12 14:16:46,034] {processor.py:163} INFO - Started process (PID=4227) to work on /home/saba/airflow_venv/airflow_venv/lib/python3.6/site-packages/airflow/example_dags/example_trigger_target_dag.py
[2022-06-12 14:16:46,037] {processor.py:642} INFO - Processing file /home/saba/airflow_venv/airflow_venv/lib/python3.6/site-packages/airflow/example_dags/example_trigger_target_dag.py for tasks to queue
[2022-06-12 14:16:46,038] {logging_mixin.py:109} INFO - [2022-06-12 14:16:46,038] {dagbag.py:500} INFO - Filling up the DagBag from /home/saba/airflow_venv/airflow_venv/lib/python3.6/site-packages/airflow/example_dags/example_trigger_target_dag.py
[2022-06-12 14:16:46,078] {processor.py:652} INFO - DAG(s) dict_keys(['example_trigger_target_dag']) retrieved from /home/saba/airflow_venv/airflow_venv/lib/python3.6/site-packages/airflow/example_dags/example_trigger_target_dag.py
[2022-06-12 14:16:46,105] {logging_mixin.py:109} INFO - [2022-06-12 14:16:46,104] {dag.py:2398} INFO - Sync 1 DAGs
[2022-06-12 14:16:46,134] {logging_mixin.py:109} INFO - [2022-06-12 14:16:46,134] {dag.py:2937} INFO - Setting next_dagrun for example_trigger_target_dag to None
[2022-06-12 14:16:46,160] {processor.py:171} INFO - Processing /home/saba/airflow_venv/airflow_venv/lib/python3.6/site-packages/airflow/example_dags/example_trigger_target_dag.py took 0.130 seconds
[2022-06-12 14:17:36,354] {processor.py:163} INFO - Started process (PID=4264) to work on /home/saba/airflow_venv/airflow_venv/lib/python3.6/site-packages/airflow/example_dags/example_trigger_target_dag.py
[2022-06-12 14:17:36,357] {processor.py:642} INFO - Processing file /home/saba/airflow_venv/airflow_venv/lib/python3.6/site-packages/airflow/example_dags/example_trigger_target_dag.py for tasks to queue
[2022-06-12 14:17:36,358] {logging_mixin.py:109} INFO - [2022-06-12 14:17:36,358] {dagbag.py:500} INFO - Filling up the DagBag from /home/saba/airflow_venv/airflow_venv/lib/python3.6/site-packages/airflow/example_dags/example_trigger_target_dag.py
[2022-06-12 14:17:36,395] {processor.py:652} INFO - DAG(s) dict_keys(['example_trigger_target_dag']) retrieved from /home/saba/airflow_venv/airflow_venv/lib/python3.6/site-packages/airflow/example_dags/example_trigger_target_dag.py
[2022-06-12 14:17:36,420] {logging_mixin.py:109} INFO - [2022-06-12 14:17:36,420] {dag.py:2398} INFO - Sync 1 DAGs
[2022-06-12 14:17:36,447] {logging_mixin.py:109} INFO - [2022-06-12 14:17:36,447] {dag.py:2937} INFO - Setting next_dagrun for example_trigger_target_dag to None
[2022-06-12 14:17:36,477] {processor.py:171} INFO - Processing /home/saba/airflow_venv/airflow_venv/lib/python3.6/site-packages/airflow/example_dags/example_trigger_target_dag.py took 0.128 seconds
[2022-06-12 14:18:23,253] {processor.py:163} INFO - Started process (PID=4299) to work on /home/saba/airflow_venv/airflow_venv/lib/python3.6/site-packages/airflow/example_dags/example_trigger_target_dag.py
[2022-06-12 14:18:23,255] {processor.py:642} INFO - Processing file /home/saba/airflow_venv/airflow_venv/lib/python3.6/site-packages/airflow/example_dags/example_trigger_target_dag.py for tasks to queue
[2022-06-12 14:18:23,256] {logging_mixin.py:109} INFO - [2022-06-12 14:18:23,256] {dagbag.py:500} INFO - Filling up the DagBag from /home/saba/airflow_venv/airflow_venv/lib/python3.6/site-packages/airflow/example_dags/example_trigger_target_dag.py
[2022-06-12 14:18:23,298] {processor.py:652} INFO - DAG(s) dict_keys(['example_trigger_target_dag']) retrieved from /home/saba/airflow_venv/airflow_venv/lib/python3.6/site-packages/airflow/example_dags/example_trigger_target_dag.py
[2022-06-12 14:18:23,374] {logging_mixin.py:109} INFO - [2022-06-12 14:18:23,373] {dag.py:2398} INFO - Sync 1 DAGs
[2022-06-12 14:18:23,409] {logging_mixin.py:109} INFO - [2022-06-12 14:18:23,409] {dag.py:2937} INFO - Setting next_dagrun for example_trigger_target_dag to None
[2022-06-12 14:18:23,437] {processor.py:171} INFO - Processing /home/saba/airflow_venv/airflow_venv/lib/python3.6/site-packages/airflow/example_dags/example_trigger_target_dag.py took 0.190 seconds
[2022-06-12 14:19:02,771] {processor.py:163} INFO - Started process (PID=4326) to work on /home/saba/airflow_venv/airflow_venv/lib/python3.6/site-packages/airflow/example_dags/example_trigger_target_dag.py
[2022-06-12 14:19:02,775] {processor.py:642} INFO - Processing file /home/saba/airflow_venv/airflow_venv/lib/python3.6/site-packages/airflow/example_dags/example_trigger_target_dag.py for tasks to queue
[2022-06-12 14:19:02,776] {logging_mixin.py:109} INFO - [2022-06-12 14:19:02,776] {dagbag.py:500} INFO - Filling up the DagBag from /home/saba/airflow_venv/airflow_venv/lib/python3.6/site-packages/airflow/example_dags/example_trigger_target_dag.py
[2022-06-12 14:19:02,824] {processor.py:652} INFO - DAG(s) dict_keys(['example_trigger_target_dag']) retrieved from /home/saba/airflow_venv/airflow_venv/lib/python3.6/site-packages/airflow/example_dags/example_trigger_target_dag.py
[2022-06-12 14:19:02,854] {logging_mixin.py:109} INFO - [2022-06-12 14:19:02,854] {dag.py:2398} INFO - Sync 1 DAGs
[2022-06-12 14:19:02,894] {logging_mixin.py:109} INFO - [2022-06-12 14:19:02,893] {dag.py:2937} INFO - Setting next_dagrun for example_trigger_target_dag to None
[2022-06-12 14:19:02,923] {processor.py:171} INFO - Processing /home/saba/airflow_venv/airflow_venv/lib/python3.6/site-packages/airflow/example_dags/example_trigger_target_dag.py took 0.159 seconds
