[2022-06-12 14:11:43,705] {processor.py:163} INFO - Started process (PID=4005) to work on /home/saba/airflow_venv/airflow_venv/lib/python3.6/site-packages/airflow/example_dags/example_kubernetes_executor.py
[2022-06-12 14:11:43,711] {processor.py:642} INFO - Processing file /home/saba/airflow_venv/airflow_venv/lib/python3.6/site-packages/airflow/example_dags/example_kubernetes_executor.py for tasks to queue
[2022-06-12 14:11:43,715] {logging_mixin.py:109} INFO - [2022-06-12 14:11:43,714] {dagbag.py:500} INFO - Filling up the DagBag from /home/saba/airflow_venv/airflow_venv/lib/python3.6/site-packages/airflow/example_dags/example_kubernetes_executor.py
[2022-06-12 14:11:43,852] {logging_mixin.py:109} INFO - [2022-06-12 14:11:43,852] {example_kubernetes_executor.py:40} WARNING - The example_kubernetes_executor example DAG requires the kubernetes provider. Please install it with: pip install apache-airflow[cncf.kubernetes]
[2022-06-12 14:11:43,853] {processor.py:654} WARNING - No viable dags retrieved from /home/saba/airflow_venv/airflow_venv/lib/python3.6/site-packages/airflow/example_dags/example_kubernetes_executor.py
[2022-06-12 14:11:43,940] {processor.py:171} INFO - Processing /home/saba/airflow_venv/airflow_venv/lib/python3.6/site-packages/airflow/example_dags/example_kubernetes_executor.py took 0.281 seconds
[2022-06-12 14:12:46,943] {processor.py:163} INFO - Started process (PID=4035) to work on /home/saba/airflow_venv/airflow_venv/lib/python3.6/site-packages/airflow/example_dags/example_kubernetes_executor.py
[2022-06-12 14:12:46,951] {processor.py:642} INFO - Processing file /home/saba/airflow_venv/airflow_venv/lib/python3.6/site-packages/airflow/example_dags/example_kubernetes_executor.py for tasks to queue
[2022-06-12 14:12:46,953] {logging_mixin.py:109} INFO - [2022-06-12 14:12:46,953] {dagbag.py:500} INFO - Filling up the DagBag from /home/saba/airflow_venv/airflow_venv/lib/python3.6/site-packages/airflow/example_dags/example_kubernetes_executor.py
[2022-06-12 14:12:47,017] {logging_mixin.py:109} INFO - [2022-06-12 14:12:47,017] {example_kubernetes_executor.py:40} WARNING - The example_kubernetes_executor example DAG requires the kubernetes provider. Please install it with: pip install apache-airflow[cncf.kubernetes]
[2022-06-12 14:12:47,018] {processor.py:654} WARNING - No viable dags retrieved from /home/saba/airflow_venv/airflow_venv/lib/python3.6/site-packages/airflow/example_dags/example_kubernetes_executor.py
[2022-06-12 14:12:47,067] {processor.py:171} INFO - Processing /home/saba/airflow_venv/airflow_venv/lib/python3.6/site-packages/airflow/example_dags/example_kubernetes_executor.py took 0.145 seconds
[2022-06-12 14:13:40,514] {processor.py:163} INFO - Started process (PID=4069) to work on /home/saba/airflow_venv/airflow_venv/lib/python3.6/site-packages/airflow/example_dags/example_kubernetes_executor.py
[2022-06-12 14:13:40,516] {processor.py:642} INFO - Processing file /home/saba/airflow_venv/airflow_venv/lib/python3.6/site-packages/airflow/example_dags/example_kubernetes_executor.py for tasks to queue
[2022-06-12 14:13:40,517] {logging_mixin.py:109} INFO - [2022-06-12 14:13:40,517] {dagbag.py:500} INFO - Filling up the DagBag from /home/saba/airflow_venv/airflow_venv/lib/python3.6/site-packages/airflow/example_dags/example_kubernetes_executor.py
[2022-06-12 14:13:40,538] {logging_mixin.py:109} INFO - [2022-06-12 14:13:40,538] {example_kubernetes_executor.py:40} WARNING - The example_kubernetes_executor example DAG requires the kubernetes provider. Please install it with: pip install apache-airflow[cncf.kubernetes]
[2022-06-12 14:13:40,538] {processor.py:654} WARNING - No viable dags retrieved from /home/saba/airflow_venv/airflow_venv/lib/python3.6/site-packages/airflow/example_dags/example_kubernetes_executor.py
[2022-06-12 14:13:40,550] {processor.py:171} INFO - Processing /home/saba/airflow_venv/airflow_venv/lib/python3.6/site-packages/airflow/example_dags/example_kubernetes_executor.py took 0.041 seconds
[2022-06-12 14:14:23,697] {processor.py:163} INFO - Started process (PID=4107) to work on /home/saba/airflow_venv/airflow_venv/lib/python3.6/site-packages/airflow/example_dags/example_kubernetes_executor.py
[2022-06-12 14:14:23,706] {processor.py:642} INFO - Processing file /home/saba/airflow_venv/airflow_venv/lib/python3.6/site-packages/airflow/example_dags/example_kubernetes_executor.py for tasks to queue
[2022-06-12 14:14:23,712] {logging_mixin.py:109} INFO - [2022-06-12 14:14:23,712] {dagbag.py:500} INFO - Filling up the DagBag from /home/saba/airflow_venv/airflow_venv/lib/python3.6/site-packages/airflow/example_dags/example_kubernetes_executor.py
[2022-06-12 14:14:23,822] {logging_mixin.py:109} INFO - [2022-06-12 14:14:23,820] {example_kubernetes_executor.py:40} WARNING - The example_kubernetes_executor example DAG requires the kubernetes provider. Please install it with: pip install apache-airflow[cncf.kubernetes]
[2022-06-12 14:14:23,824] {processor.py:654} WARNING - No viable dags retrieved from /home/saba/airflow_venv/airflow_venv/lib/python3.6/site-packages/airflow/example_dags/example_kubernetes_executor.py
[2022-06-12 14:14:23,866] {processor.py:171} INFO - Processing /home/saba/airflow_venv/airflow_venv/lib/python3.6/site-packages/airflow/example_dags/example_kubernetes_executor.py took 0.195 seconds
[2022-06-12 14:15:00,330] {processor.py:163} INFO - Started process (PID=4141) to work on /home/saba/airflow_venv/airflow_venv/lib/python3.6/site-packages/airflow/example_dags/example_kubernetes_executor.py
[2022-06-12 14:15:00,334] {processor.py:642} INFO - Processing file /home/saba/airflow_venv/airflow_venv/lib/python3.6/site-packages/airflow/example_dags/example_kubernetes_executor.py for tasks to queue
[2022-06-12 14:15:00,335] {logging_mixin.py:109} INFO - [2022-06-12 14:15:00,335] {dagbag.py:500} INFO - Filling up the DagBag from /home/saba/airflow_venv/airflow_venv/lib/python3.6/site-packages/airflow/example_dags/example_kubernetes_executor.py
[2022-06-12 14:15:00,350] {logging_mixin.py:109} INFO - [2022-06-12 14:15:00,350] {example_kubernetes_executor.py:40} WARNING - The example_kubernetes_executor example DAG requires the kubernetes provider. Please install it with: pip install apache-airflow[cncf.kubernetes]
[2022-06-12 14:15:00,351] {processor.py:654} WARNING - No viable dags retrieved from /home/saba/airflow_venv/airflow_venv/lib/python3.6/site-packages/airflow/example_dags/example_kubernetes_executor.py
[2022-06-12 14:15:00,360] {processor.py:171} INFO - Processing /home/saba/airflow_venv/airflow_venv/lib/python3.6/site-packages/airflow/example_dags/example_kubernetes_executor.py took 0.033 seconds
[2022-06-12 14:15:38,346] {processor.py:163} INFO - Started process (PID=4176) to work on /home/saba/airflow_venv/airflow_venv/lib/python3.6/site-packages/airflow/example_dags/example_kubernetes_executor.py
[2022-06-12 14:15:38,349] {processor.py:642} INFO - Processing file /home/saba/airflow_venv/airflow_venv/lib/python3.6/site-packages/airflow/example_dags/example_kubernetes_executor.py for tasks to queue
[2022-06-12 14:15:38,350] {logging_mixin.py:109} INFO - [2022-06-12 14:15:38,350] {dagbag.py:500} INFO - Filling up the DagBag from /home/saba/airflow_venv/airflow_venv/lib/python3.6/site-packages/airflow/example_dags/example_kubernetes_executor.py
[2022-06-12 14:15:38,366] {logging_mixin.py:109} INFO - [2022-06-12 14:15:38,366] {example_kubernetes_executor.py:40} WARNING - The example_kubernetes_executor example DAG requires the kubernetes provider. Please install it with: pip install apache-airflow[cncf.kubernetes]
[2022-06-12 14:15:38,367] {processor.py:654} WARNING - No viable dags retrieved from /home/saba/airflow_venv/airflow_venv/lib/python3.6/site-packages/airflow/example_dags/example_kubernetes_executor.py
[2022-06-12 14:15:38,376] {processor.py:171} INFO - Processing /home/saba/airflow_venv/airflow_venv/lib/python3.6/site-packages/airflow/example_dags/example_kubernetes_executor.py took 0.035 seconds
[2022-06-12 14:16:21,446] {processor.py:163} INFO - Started process (PID=4210) to work on /home/saba/airflow_venv/airflow_venv/lib/python3.6/site-packages/airflow/example_dags/example_kubernetes_executor.py
[2022-06-12 14:16:21,449] {processor.py:642} INFO - Processing file /home/saba/airflow_venv/airflow_venv/lib/python3.6/site-packages/airflow/example_dags/example_kubernetes_executor.py for tasks to queue
[2022-06-12 14:16:21,449] {logging_mixin.py:109} INFO - [2022-06-12 14:16:21,449] {dagbag.py:500} INFO - Filling up the DagBag from /home/saba/airflow_venv/airflow_venv/lib/python3.6/site-packages/airflow/example_dags/example_kubernetes_executor.py
[2022-06-12 14:16:21,463] {logging_mixin.py:109} INFO - [2022-06-12 14:16:21,462] {example_kubernetes_executor.py:40} WARNING - The example_kubernetes_executor example DAG requires the kubernetes provider. Please install it with: pip install apache-airflow[cncf.kubernetes]
[2022-06-12 14:16:21,463] {processor.py:654} WARNING - No viable dags retrieved from /home/saba/airflow_venv/airflow_venv/lib/python3.6/site-packages/airflow/example_dags/example_kubernetes_executor.py
[2022-06-12 14:16:21,472] {processor.py:171} INFO - Processing /home/saba/airflow_venv/airflow_venv/lib/python3.6/site-packages/airflow/example_dags/example_kubernetes_executor.py took 0.029 seconds
[2022-06-12 14:17:05,903] {processor.py:163} INFO - Started process (PID=4243) to work on /home/saba/airflow_venv/airflow_venv/lib/python3.6/site-packages/airflow/example_dags/example_kubernetes_executor.py
[2022-06-12 14:17:05,908] {processor.py:642} INFO - Processing file /home/saba/airflow_venv/airflow_venv/lib/python3.6/site-packages/airflow/example_dags/example_kubernetes_executor.py for tasks to queue
[2022-06-12 14:17:05,910] {logging_mixin.py:109} INFO - [2022-06-12 14:17:05,909] {dagbag.py:500} INFO - Filling up the DagBag from /home/saba/airflow_venv/airflow_venv/lib/python3.6/site-packages/airflow/example_dags/example_kubernetes_executor.py
[2022-06-12 14:17:05,943] {logging_mixin.py:109} INFO - [2022-06-12 14:17:05,943] {example_kubernetes_executor.py:40} WARNING - The example_kubernetes_executor example DAG requires the kubernetes provider. Please install it with: pip install apache-airflow[cncf.kubernetes]
[2022-06-12 14:17:05,944] {processor.py:654} WARNING - No viable dags retrieved from /home/saba/airflow_venv/airflow_venv/lib/python3.6/site-packages/airflow/example_dags/example_kubernetes_executor.py
[2022-06-12 14:17:05,964] {processor.py:171} INFO - Processing /home/saba/airflow_venv/airflow_venv/lib/python3.6/site-packages/airflow/example_dags/example_kubernetes_executor.py took 0.070 seconds
[2022-06-12 14:17:54,552] {processor.py:163} INFO - Started process (PID=4279) to work on /home/saba/airflow_venv/airflow_venv/lib/python3.6/site-packages/airflow/example_dags/example_kubernetes_executor.py
[2022-06-12 14:17:54,555] {processor.py:642} INFO - Processing file /home/saba/airflow_venv/airflow_venv/lib/python3.6/site-packages/airflow/example_dags/example_kubernetes_executor.py for tasks to queue
[2022-06-12 14:17:54,556] {logging_mixin.py:109} INFO - [2022-06-12 14:17:54,556] {dagbag.py:500} INFO - Filling up the DagBag from /home/saba/airflow_venv/airflow_venv/lib/python3.6/site-packages/airflow/example_dags/example_kubernetes_executor.py
[2022-06-12 14:17:54,575] {logging_mixin.py:109} INFO - [2022-06-12 14:17:54,575] {example_kubernetes_executor.py:40} WARNING - The example_kubernetes_executor example DAG requires the kubernetes provider. Please install it with: pip install apache-airflow[cncf.kubernetes]
[2022-06-12 14:17:54,576] {processor.py:654} WARNING - No viable dags retrieved from /home/saba/airflow_venv/airflow_venv/lib/python3.6/site-packages/airflow/example_dags/example_kubernetes_executor.py
[2022-06-12 14:17:54,592] {processor.py:171} INFO - Processing /home/saba/airflow_venv/airflow_venv/lib/python3.6/site-packages/airflow/example_dags/example_kubernetes_executor.py took 0.045 seconds
[2022-06-12 14:18:44,137] {processor.py:163} INFO - Started process (PID=4316) to work on /home/saba/airflow_venv/airflow_venv/lib/python3.6/site-packages/airflow/example_dags/example_kubernetes_executor.py
[2022-06-12 14:18:44,139] {processor.py:642} INFO - Processing file /home/saba/airflow_venv/airflow_venv/lib/python3.6/site-packages/airflow/example_dags/example_kubernetes_executor.py for tasks to queue
[2022-06-12 14:18:44,140] {logging_mixin.py:109} INFO - [2022-06-12 14:18:44,140] {dagbag.py:500} INFO - Filling up the DagBag from /home/saba/airflow_venv/airflow_venv/lib/python3.6/site-packages/airflow/example_dags/example_kubernetes_executor.py
[2022-06-12 14:18:44,156] {logging_mixin.py:109} INFO - [2022-06-12 14:18:44,156] {example_kubernetes_executor.py:40} WARNING - The example_kubernetes_executor example DAG requires the kubernetes provider. Please install it with: pip install apache-airflow[cncf.kubernetes]
[2022-06-12 14:18:44,157] {processor.py:654} WARNING - No viable dags retrieved from /home/saba/airflow_venv/airflow_venv/lib/python3.6/site-packages/airflow/example_dags/example_kubernetes_executor.py
[2022-06-12 14:18:44,169] {processor.py:171} INFO - Processing /home/saba/airflow_venv/airflow_venv/lib/python3.6/site-packages/airflow/example_dags/example_kubernetes_executor.py took 0.037 seconds
[2022-06-12 14:35:01,023] {processor.py:163} INFO - Started process (PID=4647) to work on /home/saba/airflow_venv/airflow_venv/lib/python3.6/site-packages/airflow/example_dags/example_kubernetes_executor.py
[2022-06-12 14:35:01,029] {processor.py:642} INFO - Processing file /home/saba/airflow_venv/airflow_venv/lib/python3.6/site-packages/airflow/example_dags/example_kubernetes_executor.py for tasks to queue
[2022-06-12 14:35:01,031] {logging_mixin.py:109} INFO - [2022-06-12 14:35:01,031] {dagbag.py:500} INFO - Filling up the DagBag from /home/saba/airflow_venv/airflow_venv/lib/python3.6/site-packages/airflow/example_dags/example_kubernetes_executor.py
[2022-06-12 14:35:01,097] {logging_mixin.py:109} INFO - [2022-06-12 14:35:01,096] {example_kubernetes_executor.py:40} WARNING - The example_kubernetes_executor example DAG requires the kubernetes provider. Please install it with: pip install apache-airflow[cncf.kubernetes]
[2022-06-12 14:35:01,097] {processor.py:654} WARNING - No viable dags retrieved from /home/saba/airflow_venv/airflow_venv/lib/python3.6/site-packages/airflow/example_dags/example_kubernetes_executor.py
[2022-06-12 14:35:01,123] {processor.py:171} INFO - Processing /home/saba/airflow_venv/airflow_venv/lib/python3.6/site-packages/airflow/example_dags/example_kubernetes_executor.py took 0.110 seconds
