[2022-06-12 14:11:40,913] {processor.py:163} INFO - Started process (PID=4004) to work on /home/saba/airflow_venv/airflow_venv/lib/python3.6/site-packages/airflow/example_dags/example_short_circuit_operator.py
[2022-06-12 14:11:40,935] {processor.py:642} INFO - Processing file /home/saba/airflow_venv/airflow_venv/lib/python3.6/site-packages/airflow/example_dags/example_short_circuit_operator.py for tasks to queue
[2022-06-12 14:11:40,948] {logging_mixin.py:109} INFO - [2022-06-12 14:11:40,947] {dagbag.py:500} INFO - Filling up the DagBag from /home/saba/airflow_venv/airflow_venv/lib/python3.6/site-packages/airflow/example_dags/example_short_circuit_operator.py
[2022-06-12 14:11:41,306] {processor.py:652} INFO - DAG(s) dict_keys(['example_short_circuit_operator']) retrieved from /home/saba/airflow_venv/airflow_venv/lib/python3.6/site-packages/airflow/example_dags/example_short_circuit_operator.py
[2022-06-12 14:11:41,552] {logging_mixin.py:109} INFO - [2022-06-12 14:11:41,551] {dag.py:2398} INFO - Sync 1 DAGs
[2022-06-12 14:11:41,810] {logging_mixin.py:109} INFO - [2022-06-12 14:11:41,809] {dag.py:2937} INFO - Setting next_dagrun for example_short_circuit_operator to 2022-06-11T12:11:41.808157+00:00
[2022-06-12 14:11:41,963] {processor.py:171} INFO - Processing /home/saba/airflow_venv/airflow_venv/lib/python3.6/site-packages/airflow/example_dags/example_short_circuit_operator.py took 1.074 seconds
[2022-06-12 14:12:45,251] {processor.py:163} INFO - Started process (PID=4034) to work on /home/saba/airflow_venv/airflow_venv/lib/python3.6/site-packages/airflow/example_dags/example_short_circuit_operator.py
[2022-06-12 14:12:45,257] {processor.py:642} INFO - Processing file /home/saba/airflow_venv/airflow_venv/lib/python3.6/site-packages/airflow/example_dags/example_short_circuit_operator.py for tasks to queue
[2022-06-12 14:12:45,260] {logging_mixin.py:109} INFO - [2022-06-12 14:12:45,259] {dagbag.py:500} INFO - Filling up the DagBag from /home/saba/airflow_venv/airflow_venv/lib/python3.6/site-packages/airflow/example_dags/example_short_circuit_operator.py
[2022-06-12 14:12:45,393] {processor.py:652} INFO - DAG(s) dict_keys(['example_short_circuit_operator']) retrieved from /home/saba/airflow_venv/airflow_venv/lib/python3.6/site-packages/airflow/example_dags/example_short_circuit_operator.py
[2022-06-12 14:12:45,483] {logging_mixin.py:109} INFO - [2022-06-12 14:12:45,482] {dag.py:2398} INFO - Sync 1 DAGs
[2022-06-12 14:12:45,597] {logging_mixin.py:109} INFO - [2022-06-12 14:12:45,596] {dag.py:2937} INFO - Setting next_dagrun for example_short_circuit_operator to 2022-06-11T12:12:45.595553+00:00
[2022-06-12 14:12:45,648] {processor.py:171} INFO - Processing /home/saba/airflow_venv/airflow_venv/lib/python3.6/site-packages/airflow/example_dags/example_short_circuit_operator.py took 0.411 seconds
[2022-06-12 14:13:39,266] {processor.py:163} INFO - Started process (PID=4068) to work on /home/saba/airflow_venv/airflow_venv/lib/python3.6/site-packages/airflow/example_dags/example_short_circuit_operator.py
[2022-06-12 14:13:39,268] {processor.py:642} INFO - Processing file /home/saba/airflow_venv/airflow_venv/lib/python3.6/site-packages/airflow/example_dags/example_short_circuit_operator.py for tasks to queue
[2022-06-12 14:13:39,269] {logging_mixin.py:109} INFO - [2022-06-12 14:13:39,268] {dagbag.py:500} INFO - Filling up the DagBag from /home/saba/airflow_venv/airflow_venv/lib/python3.6/site-packages/airflow/example_dags/example_short_circuit_operator.py
[2022-06-12 14:13:39,298] {processor.py:652} INFO - DAG(s) dict_keys(['example_short_circuit_operator']) retrieved from /home/saba/airflow_venv/airflow_venv/lib/python3.6/site-packages/airflow/example_dags/example_short_circuit_operator.py
[2022-06-12 14:13:39,318] {logging_mixin.py:109} INFO - [2022-06-12 14:13:39,318] {dag.py:2398} INFO - Sync 1 DAGs
[2022-06-12 14:13:39,340] {logging_mixin.py:109} INFO - [2022-06-12 14:13:39,340] {dag.py:2937} INFO - Setting next_dagrun for example_short_circuit_operator to 2022-06-11T12:13:39.340125+00:00
[2022-06-12 14:13:39,361] {processor.py:171} INFO - Processing /home/saba/airflow_venv/airflow_venv/lib/python3.6/site-packages/airflow/example_dags/example_short_circuit_operator.py took 0.100 seconds
[2022-06-12 14:14:17,510] {processor.py:163} INFO - Started process (PID=4102) to work on /home/saba/airflow_venv/airflow_venv/lib/python3.6/site-packages/airflow/example_dags/example_short_circuit_operator.py
[2022-06-12 14:14:17,513] {processor.py:642} INFO - Processing file /home/saba/airflow_venv/airflow_venv/lib/python3.6/site-packages/airflow/example_dags/example_short_circuit_operator.py for tasks to queue
[2022-06-12 14:14:17,514] {logging_mixin.py:109} INFO - [2022-06-12 14:14:17,514] {dagbag.py:500} INFO - Filling up the DagBag from /home/saba/airflow_venv/airflow_venv/lib/python3.6/site-packages/airflow/example_dags/example_short_circuit_operator.py
[2022-06-12 14:14:17,533] {processor.py:652} INFO - DAG(s) dict_keys(['example_short_circuit_operator']) retrieved from /home/saba/airflow_venv/airflow_venv/lib/python3.6/site-packages/airflow/example_dags/example_short_circuit_operator.py
[2022-06-12 14:14:17,547] {logging_mixin.py:109} INFO - [2022-06-12 14:14:17,547] {dag.py:2398} INFO - Sync 1 DAGs
[2022-06-12 14:14:17,564] {logging_mixin.py:109} INFO - [2022-06-12 14:14:17,564] {dag.py:2937} INFO - Setting next_dagrun for example_short_circuit_operator to 2022-06-11T12:14:17.564475+00:00
[2022-06-12 14:14:17,583] {processor.py:171} INFO - Processing /home/saba/airflow_venv/airflow_venv/lib/python3.6/site-packages/airflow/example_dags/example_short_circuit_operator.py took 0.075 seconds
[2022-06-12 14:14:55,165] {processor.py:163} INFO - Started process (PID=4136) to work on /home/saba/airflow_venv/airflow_venv/lib/python3.6/site-packages/airflow/example_dags/example_short_circuit_operator.py
[2022-06-12 14:14:55,168] {processor.py:642} INFO - Processing file /home/saba/airflow_venv/airflow_venv/lib/python3.6/site-packages/airflow/example_dags/example_short_circuit_operator.py for tasks to queue
[2022-06-12 14:14:55,169] {logging_mixin.py:109} INFO - [2022-06-12 14:14:55,169] {dagbag.py:500} INFO - Filling up the DagBag from /home/saba/airflow_venv/airflow_venv/lib/python3.6/site-packages/airflow/example_dags/example_short_circuit_operator.py
[2022-06-12 14:14:55,192] {processor.py:652} INFO - DAG(s) dict_keys(['example_short_circuit_operator']) retrieved from /home/saba/airflow_venv/airflow_venv/lib/python3.6/site-packages/airflow/example_dags/example_short_circuit_operator.py
[2022-06-12 14:14:55,208] {logging_mixin.py:109} INFO - [2022-06-12 14:14:55,207] {dag.py:2398} INFO - Sync 1 DAGs
[2022-06-12 14:14:55,226] {logging_mixin.py:109} INFO - [2022-06-12 14:14:55,226] {dag.py:2937} INFO - Setting next_dagrun for example_short_circuit_operator to 2022-06-11T12:14:55.225672+00:00
[2022-06-12 14:14:55,241] {processor.py:171} INFO - Processing /home/saba/airflow_venv/airflow_venv/lib/python3.6/site-packages/airflow/example_dags/example_short_circuit_operator.py took 0.080 seconds
[2022-06-12 14:15:35,124] {processor.py:163} INFO - Started process (PID=4173) to work on /home/saba/airflow_venv/airflow_venv/lib/python3.6/site-packages/airflow/example_dags/example_short_circuit_operator.py
[2022-06-12 14:15:35,126] {processor.py:642} INFO - Processing file /home/saba/airflow_venv/airflow_venv/lib/python3.6/site-packages/airflow/example_dags/example_short_circuit_operator.py for tasks to queue
[2022-06-12 14:15:35,126] {logging_mixin.py:109} INFO - [2022-06-12 14:15:35,126] {dagbag.py:500} INFO - Filling up the DagBag from /home/saba/airflow_venv/airflow_venv/lib/python3.6/site-packages/airflow/example_dags/example_short_circuit_operator.py
[2022-06-12 14:15:35,152] {processor.py:652} INFO - DAG(s) dict_keys(['example_short_circuit_operator']) retrieved from /home/saba/airflow_venv/airflow_venv/lib/python3.6/site-packages/airflow/example_dags/example_short_circuit_operator.py
[2022-06-12 14:15:35,177] {logging_mixin.py:109} INFO - [2022-06-12 14:15:35,176] {dag.py:2398} INFO - Sync 1 DAGs
[2022-06-12 14:15:35,197] {logging_mixin.py:109} INFO - [2022-06-12 14:15:35,197] {dag.py:2937} INFO - Setting next_dagrun for example_short_circuit_operator to 2022-06-11T12:15:35.197253+00:00
[2022-06-12 14:15:35,216] {processor.py:171} INFO - Processing /home/saba/airflow_venv/airflow_venv/lib/python3.6/site-packages/airflow/example_dags/example_short_circuit_operator.py took 0.095 seconds
[2022-06-12 14:16:20,286] {processor.py:163} INFO - Started process (PID=4209) to work on /home/saba/airflow_venv/airflow_venv/lib/python3.6/site-packages/airflow/example_dags/example_short_circuit_operator.py
[2022-06-12 14:16:20,288] {processor.py:642} INFO - Processing file /home/saba/airflow_venv/airflow_venv/lib/python3.6/site-packages/airflow/example_dags/example_short_circuit_operator.py for tasks to queue
[2022-06-12 14:16:20,289] {logging_mixin.py:109} INFO - [2022-06-12 14:16:20,289] {dagbag.py:500} INFO - Filling up the DagBag from /home/saba/airflow_venv/airflow_venv/lib/python3.6/site-packages/airflow/example_dags/example_short_circuit_operator.py
[2022-06-12 14:16:20,312] {processor.py:652} INFO - DAG(s) dict_keys(['example_short_circuit_operator']) retrieved from /home/saba/airflow_venv/airflow_venv/lib/python3.6/site-packages/airflow/example_dags/example_short_circuit_operator.py
[2022-06-12 14:16:20,329] {logging_mixin.py:109} INFO - [2022-06-12 14:16:20,329] {dag.py:2398} INFO - Sync 1 DAGs
[2022-06-12 14:16:20,350] {logging_mixin.py:109} INFO - [2022-06-12 14:16:20,350] {dag.py:2937} INFO - Setting next_dagrun for example_short_circuit_operator to 2022-06-11T12:16:20.349703+00:00
[2022-06-12 14:16:20,367] {processor.py:171} INFO - Processing /home/saba/airflow_venv/airflow_venv/lib/python3.6/site-packages/airflow/example_dags/example_short_circuit_operator.py took 0.084 seconds
[2022-06-12 14:17:05,456] {processor.py:163} INFO - Started process (PID=4242) to work on /home/saba/airflow_venv/airflow_venv/lib/python3.6/site-packages/airflow/example_dags/example_short_circuit_operator.py
[2022-06-12 14:17:05,459] {processor.py:642} INFO - Processing file /home/saba/airflow_venv/airflow_venv/lib/python3.6/site-packages/airflow/example_dags/example_short_circuit_operator.py for tasks to queue
[2022-06-12 14:17:05,461] {logging_mixin.py:109} INFO - [2022-06-12 14:17:05,460] {dagbag.py:500} INFO - Filling up the DagBag from /home/saba/airflow_venv/airflow_venv/lib/python3.6/site-packages/airflow/example_dags/example_short_circuit_operator.py
[2022-06-12 14:17:05,518] {processor.py:652} INFO - DAG(s) dict_keys(['example_short_circuit_operator']) retrieved from /home/saba/airflow_venv/airflow_venv/lib/python3.6/site-packages/airflow/example_dags/example_short_circuit_operator.py
[2022-06-12 14:17:05,561] {logging_mixin.py:109} INFO - [2022-06-12 14:17:05,561] {dag.py:2398} INFO - Sync 1 DAGs
[2022-06-12 14:17:05,601] {logging_mixin.py:109} INFO - [2022-06-12 14:17:05,601] {dag.py:2937} INFO - Setting next_dagrun for example_short_circuit_operator to 2022-06-11T12:17:05.600429+00:00
[2022-06-12 14:17:05,633] {processor.py:171} INFO - Processing /home/saba/airflow_venv/airflow_venv/lib/python3.6/site-packages/airflow/example_dags/example_short_circuit_operator.py took 0.187 seconds
[2022-06-12 14:17:53,268] {processor.py:163} INFO - Started process (PID=4278) to work on /home/saba/airflow_venv/airflow_venv/lib/python3.6/site-packages/airflow/example_dags/example_short_circuit_operator.py
[2022-06-12 14:17:53,270] {processor.py:642} INFO - Processing file /home/saba/airflow_venv/airflow_venv/lib/python3.6/site-packages/airflow/example_dags/example_short_circuit_operator.py for tasks to queue
[2022-06-12 14:17:53,271] {logging_mixin.py:109} INFO - [2022-06-12 14:17:53,271] {dagbag.py:500} INFO - Filling up the DagBag from /home/saba/airflow_venv/airflow_venv/lib/python3.6/site-packages/airflow/example_dags/example_short_circuit_operator.py
[2022-06-12 14:17:53,303] {processor.py:652} INFO - DAG(s) dict_keys(['example_short_circuit_operator']) retrieved from /home/saba/airflow_venv/airflow_venv/lib/python3.6/site-packages/airflow/example_dags/example_short_circuit_operator.py
[2022-06-12 14:17:53,327] {logging_mixin.py:109} INFO - [2022-06-12 14:17:53,327] {dag.py:2398} INFO - Sync 1 DAGs
[2022-06-12 14:17:53,354] {logging_mixin.py:109} INFO - [2022-06-12 14:17:53,354] {dag.py:2937} INFO - Setting next_dagrun for example_short_circuit_operator to 2022-06-11T12:17:53.353986+00:00
[2022-06-12 14:17:53,376] {processor.py:171} INFO - Processing /home/saba/airflow_venv/airflow_venv/lib/python3.6/site-packages/airflow/example_dags/example_short_circuit_operator.py took 0.113 seconds
[2022-06-12 14:18:42,878] {processor.py:163} INFO - Started process (PID=4315) to work on /home/saba/airflow_venv/airflow_venv/lib/python3.6/site-packages/airflow/example_dags/example_short_circuit_operator.py
[2022-06-12 14:18:42,880] {processor.py:642} INFO - Processing file /home/saba/airflow_venv/airflow_venv/lib/python3.6/site-packages/airflow/example_dags/example_short_circuit_operator.py for tasks to queue
[2022-06-12 14:18:42,882] {logging_mixin.py:109} INFO - [2022-06-12 14:18:42,881] {dagbag.py:500} INFO - Filling up the DagBag from /home/saba/airflow_venv/airflow_venv/lib/python3.6/site-packages/airflow/example_dags/example_short_circuit_operator.py
[2022-06-12 14:18:42,916] {processor.py:652} INFO - DAG(s) dict_keys(['example_short_circuit_operator']) retrieved from /home/saba/airflow_venv/airflow_venv/lib/python3.6/site-packages/airflow/example_dags/example_short_circuit_operator.py
[2022-06-12 14:18:42,943] {logging_mixin.py:109} INFO - [2022-06-12 14:18:42,942] {dag.py:2398} INFO - Sync 1 DAGs
[2022-06-12 14:18:42,972] {logging_mixin.py:109} INFO - [2022-06-12 14:18:42,972] {dag.py:2937} INFO - Setting next_dagrun for example_short_circuit_operator to 2022-06-11T12:18:42.971827+00:00
[2022-06-12 14:18:42,995] {processor.py:171} INFO - Processing /home/saba/airflow_venv/airflow_venv/lib/python3.6/site-packages/airflow/example_dags/example_short_circuit_operator.py took 0.121 seconds
[2022-06-12 14:19:50,852] {processor.py:163} INFO - Started process (PID=4581) to work on /home/saba/airflow_venv/airflow_venv/lib/python3.6/site-packages/airflow/example_dags/example_short_circuit_operator.py
[2022-06-12 14:19:50,872] {processor.py:642} INFO - Processing file /home/saba/airflow_venv/airflow_venv/lib/python3.6/site-packages/airflow/example_dags/example_short_circuit_operator.py for tasks to queue
[2022-06-12 14:19:50,887] {logging_mixin.py:109} INFO - [2022-06-12 14:19:50,886] {dagbag.py:500} INFO - Filling up the DagBag from /home/saba/airflow_venv/airflow_venv/lib/python3.6/site-packages/airflow/example_dags/example_short_circuit_operator.py
[2022-06-12 14:19:51,191] {processor.py:652} INFO - DAG(s) dict_keys(['example_short_circuit_operator']) retrieved from /home/saba/airflow_venv/airflow_venv/lib/python3.6/site-packages/airflow/example_dags/example_short_circuit_operator.py
[2022-06-12 14:19:51,541] {logging_mixin.py:109} INFO - [2022-06-12 14:19:51,540] {dag.py:2398} INFO - Sync 1 DAGs
[2022-06-12 14:20:26,277] {logging_mixin.py:109} INFO - [2022-06-12 14:20:26,276] {dag.py:2937} INFO - Setting next_dagrun for example_short_circuit_operator to 2022-06-11T12:20:26.275571+00:00
[2022-06-12 14:34:58,833] {processor.py:171} INFO - Processing /home/saba/airflow_venv/airflow_venv/lib/python3.6/site-packages/airflow/example_dags/example_short_circuit_operator.py took 35.726 seconds
