[2022-06-12 14:11:06,234] {processor.py:163} INFO - Started process (PID=3992) to work on /home/saba/airflow_venv/airflow_venv/lib/python3.6/site-packages/airflow/example_dags/example_xcom.py
[2022-06-12 14:11:06,240] {processor.py:642} INFO - Processing file /home/saba/airflow_venv/airflow_venv/lib/python3.6/site-packages/airflow/example_dags/example_xcom.py for tasks to queue
[2022-06-12 14:11:06,243] {logging_mixin.py:109} INFO - [2022-06-12 14:11:06,242] {dagbag.py:500} INFO - Filling up the DagBag from /home/saba/airflow_venv/airflow_venv/lib/python3.6/site-packages/airflow/example_dags/example_xcom.py
[2022-06-12 14:11:06,505] {processor.py:652} INFO - DAG(s) dict_keys(['example_xcom']) retrieved from /home/saba/airflow_venv/airflow_venv/lib/python3.6/site-packages/airflow/example_dags/example_xcom.py
[2022-06-12 14:11:08,902] {logging_mixin.py:109} INFO - [2022-06-12 14:11:08,901] {dag.py:2398} INFO - Sync 1 DAGs
[2022-06-12 14:11:09,065] {logging_mixin.py:109} INFO - [2022-06-12 14:11:09,064] {dag.py:2937} INFO - Setting next_dagrun for example_xcom to 2021-01-01T00:00:00+00:00
[2022-06-12 14:11:09,507] {processor.py:171} INFO - Processing /home/saba/airflow_venv/airflow_venv/lib/python3.6/site-packages/airflow/example_dags/example_xcom.py took 3.309 seconds
[2022-06-12 14:12:17,538] {processor.py:163} INFO - Started process (PID=4022) to work on /home/saba/airflow_venv/airflow_venv/lib/python3.6/site-packages/airflow/example_dags/example_xcom.py
[2022-06-12 14:12:17,546] {processor.py:642} INFO - Processing file /home/saba/airflow_venv/airflow_venv/lib/python3.6/site-packages/airflow/example_dags/example_xcom.py for tasks to queue
[2022-06-12 14:12:17,555] {logging_mixin.py:109} INFO - [2022-06-12 14:12:17,550] {dagbag.py:500} INFO - Filling up the DagBag from /home/saba/airflow_venv/airflow_venv/lib/python3.6/site-packages/airflow/example_dags/example_xcom.py
[2022-06-12 14:12:17,807] {processor.py:652} INFO - DAG(s) dict_keys(['example_xcom']) retrieved from /home/saba/airflow_venv/airflow_venv/lib/python3.6/site-packages/airflow/example_dags/example_xcom.py
[2022-06-12 14:12:19,860] {logging_mixin.py:109} INFO - [2022-06-12 14:12:19,860] {dag.py:2398} INFO - Sync 1 DAGs
[2022-06-12 14:12:19,968] {logging_mixin.py:109} INFO - [2022-06-12 14:12:19,967] {dag.py:2937} INFO - Setting next_dagrun for example_xcom to 2021-01-01T00:00:00+00:00
[2022-06-12 14:12:20,141] {processor.py:171} INFO - Processing /home/saba/airflow_venv/airflow_venv/lib/python3.6/site-packages/airflow/example_dags/example_xcom.py took 2.626 seconds
[2022-06-12 14:12:58,869] {processor.py:163} INFO - Started process (PID=4042) to work on /home/saba/airflow_venv/airflow_venv/lib/python3.6/site-packages/airflow/example_dags/example_xcom.py
[2022-06-12 14:12:58,875] {processor.py:642} INFO - Processing file /home/saba/airflow_venv/airflow_venv/lib/python3.6/site-packages/airflow/example_dags/example_xcom.py for tasks to queue
[2022-06-12 14:12:58,877] {logging_mixin.py:109} INFO - [2022-06-12 14:12:58,877] {dagbag.py:500} INFO - Filling up the DagBag from /home/saba/airflow_venv/airflow_venv/lib/python3.6/site-packages/airflow/example_dags/example_xcom.py
[2022-06-12 14:12:58,988] {processor.py:652} INFO - DAG(s) dict_keys(['example_xcom']) retrieved from /home/saba/airflow_venv/airflow_venv/lib/python3.6/site-packages/airflow/example_dags/example_xcom.py
[2022-06-12 14:13:00,262] {logging_mixin.py:109} INFO - [2022-06-12 14:13:00,261] {dag.py:2398} INFO - Sync 1 DAGs
[2022-06-12 14:13:00,340] {logging_mixin.py:109} INFO - [2022-06-12 14:13:00,340] {dag.py:2937} INFO - Setting next_dagrun for example_xcom to 2021-01-01T00:00:00+00:00
[2022-06-12 14:13:00,395] {processor.py:171} INFO - Processing /home/saba/airflow_venv/airflow_venv/lib/python3.6/site-packages/airflow/example_dags/example_xcom.py took 1.538 seconds
[2022-06-12 14:13:46,818] {processor.py:163} INFO - Started process (PID=4075) to work on /home/saba/airflow_venv/airflow_venv/lib/python3.6/site-packages/airflow/example_dags/example_xcom.py
[2022-06-12 14:13:46,821] {processor.py:642} INFO - Processing file /home/saba/airflow_venv/airflow_venv/lib/python3.6/site-packages/airflow/example_dags/example_xcom.py for tasks to queue
[2022-06-12 14:13:46,822] {logging_mixin.py:109} INFO - [2022-06-12 14:13:46,822] {dagbag.py:500} INFO - Filling up the DagBag from /home/saba/airflow_venv/airflow_venv/lib/python3.6/site-packages/airflow/example_dags/example_xcom.py
[2022-06-12 14:13:46,852] {processor.py:652} INFO - DAG(s) dict_keys(['example_xcom']) retrieved from /home/saba/airflow_venv/airflow_venv/lib/python3.6/site-packages/airflow/example_dags/example_xcom.py
[2022-06-12 14:13:47,095] {logging_mixin.py:109} INFO - [2022-06-12 14:13:47,095] {dag.py:2398} INFO - Sync 1 DAGs
[2022-06-12 14:13:47,110] {logging_mixin.py:109} INFO - [2022-06-12 14:13:47,110] {dag.py:2937} INFO - Setting next_dagrun for example_xcom to 2021-01-01T00:00:00+00:00
[2022-06-12 14:13:47,129] {processor.py:171} INFO - Processing /home/saba/airflow_venv/airflow_venv/lib/python3.6/site-packages/airflow/example_dags/example_xcom.py took 0.314 seconds
[2022-06-12 14:14:20,944] {processor.py:163} INFO - Started process (PID=4105) to work on /home/saba/airflow_venv/airflow_venv/lib/python3.6/site-packages/airflow/example_dags/example_xcom.py
[2022-06-12 14:14:20,947] {processor.py:642} INFO - Processing file /home/saba/airflow_venv/airflow_venv/lib/python3.6/site-packages/airflow/example_dags/example_xcom.py for tasks to queue
[2022-06-12 14:14:20,949] {logging_mixin.py:109} INFO - [2022-06-12 14:14:20,949] {dagbag.py:500} INFO - Filling up the DagBag from /home/saba/airflow_venv/airflow_venv/lib/python3.6/site-packages/airflow/example_dags/example_xcom.py
[2022-06-12 14:14:21,032] {processor.py:652} INFO - DAG(s) dict_keys(['example_xcom']) retrieved from /home/saba/airflow_venv/airflow_venv/lib/python3.6/site-packages/airflow/example_dags/example_xcom.py
[2022-06-12 14:14:21,619] {logging_mixin.py:109} INFO - [2022-06-12 14:14:21,618] {dag.py:2398} INFO - Sync 1 DAGs
[2022-06-12 14:14:21,654] {logging_mixin.py:109} INFO - [2022-06-12 14:14:21,654] {dag.py:2937} INFO - Setting next_dagrun for example_xcom to 2021-01-01T00:00:00+00:00
[2022-06-12 14:14:21,690] {processor.py:171} INFO - Processing /home/saba/airflow_venv/airflow_venv/lib/python3.6/site-packages/airflow/example_dags/example_xcom.py took 0.753 seconds
[2022-06-12 14:14:58,709] {processor.py:163} INFO - Started process (PID=4139) to work on /home/saba/airflow_venv/airflow_venv/lib/python3.6/site-packages/airflow/example_dags/example_xcom.py
[2022-06-12 14:14:58,712] {processor.py:642} INFO - Processing file /home/saba/airflow_venv/airflow_venv/lib/python3.6/site-packages/airflow/example_dags/example_xcom.py for tasks to queue
[2022-06-12 14:14:58,712] {logging_mixin.py:109} INFO - [2022-06-12 14:14:58,712] {dagbag.py:500} INFO - Filling up the DagBag from /home/saba/airflow_venv/airflow_venv/lib/python3.6/site-packages/airflow/example_dags/example_xcom.py
[2022-06-12 14:14:58,738] {processor.py:652} INFO - DAG(s) dict_keys(['example_xcom']) retrieved from /home/saba/airflow_venv/airflow_venv/lib/python3.6/site-packages/airflow/example_dags/example_xcom.py
[2022-06-12 14:14:58,957] {logging_mixin.py:109} INFO - [2022-06-12 14:14:58,957] {dag.py:2398} INFO - Sync 1 DAGs
[2022-06-12 14:14:58,973] {logging_mixin.py:109} INFO - [2022-06-12 14:14:58,972] {dag.py:2937} INFO - Setting next_dagrun for example_xcom to 2021-01-01T00:00:00+00:00
[2022-06-12 14:14:58,991] {processor.py:171} INFO - Processing /home/saba/airflow_venv/airflow_venv/lib/python3.6/site-packages/airflow/example_dags/example_xcom.py took 0.285 seconds
[2022-06-12 14:15:36,281] {processor.py:163} INFO - Started process (PID=4174) to work on /home/saba/airflow_venv/airflow_venv/lib/python3.6/site-packages/airflow/example_dags/example_xcom.py
[2022-06-12 14:15:36,283] {processor.py:642} INFO - Processing file /home/saba/airflow_venv/airflow_venv/lib/python3.6/site-packages/airflow/example_dags/example_xcom.py for tasks to queue
[2022-06-12 14:15:36,284] {logging_mixin.py:109} INFO - [2022-06-12 14:15:36,284] {dagbag.py:500} INFO - Filling up the DagBag from /home/saba/airflow_venv/airflow_venv/lib/python3.6/site-packages/airflow/example_dags/example_xcom.py
[2022-06-12 14:15:36,318] {processor.py:652} INFO - DAG(s) dict_keys(['example_xcom']) retrieved from /home/saba/airflow_venv/airflow_venv/lib/python3.6/site-packages/airflow/example_dags/example_xcom.py
[2022-06-12 14:15:36,585] {logging_mixin.py:109} INFO - [2022-06-12 14:15:36,584] {dag.py:2398} INFO - Sync 1 DAGs
[2022-06-12 14:15:36,601] {logging_mixin.py:109} INFO - [2022-06-12 14:15:36,601] {dag.py:2937} INFO - Setting next_dagrun for example_xcom to 2021-01-01T00:00:00+00:00
[2022-06-12 14:15:36,621] {processor.py:171} INFO - Processing /home/saba/airflow_venv/airflow_venv/lib/python3.6/site-packages/airflow/example_dags/example_xcom.py took 0.344 seconds
[2022-06-12 14:16:14,661] {processor.py:163} INFO - Started process (PID=4203) to work on /home/saba/airflow_venv/airflow_venv/lib/python3.6/site-packages/airflow/example_dags/example_xcom.py
[2022-06-12 14:16:14,664] {processor.py:642} INFO - Processing file /home/saba/airflow_venv/airflow_venv/lib/python3.6/site-packages/airflow/example_dags/example_xcom.py for tasks to queue
[2022-06-12 14:16:14,666] {logging_mixin.py:109} INFO - [2022-06-12 14:16:14,665] {dagbag.py:500} INFO - Filling up the DagBag from /home/saba/airflow_venv/airflow_venv/lib/python3.6/site-packages/airflow/example_dags/example_xcom.py
[2022-06-12 14:16:14,701] {processor.py:652} INFO - DAG(s) dict_keys(['example_xcom']) retrieved from /home/saba/airflow_venv/airflow_venv/lib/python3.6/site-packages/airflow/example_dags/example_xcom.py
[2022-06-12 14:16:14,960] {logging_mixin.py:109} INFO - [2022-06-12 14:16:14,960] {dag.py:2398} INFO - Sync 1 DAGs
[2022-06-12 14:16:14,978] {logging_mixin.py:109} INFO - [2022-06-12 14:16:14,977] {dag.py:2937} INFO - Setting next_dagrun for example_xcom to 2021-01-01T00:00:00+00:00
[2022-06-12 14:16:14,998] {processor.py:171} INFO - Processing /home/saba/airflow_venv/airflow_venv/lib/python3.6/site-packages/airflow/example_dags/example_xcom.py took 0.341 seconds
[2022-06-12 14:16:57,498] {processor.py:163} INFO - Started process (PID=4236) to work on /home/saba/airflow_venv/airflow_venv/lib/python3.6/site-packages/airflow/example_dags/example_xcom.py
[2022-06-12 14:16:57,501] {processor.py:642} INFO - Processing file /home/saba/airflow_venv/airflow_venv/lib/python3.6/site-packages/airflow/example_dags/example_xcom.py for tasks to queue
[2022-06-12 14:16:57,504] {logging_mixin.py:109} INFO - [2022-06-12 14:16:57,503] {dagbag.py:500} INFO - Filling up the DagBag from /home/saba/airflow_venv/airflow_venv/lib/python3.6/site-packages/airflow/example_dags/example_xcom.py
[2022-06-12 14:16:57,591] {processor.py:652} INFO - DAG(s) dict_keys(['example_xcom']) retrieved from /home/saba/airflow_venv/airflow_venv/lib/python3.6/site-packages/airflow/example_dags/example_xcom.py
[2022-06-12 14:16:57,628] {logging_mixin.py:109} INFO - [2022-06-12 14:16:57,627] {dag.py:2398} INFO - Sync 1 DAGs
[2022-06-12 14:16:57,673] {logging_mixin.py:109} INFO - [2022-06-12 14:16:57,673] {dag.py:2937} INFO - Setting next_dagrun for example_xcom to 2021-01-01T00:00:00+00:00
[2022-06-12 14:16:57,707] {processor.py:171} INFO - Processing /home/saba/airflow_venv/airflow_venv/lib/python3.6/site-packages/airflow/example_dags/example_xcom.py took 0.218 seconds
[2022-06-12 14:17:31,100] {processor.py:163} INFO - Started process (PID=4260) to work on /home/saba/airflow_venv/airflow_venv/lib/python3.6/site-packages/airflow/example_dags/example_xcom.py
[2022-06-12 14:17:31,104] {processor.py:642} INFO - Processing file /home/saba/airflow_venv/airflow_venv/lib/python3.6/site-packages/airflow/example_dags/example_xcom.py for tasks to queue
[2022-06-12 14:17:31,107] {logging_mixin.py:109} INFO - [2022-06-12 14:17:31,106] {dagbag.py:500} INFO - Filling up the DagBag from /home/saba/airflow_venv/airflow_venv/lib/python3.6/site-packages/airflow/example_dags/example_xcom.py
[2022-06-12 14:17:31,178] {processor.py:652} INFO - DAG(s) dict_keys(['example_xcom']) retrieved from /home/saba/airflow_venv/airflow_venv/lib/python3.6/site-packages/airflow/example_dags/example_xcom.py
[2022-06-12 14:17:31,772] {logging_mixin.py:109} INFO - [2022-06-12 14:17:31,771] {dag.py:2398} INFO - Sync 1 DAGs
[2022-06-12 14:17:31,810] {logging_mixin.py:109} INFO - [2022-06-12 14:17:31,809] {dag.py:2937} INFO - Setting next_dagrun for example_xcom to 2021-01-01T00:00:00+00:00
[2022-06-12 14:17:31,853] {processor.py:171} INFO - Processing /home/saba/airflow_venv/airflow_venv/lib/python3.6/site-packages/airflow/example_dags/example_xcom.py took 0.761 seconds
[2022-06-12 14:18:18,144] {processor.py:163} INFO - Started process (PID=4295) to work on /home/saba/airflow_venv/airflow_venv/lib/python3.6/site-packages/airflow/example_dags/example_xcom.py
[2022-06-12 14:18:18,148] {processor.py:642} INFO - Processing file /home/saba/airflow_venv/airflow_venv/lib/python3.6/site-packages/airflow/example_dags/example_xcom.py for tasks to queue
[2022-06-12 14:18:18,150] {logging_mixin.py:109} INFO - [2022-06-12 14:18:18,150] {dagbag.py:500} INFO - Filling up the DagBag from /home/saba/airflow_venv/airflow_venv/lib/python3.6/site-packages/airflow/example_dags/example_xcom.py
[2022-06-12 14:18:18,242] {processor.py:652} INFO - DAG(s) dict_keys(['example_xcom']) retrieved from /home/saba/airflow_venv/airflow_venv/lib/python3.6/site-packages/airflow/example_dags/example_xcom.py
[2022-06-12 14:18:18,286] {logging_mixin.py:109} INFO - [2022-06-12 14:18:18,286] {dag.py:2398} INFO - Sync 1 DAGs
[2022-06-12 14:18:18,344] {logging_mixin.py:109} INFO - [2022-06-12 14:18:18,343] {dag.py:2937} INFO - Setting next_dagrun for example_xcom to 2021-01-01T00:00:00+00:00
[2022-06-12 14:18:18,379] {processor.py:171} INFO - Processing /home/saba/airflow_venv/airflow_venv/lib/python3.6/site-packages/airflow/example_dags/example_xcom.py took 0.244 seconds
[2022-06-12 14:18:56,128] {processor.py:163} INFO - Started process (PID=4322) to work on /home/saba/airflow_venv/airflow_venv/lib/python3.6/site-packages/airflow/example_dags/example_xcom.py
[2022-06-12 14:18:56,141] {processor.py:642} INFO - Processing file /home/saba/airflow_venv/airflow_venv/lib/python3.6/site-packages/airflow/example_dags/example_xcom.py for tasks to queue
[2022-06-12 14:18:56,143] {logging_mixin.py:109} INFO - [2022-06-12 14:18:56,143] {dagbag.py:500} INFO - Filling up the DagBag from /home/saba/airflow_venv/airflow_venv/lib/python3.6/site-packages/airflow/example_dags/example_xcom.py
[2022-06-12 14:18:56,286] {processor.py:652} INFO - DAG(s) dict_keys(['example_xcom']) retrieved from /home/saba/airflow_venv/airflow_venv/lib/python3.6/site-packages/airflow/example_dags/example_xcom.py
[2022-06-12 14:18:57,371] {logging_mixin.py:109} INFO - [2022-06-12 14:18:57,370] {dag.py:2398} INFO - Sync 1 DAGs
[2022-06-12 14:18:57,413] {logging_mixin.py:109} INFO - [2022-06-12 14:18:57,413] {dag.py:2937} INFO - Setting next_dagrun for example_xcom to 2021-01-01T00:00:00+00:00
[2022-06-12 14:18:57,600] {processor.py:171} INFO - Processing /home/saba/airflow_venv/airflow_venv/lib/python3.6/site-packages/airflow/example_dags/example_xcom.py took 1.488 seconds
