[2022-06-12 14:12:13,515] {processor.py:163} INFO - Started process (PID=4019) to work on /home/saba/airflow_venv/airflow_venv/lib/python3.6/site-packages/airflow/example_dags/example_external_task_marker_dag.py
[2022-06-12 14:12:13,519] {processor.py:642} INFO - Processing file /home/saba/airflow_venv/airflow_venv/lib/python3.6/site-packages/airflow/example_dags/example_external_task_marker_dag.py for tasks to queue
[2022-06-12 14:12:13,524] {logging_mixin.py:109} INFO - [2022-06-12 14:12:13,522] {dagbag.py:500} INFO - Filling up the DagBag from /home/saba/airflow_venv/airflow_venv/lib/python3.6/site-packages/airflow/example_dags/example_external_task_marker_dag.py
[2022-06-12 14:12:13,641] {processor.py:652} INFO - DAG(s) dict_keys(['example_external_task_marker_parent', 'example_external_task_marker_child']) retrieved from /home/saba/airflow_venv/airflow_venv/lib/python3.6/site-packages/airflow/example_dags/example_external_task_marker_dag.py
[2022-06-12 14:12:13,748] {logging_mixin.py:109} INFO - [2022-06-12 14:12:13,747] {dag.py:2398} INFO - Sync 2 DAGs
[2022-06-12 14:12:13,834] {logging_mixin.py:109} INFO - [2022-06-12 14:12:13,833] {dag.py:2937} INFO - Setting next_dagrun for example_external_task_marker_child to None
[2022-06-12 14:12:13,835] {logging_mixin.py:109} INFO - [2022-06-12 14:12:13,835] {dag.py:2937} INFO - Setting next_dagrun for example_external_task_marker_parent to None
[2022-06-12 14:12:13,910] {processor.py:171} INFO - Processing /home/saba/airflow_venv/airflow_venv/lib/python3.6/site-packages/airflow/example_dags/example_external_task_marker_dag.py took 0.409 seconds
[2022-06-12 14:13:22,961] {processor.py:163} INFO - Started process (PID=4057) to work on /home/saba/airflow_venv/airflow_venv/lib/python3.6/site-packages/airflow/example_dags/example_external_task_marker_dag.py
[2022-06-12 14:13:22,969] {processor.py:642} INFO - Processing file /home/saba/airflow_venv/airflow_venv/lib/python3.6/site-packages/airflow/example_dags/example_external_task_marker_dag.py for tasks to queue
[2022-06-12 14:13:22,972] {logging_mixin.py:109} INFO - [2022-06-12 14:13:22,971] {dagbag.py:500} INFO - Filling up the DagBag from /home/saba/airflow_venv/airflow_venv/lib/python3.6/site-packages/airflow/example_dags/example_external_task_marker_dag.py
[2022-06-12 14:13:23,090] {processor.py:652} INFO - DAG(s) dict_keys(['example_external_task_marker_parent', 'example_external_task_marker_child']) retrieved from /home/saba/airflow_venv/airflow_venv/lib/python3.6/site-packages/airflow/example_dags/example_external_task_marker_dag.py
[2022-06-12 14:13:23,186] {logging_mixin.py:109} INFO - [2022-06-12 14:13:23,186] {dag.py:2398} INFO - Sync 2 DAGs
[2022-06-12 14:13:23,338] {logging_mixin.py:109} INFO - [2022-06-12 14:13:23,337] {dag.py:2937} INFO - Setting next_dagrun for example_external_task_marker_child to None
[2022-06-12 14:13:23,340] {logging_mixin.py:109} INFO - [2022-06-12 14:13:23,340] {dag.py:2937} INFO - Setting next_dagrun for example_external_task_marker_parent to None
[2022-06-12 14:13:23,420] {processor.py:171} INFO - Processing /home/saba/airflow_venv/airflow_venv/lib/python3.6/site-packages/airflow/example_dags/example_external_task_marker_dag.py took 0.470 seconds
[2022-06-12 14:14:08,142] {processor.py:163} INFO - Started process (PID=4094) to work on /home/saba/airflow_venv/airflow_venv/lib/python3.6/site-packages/airflow/example_dags/example_external_task_marker_dag.py
[2022-06-12 14:14:08,149] {processor.py:642} INFO - Processing file /home/saba/airflow_venv/airflow_venv/lib/python3.6/site-packages/airflow/example_dags/example_external_task_marker_dag.py for tasks to queue
[2022-06-12 14:14:08,151] {logging_mixin.py:109} INFO - [2022-06-12 14:14:08,150] {dagbag.py:500} INFO - Filling up the DagBag from /home/saba/airflow_venv/airflow_venv/lib/python3.6/site-packages/airflow/example_dags/example_external_task_marker_dag.py
[2022-06-12 14:14:08,189] {processor.py:652} INFO - DAG(s) dict_keys(['example_external_task_marker_parent', 'example_external_task_marker_child']) retrieved from /home/saba/airflow_venv/airflow_venv/lib/python3.6/site-packages/airflow/example_dags/example_external_task_marker_dag.py
[2022-06-12 14:14:08,228] {logging_mixin.py:109} INFO - [2022-06-12 14:14:08,227] {dag.py:2398} INFO - Sync 2 DAGs
[2022-06-12 14:14:08,284] {logging_mixin.py:109} INFO - [2022-06-12 14:14:08,284] {dag.py:2937} INFO - Setting next_dagrun for example_external_task_marker_child to None
[2022-06-12 14:14:08,285] {logging_mixin.py:109} INFO - [2022-06-12 14:14:08,285] {dag.py:2937} INFO - Setting next_dagrun for example_external_task_marker_parent to None
[2022-06-12 14:14:08,320] {processor.py:171} INFO - Processing /home/saba/airflow_venv/airflow_venv/lib/python3.6/site-packages/airflow/example_dags/example_external_task_marker_dag.py took 0.186 seconds
[2022-06-12 14:14:47,253] {processor.py:163} INFO - Started process (PID=4128) to work on /home/saba/airflow_venv/airflow_venv/lib/python3.6/site-packages/airflow/example_dags/example_external_task_marker_dag.py
[2022-06-12 14:14:47,255] {processor.py:642} INFO - Processing file /home/saba/airflow_venv/airflow_venv/lib/python3.6/site-packages/airflow/example_dags/example_external_task_marker_dag.py for tasks to queue
[2022-06-12 14:14:47,256] {logging_mixin.py:109} INFO - [2022-06-12 14:14:47,256] {dagbag.py:500} INFO - Filling up the DagBag from /home/saba/airflow_venv/airflow_venv/lib/python3.6/site-packages/airflow/example_dags/example_external_task_marker_dag.py
[2022-06-12 14:14:47,276] {processor.py:652} INFO - DAG(s) dict_keys(['example_external_task_marker_parent', 'example_external_task_marker_child']) retrieved from /home/saba/airflow_venv/airflow_venv/lib/python3.6/site-packages/airflow/example_dags/example_external_task_marker_dag.py
[2022-06-12 14:14:47,293] {logging_mixin.py:109} INFO - [2022-06-12 14:14:47,293] {dag.py:2398} INFO - Sync 2 DAGs
[2022-06-12 14:14:47,310] {logging_mixin.py:109} INFO - [2022-06-12 14:14:47,310] {dag.py:2937} INFO - Setting next_dagrun for example_external_task_marker_child to None
[2022-06-12 14:14:47,311] {logging_mixin.py:109} INFO - [2022-06-12 14:14:47,310] {dag.py:2937} INFO - Setting next_dagrun for example_external_task_marker_parent to None
[2022-06-12 14:14:47,327] {processor.py:171} INFO - Processing /home/saba/airflow_venv/airflow_venv/lib/python3.6/site-packages/airflow/example_dags/example_external_task_marker_dag.py took 0.076 seconds
[2022-06-12 14:15:26,772] {processor.py:163} INFO - Started process (PID=4165) to work on /home/saba/airflow_venv/airflow_venv/lib/python3.6/site-packages/airflow/example_dags/example_external_task_marker_dag.py
[2022-06-12 14:15:26,774] {processor.py:642} INFO - Processing file /home/saba/airflow_venv/airflow_venv/lib/python3.6/site-packages/airflow/example_dags/example_external_task_marker_dag.py for tasks to queue
[2022-06-12 14:15:26,775] {logging_mixin.py:109} INFO - [2022-06-12 14:15:26,775] {dagbag.py:500} INFO - Filling up the DagBag from /home/saba/airflow_venv/airflow_venv/lib/python3.6/site-packages/airflow/example_dags/example_external_task_marker_dag.py
[2022-06-12 14:15:26,798] {processor.py:652} INFO - DAG(s) dict_keys(['example_external_task_marker_parent', 'example_external_task_marker_child']) retrieved from /home/saba/airflow_venv/airflow_venv/lib/python3.6/site-packages/airflow/example_dags/example_external_task_marker_dag.py
[2022-06-12 14:15:26,821] {logging_mixin.py:109} INFO - [2022-06-12 14:15:26,821] {dag.py:2398} INFO - Sync 2 DAGs
[2022-06-12 14:15:26,844] {logging_mixin.py:109} INFO - [2022-06-12 14:15:26,844] {dag.py:2937} INFO - Setting next_dagrun for example_external_task_marker_child to None
[2022-06-12 14:15:26,845] {logging_mixin.py:109} INFO - [2022-06-12 14:15:26,845] {dag.py:2937} INFO - Setting next_dagrun for example_external_task_marker_parent to None
[2022-06-12 14:15:26,862] {processor.py:171} INFO - Processing /home/saba/airflow_venv/airflow_venv/lib/python3.6/site-packages/airflow/example_dags/example_external_task_marker_dag.py took 0.094 seconds
[2022-06-12 14:16:12,268] {processor.py:163} INFO - Started process (PID=4201) to work on /home/saba/airflow_venv/airflow_venv/lib/python3.6/site-packages/airflow/example_dags/example_external_task_marker_dag.py
[2022-06-12 14:16:12,269] {processor.py:642} INFO - Processing file /home/saba/airflow_venv/airflow_venv/lib/python3.6/site-packages/airflow/example_dags/example_external_task_marker_dag.py for tasks to queue
[2022-06-12 14:16:12,270] {logging_mixin.py:109} INFO - [2022-06-12 14:16:12,270] {dagbag.py:500} INFO - Filling up the DagBag from /home/saba/airflow_venv/airflow_venv/lib/python3.6/site-packages/airflow/example_dags/example_external_task_marker_dag.py
[2022-06-12 14:16:12,289] {processor.py:652} INFO - DAG(s) dict_keys(['example_external_task_marker_parent', 'example_external_task_marker_child']) retrieved from /home/saba/airflow_venv/airflow_venv/lib/python3.6/site-packages/airflow/example_dags/example_external_task_marker_dag.py
[2022-06-12 14:16:12,308] {logging_mixin.py:109} INFO - [2022-06-12 14:16:12,308] {dag.py:2398} INFO - Sync 2 DAGs
[2022-06-12 14:16:12,327] {logging_mixin.py:109} INFO - [2022-06-12 14:16:12,327] {dag.py:2937} INFO - Setting next_dagrun for example_external_task_marker_child to None
[2022-06-12 14:16:12,328] {logging_mixin.py:109} INFO - [2022-06-12 14:16:12,328] {dag.py:2937} INFO - Setting next_dagrun for example_external_task_marker_parent to None
[2022-06-12 14:16:12,345] {processor.py:171} INFO - Processing /home/saba/airflow_venv/airflow_venv/lib/python3.6/site-packages/airflow/example_dags/example_external_task_marker_dag.py took 0.080 seconds
[2022-06-12 14:17:11,667] {processor.py:163} INFO - Started process (PID=4247) to work on /home/saba/airflow_venv/airflow_venv/lib/python3.6/site-packages/airflow/example_dags/example_external_task_marker_dag.py
[2022-06-12 14:17:11,670] {processor.py:642} INFO - Processing file /home/saba/airflow_venv/airflow_venv/lib/python3.6/site-packages/airflow/example_dags/example_external_task_marker_dag.py for tasks to queue
[2022-06-12 14:17:11,671] {logging_mixin.py:109} INFO - [2022-06-12 14:17:11,671] {dagbag.py:500} INFO - Filling up the DagBag from /home/saba/airflow_venv/airflow_venv/lib/python3.6/site-packages/airflow/example_dags/example_external_task_marker_dag.py
[2022-06-12 14:17:11,719] {processor.py:652} INFO - DAG(s) dict_keys(['example_external_task_marker_parent', 'example_external_task_marker_child']) retrieved from /home/saba/airflow_venv/airflow_venv/lib/python3.6/site-packages/airflow/example_dags/example_external_task_marker_dag.py
[2022-06-12 14:17:11,754] {logging_mixin.py:109} INFO - [2022-06-12 14:17:11,754] {dag.py:2398} INFO - Sync 2 DAGs
[2022-06-12 14:17:11,787] {logging_mixin.py:109} INFO - [2022-06-12 14:17:11,787] {dag.py:2937} INFO - Setting next_dagrun for example_external_task_marker_child to None
[2022-06-12 14:17:11,788] {logging_mixin.py:109} INFO - [2022-06-12 14:17:11,788] {dag.py:2937} INFO - Setting next_dagrun for example_external_task_marker_parent to None
[2022-06-12 14:17:11,816] {processor.py:171} INFO - Processing /home/saba/airflow_venv/airflow_venv/lib/python3.6/site-packages/airflow/example_dags/example_external_task_marker_dag.py took 0.156 seconds
[2022-06-12 14:17:59,597] {processor.py:163} INFO - Started process (PID=4283) to work on /home/saba/airflow_venv/airflow_venv/lib/python3.6/site-packages/airflow/example_dags/example_external_task_marker_dag.py
[2022-06-12 14:17:59,600] {processor.py:642} INFO - Processing file /home/saba/airflow_venv/airflow_venv/lib/python3.6/site-packages/airflow/example_dags/example_external_task_marker_dag.py for tasks to queue
[2022-06-12 14:17:59,602] {logging_mixin.py:109} INFO - [2022-06-12 14:17:59,601] {dagbag.py:500} INFO - Filling up the DagBag from /home/saba/airflow_venv/airflow_venv/lib/python3.6/site-packages/airflow/example_dags/example_external_task_marker_dag.py
[2022-06-12 14:17:59,637] {processor.py:652} INFO - DAG(s) dict_keys(['example_external_task_marker_parent', 'example_external_task_marker_child']) retrieved from /home/saba/airflow_venv/airflow_venv/lib/python3.6/site-packages/airflow/example_dags/example_external_task_marker_dag.py
[2022-06-12 14:17:59,677] {logging_mixin.py:109} INFO - [2022-06-12 14:17:59,677] {dag.py:2398} INFO - Sync 2 DAGs
[2022-06-12 14:17:59,715] {logging_mixin.py:109} INFO - [2022-06-12 14:17:59,715] {dag.py:2937} INFO - Setting next_dagrun for example_external_task_marker_child to None
[2022-06-12 14:17:59,716] {logging_mixin.py:109} INFO - [2022-06-12 14:17:59,716] {dag.py:2937} INFO - Setting next_dagrun for example_external_task_marker_parent to None
[2022-06-12 14:17:59,744] {processor.py:171} INFO - Processing /home/saba/airflow_venv/airflow_venv/lib/python3.6/site-packages/airflow/example_dags/example_external_task_marker_dag.py took 0.153 seconds
[2022-06-12 14:18:52,519] {processor.py:163} INFO - Started process (PID=4320) to work on /home/saba/airflow_venv/airflow_venv/lib/python3.6/site-packages/airflow/example_dags/example_external_task_marker_dag.py
[2022-06-12 14:18:52,530] {processor.py:642} INFO - Processing file /home/saba/airflow_venv/airflow_venv/lib/python3.6/site-packages/airflow/example_dags/example_external_task_marker_dag.py for tasks to queue
[2022-06-12 14:18:52,532] {logging_mixin.py:109} INFO - [2022-06-12 14:18:52,531] {dagbag.py:500} INFO - Filling up the DagBag from /home/saba/airflow_venv/airflow_venv/lib/python3.6/site-packages/airflow/example_dags/example_external_task_marker_dag.py
[2022-06-12 14:18:52,641] {processor.py:652} INFO - DAG(s) dict_keys(['example_external_task_marker_parent', 'example_external_task_marker_child']) retrieved from /home/saba/airflow_venv/airflow_venv/lib/python3.6/site-packages/airflow/example_dags/example_external_task_marker_dag.py
[2022-06-12 14:18:52,738] {logging_mixin.py:109} INFO - [2022-06-12 14:18:52,738] {dag.py:2398} INFO - Sync 2 DAGs
[2022-06-12 14:18:52,891] {logging_mixin.py:109} INFO - [2022-06-12 14:18:52,891] {dag.py:2937} INFO - Setting next_dagrun for example_external_task_marker_child to None
[2022-06-12 14:18:52,892] {logging_mixin.py:109} INFO - [2022-06-12 14:18:52,892] {dag.py:2937} INFO - Setting next_dagrun for example_external_task_marker_parent to None
[2022-06-12 14:18:52,968] {processor.py:171} INFO - Processing /home/saba/airflow_venv/airflow_venv/lib/python3.6/site-packages/airflow/example_dags/example_external_task_marker_dag.py took 0.469 seconds
