[2022-06-12 14:11:56,054] {processor.py:163} INFO - Started process (PID=4011) to work on /home/saba/airflow_venv/airflow_venv/lib/python3.6/site-packages/airflow/example_dags/example_latest_only.py
[2022-06-12 14:11:56,084] {processor.py:642} INFO - Processing file /home/saba/airflow_venv/airflow_venv/lib/python3.6/site-packages/airflow/example_dags/example_latest_only.py for tasks to queue
[2022-06-12 14:11:56,104] {logging_mixin.py:109} INFO - [2022-06-12 14:11:56,103] {dagbag.py:500} INFO - Filling up the DagBag from /home/saba/airflow_venv/airflow_venv/lib/python3.6/site-packages/airflow/example_dags/example_latest_only.py
[2022-06-12 14:11:56,316] {processor.py:652} INFO - DAG(s) dict_keys(['latest_only']) retrieved from /home/saba/airflow_venv/airflow_venv/lib/python3.6/site-packages/airflow/example_dags/example_latest_only.py
[2022-06-12 14:11:56,474] {logging_mixin.py:109} INFO - [2022-06-12 14:11:56,465] {dag.py:2398} INFO - Sync 1 DAGs
[2022-06-12 14:11:56,659] {logging_mixin.py:109} INFO - [2022-06-12 14:11:56,659] {dag.py:2937} INFO - Setting next_dagrun for latest_only to 2022-06-12T08:11:56.657746+00:00
[2022-06-12 14:11:56,818] {processor.py:171} INFO - Processing /home/saba/airflow_venv/airflow_venv/lib/python3.6/site-packages/airflow/example_dags/example_latest_only.py took 0.786 seconds
[2022-06-12 14:13:11,275] {processor.py:163} INFO - Started process (PID=4049) to work on /home/saba/airflow_venv/airflow_venv/lib/python3.6/site-packages/airflow/example_dags/example_latest_only.py
[2022-06-12 14:13:11,281] {processor.py:642} INFO - Processing file /home/saba/airflow_venv/airflow_venv/lib/python3.6/site-packages/airflow/example_dags/example_latest_only.py for tasks to queue
[2022-06-12 14:13:11,283] {logging_mixin.py:109} INFO - [2022-06-12 14:13:11,282] {dagbag.py:500} INFO - Filling up the DagBag from /home/saba/airflow_venv/airflow_venv/lib/python3.6/site-packages/airflow/example_dags/example_latest_only.py
[2022-06-12 14:13:11,353] {processor.py:652} INFO - DAG(s) dict_keys(['latest_only']) retrieved from /home/saba/airflow_venv/airflow_venv/lib/python3.6/site-packages/airflow/example_dags/example_latest_only.py
[2022-06-12 14:13:11,410] {logging_mixin.py:109} INFO - [2022-06-12 14:13:11,410] {dag.py:2398} INFO - Sync 1 DAGs
[2022-06-12 14:13:11,468] {logging_mixin.py:109} INFO - [2022-06-12 14:13:11,468] {dag.py:2937} INFO - Setting next_dagrun for latest_only to 2022-06-12T08:13:11.466773+00:00
[2022-06-12 14:13:11,512] {processor.py:171} INFO - Processing /home/saba/airflow_venv/airflow_venv/lib/python3.6/site-packages/airflow/example_dags/example_latest_only.py took 0.246 seconds
[2022-06-12 14:13:54,044] {processor.py:163} INFO - Started process (PID=4082) to work on /home/saba/airflow_venv/airflow_venv/lib/python3.6/site-packages/airflow/example_dags/example_latest_only.py
[2022-06-12 14:13:54,046] {processor.py:642} INFO - Processing file /home/saba/airflow_venv/airflow_venv/lib/python3.6/site-packages/airflow/example_dags/example_latest_only.py for tasks to queue
[2022-06-12 14:13:54,047] {logging_mixin.py:109} INFO - [2022-06-12 14:13:54,047] {dagbag.py:500} INFO - Filling up the DagBag from /home/saba/airflow_venv/airflow_venv/lib/python3.6/site-packages/airflow/example_dags/example_latest_only.py
[2022-06-12 14:13:54,071] {processor.py:652} INFO - DAG(s) dict_keys(['latest_only']) retrieved from /home/saba/airflow_venv/airflow_venv/lib/python3.6/site-packages/airflow/example_dags/example_latest_only.py
[2022-06-12 14:13:54,090] {logging_mixin.py:109} INFO - [2022-06-12 14:13:54,089] {dag.py:2398} INFO - Sync 1 DAGs
[2022-06-12 14:13:54,113] {logging_mixin.py:109} INFO - [2022-06-12 14:13:54,112] {dag.py:2937} INFO - Setting next_dagrun for latest_only to 2022-06-12T08:13:54.112466+00:00
[2022-06-12 14:13:54,131] {processor.py:171} INFO - Processing /home/saba/airflow_venv/airflow_venv/lib/python3.6/site-packages/airflow/example_dags/example_latest_only.py took 0.091 seconds
[2022-06-12 14:14:34,512] {processor.py:163} INFO - Started process (PID=4116) to work on /home/saba/airflow_venv/airflow_venv/lib/python3.6/site-packages/airflow/example_dags/example_latest_only.py
[2022-06-12 14:14:34,514] {processor.py:642} INFO - Processing file /home/saba/airflow_venv/airflow_venv/lib/python3.6/site-packages/airflow/example_dags/example_latest_only.py for tasks to queue
[2022-06-12 14:14:34,515] {logging_mixin.py:109} INFO - [2022-06-12 14:14:34,515] {dagbag.py:500} INFO - Filling up the DagBag from /home/saba/airflow_venv/airflow_venv/lib/python3.6/site-packages/airflow/example_dags/example_latest_only.py
[2022-06-12 14:14:34,540] {processor.py:652} INFO - DAG(s) dict_keys(['latest_only']) retrieved from /home/saba/airflow_venv/airflow_venv/lib/python3.6/site-packages/airflow/example_dags/example_latest_only.py
[2022-06-12 14:14:34,559] {logging_mixin.py:109} INFO - [2022-06-12 14:14:34,559] {dag.py:2398} INFO - Sync 1 DAGs
[2022-06-12 14:14:34,582] {logging_mixin.py:109} INFO - [2022-06-12 14:14:34,582] {dag.py:2937} INFO - Setting next_dagrun for latest_only to 2022-06-12T08:14:34.581809+00:00
[2022-06-12 14:14:34,601] {processor.py:171} INFO - Processing /home/saba/airflow_venv/airflow_venv/lib/python3.6/site-packages/airflow/example_dags/example_latest_only.py took 0.093 seconds
[2022-06-12 14:15:10,620] {processor.py:163} INFO - Started process (PID=4150) to work on /home/saba/airflow_venv/airflow_venv/lib/python3.6/site-packages/airflow/example_dags/example_latest_only.py
[2022-06-12 14:15:10,622] {processor.py:642} INFO - Processing file /home/saba/airflow_venv/airflow_venv/lib/python3.6/site-packages/airflow/example_dags/example_latest_only.py for tasks to queue
[2022-06-12 14:15:10,623] {logging_mixin.py:109} INFO - [2022-06-12 14:15:10,623] {dagbag.py:500} INFO - Filling up the DagBag from /home/saba/airflow_venv/airflow_venv/lib/python3.6/site-packages/airflow/example_dags/example_latest_only.py
[2022-06-12 14:15:10,648] {processor.py:652} INFO - DAG(s) dict_keys(['latest_only']) retrieved from /home/saba/airflow_venv/airflow_venv/lib/python3.6/site-packages/airflow/example_dags/example_latest_only.py
[2022-06-12 14:15:10,669] {logging_mixin.py:109} INFO - [2022-06-12 14:15:10,668] {dag.py:2398} INFO - Sync 1 DAGs
[2022-06-12 14:15:10,691] {logging_mixin.py:109} INFO - [2022-06-12 14:15:10,691] {dag.py:2937} INFO - Setting next_dagrun for latest_only to 2022-06-12T08:15:10.691450+00:00
[2022-06-12 14:15:10,711] {processor.py:171} INFO - Processing /home/saba/airflow_venv/airflow_venv/lib/python3.6/site-packages/airflow/example_dags/example_latest_only.py took 0.096 seconds
[2022-06-12 14:15:53,407] {processor.py:163} INFO - Started process (PID=4187) to work on /home/saba/airflow_venv/airflow_venv/lib/python3.6/site-packages/airflow/example_dags/example_latest_only.py
[2022-06-12 14:15:53,411] {processor.py:642} INFO - Processing file /home/saba/airflow_venv/airflow_venv/lib/python3.6/site-packages/airflow/example_dags/example_latest_only.py for tasks to queue
[2022-06-12 14:15:53,414] {logging_mixin.py:109} INFO - [2022-06-12 14:15:53,413] {dagbag.py:500} INFO - Filling up the DagBag from /home/saba/airflow_venv/airflow_venv/lib/python3.6/site-packages/airflow/example_dags/example_latest_only.py
[2022-06-12 14:15:53,516] {processor.py:652} INFO - DAG(s) dict_keys(['latest_only']) retrieved from /home/saba/airflow_venv/airflow_venv/lib/python3.6/site-packages/airflow/example_dags/example_latest_only.py
[2022-06-12 14:15:53,593] {logging_mixin.py:109} INFO - [2022-06-12 14:15:53,593] {dag.py:2398} INFO - Sync 1 DAGs
[2022-06-12 14:15:53,642] {logging_mixin.py:109} INFO - [2022-06-12 14:15:53,641] {dag.py:2937} INFO - Setting next_dagrun for latest_only to 2022-06-12T08:15:53.641113+00:00
[2022-06-12 14:15:53,681] {processor.py:171} INFO - Processing /home/saba/airflow_venv/airflow_venv/lib/python3.6/site-packages/airflow/example_dags/example_latest_only.py took 0.283 seconds
[2022-06-12 14:16:34,898] {processor.py:163} INFO - Started process (PID=4220) to work on /home/saba/airflow_venv/airflow_venv/lib/python3.6/site-packages/airflow/example_dags/example_latest_only.py
[2022-06-12 14:16:34,903] {processor.py:642} INFO - Processing file /home/saba/airflow_venv/airflow_venv/lib/python3.6/site-packages/airflow/example_dags/example_latest_only.py for tasks to queue
[2022-06-12 14:16:34,905] {logging_mixin.py:109} INFO - [2022-06-12 14:16:34,904] {dagbag.py:500} INFO - Filling up the DagBag from /home/saba/airflow_venv/airflow_venv/lib/python3.6/site-packages/airflow/example_dags/example_latest_only.py
[2022-06-12 14:16:34,984] {processor.py:652} INFO - DAG(s) dict_keys(['latest_only']) retrieved from /home/saba/airflow_venv/airflow_venv/lib/python3.6/site-packages/airflow/example_dags/example_latest_only.py
[2022-06-12 14:16:35,065] {logging_mixin.py:109} INFO - [2022-06-12 14:16:35,064] {dag.py:2398} INFO - Sync 1 DAGs
[2022-06-12 14:16:35,185] {logging_mixin.py:109} INFO - [2022-06-12 14:16:35,185] {dag.py:2937} INFO - Setting next_dagrun for latest_only to 2022-06-12T08:16:35.183730+00:00
[2022-06-12 14:16:35,313] {processor.py:171} INFO - Processing /home/saba/airflow_venv/airflow_venv/lib/python3.6/site-packages/airflow/example_dags/example_latest_only.py took 0.427 seconds
[2022-06-12 14:17:22,354] {processor.py:163} INFO - Started process (PID=4255) to work on /home/saba/airflow_venv/airflow_venv/lib/python3.6/site-packages/airflow/example_dags/example_latest_only.py
[2022-06-12 14:17:22,356] {processor.py:642} INFO - Processing file /home/saba/airflow_venv/airflow_venv/lib/python3.6/site-packages/airflow/example_dags/example_latest_only.py for tasks to queue
[2022-06-12 14:17:22,357] {logging_mixin.py:109} INFO - [2022-06-12 14:17:22,357] {dagbag.py:500} INFO - Filling up the DagBag from /home/saba/airflow_venv/airflow_venv/lib/python3.6/site-packages/airflow/example_dags/example_latest_only.py
[2022-06-12 14:17:22,382] {processor.py:652} INFO - DAG(s) dict_keys(['latest_only']) retrieved from /home/saba/airflow_venv/airflow_venv/lib/python3.6/site-packages/airflow/example_dags/example_latest_only.py
[2022-06-12 14:17:22,404] {logging_mixin.py:109} INFO - [2022-06-12 14:17:22,404] {dag.py:2398} INFO - Sync 1 DAGs
[2022-06-12 14:17:22,438] {logging_mixin.py:109} INFO - [2022-06-12 14:17:22,438] {dag.py:2937} INFO - Setting next_dagrun for latest_only to 2022-06-12T08:17:22.437476+00:00
[2022-06-12 14:17:22,464] {processor.py:171} INFO - Processing /home/saba/airflow_venv/airflow_venv/lib/python3.6/site-packages/airflow/example_dags/example_latest_only.py took 0.114 seconds
[2022-06-12 14:18:08,192] {processor.py:163} INFO - Started process (PID=4290) to work on /home/saba/airflow_venv/airflow_venv/lib/python3.6/site-packages/airflow/example_dags/example_latest_only.py
[2022-06-12 14:18:08,199] {processor.py:642} INFO - Processing file /home/saba/airflow_venv/airflow_venv/lib/python3.6/site-packages/airflow/example_dags/example_latest_only.py for tasks to queue
[2022-06-12 14:18:08,205] {logging_mixin.py:109} INFO - [2022-06-12 14:18:08,203] {dagbag.py:500} INFO - Filling up the DagBag from /home/saba/airflow_venv/airflow_venv/lib/python3.6/site-packages/airflow/example_dags/example_latest_only.py
[2022-06-12 14:18:08,311] {processor.py:652} INFO - DAG(s) dict_keys(['latest_only']) retrieved from /home/saba/airflow_venv/airflow_venv/lib/python3.6/site-packages/airflow/example_dags/example_latest_only.py
[2022-06-12 14:18:08,391] {logging_mixin.py:109} INFO - [2022-06-12 14:18:08,390] {dag.py:2398} INFO - Sync 1 DAGs
[2022-06-12 14:18:08,497] {logging_mixin.py:109} INFO - [2022-06-12 14:18:08,497] {dag.py:2937} INFO - Setting next_dagrun for latest_only to 2022-06-12T08:18:08.495795+00:00
[2022-06-12 14:18:08,552] {processor.py:171} INFO - Processing /home/saba/airflow_venv/airflow_venv/lib/python3.6/site-packages/airflow/example_dags/example_latest_only.py took 0.372 seconds
[2022-06-12 14:19:08,239] {processor.py:163} INFO - Started process (PID=4330) to work on /home/saba/airflow_venv/airflow_venv/lib/python3.6/site-packages/airflow/example_dags/example_latest_only.py
[2022-06-12 14:19:08,244] {processor.py:642} INFO - Processing file /home/saba/airflow_venv/airflow_venv/lib/python3.6/site-packages/airflow/example_dags/example_latest_only.py for tasks to queue
[2022-06-12 14:19:08,246] {logging_mixin.py:109} INFO - [2022-06-12 14:19:08,246] {dagbag.py:500} INFO - Filling up the DagBag from /home/saba/airflow_venv/airflow_venv/lib/python3.6/site-packages/airflow/example_dags/example_latest_only.py
[2022-06-12 14:19:08,317] {processor.py:652} INFO - DAG(s) dict_keys(['latest_only']) retrieved from /home/saba/airflow_venv/airflow_venv/lib/python3.6/site-packages/airflow/example_dags/example_latest_only.py
[2022-06-12 14:19:08,381] {logging_mixin.py:109} INFO - [2022-06-12 14:19:08,380] {dag.py:2398} INFO - Sync 1 DAGs
[2022-06-12 14:19:08,441] {logging_mixin.py:109} INFO - [2022-06-12 14:19:08,440] {dag.py:2937} INFO - Setting next_dagrun for latest_only to 2022-06-12T08:19:08.440000+00:00
[2022-06-12 14:19:08,477] {processor.py:171} INFO - Processing /home/saba/airflow_venv/airflow_venv/lib/python3.6/site-packages/airflow/example_dags/example_latest_only.py took 0.248 seconds
