[2022-06-12 14:12:05,406] {processor.py:163} INFO - Started process (PID=4016) to work on /home/saba/airflow_venv/airflow_venv/lib/python3.6/site-packages/airflow/example_dags/example_bash_operator.py
[2022-06-12 14:12:05,419] {processor.py:642} INFO - Processing file /home/saba/airflow_venv/airflow_venv/lib/python3.6/site-packages/airflow/example_dags/example_bash_operator.py for tasks to queue
[2022-06-12 14:12:05,421] {logging_mixin.py:109} INFO - [2022-06-12 14:12:05,421] {dagbag.py:500} INFO - Filling up the DagBag from /home/saba/airflow_venv/airflow_venv/lib/python3.6/site-packages/airflow/example_dags/example_bash_operator.py
[2022-06-12 14:12:05,598] {processor.py:652} INFO - DAG(s) dict_keys(['example_bash_operator']) retrieved from /home/saba/airflow_venv/airflow_venv/lib/python3.6/site-packages/airflow/example_dags/example_bash_operator.py
[2022-06-12 14:12:05,684] {logging_mixin.py:109} INFO - [2022-06-12 14:12:05,683] {dag.py:2398} INFO - Sync 1 DAGs
[2022-06-12 14:12:05,856] {logging_mixin.py:109} INFO - [2022-06-12 14:12:05,855] {dag.py:2937} INFO - Setting next_dagrun for example_bash_operator to 2022-06-11 00:00:00+00:00
[2022-06-12 14:12:05,973] {processor.py:171} INFO - Processing /home/saba/airflow_venv/airflow_venv/lib/python3.6/site-packages/airflow/example_dags/example_bash_operator.py took 0.579 seconds
[2022-06-12 14:13:17,723] {processor.py:163} INFO - Started process (PID=4054) to work on /home/saba/airflow_venv/airflow_venv/lib/python3.6/site-packages/airflow/example_dags/example_bash_operator.py
[2022-06-12 14:13:17,738] {processor.py:642} INFO - Processing file /home/saba/airflow_venv/airflow_venv/lib/python3.6/site-packages/airflow/example_dags/example_bash_operator.py for tasks to queue
[2022-06-12 14:13:17,742] {logging_mixin.py:109} INFO - [2022-06-12 14:13:17,740] {dagbag.py:500} INFO - Filling up the DagBag from /home/saba/airflow_venv/airflow_venv/lib/python3.6/site-packages/airflow/example_dags/example_bash_operator.py
[2022-06-12 14:13:17,937] {processor.py:652} INFO - DAG(s) dict_keys(['example_bash_operator']) retrieved from /home/saba/airflow_venv/airflow_venv/lib/python3.6/site-packages/airflow/example_dags/example_bash_operator.py
[2022-06-12 14:13:18,069] {logging_mixin.py:109} INFO - [2022-06-12 14:13:18,069] {dag.py:2398} INFO - Sync 1 DAGs
[2022-06-12 14:13:18,252] {logging_mixin.py:109} INFO - [2022-06-12 14:13:18,252] {dag.py:2937} INFO - Setting next_dagrun for example_bash_operator to 2022-06-11 00:00:00+00:00
[2022-06-12 14:13:18,386] {processor.py:171} INFO - Processing /home/saba/airflow_venv/airflow_venv/lib/python3.6/site-packages/airflow/example_dags/example_bash_operator.py took 0.681 seconds
[2022-06-12 14:14:04,374] {processor.py:163} INFO - Started process (PID=4091) to work on /home/saba/airflow_venv/airflow_venv/lib/python3.6/site-packages/airflow/example_dags/example_bash_operator.py
[2022-06-12 14:14:04,377] {processor.py:642} INFO - Processing file /home/saba/airflow_venv/airflow_venv/lib/python3.6/site-packages/airflow/example_dags/example_bash_operator.py for tasks to queue
[2022-06-12 14:14:04,378] {logging_mixin.py:109} INFO - [2022-06-12 14:14:04,378] {dagbag.py:500} INFO - Filling up the DagBag from /home/saba/airflow_venv/airflow_venv/lib/python3.6/site-packages/airflow/example_dags/example_bash_operator.py
[2022-06-12 14:14:04,416] {processor.py:652} INFO - DAG(s) dict_keys(['example_bash_operator']) retrieved from /home/saba/airflow_venv/airflow_venv/lib/python3.6/site-packages/airflow/example_dags/example_bash_operator.py
[2022-06-12 14:14:04,439] {logging_mixin.py:109} INFO - [2022-06-12 14:14:04,439] {dag.py:2398} INFO - Sync 1 DAGs
[2022-06-12 14:14:04,463] {logging_mixin.py:109} INFO - [2022-06-12 14:14:04,463] {dag.py:2937} INFO - Setting next_dagrun for example_bash_operator to 2022-06-11 00:00:00+00:00
[2022-06-12 14:14:04,482] {processor.py:171} INFO - Processing /home/saba/airflow_venv/airflow_venv/lib/python3.6/site-packages/airflow/example_dags/example_bash_operator.py took 0.111 seconds
[2022-06-12 14:14:44,495] {processor.py:163} INFO - Started process (PID=4125) to work on /home/saba/airflow_venv/airflow_venv/lib/python3.6/site-packages/airflow/example_dags/example_bash_operator.py
[2022-06-12 14:14:44,498] {processor.py:642} INFO - Processing file /home/saba/airflow_venv/airflow_venv/lib/python3.6/site-packages/airflow/example_dags/example_bash_operator.py for tasks to queue
[2022-06-12 14:14:44,499] {logging_mixin.py:109} INFO - [2022-06-12 14:14:44,499] {dagbag.py:500} INFO - Filling up the DagBag from /home/saba/airflow_venv/airflow_venv/lib/python3.6/site-packages/airflow/example_dags/example_bash_operator.py
[2022-06-12 14:14:44,526] {processor.py:652} INFO - DAG(s) dict_keys(['example_bash_operator']) retrieved from /home/saba/airflow_venv/airflow_venv/lib/python3.6/site-packages/airflow/example_dags/example_bash_operator.py
[2022-06-12 14:14:44,541] {logging_mixin.py:109} INFO - [2022-06-12 14:14:44,541] {dag.py:2398} INFO - Sync 1 DAGs
[2022-06-12 14:14:44,560] {logging_mixin.py:109} INFO - [2022-06-12 14:14:44,560] {dag.py:2937} INFO - Setting next_dagrun for example_bash_operator to 2022-06-11 00:00:00+00:00
[2022-06-12 14:14:44,577] {processor.py:171} INFO - Processing /home/saba/airflow_venv/airflow_venv/lib/python3.6/site-packages/airflow/example_dags/example_bash_operator.py took 0.085 seconds
[2022-06-12 14:15:23,936] {processor.py:163} INFO - Started process (PID=4162) to work on /home/saba/airflow_venv/airflow_venv/lib/python3.6/site-packages/airflow/example_dags/example_bash_operator.py
[2022-06-12 14:15:23,938] {processor.py:642} INFO - Processing file /home/saba/airflow_venv/airflow_venv/lib/python3.6/site-packages/airflow/example_dags/example_bash_operator.py for tasks to queue
[2022-06-12 14:15:23,939] {logging_mixin.py:109} INFO - [2022-06-12 14:15:23,939] {dagbag.py:500} INFO - Filling up the DagBag from /home/saba/airflow_venv/airflow_venv/lib/python3.6/site-packages/airflow/example_dags/example_bash_operator.py
[2022-06-12 14:15:23,978] {processor.py:652} INFO - DAG(s) dict_keys(['example_bash_operator']) retrieved from /home/saba/airflow_venv/airflow_venv/lib/python3.6/site-packages/airflow/example_dags/example_bash_operator.py
[2022-06-12 14:15:23,997] {logging_mixin.py:109} INFO - [2022-06-12 14:15:23,997] {dag.py:2398} INFO - Sync 1 DAGs
[2022-06-12 14:15:24,020] {logging_mixin.py:109} INFO - [2022-06-12 14:15:24,020] {dag.py:2937} INFO - Setting next_dagrun for example_bash_operator to 2022-06-11 00:00:00+00:00
[2022-06-12 14:15:24,040] {processor.py:171} INFO - Processing /home/saba/airflow_venv/airflow_venv/lib/python3.6/site-packages/airflow/example_dags/example_bash_operator.py took 0.108 seconds
[2022-06-12 14:16:07,322] {processor.py:163} INFO - Started process (PID=4197) to work on /home/saba/airflow_venv/airflow_venv/lib/python3.6/site-packages/airflow/example_dags/example_bash_operator.py
[2022-06-12 14:16:07,324] {processor.py:642} INFO - Processing file /home/saba/airflow_venv/airflow_venv/lib/python3.6/site-packages/airflow/example_dags/example_bash_operator.py for tasks to queue
[2022-06-12 14:16:07,325] {logging_mixin.py:109} INFO - [2022-06-12 14:16:07,325] {dagbag.py:500} INFO - Filling up the DagBag from /home/saba/airflow_venv/airflow_venv/lib/python3.6/site-packages/airflow/example_dags/example_bash_operator.py
[2022-06-12 14:16:07,368] {processor.py:652} INFO - DAG(s) dict_keys(['example_bash_operator']) retrieved from /home/saba/airflow_venv/airflow_venv/lib/python3.6/site-packages/airflow/example_dags/example_bash_operator.py
[2022-06-12 14:16:07,393] {logging_mixin.py:109} INFO - [2022-06-12 14:16:07,393] {dag.py:2398} INFO - Sync 1 DAGs
[2022-06-12 14:16:07,426] {logging_mixin.py:109} INFO - [2022-06-12 14:16:07,426] {dag.py:2937} INFO - Setting next_dagrun for example_bash_operator to 2022-06-11 00:00:00+00:00
[2022-06-12 14:16:07,451] {processor.py:171} INFO - Processing /home/saba/airflow_venv/airflow_venv/lib/python3.6/site-packages/airflow/example_dags/example_bash_operator.py took 0.135 seconds
[2022-06-12 14:16:49,881] {processor.py:163} INFO - Started process (PID=4230) to work on /home/saba/airflow_venv/airflow_venv/lib/python3.6/site-packages/airflow/example_dags/example_bash_operator.py
[2022-06-12 14:16:49,885] {processor.py:642} INFO - Processing file /home/saba/airflow_venv/airflow_venv/lib/python3.6/site-packages/airflow/example_dags/example_bash_operator.py for tasks to queue
[2022-06-12 14:16:49,887] {logging_mixin.py:109} INFO - [2022-06-12 14:16:49,887] {dagbag.py:500} INFO - Filling up the DagBag from /home/saba/airflow_venv/airflow_venv/lib/python3.6/site-packages/airflow/example_dags/example_bash_operator.py
[2022-06-12 14:16:49,958] {processor.py:652} INFO - DAG(s) dict_keys(['example_bash_operator']) retrieved from /home/saba/airflow_venv/airflow_venv/lib/python3.6/site-packages/airflow/example_dags/example_bash_operator.py
[2022-06-12 14:16:50,011] {logging_mixin.py:109} INFO - [2022-06-12 14:16:50,010] {dag.py:2398} INFO - Sync 1 DAGs
[2022-06-12 14:16:50,061] {logging_mixin.py:109} INFO - [2022-06-12 14:16:50,060] {dag.py:2937} INFO - Setting next_dagrun for example_bash_operator to 2022-06-11 00:00:00+00:00
[2022-06-12 14:16:50,098] {processor.py:171} INFO - Processing /home/saba/airflow_venv/airflow_venv/lib/python3.6/site-packages/airflow/example_dags/example_bash_operator.py took 0.225 seconds
[2022-06-12 14:17:39,612] {processor.py:163} INFO - Started process (PID=4267) to work on /home/saba/airflow_venv/airflow_venv/lib/python3.6/site-packages/airflow/example_dags/example_bash_operator.py
[2022-06-12 14:17:39,616] {processor.py:642} INFO - Processing file /home/saba/airflow_venv/airflow_venv/lib/python3.6/site-packages/airflow/example_dags/example_bash_operator.py for tasks to queue
[2022-06-12 14:17:39,618] {logging_mixin.py:109} INFO - [2022-06-12 14:17:39,617] {dagbag.py:500} INFO - Filling up the DagBag from /home/saba/airflow_venv/airflow_venv/lib/python3.6/site-packages/airflow/example_dags/example_bash_operator.py
[2022-06-12 14:17:39,671] {processor.py:652} INFO - DAG(s) dict_keys(['example_bash_operator']) retrieved from /home/saba/airflow_venv/airflow_venv/lib/python3.6/site-packages/airflow/example_dags/example_bash_operator.py
[2022-06-12 14:17:39,696] {logging_mixin.py:109} INFO - [2022-06-12 14:17:39,696] {dag.py:2398} INFO - Sync 1 DAGs
[2022-06-12 14:17:39,730] {logging_mixin.py:109} INFO - [2022-06-12 14:17:39,730] {dag.py:2937} INFO - Setting next_dagrun for example_bash_operator to 2022-06-11 00:00:00+00:00
[2022-06-12 14:17:39,754] {processor.py:171} INFO - Processing /home/saba/airflow_venv/airflow_venv/lib/python3.6/site-packages/airflow/example_dags/example_bash_operator.py took 0.148 seconds
[2022-06-12 14:18:27,267] {processor.py:163} INFO - Started process (PID=4302) to work on /home/saba/airflow_venv/airflow_venv/lib/python3.6/site-packages/airflow/example_dags/example_bash_operator.py
[2022-06-12 14:18:27,270] {processor.py:642} INFO - Processing file /home/saba/airflow_venv/airflow_venv/lib/python3.6/site-packages/airflow/example_dags/example_bash_operator.py for tasks to queue
[2022-06-12 14:18:27,270] {logging_mixin.py:109} INFO - [2022-06-12 14:18:27,270] {dagbag.py:500} INFO - Filling up the DagBag from /home/saba/airflow_venv/airflow_venv/lib/python3.6/site-packages/airflow/example_dags/example_bash_operator.py
[2022-06-12 14:18:27,316] {processor.py:652} INFO - DAG(s) dict_keys(['example_bash_operator']) retrieved from /home/saba/airflow_venv/airflow_venv/lib/python3.6/site-packages/airflow/example_dags/example_bash_operator.py
[2022-06-12 14:18:27,344] {logging_mixin.py:109} INFO - [2022-06-12 14:18:27,344] {dag.py:2398} INFO - Sync 1 DAGs
[2022-06-12 14:18:27,370] {logging_mixin.py:109} INFO - [2022-06-12 14:18:27,370] {dag.py:2937} INFO - Setting next_dagrun for example_bash_operator to 2022-06-11 00:00:00+00:00
[2022-06-12 14:18:27,392] {processor.py:171} INFO - Processing /home/saba/airflow_venv/airflow_venv/lib/python3.6/site-packages/airflow/example_dags/example_bash_operator.py took 0.130 seconds
[2022-06-12 14:35:06,093] {processor.py:163} INFO - Started process (PID=4650) to work on /home/saba/airflow_venv/airflow_venv/lib/python3.6/site-packages/airflow/example_dags/example_bash_operator.py
[2022-06-12 14:35:06,098] {processor.py:642} INFO - Processing file /home/saba/airflow_venv/airflow_venv/lib/python3.6/site-packages/airflow/example_dags/example_bash_operator.py for tasks to queue
[2022-06-12 14:35:06,100] {logging_mixin.py:109} INFO - [2022-06-12 14:35:06,099] {dagbag.py:500} INFO - Filling up the DagBag from /home/saba/airflow_venv/airflow_venv/lib/python3.6/site-packages/airflow/example_dags/example_bash_operator.py
[2022-06-12 14:35:06,185] {processor.py:652} INFO - DAG(s) dict_keys(['example_bash_operator']) retrieved from /home/saba/airflow_venv/airflow_venv/lib/python3.6/site-packages/airflow/example_dags/example_bash_operator.py
[2022-06-12 14:35:06,255] {logging_mixin.py:109} INFO - [2022-06-12 14:35:06,255] {dag.py:2398} INFO - Sync 1 DAGs
[2022-06-12 14:35:06,367] {logging_mixin.py:109} INFO - [2022-06-12 14:35:06,366] {dag.py:2937} INFO - Setting next_dagrun for example_bash_operator to 2022-06-11 00:00:00+00:00
[2022-06-12 14:35:06,423] {processor.py:171} INFO - Processing /home/saba/airflow_venv/airflow_venv/lib/python3.6/site-packages/airflow/example_dags/example_bash_operator.py took 0.339 seconds
