[2022-06-12 14:11:25,027] {processor.py:163} INFO - Started process (PID=3997) to work on /home/saba/airflow_venv/airflow_venv/lib/python3.6/site-packages/airflow/example_dags/example_time_delta_sensor_async.py
[2022-06-12 14:11:25,043] {processor.py:642} INFO - Processing file /home/saba/airflow_venv/airflow_venv/lib/python3.6/site-packages/airflow/example_dags/example_time_delta_sensor_async.py for tasks to queue
[2022-06-12 14:11:25,047] {logging_mixin.py:109} INFO - [2022-06-12 14:11:25,046] {dagbag.py:500} INFO - Filling up the DagBag from /home/saba/airflow_venv/airflow_venv/lib/python3.6/site-packages/airflow/example_dags/example_time_delta_sensor_async.py
[2022-06-12 14:11:25,207] {processor.py:652} INFO - DAG(s) dict_keys(['example_time_delta_sensor_async']) retrieved from /home/saba/airflow_venv/airflow_venv/lib/python3.6/site-packages/airflow/example_dags/example_time_delta_sensor_async.py
[2022-06-12 14:11:25,329] {logging_mixin.py:109} INFO - [2022-06-12 14:11:25,328] {dag.py:2398} INFO - Sync 1 DAGs
[2022-06-12 14:11:25,478] {logging_mixin.py:109} INFO - [2022-06-12 14:11:25,477] {dag.py:2937} INFO - Setting next_dagrun for example_time_delta_sensor_async to None
[2022-06-12 14:11:25,743] {processor.py:171} INFO - Processing /home/saba/airflow_venv/airflow_venv/lib/python3.6/site-packages/airflow/example_dags/example_time_delta_sensor_async.py took 0.737 seconds
[2022-06-12 14:12:31,905] {processor.py:163} INFO - Started process (PID=4027) to work on /home/saba/airflow_venv/airflow_venv/lib/python3.6/site-packages/airflow/example_dags/example_time_delta_sensor_async.py
[2022-06-12 14:12:31,912] {processor.py:642} INFO - Processing file /home/saba/airflow_venv/airflow_venv/lib/python3.6/site-packages/airflow/example_dags/example_time_delta_sensor_async.py for tasks to queue
[2022-06-12 14:12:31,926] {logging_mixin.py:109} INFO - [2022-06-12 14:12:31,914] {dagbag.py:500} INFO - Filling up the DagBag from /home/saba/airflow_venv/airflow_venv/lib/python3.6/site-packages/airflow/example_dags/example_time_delta_sensor_async.py
[2022-06-12 14:12:32,090] {processor.py:652} INFO - DAG(s) dict_keys(['example_time_delta_sensor_async']) retrieved from /home/saba/airflow_venv/airflow_venv/lib/python3.6/site-packages/airflow/example_dags/example_time_delta_sensor_async.py
[2022-06-12 14:12:32,219] {logging_mixin.py:109} INFO - [2022-06-12 14:12:32,218] {dag.py:2398} INFO - Sync 1 DAGs
[2022-06-12 14:12:32,460] {logging_mixin.py:109} INFO - [2022-06-12 14:12:32,460] {dag.py:2937} INFO - Setting next_dagrun for example_time_delta_sensor_async to None
[2022-06-12 14:12:32,592] {processor.py:171} INFO - Processing /home/saba/airflow_venv/airflow_venv/lib/python3.6/site-packages/airflow/example_dags/example_time_delta_sensor_async.py took 0.715 seconds
[2022-06-12 14:13:30,238] {processor.py:163} INFO - Started process (PID=4061) to work on /home/saba/airflow_venv/airflow_venv/lib/python3.6/site-packages/airflow/example_dags/example_time_delta_sensor_async.py
[2022-06-12 14:13:30,245] {processor.py:642} INFO - Processing file /home/saba/airflow_venv/airflow_venv/lib/python3.6/site-packages/airflow/example_dags/example_time_delta_sensor_async.py for tasks to queue
[2022-06-12 14:13:30,247] {logging_mixin.py:109} INFO - [2022-06-12 14:13:30,246] {dagbag.py:500} INFO - Filling up the DagBag from /home/saba/airflow_venv/airflow_venv/lib/python3.6/site-packages/airflow/example_dags/example_time_delta_sensor_async.py
[2022-06-12 14:13:30,278] {processor.py:652} INFO - DAG(s) dict_keys(['example_time_delta_sensor_async']) retrieved from /home/saba/airflow_venv/airflow_venv/lib/python3.6/site-packages/airflow/example_dags/example_time_delta_sensor_async.py
[2022-06-12 14:13:30,310] {logging_mixin.py:109} INFO - [2022-06-12 14:13:30,309] {dag.py:2398} INFO - Sync 1 DAGs
[2022-06-12 14:13:30,344] {logging_mixin.py:109} INFO - [2022-06-12 14:13:30,344] {dag.py:2937} INFO - Setting next_dagrun for example_time_delta_sensor_async to None
[2022-06-12 14:13:30,368] {processor.py:171} INFO - Processing /home/saba/airflow_venv/airflow_venv/lib/python3.6/site-packages/airflow/example_dags/example_time_delta_sensor_async.py took 0.135 seconds
[2022-06-12 14:14:09,490] {processor.py:163} INFO - Started process (PID=4095) to work on /home/saba/airflow_venv/airflow_venv/lib/python3.6/site-packages/airflow/example_dags/example_time_delta_sensor_async.py
[2022-06-12 14:14:09,493] {processor.py:642} INFO - Processing file /home/saba/airflow_venv/airflow_venv/lib/python3.6/site-packages/airflow/example_dags/example_time_delta_sensor_async.py for tasks to queue
[2022-06-12 14:14:09,494] {logging_mixin.py:109} INFO - [2022-06-12 14:14:09,494] {dagbag.py:500} INFO - Filling up the DagBag from /home/saba/airflow_venv/airflow_venv/lib/python3.6/site-packages/airflow/example_dags/example_time_delta_sensor_async.py
[2022-06-12 14:14:09,528] {processor.py:652} INFO - DAG(s) dict_keys(['example_time_delta_sensor_async']) retrieved from /home/saba/airflow_venv/airflow_venv/lib/python3.6/site-packages/airflow/example_dags/example_time_delta_sensor_async.py
[2022-06-12 14:14:09,550] {logging_mixin.py:109} INFO - [2022-06-12 14:14:09,550] {dag.py:2398} INFO - Sync 1 DAGs
[2022-06-12 14:14:09,579] {logging_mixin.py:109} INFO - [2022-06-12 14:14:09,579] {dag.py:2937} INFO - Setting next_dagrun for example_time_delta_sensor_async to None
[2022-06-12 14:14:09,605] {processor.py:171} INFO - Processing /home/saba/airflow_venv/airflow_venv/lib/python3.6/site-packages/airflow/example_dags/example_time_delta_sensor_async.py took 0.121 seconds
[2022-06-12 14:14:47,913] {processor.py:163} INFO - Started process (PID=4129) to work on /home/saba/airflow_venv/airflow_venv/lib/python3.6/site-packages/airflow/example_dags/example_time_delta_sensor_async.py
[2022-06-12 14:14:47,915] {processor.py:642} INFO - Processing file /home/saba/airflow_venv/airflow_venv/lib/python3.6/site-packages/airflow/example_dags/example_time_delta_sensor_async.py for tasks to queue
[2022-06-12 14:14:47,916] {logging_mixin.py:109} INFO - [2022-06-12 14:14:47,916] {dagbag.py:500} INFO - Filling up the DagBag from /home/saba/airflow_venv/airflow_venv/lib/python3.6/site-packages/airflow/example_dags/example_time_delta_sensor_async.py
[2022-06-12 14:14:47,941] {processor.py:652} INFO - DAG(s) dict_keys(['example_time_delta_sensor_async']) retrieved from /home/saba/airflow_venv/airflow_venv/lib/python3.6/site-packages/airflow/example_dags/example_time_delta_sensor_async.py
[2022-06-12 14:14:47,961] {logging_mixin.py:109} INFO - [2022-06-12 14:14:47,961] {dag.py:2398} INFO - Sync 1 DAGs
[2022-06-12 14:14:47,984] {logging_mixin.py:109} INFO - [2022-06-12 14:14:47,984] {dag.py:2937} INFO - Setting next_dagrun for example_time_delta_sensor_async to None
[2022-06-12 14:14:48,008] {processor.py:171} INFO - Processing /home/saba/airflow_venv/airflow_venv/lib/python3.6/site-packages/airflow/example_dags/example_time_delta_sensor_async.py took 0.100 seconds
[2022-06-12 14:15:21,019] {processor.py:163} INFO - Started process (PID=4159) to work on /home/saba/airflow_venv/airflow_venv/lib/python3.6/site-packages/airflow/example_dags/example_time_delta_sensor_async.py
[2022-06-12 14:15:21,021] {processor.py:642} INFO - Processing file /home/saba/airflow_venv/airflow_venv/lib/python3.6/site-packages/airflow/example_dags/example_time_delta_sensor_async.py for tasks to queue
[2022-06-12 14:15:21,021] {logging_mixin.py:109} INFO - [2022-06-12 14:15:21,021] {dagbag.py:500} INFO - Filling up the DagBag from /home/saba/airflow_venv/airflow_venv/lib/python3.6/site-packages/airflow/example_dags/example_time_delta_sensor_async.py
[2022-06-12 14:15:21,043] {processor.py:652} INFO - DAG(s) dict_keys(['example_time_delta_sensor_async']) retrieved from /home/saba/airflow_venv/airflow_venv/lib/python3.6/site-packages/airflow/example_dags/example_time_delta_sensor_async.py
[2022-06-12 14:15:21,061] {logging_mixin.py:109} INFO - [2022-06-12 14:15:21,061] {dag.py:2398} INFO - Sync 1 DAGs
[2022-06-12 14:15:21,082] {logging_mixin.py:109} INFO - [2022-06-12 14:15:21,082] {dag.py:2937} INFO - Setting next_dagrun for example_time_delta_sensor_async to None
[2022-06-12 14:15:21,109] {processor.py:171} INFO - Processing /home/saba/airflow_venv/airflow_venv/lib/python3.6/site-packages/airflow/example_dags/example_time_delta_sensor_async.py took 0.093 seconds
[2022-06-12 14:16:00,333] {processor.py:163} INFO - Started process (PID=4192) to work on /home/saba/airflow_venv/airflow_venv/lib/python3.6/site-packages/airflow/example_dags/example_time_delta_sensor_async.py
[2022-06-12 14:16:00,350] {processor.py:642} INFO - Processing file /home/saba/airflow_venv/airflow_venv/lib/python3.6/site-packages/airflow/example_dags/example_time_delta_sensor_async.py for tasks to queue
[2022-06-12 14:16:00,354] {logging_mixin.py:109} INFO - [2022-06-12 14:16:00,353] {dagbag.py:500} INFO - Filling up the DagBag from /home/saba/airflow_venv/airflow_venv/lib/python3.6/site-packages/airflow/example_dags/example_time_delta_sensor_async.py
[2022-06-12 14:16:00,454] {processor.py:652} INFO - DAG(s) dict_keys(['example_time_delta_sensor_async']) retrieved from /home/saba/airflow_venv/airflow_venv/lib/python3.6/site-packages/airflow/example_dags/example_time_delta_sensor_async.py
[2022-06-12 14:16:00,552] {logging_mixin.py:109} INFO - [2022-06-12 14:16:00,550] {dag.py:2398} INFO - Sync 1 DAGs
[2022-06-12 14:16:00,667] {logging_mixin.py:109} INFO - [2022-06-12 14:16:00,667] {dag.py:2937} INFO - Setting next_dagrun for example_time_delta_sensor_async to None
[2022-06-12 14:16:00,722] {processor.py:171} INFO - Processing /home/saba/airflow_venv/airflow_venv/lib/python3.6/site-packages/airflow/example_dags/example_time_delta_sensor_async.py took 0.414 seconds
[2022-06-12 14:16:43,130] {processor.py:163} INFO - Started process (PID=4225) to work on /home/saba/airflow_venv/airflow_venv/lib/python3.6/site-packages/airflow/example_dags/example_time_delta_sensor_async.py
[2022-06-12 14:16:43,135] {processor.py:642} INFO - Processing file /home/saba/airflow_venv/airflow_venv/lib/python3.6/site-packages/airflow/example_dags/example_time_delta_sensor_async.py for tasks to queue
[2022-06-12 14:16:43,137] {logging_mixin.py:109} INFO - [2022-06-12 14:16:43,136] {dagbag.py:500} INFO - Filling up the DagBag from /home/saba/airflow_venv/airflow_venv/lib/python3.6/site-packages/airflow/example_dags/example_time_delta_sensor_async.py
[2022-06-12 14:16:43,219] {processor.py:652} INFO - DAG(s) dict_keys(['example_time_delta_sensor_async']) retrieved from /home/saba/airflow_venv/airflow_venv/lib/python3.6/site-packages/airflow/example_dags/example_time_delta_sensor_async.py
[2022-06-12 14:16:43,284] {logging_mixin.py:109} INFO - [2022-06-12 14:16:43,283] {dag.py:2398} INFO - Sync 1 DAGs
[2022-06-12 14:16:43,361] {logging_mixin.py:109} INFO - [2022-06-12 14:16:43,361] {dag.py:2937} INFO - Setting next_dagrun for example_time_delta_sensor_async to None
[2022-06-12 14:16:43,416] {processor.py:171} INFO - Processing /home/saba/airflow_venv/airflow_venv/lib/python3.6/site-packages/airflow/example_dags/example_time_delta_sensor_async.py took 0.296 seconds
[2022-06-12 14:17:34,749] {processor.py:163} INFO - Started process (PID=4262) to work on /home/saba/airflow_venv/airflow_venv/lib/python3.6/site-packages/airflow/example_dags/example_time_delta_sensor_async.py
[2022-06-12 14:17:34,753] {processor.py:642} INFO - Processing file /home/saba/airflow_venv/airflow_venv/lib/python3.6/site-packages/airflow/example_dags/example_time_delta_sensor_async.py for tasks to queue
[2022-06-12 14:17:34,754] {logging_mixin.py:109} INFO - [2022-06-12 14:17:34,754] {dagbag.py:500} INFO - Filling up the DagBag from /home/saba/airflow_venv/airflow_venv/lib/python3.6/site-packages/airflow/example_dags/example_time_delta_sensor_async.py
[2022-06-12 14:17:34,795] {processor.py:652} INFO - DAG(s) dict_keys(['example_time_delta_sensor_async']) retrieved from /home/saba/airflow_venv/airflow_venv/lib/python3.6/site-packages/airflow/example_dags/example_time_delta_sensor_async.py
[2022-06-12 14:17:34,836] {logging_mixin.py:109} INFO - [2022-06-12 14:17:34,836] {dag.py:2398} INFO - Sync 1 DAGs
[2022-06-12 14:17:34,875] {logging_mixin.py:109} INFO - [2022-06-12 14:17:34,875] {dag.py:2937} INFO - Setting next_dagrun for example_time_delta_sensor_async to None
[2022-06-12 14:17:34,910] {processor.py:171} INFO - Processing /home/saba/airflow_venv/airflow_venv/lib/python3.6/site-packages/airflow/example_dags/example_time_delta_sensor_async.py took 0.168 seconds
[2022-06-12 14:18:20,691] {processor.py:163} INFO - Started process (PID=4297) to work on /home/saba/airflow_venv/airflow_venv/lib/python3.6/site-packages/airflow/example_dags/example_time_delta_sensor_async.py
[2022-06-12 14:18:20,695] {processor.py:642} INFO - Processing file /home/saba/airflow_venv/airflow_venv/lib/python3.6/site-packages/airflow/example_dags/example_time_delta_sensor_async.py for tasks to queue
[2022-06-12 14:18:20,696] {logging_mixin.py:109} INFO - [2022-06-12 14:18:20,696] {dagbag.py:500} INFO - Filling up the DagBag from /home/saba/airflow_venv/airflow_venv/lib/python3.6/site-packages/airflow/example_dags/example_time_delta_sensor_async.py
[2022-06-12 14:18:20,738] {processor.py:652} INFO - DAG(s) dict_keys(['example_time_delta_sensor_async']) retrieved from /home/saba/airflow_venv/airflow_venv/lib/python3.6/site-packages/airflow/example_dags/example_time_delta_sensor_async.py
[2022-06-12 14:18:20,775] {logging_mixin.py:109} INFO - [2022-06-12 14:18:20,774] {dag.py:2398} INFO - Sync 1 DAGs
[2022-06-12 14:18:20,811] {logging_mixin.py:109} INFO - [2022-06-12 14:18:20,811] {dag.py:2937} INFO - Setting next_dagrun for example_time_delta_sensor_async to None
[2022-06-12 14:18:20,836] {processor.py:171} INFO - Processing /home/saba/airflow_venv/airflow_venv/lib/python3.6/site-packages/airflow/example_dags/example_time_delta_sensor_async.py took 0.151 seconds
[2022-06-12 14:19:00,053] {processor.py:163} INFO - Started process (PID=4324) to work on /home/saba/airflow_venv/airflow_venv/lib/python3.6/site-packages/airflow/example_dags/example_time_delta_sensor_async.py
[2022-06-12 14:19:00,057] {processor.py:642} INFO - Processing file /home/saba/airflow_venv/airflow_venv/lib/python3.6/site-packages/airflow/example_dags/example_time_delta_sensor_async.py for tasks to queue
[2022-06-12 14:19:00,059] {logging_mixin.py:109} INFO - [2022-06-12 14:19:00,059] {dagbag.py:500} INFO - Filling up the DagBag from /home/saba/airflow_venv/airflow_venv/lib/python3.6/site-packages/airflow/example_dags/example_time_delta_sensor_async.py
[2022-06-12 14:19:00,131] {processor.py:652} INFO - DAG(s) dict_keys(['example_time_delta_sensor_async']) retrieved from /home/saba/airflow_venv/airflow_venv/lib/python3.6/site-packages/airflow/example_dags/example_time_delta_sensor_async.py
[2022-06-12 14:19:00,192] {logging_mixin.py:109} INFO - [2022-06-12 14:19:00,191] {dag.py:2398} INFO - Sync 1 DAGs
[2022-06-12 14:19:00,263] {logging_mixin.py:109} INFO - [2022-06-12 14:19:00,262] {dag.py:2937} INFO - Setting next_dagrun for example_time_delta_sensor_async to None
[2022-06-12 14:19:00,300] {processor.py:171} INFO - Processing /home/saba/airflow_venv/airflow_venv/lib/python3.6/site-packages/airflow/example_dags/example_time_delta_sensor_async.py took 0.257 seconds
