[2022-06-12 14:12:03,727] {processor.py:163} INFO - Started process (PID=4015) to work on /home/saba/airflow_venv/airflow_venv/lib/python3.6/site-packages/airflow/example_dags/example_nested_branch_dag.py
[2022-06-12 14:12:03,731] {processor.py:642} INFO - Processing file /home/saba/airflow_venv/airflow_venv/lib/python3.6/site-packages/airflow/example_dags/example_nested_branch_dag.py for tasks to queue
[2022-06-12 14:12:03,734] {logging_mixin.py:109} INFO - [2022-06-12 14:12:03,734] {dagbag.py:500} INFO - Filling up the DagBag from /home/saba/airflow_venv/airflow_venv/lib/python3.6/site-packages/airflow/example_dags/example_nested_branch_dag.py
[2022-06-12 14:12:03,853] {processor.py:652} INFO - DAG(s) dict_keys(['example_nested_branch_dag']) retrieved from /home/saba/airflow_venv/airflow_venv/lib/python3.6/site-packages/airflow/example_dags/example_nested_branch_dag.py
[2022-06-12 14:12:03,933] {logging_mixin.py:109} INFO - [2022-06-12 14:12:03,933] {dag.py:2398} INFO - Sync 1 DAGs
[2022-06-12 14:12:04,073] {logging_mixin.py:109} INFO - [2022-06-12 14:12:04,072] {dag.py:2937} INFO - Setting next_dagrun for example_nested_branch_dag to 2022-06-11 00:00:00+00:00
[2022-06-12 14:12:04,137] {processor.py:171} INFO - Processing /home/saba/airflow_venv/airflow_venv/lib/python3.6/site-packages/airflow/example_dags/example_nested_branch_dag.py took 0.422 seconds
[2022-06-12 14:13:16,410] {processor.py:163} INFO - Started process (PID=4053) to work on /home/saba/airflow_venv/airflow_venv/lib/python3.6/site-packages/airflow/example_dags/example_nested_branch_dag.py
[2022-06-12 14:13:16,413] {processor.py:642} INFO - Processing file /home/saba/airflow_venv/airflow_venv/lib/python3.6/site-packages/airflow/example_dags/example_nested_branch_dag.py for tasks to queue
[2022-06-12 14:13:16,414] {logging_mixin.py:109} INFO - [2022-06-12 14:13:16,414] {dagbag.py:500} INFO - Filling up the DagBag from /home/saba/airflow_venv/airflow_venv/lib/python3.6/site-packages/airflow/example_dags/example_nested_branch_dag.py
[2022-06-12 14:13:16,462] {processor.py:652} INFO - DAG(s) dict_keys(['example_nested_branch_dag']) retrieved from /home/saba/airflow_venv/airflow_venv/lib/python3.6/site-packages/airflow/example_dags/example_nested_branch_dag.py
[2022-06-12 14:13:16,501] {logging_mixin.py:109} INFO - [2022-06-12 14:13:16,500] {dag.py:2398} INFO - Sync 1 DAGs
[2022-06-12 14:13:16,543] {logging_mixin.py:109} INFO - [2022-06-12 14:13:16,543] {dag.py:2937} INFO - Setting next_dagrun for example_nested_branch_dag to 2022-06-11 00:00:00+00:00
[2022-06-12 14:13:16,570] {processor.py:171} INFO - Processing /home/saba/airflow_venv/airflow_venv/lib/python3.6/site-packages/airflow/example_dags/example_nested_branch_dag.py took 0.167 seconds
[2022-06-12 14:14:03,213] {processor.py:163} INFO - Started process (PID=4090) to work on /home/saba/airflow_venv/airflow_venv/lib/python3.6/site-packages/airflow/example_dags/example_nested_branch_dag.py
[2022-06-12 14:14:03,215] {processor.py:642} INFO - Processing file /home/saba/airflow_venv/airflow_venv/lib/python3.6/site-packages/airflow/example_dags/example_nested_branch_dag.py for tasks to queue
[2022-06-12 14:14:03,216] {logging_mixin.py:109} INFO - [2022-06-12 14:14:03,216] {dagbag.py:500} INFO - Filling up the DagBag from /home/saba/airflow_venv/airflow_venv/lib/python3.6/site-packages/airflow/example_dags/example_nested_branch_dag.py
[2022-06-12 14:14:03,245] {processor.py:652} INFO - DAG(s) dict_keys(['example_nested_branch_dag']) retrieved from /home/saba/airflow_venv/airflow_venv/lib/python3.6/site-packages/airflow/example_dags/example_nested_branch_dag.py
[2022-06-12 14:14:03,263] {logging_mixin.py:109} INFO - [2022-06-12 14:14:03,263] {dag.py:2398} INFO - Sync 1 DAGs
[2022-06-12 14:14:03,284] {logging_mixin.py:109} INFO - [2022-06-12 14:14:03,284] {dag.py:2937} INFO - Setting next_dagrun for example_nested_branch_dag to 2022-06-11 00:00:00+00:00
[2022-06-12 14:14:03,302] {processor.py:171} INFO - Processing /home/saba/airflow_venv/airflow_venv/lib/python3.6/site-packages/airflow/example_dags/example_nested_branch_dag.py took 0.092 seconds
[2022-06-12 14:14:43,355] {processor.py:163} INFO - Started process (PID=4124) to work on /home/saba/airflow_venv/airflow_venv/lib/python3.6/site-packages/airflow/example_dags/example_nested_branch_dag.py
[2022-06-12 14:14:43,357] {processor.py:642} INFO - Processing file /home/saba/airflow_venv/airflow_venv/lib/python3.6/site-packages/airflow/example_dags/example_nested_branch_dag.py for tasks to queue
[2022-06-12 14:14:43,357] {logging_mixin.py:109} INFO - [2022-06-12 14:14:43,357] {dagbag.py:500} INFO - Filling up the DagBag from /home/saba/airflow_venv/airflow_venv/lib/python3.6/site-packages/airflow/example_dags/example_nested_branch_dag.py
[2022-06-12 14:14:43,380] {processor.py:652} INFO - DAG(s) dict_keys(['example_nested_branch_dag']) retrieved from /home/saba/airflow_venv/airflow_venv/lib/python3.6/site-packages/airflow/example_dags/example_nested_branch_dag.py
[2022-06-12 14:14:43,395] {logging_mixin.py:109} INFO - [2022-06-12 14:14:43,395] {dag.py:2398} INFO - Sync 1 DAGs
[2022-06-12 14:14:43,414] {logging_mixin.py:109} INFO - [2022-06-12 14:14:43,414] {dag.py:2937} INFO - Setting next_dagrun for example_nested_branch_dag to 2022-06-11 00:00:00+00:00
[2022-06-12 14:14:43,430] {processor.py:171} INFO - Processing /home/saba/airflow_venv/airflow_venv/lib/python3.6/site-packages/airflow/example_dags/example_nested_branch_dag.py took 0.078 seconds
[2022-06-12 14:15:18,616] {processor.py:163} INFO - Started process (PID=4157) to work on /home/saba/airflow_venv/airflow_venv/lib/python3.6/site-packages/airflow/example_dags/example_nested_branch_dag.py
[2022-06-12 14:15:18,628] {processor.py:642} INFO - Processing file /home/saba/airflow_venv/airflow_venv/lib/python3.6/site-packages/airflow/example_dags/example_nested_branch_dag.py for tasks to queue
[2022-06-12 14:15:18,629] {logging_mixin.py:109} INFO - [2022-06-12 14:15:18,629] {dagbag.py:500} INFO - Filling up the DagBag from /home/saba/airflow_venv/airflow_venv/lib/python3.6/site-packages/airflow/example_dags/example_nested_branch_dag.py
[2022-06-12 14:15:18,666] {processor.py:652} INFO - DAG(s) dict_keys(['example_nested_branch_dag']) retrieved from /home/saba/airflow_venv/airflow_venv/lib/python3.6/site-packages/airflow/example_dags/example_nested_branch_dag.py
[2022-06-12 14:15:18,690] {logging_mixin.py:109} INFO - [2022-06-12 14:15:18,690] {dag.py:2398} INFO - Sync 1 DAGs
[2022-06-12 14:15:18,723] {logging_mixin.py:109} INFO - [2022-06-12 14:15:18,723] {dag.py:2937} INFO - Setting next_dagrun for example_nested_branch_dag to 2022-06-11 00:00:00+00:00
[2022-06-12 14:15:18,749] {processor.py:171} INFO - Processing /home/saba/airflow_venv/airflow_venv/lib/python3.6/site-packages/airflow/example_dags/example_nested_branch_dag.py took 0.138 seconds
[2022-06-12 14:16:06,040] {processor.py:163} INFO - Started process (PID=4196) to work on /home/saba/airflow_venv/airflow_venv/lib/python3.6/site-packages/airflow/example_dags/example_nested_branch_dag.py
[2022-06-12 14:16:06,044] {processor.py:642} INFO - Processing file /home/saba/airflow_venv/airflow_venv/lib/python3.6/site-packages/airflow/example_dags/example_nested_branch_dag.py for tasks to queue
[2022-06-12 14:16:06,046] {logging_mixin.py:109} INFO - [2022-06-12 14:16:06,045] {dagbag.py:500} INFO - Filling up the DagBag from /home/saba/airflow_venv/airflow_venv/lib/python3.6/site-packages/airflow/example_dags/example_nested_branch_dag.py
[2022-06-12 14:16:06,102] {processor.py:652} INFO - DAG(s) dict_keys(['example_nested_branch_dag']) retrieved from /home/saba/airflow_venv/airflow_venv/lib/python3.6/site-packages/airflow/example_dags/example_nested_branch_dag.py
[2022-06-12 14:16:06,141] {logging_mixin.py:109} INFO - [2022-06-12 14:16:06,141] {dag.py:2398} INFO - Sync 1 DAGs
[2022-06-12 14:16:06,187] {logging_mixin.py:109} INFO - [2022-06-12 14:16:06,186] {dag.py:2937} INFO - Setting next_dagrun for example_nested_branch_dag to 2022-06-11 00:00:00+00:00
[2022-06-12 14:16:06,217] {processor.py:171} INFO - Processing /home/saba/airflow_venv/airflow_venv/lib/python3.6/site-packages/airflow/example_dags/example_nested_branch_dag.py took 0.184 seconds
[2022-06-12 14:16:48,489] {processor.py:163} INFO - Started process (PID=4229) to work on /home/saba/airflow_venv/airflow_venv/lib/python3.6/site-packages/airflow/example_dags/example_nested_branch_dag.py
[2022-06-12 14:16:48,494] {processor.py:642} INFO - Processing file /home/saba/airflow_venv/airflow_venv/lib/python3.6/site-packages/airflow/example_dags/example_nested_branch_dag.py for tasks to queue
[2022-06-12 14:16:48,497] {logging_mixin.py:109} INFO - [2022-06-12 14:16:48,496] {dagbag.py:500} INFO - Filling up the DagBag from /home/saba/airflow_venv/airflow_venv/lib/python3.6/site-packages/airflow/example_dags/example_nested_branch_dag.py
[2022-06-12 14:16:48,563] {processor.py:652} INFO - DAG(s) dict_keys(['example_nested_branch_dag']) retrieved from /home/saba/airflow_venv/airflow_venv/lib/python3.6/site-packages/airflow/example_dags/example_nested_branch_dag.py
[2022-06-12 14:16:48,619] {logging_mixin.py:109} INFO - [2022-06-12 14:16:48,619] {dag.py:2398} INFO - Sync 1 DAGs
[2022-06-12 14:16:48,695] {logging_mixin.py:109} INFO - [2022-06-12 14:16:48,695] {dag.py:2937} INFO - Setting next_dagrun for example_nested_branch_dag to 2022-06-11 00:00:00+00:00
[2022-06-12 14:16:48,731] {processor.py:171} INFO - Processing /home/saba/airflow_venv/airflow_venv/lib/python3.6/site-packages/airflow/example_dags/example_nested_branch_dag.py took 0.251 seconds
[2022-06-12 14:17:38,339] {processor.py:163} INFO - Started process (PID=4266) to work on /home/saba/airflow_venv/airflow_venv/lib/python3.6/site-packages/airflow/example_dags/example_nested_branch_dag.py
[2022-06-12 14:17:38,342] {processor.py:642} INFO - Processing file /home/saba/airflow_venv/airflow_venv/lib/python3.6/site-packages/airflow/example_dags/example_nested_branch_dag.py for tasks to queue
[2022-06-12 14:17:38,344] {logging_mixin.py:109} INFO - [2022-06-12 14:17:38,343] {dagbag.py:500} INFO - Filling up the DagBag from /home/saba/airflow_venv/airflow_venv/lib/python3.6/site-packages/airflow/example_dags/example_nested_branch_dag.py
[2022-06-12 14:17:38,389] {processor.py:652} INFO - DAG(s) dict_keys(['example_nested_branch_dag']) retrieved from /home/saba/airflow_venv/airflow_venv/lib/python3.6/site-packages/airflow/example_dags/example_nested_branch_dag.py
[2022-06-12 14:17:38,419] {logging_mixin.py:109} INFO - [2022-06-12 14:17:38,419] {dag.py:2398} INFO - Sync 1 DAGs
[2022-06-12 14:17:38,449] {logging_mixin.py:109} INFO - [2022-06-12 14:17:38,449] {dag.py:2937} INFO - Setting next_dagrun for example_nested_branch_dag to 2022-06-11 00:00:00+00:00
[2022-06-12 14:17:38,472] {processor.py:171} INFO - Processing /home/saba/airflow_venv/airflow_venv/lib/python3.6/site-packages/airflow/example_dags/example_nested_branch_dag.py took 0.138 seconds
[2022-06-12 14:18:25,988] {processor.py:163} INFO - Started process (PID=4301) to work on /home/saba/airflow_venv/airflow_venv/lib/python3.6/site-packages/airflow/example_dags/example_nested_branch_dag.py
[2022-06-12 14:18:25,992] {processor.py:642} INFO - Processing file /home/saba/airflow_venv/airflow_venv/lib/python3.6/site-packages/airflow/example_dags/example_nested_branch_dag.py for tasks to queue
[2022-06-12 14:18:25,993] {logging_mixin.py:109} INFO - [2022-06-12 14:18:25,993] {dagbag.py:500} INFO - Filling up the DagBag from /home/saba/airflow_venv/airflow_venv/lib/python3.6/site-packages/airflow/example_dags/example_nested_branch_dag.py
[2022-06-12 14:18:26,032] {processor.py:652} INFO - DAG(s) dict_keys(['example_nested_branch_dag']) retrieved from /home/saba/airflow_venv/airflow_venv/lib/python3.6/site-packages/airflow/example_dags/example_nested_branch_dag.py
[2022-06-12 14:18:26,058] {logging_mixin.py:109} INFO - [2022-06-12 14:18:26,058] {dag.py:2398} INFO - Sync 1 DAGs
[2022-06-12 14:18:26,089] {logging_mixin.py:109} INFO - [2022-06-12 14:18:26,089] {dag.py:2937} INFO - Setting next_dagrun for example_nested_branch_dag to 2022-06-11 00:00:00+00:00
[2022-06-12 14:18:26,112] {processor.py:171} INFO - Processing /home/saba/airflow_venv/airflow_venv/lib/python3.6/site-packages/airflow/example_dags/example_nested_branch_dag.py took 0.130 seconds
[2022-06-12 14:35:04,390] {processor.py:163} INFO - Started process (PID=4649) to work on /home/saba/airflow_venv/airflow_venv/lib/python3.6/site-packages/airflow/example_dags/example_nested_branch_dag.py
[2022-06-12 14:35:04,397] {processor.py:642} INFO - Processing file /home/saba/airflow_venv/airflow_venv/lib/python3.6/site-packages/airflow/example_dags/example_nested_branch_dag.py for tasks to queue
[2022-06-12 14:35:04,404] {logging_mixin.py:109} INFO - [2022-06-12 14:35:04,403] {dagbag.py:500} INFO - Filling up the DagBag from /home/saba/airflow_venv/airflow_venv/lib/python3.6/site-packages/airflow/example_dags/example_nested_branch_dag.py
[2022-06-12 14:35:04,526] {processor.py:652} INFO - DAG(s) dict_keys(['example_nested_branch_dag']) retrieved from /home/saba/airflow_venv/airflow_venv/lib/python3.6/site-packages/airflow/example_dags/example_nested_branch_dag.py
[2022-06-12 14:35:04,622] {logging_mixin.py:109} INFO - [2022-06-12 14:35:04,622] {dag.py:2398} INFO - Sync 1 DAGs
[2022-06-12 14:35:04,793] {logging_mixin.py:109} INFO - [2022-06-12 14:35:04,793] {dag.py:2937} INFO - Setting next_dagrun for example_nested_branch_dag to 2022-06-11 00:00:00+00:00
[2022-06-12 14:35:04,856] {processor.py:171} INFO - Processing /home/saba/airflow_venv/airflow_venv/lib/python3.6/site-packages/airflow/example_dags/example_nested_branch_dag.py took 0.484 seconds
