[2022-06-12 14:12:01,973] {processor.py:163} INFO - Started process (PID=4014) to work on /home/saba/airflow_venv/airflow_venv/lib/python3.6/site-packages/airflow/example_dags/example_branch_operator.py
[2022-06-12 14:12:01,985] {processor.py:642} INFO - Processing file /home/saba/airflow_venv/airflow_venv/lib/python3.6/site-packages/airflow/example_dags/example_branch_operator.py for tasks to queue
[2022-06-12 14:12:01,990] {logging_mixin.py:109} INFO - [2022-06-12 14:12:01,989] {dagbag.py:500} INFO - Filling up the DagBag from /home/saba/airflow_venv/airflow_venv/lib/python3.6/site-packages/airflow/example_dags/example_branch_operator.py
[2022-06-12 14:12:02,140] {processor.py:652} INFO - DAG(s) dict_keys(['example_branch_operator']) retrieved from /home/saba/airflow_venv/airflow_venv/lib/python3.6/site-packages/airflow/example_dags/example_branch_operator.py
[2022-06-12 14:12:02,243] {logging_mixin.py:109} INFO - [2022-06-12 14:12:02,243] {dag.py:2398} INFO - Sync 1 DAGs
[2022-06-12 14:12:02,377] {logging_mixin.py:109} INFO - [2022-06-12 14:12:02,377] {dag.py:2937} INFO - Setting next_dagrun for example_branch_operator to 2022-06-11 00:00:00+00:00
[2022-06-12 14:12:02,449] {processor.py:171} INFO - Processing /home/saba/airflow_venv/airflow_venv/lib/python3.6/site-packages/airflow/example_dags/example_branch_operator.py took 0.513 seconds
[2022-06-12 14:13:15,395] {processor.py:163} INFO - Started process (PID=4052) to work on /home/saba/airflow_venv/airflow_venv/lib/python3.6/site-packages/airflow/example_dags/example_branch_operator.py
[2022-06-12 14:13:15,398] {processor.py:642} INFO - Processing file /home/saba/airflow_venv/airflow_venv/lib/python3.6/site-packages/airflow/example_dags/example_branch_operator.py for tasks to queue
[2022-06-12 14:13:15,400] {logging_mixin.py:109} INFO - [2022-06-12 14:13:15,400] {dagbag.py:500} INFO - Filling up the DagBag from /home/saba/airflow_venv/airflow_venv/lib/python3.6/site-packages/airflow/example_dags/example_branch_operator.py
[2022-06-12 14:13:15,462] {processor.py:652} INFO - DAG(s) dict_keys(['example_branch_operator']) retrieved from /home/saba/airflow_venv/airflow_venv/lib/python3.6/site-packages/airflow/example_dags/example_branch_operator.py
[2022-06-12 14:13:15,496] {logging_mixin.py:109} INFO - [2022-06-12 14:13:15,496] {dag.py:2398} INFO - Sync 1 DAGs
[2022-06-12 14:13:15,540] {logging_mixin.py:109} INFO - [2022-06-12 14:13:15,540] {dag.py:2937} INFO - Setting next_dagrun for example_branch_operator to 2022-06-11 00:00:00+00:00
[2022-06-12 14:13:15,572] {processor.py:171} INFO - Processing /home/saba/airflow_venv/airflow_venv/lib/python3.6/site-packages/airflow/example_dags/example_branch_operator.py took 0.185 seconds
[2022-06-12 14:14:02,267] {processor.py:163} INFO - Started process (PID=4089) to work on /home/saba/airflow_venv/airflow_venv/lib/python3.6/site-packages/airflow/example_dags/example_branch_operator.py
[2022-06-12 14:14:02,270] {processor.py:642} INFO - Processing file /home/saba/airflow_venv/airflow_venv/lib/python3.6/site-packages/airflow/example_dags/example_branch_operator.py for tasks to queue
[2022-06-12 14:14:02,271] {logging_mixin.py:109} INFO - [2022-06-12 14:14:02,270] {dagbag.py:500} INFO - Filling up the DagBag from /home/saba/airflow_venv/airflow_venv/lib/python3.6/site-packages/airflow/example_dags/example_branch_operator.py
[2022-06-12 14:14:02,301] {processor.py:652} INFO - DAG(s) dict_keys(['example_branch_operator']) retrieved from /home/saba/airflow_venv/airflow_venv/lib/python3.6/site-packages/airflow/example_dags/example_branch_operator.py
[2022-06-12 14:14:02,321] {logging_mixin.py:109} INFO - [2022-06-12 14:14:02,321] {dag.py:2398} INFO - Sync 1 DAGs
[2022-06-12 14:14:02,346] {logging_mixin.py:109} INFO - [2022-06-12 14:14:02,346] {dag.py:2937} INFO - Setting next_dagrun for example_branch_operator to 2022-06-11 00:00:00+00:00
[2022-06-12 14:14:02,366] {processor.py:171} INFO - Processing /home/saba/airflow_venv/airflow_venv/lib/python3.6/site-packages/airflow/example_dags/example_branch_operator.py took 0.104 seconds
[2022-06-12 14:14:42,111] {processor.py:163} INFO - Started process (PID=4123) to work on /home/saba/airflow_venv/airflow_venv/lib/python3.6/site-packages/airflow/example_dags/example_branch_operator.py
[2022-06-12 14:14:42,115] {processor.py:642} INFO - Processing file /home/saba/airflow_venv/airflow_venv/lib/python3.6/site-packages/airflow/example_dags/example_branch_operator.py for tasks to queue
[2022-06-12 14:14:42,116] {logging_mixin.py:109} INFO - [2022-06-12 14:14:42,116] {dagbag.py:500} INFO - Filling up the DagBag from /home/saba/airflow_venv/airflow_venv/lib/python3.6/site-packages/airflow/example_dags/example_branch_operator.py
[2022-06-12 14:14:42,144] {processor.py:652} INFO - DAG(s) dict_keys(['example_branch_operator']) retrieved from /home/saba/airflow_venv/airflow_venv/lib/python3.6/site-packages/airflow/example_dags/example_branch_operator.py
[2022-06-12 14:14:42,163] {logging_mixin.py:109} INFO - [2022-06-12 14:14:42,163] {dag.py:2398} INFO - Sync 1 DAGs
[2022-06-12 14:14:42,186] {logging_mixin.py:109} INFO - [2022-06-12 14:14:42,186] {dag.py:2937} INFO - Setting next_dagrun for example_branch_operator to 2022-06-11 00:00:00+00:00
[2022-06-12 14:14:42,204] {processor.py:171} INFO - Processing /home/saba/airflow_venv/airflow_venv/lib/python3.6/site-packages/airflow/example_dags/example_branch_operator.py took 0.097 seconds
[2022-06-12 14:15:17,621] {processor.py:163} INFO - Started process (PID=4156) to work on /home/saba/airflow_venv/airflow_venv/lib/python3.6/site-packages/airflow/example_dags/example_branch_operator.py
[2022-06-12 14:15:17,633] {processor.py:642} INFO - Processing file /home/saba/airflow_venv/airflow_venv/lib/python3.6/site-packages/airflow/example_dags/example_branch_operator.py for tasks to queue
[2022-06-12 14:15:17,634] {logging_mixin.py:109} INFO - [2022-06-12 14:15:17,633] {dagbag.py:500} INFO - Filling up the DagBag from /home/saba/airflow_venv/airflow_venv/lib/python3.6/site-packages/airflow/example_dags/example_branch_operator.py
[2022-06-12 14:15:17,664] {processor.py:652} INFO - DAG(s) dict_keys(['example_branch_operator']) retrieved from /home/saba/airflow_venv/airflow_venv/lib/python3.6/site-packages/airflow/example_dags/example_branch_operator.py
[2022-06-12 14:15:17,683] {logging_mixin.py:109} INFO - [2022-06-12 14:15:17,682] {dag.py:2398} INFO - Sync 1 DAGs
[2022-06-12 14:15:17,705] {logging_mixin.py:109} INFO - [2022-06-12 14:15:17,705] {dag.py:2937} INFO - Setting next_dagrun for example_branch_operator to 2022-06-11 00:00:00+00:00
[2022-06-12 14:15:17,724] {processor.py:171} INFO - Processing /home/saba/airflow_venv/airflow_venv/lib/python3.6/site-packages/airflow/example_dags/example_branch_operator.py took 0.106 seconds
[2022-06-12 14:16:04,314] {processor.py:163} INFO - Started process (PID=4195) to work on /home/saba/airflow_venv/airflow_venv/lib/python3.6/site-packages/airflow/example_dags/example_branch_operator.py
[2022-06-12 14:16:04,326] {processor.py:642} INFO - Processing file /home/saba/airflow_venv/airflow_venv/lib/python3.6/site-packages/airflow/example_dags/example_branch_operator.py for tasks to queue
[2022-06-12 14:16:04,329] {logging_mixin.py:109} INFO - [2022-06-12 14:16:04,329] {dagbag.py:500} INFO - Filling up the DagBag from /home/saba/airflow_venv/airflow_venv/lib/python3.6/site-packages/airflow/example_dags/example_branch_operator.py
[2022-06-12 14:16:04,443] {processor.py:652} INFO - DAG(s) dict_keys(['example_branch_operator']) retrieved from /home/saba/airflow_venv/airflow_venv/lib/python3.6/site-packages/airflow/example_dags/example_branch_operator.py
[2022-06-12 14:16:04,529] {logging_mixin.py:109} INFO - [2022-06-12 14:16:04,525] {dag.py:2398} INFO - Sync 1 DAGs
[2022-06-12 14:16:04,630] {logging_mixin.py:109} INFO - [2022-06-12 14:16:04,630] {dag.py:2937} INFO - Setting next_dagrun for example_branch_operator to 2022-06-11 00:00:00+00:00
[2022-06-12 14:16:04,711] {processor.py:171} INFO - Processing /home/saba/airflow_venv/airflow_venv/lib/python3.6/site-packages/airflow/example_dags/example_branch_operator.py took 0.414 seconds
[2022-06-12 14:16:47,120] {processor.py:163} INFO - Started process (PID=4228) to work on /home/saba/airflow_venv/airflow_venv/lib/python3.6/site-packages/airflow/example_dags/example_branch_operator.py
[2022-06-12 14:16:47,123] {processor.py:642} INFO - Processing file /home/saba/airflow_venv/airflow_venv/lib/python3.6/site-packages/airflow/example_dags/example_branch_operator.py for tasks to queue
[2022-06-12 14:16:47,125] {logging_mixin.py:109} INFO - [2022-06-12 14:16:47,125] {dagbag.py:500} INFO - Filling up the DagBag from /home/saba/airflow_venv/airflow_venv/lib/python3.6/site-packages/airflow/example_dags/example_branch_operator.py
[2022-06-12 14:16:47,169] {processor.py:652} INFO - DAG(s) dict_keys(['example_branch_operator']) retrieved from /home/saba/airflow_venv/airflow_venv/lib/python3.6/site-packages/airflow/example_dags/example_branch_operator.py
[2022-06-12 14:16:47,198] {logging_mixin.py:109} INFO - [2022-06-12 14:16:47,198] {dag.py:2398} INFO - Sync 1 DAGs
[2022-06-12 14:16:47,234] {logging_mixin.py:109} INFO - [2022-06-12 14:16:47,234] {dag.py:2937} INFO - Setting next_dagrun for example_branch_operator to 2022-06-11 00:00:00+00:00
[2022-06-12 14:16:47,260] {processor.py:171} INFO - Processing /home/saba/airflow_venv/airflow_venv/lib/python3.6/site-packages/airflow/example_dags/example_branch_operator.py took 0.145 seconds
[2022-06-12 14:17:37,063] {processor.py:163} INFO - Started process (PID=4265) to work on /home/saba/airflow_venv/airflow_venv/lib/python3.6/site-packages/airflow/example_dags/example_branch_operator.py
[2022-06-12 14:17:37,066] {processor.py:642} INFO - Processing file /home/saba/airflow_venv/airflow_venv/lib/python3.6/site-packages/airflow/example_dags/example_branch_operator.py for tasks to queue
[2022-06-12 14:17:37,067] {logging_mixin.py:109} INFO - [2022-06-12 14:17:37,067] {dagbag.py:500} INFO - Filling up the DagBag from /home/saba/airflow_venv/airflow_venv/lib/python3.6/site-packages/airflow/example_dags/example_branch_operator.py
[2022-06-12 14:17:37,104] {processor.py:652} INFO - DAG(s) dict_keys(['example_branch_operator']) retrieved from /home/saba/airflow_venv/airflow_venv/lib/python3.6/site-packages/airflow/example_dags/example_branch_operator.py
[2022-06-12 14:17:37,132] {logging_mixin.py:109} INFO - [2022-06-12 14:17:37,131] {dag.py:2398} INFO - Sync 1 DAGs
[2022-06-12 14:17:37,159] {logging_mixin.py:109} INFO - [2022-06-12 14:17:37,159] {dag.py:2937} INFO - Setting next_dagrun for example_branch_operator to 2022-06-11 00:00:00+00:00
[2022-06-12 14:17:37,180] {processor.py:171} INFO - Processing /home/saba/airflow_venv/airflow_venv/lib/python3.6/site-packages/airflow/example_dags/example_branch_operator.py took 0.121 seconds
[2022-06-12 14:18:24,573] {processor.py:163} INFO - Started process (PID=4300) to work on /home/saba/airflow_venv/airflow_venv/lib/python3.6/site-packages/airflow/example_dags/example_branch_operator.py
[2022-06-12 14:18:24,577] {processor.py:642} INFO - Processing file /home/saba/airflow_venv/airflow_venv/lib/python3.6/site-packages/airflow/example_dags/example_branch_operator.py for tasks to queue
[2022-06-12 14:18:24,579] {logging_mixin.py:109} INFO - [2022-06-12 14:18:24,579] {dagbag.py:500} INFO - Filling up the DagBag from /home/saba/airflow_venv/airflow_venv/lib/python3.6/site-packages/airflow/example_dags/example_branch_operator.py
[2022-06-12 14:18:24,707] {processor.py:652} INFO - DAG(s) dict_keys(['example_branch_operator']) retrieved from /home/saba/airflow_venv/airflow_venv/lib/python3.6/site-packages/airflow/example_dags/example_branch_operator.py
[2022-06-12 14:18:24,774] {logging_mixin.py:109} INFO - [2022-06-12 14:18:24,773] {dag.py:2398} INFO - Sync 1 DAGs
[2022-06-12 14:18:24,846] {logging_mixin.py:109} INFO - [2022-06-12 14:18:24,846] {dag.py:2937} INFO - Setting next_dagrun for example_branch_operator to 2022-06-11 00:00:00+00:00
[2022-06-12 14:18:24,900] {processor.py:171} INFO - Processing /home/saba/airflow_venv/airflow_venv/lib/python3.6/site-packages/airflow/example_dags/example_branch_operator.py took 0.337 seconds
[2022-06-12 14:35:02,418] {processor.py:163} INFO - Started process (PID=4648) to work on /home/saba/airflow_venv/airflow_venv/lib/python3.6/site-packages/airflow/example_dags/example_branch_operator.py
[2022-06-12 14:35:02,427] {processor.py:642} INFO - Processing file /home/saba/airflow_venv/airflow_venv/lib/python3.6/site-packages/airflow/example_dags/example_branch_operator.py for tasks to queue
[2022-06-12 14:35:02,431] {logging_mixin.py:109} INFO - [2022-06-12 14:35:02,429] {dagbag.py:500} INFO - Filling up the DagBag from /home/saba/airflow_venv/airflow_venv/lib/python3.6/site-packages/airflow/example_dags/example_branch_operator.py
[2022-06-12 14:35:02,593] {processor.py:652} INFO - DAG(s) dict_keys(['example_branch_operator']) retrieved from /home/saba/airflow_venv/airflow_venv/lib/python3.6/site-packages/airflow/example_dags/example_branch_operator.py
[2022-06-12 14:35:02,668] {logging_mixin.py:109} INFO - [2022-06-12 14:35:02,667] {dag.py:2398} INFO - Sync 1 DAGs
[2022-06-12 14:35:02,773] {logging_mixin.py:109} INFO - [2022-06-12 14:35:02,772] {dag.py:2937} INFO - Setting next_dagrun for example_branch_operator to 2022-06-11 00:00:00+00:00
[2022-06-12 14:35:03,026] {processor.py:171} INFO - Processing /home/saba/airflow_venv/airflow_venv/lib/python3.6/site-packages/airflow/example_dags/example_branch_operator.py took 0.625 seconds
