[2022-06-12 14:11:27,153] {processor.py:163} INFO - Started process (PID=3998) to work on /home/saba/airflow_venv/airflow_venv/lib/python3.6/site-packages/airflow/example_dags/example_trigger_controller_dag.py
[2022-06-12 14:11:27,165] {processor.py:642} INFO - Processing file /home/saba/airflow_venv/airflow_venv/lib/python3.6/site-packages/airflow/example_dags/example_trigger_controller_dag.py for tasks to queue
[2022-06-12 14:11:27,168] {logging_mixin.py:109} INFO - [2022-06-12 14:11:27,168] {dagbag.py:500} INFO - Filling up the DagBag from /home/saba/airflow_venv/airflow_venv/lib/python3.6/site-packages/airflow/example_dags/example_trigger_controller_dag.py
[2022-06-12 14:11:27,359] {processor.py:652} INFO - DAG(s) dict_keys(['example_trigger_controller_dag']) retrieved from /home/saba/airflow_venv/airflow_venv/lib/python3.6/site-packages/airflow/example_dags/example_trigger_controller_dag.py
[2022-06-12 14:11:27,585] {logging_mixin.py:109} INFO - [2022-06-12 14:11:27,584] {dag.py:2398} INFO - Sync 1 DAGs
[2022-06-12 14:11:27,746] {logging_mixin.py:109} INFO - [2022-06-12 14:11:27,745] {dag.py:2937} INFO - Setting next_dagrun for example_trigger_controller_dag to 2021-01-01T00:00:00+00:00
[2022-06-12 14:11:27,850] {processor.py:171} INFO - Processing /home/saba/airflow_venv/airflow_venv/lib/python3.6/site-packages/airflow/example_dags/example_trigger_controller_dag.py took 0.716 seconds
[2022-06-12 14:12:34,017] {processor.py:163} INFO - Started process (PID=4028) to work on /home/saba/airflow_venv/airflow_venv/lib/python3.6/site-packages/airflow/example_dags/example_trigger_controller_dag.py
[2022-06-12 14:12:34,025] {processor.py:642} INFO - Processing file /home/saba/airflow_venv/airflow_venv/lib/python3.6/site-packages/airflow/example_dags/example_trigger_controller_dag.py for tasks to queue
[2022-06-12 14:12:34,028] {logging_mixin.py:109} INFO - [2022-06-12 14:12:34,028] {dagbag.py:500} INFO - Filling up the DagBag from /home/saba/airflow_venv/airflow_venv/lib/python3.6/site-packages/airflow/example_dags/example_trigger_controller_dag.py
[2022-06-12 14:12:34,130] {processor.py:652} INFO - DAG(s) dict_keys(['example_trigger_controller_dag']) retrieved from /home/saba/airflow_venv/airflow_venv/lib/python3.6/site-packages/airflow/example_dags/example_trigger_controller_dag.py
[2022-06-12 14:12:34,220] {logging_mixin.py:109} INFO - [2022-06-12 14:12:34,220] {dag.py:2398} INFO - Sync 1 DAGs
[2022-06-12 14:12:34,342] {logging_mixin.py:109} INFO - [2022-06-12 14:12:34,334] {dag.py:2937} INFO - Setting next_dagrun for example_trigger_controller_dag to 2021-01-01T00:00:00+00:00
[2022-06-12 14:12:34,417] {processor.py:171} INFO - Processing /home/saba/airflow_venv/airflow_venv/lib/python3.6/site-packages/airflow/example_dags/example_trigger_controller_dag.py took 0.417 seconds
[2022-06-12 14:13:31,517] {processor.py:163} INFO - Started process (PID=4062) to work on /home/saba/airflow_venv/airflow_venv/lib/python3.6/site-packages/airflow/example_dags/example_trigger_controller_dag.py
[2022-06-12 14:13:31,519] {processor.py:642} INFO - Processing file /home/saba/airflow_venv/airflow_venv/lib/python3.6/site-packages/airflow/example_dags/example_trigger_controller_dag.py for tasks to queue
[2022-06-12 14:13:31,520] {logging_mixin.py:109} INFO - [2022-06-12 14:13:31,520] {dagbag.py:500} INFO - Filling up the DagBag from /home/saba/airflow_venv/airflow_venv/lib/python3.6/site-packages/airflow/example_dags/example_trigger_controller_dag.py
[2022-06-12 14:13:31,549] {processor.py:652} INFO - DAG(s) dict_keys(['example_trigger_controller_dag']) retrieved from /home/saba/airflow_venv/airflow_venv/lib/python3.6/site-packages/airflow/example_dags/example_trigger_controller_dag.py
[2022-06-12 14:13:31,573] {logging_mixin.py:109} INFO - [2022-06-12 14:13:31,573] {dag.py:2398} INFO - Sync 1 DAGs
[2022-06-12 14:13:31,609] {logging_mixin.py:109} INFO - [2022-06-12 14:13:31,609] {dag.py:2937} INFO - Setting next_dagrun for example_trigger_controller_dag to 2021-01-01T00:00:00+00:00
[2022-06-12 14:13:31,635] {processor.py:171} INFO - Processing /home/saba/airflow_venv/airflow_venv/lib/python3.6/site-packages/airflow/example_dags/example_trigger_controller_dag.py took 0.124 seconds
[2022-06-12 14:14:10,746] {processor.py:163} INFO - Started process (PID=4096) to work on /home/saba/airflow_venv/airflow_venv/lib/python3.6/site-packages/airflow/example_dags/example_trigger_controller_dag.py
[2022-06-12 14:14:10,749] {processor.py:642} INFO - Processing file /home/saba/airflow_venv/airflow_venv/lib/python3.6/site-packages/airflow/example_dags/example_trigger_controller_dag.py for tasks to queue
[2022-06-12 14:14:10,750] {logging_mixin.py:109} INFO - [2022-06-12 14:14:10,750] {dagbag.py:500} INFO - Filling up the DagBag from /home/saba/airflow_venv/airflow_venv/lib/python3.6/site-packages/airflow/example_dags/example_trigger_controller_dag.py
[2022-06-12 14:14:10,768] {processor.py:652} INFO - DAG(s) dict_keys(['example_trigger_controller_dag']) retrieved from /home/saba/airflow_venv/airflow_venv/lib/python3.6/site-packages/airflow/example_dags/example_trigger_controller_dag.py
[2022-06-12 14:14:10,783] {logging_mixin.py:109} INFO - [2022-06-12 14:14:10,783] {dag.py:2398} INFO - Sync 1 DAGs
[2022-06-12 14:14:10,800] {logging_mixin.py:109} INFO - [2022-06-12 14:14:10,800] {dag.py:2937} INFO - Setting next_dagrun for example_trigger_controller_dag to 2021-01-01T00:00:00+00:00
[2022-06-12 14:14:10,816] {processor.py:171} INFO - Processing /home/saba/airflow_venv/airflow_venv/lib/python3.6/site-packages/airflow/example_dags/example_trigger_controller_dag.py took 0.073 seconds
[2022-06-12 14:14:49,169] {processor.py:163} INFO - Started process (PID=4130) to work on /home/saba/airflow_venv/airflow_venv/lib/python3.6/site-packages/airflow/example_dags/example_trigger_controller_dag.py
[2022-06-12 14:14:49,173] {processor.py:642} INFO - Processing file /home/saba/airflow_venv/airflow_venv/lib/python3.6/site-packages/airflow/example_dags/example_trigger_controller_dag.py for tasks to queue
[2022-06-12 14:14:49,174] {logging_mixin.py:109} INFO - [2022-06-12 14:14:49,174] {dagbag.py:500} INFO - Filling up the DagBag from /home/saba/airflow_venv/airflow_venv/lib/python3.6/site-packages/airflow/example_dags/example_trigger_controller_dag.py
[2022-06-12 14:14:49,197] {processor.py:652} INFO - DAG(s) dict_keys(['example_trigger_controller_dag']) retrieved from /home/saba/airflow_venv/airflow_venv/lib/python3.6/site-packages/airflow/example_dags/example_trigger_controller_dag.py
[2022-06-12 14:14:49,217] {logging_mixin.py:109} INFO - [2022-06-12 14:14:49,217] {dag.py:2398} INFO - Sync 1 DAGs
[2022-06-12 14:14:49,237] {logging_mixin.py:109} INFO - [2022-06-12 14:14:49,237] {dag.py:2937} INFO - Setting next_dagrun for example_trigger_controller_dag to 2021-01-01T00:00:00+00:00
[2022-06-12 14:14:49,256] {processor.py:171} INFO - Processing /home/saba/airflow_venv/airflow_venv/lib/python3.6/site-packages/airflow/example_dags/example_trigger_controller_dag.py took 0.090 seconds
[2022-06-12 14:15:21,619] {processor.py:163} INFO - Started process (PID=4160) to work on /home/saba/airflow_venv/airflow_venv/lib/python3.6/site-packages/airflow/example_dags/example_trigger_controller_dag.py
[2022-06-12 14:15:21,620] {processor.py:642} INFO - Processing file /home/saba/airflow_venv/airflow_venv/lib/python3.6/site-packages/airflow/example_dags/example_trigger_controller_dag.py for tasks to queue
[2022-06-12 14:15:21,621] {logging_mixin.py:109} INFO - [2022-06-12 14:15:21,620] {dagbag.py:500} INFO - Filling up the DagBag from /home/saba/airflow_venv/airflow_venv/lib/python3.6/site-packages/airflow/example_dags/example_trigger_controller_dag.py
[2022-06-12 14:15:21,638] {processor.py:652} INFO - DAG(s) dict_keys(['example_trigger_controller_dag']) retrieved from /home/saba/airflow_venv/airflow_venv/lib/python3.6/site-packages/airflow/example_dags/example_trigger_controller_dag.py
[2022-06-12 14:15:21,653] {logging_mixin.py:109} INFO - [2022-06-12 14:15:21,652] {dag.py:2398} INFO - Sync 1 DAGs
[2022-06-12 14:15:21,670] {logging_mixin.py:109} INFO - [2022-06-12 14:15:21,670] {dag.py:2937} INFO - Setting next_dagrun for example_trigger_controller_dag to 2021-01-01T00:00:00+00:00
[2022-06-12 14:15:21,689] {processor.py:171} INFO - Processing /home/saba/airflow_venv/airflow_venv/lib/python3.6/site-packages/airflow/example_dags/example_trigger_controller_dag.py took 0.073 seconds
[2022-06-12 14:16:02,001] {processor.py:163} INFO - Started process (PID=4193) to work on /home/saba/airflow_venv/airflow_venv/lib/python3.6/site-packages/airflow/example_dags/example_trigger_controller_dag.py
[2022-06-12 14:16:02,010] {processor.py:642} INFO - Processing file /home/saba/airflow_venv/airflow_venv/lib/python3.6/site-packages/airflow/example_dags/example_trigger_controller_dag.py for tasks to queue
[2022-06-12 14:16:02,014] {logging_mixin.py:109} INFO - [2022-06-12 14:16:02,013] {dagbag.py:500} INFO - Filling up the DagBag from /home/saba/airflow_venv/airflow_venv/lib/python3.6/site-packages/airflow/example_dags/example_trigger_controller_dag.py
[2022-06-12 14:16:02,117] {processor.py:652} INFO - DAG(s) dict_keys(['example_trigger_controller_dag']) retrieved from /home/saba/airflow_venv/airflow_venv/lib/python3.6/site-packages/airflow/example_dags/example_trigger_controller_dag.py
[2022-06-12 14:16:02,191] {logging_mixin.py:109} INFO - [2022-06-12 14:16:02,191] {dag.py:2398} INFO - Sync 1 DAGs
[2022-06-12 14:16:02,304] {logging_mixin.py:109} INFO - [2022-06-12 14:16:02,303] {dag.py:2937} INFO - Setting next_dagrun for example_trigger_controller_dag to 2021-01-01T00:00:00+00:00
[2022-06-12 14:16:02,381] {processor.py:171} INFO - Processing /home/saba/airflow_venv/airflow_venv/lib/python3.6/site-packages/airflow/example_dags/example_trigger_controller_dag.py took 0.403 seconds
[2022-06-12 14:16:44,658] {processor.py:163} INFO - Started process (PID=4226) to work on /home/saba/airflow_venv/airflow_venv/lib/python3.6/site-packages/airflow/example_dags/example_trigger_controller_dag.py
[2022-06-12 14:16:44,665] {processor.py:642} INFO - Processing file /home/saba/airflow_venv/airflow_venv/lib/python3.6/site-packages/airflow/example_dags/example_trigger_controller_dag.py for tasks to queue
[2022-06-12 14:16:44,667] {logging_mixin.py:109} INFO - [2022-06-12 14:16:44,667] {dagbag.py:500} INFO - Filling up the DagBag from /home/saba/airflow_venv/airflow_venv/lib/python3.6/site-packages/airflow/example_dags/example_trigger_controller_dag.py
[2022-06-12 14:16:44,721] {processor.py:652} INFO - DAG(s) dict_keys(['example_trigger_controller_dag']) retrieved from /home/saba/airflow_venv/airflow_venv/lib/python3.6/site-packages/airflow/example_dags/example_trigger_controller_dag.py
[2022-06-12 14:16:44,767] {logging_mixin.py:109} INFO - [2022-06-12 14:16:44,766] {dag.py:2398} INFO - Sync 1 DAGs
[2022-06-12 14:16:44,833] {logging_mixin.py:109} INFO - [2022-06-12 14:16:44,832] {dag.py:2937} INFO - Setting next_dagrun for example_trigger_controller_dag to 2021-01-01T00:00:00+00:00
[2022-06-12 14:16:44,872] {processor.py:171} INFO - Processing /home/saba/airflow_venv/airflow_venv/lib/python3.6/site-packages/airflow/example_dags/example_trigger_controller_dag.py took 0.223 seconds
[2022-06-12 14:17:36,038] {processor.py:163} INFO - Started process (PID=4263) to work on /home/saba/airflow_venv/airflow_venv/lib/python3.6/site-packages/airflow/example_dags/example_trigger_controller_dag.py
[2022-06-12 14:17:36,041] {processor.py:642} INFO - Processing file /home/saba/airflow_venv/airflow_venv/lib/python3.6/site-packages/airflow/example_dags/example_trigger_controller_dag.py for tasks to queue
[2022-06-12 14:17:36,042] {logging_mixin.py:109} INFO - [2022-06-12 14:17:36,042] {dagbag.py:500} INFO - Filling up the DagBag from /home/saba/airflow_venv/airflow_venv/lib/python3.6/site-packages/airflow/example_dags/example_trigger_controller_dag.py
[2022-06-12 14:17:36,076] {processor.py:652} INFO - DAG(s) dict_keys(['example_trigger_controller_dag']) retrieved from /home/saba/airflow_venv/airflow_venv/lib/python3.6/site-packages/airflow/example_dags/example_trigger_controller_dag.py
[2022-06-12 14:17:36,103] {logging_mixin.py:109} INFO - [2022-06-12 14:17:36,103] {dag.py:2398} INFO - Sync 1 DAGs
[2022-06-12 14:17:36,137] {logging_mixin.py:109} INFO - [2022-06-12 14:17:36,136] {dag.py:2937} INFO - Setting next_dagrun for example_trigger_controller_dag to 2021-01-01T00:00:00+00:00
[2022-06-12 14:17:36,166] {processor.py:171} INFO - Processing /home/saba/airflow_venv/airflow_venv/lib/python3.6/site-packages/airflow/example_dags/example_trigger_controller_dag.py took 0.134 seconds
[2022-06-12 14:18:21,984] {processor.py:163} INFO - Started process (PID=4298) to work on /home/saba/airflow_venv/airflow_venv/lib/python3.6/site-packages/airflow/example_dags/example_trigger_controller_dag.py
[2022-06-12 14:18:21,986] {processor.py:642} INFO - Processing file /home/saba/airflow_venv/airflow_venv/lib/python3.6/site-packages/airflow/example_dags/example_trigger_controller_dag.py for tasks to queue
[2022-06-12 14:18:21,987] {logging_mixin.py:109} INFO - [2022-06-12 14:18:21,987] {dagbag.py:500} INFO - Filling up the DagBag from /home/saba/airflow_venv/airflow_venv/lib/python3.6/site-packages/airflow/example_dags/example_trigger_controller_dag.py
[2022-06-12 14:18:22,014] {processor.py:652} INFO - DAG(s) dict_keys(['example_trigger_controller_dag']) retrieved from /home/saba/airflow_venv/airflow_venv/lib/python3.6/site-packages/airflow/example_dags/example_trigger_controller_dag.py
[2022-06-12 14:18:22,037] {logging_mixin.py:109} INFO - [2022-06-12 14:18:22,037] {dag.py:2398} INFO - Sync 1 DAGs
[2022-06-12 14:18:22,064] {logging_mixin.py:109} INFO - [2022-06-12 14:18:22,064] {dag.py:2937} INFO - Setting next_dagrun for example_trigger_controller_dag to 2021-01-01T00:00:00+00:00
[2022-06-12 14:18:22,087] {processor.py:171} INFO - Processing /home/saba/airflow_venv/airflow_venv/lib/python3.6/site-packages/airflow/example_dags/example_trigger_controller_dag.py took 0.109 seconds
[2022-06-12 14:19:01,486] {processor.py:163} INFO - Started process (PID=4325) to work on /home/saba/airflow_venv/airflow_venv/lib/python3.6/site-packages/airflow/example_dags/example_trigger_controller_dag.py
[2022-06-12 14:19:01,497] {processor.py:642} INFO - Processing file /home/saba/airflow_venv/airflow_venv/lib/python3.6/site-packages/airflow/example_dags/example_trigger_controller_dag.py for tasks to queue
[2022-06-12 14:19:01,498] {logging_mixin.py:109} INFO - [2022-06-12 14:19:01,498] {dagbag.py:500} INFO - Filling up the DagBag from /home/saba/airflow_venv/airflow_venv/lib/python3.6/site-packages/airflow/example_dags/example_trigger_controller_dag.py
[2022-06-12 14:19:01,535] {processor.py:652} INFO - DAG(s) dict_keys(['example_trigger_controller_dag']) retrieved from /home/saba/airflow_venv/airflow_venv/lib/python3.6/site-packages/airflow/example_dags/example_trigger_controller_dag.py
[2022-06-12 14:19:01,570] {logging_mixin.py:109} INFO - [2022-06-12 14:19:01,569] {dag.py:2398} INFO - Sync 1 DAGs
[2022-06-12 14:19:01,611] {logging_mixin.py:109} INFO - [2022-06-12 14:19:01,610] {dag.py:2937} INFO - Setting next_dagrun for example_trigger_controller_dag to 2021-01-01T00:00:00+00:00
[2022-06-12 14:19:01,645] {processor.py:171} INFO - Processing /home/saba/airflow_venv/airflow_venv/lib/python3.6/site-packages/airflow/example_dags/example_trigger_controller_dag.py took 0.164 seconds
