[2022-06-12 14:12:00,036] {processor.py:163} INFO - Started process (PID=4013) to work on /home/saba/airflow_venv/airflow_venv/lib/python3.6/site-packages/airflow/example_dags/example_sla_dag.py
[2022-06-12 14:12:00,040] {processor.py:642} INFO - Processing file /home/saba/airflow_venv/airflow_venv/lib/python3.6/site-packages/airflow/example_dags/example_sla_dag.py for tasks to queue
[2022-06-12 14:12:00,054] {logging_mixin.py:109} INFO - [2022-06-12 14:12:00,053] {dagbag.py:500} INFO - Filling up the DagBag from /home/saba/airflow_venv/airflow_venv/lib/python3.6/site-packages/airflow/example_dags/example_sla_dag.py
[2022-06-12 14:12:00,251] {processor.py:652} INFO - DAG(s) dict_keys(['example_sla_dag']) retrieved from /home/saba/airflow_venv/airflow_venv/lib/python3.6/site-packages/airflow/example_dags/example_sla_dag.py
[2022-06-12 14:12:00,332] {logging_mixin.py:109} INFO - [2022-06-12 14:12:00,331] {dag.py:2398} INFO - Sync 1 DAGs
[2022-06-12 14:12:00,514] {logging_mixin.py:109} INFO - [2022-06-12 14:12:00,513] {dag.py:2937} INFO - Setting next_dagrun for example_sla_dag to 2022-06-12T12:10:00+00:00
[2022-06-12 14:12:00,601] {processor.py:171} INFO - Processing /home/saba/airflow_venv/airflow_venv/lib/python3.6/site-packages/airflow/example_dags/example_sla_dag.py took 0.593 seconds
[2022-06-12 14:13:13,772] {processor.py:163} INFO - Started process (PID=4051) to work on /home/saba/airflow_venv/airflow_venv/lib/python3.6/site-packages/airflow/example_dags/example_sla_dag.py
[2022-06-12 14:13:13,781] {processor.py:642} INFO - Processing file /home/saba/airflow_venv/airflow_venv/lib/python3.6/site-packages/airflow/example_dags/example_sla_dag.py for tasks to queue
[2022-06-12 14:13:13,785] {logging_mixin.py:109} INFO - [2022-06-12 14:13:13,784] {dagbag.py:500} INFO - Filling up the DagBag from /home/saba/airflow_venv/airflow_venv/lib/python3.6/site-packages/airflow/example_dags/example_sla_dag.py
[2022-06-12 14:13:13,889] {processor.py:652} INFO - DAG(s) dict_keys(['example_sla_dag']) retrieved from /home/saba/airflow_venv/airflow_venv/lib/python3.6/site-packages/airflow/example_dags/example_sla_dag.py
[2022-06-12 14:13:13,952] {logging_mixin.py:109} INFO - [2022-06-12 14:13:13,952] {dag.py:2398} INFO - Sync 1 DAGs
[2022-06-12 14:13:14,070] {logging_mixin.py:109} INFO - [2022-06-12 14:13:14,070] {dag.py:2937} INFO - Setting next_dagrun for example_sla_dag to 2022-06-12T12:10:00+00:00
[2022-06-12 14:13:14,112] {processor.py:171} INFO - Processing /home/saba/airflow_venv/airflow_venv/lib/python3.6/site-packages/airflow/example_dags/example_sla_dag.py took 0.350 seconds
[2022-06-12 14:13:56,574] {processor.py:163} INFO - Started process (PID=4084) to work on /home/saba/airflow_venv/airflow_venv/lib/python3.6/site-packages/airflow/example_dags/example_sla_dag.py
[2022-06-12 14:13:56,582] {processor.py:642} INFO - Processing file /home/saba/airflow_venv/airflow_venv/lib/python3.6/site-packages/airflow/example_dags/example_sla_dag.py for tasks to queue
[2022-06-12 14:13:56,586] {logging_mixin.py:109} INFO - [2022-06-12 14:13:56,585] {dagbag.py:500} INFO - Filling up the DagBag from /home/saba/airflow_venv/airflow_venv/lib/python3.6/site-packages/airflow/example_dags/example_sla_dag.py
[2022-06-12 14:13:56,675] {processor.py:652} INFO - DAG(s) dict_keys(['example_sla_dag']) retrieved from /home/saba/airflow_venv/airflow_venv/lib/python3.6/site-packages/airflow/example_dags/example_sla_dag.py
[2022-06-12 14:13:56,720] {logging_mixin.py:109} INFO - [2022-06-12 14:13:56,720] {dag.py:2398} INFO - Sync 1 DAGs
[2022-06-12 14:13:56,788] {logging_mixin.py:109} INFO - [2022-06-12 14:13:56,787] {dag.py:2937} INFO - Setting next_dagrun for example_sla_dag to 2022-06-12T12:10:00+00:00
[2022-06-12 14:13:56,819] {processor.py:171} INFO - Processing /home/saba/airflow_venv/airflow_venv/lib/python3.6/site-packages/airflow/example_dags/example_sla_dag.py took 0.254 seconds
[2022-06-12 14:14:36,925] {processor.py:163} INFO - Started process (PID=4118) to work on /home/saba/airflow_venv/airflow_venv/lib/python3.6/site-packages/airflow/example_dags/example_sla_dag.py
[2022-06-12 14:14:36,927] {processor.py:642} INFO - Processing file /home/saba/airflow_venv/airflow_venv/lib/python3.6/site-packages/airflow/example_dags/example_sla_dag.py for tasks to queue
[2022-06-12 14:14:36,928] {logging_mixin.py:109} INFO - [2022-06-12 14:14:36,928] {dagbag.py:500} INFO - Filling up the DagBag from /home/saba/airflow_venv/airflow_venv/lib/python3.6/site-packages/airflow/example_dags/example_sla_dag.py
[2022-06-12 14:14:36,956] {processor.py:652} INFO - DAG(s) dict_keys(['example_sla_dag']) retrieved from /home/saba/airflow_venv/airflow_venv/lib/python3.6/site-packages/airflow/example_dags/example_sla_dag.py
[2022-06-12 14:14:36,972] {logging_mixin.py:109} INFO - [2022-06-12 14:14:36,972] {dag.py:2398} INFO - Sync 1 DAGs
[2022-06-12 14:14:36,997] {logging_mixin.py:109} INFO - [2022-06-12 14:14:36,996] {dag.py:2937} INFO - Setting next_dagrun for example_sla_dag to 2022-06-12T12:12:00+00:00
[2022-06-12 14:14:37,013] {processor.py:171} INFO - Processing /home/saba/airflow_venv/airflow_venv/lib/python3.6/site-packages/airflow/example_dags/example_sla_dag.py took 0.092 seconds
[2022-06-12 14:15:12,356] {processor.py:163} INFO - Started process (PID=4152) to work on /home/saba/airflow_venv/airflow_venv/lib/python3.6/site-packages/airflow/example_dags/example_sla_dag.py
[2022-06-12 14:15:12,358] {processor.py:642} INFO - Processing file /home/saba/airflow_venv/airflow_venv/lib/python3.6/site-packages/airflow/example_dags/example_sla_dag.py for tasks to queue
[2022-06-12 14:15:12,359] {logging_mixin.py:109} INFO - [2022-06-12 14:15:12,358] {dagbag.py:500} INFO - Filling up the DagBag from /home/saba/airflow_venv/airflow_venv/lib/python3.6/site-packages/airflow/example_dags/example_sla_dag.py
[2022-06-12 14:15:12,393] {processor.py:652} INFO - DAG(s) dict_keys(['example_sla_dag']) retrieved from /home/saba/airflow_venv/airflow_venv/lib/python3.6/site-packages/airflow/example_dags/example_sla_dag.py
[2022-06-12 14:15:12,413] {logging_mixin.py:109} INFO - [2022-06-12 14:15:12,413] {dag.py:2398} INFO - Sync 1 DAGs
[2022-06-12 14:15:12,443] {logging_mixin.py:109} INFO - [2022-06-12 14:15:12,442] {dag.py:2937} INFO - Setting next_dagrun for example_sla_dag to 2022-06-12T12:12:00+00:00
[2022-06-12 14:15:12,463] {processor.py:171} INFO - Processing /home/saba/airflow_venv/airflow_venv/lib/python3.6/site-packages/airflow/example_dags/example_sla_dag.py took 0.112 seconds
[2022-06-12 14:15:56,187] {processor.py:163} INFO - Started process (PID=4189) to work on /home/saba/airflow_venv/airflow_venv/lib/python3.6/site-packages/airflow/example_dags/example_sla_dag.py
[2022-06-12 14:15:56,190] {processor.py:642} INFO - Processing file /home/saba/airflow_venv/airflow_venv/lib/python3.6/site-packages/airflow/example_dags/example_sla_dag.py for tasks to queue
[2022-06-12 14:15:56,192] {logging_mixin.py:109} INFO - [2022-06-12 14:15:56,192] {dagbag.py:500} INFO - Filling up the DagBag from /home/saba/airflow_venv/airflow_venv/lib/python3.6/site-packages/airflow/example_dags/example_sla_dag.py
[2022-06-12 14:15:56,262] {processor.py:652} INFO - DAG(s) dict_keys(['example_sla_dag']) retrieved from /home/saba/airflow_venv/airflow_venv/lib/python3.6/site-packages/airflow/example_dags/example_sla_dag.py
[2022-06-12 14:15:56,313] {logging_mixin.py:109} INFO - [2022-06-12 14:15:56,313] {dag.py:2398} INFO - Sync 1 DAGs
[2022-06-12 14:15:56,398] {logging_mixin.py:109} INFO - [2022-06-12 14:15:56,397] {dag.py:2937} INFO - Setting next_dagrun for example_sla_dag to 2022-06-12T12:12:00+00:00
[2022-06-12 14:15:56,433] {processor.py:171} INFO - Processing /home/saba/airflow_venv/airflow_venv/lib/python3.6/site-packages/airflow/example_dags/example_sla_dag.py took 0.254 seconds
[2022-06-12 14:16:37,845] {processor.py:163} INFO - Started process (PID=4222) to work on /home/saba/airflow_venv/airflow_venv/lib/python3.6/site-packages/airflow/example_dags/example_sla_dag.py
[2022-06-12 14:16:37,849] {processor.py:642} INFO - Processing file /home/saba/airflow_venv/airflow_venv/lib/python3.6/site-packages/airflow/example_dags/example_sla_dag.py for tasks to queue
[2022-06-12 14:16:37,851] {logging_mixin.py:109} INFO - [2022-06-12 14:16:37,851] {dagbag.py:500} INFO - Filling up the DagBag from /home/saba/airflow_venv/airflow_venv/lib/python3.6/site-packages/airflow/example_dags/example_sla_dag.py
[2022-06-12 14:16:37,941] {processor.py:652} INFO - DAG(s) dict_keys(['example_sla_dag']) retrieved from /home/saba/airflow_venv/airflow_venv/lib/python3.6/site-packages/airflow/example_dags/example_sla_dag.py
[2022-06-12 14:16:37,987] {logging_mixin.py:109} INFO - [2022-06-12 14:16:37,987] {dag.py:2398} INFO - Sync 1 DAGs
[2022-06-12 14:16:38,060] {logging_mixin.py:109} INFO - [2022-06-12 14:16:38,060] {dag.py:2937} INFO - Setting next_dagrun for example_sla_dag to 2022-06-12T12:14:00+00:00
[2022-06-12 14:16:38,101] {processor.py:171} INFO - Processing /home/saba/airflow_venv/airflow_venv/lib/python3.6/site-packages/airflow/example_dags/example_sla_dag.py took 0.269 seconds
[2022-06-12 14:17:25,720] {processor.py:163} INFO - Started process (PID=4257) to work on /home/saba/airflow_venv/airflow_venv/lib/python3.6/site-packages/airflow/example_dags/example_sla_dag.py
[2022-06-12 14:17:25,724] {processor.py:642} INFO - Processing file /home/saba/airflow_venv/airflow_venv/lib/python3.6/site-packages/airflow/example_dags/example_sla_dag.py for tasks to queue
[2022-06-12 14:17:25,726] {logging_mixin.py:109} INFO - [2022-06-12 14:17:25,726] {dagbag.py:500} INFO - Filling up the DagBag from /home/saba/airflow_venv/airflow_venv/lib/python3.6/site-packages/airflow/example_dags/example_sla_dag.py
[2022-06-12 14:17:25,789] {processor.py:652} INFO - DAG(s) dict_keys(['example_sla_dag']) retrieved from /home/saba/airflow_venv/airflow_venv/lib/python3.6/site-packages/airflow/example_dags/example_sla_dag.py
[2022-06-12 14:17:25,820] {logging_mixin.py:109} INFO - [2022-06-12 14:17:25,819] {dag.py:2398} INFO - Sync 1 DAGs
[2022-06-12 14:17:25,869] {logging_mixin.py:109} INFO - [2022-06-12 14:17:25,869] {dag.py:2937} INFO - Setting next_dagrun for example_sla_dag to 2022-06-12T12:14:00+00:00
[2022-06-12 14:17:25,901] {processor.py:171} INFO - Processing /home/saba/airflow_venv/airflow_venv/lib/python3.6/site-packages/airflow/example_dags/example_sla_dag.py took 0.189 seconds
[2022-06-12 14:18:12,017] {processor.py:163} INFO - Started process (PID=4292) to work on /home/saba/airflow_venv/airflow_venv/lib/python3.6/site-packages/airflow/example_dags/example_sla_dag.py
[2022-06-12 14:18:12,022] {processor.py:642} INFO - Processing file /home/saba/airflow_venv/airflow_venv/lib/python3.6/site-packages/airflow/example_dags/example_sla_dag.py for tasks to queue
[2022-06-12 14:18:12,024] {logging_mixin.py:109} INFO - [2022-06-12 14:18:12,024] {dagbag.py:500} INFO - Filling up the DagBag from /home/saba/airflow_venv/airflow_venv/lib/python3.6/site-packages/airflow/example_dags/example_sla_dag.py
[2022-06-12 14:18:12,132] {processor.py:652} INFO - DAG(s) dict_keys(['example_sla_dag']) retrieved from /home/saba/airflow_venv/airflow_venv/lib/python3.6/site-packages/airflow/example_dags/example_sla_dag.py
[2022-06-12 14:18:12,205] {logging_mixin.py:109} INFO - [2022-06-12 14:18:12,204] {dag.py:2398} INFO - Sync 1 DAGs
[2022-06-12 14:18:12,297] {logging_mixin.py:109} INFO - [2022-06-12 14:18:12,296] {dag.py:2937} INFO - Setting next_dagrun for example_sla_dag to 2022-06-12T12:16:00+00:00
[2022-06-12 14:18:12,340] {processor.py:171} INFO - Processing /home/saba/airflow_venv/airflow_venv/lib/python3.6/site-packages/airflow/example_dags/example_sla_dag.py took 0.332 seconds
[2022-06-12 14:19:10,787] {processor.py:163} INFO - Started process (PID=4332) to work on /home/saba/airflow_venv/airflow_venv/lib/python3.6/site-packages/airflow/example_dags/example_sla_dag.py
[2022-06-12 14:19:10,791] {processor.py:642} INFO - Processing file /home/saba/airflow_venv/airflow_venv/lib/python3.6/site-packages/airflow/example_dags/example_sla_dag.py for tasks to queue
[2022-06-12 14:19:10,793] {logging_mixin.py:109} INFO - [2022-06-12 14:19:10,793] {dagbag.py:500} INFO - Filling up the DagBag from /home/saba/airflow_venv/airflow_venv/lib/python3.6/site-packages/airflow/example_dags/example_sla_dag.py
[2022-06-12 14:19:10,898] {processor.py:652} INFO - DAG(s) dict_keys(['example_sla_dag']) retrieved from /home/saba/airflow_venv/airflow_venv/lib/python3.6/site-packages/airflow/example_dags/example_sla_dag.py
[2022-06-12 14:19:10,963] {logging_mixin.py:109} INFO - [2022-06-12 14:19:10,962] {dag.py:2398} INFO - Sync 1 DAGs
[2022-06-12 14:19:11,079] {logging_mixin.py:109} INFO - [2022-06-12 14:19:11,078] {dag.py:2937} INFO - Setting next_dagrun for example_sla_dag to 2022-06-12T12:16:00+00:00
[2022-06-12 14:19:11,133] {processor.py:171} INFO - Processing /home/saba/airflow_venv/airflow_venv/lib/python3.6/site-packages/airflow/example_dags/example_sla_dag.py took 0.363 seconds
