[2022-06-12 14:11:10,267] {processor.py:163} INFO - Started process (PID=3993) to work on /home/saba/airflow_venv/airflow_venv/lib/python3.6/site-packages/airflow/example_dags/tutorial_etl_dag.py
[2022-06-12 14:11:10,278] {processor.py:642} INFO - Processing file /home/saba/airflow_venv/airflow_venv/lib/python3.6/site-packages/airflow/example_dags/tutorial_etl_dag.py for tasks to queue
[2022-06-12 14:11:10,280] {logging_mixin.py:109} INFO - [2022-06-12 14:11:10,279] {dagbag.py:500} INFO - Filling up the DagBag from /home/saba/airflow_venv/airflow_venv/lib/python3.6/site-packages/airflow/example_dags/tutorial_etl_dag.py
[2022-06-12 14:11:10,416] {processor.py:652} INFO - DAG(s) dict_keys(['tutorial_etl_dag']) retrieved from /home/saba/airflow_venv/airflow_venv/lib/python3.6/site-packages/airflow/example_dags/tutorial_etl_dag.py
[2022-06-12 14:11:10,539] {logging_mixin.py:109} INFO - [2022-06-12 14:11:10,539] {dag.py:2398} INFO - Sync 1 DAGs
[2022-06-12 14:11:10,670] {logging_mixin.py:109} INFO - [2022-06-12 14:11:10,670] {dag.py:2937} INFO - Setting next_dagrun for tutorial_etl_dag to None
[2022-06-12 14:11:10,913] {processor.py:171} INFO - Processing /home/saba/airflow_venv/airflow_venv/lib/python3.6/site-packages/airflow/example_dags/tutorial_etl_dag.py took 0.658 seconds
[2022-06-12 14:12:21,776] {processor.py:163} INFO - Started process (PID=4023) to work on /home/saba/airflow_venv/airflow_venv/lib/python3.6/site-packages/airflow/example_dags/tutorial_etl_dag.py
[2022-06-12 14:12:21,791] {processor.py:642} INFO - Processing file /home/saba/airflow_venv/airflow_venv/lib/python3.6/site-packages/airflow/example_dags/tutorial_etl_dag.py for tasks to queue
[2022-06-12 14:12:21,794] {logging_mixin.py:109} INFO - [2022-06-12 14:12:21,794] {dagbag.py:500} INFO - Filling up the DagBag from /home/saba/airflow_venv/airflow_venv/lib/python3.6/site-packages/airflow/example_dags/tutorial_etl_dag.py
[2022-06-12 14:12:22,010] {processor.py:652} INFO - DAG(s) dict_keys(['tutorial_etl_dag']) retrieved from /home/saba/airflow_venv/airflow_venv/lib/python3.6/site-packages/airflow/example_dags/tutorial_etl_dag.py
[2022-06-12 14:12:22,210] {logging_mixin.py:109} INFO - [2022-06-12 14:12:22,209] {dag.py:2398} INFO - Sync 1 DAGs
[2022-06-12 14:12:22,489] {logging_mixin.py:109} INFO - [2022-06-12 14:12:22,488] {dag.py:2937} INFO - Setting next_dagrun for tutorial_etl_dag to None
[2022-06-12 14:12:22,679] {processor.py:171} INFO - Processing /home/saba/airflow_venv/airflow_venv/lib/python3.6/site-packages/airflow/example_dags/tutorial_etl_dag.py took 0.933 seconds
[2022-06-12 14:13:00,934] {processor.py:163} INFO - Started process (PID=4043) to work on /home/saba/airflow_venv/airflow_venv/lib/python3.6/site-packages/airflow/example_dags/tutorial_etl_dag.py
[2022-06-12 14:13:00,939] {processor.py:642} INFO - Processing file /home/saba/airflow_venv/airflow_venv/lib/python3.6/site-packages/airflow/example_dags/tutorial_etl_dag.py for tasks to queue
[2022-06-12 14:13:00,941] {logging_mixin.py:109} INFO - [2022-06-12 14:13:00,940] {dagbag.py:500} INFO - Filling up the DagBag from /home/saba/airflow_venv/airflow_venv/lib/python3.6/site-packages/airflow/example_dags/tutorial_etl_dag.py
[2022-06-12 14:13:01,020] {processor.py:652} INFO - DAG(s) dict_keys(['tutorial_etl_dag']) retrieved from /home/saba/airflow_venv/airflow_venv/lib/python3.6/site-packages/airflow/example_dags/tutorial_etl_dag.py
[2022-06-12 14:13:01,075] {logging_mixin.py:109} INFO - [2022-06-12 14:13:01,075] {dag.py:2398} INFO - Sync 1 DAGs
[2022-06-12 14:13:01,145] {logging_mixin.py:109} INFO - [2022-06-12 14:13:01,144] {dag.py:2937} INFO - Setting next_dagrun for tutorial_etl_dag to None
[2022-06-12 14:13:01,206] {processor.py:171} INFO - Processing /home/saba/airflow_venv/airflow_venv/lib/python3.6/site-packages/airflow/example_dags/tutorial_etl_dag.py took 0.285 seconds
[2022-06-12 14:13:47,459] {processor.py:163} INFO - Started process (PID=4076) to work on /home/saba/airflow_venv/airflow_venv/lib/python3.6/site-packages/airflow/example_dags/tutorial_etl_dag.py
[2022-06-12 14:13:47,464] {processor.py:642} INFO - Processing file /home/saba/airflow_venv/airflow_venv/lib/python3.6/site-packages/airflow/example_dags/tutorial_etl_dag.py for tasks to queue
[2022-06-12 14:13:47,466] {logging_mixin.py:109} INFO - [2022-06-12 14:13:47,466] {dagbag.py:500} INFO - Filling up the DagBag from /home/saba/airflow_venv/airflow_venv/lib/python3.6/site-packages/airflow/example_dags/tutorial_etl_dag.py
[2022-06-12 14:13:47,491] {processor.py:652} INFO - DAG(s) dict_keys(['tutorial_etl_dag']) retrieved from /home/saba/airflow_venv/airflow_venv/lib/python3.6/site-packages/airflow/example_dags/tutorial_etl_dag.py
[2022-06-12 14:13:47,510] {logging_mixin.py:109} INFO - [2022-06-12 14:13:47,510] {dag.py:2398} INFO - Sync 1 DAGs
[2022-06-12 14:13:47,538] {logging_mixin.py:109} INFO - [2022-06-12 14:13:47,538] {dag.py:2937} INFO - Setting next_dagrun for tutorial_etl_dag to None
[2022-06-12 14:13:47,564] {processor.py:171} INFO - Processing /home/saba/airflow_venv/airflow_venv/lib/python3.6/site-packages/airflow/example_dags/tutorial_etl_dag.py took 0.109 seconds
[2022-06-12 14:14:22,844] {processor.py:163} INFO - Started process (PID=4106) to work on /home/saba/airflow_venv/airflow_venv/lib/python3.6/site-packages/airflow/example_dags/tutorial_etl_dag.py
[2022-06-12 14:14:22,847] {processor.py:642} INFO - Processing file /home/saba/airflow_venv/airflow_venv/lib/python3.6/site-packages/airflow/example_dags/tutorial_etl_dag.py for tasks to queue
[2022-06-12 14:14:22,849] {logging_mixin.py:109} INFO - [2022-06-12 14:14:22,849] {dagbag.py:500} INFO - Filling up the DagBag from /home/saba/airflow_venv/airflow_venv/lib/python3.6/site-packages/airflow/example_dags/tutorial_etl_dag.py
[2022-06-12 14:14:22,925] {processor.py:652} INFO - DAG(s) dict_keys(['tutorial_etl_dag']) retrieved from /home/saba/airflow_venv/airflow_venv/lib/python3.6/site-packages/airflow/example_dags/tutorial_etl_dag.py
[2022-06-12 14:14:22,990] {logging_mixin.py:109} INFO - [2022-06-12 14:14:22,989] {dag.py:2398} INFO - Sync 1 DAGs
[2022-06-12 14:14:23,044] {logging_mixin.py:109} INFO - [2022-06-12 14:14:23,044] {dag.py:2937} INFO - Setting next_dagrun for tutorial_etl_dag to None
[2022-06-12 14:14:23,078] {processor.py:171} INFO - Processing /home/saba/airflow_venv/airflow_venv/lib/python3.6/site-packages/airflow/example_dags/tutorial_etl_dag.py took 0.241 seconds
[2022-06-12 14:15:00,054] {processor.py:163} INFO - Started process (PID=4140) to work on /home/saba/airflow_venv/airflow_venv/lib/python3.6/site-packages/airflow/example_dags/tutorial_etl_dag.py
[2022-06-12 14:15:00,058] {processor.py:642} INFO - Processing file /home/saba/airflow_venv/airflow_venv/lib/python3.6/site-packages/airflow/example_dags/tutorial_etl_dag.py for tasks to queue
[2022-06-12 14:15:00,059] {logging_mixin.py:109} INFO - [2022-06-12 14:15:00,059] {dagbag.py:500} INFO - Filling up the DagBag from /home/saba/airflow_venv/airflow_venv/lib/python3.6/site-packages/airflow/example_dags/tutorial_etl_dag.py
[2022-06-12 14:15:00,088] {processor.py:652} INFO - DAG(s) dict_keys(['tutorial_etl_dag']) retrieved from /home/saba/airflow_venv/airflow_venv/lib/python3.6/site-packages/airflow/example_dags/tutorial_etl_dag.py
[2022-06-12 14:15:00,107] {logging_mixin.py:109} INFO - [2022-06-12 14:15:00,107] {dag.py:2398} INFO - Sync 1 DAGs
[2022-06-12 14:15:00,129] {logging_mixin.py:109} INFO - [2022-06-12 14:15:00,129] {dag.py:2937} INFO - Setting next_dagrun for tutorial_etl_dag to None
[2022-06-12 14:15:00,150] {processor.py:171} INFO - Processing /home/saba/airflow_venv/airflow_venv/lib/python3.6/site-packages/airflow/example_dags/tutorial_etl_dag.py took 0.100 seconds
[2022-06-12 14:15:37,173] {processor.py:163} INFO - Started process (PID=4175) to work on /home/saba/airflow_venv/airflow_venv/lib/python3.6/site-packages/airflow/example_dags/tutorial_etl_dag.py
[2022-06-12 14:15:37,174] {processor.py:642} INFO - Processing file /home/saba/airflow_venv/airflow_venv/lib/python3.6/site-packages/airflow/example_dags/tutorial_etl_dag.py for tasks to queue
[2022-06-12 14:15:37,175] {logging_mixin.py:109} INFO - [2022-06-12 14:15:37,175] {dagbag.py:500} INFO - Filling up the DagBag from /home/saba/airflow_venv/airflow_venv/lib/python3.6/site-packages/airflow/example_dags/tutorial_etl_dag.py
[2022-06-12 14:15:37,198] {processor.py:652} INFO - DAG(s) dict_keys(['tutorial_etl_dag']) retrieved from /home/saba/airflow_venv/airflow_venv/lib/python3.6/site-packages/airflow/example_dags/tutorial_etl_dag.py
[2022-06-12 14:15:37,214] {logging_mixin.py:109} INFO - [2022-06-12 14:15:37,214] {dag.py:2398} INFO - Sync 1 DAGs
[2022-06-12 14:15:37,235] {logging_mixin.py:109} INFO - [2022-06-12 14:15:37,234] {dag.py:2937} INFO - Setting next_dagrun for tutorial_etl_dag to None
[2022-06-12 14:15:37,255] {processor.py:171} INFO - Processing /home/saba/airflow_venv/airflow_venv/lib/python3.6/site-packages/airflow/example_dags/tutorial_etl_dag.py took 0.086 seconds
[2022-06-12 14:16:15,124] {processor.py:163} INFO - Started process (PID=4204) to work on /home/saba/airflow_venv/airflow_venv/lib/python3.6/site-packages/airflow/example_dags/tutorial_etl_dag.py
[2022-06-12 14:16:15,127] {processor.py:642} INFO - Processing file /home/saba/airflow_venv/airflow_venv/lib/python3.6/site-packages/airflow/example_dags/tutorial_etl_dag.py for tasks to queue
[2022-06-12 14:16:15,128] {logging_mixin.py:109} INFO - [2022-06-12 14:16:15,128] {dagbag.py:500} INFO - Filling up the DagBag from /home/saba/airflow_venv/airflow_venv/lib/python3.6/site-packages/airflow/example_dags/tutorial_etl_dag.py
[2022-06-12 14:16:15,152] {processor.py:652} INFO - DAG(s) dict_keys(['tutorial_etl_dag']) retrieved from /home/saba/airflow_venv/airflow_venv/lib/python3.6/site-packages/airflow/example_dags/tutorial_etl_dag.py
[2022-06-12 14:16:15,169] {logging_mixin.py:109} INFO - [2022-06-12 14:16:15,169] {dag.py:2398} INFO - Sync 1 DAGs
[2022-06-12 14:16:15,190] {logging_mixin.py:109} INFO - [2022-06-12 14:16:15,190] {dag.py:2937} INFO - Setting next_dagrun for tutorial_etl_dag to None
[2022-06-12 14:16:15,207] {processor.py:171} INFO - Processing /home/saba/airflow_venv/airflow_venv/lib/python3.6/site-packages/airflow/example_dags/tutorial_etl_dag.py took 0.087 seconds
[2022-06-12 14:16:58,969] {processor.py:163} INFO - Started process (PID=4237) to work on /home/saba/airflow_venv/airflow_venv/lib/python3.6/site-packages/airflow/example_dags/tutorial_etl_dag.py
[2022-06-12 14:16:58,973] {processor.py:642} INFO - Processing file /home/saba/airflow_venv/airflow_venv/lib/python3.6/site-packages/airflow/example_dags/tutorial_etl_dag.py for tasks to queue
[2022-06-12 14:16:58,975] {logging_mixin.py:109} INFO - [2022-06-12 14:16:58,975] {dagbag.py:500} INFO - Filling up the DagBag from /home/saba/airflow_venv/airflow_venv/lib/python3.6/site-packages/airflow/example_dags/tutorial_etl_dag.py
[2022-06-12 14:16:59,035] {processor.py:652} INFO - DAG(s) dict_keys(['tutorial_etl_dag']) retrieved from /home/saba/airflow_venv/airflow_venv/lib/python3.6/site-packages/airflow/example_dags/tutorial_etl_dag.py
[2022-06-12 14:16:59,082] {logging_mixin.py:109} INFO - [2022-06-12 14:16:59,082] {dag.py:2398} INFO - Sync 1 DAGs
[2022-06-12 14:16:59,131] {logging_mixin.py:109} INFO - [2022-06-12 14:16:59,131] {dag.py:2937} INFO - Setting next_dagrun for tutorial_etl_dag to None
[2022-06-12 14:16:59,169] {processor.py:171} INFO - Processing /home/saba/airflow_venv/airflow_venv/lib/python3.6/site-packages/airflow/example_dags/tutorial_etl_dag.py took 0.209 seconds
[2022-06-12 14:17:33,094] {processor.py:163} INFO - Started process (PID=4261) to work on /home/saba/airflow_venv/airflow_venv/lib/python3.6/site-packages/airflow/example_dags/tutorial_etl_dag.py
[2022-06-12 14:17:33,100] {processor.py:642} INFO - Processing file /home/saba/airflow_venv/airflow_venv/lib/python3.6/site-packages/airflow/example_dags/tutorial_etl_dag.py for tasks to queue
[2022-06-12 14:17:33,111] {logging_mixin.py:109} INFO - [2022-06-12 14:17:33,110] {dagbag.py:500} INFO - Filling up the DagBag from /home/saba/airflow_venv/airflow_venv/lib/python3.6/site-packages/airflow/example_dags/tutorial_etl_dag.py
[2022-06-12 14:17:33,220] {processor.py:652} INFO - DAG(s) dict_keys(['tutorial_etl_dag']) retrieved from /home/saba/airflow_venv/airflow_venv/lib/python3.6/site-packages/airflow/example_dags/tutorial_etl_dag.py
[2022-06-12 14:17:33,309] {logging_mixin.py:109} INFO - [2022-06-12 14:17:33,308] {dag.py:2398} INFO - Sync 1 DAGs
[2022-06-12 14:17:33,446] {logging_mixin.py:109} INFO - [2022-06-12 14:17:33,445] {dag.py:2937} INFO - Setting next_dagrun for tutorial_etl_dag to None
[2022-06-12 14:17:33,504] {processor.py:171} INFO - Processing /home/saba/airflow_venv/airflow_venv/lib/python3.6/site-packages/airflow/example_dags/tutorial_etl_dag.py took 0.425 seconds
[2022-06-12 14:18:19,530] {processor.py:163} INFO - Started process (PID=4296) to work on /home/saba/airflow_venv/airflow_venv/lib/python3.6/site-packages/airflow/example_dags/tutorial_etl_dag.py
[2022-06-12 14:18:19,534] {processor.py:642} INFO - Processing file /home/saba/airflow_venv/airflow_venv/lib/python3.6/site-packages/airflow/example_dags/tutorial_etl_dag.py for tasks to queue
[2022-06-12 14:18:19,536] {logging_mixin.py:109} INFO - [2022-06-12 14:18:19,536] {dagbag.py:500} INFO - Filling up the DagBag from /home/saba/airflow_venv/airflow_venv/lib/python3.6/site-packages/airflow/example_dags/tutorial_etl_dag.py
[2022-06-12 14:18:19,581] {processor.py:652} INFO - DAG(s) dict_keys(['tutorial_etl_dag']) retrieved from /home/saba/airflow_venv/airflow_venv/lib/python3.6/site-packages/airflow/example_dags/tutorial_etl_dag.py
[2022-06-12 14:18:19,614] {logging_mixin.py:109} INFO - [2022-06-12 14:18:19,614] {dag.py:2398} INFO - Sync 1 DAGs
[2022-06-12 14:18:19,655] {logging_mixin.py:109} INFO - [2022-06-12 14:18:19,655] {dag.py:2937} INFO - Setting next_dagrun for tutorial_etl_dag to None
[2022-06-12 14:18:19,691] {processor.py:171} INFO - Processing /home/saba/airflow_venv/airflow_venv/lib/python3.6/site-packages/airflow/example_dags/tutorial_etl_dag.py took 0.166 seconds
[2022-06-12 14:18:58,728] {processor.py:163} INFO - Started process (PID=4323) to work on /home/saba/airflow_venv/airflow_venv/lib/python3.6/site-packages/airflow/example_dags/tutorial_etl_dag.py
[2022-06-12 14:18:58,733] {processor.py:642} INFO - Processing file /home/saba/airflow_venv/airflow_venv/lib/python3.6/site-packages/airflow/example_dags/tutorial_etl_dag.py for tasks to queue
[2022-06-12 14:18:58,736] {logging_mixin.py:109} INFO - [2022-06-12 14:18:58,735] {dagbag.py:500} INFO - Filling up the DagBag from /home/saba/airflow_venv/airflow_venv/lib/python3.6/site-packages/airflow/example_dags/tutorial_etl_dag.py
[2022-06-12 14:18:58,812] {processor.py:652} INFO - DAG(s) dict_keys(['tutorial_etl_dag']) retrieved from /home/saba/airflow_venv/airflow_venv/lib/python3.6/site-packages/airflow/example_dags/tutorial_etl_dag.py
[2022-06-12 14:18:58,885] {logging_mixin.py:109} INFO - [2022-06-12 14:18:58,884] {dag.py:2398} INFO - Sync 1 DAGs
[2022-06-12 14:18:59,005] {logging_mixin.py:109} INFO - [2022-06-12 14:18:59,005] {dag.py:2937} INFO - Setting next_dagrun for tutorial_etl_dag to None
[2022-06-12 14:18:59,061] {processor.py:171} INFO - Processing /home/saba/airflow_venv/airflow_venv/lib/python3.6/site-packages/airflow/example_dags/tutorial_etl_dag.py took 0.346 seconds
