[2022-06-16 13:59:37,728] {processor.py:163} INFO - Started process (PID=629) to work on /home/saba/airflow_venv/airflow_venv/lib/python3.6/site-packages/airflow/example_dags/example_trigger_target_dag.py
[2022-06-16 13:59:37,731] {processor.py:642} INFO - Processing file /home/saba/airflow_venv/airflow_venv/lib/python3.6/site-packages/airflow/example_dags/example_trigger_target_dag.py for tasks to queue
[2022-06-16 13:59:37,734] {logging_mixin.py:109} INFO - [2022-06-16 13:59:37,733] {dagbag.py:500} INFO - Filling up the DagBag from /home/saba/airflow_venv/airflow_venv/lib/python3.6/site-packages/airflow/example_dags/example_trigger_target_dag.py
[2022-06-16 13:59:37,790] {processor.py:652} INFO - DAG(s) dict_keys(['example_trigger_target_dag']) retrieved from /home/saba/airflow_venv/airflow_venv/lib/python3.6/site-packages/airflow/example_dags/example_trigger_target_dag.py
[2022-06-16 13:59:37,841] {logging_mixin.py:109} INFO - [2022-06-16 13:59:37,840] {dag.py:2398} INFO - Sync 1 DAGs
[2022-06-16 13:59:37,894] {logging_mixin.py:109} INFO - [2022-06-16 13:59:37,894] {dag.py:2937} INFO - Setting next_dagrun for example_trigger_target_dag to None
[2022-06-16 13:59:37,929] {processor.py:171} INFO - Processing /home/saba/airflow_venv/airflow_venv/lib/python3.6/site-packages/airflow/example_dags/example_trigger_target_dag.py took 0.208 seconds
[2022-06-16 14:00:25,235] {processor.py:163} INFO - Started process (PID=860) to work on /home/saba/airflow_venv/airflow_venv/lib/python3.6/site-packages/airflow/example_dags/example_trigger_target_dag.py
[2022-06-16 14:00:25,238] {processor.py:642} INFO - Processing file /home/saba/airflow_venv/airflow_venv/lib/python3.6/site-packages/airflow/example_dags/example_trigger_target_dag.py for tasks to queue
[2022-06-16 14:00:25,239] {logging_mixin.py:109} INFO - [2022-06-16 14:00:25,239] {dagbag.py:500} INFO - Filling up the DagBag from /home/saba/airflow_venv/airflow_venv/lib/python3.6/site-packages/airflow/example_dags/example_trigger_target_dag.py
[2022-06-16 14:00:25,283] {processor.py:652} INFO - DAG(s) dict_keys(['example_trigger_target_dag']) retrieved from /home/saba/airflow_venv/airflow_venv/lib/python3.6/site-packages/airflow/example_dags/example_trigger_target_dag.py
[2022-06-16 14:00:25,326] {logging_mixin.py:109} INFO - [2022-06-16 14:00:25,326] {dag.py:2398} INFO - Sync 1 DAGs
[2022-06-16 14:00:25,370] {logging_mixin.py:109} INFO - [2022-06-16 14:00:25,370] {dag.py:2937} INFO - Setting next_dagrun for example_trigger_target_dag to None
[2022-06-16 14:00:25,404] {processor.py:171} INFO - Processing /home/saba/airflow_venv/airflow_venv/lib/python3.6/site-packages/airflow/example_dags/example_trigger_target_dag.py took 0.173 seconds
[2022-06-16 14:01:07,062] {processor.py:163} INFO - Started process (PID=1062) to work on /home/saba/airflow_venv/airflow_venv/lib/python3.6/site-packages/airflow/example_dags/example_trigger_target_dag.py
[2022-06-16 14:01:07,074] {processor.py:642} INFO - Processing file /home/saba/airflow_venv/airflow_venv/lib/python3.6/site-packages/airflow/example_dags/example_trigger_target_dag.py for tasks to queue
[2022-06-16 14:01:07,076] {logging_mixin.py:109} INFO - [2022-06-16 14:01:07,076] {dagbag.py:500} INFO - Filling up the DagBag from /home/saba/airflow_venv/airflow_venv/lib/python3.6/site-packages/airflow/example_dags/example_trigger_target_dag.py
[2022-06-16 14:01:07,136] {processor.py:652} INFO - DAG(s) dict_keys(['example_trigger_target_dag']) retrieved from /home/saba/airflow_venv/airflow_venv/lib/python3.6/site-packages/airflow/example_dags/example_trigger_target_dag.py
[2022-06-16 14:01:07,174] {logging_mixin.py:109} INFO - [2022-06-16 14:01:07,173] {dag.py:2398} INFO - Sync 1 DAGs
[2022-06-16 14:01:07,217] {logging_mixin.py:109} INFO - [2022-06-16 14:01:07,217] {dag.py:2937} INFO - Setting next_dagrun for example_trigger_target_dag to None
[2022-06-16 14:01:07,256] {processor.py:171} INFO - Processing /home/saba/airflow_venv/airflow_venv/lib/python3.6/site-packages/airflow/example_dags/example_trigger_target_dag.py took 0.199 seconds
[2022-06-16 14:01:49,438] {processor.py:163} INFO - Started process (PID=1278) to work on /home/saba/airflow_venv/airflow_venv/lib/python3.6/site-packages/airflow/example_dags/example_trigger_target_dag.py
[2022-06-16 14:01:49,451] {processor.py:642} INFO - Processing file /home/saba/airflow_venv/airflow_venv/lib/python3.6/site-packages/airflow/example_dags/example_trigger_target_dag.py for tasks to queue
[2022-06-16 14:01:49,453] {logging_mixin.py:109} INFO - [2022-06-16 14:01:49,452] {dagbag.py:500} INFO - Filling up the DagBag from /home/saba/airflow_venv/airflow_venv/lib/python3.6/site-packages/airflow/example_dags/example_trigger_target_dag.py
[2022-06-16 14:01:49,511] {processor.py:652} INFO - DAG(s) dict_keys(['example_trigger_target_dag']) retrieved from /home/saba/airflow_venv/airflow_venv/lib/python3.6/site-packages/airflow/example_dags/example_trigger_target_dag.py
[2022-06-16 14:01:49,552] {logging_mixin.py:109} INFO - [2022-06-16 14:01:49,552] {dag.py:2398} INFO - Sync 1 DAGs
[2022-06-16 14:01:49,600] {logging_mixin.py:109} INFO - [2022-06-16 14:01:49,599] {dag.py:2937} INFO - Setting next_dagrun for example_trigger_target_dag to None
[2022-06-16 14:01:49,636] {processor.py:171} INFO - Processing /home/saba/airflow_venv/airflow_venv/lib/python3.6/site-packages/airflow/example_dags/example_trigger_target_dag.py took 0.204 seconds
[2022-06-16 14:02:31,934] {processor.py:163} INFO - Started process (PID=1490) to work on /home/saba/airflow_venv/airflow_venv/lib/python3.6/site-packages/airflow/example_dags/example_trigger_target_dag.py
[2022-06-16 14:02:31,939] {processor.py:642} INFO - Processing file /home/saba/airflow_venv/airflow_venv/lib/python3.6/site-packages/airflow/example_dags/example_trigger_target_dag.py for tasks to queue
[2022-06-16 14:02:31,941] {logging_mixin.py:109} INFO - [2022-06-16 14:02:31,941] {dagbag.py:500} INFO - Filling up the DagBag from /home/saba/airflow_venv/airflow_venv/lib/python3.6/site-packages/airflow/example_dags/example_trigger_target_dag.py
[2022-06-16 14:02:32,003] {processor.py:652} INFO - DAG(s) dict_keys(['example_trigger_target_dag']) retrieved from /home/saba/airflow_venv/airflow_venv/lib/python3.6/site-packages/airflow/example_dags/example_trigger_target_dag.py
[2022-06-16 14:02:32,044] {logging_mixin.py:109} INFO - [2022-06-16 14:02:32,043] {dag.py:2398} INFO - Sync 1 DAGs
[2022-06-16 14:02:32,091] {logging_mixin.py:109} INFO - [2022-06-16 14:02:32,091] {dag.py:2937} INFO - Setting next_dagrun for example_trigger_target_dag to None
[2022-06-16 14:02:32,125] {processor.py:171} INFO - Processing /home/saba/airflow_venv/airflow_venv/lib/python3.6/site-packages/airflow/example_dags/example_trigger_target_dag.py took 0.197 seconds
[2022-06-16 14:03:16,057] {processor.py:163} INFO - Started process (PID=1699) to work on /home/saba/airflow_venv/airflow_venv/lib/python3.6/site-packages/airflow/example_dags/example_trigger_target_dag.py
[2022-06-16 14:03:16,061] {processor.py:642} INFO - Processing file /home/saba/airflow_venv/airflow_venv/lib/python3.6/site-packages/airflow/example_dags/example_trigger_target_dag.py for tasks to queue
[2022-06-16 14:03:16,063] {logging_mixin.py:109} INFO - [2022-06-16 14:03:16,063] {dagbag.py:500} INFO - Filling up the DagBag from /home/saba/airflow_venv/airflow_venv/lib/python3.6/site-packages/airflow/example_dags/example_trigger_target_dag.py
[2022-06-16 14:03:16,143] {processor.py:652} INFO - DAG(s) dict_keys(['example_trigger_target_dag']) retrieved from /home/saba/airflow_venv/airflow_venv/lib/python3.6/site-packages/airflow/example_dags/example_trigger_target_dag.py
[2022-06-16 14:03:16,188] {logging_mixin.py:109} INFO - [2022-06-16 14:03:16,187] {dag.py:2398} INFO - Sync 1 DAGs
[2022-06-16 14:03:16,240] {logging_mixin.py:109} INFO - [2022-06-16 14:03:16,240] {dag.py:2937} INFO - Setting next_dagrun for example_trigger_target_dag to None
[2022-06-16 14:03:16,277] {processor.py:171} INFO - Processing /home/saba/airflow_venv/airflow_venv/lib/python3.6/site-packages/airflow/example_dags/example_trigger_target_dag.py took 0.230 seconds
[2022-06-16 14:03:58,326] {processor.py:163} INFO - Started process (PID=1901) to work on /home/saba/airflow_venv/airflow_venv/lib/python3.6/site-packages/airflow/example_dags/example_trigger_target_dag.py
[2022-06-16 14:03:58,330] {processor.py:642} INFO - Processing file /home/saba/airflow_venv/airflow_venv/lib/python3.6/site-packages/airflow/example_dags/example_trigger_target_dag.py for tasks to queue
[2022-06-16 14:03:58,332] {logging_mixin.py:109} INFO - [2022-06-16 14:03:58,332] {dagbag.py:500} INFO - Filling up the DagBag from /home/saba/airflow_venv/airflow_venv/lib/python3.6/site-packages/airflow/example_dags/example_trigger_target_dag.py
[2022-06-16 14:03:58,409] {processor.py:652} INFO - DAG(s) dict_keys(['example_trigger_target_dag']) retrieved from /home/saba/airflow_venv/airflow_venv/lib/python3.6/site-packages/airflow/example_dags/example_trigger_target_dag.py
[2022-06-16 14:03:58,451] {logging_mixin.py:109} INFO - [2022-06-16 14:03:58,451] {dag.py:2398} INFO - Sync 1 DAGs
[2022-06-16 14:03:58,502] {logging_mixin.py:109} INFO - [2022-06-16 14:03:58,502] {dag.py:2937} INFO - Setting next_dagrun for example_trigger_target_dag to None
[2022-06-16 14:03:58,537] {processor.py:171} INFO - Processing /home/saba/airflow_venv/airflow_venv/lib/python3.6/site-packages/airflow/example_dags/example_trigger_target_dag.py took 0.220 seconds
[2022-06-16 14:04:39,915] {processor.py:163} INFO - Started process (PID=2107) to work on /home/saba/airflow_venv/airflow_venv/lib/python3.6/site-packages/airflow/example_dags/example_trigger_target_dag.py
[2022-06-16 14:04:39,919] {processor.py:642} INFO - Processing file /home/saba/airflow_venv/airflow_venv/lib/python3.6/site-packages/airflow/example_dags/example_trigger_target_dag.py for tasks to queue
[2022-06-16 14:04:39,921] {logging_mixin.py:109} INFO - [2022-06-16 14:04:39,921] {dagbag.py:500} INFO - Filling up the DagBag from /home/saba/airflow_venv/airflow_venv/lib/python3.6/site-packages/airflow/example_dags/example_trigger_target_dag.py
[2022-06-16 14:04:39,972] {processor.py:652} INFO - DAG(s) dict_keys(['example_trigger_target_dag']) retrieved from /home/saba/airflow_venv/airflow_venv/lib/python3.6/site-packages/airflow/example_dags/example_trigger_target_dag.py
[2022-06-16 14:04:40,008] {logging_mixin.py:109} INFO - [2022-06-16 14:04:40,008] {dag.py:2398} INFO - Sync 1 DAGs
[2022-06-16 14:04:40,057] {logging_mixin.py:109} INFO - [2022-06-16 14:04:40,056] {dag.py:2937} INFO - Setting next_dagrun for example_trigger_target_dag to None
[2022-06-16 14:04:40,087] {processor.py:171} INFO - Processing /home/saba/airflow_venv/airflow_venv/lib/python3.6/site-packages/airflow/example_dags/example_trigger_target_dag.py took 0.179 seconds
[2022-06-16 14:05:18,052] {processor.py:163} INFO - Started process (PID=2341) to work on /home/saba/airflow_venv/airflow_venv/lib/python3.6/site-packages/airflow/example_dags/example_trigger_target_dag.py
[2022-06-16 14:05:18,055] {processor.py:642} INFO - Processing file /home/saba/airflow_venv/airflow_venv/lib/python3.6/site-packages/airflow/example_dags/example_trigger_target_dag.py for tasks to queue
[2022-06-16 14:05:18,056] {logging_mixin.py:109} INFO - [2022-06-16 14:05:18,056] {dagbag.py:500} INFO - Filling up the DagBag from /home/saba/airflow_venv/airflow_venv/lib/python3.6/site-packages/airflow/example_dags/example_trigger_target_dag.py
[2022-06-16 14:05:18,120] {processor.py:652} INFO - DAG(s) dict_keys(['example_trigger_target_dag']) retrieved from /home/saba/airflow_venv/airflow_venv/lib/python3.6/site-packages/airflow/example_dags/example_trigger_target_dag.py
[2022-06-16 14:05:18,164] {logging_mixin.py:109} INFO - [2022-06-16 14:05:18,164] {dag.py:2398} INFO - Sync 1 DAGs
[2022-06-16 14:05:18,218] {logging_mixin.py:109} INFO - [2022-06-16 14:05:18,218] {dag.py:2937} INFO - Setting next_dagrun for example_trigger_target_dag to None
[2022-06-16 14:05:18,251] {processor.py:171} INFO - Processing /home/saba/airflow_venv/airflow_venv/lib/python3.6/site-packages/airflow/example_dags/example_trigger_target_dag.py took 0.206 seconds
[2022-06-16 14:06:02,942] {processor.py:163} INFO - Started process (PID=2541) to work on /home/saba/airflow_venv/airflow_venv/lib/python3.6/site-packages/airflow/example_dags/example_trigger_target_dag.py
[2022-06-16 14:06:02,946] {processor.py:642} INFO - Processing file /home/saba/airflow_venv/airflow_venv/lib/python3.6/site-packages/airflow/example_dags/example_trigger_target_dag.py for tasks to queue
[2022-06-16 14:06:02,948] {logging_mixin.py:109} INFO - [2022-06-16 14:06:02,947] {dagbag.py:500} INFO - Filling up the DagBag from /home/saba/airflow_venv/airflow_venv/lib/python3.6/site-packages/airflow/example_dags/example_trigger_target_dag.py
[2022-06-16 14:06:03,017] {processor.py:652} INFO - DAG(s) dict_keys(['example_trigger_target_dag']) retrieved from /home/saba/airflow_venv/airflow_venv/lib/python3.6/site-packages/airflow/example_dags/example_trigger_target_dag.py
[2022-06-16 14:06:03,064] {logging_mixin.py:109} INFO - [2022-06-16 14:06:03,063] {dag.py:2398} INFO - Sync 1 DAGs
[2022-06-16 14:06:03,123] {logging_mixin.py:109} INFO - [2022-06-16 14:06:03,123] {dag.py:2937} INFO - Setting next_dagrun for example_trigger_target_dag to None
[2022-06-16 14:06:03,163] {processor.py:171} INFO - Processing /home/saba/airflow_venv/airflow_venv/lib/python3.6/site-packages/airflow/example_dags/example_trigger_target_dag.py took 0.230 seconds
[2022-06-16 14:06:44,638] {processor.py:163} INFO - Started process (PID=2785) to work on /home/saba/airflow_venv/airflow_venv/lib/python3.6/site-packages/airflow/example_dags/example_trigger_target_dag.py
[2022-06-16 14:06:44,650] {processor.py:642} INFO - Processing file /home/saba/airflow_venv/airflow_venv/lib/python3.6/site-packages/airflow/example_dags/example_trigger_target_dag.py for tasks to queue
[2022-06-16 14:06:44,651] {logging_mixin.py:109} INFO - [2022-06-16 14:06:44,651] {dagbag.py:500} INFO - Filling up the DagBag from /home/saba/airflow_venv/airflow_venv/lib/python3.6/site-packages/airflow/example_dags/example_trigger_target_dag.py
[2022-06-16 14:06:44,693] {processor.py:652} INFO - DAG(s) dict_keys(['example_trigger_target_dag']) retrieved from /home/saba/airflow_venv/airflow_venv/lib/python3.6/site-packages/airflow/example_dags/example_trigger_target_dag.py
[2022-06-16 14:06:44,725] {logging_mixin.py:109} INFO - [2022-06-16 14:06:44,725] {dag.py:2398} INFO - Sync 1 DAGs
[2022-06-16 14:06:44,761] {logging_mixin.py:109} INFO - [2022-06-16 14:06:44,761] {dag.py:2937} INFO - Setting next_dagrun for example_trigger_target_dag to None
[2022-06-16 14:06:44,794] {processor.py:171} INFO - Processing /home/saba/airflow_venv/airflow_venv/lib/python3.6/site-packages/airflow/example_dags/example_trigger_target_dag.py took 0.162 seconds
[2022-06-16 14:07:24,384] {processor.py:163} INFO - Started process (PID=3019) to work on /home/saba/airflow_venv/airflow_venv/lib/python3.6/site-packages/airflow/example_dags/example_trigger_target_dag.py
[2022-06-16 14:07:24,389] {processor.py:642} INFO - Processing file /home/saba/airflow_venv/airflow_venv/lib/python3.6/site-packages/airflow/example_dags/example_trigger_target_dag.py for tasks to queue
[2022-06-16 14:07:24,390] {logging_mixin.py:109} INFO - [2022-06-16 14:07:24,390] {dagbag.py:500} INFO - Filling up the DagBag from /home/saba/airflow_venv/airflow_venv/lib/python3.6/site-packages/airflow/example_dags/example_trigger_target_dag.py
[2022-06-16 14:07:24,440] {processor.py:652} INFO - DAG(s) dict_keys(['example_trigger_target_dag']) retrieved from /home/saba/airflow_venv/airflow_venv/lib/python3.6/site-packages/airflow/example_dags/example_trigger_target_dag.py
[2022-06-16 14:07:24,477] {logging_mixin.py:109} INFO - [2022-06-16 14:07:24,476] {dag.py:2398} INFO - Sync 1 DAGs
[2022-06-16 14:07:24,513] {logging_mixin.py:109} INFO - [2022-06-16 14:07:24,513] {dag.py:2937} INFO - Setting next_dagrun for example_trigger_target_dag to None
[2022-06-16 14:07:24,540] {processor.py:171} INFO - Processing /home/saba/airflow_venv/airflow_venv/lib/python3.6/site-packages/airflow/example_dags/example_trigger_target_dag.py took 0.161 seconds
[2022-06-16 14:08:06,484] {processor.py:163} INFO - Started process (PID=3274) to work on /home/saba/airflow_venv/airflow_venv/lib/python3.6/site-packages/airflow/example_dags/example_trigger_target_dag.py
[2022-06-16 14:08:06,488] {processor.py:642} INFO - Processing file /home/saba/airflow_venv/airflow_venv/lib/python3.6/site-packages/airflow/example_dags/example_trigger_target_dag.py for tasks to queue
[2022-06-16 14:08:06,490] {logging_mixin.py:109} INFO - [2022-06-16 14:08:06,490] {dagbag.py:500} INFO - Filling up the DagBag from /home/saba/airflow_venv/airflow_venv/lib/python3.6/site-packages/airflow/example_dags/example_trigger_target_dag.py
[2022-06-16 14:08:06,545] {processor.py:652} INFO - DAG(s) dict_keys(['example_trigger_target_dag']) retrieved from /home/saba/airflow_venv/airflow_venv/lib/python3.6/site-packages/airflow/example_dags/example_trigger_target_dag.py
[2022-06-16 14:08:06,576] {logging_mixin.py:109} INFO - [2022-06-16 14:08:06,576] {dag.py:2398} INFO - Sync 1 DAGs
[2022-06-16 14:08:06,618] {logging_mixin.py:109} INFO - [2022-06-16 14:08:06,618] {dag.py:2937} INFO - Setting next_dagrun for example_trigger_target_dag to None
[2022-06-16 14:08:06,644] {processor.py:171} INFO - Processing /home/saba/airflow_venv/airflow_venv/lib/python3.6/site-packages/airflow/example_dags/example_trigger_target_dag.py took 0.167 seconds
[2022-06-16 14:08:47,620] {processor.py:163} INFO - Started process (PID=3508) to work on /home/saba/airflow_venv/airflow_venv/lib/python3.6/site-packages/airflow/example_dags/example_trigger_target_dag.py
[2022-06-16 14:08:47,625] {processor.py:642} INFO - Processing file /home/saba/airflow_venv/airflow_venv/lib/python3.6/site-packages/airflow/example_dags/example_trigger_target_dag.py for tasks to queue
[2022-06-16 14:08:47,626] {logging_mixin.py:109} INFO - [2022-06-16 14:08:47,626] {dagbag.py:500} INFO - Filling up the DagBag from /home/saba/airflow_venv/airflow_venv/lib/python3.6/site-packages/airflow/example_dags/example_trigger_target_dag.py
[2022-06-16 14:08:47,680] {processor.py:652} INFO - DAG(s) dict_keys(['example_trigger_target_dag']) retrieved from /home/saba/airflow_venv/airflow_venv/lib/python3.6/site-packages/airflow/example_dags/example_trigger_target_dag.py
[2022-06-16 14:08:47,710] {logging_mixin.py:109} INFO - [2022-06-16 14:08:47,710] {dag.py:2398} INFO - Sync 1 DAGs
[2022-06-16 14:08:47,755] {logging_mixin.py:109} INFO - [2022-06-16 14:08:47,754] {dag.py:2937} INFO - Setting next_dagrun for example_trigger_target_dag to None
[2022-06-16 14:08:47,784] {processor.py:171} INFO - Processing /home/saba/airflow_venv/airflow_venv/lib/python3.6/site-packages/airflow/example_dags/example_trigger_target_dag.py took 0.169 seconds
[2022-06-16 14:09:27,622] {processor.py:163} INFO - Started process (PID=3739) to work on /home/saba/airflow_venv/airflow_venv/lib/python3.6/site-packages/airflow/example_dags/example_trigger_target_dag.py
[2022-06-16 14:09:27,634] {processor.py:642} INFO - Processing file /home/saba/airflow_venv/airflow_venv/lib/python3.6/site-packages/airflow/example_dags/example_trigger_target_dag.py for tasks to queue
[2022-06-16 14:09:27,636] {logging_mixin.py:109} INFO - [2022-06-16 14:09:27,636] {dagbag.py:500} INFO - Filling up the DagBag from /home/saba/airflow_venv/airflow_venv/lib/python3.6/site-packages/airflow/example_dags/example_trigger_target_dag.py
[2022-06-16 14:09:27,678] {processor.py:652} INFO - DAG(s) dict_keys(['example_trigger_target_dag']) retrieved from /home/saba/airflow_venv/airflow_venv/lib/python3.6/site-packages/airflow/example_dags/example_trigger_target_dag.py
[2022-06-16 14:09:27,707] {logging_mixin.py:109} INFO - [2022-06-16 14:09:27,707] {dag.py:2398} INFO - Sync 1 DAGs
[2022-06-16 14:09:27,752] {logging_mixin.py:109} INFO - [2022-06-16 14:09:27,752] {dag.py:2937} INFO - Setting next_dagrun for example_trigger_target_dag to None
[2022-06-16 14:09:27,790] {processor.py:171} INFO - Processing /home/saba/airflow_venv/airflow_venv/lib/python3.6/site-packages/airflow/example_dags/example_trigger_target_dag.py took 0.173 seconds
[2022-06-16 14:10:09,135] {processor.py:163} INFO - Started process (PID=3984) to work on /home/saba/airflow_venv/airflow_venv/lib/python3.6/site-packages/airflow/example_dags/example_trigger_target_dag.py
[2022-06-16 14:10:09,138] {processor.py:642} INFO - Processing file /home/saba/airflow_venv/airflow_venv/lib/python3.6/site-packages/airflow/example_dags/example_trigger_target_dag.py for tasks to queue
[2022-06-16 14:10:09,139] {logging_mixin.py:109} INFO - [2022-06-16 14:10:09,139] {dagbag.py:500} INFO - Filling up the DagBag from /home/saba/airflow_venv/airflow_venv/lib/python3.6/site-packages/airflow/example_dags/example_trigger_target_dag.py
[2022-06-16 14:10:09,192] {processor.py:652} INFO - DAG(s) dict_keys(['example_trigger_target_dag']) retrieved from /home/saba/airflow_venv/airflow_venv/lib/python3.6/site-packages/airflow/example_dags/example_trigger_target_dag.py
[2022-06-16 14:10:09,231] {logging_mixin.py:109} INFO - [2022-06-16 14:10:09,230] {dag.py:2398} INFO - Sync 1 DAGs
[2022-06-16 14:10:09,282] {logging_mixin.py:109} INFO - [2022-06-16 14:10:09,281] {dag.py:2937} INFO - Setting next_dagrun for example_trigger_target_dag to None
[2022-06-16 14:10:09,327] {processor.py:171} INFO - Processing /home/saba/airflow_venv/airflow_venv/lib/python3.6/site-packages/airflow/example_dags/example_trigger_target_dag.py took 0.198 seconds
[2022-06-16 14:10:50,205] {processor.py:163} INFO - Started process (PID=4246) to work on /home/saba/airflow_venv/airflow_venv/lib/python3.6/site-packages/airflow/example_dags/example_trigger_target_dag.py
[2022-06-16 14:10:50,216] {processor.py:642} INFO - Processing file /home/saba/airflow_venv/airflow_venv/lib/python3.6/site-packages/airflow/example_dags/example_trigger_target_dag.py for tasks to queue
[2022-06-16 14:10:50,218] {logging_mixin.py:109} INFO - [2022-06-16 14:10:50,217] {dagbag.py:500} INFO - Filling up the DagBag from /home/saba/airflow_venv/airflow_venv/lib/python3.6/site-packages/airflow/example_dags/example_trigger_target_dag.py
[2022-06-16 14:10:50,262] {processor.py:652} INFO - DAG(s) dict_keys(['example_trigger_target_dag']) retrieved from /home/saba/airflow_venv/airflow_venv/lib/python3.6/site-packages/airflow/example_dags/example_trigger_target_dag.py
[2022-06-16 14:10:50,300] {logging_mixin.py:109} INFO - [2022-06-16 14:10:50,299] {dag.py:2398} INFO - Sync 1 DAGs
[2022-06-16 14:10:50,336] {logging_mixin.py:109} INFO - [2022-06-16 14:10:50,336] {dag.py:2937} INFO - Setting next_dagrun for example_trigger_target_dag to None
[2022-06-16 14:10:50,371] {processor.py:171} INFO - Processing /home/saba/airflow_venv/airflow_venv/lib/python3.6/site-packages/airflow/example_dags/example_trigger_target_dag.py took 0.172 seconds
[2022-06-16 14:11:29,622] {processor.py:163} INFO - Started process (PID=4471) to work on /home/saba/airflow_venv/airflow_venv/lib/python3.6/site-packages/airflow/example_dags/example_trigger_target_dag.py
[2022-06-16 14:11:29,634] {processor.py:642} INFO - Processing file /home/saba/airflow_venv/airflow_venv/lib/python3.6/site-packages/airflow/example_dags/example_trigger_target_dag.py for tasks to queue
[2022-06-16 14:11:29,635] {logging_mixin.py:109} INFO - [2022-06-16 14:11:29,635] {dagbag.py:500} INFO - Filling up the DagBag from /home/saba/airflow_venv/airflow_venv/lib/python3.6/site-packages/airflow/example_dags/example_trigger_target_dag.py
[2022-06-16 14:11:29,688] {processor.py:652} INFO - DAG(s) dict_keys(['example_trigger_target_dag']) retrieved from /home/saba/airflow_venv/airflow_venv/lib/python3.6/site-packages/airflow/example_dags/example_trigger_target_dag.py
[2022-06-16 14:11:29,719] {logging_mixin.py:109} INFO - [2022-06-16 14:11:29,719] {dag.py:2398} INFO - Sync 1 DAGs
[2022-06-16 14:11:29,759] {logging_mixin.py:109} INFO - [2022-06-16 14:11:29,759] {dag.py:2937} INFO - Setting next_dagrun for example_trigger_target_dag to None
[2022-06-16 14:11:29,798] {processor.py:171} INFO - Processing /home/saba/airflow_venv/airflow_venv/lib/python3.6/site-packages/airflow/example_dags/example_trigger_target_dag.py took 0.181 seconds
[2022-06-16 14:12:20,846] {processor.py:163} INFO - Started process (PID=4660) to work on /home/saba/airflow_venv/airflow_venv/lib/python3.6/site-packages/airflow/example_dags/example_trigger_target_dag.py
[2022-06-16 14:12:20,850] {processor.py:642} INFO - Processing file /home/saba/airflow_venv/airflow_venv/lib/python3.6/site-packages/airflow/example_dags/example_trigger_target_dag.py for tasks to queue
[2022-06-16 14:12:20,861] {logging_mixin.py:109} INFO - [2022-06-16 14:12:20,860] {dagbag.py:500} INFO - Filling up the DagBag from /home/saba/airflow_venv/airflow_venv/lib/python3.6/site-packages/airflow/example_dags/example_trigger_target_dag.py
[2022-06-16 14:12:20,963] {processor.py:652} INFO - DAG(s) dict_keys(['example_trigger_target_dag']) retrieved from /home/saba/airflow_venv/airflow_venv/lib/python3.6/site-packages/airflow/example_dags/example_trigger_target_dag.py
[2022-06-16 14:12:20,997] {logging_mixin.py:109} INFO - [2022-06-16 14:12:20,997] {dag.py:2398} INFO - Sync 1 DAGs
[2022-06-16 14:12:21,045] {logging_mixin.py:109} INFO - [2022-06-16 14:12:21,045] {dag.py:2937} INFO - Setting next_dagrun for example_trigger_target_dag to None
[2022-06-16 14:12:21,080] {processor.py:171} INFO - Processing /home/saba/airflow_venv/airflow_venv/lib/python3.6/site-packages/airflow/example_dags/example_trigger_target_dag.py took 0.247 seconds
[2022-06-16 14:13:09,072] {processor.py:163} INFO - Started process (PID=4884) to work on /home/saba/airflow_venv/airflow_venv/lib/python3.6/site-packages/airflow/example_dags/example_trigger_target_dag.py
[2022-06-16 14:13:09,077] {processor.py:642} INFO - Processing file /home/saba/airflow_venv/airflow_venv/lib/python3.6/site-packages/airflow/example_dags/example_trigger_target_dag.py for tasks to queue
[2022-06-16 14:13:09,079] {logging_mixin.py:109} INFO - [2022-06-16 14:13:09,079] {dagbag.py:500} INFO - Filling up the DagBag from /home/saba/airflow_venv/airflow_venv/lib/python3.6/site-packages/airflow/example_dags/example_trigger_target_dag.py
[2022-06-16 14:13:09,161] {processor.py:652} INFO - DAG(s) dict_keys(['example_trigger_target_dag']) retrieved from /home/saba/airflow_venv/airflow_venv/lib/python3.6/site-packages/airflow/example_dags/example_trigger_target_dag.py
[2022-06-16 14:13:09,213] {logging_mixin.py:109} INFO - [2022-06-16 14:13:09,213] {dag.py:2398} INFO - Sync 1 DAGs
[2022-06-16 14:13:09,274] {logging_mixin.py:109} INFO - [2022-06-16 14:13:09,274] {dag.py:2937} INFO - Setting next_dagrun for example_trigger_target_dag to None
[2022-06-16 14:13:09,323] {processor.py:171} INFO - Processing /home/saba/airflow_venv/airflow_venv/lib/python3.6/site-packages/airflow/example_dags/example_trigger_target_dag.py took 0.261 seconds
[2022-06-16 14:13:59,809] {processor.py:163} INFO - Started process (PID=5066) to work on /home/saba/airflow_venv/airflow_venv/lib/python3.6/site-packages/airflow/example_dags/example_trigger_target_dag.py
[2022-06-16 14:13:59,824] {processor.py:642} INFO - Processing file /home/saba/airflow_venv/airflow_venv/lib/python3.6/site-packages/airflow/example_dags/example_trigger_target_dag.py for tasks to queue
[2022-06-16 14:13:59,826] {logging_mixin.py:109} INFO - [2022-06-16 14:13:59,826] {dagbag.py:500} INFO - Filling up the DagBag from /home/saba/airflow_venv/airflow_venv/lib/python3.6/site-packages/airflow/example_dags/example_trigger_target_dag.py
[2022-06-16 14:13:59,997] {processor.py:652} INFO - DAG(s) dict_keys(['example_trigger_target_dag']) retrieved from /home/saba/airflow_venv/airflow_venv/lib/python3.6/site-packages/airflow/example_dags/example_trigger_target_dag.py
[2022-06-16 14:14:00,147] {logging_mixin.py:109} INFO - [2022-06-16 14:14:00,146] {dag.py:2398} INFO - Sync 1 DAGs
[2022-06-16 14:14:00,293] {logging_mixin.py:109} INFO - [2022-06-16 14:14:00,293] {dag.py:2937} INFO - Setting next_dagrun for example_trigger_target_dag to None
[2022-06-16 14:14:00,356] {processor.py:171} INFO - Processing /home/saba/airflow_venv/airflow_venv/lib/python3.6/site-packages/airflow/example_dags/example_trigger_target_dag.py took 0.561 seconds
[2022-06-16 14:15:01,725] {processor.py:163} INFO - Started process (PID=5256) to work on /home/saba/airflow_venv/airflow_venv/lib/python3.6/site-packages/airflow/example_dags/example_trigger_target_dag.py
[2022-06-16 14:15:01,750] {processor.py:642} INFO - Processing file /home/saba/airflow_venv/airflow_venv/lib/python3.6/site-packages/airflow/example_dags/example_trigger_target_dag.py for tasks to queue
[2022-06-16 14:15:01,765] {logging_mixin.py:109} INFO - [2022-06-16 14:15:01,763] {dagbag.py:500} INFO - Filling up the DagBag from /home/saba/airflow_venv/airflow_venv/lib/python3.6/site-packages/airflow/example_dags/example_trigger_target_dag.py
[2022-06-16 14:15:02,013] {processor.py:652} INFO - DAG(s) dict_keys(['example_trigger_target_dag']) retrieved from /home/saba/airflow_venv/airflow_venv/lib/python3.6/site-packages/airflow/example_dags/example_trigger_target_dag.py
[2022-06-16 14:15:02,116] {logging_mixin.py:109} INFO - [2022-06-16 14:15:02,115] {dag.py:2398} INFO - Sync 1 DAGs
[2022-06-16 14:15:02,538] {logging_mixin.py:109} INFO - [2022-06-16 14:15:02,537] {dag.py:2937} INFO - Setting next_dagrun for example_trigger_target_dag to None
[2022-06-16 14:15:02,616] {processor.py:171} INFO - Processing /home/saba/airflow_venv/airflow_venv/lib/python3.6/site-packages/airflow/example_dags/example_trigger_target_dag.py took 0.905 seconds
[2022-06-16 14:16:27,845] {processor.py:163} INFO - Started process (PID=7467) to work on /home/saba/airflow_venv/airflow_venv/lib/python3.6/site-packages/airflow/example_dags/example_trigger_target_dag.py
[2022-06-16 14:16:27,860] {processor.py:642} INFO - Processing file /home/saba/airflow_venv/airflow_venv/lib/python3.6/site-packages/airflow/example_dags/example_trigger_target_dag.py for tasks to queue
[2022-06-16 14:16:27,871] {logging_mixin.py:109} INFO - [2022-06-16 14:16:27,870] {dagbag.py:500} INFO - Filling up the DagBag from /home/saba/airflow_venv/airflow_venv/lib/python3.6/site-packages/airflow/example_dags/example_trigger_target_dag.py
[2022-06-16 14:16:28,046] {processor.py:652} INFO - DAG(s) dict_keys(['example_trigger_target_dag']) retrieved from /home/saba/airflow_venv/airflow_venv/lib/python3.6/site-packages/airflow/example_dags/example_trigger_target_dag.py
[2022-06-16 14:16:28,523] {logging_mixin.py:109} INFO - [2022-06-16 14:16:28,523] {dag.py:2398} INFO - Sync 1 DAGs
[2022-06-16 14:16:28,626] {logging_mixin.py:109} INFO - [2022-06-16 14:16:28,625] {dag.py:2937} INFO - Setting next_dagrun for example_trigger_target_dag to None
[2022-06-16 14:16:28,708] {processor.py:171} INFO - Processing /home/saba/airflow_venv/airflow_venv/lib/python3.6/site-packages/airflow/example_dags/example_trigger_target_dag.py took 0.882 seconds
[2022-06-16 14:17:41,571] {processor.py:163} INFO - Started process (PID=7950) to work on /home/saba/airflow_venv/airflow_venv/lib/python3.6/site-packages/airflow/example_dags/example_trigger_target_dag.py
[2022-06-16 14:17:41,576] {processor.py:642} INFO - Processing file /home/saba/airflow_venv/airflow_venv/lib/python3.6/site-packages/airflow/example_dags/example_trigger_target_dag.py for tasks to queue
[2022-06-16 14:17:41,578] {logging_mixin.py:109} INFO - [2022-06-16 14:17:41,578] {dagbag.py:500} INFO - Filling up the DagBag from /home/saba/airflow_venv/airflow_venv/lib/python3.6/site-packages/airflow/example_dags/example_trigger_target_dag.py
[2022-06-16 14:17:41,698] {processor.py:652} INFO - DAG(s) dict_keys(['example_trigger_target_dag']) retrieved from /home/saba/airflow_venv/airflow_venv/lib/python3.6/site-packages/airflow/example_dags/example_trigger_target_dag.py
[2022-06-16 14:17:42,059] {logging_mixin.py:109} INFO - [2022-06-16 14:17:42,058] {dag.py:2398} INFO - Sync 1 DAGs
[2022-06-16 14:17:42,145] {logging_mixin.py:109} INFO - [2022-06-16 14:17:42,144] {dag.py:2937} INFO - Setting next_dagrun for example_trigger_target_dag to None
[2022-06-16 14:17:42,200] {processor.py:171} INFO - Processing /home/saba/airflow_venv/airflow_venv/lib/python3.6/site-packages/airflow/example_dags/example_trigger_target_dag.py took 0.643 seconds
[2022-06-16 14:18:45,168] {processor.py:163} INFO - Started process (PID=8115) to work on /home/saba/airflow_venv/airflow_venv/lib/python3.6/site-packages/airflow/example_dags/example_trigger_target_dag.py
[2022-06-16 14:18:45,178] {processor.py:642} INFO - Processing file /home/saba/airflow_venv/airflow_venv/lib/python3.6/site-packages/airflow/example_dags/example_trigger_target_dag.py for tasks to queue
[2022-06-16 14:18:45,183] {logging_mixin.py:109} INFO - [2022-06-16 14:18:45,182] {dagbag.py:500} INFO - Filling up the DagBag from /home/saba/airflow_venv/airflow_venv/lib/python3.6/site-packages/airflow/example_dags/example_trigger_target_dag.py
[2022-06-16 14:18:45,705] {processor.py:652} INFO - DAG(s) dict_keys(['example_trigger_target_dag']) retrieved from /home/saba/airflow_venv/airflow_venv/lib/python3.6/site-packages/airflow/example_dags/example_trigger_target_dag.py
[2022-06-16 14:18:45,765] {logging_mixin.py:109} INFO - [2022-06-16 14:18:45,765] {dag.py:2398} INFO - Sync 1 DAGs
[2022-06-16 14:18:45,844] {logging_mixin.py:109} INFO - [2022-06-16 14:18:45,844] {dag.py:2937} INFO - Setting next_dagrun for example_trigger_target_dag to None
[2022-06-16 14:18:45,907] {processor.py:171} INFO - Processing /home/saba/airflow_venv/airflow_venv/lib/python3.6/site-packages/airflow/example_dags/example_trigger_target_dag.py took 0.762 seconds
[2022-06-16 14:19:42,368] {processor.py:163} INFO - Started process (PID=8584) to work on /home/saba/airflow_venv/airflow_venv/lib/python3.6/site-packages/airflow/example_dags/example_trigger_target_dag.py
[2022-06-16 14:19:42,372] {processor.py:642} INFO - Processing file /home/saba/airflow_venv/airflow_venv/lib/python3.6/site-packages/airflow/example_dags/example_trigger_target_dag.py for tasks to queue
[2022-06-16 14:19:42,375] {logging_mixin.py:109} INFO - [2022-06-16 14:19:42,374] {dagbag.py:500} INFO - Filling up the DagBag from /home/saba/airflow_venv/airflow_venv/lib/python3.6/site-packages/airflow/example_dags/example_trigger_target_dag.py
[2022-06-16 14:19:42,641] {processor.py:652} INFO - DAG(s) dict_keys(['example_trigger_target_dag']) retrieved from /home/saba/airflow_venv/airflow_venv/lib/python3.6/site-packages/airflow/example_dags/example_trigger_target_dag.py
[2022-06-16 14:19:42,683] {logging_mixin.py:109} INFO - [2022-06-16 14:19:42,683] {dag.py:2398} INFO - Sync 1 DAGs
[2022-06-16 14:19:42,749] {logging_mixin.py:109} INFO - [2022-06-16 14:19:42,749] {dag.py:2937} INFO - Setting next_dagrun for example_trigger_target_dag to None
[2022-06-16 14:19:42,811] {processor.py:171} INFO - Processing /home/saba/airflow_venv/airflow_venv/lib/python3.6/site-packages/airflow/example_dags/example_trigger_target_dag.py took 0.453 seconds
[2022-06-16 14:21:04,069] {processor.py:163} INFO - Started process (PID=8914) to work on /home/saba/airflow_venv/airflow_venv/lib/python3.6/site-packages/airflow/example_dags/example_trigger_target_dag.py
[2022-06-16 14:21:04,076] {processor.py:642} INFO - Processing file /home/saba/airflow_venv/airflow_venv/lib/python3.6/site-packages/airflow/example_dags/example_trigger_target_dag.py for tasks to queue
[2022-06-16 14:21:04,080] {logging_mixin.py:109} INFO - [2022-06-16 14:21:04,080] {dagbag.py:500} INFO - Filling up the DagBag from /home/saba/airflow_venv/airflow_venv/lib/python3.6/site-packages/airflow/example_dags/example_trigger_target_dag.py
[2022-06-16 14:21:04,488] {processor.py:652} INFO - DAG(s) dict_keys(['example_trigger_target_dag']) retrieved from /home/saba/airflow_venv/airflow_venv/lib/python3.6/site-packages/airflow/example_dags/example_trigger_target_dag.py
[2022-06-16 14:21:04,546] {logging_mixin.py:109} INFO - [2022-06-16 14:21:04,546] {dag.py:2398} INFO - Sync 1 DAGs
[2022-06-16 14:21:04,628] {logging_mixin.py:109} INFO - [2022-06-16 14:21:04,627] {dag.py:2937} INFO - Setting next_dagrun for example_trigger_target_dag to None
[2022-06-16 14:21:04,693] {processor.py:171} INFO - Processing /home/saba/airflow_venv/airflow_venv/lib/python3.6/site-packages/airflow/example_dags/example_trigger_target_dag.py took 0.635 seconds
[2022-06-16 14:22:13,599] {processor.py:163} INFO - Started process (PID=9090) to work on /home/saba/airflow_venv/airflow_venv/lib/python3.6/site-packages/airflow/example_dags/example_trigger_target_dag.py
[2022-06-16 14:22:13,607] {processor.py:642} INFO - Processing file /home/saba/airflow_venv/airflow_venv/lib/python3.6/site-packages/airflow/example_dags/example_trigger_target_dag.py for tasks to queue
[2022-06-16 14:22:13,613] {logging_mixin.py:109} INFO - [2022-06-16 14:22:13,610] {dagbag.py:500} INFO - Filling up the DagBag from /home/saba/airflow_venv/airflow_venv/lib/python3.6/site-packages/airflow/example_dags/example_trigger_target_dag.py
[2022-06-16 14:22:13,813] {processor.py:652} INFO - DAG(s) dict_keys(['example_trigger_target_dag']) retrieved from /home/saba/airflow_venv/airflow_venv/lib/python3.6/site-packages/airflow/example_dags/example_trigger_target_dag.py
[2022-06-16 14:22:13,943] {logging_mixin.py:109} INFO - [2022-06-16 14:22:13,943] {dag.py:2398} INFO - Sync 1 DAGs
[2022-06-16 14:22:14,076] {logging_mixin.py:109} INFO - [2022-06-16 14:22:14,076] {dag.py:2937} INFO - Setting next_dagrun for example_trigger_target_dag to None
[2022-06-16 14:22:14,157] {processor.py:171} INFO - Processing /home/saba/airflow_venv/airflow_venv/lib/python3.6/site-packages/airflow/example_dags/example_trigger_target_dag.py took 0.591 seconds
[2022-06-16 14:23:11,241] {processor.py:163} INFO - Started process (PID=9510) to work on /home/saba/airflow_venv/airflow_venv/lib/python3.6/site-packages/airflow/example_dags/example_trigger_target_dag.py
[2022-06-16 14:23:11,247] {processor.py:642} INFO - Processing file /home/saba/airflow_venv/airflow_venv/lib/python3.6/site-packages/airflow/example_dags/example_trigger_target_dag.py for tasks to queue
[2022-06-16 14:23:11,250] {logging_mixin.py:109} INFO - [2022-06-16 14:23:11,249] {dagbag.py:500} INFO - Filling up the DagBag from /home/saba/airflow_venv/airflow_venv/lib/python3.6/site-packages/airflow/example_dags/example_trigger_target_dag.py
[2022-06-16 14:23:11,392] {processor.py:652} INFO - DAG(s) dict_keys(['example_trigger_target_dag']) retrieved from /home/saba/airflow_venv/airflow_venv/lib/python3.6/site-packages/airflow/example_dags/example_trigger_target_dag.py
[2022-06-16 14:23:11,523] {logging_mixin.py:109} INFO - [2022-06-16 14:23:11,522] {dag.py:2398} INFO - Sync 1 DAGs
[2022-06-16 14:23:11,676] {logging_mixin.py:109} INFO - [2022-06-16 14:23:11,676] {dag.py:2937} INFO - Setting next_dagrun for example_trigger_target_dag to None
[2022-06-16 14:23:11,763] {processor.py:171} INFO - Processing /home/saba/airflow_venv/airflow_venv/lib/python3.6/site-packages/airflow/example_dags/example_trigger_target_dag.py took 0.543 seconds
[2022-06-16 14:24:05,809] {processor.py:163} INFO - Started process (PID=9676) to work on /home/saba/airflow_venv/airflow_venv/lib/python3.6/site-packages/airflow/example_dags/example_trigger_target_dag.py
[2022-06-16 14:24:05,814] {processor.py:642} INFO - Processing file /home/saba/airflow_venv/airflow_venv/lib/python3.6/site-packages/airflow/example_dags/example_trigger_target_dag.py for tasks to queue
[2022-06-16 14:24:05,816] {logging_mixin.py:109} INFO - [2022-06-16 14:24:05,815] {dagbag.py:500} INFO - Filling up the DagBag from /home/saba/airflow_venv/airflow_venv/lib/python3.6/site-packages/airflow/example_dags/example_trigger_target_dag.py
[2022-06-16 14:24:05,900] {processor.py:652} INFO - DAG(s) dict_keys(['example_trigger_target_dag']) retrieved from /home/saba/airflow_venv/airflow_venv/lib/python3.6/site-packages/airflow/example_dags/example_trigger_target_dag.py
[2022-06-16 14:24:05,957] {logging_mixin.py:109} INFO - [2022-06-16 14:24:05,956] {dag.py:2398} INFO - Sync 1 DAGs
[2022-06-16 14:24:06,037] {logging_mixin.py:109} INFO - [2022-06-16 14:24:06,037] {dag.py:2937} INFO - Setting next_dagrun for example_trigger_target_dag to None
[2022-06-16 14:24:06,089] {processor.py:171} INFO - Processing /home/saba/airflow_venv/airflow_venv/lib/python3.6/site-packages/airflow/example_dags/example_trigger_target_dag.py took 0.290 seconds
[2022-06-16 14:25:01,602] {processor.py:163} INFO - Started process (PID=10052) to work on /home/saba/airflow_venv/airflow_venv/lib/python3.6/site-packages/airflow/example_dags/example_trigger_target_dag.py
[2022-06-16 14:25:01,608] {processor.py:642} INFO - Processing file /home/saba/airflow_venv/airflow_venv/lib/python3.6/site-packages/airflow/example_dags/example_trigger_target_dag.py for tasks to queue
[2022-06-16 14:25:01,610] {logging_mixin.py:109} INFO - [2022-06-16 14:25:01,610] {dagbag.py:500} INFO - Filling up the DagBag from /home/saba/airflow_venv/airflow_venv/lib/python3.6/site-packages/airflow/example_dags/example_trigger_target_dag.py
[2022-06-16 14:25:01,703] {processor.py:652} INFO - DAG(s) dict_keys(['example_trigger_target_dag']) retrieved from /home/saba/airflow_venv/airflow_venv/lib/python3.6/site-packages/airflow/example_dags/example_trigger_target_dag.py
[2022-06-16 14:25:01,763] {logging_mixin.py:109} INFO - [2022-06-16 14:25:01,762] {dag.py:2398} INFO - Sync 1 DAGs
[2022-06-16 14:25:01,834] {logging_mixin.py:109} INFO - [2022-06-16 14:25:01,834] {dag.py:2937} INFO - Setting next_dagrun for example_trigger_target_dag to None
[2022-06-16 14:25:01,877] {processor.py:171} INFO - Processing /home/saba/airflow_venv/airflow_venv/lib/python3.6/site-packages/airflow/example_dags/example_trigger_target_dag.py took 0.284 seconds
[2022-06-16 14:26:04,148] {processor.py:163} INFO - Started process (PID=10469) to work on /home/saba/airflow_venv/airflow_venv/lib/python3.6/site-packages/airflow/example_dags/example_trigger_target_dag.py
[2022-06-16 14:26:04,163] {processor.py:642} INFO - Processing file /home/saba/airflow_venv/airflow_venv/lib/python3.6/site-packages/airflow/example_dags/example_trigger_target_dag.py for tasks to queue
[2022-06-16 14:26:04,170] {logging_mixin.py:109} INFO - [2022-06-16 14:26:04,168] {dagbag.py:500} INFO - Filling up the DagBag from /home/saba/airflow_venv/airflow_venv/lib/python3.6/site-packages/airflow/example_dags/example_trigger_target_dag.py
[2022-06-16 14:26:04,356] {processor.py:652} INFO - DAG(s) dict_keys(['example_trigger_target_dag']) retrieved from /home/saba/airflow_venv/airflow_venv/lib/python3.6/site-packages/airflow/example_dags/example_trigger_target_dag.py
[2022-06-16 14:26:04,486] {logging_mixin.py:109} INFO - [2022-06-16 14:26:04,485] {dag.py:2398} INFO - Sync 1 DAGs
[2022-06-16 14:26:04,676] {logging_mixin.py:109} INFO - [2022-06-16 14:26:04,676] {dag.py:2937} INFO - Setting next_dagrun for example_trigger_target_dag to None
[2022-06-16 14:26:04,792] {processor.py:171} INFO - Processing /home/saba/airflow_venv/airflow_venv/lib/python3.6/site-packages/airflow/example_dags/example_trigger_target_dag.py took 0.658 seconds
[2022-06-16 14:27:06,669] {processor.py:163} INFO - Started process (PID=10812) to work on /home/saba/airflow_venv/airflow_venv/lib/python3.6/site-packages/airflow/example_dags/example_trigger_target_dag.py
[2022-06-16 14:27:06,674] {processor.py:642} INFO - Processing file /home/saba/airflow_venv/airflow_venv/lib/python3.6/site-packages/airflow/example_dags/example_trigger_target_dag.py for tasks to queue
[2022-06-16 14:27:06,676] {logging_mixin.py:109} INFO - [2022-06-16 14:27:06,676] {dagbag.py:500} INFO - Filling up the DagBag from /home/saba/airflow_venv/airflow_venv/lib/python3.6/site-packages/airflow/example_dags/example_trigger_target_dag.py
[2022-06-16 14:27:06,766] {processor.py:652} INFO - DAG(s) dict_keys(['example_trigger_target_dag']) retrieved from /home/saba/airflow_venv/airflow_venv/lib/python3.6/site-packages/airflow/example_dags/example_trigger_target_dag.py
[2022-06-16 14:27:06,826] {logging_mixin.py:109} INFO - [2022-06-16 14:27:06,825] {dag.py:2398} INFO - Sync 1 DAGs
[2022-06-16 14:27:06,915] {logging_mixin.py:109} INFO - [2022-06-16 14:27:06,914] {dag.py:2937} INFO - Setting next_dagrun for example_trigger_target_dag to None
[2022-06-16 14:27:06,969] {processor.py:171} INFO - Processing /home/saba/airflow_venv/airflow_venv/lib/python3.6/site-packages/airflow/example_dags/example_trigger_target_dag.py took 0.310 seconds
[2022-06-16 14:27:57,536] {processor.py:163} INFO - Started process (PID=10984) to work on /home/saba/airflow_venv/airflow_venv/lib/python3.6/site-packages/airflow/example_dags/example_trigger_target_dag.py
[2022-06-16 14:27:57,542] {processor.py:642} INFO - Processing file /home/saba/airflow_venv/airflow_venv/lib/python3.6/site-packages/airflow/example_dags/example_trigger_target_dag.py for tasks to queue
[2022-06-16 14:27:57,545] {logging_mixin.py:109} INFO - [2022-06-16 14:27:57,544] {dagbag.py:500} INFO - Filling up the DagBag from /home/saba/airflow_venv/airflow_venv/lib/python3.6/site-packages/airflow/example_dags/example_trigger_target_dag.py
[2022-06-16 14:27:57,664] {processor.py:652} INFO - DAG(s) dict_keys(['example_trigger_target_dag']) retrieved from /home/saba/airflow_venv/airflow_venv/lib/python3.6/site-packages/airflow/example_dags/example_trigger_target_dag.py
[2022-06-16 14:27:57,737] {logging_mixin.py:109} INFO - [2022-06-16 14:27:57,736] {dag.py:2398} INFO - Sync 1 DAGs
[2022-06-16 14:27:57,821] {logging_mixin.py:109} INFO - [2022-06-16 14:27:57,820] {dag.py:2937} INFO - Setting next_dagrun for example_trigger_target_dag to None
[2022-06-16 14:27:57,877] {processor.py:171} INFO - Processing /home/saba/airflow_venv/airflow_venv/lib/python3.6/site-packages/airflow/example_dags/example_trigger_target_dag.py took 0.370 seconds
[2022-06-16 14:28:47,452] {processor.py:163} INFO - Started process (PID=11502) to work on /home/saba/airflow_venv/airflow_venv/lib/python3.6/site-packages/airflow/example_dags/example_trigger_target_dag.py
[2022-06-16 14:28:47,458] {processor.py:642} INFO - Processing file /home/saba/airflow_venv/airflow_venv/lib/python3.6/site-packages/airflow/example_dags/example_trigger_target_dag.py for tasks to queue
[2022-06-16 14:28:47,461] {logging_mixin.py:109} INFO - [2022-06-16 14:28:47,460] {dagbag.py:500} INFO - Filling up the DagBag from /home/saba/airflow_venv/airflow_venv/lib/python3.6/site-packages/airflow/example_dags/example_trigger_target_dag.py
[2022-06-16 14:28:47,547] {processor.py:652} INFO - DAG(s) dict_keys(['example_trigger_target_dag']) retrieved from /home/saba/airflow_venv/airflow_venv/lib/python3.6/site-packages/airflow/example_dags/example_trigger_target_dag.py
[2022-06-16 14:28:47,594] {logging_mixin.py:109} INFO - [2022-06-16 14:28:47,593] {dag.py:2398} INFO - Sync 1 DAGs
[2022-06-16 14:28:47,726] {logging_mixin.py:109} INFO - [2022-06-16 14:28:47,726] {dag.py:2937} INFO - Setting next_dagrun for example_trigger_target_dag to None
[2022-06-16 14:28:47,829] {processor.py:171} INFO - Processing /home/saba/airflow_venv/airflow_venv/lib/python3.6/site-packages/airflow/example_dags/example_trigger_target_dag.py took 0.389 seconds
[2022-06-16 14:29:36,365] {processor.py:163} INFO - Started process (PID=11787) to work on /home/saba/airflow_venv/airflow_venv/lib/python3.6/site-packages/airflow/example_dags/example_trigger_target_dag.py
[2022-06-16 14:29:36,370] {processor.py:642} INFO - Processing file /home/saba/airflow_venv/airflow_venv/lib/python3.6/site-packages/airflow/example_dags/example_trigger_target_dag.py for tasks to queue
[2022-06-16 14:29:36,372] {logging_mixin.py:109} INFO - [2022-06-16 14:29:36,372] {dagbag.py:500} INFO - Filling up the DagBag from /home/saba/airflow_venv/airflow_venv/lib/python3.6/site-packages/airflow/example_dags/example_trigger_target_dag.py
[2022-06-16 14:29:36,453] {processor.py:652} INFO - DAG(s) dict_keys(['example_trigger_target_dag']) retrieved from /home/saba/airflow_venv/airflow_venv/lib/python3.6/site-packages/airflow/example_dags/example_trigger_target_dag.py
[2022-06-16 14:29:36,507] {logging_mixin.py:109} INFO - [2022-06-16 14:29:36,507] {dag.py:2398} INFO - Sync 1 DAGs
[2022-06-16 14:29:36,582] {logging_mixin.py:109} INFO - [2022-06-16 14:29:36,581] {dag.py:2937} INFO - Setting next_dagrun for example_trigger_target_dag to None
[2022-06-16 14:29:36,638] {processor.py:171} INFO - Processing /home/saba/airflow_venv/airflow_venv/lib/python3.6/site-packages/airflow/example_dags/example_trigger_target_dag.py took 0.283 seconds
[2022-06-16 14:30:29,699] {processor.py:163} INFO - Started process (PID=12023) to work on /home/saba/airflow_venv/airflow_venv/lib/python3.6/site-packages/airflow/example_dags/example_trigger_target_dag.py
[2022-06-16 14:30:29,704] {processor.py:642} INFO - Processing file /home/saba/airflow_venv/airflow_venv/lib/python3.6/site-packages/airflow/example_dags/example_trigger_target_dag.py for tasks to queue
[2022-06-16 14:30:29,706] {logging_mixin.py:109} INFO - [2022-06-16 14:30:29,705] {dagbag.py:500} INFO - Filling up the DagBag from /home/saba/airflow_venv/airflow_venv/lib/python3.6/site-packages/airflow/example_dags/example_trigger_target_dag.py
[2022-06-16 14:30:29,774] {processor.py:652} INFO - DAG(s) dict_keys(['example_trigger_target_dag']) retrieved from /home/saba/airflow_venv/airflow_venv/lib/python3.6/site-packages/airflow/example_dags/example_trigger_target_dag.py
[2022-06-16 14:30:29,827] {logging_mixin.py:109} INFO - [2022-06-16 14:30:29,827] {dag.py:2398} INFO - Sync 1 DAGs
[2022-06-16 14:30:29,886] {logging_mixin.py:109} INFO - [2022-06-16 14:30:29,886] {dag.py:2937} INFO - Setting next_dagrun for example_trigger_target_dag to None
[2022-06-16 14:30:29,920] {processor.py:171} INFO - Processing /home/saba/airflow_venv/airflow_venv/lib/python3.6/site-packages/airflow/example_dags/example_trigger_target_dag.py took 0.229 seconds
[2022-06-16 14:45:52,887] {processor.py:163} INFO - Started process (PID=80) to work on /home/saba/.local/lib/python3.6/site-packages/airflow/example_dags/example_trigger_target_dag.py
[2022-06-16 14:45:52,890] {processor.py:642} INFO - Processing file /home/saba/.local/lib/python3.6/site-packages/airflow/example_dags/example_trigger_target_dag.py for tasks to queue
[2022-06-16 14:45:52,892] {logging_mixin.py:109} INFO - [2022-06-16 14:45:52,892] {dagbag.py:500} INFO - Filling up the DagBag from /home/saba/.local/lib/python3.6/site-packages/airflow/example_dags/example_trigger_target_dag.py
[2022-06-16 14:45:52,958] {processor.py:652} INFO - DAG(s) dict_keys(['example_trigger_target_dag']) retrieved from /home/saba/.local/lib/python3.6/site-packages/airflow/example_dags/example_trigger_target_dag.py
[2022-06-16 14:45:52,978] {logging_mixin.py:109} INFO - [2022-06-16 14:45:52,977] {dag.py:2398} INFO - Sync 1 DAGs
[2022-06-16 14:45:53,020] {logging_mixin.py:109} INFO - [2022-06-16 14:45:53,020] {dag.py:2937} INFO - Setting next_dagrun for example_trigger_target_dag to None
[2022-06-16 14:45:53,054] {processor.py:171} INFO - Processing /home/saba/.local/lib/python3.6/site-packages/airflow/example_dags/example_trigger_target_dag.py took 0.174 seconds
[2022-06-16 14:46:47,849] {processor.py:163} INFO - Started process (PID=146) to work on /home/saba/.local/lib/python3.6/site-packages/airflow/example_dags/example_trigger_target_dag.py
[2022-06-16 14:46:47,856] {processor.py:642} INFO - Processing file /home/saba/.local/lib/python3.6/site-packages/airflow/example_dags/example_trigger_target_dag.py for tasks to queue
[2022-06-16 14:46:47,868] {logging_mixin.py:109} INFO - [2022-06-16 14:46:47,867] {dagbag.py:500} INFO - Filling up the DagBag from /home/saba/.local/lib/python3.6/site-packages/airflow/example_dags/example_trigger_target_dag.py
[2022-06-16 14:46:48,290] {processor.py:652} INFO - DAG(s) dict_keys(['example_trigger_target_dag']) retrieved from /home/saba/.local/lib/python3.6/site-packages/airflow/example_dags/example_trigger_target_dag.py
[2022-06-16 14:46:48,709] {logging_mixin.py:109} INFO - [2022-06-16 14:46:48,709] {dag.py:2398} INFO - Sync 1 DAGs
[2022-06-16 14:46:48,831] {logging_mixin.py:109} INFO - [2022-06-16 14:46:48,831] {dag.py:2937} INFO - Setting next_dagrun for example_trigger_target_dag to None
[2022-06-16 14:46:48,972] {processor.py:171} INFO - Processing /home/saba/.local/lib/python3.6/site-packages/airflow/example_dags/example_trigger_target_dag.py took 1.148 seconds
[2022-06-16 14:47:53,131] {processor.py:163} INFO - Started process (PID=226) to work on /home/saba/.local/lib/python3.6/site-packages/airflow/example_dags/example_trigger_target_dag.py
[2022-06-16 14:47:53,137] {processor.py:642} INFO - Processing file /home/saba/.local/lib/python3.6/site-packages/airflow/example_dags/example_trigger_target_dag.py for tasks to queue
[2022-06-16 14:47:53,141] {logging_mixin.py:109} INFO - [2022-06-16 14:47:53,140] {dagbag.py:500} INFO - Filling up the DagBag from /home/saba/.local/lib/python3.6/site-packages/airflow/example_dags/example_trigger_target_dag.py
[2022-06-16 14:47:53,237] {processor.py:652} INFO - DAG(s) dict_keys(['example_trigger_target_dag']) retrieved from /home/saba/.local/lib/python3.6/site-packages/airflow/example_dags/example_trigger_target_dag.py
[2022-06-16 14:47:53,332] {logging_mixin.py:109} INFO - [2022-06-16 14:47:53,332] {dag.py:2398} INFO - Sync 1 DAGs
[2022-06-16 14:47:53,470] {logging_mixin.py:109} INFO - [2022-06-16 14:47:53,470] {dag.py:2937} INFO - Setting next_dagrun for example_trigger_target_dag to None
[2022-06-16 14:47:53,559] {processor.py:171} INFO - Processing /home/saba/.local/lib/python3.6/site-packages/airflow/example_dags/example_trigger_target_dag.py took 0.438 seconds
[2022-06-16 14:48:58,578] {processor.py:163} INFO - Started process (PID=2350) to work on /home/saba/.local/lib/python3.6/site-packages/airflow/example_dags/example_trigger_target_dag.py
[2022-06-16 14:48:58,585] {processor.py:642} INFO - Processing file /home/saba/.local/lib/python3.6/site-packages/airflow/example_dags/example_trigger_target_dag.py for tasks to queue
[2022-06-16 14:48:58,593] {logging_mixin.py:109} INFO - [2022-06-16 14:48:58,592] {dagbag.py:500} INFO - Filling up the DagBag from /home/saba/.local/lib/python3.6/site-packages/airflow/example_dags/example_trigger_target_dag.py
[2022-06-16 14:48:58,806] {processor.py:652} INFO - DAG(s) dict_keys(['example_trigger_target_dag']) retrieved from /home/saba/.local/lib/python3.6/site-packages/airflow/example_dags/example_trigger_target_dag.py
[2022-06-16 14:48:58,893] {logging_mixin.py:109} INFO - [2022-06-16 14:48:58,893] {dag.py:2398} INFO - Sync 1 DAGs
[2022-06-16 14:48:58,980] {logging_mixin.py:109} INFO - [2022-06-16 14:48:58,979] {dag.py:2937} INFO - Setting next_dagrun for example_trigger_target_dag to None
[2022-06-16 14:48:59,024] {processor.py:171} INFO - Processing /home/saba/.local/lib/python3.6/site-packages/airflow/example_dags/example_trigger_target_dag.py took 0.461 seconds
[2022-06-16 14:49:47,342] {processor.py:163} INFO - Started process (PID=2384) to work on /home/saba/.local/lib/python3.6/site-packages/airflow/example_dags/example_trigger_target_dag.py
[2022-06-16 14:49:47,345] {processor.py:642} INFO - Processing file /home/saba/.local/lib/python3.6/site-packages/airflow/example_dags/example_trigger_target_dag.py for tasks to queue
[2022-06-16 14:49:47,347] {logging_mixin.py:109} INFO - [2022-06-16 14:49:47,347] {dagbag.py:500} INFO - Filling up the DagBag from /home/saba/.local/lib/python3.6/site-packages/airflow/example_dags/example_trigger_target_dag.py
[2022-06-16 14:49:47,412] {processor.py:652} INFO - DAG(s) dict_keys(['example_trigger_target_dag']) retrieved from /home/saba/.local/lib/python3.6/site-packages/airflow/example_dags/example_trigger_target_dag.py
[2022-06-16 14:49:47,468] {logging_mixin.py:109} INFO - [2022-06-16 14:49:47,467] {dag.py:2398} INFO - Sync 1 DAGs
[2022-06-16 14:49:47,517] {logging_mixin.py:109} INFO - [2022-06-16 14:49:47,517] {dag.py:2937} INFO - Setting next_dagrun for example_trigger_target_dag to None
[2022-06-16 14:49:47,551] {processor.py:171} INFO - Processing /home/saba/.local/lib/python3.6/site-packages/airflow/example_dags/example_trigger_target_dag.py took 0.217 seconds
[2022-06-16 14:50:28,913] {processor.py:163} INFO - Started process (PID=2639) to work on /home/saba/.local/lib/python3.6/site-packages/airflow/example_dags/example_trigger_target_dag.py
[2022-06-16 14:50:28,915] {processor.py:642} INFO - Processing file /home/saba/.local/lib/python3.6/site-packages/airflow/example_dags/example_trigger_target_dag.py for tasks to queue
[2022-06-16 14:50:28,916] {logging_mixin.py:109} INFO - [2022-06-16 14:50:28,916] {dagbag.py:500} INFO - Filling up the DagBag from /home/saba/.local/lib/python3.6/site-packages/airflow/example_dags/example_trigger_target_dag.py
[2022-06-16 14:50:28,956] {processor.py:652} INFO - DAG(s) dict_keys(['example_trigger_target_dag']) retrieved from /home/saba/.local/lib/python3.6/site-packages/airflow/example_dags/example_trigger_target_dag.py
[2022-06-16 14:50:28,981] {logging_mixin.py:109} INFO - [2022-06-16 14:50:28,981] {dag.py:2398} INFO - Sync 1 DAGs
[2022-06-16 14:50:29,013] {logging_mixin.py:109} INFO - [2022-06-16 14:50:29,013] {dag.py:2937} INFO - Setting next_dagrun for example_trigger_target_dag to None
[2022-06-16 14:50:29,042] {processor.py:171} INFO - Processing /home/saba/.local/lib/python3.6/site-packages/airflow/example_dags/example_trigger_target_dag.py took 0.133 seconds
[2022-06-16 14:51:11,971] {processor.py:163} INFO - Started process (PID=2694) to work on /home/saba/.local/lib/python3.6/site-packages/airflow/example_dags/example_trigger_target_dag.py
[2022-06-16 14:51:11,980] {processor.py:642} INFO - Processing file /home/saba/.local/lib/python3.6/site-packages/airflow/example_dags/example_trigger_target_dag.py for tasks to queue
[2022-06-16 14:51:11,985] {logging_mixin.py:109} INFO - [2022-06-16 14:51:11,984] {dagbag.py:500} INFO - Filling up the DagBag from /home/saba/.local/lib/python3.6/site-packages/airflow/example_dags/example_trigger_target_dag.py
[2022-06-16 14:51:12,096] {processor.py:652} INFO - DAG(s) dict_keys(['example_trigger_target_dag']) retrieved from /home/saba/.local/lib/python3.6/site-packages/airflow/example_dags/example_trigger_target_dag.py
[2022-06-16 14:51:12,166] {logging_mixin.py:109} INFO - [2022-06-16 14:51:12,165] {dag.py:2398} INFO - Sync 1 DAGs
[2022-06-16 14:51:12,285] {logging_mixin.py:109} INFO - [2022-06-16 14:51:12,284] {dag.py:2937} INFO - Setting next_dagrun for example_trigger_target_dag to None
[2022-06-16 14:51:12,354] {processor.py:171} INFO - Processing /home/saba/.local/lib/python3.6/site-packages/airflow/example_dags/example_trigger_target_dag.py took 0.399 seconds
[2022-06-16 14:51:52,389] {processor.py:163} INFO - Started process (PID=2747) to work on /home/saba/.local/lib/python3.6/site-packages/airflow/example_dags/example_trigger_target_dag.py
[2022-06-16 14:51:52,391] {processor.py:642} INFO - Processing file /home/saba/.local/lib/python3.6/site-packages/airflow/example_dags/example_trigger_target_dag.py for tasks to queue
[2022-06-16 14:51:52,392] {logging_mixin.py:109} INFO - [2022-06-16 14:51:52,392] {dagbag.py:500} INFO - Filling up the DagBag from /home/saba/.local/lib/python3.6/site-packages/airflow/example_dags/example_trigger_target_dag.py
[2022-06-16 14:51:52,425] {processor.py:652} INFO - DAG(s) dict_keys(['example_trigger_target_dag']) retrieved from /home/saba/.local/lib/python3.6/site-packages/airflow/example_dags/example_trigger_target_dag.py
[2022-06-16 14:51:52,446] {logging_mixin.py:109} INFO - [2022-06-16 14:51:52,446] {dag.py:2398} INFO - Sync 1 DAGs
[2022-06-16 14:51:52,470] {logging_mixin.py:109} INFO - [2022-06-16 14:51:52,470] {dag.py:2937} INFO - Setting next_dagrun for example_trigger_target_dag to None
[2022-06-16 14:51:52,490] {processor.py:171} INFO - Processing /home/saba/.local/lib/python3.6/site-packages/airflow/example_dags/example_trigger_target_dag.py took 0.106 seconds
[2022-06-16 14:52:32,858] {processor.py:163} INFO - Started process (PID=2990) to work on /home/saba/.local/lib/python3.6/site-packages/airflow/example_dags/example_trigger_target_dag.py
[2022-06-16 14:52:32,861] {processor.py:642} INFO - Processing file /home/saba/.local/lib/python3.6/site-packages/airflow/example_dags/example_trigger_target_dag.py for tasks to queue
[2022-06-16 14:52:32,863] {logging_mixin.py:109} INFO - [2022-06-16 14:52:32,863] {dagbag.py:500} INFO - Filling up the DagBag from /home/saba/.local/lib/python3.6/site-packages/airflow/example_dags/example_trigger_target_dag.py
[2022-06-16 14:52:32,927] {processor.py:652} INFO - DAG(s) dict_keys(['example_trigger_target_dag']) retrieved from /home/saba/.local/lib/python3.6/site-packages/airflow/example_dags/example_trigger_target_dag.py
[2022-06-16 14:52:32,973] {logging_mixin.py:109} INFO - [2022-06-16 14:52:32,972] {dag.py:2398} INFO - Sync 1 DAGs
[2022-06-16 14:52:33,023] {logging_mixin.py:109} INFO - [2022-06-16 14:52:33,023] {dag.py:2937} INFO - Setting next_dagrun for example_trigger_target_dag to None
[2022-06-16 14:52:33,051] {processor.py:171} INFO - Processing /home/saba/.local/lib/python3.6/site-packages/airflow/example_dags/example_trigger_target_dag.py took 0.201 seconds
[2022-06-16 14:53:13,481] {processor.py:163} INFO - Started process (PID=3284) to work on /home/saba/.local/lib/python3.6/site-packages/airflow/example_dags/example_trigger_target_dag.py
[2022-06-16 14:53:13,486] {processor.py:642} INFO - Processing file /home/saba/.local/lib/python3.6/site-packages/airflow/example_dags/example_trigger_target_dag.py for tasks to queue
[2022-06-16 14:53:13,487] {logging_mixin.py:109} INFO - [2022-06-16 14:53:13,487] {dagbag.py:500} INFO - Filling up the DagBag from /home/saba/.local/lib/python3.6/site-packages/airflow/example_dags/example_trigger_target_dag.py
[2022-06-16 14:53:13,516] {processor.py:652} INFO - DAG(s) dict_keys(['example_trigger_target_dag']) retrieved from /home/saba/.local/lib/python3.6/site-packages/airflow/example_dags/example_trigger_target_dag.py
[2022-06-16 14:53:13,536] {logging_mixin.py:109} INFO - [2022-06-16 14:53:13,536] {dag.py:2398} INFO - Sync 1 DAGs
[2022-06-16 14:53:13,563] {logging_mixin.py:109} INFO - [2022-06-16 14:53:13,562] {dag.py:2937} INFO - Setting next_dagrun for example_trigger_target_dag to None
[2022-06-16 14:53:13,584] {processor.py:171} INFO - Processing /home/saba/.local/lib/python3.6/site-packages/airflow/example_dags/example_trigger_target_dag.py took 0.107 seconds
[2022-06-16 14:53:48,729] {processor.py:163} INFO - Started process (PID=3316) to work on /home/saba/.local/lib/python3.6/site-packages/airflow/example_dags/example_trigger_target_dag.py
[2022-06-16 14:53:48,732] {processor.py:642} INFO - Processing file /home/saba/.local/lib/python3.6/site-packages/airflow/example_dags/example_trigger_target_dag.py for tasks to queue
[2022-06-16 14:53:48,735] {logging_mixin.py:109} INFO - [2022-06-16 14:53:48,734] {dagbag.py:500} INFO - Filling up the DagBag from /home/saba/.local/lib/python3.6/site-packages/airflow/example_dags/example_trigger_target_dag.py
[2022-06-16 14:53:48,799] {processor.py:652} INFO - DAG(s) dict_keys(['example_trigger_target_dag']) retrieved from /home/saba/.local/lib/python3.6/site-packages/airflow/example_dags/example_trigger_target_dag.py
[2022-06-16 14:53:48,855] {logging_mixin.py:109} INFO - [2022-06-16 14:53:48,854] {dag.py:2398} INFO - Sync 1 DAGs
[2022-06-16 14:53:48,969] {logging_mixin.py:109} INFO - [2022-06-16 14:53:48,968] {dag.py:2937} INFO - Setting next_dagrun for example_trigger_target_dag to None
[2022-06-16 14:53:49,063] {processor.py:171} INFO - Processing /home/saba/.local/lib/python3.6/site-packages/airflow/example_dags/example_trigger_target_dag.py took 0.343 seconds
[2022-06-16 14:54:30,398] {processor.py:163} INFO - Started process (PID=3591) to work on /home/saba/.local/lib/python3.6/site-packages/airflow/example_dags/example_trigger_target_dag.py
[2022-06-16 14:54:30,401] {processor.py:642} INFO - Processing file /home/saba/.local/lib/python3.6/site-packages/airflow/example_dags/example_trigger_target_dag.py for tasks to queue
[2022-06-16 14:54:30,402] {logging_mixin.py:109} INFO - [2022-06-16 14:54:30,402] {dagbag.py:500} INFO - Filling up the DagBag from /home/saba/.local/lib/python3.6/site-packages/airflow/example_dags/example_trigger_target_dag.py
[2022-06-16 14:54:30,437] {processor.py:652} INFO - DAG(s) dict_keys(['example_trigger_target_dag']) retrieved from /home/saba/.local/lib/python3.6/site-packages/airflow/example_dags/example_trigger_target_dag.py
[2022-06-16 14:54:30,461] {logging_mixin.py:109} INFO - [2022-06-16 14:54:30,461] {dag.py:2398} INFO - Sync 1 DAGs
[2022-06-16 14:54:30,491] {logging_mixin.py:109} INFO - [2022-06-16 14:54:30,491] {dag.py:2937} INFO - Setting next_dagrun for example_trigger_target_dag to None
[2022-06-16 14:54:30,517] {processor.py:171} INFO - Processing /home/saba/.local/lib/python3.6/site-packages/airflow/example_dags/example_trigger_target_dag.py took 0.123 seconds
[2022-06-16 14:55:08,338] {processor.py:163} INFO - Started process (PID=3887) to work on /home/saba/.local/lib/python3.6/site-packages/airflow/example_dags/example_trigger_target_dag.py
[2022-06-16 14:55:08,340] {processor.py:642} INFO - Processing file /home/saba/.local/lib/python3.6/site-packages/airflow/example_dags/example_trigger_target_dag.py for tasks to queue
[2022-06-16 14:55:08,341] {logging_mixin.py:109} INFO - [2022-06-16 14:55:08,341] {dagbag.py:500} INFO - Filling up the DagBag from /home/saba/.local/lib/python3.6/site-packages/airflow/example_dags/example_trigger_target_dag.py
[2022-06-16 14:55:08,371] {processor.py:652} INFO - DAG(s) dict_keys(['example_trigger_target_dag']) retrieved from /home/saba/.local/lib/python3.6/site-packages/airflow/example_dags/example_trigger_target_dag.py
[2022-06-16 14:55:08,392] {logging_mixin.py:109} INFO - [2022-06-16 14:55:08,392] {dag.py:2398} INFO - Sync 1 DAGs
[2022-06-16 14:55:08,418] {logging_mixin.py:109} INFO - [2022-06-16 14:55:08,418] {dag.py:2937} INFO - Setting next_dagrun for example_trigger_target_dag to None
[2022-06-16 14:55:08,438] {processor.py:171} INFO - Processing /home/saba/.local/lib/python3.6/site-packages/airflow/example_dags/example_trigger_target_dag.py took 0.104 seconds
[2022-06-16 14:55:50,668] {processor.py:163} INFO - Started process (PID=4250) to work on /home/saba/.local/lib/python3.6/site-packages/airflow/example_dags/example_trigger_target_dag.py
[2022-06-16 14:55:50,675] {processor.py:642} INFO - Processing file /home/saba/.local/lib/python3.6/site-packages/airflow/example_dags/example_trigger_target_dag.py for tasks to queue
[2022-06-16 14:55:50,678] {logging_mixin.py:109} INFO - [2022-06-16 14:55:50,677] {dagbag.py:500} INFO - Filling up the DagBag from /home/saba/.local/lib/python3.6/site-packages/airflow/example_dags/example_trigger_target_dag.py
[2022-06-16 14:55:50,806] {processor.py:652} INFO - DAG(s) dict_keys(['example_trigger_target_dag']) retrieved from /home/saba/.local/lib/python3.6/site-packages/airflow/example_dags/example_trigger_target_dag.py
[2022-06-16 14:55:50,897] {logging_mixin.py:109} INFO - [2022-06-16 14:55:50,896] {dag.py:2398} INFO - Sync 1 DAGs
[2022-06-16 14:55:50,997] {logging_mixin.py:109} INFO - [2022-06-16 14:55:50,997] {dag.py:2937} INFO - Setting next_dagrun for example_trigger_target_dag to None
[2022-06-16 14:55:51,115] {processor.py:171} INFO - Processing /home/saba/.local/lib/python3.6/site-packages/airflow/example_dags/example_trigger_target_dag.py took 0.459 seconds
[2022-06-16 14:56:45,126] {processor.py:163} INFO - Started process (PID=4352) to work on /home/saba/.local/lib/python3.6/site-packages/airflow/example_dags/example_trigger_target_dag.py
[2022-06-16 14:56:45,129] {processor.py:642} INFO - Processing file /home/saba/.local/lib/python3.6/site-packages/airflow/example_dags/example_trigger_target_dag.py for tasks to queue
[2022-06-16 14:56:45,131] {logging_mixin.py:109} INFO - [2022-06-16 14:56:45,131] {dagbag.py:500} INFO - Filling up the DagBag from /home/saba/.local/lib/python3.6/site-packages/airflow/example_dags/example_trigger_target_dag.py
[2022-06-16 14:56:45,175] {processor.py:652} INFO - DAG(s) dict_keys(['example_trigger_target_dag']) retrieved from /home/saba/.local/lib/python3.6/site-packages/airflow/example_dags/example_trigger_target_dag.py
[2022-06-16 14:56:45,204] {logging_mixin.py:109} INFO - [2022-06-16 14:56:45,204] {dag.py:2398} INFO - Sync 1 DAGs
[2022-06-16 14:56:45,238] {logging_mixin.py:109} INFO - [2022-06-16 14:56:45,238] {dag.py:2937} INFO - Setting next_dagrun for example_trigger_target_dag to None
[2022-06-16 14:56:45,266] {processor.py:171} INFO - Processing /home/saba/.local/lib/python3.6/site-packages/airflow/example_dags/example_trigger_target_dag.py took 0.147 seconds
[2022-06-16 14:57:33,782] {processor.py:163} INFO - Started process (PID=7099) to work on /home/saba/.local/lib/python3.6/site-packages/airflow/example_dags/example_trigger_target_dag.py
[2022-06-16 14:57:33,786] {processor.py:642} INFO - Processing file /home/saba/.local/lib/python3.6/site-packages/airflow/example_dags/example_trigger_target_dag.py for tasks to queue
[2022-06-16 14:57:33,789] {logging_mixin.py:109} INFO - [2022-06-16 14:57:33,788] {dagbag.py:500} INFO - Filling up the DagBag from /home/saba/.local/lib/python3.6/site-packages/airflow/example_dags/example_trigger_target_dag.py
[2022-06-16 14:57:33,883] {processor.py:652} INFO - DAG(s) dict_keys(['example_trigger_target_dag']) retrieved from /home/saba/.local/lib/python3.6/site-packages/airflow/example_dags/example_trigger_target_dag.py
[2022-06-16 14:57:33,951] {logging_mixin.py:109} INFO - [2022-06-16 14:57:33,951] {dag.py:2398} INFO - Sync 1 DAGs
[2022-06-16 14:57:34,045] {logging_mixin.py:109} INFO - [2022-06-16 14:57:34,045] {dag.py:2937} INFO - Setting next_dagrun for example_trigger_target_dag to None
[2022-06-16 14:57:34,090] {processor.py:171} INFO - Processing /home/saba/.local/lib/python3.6/site-packages/airflow/example_dags/example_trigger_target_dag.py took 0.319 seconds
[2022-06-16 14:58:23,804] {processor.py:163} INFO - Started process (PID=8702) to work on /home/saba/.local/lib/python3.6/site-packages/airflow/example_dags/example_trigger_target_dag.py
[2022-06-16 14:58:23,809] {processor.py:642} INFO - Processing file /home/saba/.local/lib/python3.6/site-packages/airflow/example_dags/example_trigger_target_dag.py for tasks to queue
[2022-06-16 14:58:23,812] {logging_mixin.py:109} INFO - [2022-06-16 14:58:23,811] {dagbag.py:500} INFO - Filling up the DagBag from /home/saba/.local/lib/python3.6/site-packages/airflow/example_dags/example_trigger_target_dag.py
[2022-06-16 14:58:23,898] {processor.py:652} INFO - DAG(s) dict_keys(['example_trigger_target_dag']) retrieved from /home/saba/.local/lib/python3.6/site-packages/airflow/example_dags/example_trigger_target_dag.py
[2022-06-16 14:58:23,957] {logging_mixin.py:109} INFO - [2022-06-16 14:58:23,956] {dag.py:2398} INFO - Sync 1 DAGs
[2022-06-16 14:58:24,041] {logging_mixin.py:109} INFO - [2022-06-16 14:58:24,040] {dag.py:2937} INFO - Setting next_dagrun for example_trigger_target_dag to None
[2022-06-16 14:58:24,111] {processor.py:171} INFO - Processing /home/saba/.local/lib/python3.6/site-packages/airflow/example_dags/example_trigger_target_dag.py took 0.318 seconds
[2022-06-16 14:59:18,370] {processor.py:163} INFO - Started process (PID=9712) to work on /home/saba/.local/lib/python3.6/site-packages/airflow/example_dags/example_trigger_target_dag.py
[2022-06-16 14:59:18,376] {processor.py:642} INFO - Processing file /home/saba/.local/lib/python3.6/site-packages/airflow/example_dags/example_trigger_target_dag.py for tasks to queue
[2022-06-16 14:59:18,380] {logging_mixin.py:109} INFO - [2022-06-16 14:59:18,379] {dagbag.py:500} INFO - Filling up the DagBag from /home/saba/.local/lib/python3.6/site-packages/airflow/example_dags/example_trigger_target_dag.py
[2022-06-16 14:59:18,503] {processor.py:652} INFO - DAG(s) dict_keys(['example_trigger_target_dag']) retrieved from /home/saba/.local/lib/python3.6/site-packages/airflow/example_dags/example_trigger_target_dag.py
[2022-06-16 14:59:18,569] {logging_mixin.py:109} INFO - [2022-06-16 14:59:18,569] {dag.py:2398} INFO - Sync 1 DAGs
[2022-06-16 14:59:18,651] {logging_mixin.py:109} INFO - [2022-06-16 14:59:18,651] {dag.py:2937} INFO - Setting next_dagrun for example_trigger_target_dag to None
[2022-06-16 14:59:18,697] {processor.py:171} INFO - Processing /home/saba/.local/lib/python3.6/site-packages/airflow/example_dags/example_trigger_target_dag.py took 0.343 seconds
