[2022-06-16 13:59:59,392] {processor.py:163} INFO - Started process (PID=737) to work on /home/saba/airflow_venv/airflow_venv/lib/python3.6/site-packages/airflow/example_dags/example_branch_operator.py
[2022-06-16 13:59:59,396] {processor.py:642} INFO - Processing file /home/saba/airflow_venv/airflow_venv/lib/python3.6/site-packages/airflow/example_dags/example_branch_operator.py for tasks to queue
[2022-06-16 13:59:59,399] {logging_mixin.py:109} INFO - [2022-06-16 13:59:59,399] {dagbag.py:500} INFO - Filling up the DagBag from /home/saba/airflow_venv/airflow_venv/lib/python3.6/site-packages/airflow/example_dags/example_branch_operator.py
[2022-06-16 13:59:59,477] {processor.py:652} INFO - DAG(s) dict_keys(['example_branch_operator']) retrieved from /home/saba/airflow_venv/airflow_venv/lib/python3.6/site-packages/airflow/example_dags/example_branch_operator.py
[2022-06-16 13:59:59,543] {logging_mixin.py:109} INFO - [2022-06-16 13:59:59,542] {dag.py:2398} INFO - Sync 1 DAGs
[2022-06-16 13:59:59,605] {logging_mixin.py:109} INFO - [2022-06-16 13:59:59,605] {dag.py:2937} INFO - Setting next_dagrun for example_branch_operator to 2022-06-15 00:00:00+00:00
[2022-06-16 13:59:59,648] {processor.py:171} INFO - Processing /home/saba/airflow_venv/airflow_venv/lib/python3.6/site-packages/airflow/example_dags/example_branch_operator.py took 0.270 seconds
[2022-06-16 14:00:47,095] {processor.py:163} INFO - Started process (PID=972) to work on /home/saba/airflow_venv/airflow_venv/lib/python3.6/site-packages/airflow/example_dags/example_branch_operator.py
[2022-06-16 14:00:47,098] {processor.py:642} INFO - Processing file /home/saba/airflow_venv/airflow_venv/lib/python3.6/site-packages/airflow/example_dags/example_branch_operator.py for tasks to queue
[2022-06-16 14:00:47,100] {logging_mixin.py:109} INFO - [2022-06-16 14:00:47,100] {dagbag.py:500} INFO - Filling up the DagBag from /home/saba/airflow_venv/airflow_venv/lib/python3.6/site-packages/airflow/example_dags/example_branch_operator.py
[2022-06-16 14:00:47,167] {processor.py:652} INFO - DAG(s) dict_keys(['example_branch_operator']) retrieved from /home/saba/airflow_venv/airflow_venv/lib/python3.6/site-packages/airflow/example_dags/example_branch_operator.py
[2022-06-16 14:00:47,224] {logging_mixin.py:109} INFO - [2022-06-16 14:00:47,223] {dag.py:2398} INFO - Sync 1 DAGs
[2022-06-16 14:00:47,296] {logging_mixin.py:109} INFO - [2022-06-16 14:00:47,296] {dag.py:2937} INFO - Setting next_dagrun for example_branch_operator to 2022-06-15 00:00:00+00:00
[2022-06-16 14:00:47,342] {processor.py:171} INFO - Processing /home/saba/airflow_venv/airflow_venv/lib/python3.6/site-packages/airflow/example_dags/example_branch_operator.py took 0.255 seconds
[2022-06-16 14:01:27,864] {processor.py:163} INFO - Started process (PID=1169) to work on /home/saba/airflow_venv/airflow_venv/lib/python3.6/site-packages/airflow/example_dags/example_branch_operator.py
[2022-06-16 14:01:27,877] {processor.py:642} INFO - Processing file /home/saba/airflow_venv/airflow_venv/lib/python3.6/site-packages/airflow/example_dags/example_branch_operator.py for tasks to queue
[2022-06-16 14:01:27,879] {logging_mixin.py:109} INFO - [2022-06-16 14:01:27,878] {dagbag.py:500} INFO - Filling up the DagBag from /home/saba/airflow_venv/airflow_venv/lib/python3.6/site-packages/airflow/example_dags/example_branch_operator.py
[2022-06-16 14:01:27,966] {processor.py:652} INFO - DAG(s) dict_keys(['example_branch_operator']) retrieved from /home/saba/airflow_venv/airflow_venv/lib/python3.6/site-packages/airflow/example_dags/example_branch_operator.py
[2022-06-16 14:01:28,016] {logging_mixin.py:109} INFO - [2022-06-16 14:01:28,015] {dag.py:2398} INFO - Sync 1 DAGs
[2022-06-16 14:01:28,088] {logging_mixin.py:109} INFO - [2022-06-16 14:01:28,087] {dag.py:2937} INFO - Setting next_dagrun for example_branch_operator to 2022-06-15 00:00:00+00:00
[2022-06-16 14:01:28,129] {processor.py:171} INFO - Processing /home/saba/airflow_venv/airflow_venv/lib/python3.6/site-packages/airflow/example_dags/example_branch_operator.py took 0.275 seconds
[2022-06-16 14:02:11,099] {processor.py:163} INFO - Started process (PID=1387) to work on /home/saba/airflow_venv/airflow_venv/lib/python3.6/site-packages/airflow/example_dags/example_branch_operator.py
[2022-06-16 14:02:11,102] {processor.py:642} INFO - Processing file /home/saba/airflow_venv/airflow_venv/lib/python3.6/site-packages/airflow/example_dags/example_branch_operator.py for tasks to queue
[2022-06-16 14:02:11,104] {logging_mixin.py:109} INFO - [2022-06-16 14:02:11,104] {dagbag.py:500} INFO - Filling up the DagBag from /home/saba/airflow_venv/airflow_venv/lib/python3.6/site-packages/airflow/example_dags/example_branch_operator.py
[2022-06-16 14:02:11,181] {processor.py:652} INFO - DAG(s) dict_keys(['example_branch_operator']) retrieved from /home/saba/airflow_venv/airflow_venv/lib/python3.6/site-packages/airflow/example_dags/example_branch_operator.py
[2022-06-16 14:02:11,234] {logging_mixin.py:109} INFO - [2022-06-16 14:02:11,233] {dag.py:2398} INFO - Sync 1 DAGs
[2022-06-16 14:02:11,294] {logging_mixin.py:109} INFO - [2022-06-16 14:02:11,293] {dag.py:2937} INFO - Setting next_dagrun for example_branch_operator to 2022-06-15 00:00:00+00:00
[2022-06-16 14:02:11,332] {processor.py:171} INFO - Processing /home/saba/airflow_venv/airflow_venv/lib/python3.6/site-packages/airflow/example_dags/example_branch_operator.py took 0.242 seconds
[2022-06-16 14:02:53,719] {processor.py:163} INFO - Started process (PID=1596) to work on /home/saba/airflow_venv/airflow_venv/lib/python3.6/site-packages/airflow/example_dags/example_branch_operator.py
[2022-06-16 14:02:53,723] {processor.py:642} INFO - Processing file /home/saba/airflow_venv/airflow_venv/lib/python3.6/site-packages/airflow/example_dags/example_branch_operator.py for tasks to queue
[2022-06-16 14:02:53,725] {logging_mixin.py:109} INFO - [2022-06-16 14:02:53,724] {dagbag.py:500} INFO - Filling up the DagBag from /home/saba/airflow_venv/airflow_venv/lib/python3.6/site-packages/airflow/example_dags/example_branch_operator.py
[2022-06-16 14:02:53,790] {processor.py:652} INFO - DAG(s) dict_keys(['example_branch_operator']) retrieved from /home/saba/airflow_venv/airflow_venv/lib/python3.6/site-packages/airflow/example_dags/example_branch_operator.py
[2022-06-16 14:02:53,829] {logging_mixin.py:109} INFO - [2022-06-16 14:02:53,828] {dag.py:2398} INFO - Sync 1 DAGs
[2022-06-16 14:02:53,885] {logging_mixin.py:109} INFO - [2022-06-16 14:02:53,885] {dag.py:2937} INFO - Setting next_dagrun for example_branch_operator to 2022-06-15 00:00:00+00:00
[2022-06-16 14:02:53,922] {processor.py:171} INFO - Processing /home/saba/airflow_venv/airflow_venv/lib/python3.6/site-packages/airflow/example_dags/example_branch_operator.py took 0.210 seconds
[2022-06-16 14:03:38,286] {processor.py:163} INFO - Started process (PID=1802) to work on /home/saba/airflow_venv/airflow_venv/lib/python3.6/site-packages/airflow/example_dags/example_branch_operator.py
[2022-06-16 14:03:38,291] {processor.py:642} INFO - Processing file /home/saba/airflow_venv/airflow_venv/lib/python3.6/site-packages/airflow/example_dags/example_branch_operator.py for tasks to queue
[2022-06-16 14:03:38,293] {logging_mixin.py:109} INFO - [2022-06-16 14:03:38,293] {dagbag.py:500} INFO - Filling up the DagBag from /home/saba/airflow_venv/airflow_venv/lib/python3.6/site-packages/airflow/example_dags/example_branch_operator.py
[2022-06-16 14:03:38,357] {processor.py:652} INFO - DAG(s) dict_keys(['example_branch_operator']) retrieved from /home/saba/airflow_venv/airflow_venv/lib/python3.6/site-packages/airflow/example_dags/example_branch_operator.py
[2022-06-16 14:03:38,397] {logging_mixin.py:109} INFO - [2022-06-16 14:03:38,397] {dag.py:2398} INFO - Sync 1 DAGs
[2022-06-16 14:03:38,451] {logging_mixin.py:109} INFO - [2022-06-16 14:03:38,451] {dag.py:2937} INFO - Setting next_dagrun for example_branch_operator to 2022-06-15 00:00:00+00:00
[2022-06-16 14:03:38,484] {processor.py:171} INFO - Processing /home/saba/airflow_venv/airflow_venv/lib/python3.6/site-packages/airflow/example_dags/example_branch_operator.py took 0.207 seconds
[2022-06-16 14:04:19,872] {processor.py:163} INFO - Started process (PID=2006) to work on /home/saba/airflow_venv/airflow_venv/lib/python3.6/site-packages/airflow/example_dags/example_branch_operator.py
[2022-06-16 14:04:19,875] {processor.py:642} INFO - Processing file /home/saba/airflow_venv/airflow_venv/lib/python3.6/site-packages/airflow/example_dags/example_branch_operator.py for tasks to queue
[2022-06-16 14:04:19,877] {logging_mixin.py:109} INFO - [2022-06-16 14:04:19,876] {dagbag.py:500} INFO - Filling up the DagBag from /home/saba/airflow_venv/airflow_venv/lib/python3.6/site-packages/airflow/example_dags/example_branch_operator.py
[2022-06-16 14:04:19,941] {processor.py:652} INFO - DAG(s) dict_keys(['example_branch_operator']) retrieved from /home/saba/airflow_venv/airflow_venv/lib/python3.6/site-packages/airflow/example_dags/example_branch_operator.py
[2022-06-16 14:04:19,978] {logging_mixin.py:109} INFO - [2022-06-16 14:04:19,978] {dag.py:2398} INFO - Sync 1 DAGs
[2022-06-16 14:04:20,032] {logging_mixin.py:109} INFO - [2022-06-16 14:04:20,032] {dag.py:2937} INFO - Setting next_dagrun for example_branch_operator to 2022-06-15 00:00:00+00:00
[2022-06-16 14:04:20,066] {processor.py:171} INFO - Processing /home/saba/airflow_venv/airflow_venv/lib/python3.6/site-packages/airflow/example_dags/example_branch_operator.py took 0.200 seconds
[2022-06-16 14:05:00,176] {processor.py:163} INFO - Started process (PID=2231) to work on /home/saba/airflow_venv/airflow_venv/lib/python3.6/site-packages/airflow/example_dags/example_branch_operator.py
[2022-06-16 14:05:00,188] {processor.py:642} INFO - Processing file /home/saba/airflow_venv/airflow_venv/lib/python3.6/site-packages/airflow/example_dags/example_branch_operator.py for tasks to queue
[2022-06-16 14:05:00,189] {logging_mixin.py:109} INFO - [2022-06-16 14:05:00,189] {dagbag.py:500} INFO - Filling up the DagBag from /home/saba/airflow_venv/airflow_venv/lib/python3.6/site-packages/airflow/example_dags/example_branch_operator.py
[2022-06-16 14:05:00,229] {processor.py:652} INFO - DAG(s) dict_keys(['example_branch_operator']) retrieved from /home/saba/airflow_venv/airflow_venv/lib/python3.6/site-packages/airflow/example_dags/example_branch_operator.py
[2022-06-16 14:05:00,259] {logging_mixin.py:109} INFO - [2022-06-16 14:05:00,259] {dag.py:2398} INFO - Sync 1 DAGs
[2022-06-16 14:05:00,295] {logging_mixin.py:109} INFO - [2022-06-16 14:05:00,295] {dag.py:2937} INFO - Setting next_dagrun for example_branch_operator to 2022-06-15 00:00:00+00:00
[2022-06-16 14:05:00,321] {processor.py:171} INFO - Processing /home/saba/airflow_venv/airflow_venv/lib/python3.6/site-packages/airflow/example_dags/example_branch_operator.py took 0.151 seconds
[2022-06-16 14:05:40,364] {processor.py:163} INFO - Started process (PID=2445) to work on /home/saba/airflow_venv/airflow_venv/lib/python3.6/site-packages/airflow/example_dags/example_branch_operator.py
[2022-06-16 14:05:40,368] {processor.py:642} INFO - Processing file /home/saba/airflow_venv/airflow_venv/lib/python3.6/site-packages/airflow/example_dags/example_branch_operator.py for tasks to queue
[2022-06-16 14:05:40,370] {logging_mixin.py:109} INFO - [2022-06-16 14:05:40,370] {dagbag.py:500} INFO - Filling up the DagBag from /home/saba/airflow_venv/airflow_venv/lib/python3.6/site-packages/airflow/example_dags/example_branch_operator.py
[2022-06-16 14:05:40,452] {processor.py:652} INFO - DAG(s) dict_keys(['example_branch_operator']) retrieved from /home/saba/airflow_venv/airflow_venv/lib/python3.6/site-packages/airflow/example_dags/example_branch_operator.py
[2022-06-16 14:05:40,509] {logging_mixin.py:109} INFO - [2022-06-16 14:05:40,508] {dag.py:2398} INFO - Sync 1 DAGs
[2022-06-16 14:05:40,567] {logging_mixin.py:109} INFO - [2022-06-16 14:05:40,566] {dag.py:2937} INFO - Setting next_dagrun for example_branch_operator to 2022-06-15 00:00:00+00:00
[2022-06-16 14:05:40,603] {processor.py:171} INFO - Processing /home/saba/airflow_venv/airflow_venv/lib/python3.6/site-packages/airflow/example_dags/example_branch_operator.py took 0.250 seconds
[2022-06-16 14:06:24,955] {processor.py:163} INFO - Started process (PID=2663) to work on /home/saba/airflow_venv/airflow_venv/lib/python3.6/site-packages/airflow/example_dags/example_branch_operator.py
[2022-06-16 14:06:24,958] {processor.py:642} INFO - Processing file /home/saba/airflow_venv/airflow_venv/lib/python3.6/site-packages/airflow/example_dags/example_branch_operator.py for tasks to queue
[2022-06-16 14:06:24,959] {logging_mixin.py:109} INFO - [2022-06-16 14:06:24,959] {dagbag.py:500} INFO - Filling up the DagBag from /home/saba/airflow_venv/airflow_venv/lib/python3.6/site-packages/airflow/example_dags/example_branch_operator.py
[2022-06-16 14:06:25,001] {processor.py:652} INFO - DAG(s) dict_keys(['example_branch_operator']) retrieved from /home/saba/airflow_venv/airflow_venv/lib/python3.6/site-packages/airflow/example_dags/example_branch_operator.py
[2022-06-16 14:06:25,034] {logging_mixin.py:109} INFO - [2022-06-16 14:06:25,034] {dag.py:2398} INFO - Sync 1 DAGs
[2022-06-16 14:06:25,069] {logging_mixin.py:109} INFO - [2022-06-16 14:06:25,069] {dag.py:2937} INFO - Setting next_dagrun for example_branch_operator to 2022-06-15 00:00:00+00:00
[2022-06-16 14:06:25,103] {processor.py:171} INFO - Processing /home/saba/airflow_venv/airflow_venv/lib/python3.6/site-packages/airflow/example_dags/example_branch_operator.py took 0.154 seconds
[2022-06-16 14:07:04,317] {processor.py:163} INFO - Started process (PID=2907) to work on /home/saba/airflow_venv/airflow_venv/lib/python3.6/site-packages/airflow/example_dags/example_branch_operator.py
[2022-06-16 14:07:04,322] {processor.py:642} INFO - Processing file /home/saba/airflow_venv/airflow_venv/lib/python3.6/site-packages/airflow/example_dags/example_branch_operator.py for tasks to queue
[2022-06-16 14:07:04,324] {logging_mixin.py:109} INFO - [2022-06-16 14:07:04,324] {dagbag.py:500} INFO - Filling up the DagBag from /home/saba/airflow_venv/airflow_venv/lib/python3.6/site-packages/airflow/example_dags/example_branch_operator.py
[2022-06-16 14:07:04,397] {processor.py:652} INFO - DAG(s) dict_keys(['example_branch_operator']) retrieved from /home/saba/airflow_venv/airflow_venv/lib/python3.6/site-packages/airflow/example_dags/example_branch_operator.py
[2022-06-16 14:07:04,450] {logging_mixin.py:109} INFO - [2022-06-16 14:07:04,449] {dag.py:2398} INFO - Sync 1 DAGs
[2022-06-16 14:07:04,514] {logging_mixin.py:109} INFO - [2022-06-16 14:07:04,513] {dag.py:2937} INFO - Setting next_dagrun for example_branch_operator to 2022-06-15 00:00:00+00:00
[2022-06-16 14:07:04,554] {processor.py:171} INFO - Processing /home/saba/airflow_venv/airflow_venv/lib/python3.6/site-packages/airflow/example_dags/example_branch_operator.py took 0.246 seconds
[2022-06-16 14:07:45,880] {processor.py:163} INFO - Started process (PID=3152) to work on /home/saba/airflow_venv/airflow_venv/lib/python3.6/site-packages/airflow/example_dags/example_branch_operator.py
[2022-06-16 14:07:45,883] {processor.py:642} INFO - Processing file /home/saba/airflow_venv/airflow_venv/lib/python3.6/site-packages/airflow/example_dags/example_branch_operator.py for tasks to queue
[2022-06-16 14:07:45,885] {logging_mixin.py:109} INFO - [2022-06-16 14:07:45,884] {dagbag.py:500} INFO - Filling up the DagBag from /home/saba/airflow_venv/airflow_venv/lib/python3.6/site-packages/airflow/example_dags/example_branch_operator.py
[2022-06-16 14:07:45,937] {processor.py:652} INFO - DAG(s) dict_keys(['example_branch_operator']) retrieved from /home/saba/airflow_venv/airflow_venv/lib/python3.6/site-packages/airflow/example_dags/example_branch_operator.py
[2022-06-16 14:07:45,986] {logging_mixin.py:109} INFO - [2022-06-16 14:07:45,986] {dag.py:2398} INFO - Sync 1 DAGs
[2022-06-16 14:07:46,043] {logging_mixin.py:109} INFO - [2022-06-16 14:07:46,042] {dag.py:2937} INFO - Setting next_dagrun for example_branch_operator to 2022-06-15 00:00:00+00:00
[2022-06-16 14:07:46,074] {processor.py:171} INFO - Processing /home/saba/airflow_venv/airflow_venv/lib/python3.6/site-packages/airflow/example_dags/example_branch_operator.py took 0.200 seconds
[2022-06-16 14:08:27,207] {processor.py:163} INFO - Started process (PID=3392) to work on /home/saba/airflow_venv/airflow_venv/lib/python3.6/site-packages/airflow/example_dags/example_branch_operator.py
[2022-06-16 14:08:27,219] {processor.py:642} INFO - Processing file /home/saba/airflow_venv/airflow_venv/lib/python3.6/site-packages/airflow/example_dags/example_branch_operator.py for tasks to queue
[2022-06-16 14:08:27,220] {logging_mixin.py:109} INFO - [2022-06-16 14:08:27,220] {dagbag.py:500} INFO - Filling up the DagBag from /home/saba/airflow_venv/airflow_venv/lib/python3.6/site-packages/airflow/example_dags/example_branch_operator.py
[2022-06-16 14:08:27,269] {processor.py:652} INFO - DAG(s) dict_keys(['example_branch_operator']) retrieved from /home/saba/airflow_venv/airflow_venv/lib/python3.6/site-packages/airflow/example_dags/example_branch_operator.py
[2022-06-16 14:08:27,307] {logging_mixin.py:109} INFO - [2022-06-16 14:08:27,307] {dag.py:2398} INFO - Sync 1 DAGs
[2022-06-16 14:08:27,353] {logging_mixin.py:109} INFO - [2022-06-16 14:08:27,353] {dag.py:2937} INFO - Setting next_dagrun for example_branch_operator to 2022-06-15 00:00:00+00:00
[2022-06-16 14:08:27,391] {processor.py:171} INFO - Processing /home/saba/airflow_venv/airflow_venv/lib/python3.6/site-packages/airflow/example_dags/example_branch_operator.py took 0.190 seconds
[2022-06-16 14:09:08,229] {processor.py:163} INFO - Started process (PID=3626) to work on /home/saba/airflow_venv/airflow_venv/lib/python3.6/site-packages/airflow/example_dags/example_branch_operator.py
[2022-06-16 14:09:08,241] {processor.py:642} INFO - Processing file /home/saba/airflow_venv/airflow_venv/lib/python3.6/site-packages/airflow/example_dags/example_branch_operator.py for tasks to queue
[2022-06-16 14:09:08,243] {logging_mixin.py:109} INFO - [2022-06-16 14:09:08,242] {dagbag.py:500} INFO - Filling up the DagBag from /home/saba/airflow_venv/airflow_venv/lib/python3.6/site-packages/airflow/example_dags/example_branch_operator.py
[2022-06-16 14:09:08,286] {processor.py:652} INFO - DAG(s) dict_keys(['example_branch_operator']) retrieved from /home/saba/airflow_venv/airflow_venv/lib/python3.6/site-packages/airflow/example_dags/example_branch_operator.py
[2022-06-16 14:09:08,337] {logging_mixin.py:109} INFO - [2022-06-16 14:09:08,336] {dag.py:2398} INFO - Sync 1 DAGs
[2022-06-16 14:09:08,391] {logging_mixin.py:109} INFO - [2022-06-16 14:09:08,391] {dag.py:2937} INFO - Setting next_dagrun for example_branch_operator to 2022-06-15 00:00:00+00:00
[2022-06-16 14:09:08,420] {processor.py:171} INFO - Processing /home/saba/airflow_venv/airflow_venv/lib/python3.6/site-packages/airflow/example_dags/example_branch_operator.py took 0.197 seconds
[2022-06-16 14:09:49,521] {processor.py:163} INFO - Started process (PID=3860) to work on /home/saba/airflow_venv/airflow_venv/lib/python3.6/site-packages/airflow/example_dags/example_branch_operator.py
[2022-06-16 14:09:49,532] {processor.py:642} INFO - Processing file /home/saba/airflow_venv/airflow_venv/lib/python3.6/site-packages/airflow/example_dags/example_branch_operator.py for tasks to queue
[2022-06-16 14:09:49,534] {logging_mixin.py:109} INFO - [2022-06-16 14:09:49,533] {dagbag.py:500} INFO - Filling up the DagBag from /home/saba/airflow_venv/airflow_venv/lib/python3.6/site-packages/airflow/example_dags/example_branch_operator.py
[2022-06-16 14:09:49,580] {processor.py:652} INFO - DAG(s) dict_keys(['example_branch_operator']) retrieved from /home/saba/airflow_venv/airflow_venv/lib/python3.6/site-packages/airflow/example_dags/example_branch_operator.py
[2022-06-16 14:09:49,622] {logging_mixin.py:109} INFO - [2022-06-16 14:09:49,622] {dag.py:2398} INFO - Sync 1 DAGs
[2022-06-16 14:09:49,675] {logging_mixin.py:109} INFO - [2022-06-16 14:09:49,675] {dag.py:2937} INFO - Setting next_dagrun for example_branch_operator to 2022-06-15 00:00:00+00:00
[2022-06-16 14:09:49,712] {processor.py:171} INFO - Processing /home/saba/airflow_venv/airflow_venv/lib/python3.6/site-packages/airflow/example_dags/example_branch_operator.py took 0.198 seconds
[2022-06-16 14:10:29,861] {processor.py:163} INFO - Started process (PID=4117) to work on /home/saba/airflow_venv/airflow_venv/lib/python3.6/site-packages/airflow/example_dags/example_branch_operator.py
[2022-06-16 14:10:29,864] {processor.py:642} INFO - Processing file /home/saba/airflow_venv/airflow_venv/lib/python3.6/site-packages/airflow/example_dags/example_branch_operator.py for tasks to queue
[2022-06-16 14:10:29,865] {logging_mixin.py:109} INFO - [2022-06-16 14:10:29,865] {dagbag.py:500} INFO - Filling up the DagBag from /home/saba/airflow_venv/airflow_venv/lib/python3.6/site-packages/airflow/example_dags/example_branch_operator.py
[2022-06-16 14:10:29,906] {processor.py:652} INFO - DAG(s) dict_keys(['example_branch_operator']) retrieved from /home/saba/airflow_venv/airflow_venv/lib/python3.6/site-packages/airflow/example_dags/example_branch_operator.py
[2022-06-16 14:10:29,934] {logging_mixin.py:109} INFO - [2022-06-16 14:10:29,933] {dag.py:2398} INFO - Sync 1 DAGs
[2022-06-16 14:10:29,969] {logging_mixin.py:109} INFO - [2022-06-16 14:10:29,969] {dag.py:2937} INFO - Setting next_dagrun for example_branch_operator to 2022-06-15 00:00:00+00:00
[2022-06-16 14:10:30,003] {processor.py:171} INFO - Processing /home/saba/airflow_venv/airflow_venv/lib/python3.6/site-packages/airflow/example_dags/example_branch_operator.py took 0.147 seconds
[2022-06-16 14:11:11,104] {processor.py:163} INFO - Started process (PID=4356) to work on /home/saba/airflow_venv/airflow_venv/lib/python3.6/site-packages/airflow/example_dags/example_branch_operator.py
[2022-06-16 14:11:11,108] {processor.py:642} INFO - Processing file /home/saba/airflow_venv/airflow_venv/lib/python3.6/site-packages/airflow/example_dags/example_branch_operator.py for tasks to queue
[2022-06-16 14:11:11,109] {logging_mixin.py:109} INFO - [2022-06-16 14:11:11,109] {dagbag.py:500} INFO - Filling up the DagBag from /home/saba/airflow_venv/airflow_venv/lib/python3.6/site-packages/airflow/example_dags/example_branch_operator.py
[2022-06-16 14:11:11,153] {processor.py:652} INFO - DAG(s) dict_keys(['example_branch_operator']) retrieved from /home/saba/airflow_venv/airflow_venv/lib/python3.6/site-packages/airflow/example_dags/example_branch_operator.py
[2022-06-16 14:11:11,194] {logging_mixin.py:109} INFO - [2022-06-16 14:11:11,194] {dag.py:2398} INFO - Sync 1 DAGs
[2022-06-16 14:11:11,255] {logging_mixin.py:109} INFO - [2022-06-16 14:11:11,255] {dag.py:2937} INFO - Setting next_dagrun for example_branch_operator to 2022-06-15 00:00:00+00:00
[2022-06-16 14:11:11,284] {processor.py:171} INFO - Processing /home/saba/airflow_venv/airflow_venv/lib/python3.6/site-packages/airflow/example_dags/example_branch_operator.py took 0.185 seconds
[2022-06-16 14:11:54,226] {processor.py:163} INFO - Started process (PID=4574) to work on /home/saba/airflow_venv/airflow_venv/lib/python3.6/site-packages/airflow/example_dags/example_branch_operator.py
[2022-06-16 14:11:54,235] {processor.py:642} INFO - Processing file /home/saba/airflow_venv/airflow_venv/lib/python3.6/site-packages/airflow/example_dags/example_branch_operator.py for tasks to queue
[2022-06-16 14:11:54,238] {logging_mixin.py:109} INFO - [2022-06-16 14:11:54,237] {dagbag.py:500} INFO - Filling up the DagBag from /home/saba/airflow_venv/airflow_venv/lib/python3.6/site-packages/airflow/example_dags/example_branch_operator.py
[2022-06-16 14:11:54,336] {processor.py:652} INFO - DAG(s) dict_keys(['example_branch_operator']) retrieved from /home/saba/airflow_venv/airflow_venv/lib/python3.6/site-packages/airflow/example_dags/example_branch_operator.py
[2022-06-16 14:11:54,392] {logging_mixin.py:109} INFO - [2022-06-16 14:11:54,391] {dag.py:2398} INFO - Sync 1 DAGs
[2022-06-16 14:11:54,466] {logging_mixin.py:109} INFO - [2022-06-16 14:11:54,465] {dag.py:2937} INFO - Setting next_dagrun for example_branch_operator to 2022-06-15 00:00:00+00:00
[2022-06-16 14:11:54,503] {processor.py:171} INFO - Processing /home/saba/airflow_venv/airflow_venv/lib/python3.6/site-packages/airflow/example_dags/example_branch_operator.py took 0.302 seconds
[2022-06-16 14:12:42,425] {processor.py:163} INFO - Started process (PID=4771) to work on /home/saba/airflow_venv/airflow_venv/lib/python3.6/site-packages/airflow/example_dags/example_branch_operator.py
[2022-06-16 14:12:42,440] {processor.py:642} INFO - Processing file /home/saba/airflow_venv/airflow_venv/lib/python3.6/site-packages/airflow/example_dags/example_branch_operator.py for tasks to queue
[2022-06-16 14:12:42,443] {logging_mixin.py:109} INFO - [2022-06-16 14:12:42,442] {dagbag.py:500} INFO - Filling up the DagBag from /home/saba/airflow_venv/airflow_venv/lib/python3.6/site-packages/airflow/example_dags/example_branch_operator.py
[2022-06-16 14:12:42,532] {processor.py:652} INFO - DAG(s) dict_keys(['example_branch_operator']) retrieved from /home/saba/airflow_venv/airflow_venv/lib/python3.6/site-packages/airflow/example_dags/example_branch_operator.py
[2022-06-16 14:12:42,631] {logging_mixin.py:109} INFO - [2022-06-16 14:12:42,630] {dag.py:2398} INFO - Sync 1 DAGs
[2022-06-16 14:12:42,727] {logging_mixin.py:109} INFO - [2022-06-16 14:12:42,726] {dag.py:2937} INFO - Setting next_dagrun for example_branch_operator to 2022-06-15 00:00:00+00:00
[2022-06-16 14:12:42,794] {processor.py:171} INFO - Processing /home/saba/airflow_venv/airflow_venv/lib/python3.6/site-packages/airflow/example_dags/example_branch_operator.py took 0.379 seconds
[2022-06-16 14:13:34,714] {processor.py:163} INFO - Started process (PID=4971) to work on /home/saba/airflow_venv/airflow_venv/lib/python3.6/site-packages/airflow/example_dags/example_branch_operator.py
[2022-06-16 14:13:34,720] {processor.py:642} INFO - Processing file /home/saba/airflow_venv/airflow_venv/lib/python3.6/site-packages/airflow/example_dags/example_branch_operator.py for tasks to queue
[2022-06-16 14:13:34,723] {logging_mixin.py:109} INFO - [2022-06-16 14:13:34,722] {dagbag.py:500} INFO - Filling up the DagBag from /home/saba/airflow_venv/airflow_venv/lib/python3.6/site-packages/airflow/example_dags/example_branch_operator.py
[2022-06-16 14:13:34,817] {processor.py:652} INFO - DAG(s) dict_keys(['example_branch_operator']) retrieved from /home/saba/airflow_venv/airflow_venv/lib/python3.6/site-packages/airflow/example_dags/example_branch_operator.py
[2022-06-16 14:13:34,892] {logging_mixin.py:109} INFO - [2022-06-16 14:13:34,892] {dag.py:2398} INFO - Sync 1 DAGs
[2022-06-16 14:13:34,991] {logging_mixin.py:109} INFO - [2022-06-16 14:13:34,991] {dag.py:2937} INFO - Setting next_dagrun for example_branch_operator to 2022-06-15 00:00:00+00:00
[2022-06-16 14:13:35,048] {processor.py:171} INFO - Processing /home/saba/airflow_venv/airflow_venv/lib/python3.6/site-packages/airflow/example_dags/example_branch_operator.py took 0.345 seconds
[2022-06-16 14:14:25,626] {processor.py:163} INFO - Started process (PID=5147) to work on /home/saba/airflow_venv/airflow_venv/lib/python3.6/site-packages/airflow/example_dags/example_branch_operator.py
[2022-06-16 14:14:25,631] {processor.py:642} INFO - Processing file /home/saba/airflow_venv/airflow_venv/lib/python3.6/site-packages/airflow/example_dags/example_branch_operator.py for tasks to queue
[2022-06-16 14:14:25,633] {logging_mixin.py:109} INFO - [2022-06-16 14:14:25,633] {dagbag.py:500} INFO - Filling up the DagBag from /home/saba/airflow_venv/airflow_venv/lib/python3.6/site-packages/airflow/example_dags/example_branch_operator.py
[2022-06-16 14:14:25,769] {processor.py:652} INFO - DAG(s) dict_keys(['example_branch_operator']) retrieved from /home/saba/airflow_venv/airflow_venv/lib/python3.6/site-packages/airflow/example_dags/example_branch_operator.py
[2022-06-16 14:14:25,936] {logging_mixin.py:109} INFO - [2022-06-16 14:14:25,936] {dag.py:2398} INFO - Sync 1 DAGs
[2022-06-16 14:14:26,120] {logging_mixin.py:109} INFO - [2022-06-16 14:14:26,119] {dag.py:2937} INFO - Setting next_dagrun for example_branch_operator to 2022-06-15 00:00:00+00:00
[2022-06-16 14:14:26,697] {processor.py:171} INFO - Processing /home/saba/airflow_venv/airflow_venv/lib/python3.6/site-packages/airflow/example_dags/example_branch_operator.py took 1.098 seconds
[2022-06-16 14:15:38,628] {processor.py:163} INFO - Started process (PID=5400) to work on /home/saba/airflow_venv/airflow_venv/lib/python3.6/site-packages/airflow/example_dags/example_branch_operator.py
[2022-06-16 14:15:38,643] {processor.py:642} INFO - Processing file /home/saba/airflow_venv/airflow_venv/lib/python3.6/site-packages/airflow/example_dags/example_branch_operator.py for tasks to queue
[2022-06-16 14:15:38,646] {logging_mixin.py:109} INFO - [2022-06-16 14:15:38,646] {dagbag.py:500} INFO - Filling up the DagBag from /home/saba/airflow_venv/airflow_venv/lib/python3.6/site-packages/airflow/example_dags/example_branch_operator.py
[2022-06-16 14:15:38,949] {processor.py:652} INFO - DAG(s) dict_keys(['example_branch_operator']) retrieved from /home/saba/airflow_venv/airflow_venv/lib/python3.6/site-packages/airflow/example_dags/example_branch_operator.py
[2022-06-16 14:15:39,086] {logging_mixin.py:109} INFO - [2022-06-16 14:15:39,085] {dag.py:2398} INFO - Sync 1 DAGs
[2022-06-16 14:15:39,671] {logging_mixin.py:109} INFO - [2022-06-16 14:15:39,671] {dag.py:2937} INFO - Setting next_dagrun for example_branch_operator to 2022-06-15 00:00:00+00:00
[2022-06-16 14:15:39,776] {processor.py:171} INFO - Processing /home/saba/airflow_venv/airflow_venv/lib/python3.6/site-packages/airflow/example_dags/example_branch_operator.py took 1.165 seconds
[2022-06-16 14:17:04,669] {processor.py:163} INFO - Started process (PID=7851) to work on /home/saba/airflow_venv/airflow_venv/lib/python3.6/site-packages/airflow/example_dags/example_branch_operator.py
[2022-06-16 14:17:04,676] {processor.py:642} INFO - Processing file /home/saba/airflow_venv/airflow_venv/lib/python3.6/site-packages/airflow/example_dags/example_branch_operator.py for tasks to queue
[2022-06-16 14:17:04,680] {logging_mixin.py:109} INFO - [2022-06-16 14:17:04,679] {dagbag.py:500} INFO - Filling up the DagBag from /home/saba/airflow_venv/airflow_venv/lib/python3.6/site-packages/airflow/example_dags/example_branch_operator.py
[2022-06-16 14:17:04,825] {processor.py:652} INFO - DAG(s) dict_keys(['example_branch_operator']) retrieved from /home/saba/airflow_venv/airflow_venv/lib/python3.6/site-packages/airflow/example_dags/example_branch_operator.py
[2022-06-16 14:17:04,934] {logging_mixin.py:109} INFO - [2022-06-16 14:17:04,933] {dag.py:2398} INFO - Sync 1 DAGs
[2022-06-16 14:17:05,302] {logging_mixin.py:109} INFO - [2022-06-16 14:17:05,302] {dag.py:2937} INFO - Setting next_dagrun for example_branch_operator to 2022-06-15 00:00:00+00:00
[2022-06-16 14:17:05,353] {processor.py:171} INFO - Processing /home/saba/airflow_venv/airflow_venv/lib/python3.6/site-packages/airflow/example_dags/example_branch_operator.py took 0.699 seconds
[2022-06-16 14:18:11,821] {processor.py:163} INFO - Started process (PID=8043) to work on /home/saba/airflow_venv/airflow_venv/lib/python3.6/site-packages/airflow/example_dags/example_branch_operator.py
[2022-06-16 14:18:11,826] {processor.py:642} INFO - Processing file /home/saba/airflow_venv/airflow_venv/lib/python3.6/site-packages/airflow/example_dags/example_branch_operator.py for tasks to queue
[2022-06-16 14:18:11,829] {logging_mixin.py:109} INFO - [2022-06-16 14:18:11,828] {dagbag.py:500} INFO - Filling up the DagBag from /home/saba/airflow_venv/airflow_venv/lib/python3.6/site-packages/airflow/example_dags/example_branch_operator.py
[2022-06-16 14:18:12,116] {processor.py:652} INFO - DAG(s) dict_keys(['example_branch_operator']) retrieved from /home/saba/airflow_venv/airflow_venv/lib/python3.6/site-packages/airflow/example_dags/example_branch_operator.py
[2022-06-16 14:18:12,171] {logging_mixin.py:109} INFO - [2022-06-16 14:18:12,171] {dag.py:2398} INFO - Sync 1 DAGs
[2022-06-16 14:18:12,234] {logging_mixin.py:109} INFO - [2022-06-16 14:18:12,234] {dag.py:2937} INFO - Setting next_dagrun for example_branch_operator to 2022-06-15 00:00:00+00:00
[2022-06-16 14:18:12,273] {processor.py:171} INFO - Processing /home/saba/airflow_venv/airflow_venv/lib/python3.6/site-packages/airflow/example_dags/example_branch_operator.py took 0.461 seconds
[2022-06-16 14:19:14,698] {processor.py:163} INFO - Started process (PID=8487) to work on /home/saba/airflow_venv/airflow_venv/lib/python3.6/site-packages/airflow/example_dags/example_branch_operator.py
[2022-06-16 14:19:14,703] {processor.py:642} INFO - Processing file /home/saba/airflow_venv/airflow_venv/lib/python3.6/site-packages/airflow/example_dags/example_branch_operator.py for tasks to queue
[2022-06-16 14:19:14,706] {logging_mixin.py:109} INFO - [2022-06-16 14:19:14,705] {dagbag.py:500} INFO - Filling up the DagBag from /home/saba/airflow_venv/airflow_venv/lib/python3.6/site-packages/airflow/example_dags/example_branch_operator.py
[2022-06-16 14:19:14,970] {processor.py:652} INFO - DAG(s) dict_keys(['example_branch_operator']) retrieved from /home/saba/airflow_venv/airflow_venv/lib/python3.6/site-packages/airflow/example_dags/example_branch_operator.py
[2022-06-16 14:19:15,024] {logging_mixin.py:109} INFO - [2022-06-16 14:19:15,023] {dag.py:2398} INFO - Sync 1 DAGs
[2022-06-16 14:19:15,086] {logging_mixin.py:109} INFO - [2022-06-16 14:19:15,085] {dag.py:2937} INFO - Setting next_dagrun for example_branch_operator to 2022-06-15 00:00:00+00:00
[2022-06-16 14:19:15,126] {processor.py:171} INFO - Processing /home/saba/airflow_venv/airflow_venv/lib/python3.6/site-packages/airflow/example_dags/example_branch_operator.py took 0.438 seconds
[2022-06-16 14:20:15,113] {processor.py:163} INFO - Started process (PID=8654) to work on /home/saba/airflow_venv/airflow_venv/lib/python3.6/site-packages/airflow/example_dags/example_branch_operator.py
[2022-06-16 14:20:15,118] {processor.py:642} INFO - Processing file /home/saba/airflow_venv/airflow_venv/lib/python3.6/site-packages/airflow/example_dags/example_branch_operator.py for tasks to queue
[2022-06-16 14:20:15,120] {logging_mixin.py:109} INFO - [2022-06-16 14:20:15,119] {dagbag.py:500} INFO - Filling up the DagBag from /home/saba/airflow_venv/airflow_venv/lib/python3.6/site-packages/airflow/example_dags/example_branch_operator.py
[2022-06-16 14:20:15,611] {processor.py:652} INFO - DAG(s) dict_keys(['example_branch_operator']) retrieved from /home/saba/airflow_venv/airflow_venv/lib/python3.6/site-packages/airflow/example_dags/example_branch_operator.py
[2022-06-16 14:20:15,755] {logging_mixin.py:109} INFO - [2022-06-16 14:20:15,754] {dag.py:2398} INFO - Sync 1 DAGs
[2022-06-16 14:20:15,931] {logging_mixin.py:109} INFO - [2022-06-16 14:20:15,931] {dag.py:2937} INFO - Setting next_dagrun for example_branch_operator to 2022-06-15 00:00:00+00:00
[2022-06-16 14:20:16,031] {processor.py:171} INFO - Processing /home/saba/airflow_venv/airflow_venv/lib/python3.6/site-packages/airflow/example_dags/example_branch_operator.py took 0.937 seconds
[2022-06-16 14:21:39,738] {processor.py:163} INFO - Started process (PID=9001) to work on /home/saba/airflow_venv/airflow_venv/lib/python3.6/site-packages/airflow/example_dags/example_branch_operator.py
[2022-06-16 14:21:39,744] {processor.py:642} INFO - Processing file /home/saba/airflow_venv/airflow_venv/lib/python3.6/site-packages/airflow/example_dags/example_branch_operator.py for tasks to queue
[2022-06-16 14:21:39,747] {logging_mixin.py:109} INFO - [2022-06-16 14:21:39,747] {dagbag.py:500} INFO - Filling up the DagBag from /home/saba/airflow_venv/airflow_venv/lib/python3.6/site-packages/airflow/example_dags/example_branch_operator.py
[2022-06-16 14:21:39,860] {processor.py:652} INFO - DAG(s) dict_keys(['example_branch_operator']) retrieved from /home/saba/airflow_venv/airflow_venv/lib/python3.6/site-packages/airflow/example_dags/example_branch_operator.py
[2022-06-16 14:21:39,943] {logging_mixin.py:109} INFO - [2022-06-16 14:21:39,943] {dag.py:2398} INFO - Sync 1 DAGs
[2022-06-16 14:21:40,082] {logging_mixin.py:109} INFO - [2022-06-16 14:21:40,082] {dag.py:2937} INFO - Setting next_dagrun for example_branch_operator to 2022-06-15 00:00:00+00:00
[2022-06-16 14:21:40,159] {processor.py:171} INFO - Processing /home/saba/airflow_venv/airflow_venv/lib/python3.6/site-packages/airflow/example_dags/example_branch_operator.py took 0.434 seconds
[2022-06-16 14:22:43,811] {processor.py:163} INFO - Started process (PID=9202) to work on /home/saba/airflow_venv/airflow_venv/lib/python3.6/site-packages/airflow/example_dags/example_branch_operator.py
[2022-06-16 14:22:43,821] {processor.py:642} INFO - Processing file /home/saba/airflow_venv/airflow_venv/lib/python3.6/site-packages/airflow/example_dags/example_branch_operator.py for tasks to queue
[2022-06-16 14:22:43,823] {logging_mixin.py:109} INFO - [2022-06-16 14:22:43,823] {dagbag.py:500} INFO - Filling up the DagBag from /home/saba/airflow_venv/airflow_venv/lib/python3.6/site-packages/airflow/example_dags/example_branch_operator.py
[2022-06-16 14:22:43,986] {processor.py:652} INFO - DAG(s) dict_keys(['example_branch_operator']) retrieved from /home/saba/airflow_venv/airflow_venv/lib/python3.6/site-packages/airflow/example_dags/example_branch_operator.py
[2022-06-16 14:22:44,091] {logging_mixin.py:109} INFO - [2022-06-16 14:22:44,090] {dag.py:2398} INFO - Sync 1 DAGs
[2022-06-16 14:22:44,196] {logging_mixin.py:109} INFO - [2022-06-16 14:22:44,196] {dag.py:2937} INFO - Setting next_dagrun for example_branch_operator to 2022-06-15 00:00:00+00:00
[2022-06-16 14:22:44,242] {processor.py:171} INFO - Processing /home/saba/airflow_venv/airflow_venv/lib/python3.6/site-packages/airflow/example_dags/example_branch_operator.py took 0.443 seconds
[2022-06-16 14:23:40,134] {processor.py:163} INFO - Started process (PID=9595) to work on /home/saba/airflow_venv/airflow_venv/lib/python3.6/site-packages/airflow/example_dags/example_branch_operator.py
[2022-06-16 14:23:40,151] {processor.py:642} INFO - Processing file /home/saba/airflow_venv/airflow_venv/lib/python3.6/site-packages/airflow/example_dags/example_branch_operator.py for tasks to queue
[2022-06-16 14:23:40,165] {logging_mixin.py:109} INFO - [2022-06-16 14:23:40,165] {dagbag.py:500} INFO - Filling up the DagBag from /home/saba/airflow_venv/airflow_venv/lib/python3.6/site-packages/airflow/example_dags/example_branch_operator.py
[2022-06-16 14:23:40,397] {processor.py:652} INFO - DAG(s) dict_keys(['example_branch_operator']) retrieved from /home/saba/airflow_venv/airflow_venv/lib/python3.6/site-packages/airflow/example_dags/example_branch_operator.py
[2022-06-16 14:23:40,541] {logging_mixin.py:109} INFO - [2022-06-16 14:23:40,541] {dag.py:2398} INFO - Sync 1 DAGs
[2022-06-16 14:23:40,700] {logging_mixin.py:109} INFO - [2022-06-16 14:23:40,699] {dag.py:2937} INFO - Setting next_dagrun for example_branch_operator to 2022-06-15 00:00:00+00:00
[2022-06-16 14:23:40,750] {processor.py:171} INFO - Processing /home/saba/airflow_venv/airflow_venv/lib/python3.6/site-packages/airflow/example_dags/example_branch_operator.py took 0.654 seconds
[2022-06-16 14:24:36,899] {processor.py:163} INFO - Started process (PID=9974) to work on /home/saba/airflow_venv/airflow_venv/lib/python3.6/site-packages/airflow/example_dags/example_branch_operator.py
[2022-06-16 14:24:36,904] {processor.py:642} INFO - Processing file /home/saba/airflow_venv/airflow_venv/lib/python3.6/site-packages/airflow/example_dags/example_branch_operator.py for tasks to queue
[2022-06-16 14:24:36,906] {logging_mixin.py:109} INFO - [2022-06-16 14:24:36,906] {dagbag.py:500} INFO - Filling up the DagBag from /home/saba/airflow_venv/airflow_venv/lib/python3.6/site-packages/airflow/example_dags/example_branch_operator.py
[2022-06-16 14:24:37,012] {processor.py:652} INFO - DAG(s) dict_keys(['example_branch_operator']) retrieved from /home/saba/airflow_venv/airflow_venv/lib/python3.6/site-packages/airflow/example_dags/example_branch_operator.py
[2022-06-16 14:24:37,085] {logging_mixin.py:109} INFO - [2022-06-16 14:24:37,084] {dag.py:2398} INFO - Sync 1 DAGs
[2022-06-16 14:24:37,175] {logging_mixin.py:109} INFO - [2022-06-16 14:24:37,174] {dag.py:2937} INFO - Setting next_dagrun for example_branch_operator to 2022-06-15 00:00:00+00:00
[2022-06-16 14:24:37,219] {processor.py:171} INFO - Processing /home/saba/airflow_venv/airflow_venv/lib/python3.6/site-packages/airflow/example_dags/example_branch_operator.py took 0.332 seconds
[2022-06-16 14:25:33,353] {processor.py:163} INFO - Started process (PID=10349) to work on /home/saba/airflow_venv/airflow_venv/lib/python3.6/site-packages/airflow/example_dags/example_branch_operator.py
[2022-06-16 14:25:33,360] {processor.py:642} INFO - Processing file /home/saba/airflow_venv/airflow_venv/lib/python3.6/site-packages/airflow/example_dags/example_branch_operator.py for tasks to queue
[2022-06-16 14:25:33,363] {logging_mixin.py:109} INFO - [2022-06-16 14:25:33,363] {dagbag.py:500} INFO - Filling up the DagBag from /home/saba/airflow_venv/airflow_venv/lib/python3.6/site-packages/airflow/example_dags/example_branch_operator.py
[2022-06-16 14:25:33,524] {processor.py:652} INFO - DAG(s) dict_keys(['example_branch_operator']) retrieved from /home/saba/airflow_venv/airflow_venv/lib/python3.6/site-packages/airflow/example_dags/example_branch_operator.py
[2022-06-16 14:25:33,624] {logging_mixin.py:109} INFO - [2022-06-16 14:25:33,622] {dag.py:2398} INFO - Sync 1 DAGs
[2022-06-16 14:25:33,757] {logging_mixin.py:109} INFO - [2022-06-16 14:25:33,756] {dag.py:2937} INFO - Setting next_dagrun for example_branch_operator to 2022-06-15 00:00:00+00:00
[2022-06-16 14:25:33,847] {processor.py:171} INFO - Processing /home/saba/airflow_venv/airflow_venv/lib/python3.6/site-packages/airflow/example_dags/example_branch_operator.py took 0.529 seconds
[2022-06-16 14:26:37,048] {processor.py:163} INFO - Started process (PID=10631) to work on /home/saba/airflow_venv/airflow_venv/lib/python3.6/site-packages/airflow/example_dags/example_branch_operator.py
[2022-06-16 14:26:37,054] {processor.py:642} INFO - Processing file /home/saba/airflow_venv/airflow_venv/lib/python3.6/site-packages/airflow/example_dags/example_branch_operator.py for tasks to queue
[2022-06-16 14:26:37,057] {logging_mixin.py:109} INFO - [2022-06-16 14:26:37,057] {dagbag.py:500} INFO - Filling up the DagBag from /home/saba/airflow_venv/airflow_venv/lib/python3.6/site-packages/airflow/example_dags/example_branch_operator.py
[2022-06-16 14:26:37,279] {processor.py:652} INFO - DAG(s) dict_keys(['example_branch_operator']) retrieved from /home/saba/airflow_venv/airflow_venv/lib/python3.6/site-packages/airflow/example_dags/example_branch_operator.py
[2022-06-16 14:26:37,411] {logging_mixin.py:109} INFO - [2022-06-16 14:26:37,411] {dag.py:2398} INFO - Sync 1 DAGs
[2022-06-16 14:26:37,577] {logging_mixin.py:109} INFO - [2022-06-16 14:26:37,577] {dag.py:2937} INFO - Setting next_dagrun for example_branch_operator to 2022-06-15 00:00:00+00:00
[2022-06-16 14:26:37,665] {processor.py:171} INFO - Processing /home/saba/airflow_venv/airflow_venv/lib/python3.6/site-packages/airflow/example_dags/example_branch_operator.py took 0.628 seconds
[2022-06-16 14:27:33,028] {processor.py:163} INFO - Started process (PID=10893) to work on /home/saba/airflow_venv/airflow_venv/lib/python3.6/site-packages/airflow/example_dags/example_branch_operator.py
[2022-06-16 14:27:33,035] {processor.py:642} INFO - Processing file /home/saba/airflow_venv/airflow_venv/lib/python3.6/site-packages/airflow/example_dags/example_branch_operator.py for tasks to queue
[2022-06-16 14:27:33,039] {logging_mixin.py:109} INFO - [2022-06-16 14:27:33,038] {dagbag.py:500} INFO - Filling up the DagBag from /home/saba/airflow_venv/airflow_venv/lib/python3.6/site-packages/airflow/example_dags/example_branch_operator.py
[2022-06-16 14:27:33,154] {processor.py:652} INFO - DAG(s) dict_keys(['example_branch_operator']) retrieved from /home/saba/airflow_venv/airflow_venv/lib/python3.6/site-packages/airflow/example_dags/example_branch_operator.py
[2022-06-16 14:27:33,230] {logging_mixin.py:109} INFO - [2022-06-16 14:27:33,230] {dag.py:2398} INFO - Sync 1 DAGs
[2022-06-16 14:27:33,338] {logging_mixin.py:109} INFO - [2022-06-16 14:27:33,337] {dag.py:2937} INFO - Setting next_dagrun for example_branch_operator to 2022-06-15 00:00:00+00:00
[2022-06-16 14:27:33,398] {processor.py:171} INFO - Processing /home/saba/airflow_venv/airflow_venv/lib/python3.6/site-packages/airflow/example_dags/example_branch_operator.py took 0.383 seconds
[2022-06-16 14:28:23,304] {processor.py:163} INFO - Started process (PID=11288) to work on /home/saba/airflow_venv/airflow_venv/lib/python3.6/site-packages/airflow/example_dags/example_branch_operator.py
[2022-06-16 14:28:23,312] {processor.py:642} INFO - Processing file /home/saba/airflow_venv/airflow_venv/lib/python3.6/site-packages/airflow/example_dags/example_branch_operator.py for tasks to queue
[2022-06-16 14:28:23,315] {logging_mixin.py:109} INFO - [2022-06-16 14:28:23,315] {dagbag.py:500} INFO - Filling up the DagBag from /home/saba/airflow_venv/airflow_venv/lib/python3.6/site-packages/airflow/example_dags/example_branch_operator.py
[2022-06-16 14:28:23,445] {processor.py:652} INFO - DAG(s) dict_keys(['example_branch_operator']) retrieved from /home/saba/airflow_venv/airflow_venv/lib/python3.6/site-packages/airflow/example_dags/example_branch_operator.py
[2022-06-16 14:28:23,522] {logging_mixin.py:109} INFO - [2022-06-16 14:28:23,522] {dag.py:2398} INFO - Sync 1 DAGs
[2022-06-16 14:28:23,634] {logging_mixin.py:109} INFO - [2022-06-16 14:28:23,633] {dag.py:2937} INFO - Setting next_dagrun for example_branch_operator to 2022-06-15 00:00:00+00:00
[2022-06-16 14:28:23,686] {processor.py:171} INFO - Processing /home/saba/airflow_venv/airflow_venv/lib/python3.6/site-packages/airflow/example_dags/example_branch_operator.py took 0.398 seconds
[2022-06-16 14:29:13,630] {processor.py:163} INFO - Started process (PID=11690) to work on /home/saba/airflow_venv/airflow_venv/lib/python3.6/site-packages/airflow/example_dags/example_branch_operator.py
[2022-06-16 14:29:13,635] {processor.py:642} INFO - Processing file /home/saba/airflow_venv/airflow_venv/lib/python3.6/site-packages/airflow/example_dags/example_branch_operator.py for tasks to queue
[2022-06-16 14:29:13,638] {logging_mixin.py:109} INFO - [2022-06-16 14:29:13,637] {dagbag.py:500} INFO - Filling up the DagBag from /home/saba/airflow_venv/airflow_venv/lib/python3.6/site-packages/airflow/example_dags/example_branch_operator.py
[2022-06-16 14:29:13,724] {processor.py:652} INFO - DAG(s) dict_keys(['example_branch_operator']) retrieved from /home/saba/airflow_venv/airflow_venv/lib/python3.6/site-packages/airflow/example_dags/example_branch_operator.py
[2022-06-16 14:29:13,776] {logging_mixin.py:109} INFO - [2022-06-16 14:29:13,776] {dag.py:2398} INFO - Sync 1 DAGs
[2022-06-16 14:29:13,841] {logging_mixin.py:109} INFO - [2022-06-16 14:29:13,841] {dag.py:2937} INFO - Setting next_dagrun for example_branch_operator to 2022-06-15 00:00:00+00:00
[2022-06-16 14:29:13,884] {processor.py:171} INFO - Processing /home/saba/airflow_venv/airflow_venv/lib/python3.6/site-packages/airflow/example_dags/example_branch_operator.py took 0.266 seconds
[2022-06-16 14:30:54,448] {processor.py:163} INFO - Started process (PID=12307) to work on /home/saba/airflow_venv/airflow_venv/lib/python3.6/site-packages/airflow/example_dags/example_branch_operator.py
[2022-06-16 14:30:54,452] {processor.py:642} INFO - Processing file /home/saba/airflow_venv/airflow_venv/lib/python3.6/site-packages/airflow/example_dags/example_branch_operator.py for tasks to queue
[2022-06-16 14:30:54,455] {logging_mixin.py:109} INFO - [2022-06-16 14:30:54,454] {dagbag.py:500} INFO - Filling up the DagBag from /home/saba/airflow_venv/airflow_venv/lib/python3.6/site-packages/airflow/example_dags/example_branch_operator.py
[2022-06-16 14:30:54,613] {processor.py:652} INFO - DAG(s) dict_keys(['example_branch_operator']) retrieved from /home/saba/airflow_venv/airflow_venv/lib/python3.6/site-packages/airflow/example_dags/example_branch_operator.py
[2022-06-16 14:30:54,721] {logging_mixin.py:109} INFO - [2022-06-16 14:30:54,720] {dag.py:2398} INFO - Sync 1 DAGs
[2022-06-16 14:30:54,846] {logging_mixin.py:109} INFO - [2022-06-16 14:30:54,846] {dag.py:2937} INFO - Setting next_dagrun for example_branch_operator to 2022-06-15 00:00:00+00:00
[2022-06-16 14:30:54,907] {processor.py:171} INFO - Processing /home/saba/airflow_venv/airflow_venv/lib/python3.6/site-packages/airflow/example_dags/example_branch_operator.py took 0.480 seconds
[2022-06-16 14:46:08,836] {processor.py:163} INFO - Started process (PID=94) to work on /home/saba/.local/lib/python3.6/site-packages/airflow/example_dags/example_branch_operator.py
[2022-06-16 14:46:08,838] {processor.py:642} INFO - Processing file /home/saba/.local/lib/python3.6/site-packages/airflow/example_dags/example_branch_operator.py for tasks to queue
[2022-06-16 14:46:08,838] {logging_mixin.py:109} INFO - [2022-06-16 14:46:08,838] {dagbag.py:500} INFO - Filling up the DagBag from /home/saba/.local/lib/python3.6/site-packages/airflow/example_dags/example_branch_operator.py
[2022-06-16 14:46:08,863] {processor.py:652} INFO - DAG(s) dict_keys(['example_branch_operator']) retrieved from /home/saba/.local/lib/python3.6/site-packages/airflow/example_dags/example_branch_operator.py
[2022-06-16 14:46:08,879] {logging_mixin.py:109} INFO - [2022-06-16 14:46:08,879] {dag.py:2398} INFO - Sync 1 DAGs
[2022-06-16 14:46:08,897] {logging_mixin.py:109} INFO - [2022-06-16 14:46:08,897] {dag.py:2937} INFO - Setting next_dagrun for example_branch_operator to 2022-06-15 00:00:00+00:00
[2022-06-16 14:46:08,914] {processor.py:171} INFO - Processing /home/saba/.local/lib/python3.6/site-packages/airflow/example_dags/example_branch_operator.py took 0.081 seconds
[2022-06-16 14:47:16,945] {processor.py:163} INFO - Started process (PID=175) to work on /home/saba/.local/lib/python3.6/site-packages/airflow/example_dags/example_branch_operator.py
[2022-06-16 14:47:16,961] {processor.py:642} INFO - Processing file /home/saba/.local/lib/python3.6/site-packages/airflow/example_dags/example_branch_operator.py for tasks to queue
[2022-06-16 14:47:16,974] {logging_mixin.py:109} INFO - [2022-06-16 14:47:16,973] {dagbag.py:500} INFO - Filling up the DagBag from /home/saba/.local/lib/python3.6/site-packages/airflow/example_dags/example_branch_operator.py
[2022-06-16 14:47:17,171] {processor.py:652} INFO - DAG(s) dict_keys(['example_branch_operator']) retrieved from /home/saba/.local/lib/python3.6/site-packages/airflow/example_dags/example_branch_operator.py
[2022-06-16 14:47:17,278] {logging_mixin.py:109} INFO - [2022-06-16 14:47:17,277] {dag.py:2398} INFO - Sync 1 DAGs
[2022-06-16 14:47:17,439] {logging_mixin.py:109} INFO - [2022-06-16 14:47:17,439] {dag.py:2937} INFO - Setting next_dagrun for example_branch_operator to 2022-06-15 00:00:00+00:00
[2022-06-16 14:47:17,532] {processor.py:171} INFO - Processing /home/saba/.local/lib/python3.6/site-packages/airflow/example_dags/example_branch_operator.py took 0.622 seconds
[2022-06-16 14:48:23,795] {processor.py:163} INFO - Started process (PID=2036) to work on /home/saba/.local/lib/python3.6/site-packages/airflow/example_dags/example_branch_operator.py
[2022-06-16 14:48:23,810] {processor.py:642} INFO - Processing file /home/saba/.local/lib/python3.6/site-packages/airflow/example_dags/example_branch_operator.py for tasks to queue
[2022-06-16 14:48:23,814] {logging_mixin.py:109} INFO - [2022-06-16 14:48:23,813] {dagbag.py:500} INFO - Filling up the DagBag from /home/saba/.local/lib/python3.6/site-packages/airflow/example_dags/example_branch_operator.py
[2022-06-16 14:48:24,051] {processor.py:652} INFO - DAG(s) dict_keys(['example_branch_operator']) retrieved from /home/saba/.local/lib/python3.6/site-packages/airflow/example_dags/example_branch_operator.py
[2022-06-16 14:48:24,214] {logging_mixin.py:109} INFO - [2022-06-16 14:48:24,213] {dag.py:2398} INFO - Sync 1 DAGs
[2022-06-16 14:48:24,583] {logging_mixin.py:109} INFO - [2022-06-16 14:48:24,583] {dag.py:2937} INFO - Setting next_dagrun for example_branch_operator to 2022-06-15 00:00:00+00:00
[2022-06-16 14:48:25,371] {processor.py:171} INFO - Processing /home/saba/.local/lib/python3.6/site-packages/airflow/example_dags/example_branch_operator.py took 1.605 seconds
[2022-06-16 14:49:18,484] {processor.py:163} INFO - Started process (PID=2364) to work on /home/saba/.local/lib/python3.6/site-packages/airflow/example_dags/example_branch_operator.py
[2022-06-16 14:49:18,488] {processor.py:642} INFO - Processing file /home/saba/.local/lib/python3.6/site-packages/airflow/example_dags/example_branch_operator.py for tasks to queue
[2022-06-16 14:49:18,490] {logging_mixin.py:109} INFO - [2022-06-16 14:49:18,490] {dagbag.py:500} INFO - Filling up the DagBag from /home/saba/.local/lib/python3.6/site-packages/airflow/example_dags/example_branch_operator.py
[2022-06-16 14:49:18,545] {processor.py:652} INFO - DAG(s) dict_keys(['example_branch_operator']) retrieved from /home/saba/.local/lib/python3.6/site-packages/airflow/example_dags/example_branch_operator.py
[2022-06-16 14:49:18,581] {logging_mixin.py:109} INFO - [2022-06-16 14:49:18,581] {dag.py:2398} INFO - Sync 1 DAGs
[2022-06-16 14:49:18,629] {logging_mixin.py:109} INFO - [2022-06-16 14:49:18,629] {dag.py:2937} INFO - Setting next_dagrun for example_branch_operator to 2022-06-15 00:00:00+00:00
[2022-06-16 14:49:18,664] {processor.py:171} INFO - Processing /home/saba/.local/lib/python3.6/site-packages/airflow/example_dags/example_branch_operator.py took 0.187 seconds
[2022-06-16 14:50:06,649] {processor.py:163} INFO - Started process (PID=2613) to work on /home/saba/.local/lib/python3.6/site-packages/airflow/example_dags/example_branch_operator.py
[2022-06-16 14:50:06,652] {processor.py:642} INFO - Processing file /home/saba/.local/lib/python3.6/site-packages/airflow/example_dags/example_branch_operator.py for tasks to queue
[2022-06-16 14:50:06,654] {logging_mixin.py:109} INFO - [2022-06-16 14:50:06,654] {dagbag.py:500} INFO - Filling up the DagBag from /home/saba/.local/lib/python3.6/site-packages/airflow/example_dags/example_branch_operator.py
[2022-06-16 14:50:06,703] {processor.py:652} INFO - DAG(s) dict_keys(['example_branch_operator']) retrieved from /home/saba/.local/lib/python3.6/site-packages/airflow/example_dags/example_branch_operator.py
[2022-06-16 14:50:06,745] {logging_mixin.py:109} INFO - [2022-06-16 14:50:06,745] {dag.py:2398} INFO - Sync 1 DAGs
[2022-06-16 14:50:06,797] {logging_mixin.py:109} INFO - [2022-06-16 14:50:06,797] {dag.py:2937} INFO - Setting next_dagrun for example_branch_operator to 2022-06-15 00:00:00+00:00
[2022-06-16 14:50:06,824] {processor.py:171} INFO - Processing /home/saba/.local/lib/python3.6/site-packages/airflow/example_dags/example_branch_operator.py took 0.182 seconds
[2022-06-16 14:51:30,149] {processor.py:163} INFO - Started process (PID=2714) to work on /home/saba/.local/lib/python3.6/site-packages/airflow/example_dags/example_branch_operator.py
[2022-06-16 14:51:30,152] {processor.py:642} INFO - Processing file /home/saba/.local/lib/python3.6/site-packages/airflow/example_dags/example_branch_operator.py for tasks to queue
[2022-06-16 14:51:30,153] {logging_mixin.py:109} INFO - [2022-06-16 14:51:30,152] {dagbag.py:500} INFO - Filling up the DagBag from /home/saba/.local/lib/python3.6/site-packages/airflow/example_dags/example_branch_operator.py
[2022-06-16 14:51:30,186] {processor.py:652} INFO - DAG(s) dict_keys(['example_branch_operator']) retrieved from /home/saba/.local/lib/python3.6/site-packages/airflow/example_dags/example_branch_operator.py
[2022-06-16 14:51:30,209] {logging_mixin.py:109} INFO - [2022-06-16 14:51:30,209] {dag.py:2398} INFO - Sync 1 DAGs
[2022-06-16 14:51:30,238] {logging_mixin.py:109} INFO - [2022-06-16 14:51:30,238] {dag.py:2937} INFO - Setting next_dagrun for example_branch_operator to 2022-06-15 00:00:00+00:00
[2022-06-16 14:51:30,260] {processor.py:171} INFO - Processing /home/saba/.local/lib/python3.6/site-packages/airflow/example_dags/example_branch_operator.py took 0.115 seconds
[2022-06-16 14:52:50,872] {processor.py:163} INFO - Started process (PID=3149) to work on /home/saba/.local/lib/python3.6/site-packages/airflow/example_dags/example_branch_operator.py
[2022-06-16 14:52:50,875] {processor.py:642} INFO - Processing file /home/saba/.local/lib/python3.6/site-packages/airflow/example_dags/example_branch_operator.py for tasks to queue
[2022-06-16 14:52:50,878] {logging_mixin.py:109} INFO - [2022-06-16 14:52:50,877] {dagbag.py:500} INFO - Filling up the DagBag from /home/saba/.local/lib/python3.6/site-packages/airflow/example_dags/example_branch_operator.py
[2022-06-16 14:52:50,926] {processor.py:652} INFO - DAG(s) dict_keys(['example_branch_operator']) retrieved from /home/saba/.local/lib/python3.6/site-packages/airflow/example_dags/example_branch_operator.py
[2022-06-16 14:52:50,973] {logging_mixin.py:109} INFO - [2022-06-16 14:52:50,973] {dag.py:2398} INFO - Sync 1 DAGs
[2022-06-16 14:52:51,030] {logging_mixin.py:109} INFO - [2022-06-16 14:52:51,030] {dag.py:2937} INFO - Setting next_dagrun for example_branch_operator to 2022-06-15 00:00:00+00:00
[2022-06-16 14:52:51,062] {processor.py:171} INFO - Processing /home/saba/.local/lib/python3.6/site-packages/airflow/example_dags/example_branch_operator.py took 0.198 seconds
[2022-06-16 14:53:29,254] {processor.py:163} INFO - Started process (PID=3299) to work on /home/saba/.local/lib/python3.6/site-packages/airflow/example_dags/example_branch_operator.py
[2022-06-16 14:53:29,256] {processor.py:642} INFO - Processing file /home/saba/.local/lib/python3.6/site-packages/airflow/example_dags/example_branch_operator.py for tasks to queue
[2022-06-16 14:53:29,257] {logging_mixin.py:109} INFO - [2022-06-16 14:53:29,257] {dagbag.py:500} INFO - Filling up the DagBag from /home/saba/.local/lib/python3.6/site-packages/airflow/example_dags/example_branch_operator.py
[2022-06-16 14:53:29,290] {processor.py:652} INFO - DAG(s) dict_keys(['example_branch_operator']) retrieved from /home/saba/.local/lib/python3.6/site-packages/airflow/example_dags/example_branch_operator.py
[2022-06-16 14:53:29,310] {logging_mixin.py:109} INFO - [2022-06-16 14:53:29,310] {dag.py:2398} INFO - Sync 1 DAGs
[2022-06-16 14:53:29,336] {logging_mixin.py:109} INFO - [2022-06-16 14:53:29,336] {dag.py:2937} INFO - Setting next_dagrun for example_branch_operator to 2022-06-15 00:00:00+00:00
[2022-06-16 14:53:29,357] {processor.py:171} INFO - Processing /home/saba/.local/lib/python3.6/site-packages/airflow/example_dags/example_branch_operator.py took 0.107 seconds
[2022-06-16 14:54:47,337] {processor.py:163} INFO - Started process (PID=3612) to work on /home/saba/.local/lib/python3.6/site-packages/airflow/example_dags/example_branch_operator.py
[2022-06-16 14:54:47,340] {processor.py:642} INFO - Processing file /home/saba/.local/lib/python3.6/site-packages/airflow/example_dags/example_branch_operator.py for tasks to queue
[2022-06-16 14:54:47,342] {logging_mixin.py:109} INFO - [2022-06-16 14:54:47,341] {dagbag.py:500} INFO - Filling up the DagBag from /home/saba/.local/lib/python3.6/site-packages/airflow/example_dags/example_branch_operator.py
[2022-06-16 14:54:47,396] {processor.py:652} INFO - DAG(s) dict_keys(['example_branch_operator']) retrieved from /home/saba/.local/lib/python3.6/site-packages/airflow/example_dags/example_branch_operator.py
[2022-06-16 14:54:47,428] {logging_mixin.py:109} INFO - [2022-06-16 14:54:47,428] {dag.py:2398} INFO - Sync 1 DAGs
[2022-06-16 14:54:47,470] {logging_mixin.py:109} INFO - [2022-06-16 14:54:47,470] {dag.py:2937} INFO - Setting next_dagrun for example_branch_operator to 2022-06-15 00:00:00+00:00
[2022-06-16 14:54:47,498] {processor.py:171} INFO - Processing /home/saba/.local/lib/python3.6/site-packages/airflow/example_dags/example_branch_operator.py took 0.167 seconds
[2022-06-16 14:56:16,962] {processor.py:163} INFO - Started process (PID=4273) to work on /home/saba/.local/lib/python3.6/site-packages/airflow/example_dags/example_branch_operator.py
[2022-06-16 14:56:16,968] {processor.py:642} INFO - Processing file /home/saba/.local/lib/python3.6/site-packages/airflow/example_dags/example_branch_operator.py for tasks to queue
[2022-06-16 14:56:16,971] {logging_mixin.py:109} INFO - [2022-06-16 14:56:16,970] {dagbag.py:500} INFO - Filling up the DagBag from /home/saba/.local/lib/python3.6/site-packages/airflow/example_dags/example_branch_operator.py
[2022-06-16 14:56:17,068] {processor.py:652} INFO - DAG(s) dict_keys(['example_branch_operator']) retrieved from /home/saba/.local/lib/python3.6/site-packages/airflow/example_dags/example_branch_operator.py
[2022-06-16 14:56:17,137] {logging_mixin.py:109} INFO - [2022-06-16 14:56:17,137] {dag.py:2398} INFO - Sync 1 DAGs
[2022-06-16 14:56:17,235] {logging_mixin.py:109} INFO - [2022-06-16 14:56:17,234] {dag.py:2937} INFO - Setting next_dagrun for example_branch_operator to 2022-06-15 00:00:00+00:00
[2022-06-16 14:56:17,279] {processor.py:171} INFO - Processing /home/saba/.local/lib/python3.6/site-packages/airflow/example_dags/example_branch_operator.py took 0.327 seconds
[2022-06-16 14:57:05,944] {processor.py:163} INFO - Started process (PID=5680) to work on /home/saba/.local/lib/python3.6/site-packages/airflow/example_dags/example_branch_operator.py
[2022-06-16 14:57:05,951] {processor.py:642} INFO - Processing file /home/saba/.local/lib/python3.6/site-packages/airflow/example_dags/example_branch_operator.py for tasks to queue
[2022-06-16 14:57:05,953] {logging_mixin.py:109} INFO - [2022-06-16 14:57:05,953] {dagbag.py:500} INFO - Filling up the DagBag from /home/saba/.local/lib/python3.6/site-packages/airflow/example_dags/example_branch_operator.py
[2022-06-16 14:57:06,037] {processor.py:652} INFO - DAG(s) dict_keys(['example_branch_operator']) retrieved from /home/saba/.local/lib/python3.6/site-packages/airflow/example_dags/example_branch_operator.py
[2022-06-16 14:57:06,098] {logging_mixin.py:109} INFO - [2022-06-16 14:57:06,098] {dag.py:2398} INFO - Sync 1 DAGs
[2022-06-16 14:57:06,187] {logging_mixin.py:109} INFO - [2022-06-16 14:57:06,185] {dag.py:2937} INFO - Setting next_dagrun for example_branch_operator to 2022-06-15 00:00:00+00:00
[2022-06-16 14:57:06,235] {processor.py:171} INFO - Processing /home/saba/.local/lib/python3.6/site-packages/airflow/example_dags/example_branch_operator.py took 0.302 seconds
