[2022-06-16 14:00:03,295] {processor.py:163} INFO - Started process (PID=755) to work on /home/saba/airflow_venv/airflow_venv/lib/python3.6/site-packages/airflow/example_dags/example_branch_datetime_operator.py
[2022-06-16 14:00:03,298] {processor.py:642} INFO - Processing file /home/saba/airflow_venv/airflow_venv/lib/python3.6/site-packages/airflow/example_dags/example_branch_datetime_operator.py for tasks to queue
[2022-06-16 14:00:03,300] {logging_mixin.py:109} INFO - [2022-06-16 14:00:03,299] {dagbag.py:500} INFO - Filling up the DagBag from /home/saba/airflow_venv/airflow_venv/lib/python3.6/site-packages/airflow/example_dags/example_branch_datetime_operator.py
[2022-06-16 14:00:03,353] {processor.py:652} INFO - DAG(s) dict_keys(['example_branch_datetime_operator_2']) retrieved from /home/saba/airflow_venv/airflow_venv/lib/python3.6/site-packages/airflow/example_dags/example_branch_datetime_operator.py
[2022-06-16 14:00:03,398] {logging_mixin.py:109} INFO - [2022-06-16 14:00:03,397] {dag.py:2398} INFO - Sync 1 DAGs
[2022-06-16 14:00:03,465] {logging_mixin.py:109} INFO - [2022-06-16 14:00:03,465] {dag.py:2937} INFO - Setting next_dagrun for example_branch_datetime_operator_2 to 2022-06-15 00:00:00+00:00
[2022-06-16 14:00:03,505] {processor.py:171} INFO - Processing /home/saba/airflow_venv/airflow_venv/lib/python3.6/site-packages/airflow/example_dags/example_branch_datetime_operator.py took 0.218 seconds
[2022-06-16 14:00:51,099] {processor.py:163} INFO - Started process (PID=988) to work on /home/saba/airflow_venv/airflow_venv/lib/python3.6/site-packages/airflow/example_dags/example_branch_datetime_operator.py
[2022-06-16 14:00:51,113] {processor.py:642} INFO - Processing file /home/saba/airflow_venv/airflow_venv/lib/python3.6/site-packages/airflow/example_dags/example_branch_datetime_operator.py for tasks to queue
[2022-06-16 14:00:51,116] {logging_mixin.py:109} INFO - [2022-06-16 14:00:51,116] {dagbag.py:500} INFO - Filling up the DagBag from /home/saba/airflow_venv/airflow_venv/lib/python3.6/site-packages/airflow/example_dags/example_branch_datetime_operator.py
[2022-06-16 14:00:51,173] {processor.py:652} INFO - DAG(s) dict_keys(['example_branch_datetime_operator_2']) retrieved from /home/saba/airflow_venv/airflow_venv/lib/python3.6/site-packages/airflow/example_dags/example_branch_datetime_operator.py
[2022-06-16 14:00:51,220] {logging_mixin.py:109} INFO - [2022-06-16 14:00:51,220] {dag.py:2398} INFO - Sync 1 DAGs
[2022-06-16 14:00:51,297] {logging_mixin.py:109} INFO - [2022-06-16 14:00:51,296] {dag.py:2937} INFO - Setting next_dagrun for example_branch_datetime_operator_2 to 2022-06-15 00:00:00+00:00
[2022-06-16 14:00:51,337] {processor.py:171} INFO - Processing /home/saba/airflow_venv/airflow_venv/lib/python3.6/site-packages/airflow/example_dags/example_branch_datetime_operator.py took 0.247 seconds
[2022-06-16 14:02:14,843] {processor.py:163} INFO - Started process (PID=1406) to work on /home/saba/airflow_venv/airflow_venv/lib/python3.6/site-packages/airflow/example_dags/example_branch_datetime_operator.py
[2022-06-16 14:02:14,846] {processor.py:642} INFO - Processing file /home/saba/airflow_venv/airflow_venv/lib/python3.6/site-packages/airflow/example_dags/example_branch_datetime_operator.py for tasks to queue
[2022-06-16 14:02:14,848] {logging_mixin.py:109} INFO - [2022-06-16 14:02:14,847] {dagbag.py:500} INFO - Filling up the DagBag from /home/saba/airflow_venv/airflow_venv/lib/python3.6/site-packages/airflow/example_dags/example_branch_datetime_operator.py
[2022-06-16 14:02:14,895] {processor.py:652} INFO - DAG(s) dict_keys(['example_branch_datetime_operator_2']) retrieved from /home/saba/airflow_venv/airflow_venv/lib/python3.6/site-packages/airflow/example_dags/example_branch_datetime_operator.py
[2022-06-16 14:02:14,943] {logging_mixin.py:109} INFO - [2022-06-16 14:02:14,943] {dag.py:2398} INFO - Sync 1 DAGs
[2022-06-16 14:02:14,995] {logging_mixin.py:109} INFO - [2022-06-16 14:02:14,995] {dag.py:2937} INFO - Setting next_dagrun for example_branch_datetime_operator_2 to 2022-06-15 00:00:00+00:00
[2022-06-16 14:02:15,031] {processor.py:171} INFO - Processing /home/saba/airflow_venv/airflow_venv/lib/python3.6/site-packages/airflow/example_dags/example_branch_datetime_operator.py took 0.196 seconds
[2022-06-16 14:03:42,011] {processor.py:163} INFO - Started process (PID=1821) to work on /home/saba/airflow_venv/airflow_venv/lib/python3.6/site-packages/airflow/example_dags/example_branch_datetime_operator.py
[2022-06-16 14:03:42,014] {processor.py:642} INFO - Processing file /home/saba/airflow_venv/airflow_venv/lib/python3.6/site-packages/airflow/example_dags/example_branch_datetime_operator.py for tasks to queue
[2022-06-16 14:03:42,015] {logging_mixin.py:109} INFO - [2022-06-16 14:03:42,015] {dagbag.py:500} INFO - Filling up the DagBag from /home/saba/airflow_venv/airflow_venv/lib/python3.6/site-packages/airflow/example_dags/example_branch_datetime_operator.py
[2022-06-16 14:03:42,066] {processor.py:652} INFO - DAG(s) dict_keys(['example_branch_datetime_operator_2']) retrieved from /home/saba/airflow_venv/airflow_venv/lib/python3.6/site-packages/airflow/example_dags/example_branch_datetime_operator.py
[2022-06-16 14:03:42,103] {logging_mixin.py:109} INFO - [2022-06-16 14:03:42,103] {dag.py:2398} INFO - Sync 1 DAGs
[2022-06-16 14:03:42,155] {logging_mixin.py:109} INFO - [2022-06-16 14:03:42,155] {dag.py:2937} INFO - Setting next_dagrun for example_branch_datetime_operator_2 to 2022-06-15 00:00:00+00:00
[2022-06-16 14:03:42,190] {processor.py:171} INFO - Processing /home/saba/airflow_venv/airflow_venv/lib/python3.6/site-packages/airflow/example_dags/example_branch_datetime_operator.py took 0.186 seconds
[2022-06-16 14:05:02,764] {processor.py:163} INFO - Started process (PID=2248) to work on /home/saba/airflow_venv/airflow_venv/lib/python3.6/site-packages/airflow/example_dags/example_branch_datetime_operator.py
[2022-06-16 14:05:02,776] {processor.py:642} INFO - Processing file /home/saba/airflow_venv/airflow_venv/lib/python3.6/site-packages/airflow/example_dags/example_branch_datetime_operator.py for tasks to queue
[2022-06-16 14:05:02,778] {logging_mixin.py:109} INFO - [2022-06-16 14:05:02,777] {dagbag.py:500} INFO - Filling up the DagBag from /home/saba/airflow_venv/airflow_venv/lib/python3.6/site-packages/airflow/example_dags/example_branch_datetime_operator.py
[2022-06-16 14:05:02,818] {processor.py:652} INFO - DAG(s) dict_keys(['example_branch_datetime_operator_2']) retrieved from /home/saba/airflow_venv/airflow_venv/lib/python3.6/site-packages/airflow/example_dags/example_branch_datetime_operator.py
[2022-06-16 14:05:02,854] {logging_mixin.py:109} INFO - [2022-06-16 14:05:02,854] {dag.py:2398} INFO - Sync 1 DAGs
[2022-06-16 14:05:02,905] {logging_mixin.py:109} INFO - [2022-06-16 14:05:02,905] {dag.py:2937} INFO - Setting next_dagrun for example_branch_datetime_operator_2 to 2022-06-15 00:00:00+00:00
[2022-06-16 14:05:02,944] {processor.py:171} INFO - Processing /home/saba/airflow_venv/airflow_venv/lib/python3.6/site-packages/airflow/example_dags/example_branch_datetime_operator.py took 0.186 seconds
[2022-06-16 14:06:28,709] {processor.py:163} INFO - Started process (PID=2686) to work on /home/saba/airflow_venv/airflow_venv/lib/python3.6/site-packages/airflow/example_dags/example_branch_datetime_operator.py
[2022-06-16 14:06:28,721] {processor.py:642} INFO - Processing file /home/saba/airflow_venv/airflow_venv/lib/python3.6/site-packages/airflow/example_dags/example_branch_datetime_operator.py for tasks to queue
[2022-06-16 14:06:28,723] {logging_mixin.py:109} INFO - [2022-06-16 14:06:28,723] {dagbag.py:500} INFO - Filling up the DagBag from /home/saba/airflow_venv/airflow_venv/lib/python3.6/site-packages/airflow/example_dags/example_branch_datetime_operator.py
[2022-06-16 14:06:28,769] {processor.py:652} INFO - DAG(s) dict_keys(['example_branch_datetime_operator_2']) retrieved from /home/saba/airflow_venv/airflow_venv/lib/python3.6/site-packages/airflow/example_dags/example_branch_datetime_operator.py
[2022-06-16 14:06:28,805] {logging_mixin.py:109} INFO - [2022-06-16 14:06:28,804] {dag.py:2398} INFO - Sync 1 DAGs
[2022-06-16 14:06:28,849] {logging_mixin.py:109} INFO - [2022-06-16 14:06:28,848] {dag.py:2937} INFO - Setting next_dagrun for example_branch_datetime_operator_2 to 2022-06-15 00:00:00+00:00
[2022-06-16 14:06:28,882] {processor.py:171} INFO - Processing /home/saba/airflow_venv/airflow_venv/lib/python3.6/site-packages/airflow/example_dags/example_branch_datetime_operator.py took 0.179 seconds
[2022-06-16 14:07:49,966] {processor.py:163} INFO - Started process (PID=3176) to work on /home/saba/airflow_venv/airflow_venv/lib/python3.6/site-packages/airflow/example_dags/example_branch_datetime_operator.py
[2022-06-16 14:07:49,969] {processor.py:642} INFO - Processing file /home/saba/airflow_venv/airflow_venv/lib/python3.6/site-packages/airflow/example_dags/example_branch_datetime_operator.py for tasks to queue
[2022-06-16 14:07:49,970] {logging_mixin.py:109} INFO - [2022-06-16 14:07:49,970] {dagbag.py:500} INFO - Filling up the DagBag from /home/saba/airflow_venv/airflow_venv/lib/python3.6/site-packages/airflow/example_dags/example_branch_datetime_operator.py
[2022-06-16 14:07:50,007] {processor.py:652} INFO - DAG(s) dict_keys(['example_branch_datetime_operator_2']) retrieved from /home/saba/airflow_venv/airflow_venv/lib/python3.6/site-packages/airflow/example_dags/example_branch_datetime_operator.py
[2022-06-16 14:07:50,039] {logging_mixin.py:109} INFO - [2022-06-16 14:07:50,039] {dag.py:2398} INFO - Sync 1 DAGs
[2022-06-16 14:07:50,076] {logging_mixin.py:109} INFO - [2022-06-16 14:07:50,076] {dag.py:2937} INFO - Setting next_dagrun for example_branch_datetime_operator_2 to 2022-06-15 00:00:00+00:00
[2022-06-16 14:07:50,107] {processor.py:171} INFO - Processing /home/saba/airflow_venv/airflow_venv/lib/python3.6/site-packages/airflow/example_dags/example_branch_datetime_operator.py took 0.148 seconds
[2022-06-16 14:09:10,869] {processor.py:163} INFO - Started process (PID=3641) to work on /home/saba/airflow_venv/airflow_venv/lib/python3.6/site-packages/airflow/example_dags/example_branch_datetime_operator.py
[2022-06-16 14:09:10,872] {processor.py:642} INFO - Processing file /home/saba/airflow_venv/airflow_venv/lib/python3.6/site-packages/airflow/example_dags/example_branch_datetime_operator.py for tasks to queue
[2022-06-16 14:09:10,874] {logging_mixin.py:109} INFO - [2022-06-16 14:09:10,874] {dagbag.py:500} INFO - Filling up the DagBag from /home/saba/airflow_venv/airflow_venv/lib/python3.6/site-packages/airflow/example_dags/example_branch_datetime_operator.py
[2022-06-16 14:09:10,909] {processor.py:652} INFO - DAG(s) dict_keys(['example_branch_datetime_operator_2']) retrieved from /home/saba/airflow_venv/airflow_venv/lib/python3.6/site-packages/airflow/example_dags/example_branch_datetime_operator.py
[2022-06-16 14:09:10,943] {logging_mixin.py:109} INFO - [2022-06-16 14:09:10,943] {dag.py:2398} INFO - Sync 1 DAGs
[2022-06-16 14:09:10,988] {logging_mixin.py:109} INFO - [2022-06-16 14:09:10,988] {dag.py:2937} INFO - Setting next_dagrun for example_branch_datetime_operator_2 to 2022-06-15 00:00:00+00:00
[2022-06-16 14:09:11,015] {processor.py:171} INFO - Processing /home/saba/airflow_venv/airflow_venv/lib/python3.6/site-packages/airflow/example_dags/example_branch_datetime_operator.py took 0.152 seconds
[2022-06-16 14:10:33,731] {processor.py:163} INFO - Started process (PID=4143) to work on /home/saba/airflow_venv/airflow_venv/lib/python3.6/site-packages/airflow/example_dags/example_branch_datetime_operator.py
[2022-06-16 14:10:33,743] {processor.py:642} INFO - Processing file /home/saba/airflow_venv/airflow_venv/lib/python3.6/site-packages/airflow/example_dags/example_branch_datetime_operator.py for tasks to queue
[2022-06-16 14:10:33,744] {logging_mixin.py:109} INFO - [2022-06-16 14:10:33,744] {dagbag.py:500} INFO - Filling up the DagBag from /home/saba/airflow_venv/airflow_venv/lib/python3.6/site-packages/airflow/example_dags/example_branch_datetime_operator.py
[2022-06-16 14:10:33,778] {processor.py:652} INFO - DAG(s) dict_keys(['example_branch_datetime_operator_2']) retrieved from /home/saba/airflow_venv/airflow_venv/lib/python3.6/site-packages/airflow/example_dags/example_branch_datetime_operator.py
[2022-06-16 14:10:33,814] {logging_mixin.py:109} INFO - [2022-06-16 14:10:33,814] {dag.py:2398} INFO - Sync 1 DAGs
[2022-06-16 14:10:33,851] {logging_mixin.py:109} INFO - [2022-06-16 14:10:33,851] {dag.py:2937} INFO - Setting next_dagrun for example_branch_datetime_operator_2 to 2022-06-15 00:00:00+00:00
[2022-06-16 14:10:33,886] {processor.py:171} INFO - Processing /home/saba/airflow_venv/airflow_venv/lib/python3.6/site-packages/airflow/example_dags/example_branch_datetime_operator.py took 0.162 seconds
[2022-06-16 14:11:57,214] {processor.py:163} INFO - Started process (PID=4586) to work on /home/saba/airflow_venv/airflow_venv/lib/python3.6/site-packages/airflow/example_dags/example_branch_datetime_operator.py
[2022-06-16 14:11:57,219] {processor.py:642} INFO - Processing file /home/saba/airflow_venv/airflow_venv/lib/python3.6/site-packages/airflow/example_dags/example_branch_datetime_operator.py for tasks to queue
[2022-06-16 14:11:57,222] {logging_mixin.py:109} INFO - [2022-06-16 14:11:57,221] {dagbag.py:500} INFO - Filling up the DagBag from /home/saba/airflow_venv/airflow_venv/lib/python3.6/site-packages/airflow/example_dags/example_branch_datetime_operator.py
[2022-06-16 14:11:57,313] {processor.py:652} INFO - DAG(s) dict_keys(['example_branch_datetime_operator_2']) retrieved from /home/saba/airflow_venv/airflow_venv/lib/python3.6/site-packages/airflow/example_dags/example_branch_datetime_operator.py
[2022-06-16 14:11:57,409] {logging_mixin.py:109} INFO - [2022-06-16 14:11:57,409] {dag.py:2398} INFO - Sync 1 DAGs
[2022-06-16 14:11:57,508] {logging_mixin.py:109} INFO - [2022-06-16 14:11:57,507] {dag.py:2937} INFO - Setting next_dagrun for example_branch_datetime_operator_2 to 2022-06-15 00:00:00+00:00
[2022-06-16 14:11:57,560] {processor.py:171} INFO - Processing /home/saba/airflow_venv/airflow_venv/lib/python3.6/site-packages/airflow/example_dags/example_branch_datetime_operator.py took 0.363 seconds
[2022-06-16 14:12:46,987] {processor.py:163} INFO - Started process (PID=4787) to work on /home/saba/airflow_venv/airflow_venv/lib/python3.6/site-packages/airflow/example_dags/example_branch_datetime_operator.py
[2022-06-16 14:12:46,991] {processor.py:642} INFO - Processing file /home/saba/airflow_venv/airflow_venv/lib/python3.6/site-packages/airflow/example_dags/example_branch_datetime_operator.py for tasks to queue
[2022-06-16 14:12:46,994] {logging_mixin.py:109} INFO - [2022-06-16 14:12:46,993] {dagbag.py:500} INFO - Filling up the DagBag from /home/saba/airflow_venv/airflow_venv/lib/python3.6/site-packages/airflow/example_dags/example_branch_datetime_operator.py
[2022-06-16 14:12:47,074] {processor.py:652} INFO - DAG(s) dict_keys(['example_branch_datetime_operator_2']) retrieved from /home/saba/airflow_venv/airflow_venv/lib/python3.6/site-packages/airflow/example_dags/example_branch_datetime_operator.py
[2022-06-16 14:12:47,132] {logging_mixin.py:109} INFO - [2022-06-16 14:12:47,130] {dag.py:2398} INFO - Sync 1 DAGs
[2022-06-16 14:12:47,208] {logging_mixin.py:109} INFO - [2022-06-16 14:12:47,207] {dag.py:2937} INFO - Setting next_dagrun for example_branch_datetime_operator_2 to 2022-06-15 00:00:00+00:00
[2022-06-16 14:12:47,254] {processor.py:171} INFO - Processing /home/saba/airflow_venv/airflow_venv/lib/python3.6/site-packages/airflow/example_dags/example_branch_datetime_operator.py took 0.279 seconds
[2022-06-16 14:13:38,685] {processor.py:163} INFO - Started process (PID=4987) to work on /home/saba/airflow_venv/airflow_venv/lib/python3.6/site-packages/airflow/example_dags/example_branch_datetime_operator.py
[2022-06-16 14:13:38,689] {processor.py:642} INFO - Processing file /home/saba/airflow_venv/airflow_venv/lib/python3.6/site-packages/airflow/example_dags/example_branch_datetime_operator.py for tasks to queue
[2022-06-16 14:13:38,691] {logging_mixin.py:109} INFO - [2022-06-16 14:13:38,691] {dagbag.py:500} INFO - Filling up the DagBag from /home/saba/airflow_venv/airflow_venv/lib/python3.6/site-packages/airflow/example_dags/example_branch_datetime_operator.py
[2022-06-16 14:13:38,747] {processor.py:652} INFO - DAG(s) dict_keys(['example_branch_datetime_operator_2']) retrieved from /home/saba/airflow_venv/airflow_venv/lib/python3.6/site-packages/airflow/example_dags/example_branch_datetime_operator.py
[2022-06-16 14:13:38,798] {logging_mixin.py:109} INFO - [2022-06-16 14:13:38,797] {dag.py:2398} INFO - Sync 1 DAGs
[2022-06-16 14:13:38,859] {logging_mixin.py:109} INFO - [2022-06-16 14:13:38,859] {dag.py:2937} INFO - Setting next_dagrun for example_branch_datetime_operator_2 to 2022-06-15 00:00:00+00:00
[2022-06-16 14:13:38,896] {processor.py:171} INFO - Processing /home/saba/airflow_venv/airflow_venv/lib/python3.6/site-packages/airflow/example_dags/example_branch_datetime_operator.py took 0.217 seconds
[2022-06-16 14:14:32,737] {processor.py:163} INFO - Started process (PID=5161) to work on /home/saba/airflow_venv/airflow_venv/lib/python3.6/site-packages/airflow/example_dags/example_branch_datetime_operator.py
[2022-06-16 14:14:32,741] {processor.py:642} INFO - Processing file /home/saba/airflow_venv/airflow_venv/lib/python3.6/site-packages/airflow/example_dags/example_branch_datetime_operator.py for tasks to queue
[2022-06-16 14:14:32,754] {logging_mixin.py:109} INFO - [2022-06-16 14:14:32,753] {dagbag.py:500} INFO - Filling up the DagBag from /home/saba/airflow_venv/airflow_venv/lib/python3.6/site-packages/airflow/example_dags/example_branch_datetime_operator.py
[2022-06-16 14:14:32,842] {processor.py:652} INFO - DAG(s) dict_keys(['example_branch_datetime_operator_2']) retrieved from /home/saba/airflow_venv/airflow_venv/lib/python3.6/site-packages/airflow/example_dags/example_branch_datetime_operator.py
[2022-06-16 14:14:32,899] {logging_mixin.py:109} INFO - [2022-06-16 14:14:32,898] {dag.py:2398} INFO - Sync 1 DAGs
[2022-06-16 14:14:32,993] {logging_mixin.py:109} INFO - [2022-06-16 14:14:32,992] {dag.py:2937} INFO - Setting next_dagrun for example_branch_datetime_operator_2 to 2022-06-15 00:00:00+00:00
[2022-06-16 14:14:33,074] {processor.py:171} INFO - Processing /home/saba/airflow_venv/airflow_venv/lib/python3.6/site-packages/airflow/example_dags/example_branch_datetime_operator.py took 0.357 seconds
[2022-06-16 14:15:46,443] {processor.py:163} INFO - Started process (PID=5412) to work on /home/saba/airflow_venv/airflow_venv/lib/python3.6/site-packages/airflow/example_dags/example_branch_datetime_operator.py
[2022-06-16 14:15:46,461] {processor.py:642} INFO - Processing file /home/saba/airflow_venv/airflow_venv/lib/python3.6/site-packages/airflow/example_dags/example_branch_datetime_operator.py for tasks to queue
[2022-06-16 14:15:46,475] {logging_mixin.py:109} INFO - [2022-06-16 14:15:46,474] {dagbag.py:500} INFO - Filling up the DagBag from /home/saba/airflow_venv/airflow_venv/lib/python3.6/site-packages/airflow/example_dags/example_branch_datetime_operator.py
[2022-06-16 14:15:46,614] {processor.py:652} INFO - DAG(s) dict_keys(['example_branch_datetime_operator_2']) retrieved from /home/saba/airflow_venv/airflow_venv/lib/python3.6/site-packages/airflow/example_dags/example_branch_datetime_operator.py
[2022-06-16 14:15:46,694] {logging_mixin.py:109} INFO - [2022-06-16 14:15:46,694] {dag.py:2398} INFO - Sync 1 DAGs
[2022-06-16 14:15:47,405] {logging_mixin.py:109} INFO - [2022-06-16 14:15:47,404] {dag.py:2937} INFO - Setting next_dagrun for example_branch_datetime_operator_2 to 2022-06-15 00:00:00+00:00
[2022-06-16 14:15:47,529] {processor.py:171} INFO - Processing /home/saba/airflow_venv/airflow_venv/lib/python3.6/site-packages/airflow/example_dags/example_branch_datetime_operator.py took 1.106 seconds
[2022-06-16 14:17:10,611] {processor.py:163} INFO - Started process (PID=7866) to work on /home/saba/airflow_venv/airflow_venv/lib/python3.6/site-packages/airflow/example_dags/example_branch_datetime_operator.py
[2022-06-16 14:17:10,615] {processor.py:642} INFO - Processing file /home/saba/airflow_venv/airflow_venv/lib/python3.6/site-packages/airflow/example_dags/example_branch_datetime_operator.py for tasks to queue
[2022-06-16 14:17:10,626] {logging_mixin.py:109} INFO - [2022-06-16 14:17:10,626] {dagbag.py:500} INFO - Filling up the DagBag from /home/saba/airflow_venv/airflow_venv/lib/python3.6/site-packages/airflow/example_dags/example_branch_datetime_operator.py
[2022-06-16 14:17:10,746] {processor.py:652} INFO - DAG(s) dict_keys(['example_branch_datetime_operator_2']) retrieved from /home/saba/airflow_venv/airflow_venv/lib/python3.6/site-packages/airflow/example_dags/example_branch_datetime_operator.py
[2022-06-16 14:17:10,829] {logging_mixin.py:109} INFO - [2022-06-16 14:17:10,827] {dag.py:2398} INFO - Sync 1 DAGs
[2022-06-16 14:17:11,096] {logging_mixin.py:109} INFO - [2022-06-16 14:17:11,096] {dag.py:2937} INFO - Setting next_dagrun for example_branch_datetime_operator_2 to 2022-06-15 00:00:00+00:00
[2022-06-16 14:17:11,137] {processor.py:171} INFO - Processing /home/saba/airflow_venv/airflow_venv/lib/python3.6/site-packages/airflow/example_dags/example_branch_datetime_operator.py took 0.535 seconds
[2022-06-16 14:18:18,567] {processor.py:163} INFO - Started process (PID=8061) to work on /home/saba/airflow_venv/airflow_venv/lib/python3.6/site-packages/airflow/example_dags/example_branch_datetime_operator.py
[2022-06-16 14:18:18,572] {processor.py:642} INFO - Processing file /home/saba/airflow_venv/airflow_venv/lib/python3.6/site-packages/airflow/example_dags/example_branch_datetime_operator.py for tasks to queue
[2022-06-16 14:18:18,576] {logging_mixin.py:109} INFO - [2022-06-16 14:18:18,575] {dagbag.py:500} INFO - Filling up the DagBag from /home/saba/airflow_venv/airflow_venv/lib/python3.6/site-packages/airflow/example_dags/example_branch_datetime_operator.py
[2022-06-16 14:18:18,694] {processor.py:652} INFO - DAG(s) dict_keys(['example_branch_datetime_operator_2']) retrieved from /home/saba/airflow_venv/airflow_venv/lib/python3.6/site-packages/airflow/example_dags/example_branch_datetime_operator.py
[2022-06-16 14:18:19,068] {logging_mixin.py:109} INFO - [2022-06-16 14:18:19,067] {dag.py:2398} INFO - Sync 1 DAGs
[2022-06-16 14:18:19,155] {logging_mixin.py:109} INFO - [2022-06-16 14:18:19,154] {dag.py:2937} INFO - Setting next_dagrun for example_branch_datetime_operator_2 to 2022-06-15 00:00:00+00:00
[2022-06-16 14:18:19,209] {processor.py:171} INFO - Processing /home/saba/airflow_venv/airflow_venv/lib/python3.6/site-packages/airflow/example_dags/example_branch_datetime_operator.py took 0.658 seconds
[2022-06-16 14:19:18,653] {processor.py:163} INFO - Started process (PID=8500) to work on /home/saba/airflow_venv/airflow_venv/lib/python3.6/site-packages/airflow/example_dags/example_branch_datetime_operator.py
[2022-06-16 14:19:18,659] {processor.py:642} INFO - Processing file /home/saba/airflow_venv/airflow_venv/lib/python3.6/site-packages/airflow/example_dags/example_branch_datetime_operator.py for tasks to queue
[2022-06-16 14:19:18,662] {logging_mixin.py:109} INFO - [2022-06-16 14:19:18,661] {dagbag.py:500} INFO - Filling up the DagBag from /home/saba/airflow_venv/airflow_venv/lib/python3.6/site-packages/airflow/example_dags/example_branch_datetime_operator.py
[2022-06-16 14:19:18,924] {processor.py:652} INFO - DAG(s) dict_keys(['example_branch_datetime_operator_2']) retrieved from /home/saba/airflow_venv/airflow_venv/lib/python3.6/site-packages/airflow/example_dags/example_branch_datetime_operator.py
[2022-06-16 14:19:18,964] {logging_mixin.py:109} INFO - [2022-06-16 14:19:18,964] {dag.py:2398} INFO - Sync 1 DAGs
[2022-06-16 14:19:19,034] {logging_mixin.py:109} INFO - [2022-06-16 14:19:19,034] {dag.py:2937} INFO - Setting next_dagrun for example_branch_datetime_operator_2 to 2022-06-15 00:00:00+00:00
[2022-06-16 14:19:19,088] {processor.py:171} INFO - Processing /home/saba/airflow_venv/airflow_venv/lib/python3.6/site-packages/airflow/example_dags/example_branch_datetime_operator.py took 0.445 seconds
[2022-06-16 14:20:23,124] {processor.py:163} INFO - Started process (PID=8666) to work on /home/saba/airflow_venv/airflow_venv/lib/python3.6/site-packages/airflow/example_dags/example_branch_datetime_operator.py
[2022-06-16 14:20:23,138] {processor.py:642} INFO - Processing file /home/saba/airflow_venv/airflow_venv/lib/python3.6/site-packages/airflow/example_dags/example_branch_datetime_operator.py for tasks to queue
[2022-06-16 14:20:23,141] {logging_mixin.py:109} INFO - [2022-06-16 14:20:23,140] {dagbag.py:500} INFO - Filling up the DagBag from /home/saba/airflow_venv/airflow_venv/lib/python3.6/site-packages/airflow/example_dags/example_branch_datetime_operator.py
[2022-06-16 14:20:23,907] {processor.py:652} INFO - DAG(s) dict_keys(['example_branch_datetime_operator_2']) retrieved from /home/saba/airflow_venv/airflow_venv/lib/python3.6/site-packages/airflow/example_dags/example_branch_datetime_operator.py
[2022-06-16 14:20:24,034] {logging_mixin.py:109} INFO - [2022-06-16 14:20:24,034] {dag.py:2398} INFO - Sync 1 DAGs
[2022-06-16 14:20:24,276] {logging_mixin.py:109} INFO - [2022-06-16 14:20:24,274] {dag.py:2937} INFO - Setting next_dagrun for example_branch_datetime_operator_2 to 2022-06-15 00:00:00+00:00
[2022-06-16 14:20:24,426] {processor.py:171} INFO - Processing /home/saba/airflow_venv/airflow_venv/lib/python3.6/site-packages/airflow/example_dags/example_branch_datetime_operator.py took 1.323 seconds
[2022-06-16 14:21:45,082] {processor.py:163} INFO - Started process (PID=9011) to work on /home/saba/airflow_venv/airflow_venv/lib/python3.6/site-packages/airflow/example_dags/example_branch_datetime_operator.py
[2022-06-16 14:21:45,092] {processor.py:642} INFO - Processing file /home/saba/airflow_venv/airflow_venv/lib/python3.6/site-packages/airflow/example_dags/example_branch_datetime_operator.py for tasks to queue
[2022-06-16 14:21:45,095] {logging_mixin.py:109} INFO - [2022-06-16 14:21:45,094] {dagbag.py:500} INFO - Filling up the DagBag from /home/saba/airflow_venv/airflow_venv/lib/python3.6/site-packages/airflow/example_dags/example_branch_datetime_operator.py
[2022-06-16 14:21:45,202] {processor.py:652} INFO - DAG(s) dict_keys(['example_branch_datetime_operator_2']) retrieved from /home/saba/airflow_venv/airflow_venv/lib/python3.6/site-packages/airflow/example_dags/example_branch_datetime_operator.py
[2022-06-16 14:21:45,286] {logging_mixin.py:109} INFO - [2022-06-16 14:21:45,285] {dag.py:2398} INFO - Sync 1 DAGs
[2022-06-16 14:21:45,390] {logging_mixin.py:109} INFO - [2022-06-16 14:21:45,390] {dag.py:2937} INFO - Setting next_dagrun for example_branch_datetime_operator_2 to 2022-06-15 00:00:00+00:00
[2022-06-16 14:21:45,451] {processor.py:171} INFO - Processing /home/saba/airflow_venv/airflow_venv/lib/python3.6/site-packages/airflow/example_dags/example_branch_datetime_operator.py took 0.385 seconds
[2022-06-16 14:22:47,765] {processor.py:163} INFO - Started process (PID=9215) to work on /home/saba/airflow_venv/airflow_venv/lib/python3.6/site-packages/airflow/example_dags/example_branch_datetime_operator.py
[2022-06-16 14:22:47,771] {processor.py:642} INFO - Processing file /home/saba/airflow_venv/airflow_venv/lib/python3.6/site-packages/airflow/example_dags/example_branch_datetime_operator.py for tasks to queue
[2022-06-16 14:22:47,774] {logging_mixin.py:109} INFO - [2022-06-16 14:22:47,774] {dagbag.py:500} INFO - Filling up the DagBag from /home/saba/airflow_venv/airflow_venv/lib/python3.6/site-packages/airflow/example_dags/example_branch_datetime_operator.py
[2022-06-16 14:22:47,871] {processor.py:652} INFO - DAG(s) dict_keys(['example_branch_datetime_operator_2']) retrieved from /home/saba/airflow_venv/airflow_venv/lib/python3.6/site-packages/airflow/example_dags/example_branch_datetime_operator.py
[2022-06-16 14:22:47,954] {logging_mixin.py:109} INFO - [2022-06-16 14:22:47,954] {dag.py:2398} INFO - Sync 1 DAGs
[2022-06-16 14:22:48,079] {logging_mixin.py:109} INFO - [2022-06-16 14:22:48,078] {dag.py:2937} INFO - Setting next_dagrun for example_branch_datetime_operator_2 to 2022-06-15 00:00:00+00:00
[2022-06-16 14:22:48,132] {processor.py:171} INFO - Processing /home/saba/airflow_venv/airflow_venv/lib/python3.6/site-packages/airflow/example_dags/example_branch_datetime_operator.py took 0.380 seconds
[2022-06-16 14:23:44,581] {processor.py:163} INFO - Started process (PID=9611) to work on /home/saba/airflow_venv/airflow_venv/lib/python3.6/site-packages/airflow/example_dags/example_branch_datetime_operator.py
[2022-06-16 14:23:44,594] {processor.py:642} INFO - Processing file /home/saba/airflow_venv/airflow_venv/lib/python3.6/site-packages/airflow/example_dags/example_branch_datetime_operator.py for tasks to queue
[2022-06-16 14:23:44,597] {logging_mixin.py:109} INFO - [2022-06-16 14:23:44,596] {dagbag.py:500} INFO - Filling up the DagBag from /home/saba/airflow_venv/airflow_venv/lib/python3.6/site-packages/airflow/example_dags/example_branch_datetime_operator.py
[2022-06-16 14:23:44,699] {processor.py:652} INFO - DAG(s) dict_keys(['example_branch_datetime_operator_2']) retrieved from /home/saba/airflow_venv/airflow_venv/lib/python3.6/site-packages/airflow/example_dags/example_branch_datetime_operator.py
[2022-06-16 14:23:44,823] {logging_mixin.py:109} INFO - [2022-06-16 14:23:44,822] {dag.py:2398} INFO - Sync 1 DAGs
[2022-06-16 14:23:45,004] {logging_mixin.py:109} INFO - [2022-06-16 14:23:45,003] {dag.py:2937} INFO - Setting next_dagrun for example_branch_datetime_operator_2 to 2022-06-15 00:00:00+00:00
[2022-06-16 14:23:45,082] {processor.py:171} INFO - Processing /home/saba/airflow_venv/airflow_venv/lib/python3.6/site-packages/airflow/example_dags/example_branch_datetime_operator.py took 0.515 seconds
[2022-06-16 14:24:41,922] {processor.py:163} INFO - Started process (PID=9986) to work on /home/saba/airflow_venv/airflow_venv/lib/python3.6/site-packages/airflow/example_dags/example_branch_datetime_operator.py
[2022-06-16 14:24:41,928] {processor.py:642} INFO - Processing file /home/saba/airflow_venv/airflow_venv/lib/python3.6/site-packages/airflow/example_dags/example_branch_datetime_operator.py for tasks to queue
[2022-06-16 14:24:41,931] {logging_mixin.py:109} INFO - [2022-06-16 14:24:41,931] {dagbag.py:500} INFO - Filling up the DagBag from /home/saba/airflow_venv/airflow_venv/lib/python3.6/site-packages/airflow/example_dags/example_branch_datetime_operator.py
[2022-06-16 14:24:42,020] {processor.py:652} INFO - DAG(s) dict_keys(['example_branch_datetime_operator_2']) retrieved from /home/saba/airflow_venv/airflow_venv/lib/python3.6/site-packages/airflow/example_dags/example_branch_datetime_operator.py
[2022-06-16 14:24:42,080] {logging_mixin.py:109} INFO - [2022-06-16 14:24:42,080] {dag.py:2398} INFO - Sync 1 DAGs
[2022-06-16 14:24:42,186] {logging_mixin.py:109} INFO - [2022-06-16 14:24:42,185] {dag.py:2937} INFO - Setting next_dagrun for example_branch_datetime_operator_2 to 2022-06-15 00:00:00+00:00
[2022-06-16 14:24:42,239] {processor.py:171} INFO - Processing /home/saba/airflow_venv/airflow_venv/lib/python3.6/site-packages/airflow/example_dags/example_branch_datetime_operator.py took 0.329 seconds
[2022-06-16 14:25:39,116] {processor.py:163} INFO - Started process (PID=10405) to work on /home/saba/airflow_venv/airflow_venv/lib/python3.6/site-packages/airflow/example_dags/example_branch_datetime_operator.py
[2022-06-16 14:25:39,133] {processor.py:642} INFO - Processing file /home/saba/airflow_venv/airflow_venv/lib/python3.6/site-packages/airflow/example_dags/example_branch_datetime_operator.py for tasks to queue
[2022-06-16 14:25:39,136] {logging_mixin.py:109} INFO - [2022-06-16 14:25:39,135] {dagbag.py:500} INFO - Filling up the DagBag from /home/saba/airflow_venv/airflow_venv/lib/python3.6/site-packages/airflow/example_dags/example_branch_datetime_operator.py
[2022-06-16 14:25:39,316] {processor.py:652} INFO - DAG(s) dict_keys(['example_branch_datetime_operator_2']) retrieved from /home/saba/airflow_venv/airflow_venv/lib/python3.6/site-packages/airflow/example_dags/example_branch_datetime_operator.py
[2022-06-16 14:25:39,482] {logging_mixin.py:109} INFO - [2022-06-16 14:25:39,481] {dag.py:2398} INFO - Sync 1 DAGs
[2022-06-16 14:25:39,701] {logging_mixin.py:109} INFO - [2022-06-16 14:25:39,700] {dag.py:2937} INFO - Setting next_dagrun for example_branch_datetime_operator_2 to 2022-06-15 00:00:00+00:00
[2022-06-16 14:25:39,812] {processor.py:171} INFO - Processing /home/saba/airflow_venv/airflow_venv/lib/python3.6/site-packages/airflow/example_dags/example_branch_datetime_operator.py took 0.718 seconds
[2022-06-16 14:26:42,696] {processor.py:163} INFO - Started process (PID=10739) to work on /home/saba/airflow_venv/airflow_venv/lib/python3.6/site-packages/airflow/example_dags/example_branch_datetime_operator.py
[2022-06-16 14:26:42,704] {processor.py:642} INFO - Processing file /home/saba/airflow_venv/airflow_venv/lib/python3.6/site-packages/airflow/example_dags/example_branch_datetime_operator.py for tasks to queue
[2022-06-16 14:26:42,707] {logging_mixin.py:109} INFO - [2022-06-16 14:26:42,706] {dagbag.py:500} INFO - Filling up the DagBag from /home/saba/airflow_venv/airflow_venv/lib/python3.6/site-packages/airflow/example_dags/example_branch_datetime_operator.py
[2022-06-16 14:26:42,859] {processor.py:652} INFO - DAG(s) dict_keys(['example_branch_datetime_operator_2']) retrieved from /home/saba/airflow_venv/airflow_venv/lib/python3.6/site-packages/airflow/example_dags/example_branch_datetime_operator.py
[2022-06-16 14:26:42,957] {logging_mixin.py:109} INFO - [2022-06-16 14:26:42,956] {dag.py:2398} INFO - Sync 1 DAGs
[2022-06-16 14:26:43,104] {logging_mixin.py:109} INFO - [2022-06-16 14:26:43,104] {dag.py:2937} INFO - Setting next_dagrun for example_branch_datetime_operator_2 to 2022-06-15 00:00:00+00:00
[2022-06-16 14:26:43,169] {processor.py:171} INFO - Processing /home/saba/airflow_venv/airflow_venv/lib/python3.6/site-packages/airflow/example_dags/example_branch_datetime_operator.py took 0.495 seconds
[2022-06-16 14:27:36,972] {processor.py:163} INFO - Started process (PID=10906) to work on /home/saba/airflow_venv/airflow_venv/lib/python3.6/site-packages/airflow/example_dags/example_branch_datetime_operator.py
[2022-06-16 14:27:36,977] {processor.py:642} INFO - Processing file /home/saba/airflow_venv/airflow_venv/lib/python3.6/site-packages/airflow/example_dags/example_branch_datetime_operator.py for tasks to queue
[2022-06-16 14:27:36,980] {logging_mixin.py:109} INFO - [2022-06-16 14:27:36,979] {dagbag.py:500} INFO - Filling up the DagBag from /home/saba/airflow_venv/airflow_venv/lib/python3.6/site-packages/airflow/example_dags/example_branch_datetime_operator.py
[2022-06-16 14:27:37,053] {processor.py:652} INFO - DAG(s) dict_keys(['example_branch_datetime_operator_2']) retrieved from /home/saba/airflow_venv/airflow_venv/lib/python3.6/site-packages/airflow/example_dags/example_branch_datetime_operator.py
[2022-06-16 14:27:37,116] {logging_mixin.py:109} INFO - [2022-06-16 14:27:37,115] {dag.py:2398} INFO - Sync 1 DAGs
[2022-06-16 14:27:37,211] {logging_mixin.py:109} INFO - [2022-06-16 14:27:37,210] {dag.py:2937} INFO - Setting next_dagrun for example_branch_datetime_operator_2 to 2022-06-15 00:00:00+00:00
[2022-06-16 14:27:37,251] {processor.py:171} INFO - Processing /home/saba/airflow_venv/airflow_venv/lib/python3.6/site-packages/airflow/example_dags/example_branch_datetime_operator.py took 0.290 seconds
[2022-06-16 14:29:17,411] {processor.py:163} INFO - Started process (PID=11712) to work on /home/saba/airflow_venv/airflow_venv/lib/python3.6/site-packages/airflow/example_dags/example_branch_datetime_operator.py
[2022-06-16 14:29:17,418] {processor.py:642} INFO - Processing file /home/saba/airflow_venv/airflow_venv/lib/python3.6/site-packages/airflow/example_dags/example_branch_datetime_operator.py for tasks to queue
[2022-06-16 14:29:17,421] {logging_mixin.py:109} INFO - [2022-06-16 14:29:17,421] {dagbag.py:500} INFO - Filling up the DagBag from /home/saba/airflow_venv/airflow_venv/lib/python3.6/site-packages/airflow/example_dags/example_branch_datetime_operator.py
[2022-06-16 14:29:17,523] {processor.py:652} INFO - DAG(s) dict_keys(['example_branch_datetime_operator_2']) retrieved from /home/saba/airflow_venv/airflow_venv/lib/python3.6/site-packages/airflow/example_dags/example_branch_datetime_operator.py
[2022-06-16 14:29:17,591] {logging_mixin.py:109} INFO - [2022-06-16 14:29:17,591] {dag.py:2398} INFO - Sync 1 DAGs
[2022-06-16 14:29:17,691] {logging_mixin.py:109} INFO - [2022-06-16 14:29:17,691] {dag.py:2937} INFO - Setting next_dagrun for example_branch_datetime_operator_2 to 2022-06-15 00:00:00+00:00
[2022-06-16 14:29:17,749] {processor.py:171} INFO - Processing /home/saba/airflow_venv/airflow_venv/lib/python3.6/site-packages/airflow/example_dags/example_branch_datetime_operator.py took 0.351 seconds
[2022-06-16 14:30:59,523] {processor.py:163} INFO - Started process (PID=12326) to work on /home/saba/airflow_venv/airflow_venv/lib/python3.6/site-packages/airflow/example_dags/example_branch_datetime_operator.py
[2022-06-16 14:30:59,527] {processor.py:642} INFO - Processing file /home/saba/airflow_venv/airflow_venv/lib/python3.6/site-packages/airflow/example_dags/example_branch_datetime_operator.py for tasks to queue
[2022-06-16 14:30:59,529] {logging_mixin.py:109} INFO - [2022-06-16 14:30:59,529] {dagbag.py:500} INFO - Filling up the DagBag from /home/saba/airflow_venv/airflow_venv/lib/python3.6/site-packages/airflow/example_dags/example_branch_datetime_operator.py
[2022-06-16 14:30:59,585] {processor.py:652} INFO - DAG(s) dict_keys(['example_branch_datetime_operator_2']) retrieved from /home/saba/airflow_venv/airflow_venv/lib/python3.6/site-packages/airflow/example_dags/example_branch_datetime_operator.py
[2022-06-16 14:30:59,635] {logging_mixin.py:109} INFO - [2022-06-16 14:30:59,635] {dag.py:2398} INFO - Sync 1 DAGs
[2022-06-16 14:30:59,703] {logging_mixin.py:109} INFO - [2022-06-16 14:30:59,703] {dag.py:2937} INFO - Setting next_dagrun for example_branch_datetime_operator_2 to 2022-06-15 00:00:00+00:00
[2022-06-16 14:30:59,739] {processor.py:171} INFO - Processing /home/saba/airflow_venv/airflow_venv/lib/python3.6/site-packages/airflow/example_dags/example_branch_datetime_operator.py took 0.226 seconds
[2022-06-16 14:46:12,634] {processor.py:163} INFO - Started process (PID=97) to work on /home/saba/.local/lib/python3.6/site-packages/airflow/example_dags/example_branch_datetime_operator.py
[2022-06-16 14:46:12,635] {processor.py:642} INFO - Processing file /home/saba/.local/lib/python3.6/site-packages/airflow/example_dags/example_branch_datetime_operator.py for tasks to queue
[2022-06-16 14:46:12,636] {logging_mixin.py:109} INFO - [2022-06-16 14:46:12,636] {dagbag.py:500} INFO - Filling up the DagBag from /home/saba/.local/lib/python3.6/site-packages/airflow/example_dags/example_branch_datetime_operator.py
[2022-06-16 14:46:12,657] {processor.py:652} INFO - DAG(s) dict_keys(['example_branch_datetime_operator_2']) retrieved from /home/saba/.local/lib/python3.6/site-packages/airflow/example_dags/example_branch_datetime_operator.py
[2022-06-16 14:46:12,672] {logging_mixin.py:109} INFO - [2022-06-16 14:46:12,671] {dag.py:2398} INFO - Sync 1 DAGs
[2022-06-16 14:46:12,691] {logging_mixin.py:109} INFO - [2022-06-16 14:46:12,691] {dag.py:2937} INFO - Setting next_dagrun for example_branch_datetime_operator_2 to 2022-06-15 00:00:00+00:00
[2022-06-16 14:46:12,708] {processor.py:171} INFO - Processing /home/saba/.local/lib/python3.6/site-packages/airflow/example_dags/example_branch_datetime_operator.py took 0.078 seconds
[2022-06-16 14:48:27,187] {processor.py:163} INFO - Started process (PID=2037) to work on /home/saba/.local/lib/python3.6/site-packages/airflow/example_dags/example_branch_datetime_operator.py
[2022-06-16 14:48:27,191] {processor.py:642} INFO - Processing file /home/saba/.local/lib/python3.6/site-packages/airflow/example_dags/example_branch_datetime_operator.py for tasks to queue
[2022-06-16 14:48:27,202] {logging_mixin.py:109} INFO - [2022-06-16 14:48:27,201] {dagbag.py:500} INFO - Filling up the DagBag from /home/saba/.local/lib/python3.6/site-packages/airflow/example_dags/example_branch_datetime_operator.py
[2022-06-16 14:48:27,396] {processor.py:652} INFO - DAG(s) dict_keys(['example_branch_datetime_operator_2']) retrieved from /home/saba/.local/lib/python3.6/site-packages/airflow/example_dags/example_branch_datetime_operator.py
[2022-06-16 14:48:27,566] {logging_mixin.py:109} INFO - [2022-06-16 14:48:27,565] {dag.py:2398} INFO - Sync 1 DAGs
[2022-06-16 14:48:27,790] {logging_mixin.py:109} INFO - [2022-06-16 14:48:27,790] {dag.py:2937} INFO - Setting next_dagrun for example_branch_datetime_operator_2 to 2022-06-15 00:00:00+00:00
[2022-06-16 14:48:27,998] {processor.py:171} INFO - Processing /home/saba/.local/lib/python3.6/site-packages/airflow/example_dags/example_branch_datetime_operator.py took 0.838 seconds
[2022-06-16 14:49:22,359] {processor.py:163} INFO - Started process (PID=2369) to work on /home/saba/.local/lib/python3.6/site-packages/airflow/example_dags/example_branch_datetime_operator.py
[2022-06-16 14:49:22,361] {processor.py:642} INFO - Processing file /home/saba/.local/lib/python3.6/site-packages/airflow/example_dags/example_branch_datetime_operator.py for tasks to queue
[2022-06-16 14:49:22,363] {logging_mixin.py:109} INFO - [2022-06-16 14:49:22,362] {dagbag.py:500} INFO - Filling up the DagBag from /home/saba/.local/lib/python3.6/site-packages/airflow/example_dags/example_branch_datetime_operator.py
[2022-06-16 14:49:22,401] {processor.py:652} INFO - DAG(s) dict_keys(['example_branch_datetime_operator_2']) retrieved from /home/saba/.local/lib/python3.6/site-packages/airflow/example_dags/example_branch_datetime_operator.py
[2022-06-16 14:49:22,435] {logging_mixin.py:109} INFO - [2022-06-16 14:49:22,435] {dag.py:2398} INFO - Sync 1 DAGs
[2022-06-16 14:49:22,478] {logging_mixin.py:109} INFO - [2022-06-16 14:49:22,477] {dag.py:2937} INFO - Setting next_dagrun for example_branch_datetime_operator_2 to 2022-06-15 00:00:00+00:00
[2022-06-16 14:49:22,511] {processor.py:171} INFO - Processing /home/saba/.local/lib/python3.6/site-packages/airflow/example_dags/example_branch_datetime_operator.py took 0.160 seconds
[2022-06-16 14:50:49,852] {processor.py:163} INFO - Started process (PID=2670) to work on /home/saba/.local/lib/python3.6/site-packages/airflow/example_dags/example_branch_datetime_operator.py
[2022-06-16 14:50:49,855] {processor.py:642} INFO - Processing file /home/saba/.local/lib/python3.6/site-packages/airflow/example_dags/example_branch_datetime_operator.py for tasks to queue
[2022-06-16 14:50:49,856] {logging_mixin.py:109} INFO - [2022-06-16 14:50:49,856] {dagbag.py:500} INFO - Filling up the DagBag from /home/saba/.local/lib/python3.6/site-packages/airflow/example_dags/example_branch_datetime_operator.py
[2022-06-16 14:50:49,901] {processor.py:652} INFO - DAG(s) dict_keys(['example_branch_datetime_operator_2']) retrieved from /home/saba/.local/lib/python3.6/site-packages/airflow/example_dags/example_branch_datetime_operator.py
[2022-06-16 14:50:49,934] {logging_mixin.py:109} INFO - [2022-06-16 14:50:49,934] {dag.py:2398} INFO - Sync 1 DAGs
[2022-06-16 14:50:49,992] {logging_mixin.py:109} INFO - [2022-06-16 14:50:49,991] {dag.py:2937} INFO - Setting next_dagrun for example_branch_datetime_operator_2 to 2022-06-15 00:00:00+00:00
[2022-06-16 14:50:50,027] {processor.py:171} INFO - Processing /home/saba/.local/lib/python3.6/site-packages/airflow/example_dags/example_branch_datetime_operator.py took 0.182 seconds
[2022-06-16 14:52:14,541] {processor.py:163} INFO - Started process (PID=2768) to work on /home/saba/.local/lib/python3.6/site-packages/airflow/example_dags/example_branch_datetime_operator.py
[2022-06-16 14:52:14,542] {processor.py:642} INFO - Processing file /home/saba/.local/lib/python3.6/site-packages/airflow/example_dags/example_branch_datetime_operator.py for tasks to queue
[2022-06-16 14:52:14,543] {logging_mixin.py:109} INFO - [2022-06-16 14:52:14,543] {dagbag.py:500} INFO - Filling up the DagBag from /home/saba/.local/lib/python3.6/site-packages/airflow/example_dags/example_branch_datetime_operator.py
[2022-06-16 14:52:14,568] {processor.py:652} INFO - DAG(s) dict_keys(['example_branch_datetime_operator_2']) retrieved from /home/saba/.local/lib/python3.6/site-packages/airflow/example_dags/example_branch_datetime_operator.py
[2022-06-16 14:52:14,588] {logging_mixin.py:109} INFO - [2022-06-16 14:52:14,588] {dag.py:2398} INFO - Sync 1 DAGs
[2022-06-16 14:52:14,625] {logging_mixin.py:109} INFO - [2022-06-16 14:52:14,625] {dag.py:2937} INFO - Setting next_dagrun for example_branch_datetime_operator_2 to 2022-06-15 00:00:00+00:00
[2022-06-16 14:52:14,651] {processor.py:171} INFO - Processing /home/saba/.local/lib/python3.6/site-packages/airflow/example_dags/example_branch_datetime_operator.py took 0.115 seconds
[2022-06-16 14:53:31,652] {processor.py:163} INFO - Started process (PID=3301) to work on /home/saba/.local/lib/python3.6/site-packages/airflow/example_dags/example_branch_datetime_operator.py
[2022-06-16 14:53:31,653] {processor.py:642} INFO - Processing file /home/saba/.local/lib/python3.6/site-packages/airflow/example_dags/example_branch_datetime_operator.py for tasks to queue
[2022-06-16 14:53:31,654] {logging_mixin.py:109} INFO - [2022-06-16 14:53:31,654] {dagbag.py:500} INFO - Filling up the DagBag from /home/saba/.local/lib/python3.6/site-packages/airflow/example_dags/example_branch_datetime_operator.py
[2022-06-16 14:53:31,675] {processor.py:652} INFO - DAG(s) dict_keys(['example_branch_datetime_operator_2']) retrieved from /home/saba/.local/lib/python3.6/site-packages/airflow/example_dags/example_branch_datetime_operator.py
[2022-06-16 14:53:31,693] {logging_mixin.py:109} INFO - [2022-06-16 14:53:31,693] {dag.py:2398} INFO - Sync 1 DAGs
[2022-06-16 14:53:31,717] {logging_mixin.py:109} INFO - [2022-06-16 14:53:31,717] {dag.py:2937} INFO - Setting next_dagrun for example_branch_datetime_operator_2 to 2022-06-15 00:00:00+00:00
[2022-06-16 14:53:31,735] {processor.py:171} INFO - Processing /home/saba/.local/lib/python3.6/site-packages/airflow/example_dags/example_branch_datetime_operator.py took 0.087 seconds
[2022-06-16 14:54:49,922] {processor.py:163} INFO - Started process (PID=3614) to work on /home/saba/.local/lib/python3.6/site-packages/airflow/example_dags/example_branch_datetime_operator.py
[2022-06-16 14:54:49,924] {processor.py:642} INFO - Processing file /home/saba/.local/lib/python3.6/site-packages/airflow/example_dags/example_branch_datetime_operator.py for tasks to queue
[2022-06-16 14:54:49,925] {logging_mixin.py:109} INFO - [2022-06-16 14:54:49,925] {dagbag.py:500} INFO - Filling up the DagBag from /home/saba/.local/lib/python3.6/site-packages/airflow/example_dags/example_branch_datetime_operator.py
[2022-06-16 14:54:49,950] {processor.py:652} INFO - DAG(s) dict_keys(['example_branch_datetime_operator_2']) retrieved from /home/saba/.local/lib/python3.6/site-packages/airflow/example_dags/example_branch_datetime_operator.py
[2022-06-16 14:54:49,971] {logging_mixin.py:109} INFO - [2022-06-16 14:54:49,971] {dag.py:2398} INFO - Sync 1 DAGs
[2022-06-16 14:54:49,998] {logging_mixin.py:109} INFO - [2022-06-16 14:54:49,997] {dag.py:2937} INFO - Setting next_dagrun for example_branch_datetime_operator_2 to 2022-06-15 00:00:00+00:00
[2022-06-16 14:54:50,018] {processor.py:171} INFO - Processing /home/saba/.local/lib/python3.6/site-packages/airflow/example_dags/example_branch_datetime_operator.py took 0.100 seconds
[2022-06-16 14:56:20,263] {processor.py:163} INFO - Started process (PID=4275) to work on /home/saba/.local/lib/python3.6/site-packages/airflow/example_dags/example_branch_datetime_operator.py
[2022-06-16 14:56:20,267] {processor.py:642} INFO - Processing file /home/saba/.local/lib/python3.6/site-packages/airflow/example_dags/example_branch_datetime_operator.py for tasks to queue
[2022-06-16 14:56:20,269] {logging_mixin.py:109} INFO - [2022-06-16 14:56:20,269] {dagbag.py:500} INFO - Filling up the DagBag from /home/saba/.local/lib/python3.6/site-packages/airflow/example_dags/example_branch_datetime_operator.py
[2022-06-16 14:56:20,340] {processor.py:652} INFO - DAG(s) dict_keys(['example_branch_datetime_operator_2']) retrieved from /home/saba/.local/lib/python3.6/site-packages/airflow/example_dags/example_branch_datetime_operator.py
[2022-06-16 14:56:20,401] {logging_mixin.py:109} INFO - [2022-06-16 14:56:20,401] {dag.py:2398} INFO - Sync 1 DAGs
[2022-06-16 14:56:20,483] {logging_mixin.py:109} INFO - [2022-06-16 14:56:20,483] {dag.py:2937} INFO - Setting next_dagrun for example_branch_datetime_operator_2 to 2022-06-15 00:00:00+00:00
[2022-06-16 14:56:20,531] {processor.py:171} INFO - Processing /home/saba/.local/lib/python3.6/site-packages/airflow/example_dags/example_branch_datetime_operator.py took 0.279 seconds
[2022-06-16 14:57:56,988] {processor.py:163} INFO - Started process (PID=7191) to work on /home/saba/.local/lib/python3.6/site-packages/airflow/example_dags/example_branch_datetime_operator.py
[2022-06-16 14:57:56,991] {processor.py:642} INFO - Processing file /home/saba/.local/lib/python3.6/site-packages/airflow/example_dags/example_branch_datetime_operator.py for tasks to queue
[2022-06-16 14:57:56,992] {logging_mixin.py:109} INFO - [2022-06-16 14:57:56,992] {dagbag.py:500} INFO - Filling up the DagBag from /home/saba/.local/lib/python3.6/site-packages/airflow/example_dags/example_branch_datetime_operator.py
[2022-06-16 14:57:57,042] {processor.py:652} INFO - DAG(s) dict_keys(['example_branch_datetime_operator_2']) retrieved from /home/saba/.local/lib/python3.6/site-packages/airflow/example_dags/example_branch_datetime_operator.py
[2022-06-16 14:57:57,091] {logging_mixin.py:109} INFO - [2022-06-16 14:57:57,091] {dag.py:2398} INFO - Sync 1 DAGs
[2022-06-16 14:57:57,145] {logging_mixin.py:109} INFO - [2022-06-16 14:57:57,144] {dag.py:2937} INFO - Setting next_dagrun for example_branch_datetime_operator_2 to 2022-06-15 00:00:00+00:00
[2022-06-16 14:57:57,181] {processor.py:171} INFO - Processing /home/saba/.local/lib/python3.6/site-packages/airflow/example_dags/example_branch_datetime_operator.py took 0.200 seconds
