[2022-06-16 13:59:35,008] {processor.py:163} INFO - Started process (PID=614) to work on /home/saba/airflow_venv/airflow_venv/lib/python3.6/site-packages/airflow/example_dags/example_time_delta_sensor_async.py
[2022-06-16 13:59:35,011] {processor.py:642} INFO - Processing file /home/saba/airflow_venv/airflow_venv/lib/python3.6/site-packages/airflow/example_dags/example_time_delta_sensor_async.py for tasks to queue
[2022-06-16 13:59:35,012] {logging_mixin.py:109} INFO - [2022-06-16 13:59:35,012] {dagbag.py:500} INFO - Filling up the DagBag from /home/saba/airflow_venv/airflow_venv/lib/python3.6/site-packages/airflow/example_dags/example_time_delta_sensor_async.py
[2022-06-16 13:59:35,062] {processor.py:652} INFO - DAG(s) dict_keys(['example_time_delta_sensor_async']) retrieved from /home/saba/airflow_venv/airflow_venv/lib/python3.6/site-packages/airflow/example_dags/example_time_delta_sensor_async.py
[2022-06-16 13:59:35,102] {logging_mixin.py:109} INFO - [2022-06-16 13:59:35,102] {dag.py:2398} INFO - Sync 1 DAGs
[2022-06-16 13:59:35,163] {logging_mixin.py:109} INFO - [2022-06-16 13:59:35,162] {dag.py:2937} INFO - Setting next_dagrun for example_time_delta_sensor_async to None
[2022-06-16 13:59:35,198] {processor.py:171} INFO - Processing /home/saba/airflow_venv/airflow_venv/lib/python3.6/site-packages/airflow/example_dags/example_time_delta_sensor_async.py took 0.200 seconds
[2022-06-16 14:00:23,255] {processor.py:163} INFO - Started process (PID=850) to work on /home/saba/airflow_venv/airflow_venv/lib/python3.6/site-packages/airflow/example_dags/example_time_delta_sensor_async.py
[2022-06-16 14:00:23,258] {processor.py:642} INFO - Processing file /home/saba/airflow_venv/airflow_venv/lib/python3.6/site-packages/airflow/example_dags/example_time_delta_sensor_async.py for tasks to queue
[2022-06-16 14:00:23,260] {logging_mixin.py:109} INFO - [2022-06-16 14:00:23,260] {dagbag.py:500} INFO - Filling up the DagBag from /home/saba/airflow_venv/airflow_venv/lib/python3.6/site-packages/airflow/example_dags/example_time_delta_sensor_async.py
[2022-06-16 14:00:23,314] {processor.py:652} INFO - DAG(s) dict_keys(['example_time_delta_sensor_async']) retrieved from /home/saba/airflow_venv/airflow_venv/lib/python3.6/site-packages/airflow/example_dags/example_time_delta_sensor_async.py
[2022-06-16 14:00:23,349] {logging_mixin.py:109} INFO - [2022-06-16 14:00:23,348] {dag.py:2398} INFO - Sync 1 DAGs
[2022-06-16 14:00:23,405] {logging_mixin.py:109} INFO - [2022-06-16 14:00:23,405] {dag.py:2937} INFO - Setting next_dagrun for example_time_delta_sensor_async to None
[2022-06-16 14:00:23,437] {processor.py:171} INFO - Processing /home/saba/airflow_venv/airflow_venv/lib/python3.6/site-packages/airflow/example_dags/example_time_delta_sensor_async.py took 0.192 seconds
[2022-06-16 14:01:04,495] {processor.py:163} INFO - Started process (PID=1046) to work on /home/saba/airflow_venv/airflow_venv/lib/python3.6/site-packages/airflow/example_dags/example_time_delta_sensor_async.py
[2022-06-16 14:01:04,498] {processor.py:642} INFO - Processing file /home/saba/airflow_venv/airflow_venv/lib/python3.6/site-packages/airflow/example_dags/example_time_delta_sensor_async.py for tasks to queue
[2022-06-16 14:01:04,500] {logging_mixin.py:109} INFO - [2022-06-16 14:01:04,500] {dagbag.py:500} INFO - Filling up the DagBag from /home/saba/airflow_venv/airflow_venv/lib/python3.6/site-packages/airflow/example_dags/example_time_delta_sensor_async.py
[2022-06-16 14:01:04,532] {processor.py:652} INFO - DAG(s) dict_keys(['example_time_delta_sensor_async']) retrieved from /home/saba/airflow_venv/airflow_venv/lib/python3.6/site-packages/airflow/example_dags/example_time_delta_sensor_async.py
[2022-06-16 14:01:04,572] {logging_mixin.py:109} INFO - [2022-06-16 14:01:04,571] {dag.py:2398} INFO - Sync 1 DAGs
[2022-06-16 14:01:04,613] {logging_mixin.py:109} INFO - [2022-06-16 14:01:04,613] {dag.py:2937} INFO - Setting next_dagrun for example_time_delta_sensor_async to None
[2022-06-16 14:01:04,650] {processor.py:171} INFO - Processing /home/saba/airflow_venv/airflow_venv/lib/python3.6/site-packages/airflow/example_dags/example_time_delta_sensor_async.py took 0.163 seconds
[2022-06-16 14:01:46,712] {processor.py:163} INFO - Started process (PID=1264) to work on /home/saba/airflow_venv/airflow_venv/lib/python3.6/site-packages/airflow/example_dags/example_time_delta_sensor_async.py
[2022-06-16 14:01:46,715] {processor.py:642} INFO - Processing file /home/saba/airflow_venv/airflow_venv/lib/python3.6/site-packages/airflow/example_dags/example_time_delta_sensor_async.py for tasks to queue
[2022-06-16 14:01:46,716] {logging_mixin.py:109} INFO - [2022-06-16 14:01:46,716] {dagbag.py:500} INFO - Filling up the DagBag from /home/saba/airflow_venv/airflow_venv/lib/python3.6/site-packages/airflow/example_dags/example_time_delta_sensor_async.py
[2022-06-16 14:01:46,754] {processor.py:652} INFO - DAG(s) dict_keys(['example_time_delta_sensor_async']) retrieved from /home/saba/airflow_venv/airflow_venv/lib/python3.6/site-packages/airflow/example_dags/example_time_delta_sensor_async.py
[2022-06-16 14:01:46,797] {logging_mixin.py:109} INFO - [2022-06-16 14:01:46,797] {dag.py:2398} INFO - Sync 1 DAGs
[2022-06-16 14:01:46,843] {logging_mixin.py:109} INFO - [2022-06-16 14:01:46,843] {dag.py:2937} INFO - Setting next_dagrun for example_time_delta_sensor_async to None
[2022-06-16 14:01:46,882] {processor.py:171} INFO - Processing /home/saba/airflow_venv/airflow_venv/lib/python3.6/site-packages/airflow/example_dags/example_time_delta_sensor_async.py took 0.175 seconds
[2022-06-16 14:02:29,234] {processor.py:163} INFO - Started process (PID=1476) to work on /home/saba/airflow_venv/airflow_venv/lib/python3.6/site-packages/airflow/example_dags/example_time_delta_sensor_async.py
[2022-06-16 14:02:29,238] {processor.py:642} INFO - Processing file /home/saba/airflow_venv/airflow_venv/lib/python3.6/site-packages/airflow/example_dags/example_time_delta_sensor_async.py for tasks to queue
[2022-06-16 14:02:29,240] {logging_mixin.py:109} INFO - [2022-06-16 14:02:29,239] {dagbag.py:500} INFO - Filling up the DagBag from /home/saba/airflow_venv/airflow_venv/lib/python3.6/site-packages/airflow/example_dags/example_time_delta_sensor_async.py
[2022-06-16 14:02:29,294] {processor.py:652} INFO - DAG(s) dict_keys(['example_time_delta_sensor_async']) retrieved from /home/saba/airflow_venv/airflow_venv/lib/python3.6/site-packages/airflow/example_dags/example_time_delta_sensor_async.py
[2022-06-16 14:02:29,334] {logging_mixin.py:109} INFO - [2022-06-16 14:02:29,333] {dag.py:2398} INFO - Sync 1 DAGs
[2022-06-16 14:02:29,384] {logging_mixin.py:109} INFO - [2022-06-16 14:02:29,384] {dag.py:2937} INFO - Setting next_dagrun for example_time_delta_sensor_async to None
[2022-06-16 14:02:29,427] {processor.py:171} INFO - Processing /home/saba/airflow_venv/airflow_venv/lib/python3.6/site-packages/airflow/example_dags/example_time_delta_sensor_async.py took 0.200 seconds
[2022-06-16 14:03:13,591] {processor.py:163} INFO - Started process (PID=1687) to work on /home/saba/airflow_venv/airflow_venv/lib/python3.6/site-packages/airflow/example_dags/example_time_delta_sensor_async.py
[2022-06-16 14:03:13,594] {processor.py:642} INFO - Processing file /home/saba/airflow_venv/airflow_venv/lib/python3.6/site-packages/airflow/example_dags/example_time_delta_sensor_async.py for tasks to queue
[2022-06-16 14:03:13,596] {logging_mixin.py:109} INFO - [2022-06-16 14:03:13,596] {dagbag.py:500} INFO - Filling up the DagBag from /home/saba/airflow_venv/airflow_venv/lib/python3.6/site-packages/airflow/example_dags/example_time_delta_sensor_async.py
[2022-06-16 14:03:13,659] {processor.py:652} INFO - DAG(s) dict_keys(['example_time_delta_sensor_async']) retrieved from /home/saba/airflow_venv/airflow_venv/lib/python3.6/site-packages/airflow/example_dags/example_time_delta_sensor_async.py
[2022-06-16 14:03:13,701] {logging_mixin.py:109} INFO - [2022-06-16 14:03:13,700] {dag.py:2398} INFO - Sync 1 DAGs
[2022-06-16 14:03:13,755] {logging_mixin.py:109} INFO - [2022-06-16 14:03:13,754] {dag.py:2937} INFO - Setting next_dagrun for example_time_delta_sensor_async to None
[2022-06-16 14:03:13,798] {processor.py:171} INFO - Processing /home/saba/airflow_venv/airflow_venv/lib/python3.6/site-packages/airflow/example_dags/example_time_delta_sensor_async.py took 0.216 seconds
[2022-06-16 14:03:55,402] {processor.py:163} INFO - Started process (PID=1887) to work on /home/saba/airflow_venv/airflow_venv/lib/python3.6/site-packages/airflow/example_dags/example_time_delta_sensor_async.py
[2022-06-16 14:03:55,406] {processor.py:642} INFO - Processing file /home/saba/airflow_venv/airflow_venv/lib/python3.6/site-packages/airflow/example_dags/example_time_delta_sensor_async.py for tasks to queue
[2022-06-16 14:03:55,408] {logging_mixin.py:109} INFO - [2022-06-16 14:03:55,407] {dagbag.py:500} INFO - Filling up the DagBag from /home/saba/airflow_venv/airflow_venv/lib/python3.6/site-packages/airflow/example_dags/example_time_delta_sensor_async.py
[2022-06-16 14:03:55,463] {processor.py:652} INFO - DAG(s) dict_keys(['example_time_delta_sensor_async']) retrieved from /home/saba/airflow_venv/airflow_venv/lib/python3.6/site-packages/airflow/example_dags/example_time_delta_sensor_async.py
[2022-06-16 14:03:55,500] {logging_mixin.py:109} INFO - [2022-06-16 14:03:55,500] {dag.py:2398} INFO - Sync 1 DAGs
[2022-06-16 14:03:55,550] {logging_mixin.py:109} INFO - [2022-06-16 14:03:55,550] {dag.py:2937} INFO - Setting next_dagrun for example_time_delta_sensor_async to None
[2022-06-16 14:03:55,585] {processor.py:171} INFO - Processing /home/saba/airflow_venv/airflow_venv/lib/python3.6/site-packages/airflow/example_dags/example_time_delta_sensor_async.py took 0.191 seconds
[2022-06-16 14:04:37,399] {processor.py:163} INFO - Started process (PID=2093) to work on /home/saba/airflow_venv/airflow_venv/lib/python3.6/site-packages/airflow/example_dags/example_time_delta_sensor_async.py
[2022-06-16 14:04:37,403] {processor.py:642} INFO - Processing file /home/saba/airflow_venv/airflow_venv/lib/python3.6/site-packages/airflow/example_dags/example_time_delta_sensor_async.py for tasks to queue
[2022-06-16 14:04:37,404] {logging_mixin.py:109} INFO - [2022-06-16 14:04:37,404] {dagbag.py:500} INFO - Filling up the DagBag from /home/saba/airflow_venv/airflow_venv/lib/python3.6/site-packages/airflow/example_dags/example_time_delta_sensor_async.py
[2022-06-16 14:04:37,443] {processor.py:652} INFO - DAG(s) dict_keys(['example_time_delta_sensor_async']) retrieved from /home/saba/airflow_venv/airflow_venv/lib/python3.6/site-packages/airflow/example_dags/example_time_delta_sensor_async.py
[2022-06-16 14:04:37,472] {logging_mixin.py:109} INFO - [2022-06-16 14:04:37,472] {dag.py:2398} INFO - Sync 1 DAGs
[2022-06-16 14:04:37,511] {logging_mixin.py:109} INFO - [2022-06-16 14:04:37,510] {dag.py:2937} INFO - Setting next_dagrun for example_time_delta_sensor_async to None
[2022-06-16 14:04:37,543] {processor.py:171} INFO - Processing /home/saba/airflow_venv/airflow_venv/lib/python3.6/site-packages/airflow/example_dags/example_time_delta_sensor_async.py took 0.149 seconds
[2022-06-16 14:05:16,123] {processor.py:163} INFO - Started process (PID=2329) to work on /home/saba/airflow_venv/airflow_venv/lib/python3.6/site-packages/airflow/example_dags/example_time_delta_sensor_async.py
[2022-06-16 14:05:16,134] {processor.py:642} INFO - Processing file /home/saba/airflow_venv/airflow_venv/lib/python3.6/site-packages/airflow/example_dags/example_time_delta_sensor_async.py for tasks to queue
[2022-06-16 14:05:16,136] {logging_mixin.py:109} INFO - [2022-06-16 14:05:16,136] {dagbag.py:500} INFO - Filling up the DagBag from /home/saba/airflow_venv/airflow_venv/lib/python3.6/site-packages/airflow/example_dags/example_time_delta_sensor_async.py
[2022-06-16 14:05:16,165] {processor.py:652} INFO - DAG(s) dict_keys(['example_time_delta_sensor_async']) retrieved from /home/saba/airflow_venv/airflow_venv/lib/python3.6/site-packages/airflow/example_dags/example_time_delta_sensor_async.py
[2022-06-16 14:05:16,196] {logging_mixin.py:109} INFO - [2022-06-16 14:05:16,196] {dag.py:2398} INFO - Sync 1 DAGs
[2022-06-16 14:05:16,235] {logging_mixin.py:109} INFO - [2022-06-16 14:05:16,234] {dag.py:2937} INFO - Setting next_dagrun for example_time_delta_sensor_async to None
[2022-06-16 14:05:16,263] {processor.py:171} INFO - Processing /home/saba/airflow_venv/airflow_venv/lib/python3.6/site-packages/airflow/example_dags/example_time_delta_sensor_async.py took 0.146 seconds
[2022-06-16 14:06:00,738] {processor.py:163} INFO - Started process (PID=2530) to work on /home/saba/airflow_venv/airflow_venv/lib/python3.6/site-packages/airflow/example_dags/example_time_delta_sensor_async.py
[2022-06-16 14:06:00,741] {processor.py:642} INFO - Processing file /home/saba/airflow_venv/airflow_venv/lib/python3.6/site-packages/airflow/example_dags/example_time_delta_sensor_async.py for tasks to queue
[2022-06-16 14:06:00,743] {logging_mixin.py:109} INFO - [2022-06-16 14:06:00,742] {dagbag.py:500} INFO - Filling up the DagBag from /home/saba/airflow_venv/airflow_venv/lib/python3.6/site-packages/airflow/example_dags/example_time_delta_sensor_async.py
[2022-06-16 14:06:00,781] {processor.py:652} INFO - DAG(s) dict_keys(['example_time_delta_sensor_async']) retrieved from /home/saba/airflow_venv/airflow_venv/lib/python3.6/site-packages/airflow/example_dags/example_time_delta_sensor_async.py
[2022-06-16 14:06:00,818] {logging_mixin.py:109} INFO - [2022-06-16 14:06:00,818] {dag.py:2398} INFO - Sync 1 DAGs
[2022-06-16 14:06:00,880] {logging_mixin.py:109} INFO - [2022-06-16 14:06:00,880] {dag.py:2937} INFO - Setting next_dagrun for example_time_delta_sensor_async to None
[2022-06-16 14:06:00,926] {processor.py:171} INFO - Processing /home/saba/airflow_venv/airflow_venv/lib/python3.6/site-packages/airflow/example_dags/example_time_delta_sensor_async.py took 0.198 seconds
[2022-06-16 14:06:42,070] {processor.py:163} INFO - Started process (PID=2769) to work on /home/saba/airflow_venv/airflow_venv/lib/python3.6/site-packages/airflow/example_dags/example_time_delta_sensor_async.py
[2022-06-16 14:06:42,081] {processor.py:642} INFO - Processing file /home/saba/airflow_venv/airflow_venv/lib/python3.6/site-packages/airflow/example_dags/example_time_delta_sensor_async.py for tasks to queue
[2022-06-16 14:06:42,083] {logging_mixin.py:109} INFO - [2022-06-16 14:06:42,082] {dagbag.py:500} INFO - Filling up the DagBag from /home/saba/airflow_venv/airflow_venv/lib/python3.6/site-packages/airflow/example_dags/example_time_delta_sensor_async.py
[2022-06-16 14:06:42,121] {processor.py:652} INFO - DAG(s) dict_keys(['example_time_delta_sensor_async']) retrieved from /home/saba/airflow_venv/airflow_venv/lib/python3.6/site-packages/airflow/example_dags/example_time_delta_sensor_async.py
[2022-06-16 14:06:42,151] {logging_mixin.py:109} INFO - [2022-06-16 14:06:42,151] {dag.py:2398} INFO - Sync 1 DAGs
[2022-06-16 14:06:42,191] {logging_mixin.py:109} INFO - [2022-06-16 14:06:42,191] {dag.py:2937} INFO - Setting next_dagrun for example_time_delta_sensor_async to None
[2022-06-16 14:06:42,231] {processor.py:171} INFO - Processing /home/saba/airflow_venv/airflow_venv/lib/python3.6/site-packages/airflow/example_dags/example_time_delta_sensor_async.py took 0.166 seconds
[2022-06-16 14:07:22,468] {processor.py:163} INFO - Started process (PID=3008) to work on /home/saba/airflow_venv/airflow_venv/lib/python3.6/site-packages/airflow/example_dags/example_time_delta_sensor_async.py
[2022-06-16 14:07:22,472] {processor.py:642} INFO - Processing file /home/saba/airflow_venv/airflow_venv/lib/python3.6/site-packages/airflow/example_dags/example_time_delta_sensor_async.py for tasks to queue
[2022-06-16 14:07:22,473] {logging_mixin.py:109} INFO - [2022-06-16 14:07:22,473] {dagbag.py:500} INFO - Filling up the DagBag from /home/saba/airflow_venv/airflow_venv/lib/python3.6/site-packages/airflow/example_dags/example_time_delta_sensor_async.py
[2022-06-16 14:07:22,511] {processor.py:652} INFO - DAG(s) dict_keys(['example_time_delta_sensor_async']) retrieved from /home/saba/airflow_venv/airflow_venv/lib/python3.6/site-packages/airflow/example_dags/example_time_delta_sensor_async.py
[2022-06-16 14:07:22,545] {logging_mixin.py:109} INFO - [2022-06-16 14:07:22,545] {dag.py:2398} INFO - Sync 1 DAGs
[2022-06-16 14:07:22,587] {logging_mixin.py:109} INFO - [2022-06-16 14:07:22,587] {dag.py:2937} INFO - Setting next_dagrun for example_time_delta_sensor_async to None
[2022-06-16 14:07:22,616] {processor.py:171} INFO - Processing /home/saba/airflow_venv/airflow_venv/lib/python3.6/site-packages/airflow/example_dags/example_time_delta_sensor_async.py took 0.153 seconds
[2022-06-16 14:08:03,906] {processor.py:163} INFO - Started process (PID=3256) to work on /home/saba/airflow_venv/airflow_venv/lib/python3.6/site-packages/airflow/example_dags/example_time_delta_sensor_async.py
[2022-06-16 14:08:03,909] {processor.py:642} INFO - Processing file /home/saba/airflow_venv/airflow_venv/lib/python3.6/site-packages/airflow/example_dags/example_time_delta_sensor_async.py for tasks to queue
[2022-06-16 14:08:03,911] {logging_mixin.py:109} INFO - [2022-06-16 14:08:03,911] {dagbag.py:500} INFO - Filling up the DagBag from /home/saba/airflow_venv/airflow_venv/lib/python3.6/site-packages/airflow/example_dags/example_time_delta_sensor_async.py
[2022-06-16 14:08:03,943] {processor.py:652} INFO - DAG(s) dict_keys(['example_time_delta_sensor_async']) retrieved from /home/saba/airflow_venv/airflow_venv/lib/python3.6/site-packages/airflow/example_dags/example_time_delta_sensor_async.py
[2022-06-16 14:08:03,967] {logging_mixin.py:109} INFO - [2022-06-16 14:08:03,967] {dag.py:2398} INFO - Sync 1 DAGs
[2022-06-16 14:08:04,004] {logging_mixin.py:109} INFO - [2022-06-16 14:08:04,004] {dag.py:2937} INFO - Setting next_dagrun for example_time_delta_sensor_async to None
[2022-06-16 14:08:04,031] {processor.py:171} INFO - Processing /home/saba/airflow_venv/airflow_venv/lib/python3.6/site-packages/airflow/example_dags/example_time_delta_sensor_async.py took 0.131 seconds
[2022-06-16 14:08:45,025] {processor.py:163} INFO - Started process (PID=3493) to work on /home/saba/airflow_venv/airflow_venv/lib/python3.6/site-packages/airflow/example_dags/example_time_delta_sensor_async.py
[2022-06-16 14:08:45,028] {processor.py:642} INFO - Processing file /home/saba/airflow_venv/airflow_venv/lib/python3.6/site-packages/airflow/example_dags/example_time_delta_sensor_async.py for tasks to queue
[2022-06-16 14:08:45,029] {logging_mixin.py:109} INFO - [2022-06-16 14:08:45,029] {dagbag.py:500} INFO - Filling up the DagBag from /home/saba/airflow_venv/airflow_venv/lib/python3.6/site-packages/airflow/example_dags/example_time_delta_sensor_async.py
[2022-06-16 14:08:45,068] {processor.py:652} INFO - DAG(s) dict_keys(['example_time_delta_sensor_async']) retrieved from /home/saba/airflow_venv/airflow_venv/lib/python3.6/site-packages/airflow/example_dags/example_time_delta_sensor_async.py
[2022-06-16 14:08:45,106] {logging_mixin.py:109} INFO - [2022-06-16 14:08:45,105] {dag.py:2398} INFO - Sync 1 DAGs
[2022-06-16 14:08:45,143] {logging_mixin.py:109} INFO - [2022-06-16 14:08:45,143] {dag.py:2937} INFO - Setting next_dagrun for example_time_delta_sensor_async to None
[2022-06-16 14:08:45,172] {processor.py:171} INFO - Processing /home/saba/airflow_venv/airflow_venv/lib/python3.6/site-packages/airflow/example_dags/example_time_delta_sensor_async.py took 0.152 seconds
[2022-06-16 14:09:25,056] {processor.py:163} INFO - Started process (PID=3724) to work on /home/saba/airflow_venv/airflow_venv/lib/python3.6/site-packages/airflow/example_dags/example_time_delta_sensor_async.py
[2022-06-16 14:09:25,068] {processor.py:642} INFO - Processing file /home/saba/airflow_venv/airflow_venv/lib/python3.6/site-packages/airflow/example_dags/example_time_delta_sensor_async.py for tasks to queue
[2022-06-16 14:09:25,069] {logging_mixin.py:109} INFO - [2022-06-16 14:09:25,069] {dagbag.py:500} INFO - Filling up the DagBag from /home/saba/airflow_venv/airflow_venv/lib/python3.6/site-packages/airflow/example_dags/example_time_delta_sensor_async.py
[2022-06-16 14:09:25,107] {processor.py:652} INFO - DAG(s) dict_keys(['example_time_delta_sensor_async']) retrieved from /home/saba/airflow_venv/airflow_venv/lib/python3.6/site-packages/airflow/example_dags/example_time_delta_sensor_async.py
[2022-06-16 14:09:25,140] {logging_mixin.py:109} INFO - [2022-06-16 14:09:25,139] {dag.py:2398} INFO - Sync 1 DAGs
[2022-06-16 14:09:25,188] {logging_mixin.py:109} INFO - [2022-06-16 14:09:25,188] {dag.py:2937} INFO - Setting next_dagrun for example_time_delta_sensor_async to None
[2022-06-16 14:09:25,220] {processor.py:171} INFO - Processing /home/saba/airflow_venv/airflow_venv/lib/python3.6/site-packages/airflow/example_dags/example_time_delta_sensor_async.py took 0.170 seconds
[2022-06-16 14:10:06,535] {processor.py:163} INFO - Started process (PID=3968) to work on /home/saba/airflow_venv/airflow_venv/lib/python3.6/site-packages/airflow/example_dags/example_time_delta_sensor_async.py
[2022-06-16 14:10:06,546] {processor.py:642} INFO - Processing file /home/saba/airflow_venv/airflow_venv/lib/python3.6/site-packages/airflow/example_dags/example_time_delta_sensor_async.py for tasks to queue
[2022-06-16 14:10:06,547] {logging_mixin.py:109} INFO - [2022-06-16 14:10:06,547] {dagbag.py:500} INFO - Filling up the DagBag from /home/saba/airflow_venv/airflow_venv/lib/python3.6/site-packages/airflow/example_dags/example_time_delta_sensor_async.py
[2022-06-16 14:10:06,583] {processor.py:652} INFO - DAG(s) dict_keys(['example_time_delta_sensor_async']) retrieved from /home/saba/airflow_venv/airflow_venv/lib/python3.6/site-packages/airflow/example_dags/example_time_delta_sensor_async.py
[2022-06-16 14:10:06,606] {logging_mixin.py:109} INFO - [2022-06-16 14:10:06,606] {dag.py:2398} INFO - Sync 1 DAGs
[2022-06-16 14:10:06,637] {logging_mixin.py:109} INFO - [2022-06-16 14:10:06,637] {dag.py:2937} INFO - Setting next_dagrun for example_time_delta_sensor_async to None
[2022-06-16 14:10:06,660] {processor.py:171} INFO - Processing /home/saba/airflow_venv/airflow_venv/lib/python3.6/site-packages/airflow/example_dags/example_time_delta_sensor_async.py took 0.130 seconds
[2022-06-16 14:10:47,611] {processor.py:163} INFO - Started process (PID=4229) to work on /home/saba/airflow_venv/airflow_venv/lib/python3.6/site-packages/airflow/example_dags/example_time_delta_sensor_async.py
[2022-06-16 14:10:47,615] {processor.py:642} INFO - Processing file /home/saba/airflow_venv/airflow_venv/lib/python3.6/site-packages/airflow/example_dags/example_time_delta_sensor_async.py for tasks to queue
[2022-06-16 14:10:47,617] {logging_mixin.py:109} INFO - [2022-06-16 14:10:47,616] {dagbag.py:500} INFO - Filling up the DagBag from /home/saba/airflow_venv/airflow_venv/lib/python3.6/site-packages/airflow/example_dags/example_time_delta_sensor_async.py
[2022-06-16 14:10:47,653] {processor.py:652} INFO - DAG(s) dict_keys(['example_time_delta_sensor_async']) retrieved from /home/saba/airflow_venv/airflow_venv/lib/python3.6/site-packages/airflow/example_dags/example_time_delta_sensor_async.py
[2022-06-16 14:10:47,679] {logging_mixin.py:109} INFO - [2022-06-16 14:10:47,678] {dag.py:2398} INFO - Sync 1 DAGs
[2022-06-16 14:10:47,717] {logging_mixin.py:109} INFO - [2022-06-16 14:10:47,716] {dag.py:2937} INFO - Setting next_dagrun for example_time_delta_sensor_async to None
[2022-06-16 14:10:47,746] {processor.py:171} INFO - Processing /home/saba/airflow_venv/airflow_venv/lib/python3.6/site-packages/airflow/example_dags/example_time_delta_sensor_async.py took 0.141 seconds
[2022-06-16 14:11:27,020] {processor.py:163} INFO - Started process (PID=4457) to work on /home/saba/airflow_venv/airflow_venv/lib/python3.6/site-packages/airflow/example_dags/example_time_delta_sensor_async.py
[2022-06-16 14:11:27,031] {processor.py:642} INFO - Processing file /home/saba/airflow_venv/airflow_venv/lib/python3.6/site-packages/airflow/example_dags/example_time_delta_sensor_async.py for tasks to queue
[2022-06-16 14:11:27,033] {logging_mixin.py:109} INFO - [2022-06-16 14:11:27,033] {dagbag.py:500} INFO - Filling up the DagBag from /home/saba/airflow_venv/airflow_venv/lib/python3.6/site-packages/airflow/example_dags/example_time_delta_sensor_async.py
[2022-06-16 14:11:27,065] {processor.py:652} INFO - DAG(s) dict_keys(['example_time_delta_sensor_async']) retrieved from /home/saba/airflow_venv/airflow_venv/lib/python3.6/site-packages/airflow/example_dags/example_time_delta_sensor_async.py
[2022-06-16 14:11:27,095] {logging_mixin.py:109} INFO - [2022-06-16 14:11:27,095] {dag.py:2398} INFO - Sync 1 DAGs
[2022-06-16 14:11:27,136] {logging_mixin.py:109} INFO - [2022-06-16 14:11:27,136] {dag.py:2937} INFO - Setting next_dagrun for example_time_delta_sensor_async to None
[2022-06-16 14:11:27,173] {processor.py:171} INFO - Processing /home/saba/airflow_venv/airflow_venv/lib/python3.6/site-packages/airflow/example_dags/example_time_delta_sensor_async.py took 0.159 seconds
[2022-06-16 14:12:18,004] {processor.py:163} INFO - Started process (PID=4648) to work on /home/saba/airflow_venv/airflow_venv/lib/python3.6/site-packages/airflow/example_dags/example_time_delta_sensor_async.py
[2022-06-16 14:12:18,008] {processor.py:642} INFO - Processing file /home/saba/airflow_venv/airflow_venv/lib/python3.6/site-packages/airflow/example_dags/example_time_delta_sensor_async.py for tasks to queue
[2022-06-16 14:12:18,010] {logging_mixin.py:109} INFO - [2022-06-16 14:12:18,009] {dagbag.py:500} INFO - Filling up the DagBag from /home/saba/airflow_venv/airflow_venv/lib/python3.6/site-packages/airflow/example_dags/example_time_delta_sensor_async.py
[2022-06-16 14:12:18,062] {processor.py:652} INFO - DAG(s) dict_keys(['example_time_delta_sensor_async']) retrieved from /home/saba/airflow_venv/airflow_venv/lib/python3.6/site-packages/airflow/example_dags/example_time_delta_sensor_async.py
[2022-06-16 14:12:18,127] {logging_mixin.py:109} INFO - [2022-06-16 14:12:18,126] {dag.py:2398} INFO - Sync 1 DAGs
[2022-06-16 14:12:18,194] {logging_mixin.py:109} INFO - [2022-06-16 14:12:18,194] {dag.py:2937} INFO - Setting next_dagrun for example_time_delta_sensor_async to None
[2022-06-16 14:12:18,244] {processor.py:171} INFO - Processing /home/saba/airflow_venv/airflow_venv/lib/python3.6/site-packages/airflow/example_dags/example_time_delta_sensor_async.py took 0.251 seconds
[2022-06-16 14:13:05,415] {processor.py:163} INFO - Started process (PID=4872) to work on /home/saba/airflow_venv/airflow_venv/lib/python3.6/site-packages/airflow/example_dags/example_time_delta_sensor_async.py
[2022-06-16 14:13:05,418] {processor.py:642} INFO - Processing file /home/saba/airflow_venv/airflow_venv/lib/python3.6/site-packages/airflow/example_dags/example_time_delta_sensor_async.py for tasks to queue
[2022-06-16 14:13:05,421] {logging_mixin.py:109} INFO - [2022-06-16 14:13:05,420] {dagbag.py:500} INFO - Filling up the DagBag from /home/saba/airflow_venv/airflow_venv/lib/python3.6/site-packages/airflow/example_dags/example_time_delta_sensor_async.py
[2022-06-16 14:13:05,478] {processor.py:652} INFO - DAG(s) dict_keys(['example_time_delta_sensor_async']) retrieved from /home/saba/airflow_venv/airflow_venv/lib/python3.6/site-packages/airflow/example_dags/example_time_delta_sensor_async.py
[2022-06-16 14:13:05,530] {logging_mixin.py:109} INFO - [2022-06-16 14:13:05,529] {dag.py:2398} INFO - Sync 1 DAGs
[2022-06-16 14:13:05,591] {logging_mixin.py:109} INFO - [2022-06-16 14:13:05,591] {dag.py:2937} INFO - Setting next_dagrun for example_time_delta_sensor_async to None
[2022-06-16 14:13:06,375] {processor.py:171} INFO - Processing /home/saba/airflow_venv/airflow_venv/lib/python3.6/site-packages/airflow/example_dags/example_time_delta_sensor_async.py took 0.969 seconds
[2022-06-16 14:13:56,511] {processor.py:163} INFO - Started process (PID=5057) to work on /home/saba/airflow_venv/airflow_venv/lib/python3.6/site-packages/airflow/example_dags/example_time_delta_sensor_async.py
[2022-06-16 14:13:56,515] {processor.py:642} INFO - Processing file /home/saba/airflow_venv/airflow_venv/lib/python3.6/site-packages/airflow/example_dags/example_time_delta_sensor_async.py for tasks to queue
[2022-06-16 14:13:56,518] {logging_mixin.py:109} INFO - [2022-06-16 14:13:56,517] {dagbag.py:500} INFO - Filling up the DagBag from /home/saba/airflow_venv/airflow_venv/lib/python3.6/site-packages/airflow/example_dags/example_time_delta_sensor_async.py
[2022-06-16 14:13:56,591] {processor.py:652} INFO - DAG(s) dict_keys(['example_time_delta_sensor_async']) retrieved from /home/saba/airflow_venv/airflow_venv/lib/python3.6/site-packages/airflow/example_dags/example_time_delta_sensor_async.py
[2022-06-16 14:13:56,659] {logging_mixin.py:109} INFO - [2022-06-16 14:13:56,659] {dag.py:2398} INFO - Sync 1 DAGs
[2022-06-16 14:13:56,748] {logging_mixin.py:109} INFO - [2022-06-16 14:13:56,748] {dag.py:2937} INFO - Setting next_dagrun for example_time_delta_sensor_async to None
[2022-06-16 14:13:56,809] {processor.py:171} INFO - Processing /home/saba/airflow_venv/airflow_venv/lib/python3.6/site-packages/airflow/example_dags/example_time_delta_sensor_async.py took 0.312 seconds
[2022-06-16 14:14:57,574] {processor.py:163} INFO - Started process (PID=5240) to work on /home/saba/airflow_venv/airflow_venv/lib/python3.6/site-packages/airflow/example_dags/example_time_delta_sensor_async.py
[2022-06-16 14:14:57,578] {processor.py:642} INFO - Processing file /home/saba/airflow_venv/airflow_venv/lib/python3.6/site-packages/airflow/example_dags/example_time_delta_sensor_async.py for tasks to queue
[2022-06-16 14:14:57,586] {logging_mixin.py:109} INFO - [2022-06-16 14:14:57,584] {dagbag.py:500} INFO - Filling up the DagBag from /home/saba/airflow_venv/airflow_venv/lib/python3.6/site-packages/airflow/example_dags/example_time_delta_sensor_async.py
[2022-06-16 14:14:57,675] {processor.py:652} INFO - DAG(s) dict_keys(['example_time_delta_sensor_async']) retrieved from /home/saba/airflow_venv/airflow_venv/lib/python3.6/site-packages/airflow/example_dags/example_time_delta_sensor_async.py
[2022-06-16 14:14:57,767] {logging_mixin.py:109} INFO - [2022-06-16 14:14:57,767] {dag.py:2398} INFO - Sync 1 DAGs
[2022-06-16 14:14:57,896] {logging_mixin.py:109} INFO - [2022-06-16 14:14:57,895] {dag.py:2937} INFO - Setting next_dagrun for example_time_delta_sensor_async to None
[2022-06-16 14:14:57,970] {processor.py:171} INFO - Processing /home/saba/airflow_venv/airflow_venv/lib/python3.6/site-packages/airflow/example_dags/example_time_delta_sensor_async.py took 0.413 seconds
[2022-06-16 14:16:22,821] {processor.py:163} INFO - Started process (PID=7457) to work on /home/saba/airflow_venv/airflow_venv/lib/python3.6/site-packages/airflow/example_dags/example_time_delta_sensor_async.py
[2022-06-16 14:16:22,827] {processor.py:642} INFO - Processing file /home/saba/airflow_venv/airflow_venv/lib/python3.6/site-packages/airflow/example_dags/example_time_delta_sensor_async.py for tasks to queue
[2022-06-16 14:16:22,836] {logging_mixin.py:109} INFO - [2022-06-16 14:16:22,830] {dagbag.py:500} INFO - Filling up the DagBag from /home/saba/airflow_venv/airflow_venv/lib/python3.6/site-packages/airflow/example_dags/example_time_delta_sensor_async.py
[2022-06-16 14:16:22,938] {processor.py:652} INFO - DAG(s) dict_keys(['example_time_delta_sensor_async']) retrieved from /home/saba/airflow_venv/airflow_venv/lib/python3.6/site-packages/airflow/example_dags/example_time_delta_sensor_async.py
[2022-06-16 14:16:23,030] {logging_mixin.py:109} INFO - [2022-06-16 14:16:23,029] {dag.py:2398} INFO - Sync 1 DAGs
[2022-06-16 14:16:23,458] {logging_mixin.py:109} INFO - [2022-06-16 14:16:23,458] {dag.py:2937} INFO - Setting next_dagrun for example_time_delta_sensor_async to None
[2022-06-16 14:16:23,589] {processor.py:171} INFO - Processing /home/saba/airflow_venv/airflow_venv/lib/python3.6/site-packages/airflow/example_dags/example_time_delta_sensor_async.py took 0.781 seconds
[2022-06-16 14:17:38,023] {processor.py:163} INFO - Started process (PID=7941) to work on /home/saba/airflow_venv/airflow_venv/lib/python3.6/site-packages/airflow/example_dags/example_time_delta_sensor_async.py
[2022-06-16 14:17:38,033] {processor.py:642} INFO - Processing file /home/saba/airflow_venv/airflow_venv/lib/python3.6/site-packages/airflow/example_dags/example_time_delta_sensor_async.py for tasks to queue
[2022-06-16 14:17:38,037] {logging_mixin.py:109} INFO - [2022-06-16 14:17:38,036] {dagbag.py:500} INFO - Filling up the DagBag from /home/saba/airflow_venv/airflow_venv/lib/python3.6/site-packages/airflow/example_dags/example_time_delta_sensor_async.py
[2022-06-16 14:17:38,120] {processor.py:652} INFO - DAG(s) dict_keys(['example_time_delta_sensor_async']) retrieved from /home/saba/airflow_venv/airflow_venv/lib/python3.6/site-packages/airflow/example_dags/example_time_delta_sensor_async.py
[2022-06-16 14:17:38,194] {logging_mixin.py:109} INFO - [2022-06-16 14:17:38,191] {dag.py:2398} INFO - Sync 1 DAGs
[2022-06-16 14:17:38,533] {logging_mixin.py:109} INFO - [2022-06-16 14:17:38,533] {dag.py:2937} INFO - Setting next_dagrun for example_time_delta_sensor_async to None
[2022-06-16 14:17:38,583] {processor.py:171} INFO - Processing /home/saba/airflow_venv/airflow_venv/lib/python3.6/site-packages/airflow/example_dags/example_time_delta_sensor_async.py took 0.569 seconds
[2022-06-16 14:18:41,381] {processor.py:163} INFO - Started process (PID=8110) to work on /home/saba/airflow_venv/airflow_venv/lib/python3.6/site-packages/airflow/example_dags/example_time_delta_sensor_async.py
[2022-06-16 14:18:41,392] {processor.py:642} INFO - Processing file /home/saba/airflow_venv/airflow_venv/lib/python3.6/site-packages/airflow/example_dags/example_time_delta_sensor_async.py for tasks to queue
[2022-06-16 14:18:41,398] {logging_mixin.py:109} INFO - [2022-06-16 14:18:41,397] {dagbag.py:500} INFO - Filling up the DagBag from /home/saba/airflow_venv/airflow_venv/lib/python3.6/site-packages/airflow/example_dags/example_time_delta_sensor_async.py
[2022-06-16 14:18:41,574] {processor.py:652} INFO - DAG(s) dict_keys(['example_time_delta_sensor_async']) retrieved from /home/saba/airflow_venv/airflow_venv/lib/python3.6/site-packages/airflow/example_dags/example_time_delta_sensor_async.py
[2022-06-16 14:18:42,129] {logging_mixin.py:109} INFO - [2022-06-16 14:18:42,127] {dag.py:2398} INFO - Sync 1 DAGs
[2022-06-16 14:18:42,235] {logging_mixin.py:109} INFO - [2022-06-16 14:18:42,235] {dag.py:2937} INFO - Setting next_dagrun for example_time_delta_sensor_async to None
[2022-06-16 14:18:42,318] {processor.py:171} INFO - Processing /home/saba/airflow_venv/airflow_venv/lib/python3.6/site-packages/airflow/example_dags/example_time_delta_sensor_async.py took 0.969 seconds
[2022-06-16 14:19:40,092] {processor.py:163} INFO - Started process (PID=8575) to work on /home/saba/airflow_venv/airflow_venv/lib/python3.6/site-packages/airflow/example_dags/example_time_delta_sensor_async.py
[2022-06-16 14:19:40,098] {processor.py:642} INFO - Processing file /home/saba/airflow_venv/airflow_venv/lib/python3.6/site-packages/airflow/example_dags/example_time_delta_sensor_async.py for tasks to queue
[2022-06-16 14:19:40,101] {logging_mixin.py:109} INFO - [2022-06-16 14:19:40,100] {dagbag.py:500} INFO - Filling up the DagBag from /home/saba/airflow_venv/airflow_venv/lib/python3.6/site-packages/airflow/example_dags/example_time_delta_sensor_async.py
[2022-06-16 14:19:40,376] {processor.py:652} INFO - DAG(s) dict_keys(['example_time_delta_sensor_async']) retrieved from /home/saba/airflow_venv/airflow_venv/lib/python3.6/site-packages/airflow/example_dags/example_time_delta_sensor_async.py
[2022-06-16 14:19:40,418] {logging_mixin.py:109} INFO - [2022-06-16 14:19:40,418] {dag.py:2398} INFO - Sync 1 DAGs
[2022-06-16 14:19:40,471] {logging_mixin.py:109} INFO - [2022-06-16 14:19:40,471] {dag.py:2937} INFO - Setting next_dagrun for example_time_delta_sensor_async to None
[2022-06-16 14:19:40,509] {processor.py:171} INFO - Processing /home/saba/airflow_venv/airflow_venv/lib/python3.6/site-packages/airflow/example_dags/example_time_delta_sensor_async.py took 0.426 seconds
[2022-06-16 14:21:00,991] {processor.py:163} INFO - Started process (PID=8906) to work on /home/saba/airflow_venv/airflow_venv/lib/python3.6/site-packages/airflow/example_dags/example_time_delta_sensor_async.py
[2022-06-16 14:21:00,996] {processor.py:642} INFO - Processing file /home/saba/airflow_venv/airflow_venv/lib/python3.6/site-packages/airflow/example_dags/example_time_delta_sensor_async.py for tasks to queue
[2022-06-16 14:21:00,999] {logging_mixin.py:109} INFO - [2022-06-16 14:21:00,998] {dagbag.py:500} INFO - Filling up the DagBag from /home/saba/airflow_venv/airflow_venv/lib/python3.6/site-packages/airflow/example_dags/example_time_delta_sensor_async.py
[2022-06-16 14:21:01,335] {processor.py:652} INFO - DAG(s) dict_keys(['example_time_delta_sensor_async']) retrieved from /home/saba/airflow_venv/airflow_venv/lib/python3.6/site-packages/airflow/example_dags/example_time_delta_sensor_async.py
[2022-06-16 14:21:01,400] {logging_mixin.py:109} INFO - [2022-06-16 14:21:01,399] {dag.py:2398} INFO - Sync 1 DAGs
[2022-06-16 14:21:01,488] {logging_mixin.py:109} INFO - [2022-06-16 14:21:01,487] {dag.py:2937} INFO - Setting next_dagrun for example_time_delta_sensor_async to None
[2022-06-16 14:21:01,555] {processor.py:171} INFO - Processing /home/saba/airflow_venv/airflow_venv/lib/python3.6/site-packages/airflow/example_dags/example_time_delta_sensor_async.py took 0.575 seconds
[2022-06-16 14:22:11,189] {processor.py:163} INFO - Started process (PID=9084) to work on /home/saba/airflow_venv/airflow_venv/lib/python3.6/site-packages/airflow/example_dags/example_time_delta_sensor_async.py
[2022-06-16 14:22:11,195] {processor.py:642} INFO - Processing file /home/saba/airflow_venv/airflow_venv/lib/python3.6/site-packages/airflow/example_dags/example_time_delta_sensor_async.py for tasks to queue
[2022-06-16 14:22:11,197] {logging_mixin.py:109} INFO - [2022-06-16 14:22:11,197] {dagbag.py:500} INFO - Filling up the DagBag from /home/saba/airflow_venv/airflow_venv/lib/python3.6/site-packages/airflow/example_dags/example_time_delta_sensor_async.py
[2022-06-16 14:22:11,286] {processor.py:652} INFO - DAG(s) dict_keys(['example_time_delta_sensor_async']) retrieved from /home/saba/airflow_venv/airflow_venv/lib/python3.6/site-packages/airflow/example_dags/example_time_delta_sensor_async.py
[2022-06-16 14:22:11,373] {logging_mixin.py:109} INFO - [2022-06-16 14:22:11,372] {dag.py:2398} INFO - Sync 1 DAGs
[2022-06-16 14:22:11,481] {logging_mixin.py:109} INFO - [2022-06-16 14:22:11,481] {dag.py:2937} INFO - Setting next_dagrun for example_time_delta_sensor_async to None
[2022-06-16 14:22:11,544] {processor.py:171} INFO - Processing /home/saba/airflow_venv/airflow_venv/lib/python3.6/site-packages/airflow/example_dags/example_time_delta_sensor_async.py took 0.371 seconds
[2022-06-16 14:23:09,080] {processor.py:163} INFO - Started process (PID=9504) to work on /home/saba/airflow_venv/airflow_venv/lib/python3.6/site-packages/airflow/example_dags/example_time_delta_sensor_async.py
[2022-06-16 14:23:09,090] {processor.py:642} INFO - Processing file /home/saba/airflow_venv/airflow_venv/lib/python3.6/site-packages/airflow/example_dags/example_time_delta_sensor_async.py for tasks to queue
[2022-06-16 14:23:09,093] {logging_mixin.py:109} INFO - [2022-06-16 14:23:09,092] {dagbag.py:500} INFO - Filling up the DagBag from /home/saba/airflow_venv/airflow_venv/lib/python3.6/site-packages/airflow/example_dags/example_time_delta_sensor_async.py
[2022-06-16 14:23:09,177] {processor.py:652} INFO - DAG(s) dict_keys(['example_time_delta_sensor_async']) retrieved from /home/saba/airflow_venv/airflow_venv/lib/python3.6/site-packages/airflow/example_dags/example_time_delta_sensor_async.py
[2022-06-16 14:23:09,251] {logging_mixin.py:109} INFO - [2022-06-16 14:23:09,248] {dag.py:2398} INFO - Sync 1 DAGs
[2022-06-16 14:23:09,345] {logging_mixin.py:109} INFO - [2022-06-16 14:23:09,345] {dag.py:2937} INFO - Setting next_dagrun for example_time_delta_sensor_async to None
[2022-06-16 14:23:09,407] {processor.py:171} INFO - Processing /home/saba/airflow_venv/airflow_venv/lib/python3.6/site-packages/airflow/example_dags/example_time_delta_sensor_async.py took 0.340 seconds
[2022-06-16 14:24:03,527] {processor.py:163} INFO - Started process (PID=9669) to work on /home/saba/airflow_venv/airflow_venv/lib/python3.6/site-packages/airflow/example_dags/example_time_delta_sensor_async.py
[2022-06-16 14:24:03,538] {processor.py:642} INFO - Processing file /home/saba/airflow_venv/airflow_venv/lib/python3.6/site-packages/airflow/example_dags/example_time_delta_sensor_async.py for tasks to queue
[2022-06-16 14:24:03,540] {logging_mixin.py:109} INFO - [2022-06-16 14:24:03,540] {dagbag.py:500} INFO - Filling up the DagBag from /home/saba/airflow_venv/airflow_venv/lib/python3.6/site-packages/airflow/example_dags/example_time_delta_sensor_async.py
[2022-06-16 14:24:03,654] {processor.py:652} INFO - DAG(s) dict_keys(['example_time_delta_sensor_async']) retrieved from /home/saba/airflow_venv/airflow_venv/lib/python3.6/site-packages/airflow/example_dags/example_time_delta_sensor_async.py
[2022-06-16 14:24:03,740] {logging_mixin.py:109} INFO - [2022-06-16 14:24:03,739] {dag.py:2398} INFO - Sync 1 DAGs
[2022-06-16 14:24:03,846] {logging_mixin.py:109} INFO - [2022-06-16 14:24:03,845] {dag.py:2937} INFO - Setting next_dagrun for example_time_delta_sensor_async to None
[2022-06-16 14:24:03,899] {processor.py:171} INFO - Processing /home/saba/airflow_venv/airflow_venv/lib/python3.6/site-packages/airflow/example_dags/example_time_delta_sensor_async.py took 0.384 seconds
[2022-06-16 14:24:59,456] {processor.py:163} INFO - Started process (PID=10044) to work on /home/saba/airflow_venv/airflow_venv/lib/python3.6/site-packages/airflow/example_dags/example_time_delta_sensor_async.py
[2022-06-16 14:24:59,461] {processor.py:642} INFO - Processing file /home/saba/airflow_venv/airflow_venv/lib/python3.6/site-packages/airflow/example_dags/example_time_delta_sensor_async.py for tasks to queue
[2022-06-16 14:24:59,464] {logging_mixin.py:109} INFO - [2022-06-16 14:24:59,463] {dagbag.py:500} INFO - Filling up the DagBag from /home/saba/airflow_venv/airflow_venv/lib/python3.6/site-packages/airflow/example_dags/example_time_delta_sensor_async.py
[2022-06-16 14:24:59,534] {processor.py:652} INFO - DAG(s) dict_keys(['example_time_delta_sensor_async']) retrieved from /home/saba/airflow_venv/airflow_venv/lib/python3.6/site-packages/airflow/example_dags/example_time_delta_sensor_async.py
[2022-06-16 14:24:59,586] {logging_mixin.py:109} INFO - [2022-06-16 14:24:59,586] {dag.py:2398} INFO - Sync 1 DAGs
[2022-06-16 14:24:59,664] {logging_mixin.py:109} INFO - [2022-06-16 14:24:59,664] {dag.py:2937} INFO - Setting next_dagrun for example_time_delta_sensor_async to None
[2022-06-16 14:24:59,717] {processor.py:171} INFO - Processing /home/saba/airflow_venv/airflow_venv/lib/python3.6/site-packages/airflow/example_dags/example_time_delta_sensor_async.py took 0.270 seconds
[2022-06-16 14:26:00,388] {processor.py:163} INFO - Started process (PID=10461) to work on /home/saba/airflow_venv/airflow_venv/lib/python3.6/site-packages/airflow/example_dags/example_time_delta_sensor_async.py
[2022-06-16 14:26:00,398] {processor.py:642} INFO - Processing file /home/saba/airflow_venv/airflow_venv/lib/python3.6/site-packages/airflow/example_dags/example_time_delta_sensor_async.py for tasks to queue
[2022-06-16 14:26:00,401] {logging_mixin.py:109} INFO - [2022-06-16 14:26:00,401] {dagbag.py:500} INFO - Filling up the DagBag from /home/saba/airflow_venv/airflow_venv/lib/python3.6/site-packages/airflow/example_dags/example_time_delta_sensor_async.py
[2022-06-16 14:26:00,511] {processor.py:652} INFO - DAG(s) dict_keys(['example_time_delta_sensor_async']) retrieved from /home/saba/airflow_venv/airflow_venv/lib/python3.6/site-packages/airflow/example_dags/example_time_delta_sensor_async.py
[2022-06-16 14:26:00,617] {logging_mixin.py:109} INFO - [2022-06-16 14:26:00,616] {dag.py:2398} INFO - Sync 1 DAGs
[2022-06-16 14:26:00,731] {logging_mixin.py:109} INFO - [2022-06-16 14:26:00,731] {dag.py:2937} INFO - Setting next_dagrun for example_time_delta_sensor_async to None
[2022-06-16 14:26:00,863] {processor.py:171} INFO - Processing /home/saba/airflow_venv/airflow_venv/lib/python3.6/site-packages/airflow/example_dags/example_time_delta_sensor_async.py took 0.490 seconds
[2022-06-16 14:27:03,150] {processor.py:163} INFO - Started process (PID=10802) to work on /home/saba/airflow_venv/airflow_venv/lib/python3.6/site-packages/airflow/example_dags/example_time_delta_sensor_async.py
[2022-06-16 14:27:03,163] {processor.py:642} INFO - Processing file /home/saba/airflow_venv/airflow_venv/lib/python3.6/site-packages/airflow/example_dags/example_time_delta_sensor_async.py for tasks to queue
[2022-06-16 14:27:03,170] {logging_mixin.py:109} INFO - [2022-06-16 14:27:03,168] {dagbag.py:500} INFO - Filling up the DagBag from /home/saba/airflow_venv/airflow_venv/lib/python3.6/site-packages/airflow/example_dags/example_time_delta_sensor_async.py
[2022-06-16 14:27:03,334] {processor.py:652} INFO - DAG(s) dict_keys(['example_time_delta_sensor_async']) retrieved from /home/saba/airflow_venv/airflow_venv/lib/python3.6/site-packages/airflow/example_dags/example_time_delta_sensor_async.py
[2022-06-16 14:27:03,434] {logging_mixin.py:109} INFO - [2022-06-16 14:27:03,422] {dag.py:2398} INFO - Sync 1 DAGs
[2022-06-16 14:27:03,555] {logging_mixin.py:109} INFO - [2022-06-16 14:27:03,554] {dag.py:2937} INFO - Setting next_dagrun for example_time_delta_sensor_async to None
[2022-06-16 14:27:03,626] {processor.py:171} INFO - Processing /home/saba/airflow_venv/airflow_venv/lib/python3.6/site-packages/airflow/example_dags/example_time_delta_sensor_async.py took 0.492 seconds
[2022-06-16 14:27:54,501] {processor.py:163} INFO - Started process (PID=10973) to work on /home/saba/airflow_venv/airflow_venv/lib/python3.6/site-packages/airflow/example_dags/example_time_delta_sensor_async.py
[2022-06-16 14:27:54,507] {processor.py:642} INFO - Processing file /home/saba/airflow_venv/airflow_venv/lib/python3.6/site-packages/airflow/example_dags/example_time_delta_sensor_async.py for tasks to queue
[2022-06-16 14:27:54,510] {logging_mixin.py:109} INFO - [2022-06-16 14:27:54,509] {dagbag.py:500} INFO - Filling up the DagBag from /home/saba/airflow_venv/airflow_venv/lib/python3.6/site-packages/airflow/example_dags/example_time_delta_sensor_async.py
[2022-06-16 14:27:54,638] {processor.py:652} INFO - DAG(s) dict_keys(['example_time_delta_sensor_async']) retrieved from /home/saba/airflow_venv/airflow_venv/lib/python3.6/site-packages/airflow/example_dags/example_time_delta_sensor_async.py
[2022-06-16 14:27:54,722] {logging_mixin.py:109} INFO - [2022-06-16 14:27:54,721] {dag.py:2398} INFO - Sync 1 DAGs
[2022-06-16 14:27:54,803] {logging_mixin.py:109} INFO - [2022-06-16 14:27:54,803] {dag.py:2937} INFO - Setting next_dagrun for example_time_delta_sensor_async to None
[2022-06-16 14:27:54,852] {processor.py:171} INFO - Processing /home/saba/airflow_venv/airflow_venv/lib/python3.6/site-packages/airflow/example_dags/example_time_delta_sensor_async.py took 0.365 seconds
[2022-06-16 14:28:45,014] {processor.py:163} INFO - Started process (PID=11495) to work on /home/saba/airflow_venv/airflow_venv/lib/python3.6/site-packages/airflow/example_dags/example_time_delta_sensor_async.py
[2022-06-16 14:28:45,022] {processor.py:642} INFO - Processing file /home/saba/airflow_venv/airflow_venv/lib/python3.6/site-packages/airflow/example_dags/example_time_delta_sensor_async.py for tasks to queue
[2022-06-16 14:28:45,025] {logging_mixin.py:109} INFO - [2022-06-16 14:28:45,024] {dagbag.py:500} INFO - Filling up the DagBag from /home/saba/airflow_venv/airflow_venv/lib/python3.6/site-packages/airflow/example_dags/example_time_delta_sensor_async.py
[2022-06-16 14:28:45,119] {processor.py:652} INFO - DAG(s) dict_keys(['example_time_delta_sensor_async']) retrieved from /home/saba/airflow_venv/airflow_venv/lib/python3.6/site-packages/airflow/example_dags/example_time_delta_sensor_async.py
[2022-06-16 14:28:45,187] {logging_mixin.py:109} INFO - [2022-06-16 14:28:45,187] {dag.py:2398} INFO - Sync 1 DAGs
[2022-06-16 14:28:45,304] {logging_mixin.py:109} INFO - [2022-06-16 14:28:45,303] {dag.py:2937} INFO - Setting next_dagrun for example_time_delta_sensor_async to None
[2022-06-16 14:28:45,368] {processor.py:171} INFO - Processing /home/saba/airflow_venv/airflow_venv/lib/python3.6/site-packages/airflow/example_dags/example_time_delta_sensor_async.py took 0.373 seconds
[2022-06-16 14:29:33,077] {processor.py:163} INFO - Started process (PID=11778) to work on /home/saba/airflow_venv/airflow_venv/lib/python3.6/site-packages/airflow/example_dags/example_time_delta_sensor_async.py
[2022-06-16 14:29:33,085] {processor.py:642} INFO - Processing file /home/saba/airflow_venv/airflow_venv/lib/python3.6/site-packages/airflow/example_dags/example_time_delta_sensor_async.py for tasks to queue
[2022-06-16 14:29:33,088] {logging_mixin.py:109} INFO - [2022-06-16 14:29:33,087] {dagbag.py:500} INFO - Filling up the DagBag from /home/saba/airflow_venv/airflow_venv/lib/python3.6/site-packages/airflow/example_dags/example_time_delta_sensor_async.py
[2022-06-16 14:29:33,184] {processor.py:652} INFO - DAG(s) dict_keys(['example_time_delta_sensor_async']) retrieved from /home/saba/airflow_venv/airflow_venv/lib/python3.6/site-packages/airflow/example_dags/example_time_delta_sensor_async.py
[2022-06-16 14:29:33,243] {logging_mixin.py:109} INFO - [2022-06-16 14:29:33,243] {dag.py:2398} INFO - Sync 1 DAGs
[2022-06-16 14:29:33,352] {logging_mixin.py:109} INFO - [2022-06-16 14:29:33,352] {dag.py:2937} INFO - Setting next_dagrun for example_time_delta_sensor_async to None
[2022-06-16 14:29:33,402] {processor.py:171} INFO - Processing /home/saba/airflow_venv/airflow_venv/lib/python3.6/site-packages/airflow/example_dags/example_time_delta_sensor_async.py took 0.342 seconds
[2022-06-16 14:30:26,958] {processor.py:163} INFO - Started process (PID=12011) to work on /home/saba/airflow_venv/airflow_venv/lib/python3.6/site-packages/airflow/example_dags/example_time_delta_sensor_async.py
[2022-06-16 14:30:26,962] {processor.py:642} INFO - Processing file /home/saba/airflow_venv/airflow_venv/lib/python3.6/site-packages/airflow/example_dags/example_time_delta_sensor_async.py for tasks to queue
[2022-06-16 14:30:26,964] {logging_mixin.py:109} INFO - [2022-06-16 14:30:26,963] {dagbag.py:500} INFO - Filling up the DagBag from /home/saba/airflow_venv/airflow_venv/lib/python3.6/site-packages/airflow/example_dags/example_time_delta_sensor_async.py
[2022-06-16 14:30:27,009] {processor.py:652} INFO - DAG(s) dict_keys(['example_time_delta_sensor_async']) retrieved from /home/saba/airflow_venv/airflow_venv/lib/python3.6/site-packages/airflow/example_dags/example_time_delta_sensor_async.py
[2022-06-16 14:30:27,046] {logging_mixin.py:109} INFO - [2022-06-16 14:30:27,046] {dag.py:2398} INFO - Sync 1 DAGs
[2022-06-16 14:30:27,096] {logging_mixin.py:109} INFO - [2022-06-16 14:30:27,096] {dag.py:2937} INFO - Setting next_dagrun for example_time_delta_sensor_async to None
[2022-06-16 14:30:27,128] {processor.py:171} INFO - Processing /home/saba/airflow_venv/airflow_venv/lib/python3.6/site-packages/airflow/example_dags/example_time_delta_sensor_async.py took 0.178 seconds
[2022-06-16 14:45:49,312] {processor.py:163} INFO - Started process (PID=77) to work on /home/saba/.local/lib/python3.6/site-packages/airflow/example_dags/example_time_delta_sensor_async.py
[2022-06-16 14:45:49,314] {processor.py:642} INFO - Processing file /home/saba/.local/lib/python3.6/site-packages/airflow/example_dags/example_time_delta_sensor_async.py for tasks to queue
[2022-06-16 14:45:49,316] {logging_mixin.py:109} INFO - [2022-06-16 14:45:49,315] {dagbag.py:500} INFO - Filling up the DagBag from /home/saba/.local/lib/python3.6/site-packages/airflow/example_dags/example_time_delta_sensor_async.py
[2022-06-16 14:45:49,372] {processor.py:652} INFO - DAG(s) dict_keys(['example_time_delta_sensor_async']) retrieved from /home/saba/.local/lib/python3.6/site-packages/airflow/example_dags/example_time_delta_sensor_async.py
[2022-06-16 14:45:49,405] {logging_mixin.py:109} INFO - [2022-06-16 14:45:49,404] {dag.py:2398} INFO - Sync 1 DAGs
[2022-06-16 14:45:49,462] {logging_mixin.py:109} INFO - [2022-06-16 14:45:49,462] {dag.py:2937} INFO - Setting next_dagrun for example_time_delta_sensor_async to None
[2022-06-16 14:45:49,503] {processor.py:171} INFO - Processing /home/saba/.local/lib/python3.6/site-packages/airflow/example_dags/example_time_delta_sensor_async.py took 0.197 seconds
[2022-06-16 14:46:37,769] {processor.py:163} INFO - Started process (PID=126) to work on /home/saba/.local/lib/python3.6/site-packages/airflow/example_dags/example_time_delta_sensor_async.py
[2022-06-16 14:46:37,777] {processor.py:642} INFO - Processing file /home/saba/.local/lib/python3.6/site-packages/airflow/example_dags/example_time_delta_sensor_async.py for tasks to queue
[2022-06-16 14:46:37,780] {logging_mixin.py:109} INFO - [2022-06-16 14:46:37,780] {dagbag.py:500} INFO - Filling up the DagBag from /home/saba/.local/lib/python3.6/site-packages/airflow/example_dags/example_time_delta_sensor_async.py
[2022-06-16 14:46:37,918] {processor.py:652} INFO - DAG(s) dict_keys(['example_time_delta_sensor_async']) retrieved from /home/saba/.local/lib/python3.6/site-packages/airflow/example_dags/example_time_delta_sensor_async.py
[2022-06-16 14:46:38,011] {logging_mixin.py:109} INFO - [2022-06-16 14:46:38,008] {dag.py:2398} INFO - Sync 1 DAGs
[2022-06-16 14:46:38,139] {logging_mixin.py:109} INFO - [2022-06-16 14:46:38,138] {dag.py:2937} INFO - Setting next_dagrun for example_time_delta_sensor_async to None
[2022-06-16 14:46:38,208] {processor.py:171} INFO - Processing /home/saba/.local/lib/python3.6/site-packages/airflow/example_dags/example_time_delta_sensor_async.py took 0.451 seconds
[2022-06-16 14:47:45,532] {processor.py:163} INFO - Started process (PID=207) to work on /home/saba/.local/lib/python3.6/site-packages/airflow/example_dags/example_time_delta_sensor_async.py
[2022-06-16 14:47:45,540] {processor.py:642} INFO - Processing file /home/saba/.local/lib/python3.6/site-packages/airflow/example_dags/example_time_delta_sensor_async.py for tasks to queue
[2022-06-16 14:47:45,544] {logging_mixin.py:109} INFO - [2022-06-16 14:47:45,543] {dagbag.py:500} INFO - Filling up the DagBag from /home/saba/.local/lib/python3.6/site-packages/airflow/example_dags/example_time_delta_sensor_async.py
[2022-06-16 14:47:45,664] {processor.py:652} INFO - DAG(s) dict_keys(['example_time_delta_sensor_async']) retrieved from /home/saba/.local/lib/python3.6/site-packages/airflow/example_dags/example_time_delta_sensor_async.py
[2022-06-16 14:47:45,733] {logging_mixin.py:109} INFO - [2022-06-16 14:47:45,733] {dag.py:2398} INFO - Sync 1 DAGs
[2022-06-16 14:47:45,811] {logging_mixin.py:109} INFO - [2022-06-16 14:47:45,811] {dag.py:2937} INFO - Setting next_dagrun for example_time_delta_sensor_async to None
[2022-06-16 14:47:45,863] {processor.py:171} INFO - Processing /home/saba/.local/lib/python3.6/site-packages/airflow/example_dags/example_time_delta_sensor_async.py took 0.350 seconds
[2022-06-16 14:48:53,247] {processor.py:163} INFO - Started process (PID=2347) to work on /home/saba/.local/lib/python3.6/site-packages/airflow/example_dags/example_time_delta_sensor_async.py
[2022-06-16 14:48:53,250] {processor.py:642} INFO - Processing file /home/saba/.local/lib/python3.6/site-packages/airflow/example_dags/example_time_delta_sensor_async.py for tasks to queue
[2022-06-16 14:48:53,252] {logging_mixin.py:109} INFO - [2022-06-16 14:48:53,251] {dagbag.py:500} INFO - Filling up the DagBag from /home/saba/.local/lib/python3.6/site-packages/airflow/example_dags/example_time_delta_sensor_async.py
[2022-06-16 14:48:53,301] {processor.py:652} INFO - DAG(s) dict_keys(['example_time_delta_sensor_async']) retrieved from /home/saba/.local/lib/python3.6/site-packages/airflow/example_dags/example_time_delta_sensor_async.py
[2022-06-16 14:48:53,343] {logging_mixin.py:109} INFO - [2022-06-16 14:48:53,343] {dag.py:2398} INFO - Sync 1 DAGs
[2022-06-16 14:48:53,395] {logging_mixin.py:109} INFO - [2022-06-16 14:48:53,395] {dag.py:2937} INFO - Setting next_dagrun for example_time_delta_sensor_async to None
[2022-06-16 14:48:53,430] {processor.py:171} INFO - Processing /home/saba/.local/lib/python3.6/site-packages/airflow/example_dags/example_time_delta_sensor_async.py took 0.190 seconds
[2022-06-16 14:49:41,671] {processor.py:163} INFO - Started process (PID=2381) to work on /home/saba/.local/lib/python3.6/site-packages/airflow/example_dags/example_time_delta_sensor_async.py
[2022-06-16 14:49:41,676] {processor.py:642} INFO - Processing file /home/saba/.local/lib/python3.6/site-packages/airflow/example_dags/example_time_delta_sensor_async.py for tasks to queue
[2022-06-16 14:49:41,679] {logging_mixin.py:109} INFO - [2022-06-16 14:49:41,678] {dagbag.py:500} INFO - Filling up the DagBag from /home/saba/.local/lib/python3.6/site-packages/airflow/example_dags/example_time_delta_sensor_async.py
[2022-06-16 14:49:41,770] {processor.py:652} INFO - DAG(s) dict_keys(['example_time_delta_sensor_async']) retrieved from /home/saba/.local/lib/python3.6/site-packages/airflow/example_dags/example_time_delta_sensor_async.py
[2022-06-16 14:49:41,823] {logging_mixin.py:109} INFO - [2022-06-16 14:49:41,822] {dag.py:2398} INFO - Sync 1 DAGs
[2022-06-16 14:49:41,903] {logging_mixin.py:109} INFO - [2022-06-16 14:49:41,903] {dag.py:2937} INFO - Setting next_dagrun for example_time_delta_sensor_async to None
[2022-06-16 14:49:41,953] {processor.py:171} INFO - Processing /home/saba/.local/lib/python3.6/site-packages/airflow/example_dags/example_time_delta_sensor_async.py took 0.300 seconds
[2022-06-16 14:50:24,586] {processor.py:163} INFO - Started process (PID=2635) to work on /home/saba/.local/lib/python3.6/site-packages/airflow/example_dags/example_time_delta_sensor_async.py
[2022-06-16 14:50:24,588] {processor.py:642} INFO - Processing file /home/saba/.local/lib/python3.6/site-packages/airflow/example_dags/example_time_delta_sensor_async.py for tasks to queue
[2022-06-16 14:50:24,589] {logging_mixin.py:109} INFO - [2022-06-16 14:50:24,589] {dagbag.py:500} INFO - Filling up the DagBag from /home/saba/.local/lib/python3.6/site-packages/airflow/example_dags/example_time_delta_sensor_async.py
[2022-06-16 14:50:24,620] {processor.py:652} INFO - DAG(s) dict_keys(['example_time_delta_sensor_async']) retrieved from /home/saba/.local/lib/python3.6/site-packages/airflow/example_dags/example_time_delta_sensor_async.py
[2022-06-16 14:50:24,650] {logging_mixin.py:109} INFO - [2022-06-16 14:50:24,650] {dag.py:2398} INFO - Sync 1 DAGs
[2022-06-16 14:50:24,684] {logging_mixin.py:109} INFO - [2022-06-16 14:50:24,683] {dag.py:2937} INFO - Setting next_dagrun for example_time_delta_sensor_async to None
[2022-06-16 14:50:24,710] {processor.py:171} INFO - Processing /home/saba/.local/lib/python3.6/site-packages/airflow/example_dags/example_time_delta_sensor_async.py took 0.130 seconds
[2022-06-16 14:51:06,637] {processor.py:163} INFO - Started process (PID=2684) to work on /home/saba/.local/lib/python3.6/site-packages/airflow/example_dags/example_time_delta_sensor_async.py
[2022-06-16 14:51:06,642] {processor.py:642} INFO - Processing file /home/saba/.local/lib/python3.6/site-packages/airflow/example_dags/example_time_delta_sensor_async.py for tasks to queue
[2022-06-16 14:51:06,644] {logging_mixin.py:109} INFO - [2022-06-16 14:51:06,644] {dagbag.py:500} INFO - Filling up the DagBag from /home/saba/.local/lib/python3.6/site-packages/airflow/example_dags/example_time_delta_sensor_async.py
[2022-06-16 14:51:06,702] {processor.py:652} INFO - DAG(s) dict_keys(['example_time_delta_sensor_async']) retrieved from /home/saba/.local/lib/python3.6/site-packages/airflow/example_dags/example_time_delta_sensor_async.py
[2022-06-16 14:51:06,753] {logging_mixin.py:109} INFO - [2022-06-16 14:51:06,752] {dag.py:2398} INFO - Sync 1 DAGs
[2022-06-16 14:51:06,817] {logging_mixin.py:109} INFO - [2022-06-16 14:51:06,816] {dag.py:2937} INFO - Setting next_dagrun for example_time_delta_sensor_async to None
[2022-06-16 14:51:06,857] {processor.py:171} INFO - Processing /home/saba/.local/lib/python3.6/site-packages/airflow/example_dags/example_time_delta_sensor_async.py took 0.229 seconds
[2022-06-16 14:51:48,301] {processor.py:163} INFO - Started process (PID=2744) to work on /home/saba/.local/lib/python3.6/site-packages/airflow/example_dags/example_time_delta_sensor_async.py
[2022-06-16 14:51:48,303] {processor.py:642} INFO - Processing file /home/saba/.local/lib/python3.6/site-packages/airflow/example_dags/example_time_delta_sensor_async.py for tasks to queue
[2022-06-16 14:51:48,305] {logging_mixin.py:109} INFO - [2022-06-16 14:51:48,304] {dagbag.py:500} INFO - Filling up the DagBag from /home/saba/.local/lib/python3.6/site-packages/airflow/example_dags/example_time_delta_sensor_async.py
[2022-06-16 14:51:48,332] {processor.py:652} INFO - DAG(s) dict_keys(['example_time_delta_sensor_async']) retrieved from /home/saba/.local/lib/python3.6/site-packages/airflow/example_dags/example_time_delta_sensor_async.py
[2022-06-16 14:51:48,353] {logging_mixin.py:109} INFO - [2022-06-16 14:51:48,353] {dag.py:2398} INFO - Sync 1 DAGs
[2022-06-16 14:51:48,380] {logging_mixin.py:109} INFO - [2022-06-16 14:51:48,380] {dag.py:2937} INFO - Setting next_dagrun for example_time_delta_sensor_async to None
[2022-06-16 14:51:48,400] {processor.py:171} INFO - Processing /home/saba/.local/lib/python3.6/site-packages/airflow/example_dags/example_time_delta_sensor_async.py took 0.104 seconds
[2022-06-16 14:52:28,856] {processor.py:163} INFO - Started process (PID=2987) to work on /home/saba/.local/lib/python3.6/site-packages/airflow/example_dags/example_time_delta_sensor_async.py
[2022-06-16 14:52:28,859] {processor.py:642} INFO - Processing file /home/saba/.local/lib/python3.6/site-packages/airflow/example_dags/example_time_delta_sensor_async.py for tasks to queue
[2022-06-16 14:52:28,860] {logging_mixin.py:109} INFO - [2022-06-16 14:52:28,860] {dagbag.py:500} INFO - Filling up the DagBag from /home/saba/.local/lib/python3.6/site-packages/airflow/example_dags/example_time_delta_sensor_async.py
[2022-06-16 14:52:28,899] {processor.py:652} INFO - DAG(s) dict_keys(['example_time_delta_sensor_async']) retrieved from /home/saba/.local/lib/python3.6/site-packages/airflow/example_dags/example_time_delta_sensor_async.py
[2022-06-16 14:52:28,931] {logging_mixin.py:109} INFO - [2022-06-16 14:52:28,931] {dag.py:2398} INFO - Sync 1 DAGs
[2022-06-16 14:52:28,970] {logging_mixin.py:109} INFO - [2022-06-16 14:52:28,970] {dag.py:2937} INFO - Setting next_dagrun for example_time_delta_sensor_async to None
[2022-06-16 14:52:29,004] {processor.py:171} INFO - Processing /home/saba/.local/lib/python3.6/site-packages/airflow/example_dags/example_time_delta_sensor_async.py took 0.155 seconds
[2022-06-16 14:53:09,167] {processor.py:163} INFO - Started process (PID=3281) to work on /home/saba/.local/lib/python3.6/site-packages/airflow/example_dags/example_time_delta_sensor_async.py
[2022-06-16 14:53:09,169] {processor.py:642} INFO - Processing file /home/saba/.local/lib/python3.6/site-packages/airflow/example_dags/example_time_delta_sensor_async.py for tasks to queue
[2022-06-16 14:53:09,171] {logging_mixin.py:109} INFO - [2022-06-16 14:53:09,170] {dagbag.py:500} INFO - Filling up the DagBag from /home/saba/.local/lib/python3.6/site-packages/airflow/example_dags/example_time_delta_sensor_async.py
[2022-06-16 14:53:09,206] {processor.py:652} INFO - DAG(s) dict_keys(['example_time_delta_sensor_async']) retrieved from /home/saba/.local/lib/python3.6/site-packages/airflow/example_dags/example_time_delta_sensor_async.py
[2022-06-16 14:53:09,233] {logging_mixin.py:109} INFO - [2022-06-16 14:53:09,233] {dag.py:2398} INFO - Sync 1 DAGs
[2022-06-16 14:53:09,269] {logging_mixin.py:109} INFO - [2022-06-16 14:53:09,269] {dag.py:2937} INFO - Setting next_dagrun for example_time_delta_sensor_async to None
[2022-06-16 14:53:09,295] {processor.py:171} INFO - Processing /home/saba/.local/lib/python3.6/site-packages/airflow/example_dags/example_time_delta_sensor_async.py took 0.134 seconds
[2022-06-16 14:53:44,855] {processor.py:163} INFO - Started process (PID=3313) to work on /home/saba/.local/lib/python3.6/site-packages/airflow/example_dags/example_time_delta_sensor_async.py
[2022-06-16 14:53:44,858] {processor.py:642} INFO - Processing file /home/saba/.local/lib/python3.6/site-packages/airflow/example_dags/example_time_delta_sensor_async.py for tasks to queue
[2022-06-16 14:53:44,859] {logging_mixin.py:109} INFO - [2022-06-16 14:53:44,858] {dagbag.py:500} INFO - Filling up the DagBag from /home/saba/.local/lib/python3.6/site-packages/airflow/example_dags/example_time_delta_sensor_async.py
[2022-06-16 14:53:44,882] {processor.py:652} INFO - DAG(s) dict_keys(['example_time_delta_sensor_async']) retrieved from /home/saba/.local/lib/python3.6/site-packages/airflow/example_dags/example_time_delta_sensor_async.py
[2022-06-16 14:53:44,900] {logging_mixin.py:109} INFO - [2022-06-16 14:53:44,900] {dag.py:2398} INFO - Sync 1 DAGs
[2022-06-16 14:53:44,925] {logging_mixin.py:109} INFO - [2022-06-16 14:53:44,925] {dag.py:2937} INFO - Setting next_dagrun for example_time_delta_sensor_async to None
[2022-06-16 14:53:44,945] {processor.py:171} INFO - Processing /home/saba/.local/lib/python3.6/site-packages/airflow/example_dags/example_time_delta_sensor_async.py took 0.094 seconds
[2022-06-16 14:54:26,127] {processor.py:163} INFO - Started process (PID=3588) to work on /home/saba/.local/lib/python3.6/site-packages/airflow/example_dags/example_time_delta_sensor_async.py
[2022-06-16 14:54:26,129] {processor.py:642} INFO - Processing file /home/saba/.local/lib/python3.6/site-packages/airflow/example_dags/example_time_delta_sensor_async.py for tasks to queue
[2022-06-16 14:54:26,130] {logging_mixin.py:109} INFO - [2022-06-16 14:54:26,130] {dagbag.py:500} INFO - Filling up the DagBag from /home/saba/.local/lib/python3.6/site-packages/airflow/example_dags/example_time_delta_sensor_async.py
[2022-06-16 14:54:26,155] {processor.py:652} INFO - DAG(s) dict_keys(['example_time_delta_sensor_async']) retrieved from /home/saba/.local/lib/python3.6/site-packages/airflow/example_dags/example_time_delta_sensor_async.py
[2022-06-16 14:54:26,176] {logging_mixin.py:109} INFO - [2022-06-16 14:54:26,176] {dag.py:2398} INFO - Sync 1 DAGs
[2022-06-16 14:54:26,205] {logging_mixin.py:109} INFO - [2022-06-16 14:54:26,205] {dag.py:2937} INFO - Setting next_dagrun for example_time_delta_sensor_async to None
[2022-06-16 14:54:26,229] {processor.py:171} INFO - Processing /home/saba/.local/lib/python3.6/site-packages/airflow/example_dags/example_time_delta_sensor_async.py took 0.107 seconds
[2022-06-16 14:55:04,337] {processor.py:163} INFO - Started process (PID=3884) to work on /home/saba/.local/lib/python3.6/site-packages/airflow/example_dags/example_time_delta_sensor_async.py
[2022-06-16 14:55:04,339] {processor.py:642} INFO - Processing file /home/saba/.local/lib/python3.6/site-packages/airflow/example_dags/example_time_delta_sensor_async.py for tasks to queue
[2022-06-16 14:55:04,340] {logging_mixin.py:109} INFO - [2022-06-16 14:55:04,340] {dagbag.py:500} INFO - Filling up the DagBag from /home/saba/.local/lib/python3.6/site-packages/airflow/example_dags/example_time_delta_sensor_async.py
[2022-06-16 14:55:04,362] {processor.py:652} INFO - DAG(s) dict_keys(['example_time_delta_sensor_async']) retrieved from /home/saba/.local/lib/python3.6/site-packages/airflow/example_dags/example_time_delta_sensor_async.py
[2022-06-16 14:55:04,380] {logging_mixin.py:109} INFO - [2022-06-16 14:55:04,380] {dag.py:2398} INFO - Sync 1 DAGs
[2022-06-16 14:55:04,405] {logging_mixin.py:109} INFO - [2022-06-16 14:55:04,405] {dag.py:2937} INFO - Setting next_dagrun for example_time_delta_sensor_async to None
[2022-06-16 14:55:04,425] {processor.py:171} INFO - Processing /home/saba/.local/lib/python3.6/site-packages/airflow/example_dags/example_time_delta_sensor_async.py took 0.092 seconds
[2022-06-16 14:55:44,674] {processor.py:163} INFO - Started process (PID=4070) to work on /home/saba/.local/lib/python3.6/site-packages/airflow/example_dags/example_time_delta_sensor_async.py
[2022-06-16 14:55:44,677] {processor.py:642} INFO - Processing file /home/saba/.local/lib/python3.6/site-packages/airflow/example_dags/example_time_delta_sensor_async.py for tasks to queue
[2022-06-16 14:55:44,679] {logging_mixin.py:109} INFO - [2022-06-16 14:55:44,679] {dagbag.py:500} INFO - Filling up the DagBag from /home/saba/.local/lib/python3.6/site-packages/airflow/example_dags/example_time_delta_sensor_async.py
[2022-06-16 14:55:44,720] {processor.py:652} INFO - DAG(s) dict_keys(['example_time_delta_sensor_async']) retrieved from /home/saba/.local/lib/python3.6/site-packages/airflow/example_dags/example_time_delta_sensor_async.py
[2022-06-16 14:55:44,757] {logging_mixin.py:109} INFO - [2022-06-16 14:55:44,756] {dag.py:2398} INFO - Sync 1 DAGs
[2022-06-16 14:55:44,800] {logging_mixin.py:109} INFO - [2022-06-16 14:55:44,800] {dag.py:2937} INFO - Setting next_dagrun for example_time_delta_sensor_async to None
[2022-06-16 14:55:44,835] {processor.py:171} INFO - Processing /home/saba/.local/lib/python3.6/site-packages/airflow/example_dags/example_time_delta_sensor_async.py took 0.170 seconds
[2022-06-16 14:56:39,989] {processor.py:163} INFO - Started process (PID=4287) to work on /home/saba/.local/lib/python3.6/site-packages/airflow/example_dags/example_time_delta_sensor_async.py
[2022-06-16 14:56:39,993] {processor.py:642} INFO - Processing file /home/saba/.local/lib/python3.6/site-packages/airflow/example_dags/example_time_delta_sensor_async.py for tasks to queue
[2022-06-16 14:56:39,996] {logging_mixin.py:109} INFO - [2022-06-16 14:56:39,995] {dagbag.py:500} INFO - Filling up the DagBag from /home/saba/.local/lib/python3.6/site-packages/airflow/example_dags/example_time_delta_sensor_async.py
[2022-06-16 14:56:40,056] {processor.py:652} INFO - DAG(s) dict_keys(['example_time_delta_sensor_async']) retrieved from /home/saba/.local/lib/python3.6/site-packages/airflow/example_dags/example_time_delta_sensor_async.py
[2022-06-16 14:56:40,106] {logging_mixin.py:109} INFO - [2022-06-16 14:56:40,105] {dag.py:2398} INFO - Sync 1 DAGs
[2022-06-16 14:56:40,176] {logging_mixin.py:109} INFO - [2022-06-16 14:56:40,175] {dag.py:2937} INFO - Setting next_dagrun for example_time_delta_sensor_async to None
[2022-06-16 14:56:40,287] {processor.py:171} INFO - Processing /home/saba/.local/lib/python3.6/site-packages/airflow/example_dags/example_time_delta_sensor_async.py took 0.307 seconds
[2022-06-16 14:57:28,958] {processor.py:163} INFO - Started process (PID=7069) to work on /home/saba/.local/lib/python3.6/site-packages/airflow/example_dags/example_time_delta_sensor_async.py
[2022-06-16 14:57:28,964] {processor.py:642} INFO - Processing file /home/saba/.local/lib/python3.6/site-packages/airflow/example_dags/example_time_delta_sensor_async.py for tasks to queue
[2022-06-16 14:57:28,968] {logging_mixin.py:109} INFO - [2022-06-16 14:57:28,967] {dagbag.py:500} INFO - Filling up the DagBag from /home/saba/.local/lib/python3.6/site-packages/airflow/example_dags/example_time_delta_sensor_async.py
[2022-06-16 14:57:29,059] {processor.py:652} INFO - DAG(s) dict_keys(['example_time_delta_sensor_async']) retrieved from /home/saba/.local/lib/python3.6/site-packages/airflow/example_dags/example_time_delta_sensor_async.py
[2022-06-16 14:57:29,178] {logging_mixin.py:109} INFO - [2022-06-16 14:57:29,177] {dag.py:2398} INFO - Sync 1 DAGs
[2022-06-16 14:57:29,255] {logging_mixin.py:109} INFO - [2022-06-16 14:57:29,255] {dag.py:2937} INFO - Setting next_dagrun for example_time_delta_sensor_async to None
[2022-06-16 14:57:29,302] {processor.py:171} INFO - Processing /home/saba/.local/lib/python3.6/site-packages/airflow/example_dags/example_time_delta_sensor_async.py took 0.356 seconds
