[2022-06-16 13:59:44,254] {processor.py:163} INFO - Started process (PID=665) to work on /home/saba/airflow_venv/airflow_venv/lib/python3.6/site-packages/airflow/example_dags/example_short_circuit_operator.py
[2022-06-16 13:59:44,256] {processor.py:642} INFO - Processing file /home/saba/airflow_venv/airflow_venv/lib/python3.6/site-packages/airflow/example_dags/example_short_circuit_operator.py for tasks to queue
[2022-06-16 13:59:44,258] {logging_mixin.py:109} INFO - [2022-06-16 13:59:44,258] {dagbag.py:500} INFO - Filling up the DagBag from /home/saba/airflow_venv/airflow_venv/lib/python3.6/site-packages/airflow/example_dags/example_short_circuit_operator.py
[2022-06-16 13:59:44,296] {processor.py:652} INFO - DAG(s) dict_keys(['example_short_circuit_operator']) retrieved from /home/saba/airflow_venv/airflow_venv/lib/python3.6/site-packages/airflow/example_dags/example_short_circuit_operator.py
[2022-06-16 13:59:44,337] {logging_mixin.py:109} INFO - [2022-06-16 13:59:44,337] {dag.py:2398} INFO - Sync 1 DAGs
[2022-06-16 13:59:44,387] {logging_mixin.py:109} INFO - [2022-06-16 13:59:44,386] {dag.py:2937} INFO - Setting next_dagrun for example_short_circuit_operator to 2022-06-15T11:59:44.386055+00:00
[2022-06-16 13:59:44,424] {processor.py:171} INFO - Processing /home/saba/airflow_venv/airflow_venv/lib/python3.6/site-packages/airflow/example_dags/example_short_circuit_operator.py took 0.175 seconds
[2022-06-16 14:00:32,391] {processor.py:163} INFO - Started process (PID=897) to work on /home/saba/airflow_venv/airflow_venv/lib/python3.6/site-packages/airflow/example_dags/example_short_circuit_operator.py
[2022-06-16 14:00:32,394] {processor.py:642} INFO - Processing file /home/saba/airflow_venv/airflow_venv/lib/python3.6/site-packages/airflow/example_dags/example_short_circuit_operator.py for tasks to queue
[2022-06-16 14:00:32,395] {logging_mixin.py:109} INFO - [2022-06-16 14:00:32,395] {dagbag.py:500} INFO - Filling up the DagBag from /home/saba/airflow_venv/airflow_venv/lib/python3.6/site-packages/airflow/example_dags/example_short_circuit_operator.py
[2022-06-16 14:00:32,444] {processor.py:652} INFO - DAG(s) dict_keys(['example_short_circuit_operator']) retrieved from /home/saba/airflow_venv/airflow_venv/lib/python3.6/site-packages/airflow/example_dags/example_short_circuit_operator.py
[2022-06-16 14:00:32,482] {logging_mixin.py:109} INFO - [2022-06-16 14:00:32,482] {dag.py:2398} INFO - Sync 1 DAGs
[2022-06-16 14:00:32,534] {logging_mixin.py:109} INFO - [2022-06-16 14:00:32,534] {dag.py:2937} INFO - Setting next_dagrun for example_short_circuit_operator to 2022-06-15T12:00:32.533076+00:00
[2022-06-16 14:00:32,568] {processor.py:171} INFO - Processing /home/saba/airflow_venv/airflow_venv/lib/python3.6/site-packages/airflow/example_dags/example_short_circuit_operator.py took 0.183 seconds
[2022-06-16 14:01:13,736] {processor.py:163} INFO - Started process (PID=1097) to work on /home/saba/airflow_venv/airflow_venv/lib/python3.6/site-packages/airflow/example_dags/example_short_circuit_operator.py
[2022-06-16 14:01:13,741] {processor.py:642} INFO - Processing file /home/saba/airflow_venv/airflow_venv/lib/python3.6/site-packages/airflow/example_dags/example_short_circuit_operator.py for tasks to queue
[2022-06-16 14:01:13,743] {logging_mixin.py:109} INFO - [2022-06-16 14:01:13,742] {dagbag.py:500} INFO - Filling up the DagBag from /home/saba/airflow_venv/airflow_venv/lib/python3.6/site-packages/airflow/example_dags/example_short_circuit_operator.py
[2022-06-16 14:01:13,794] {processor.py:652} INFO - DAG(s) dict_keys(['example_short_circuit_operator']) retrieved from /home/saba/airflow_venv/airflow_venv/lib/python3.6/site-packages/airflow/example_dags/example_short_circuit_operator.py
[2022-06-16 14:01:13,836] {logging_mixin.py:109} INFO - [2022-06-16 14:01:13,836] {dag.py:2398} INFO - Sync 1 DAGs
[2022-06-16 14:01:13,881] {logging_mixin.py:109} INFO - [2022-06-16 14:01:13,880] {dag.py:2937} INFO - Setting next_dagrun for example_short_circuit_operator to 2022-06-15T12:01:13.879896+00:00
[2022-06-16 14:01:13,913] {processor.py:171} INFO - Processing /home/saba/airflow_venv/airflow_venv/lib/python3.6/site-packages/airflow/example_dags/example_short_circuit_operator.py took 0.184 seconds
[2022-06-16 14:01:55,875] {processor.py:163} INFO - Started process (PID=1312) to work on /home/saba/airflow_venv/airflow_venv/lib/python3.6/site-packages/airflow/example_dags/example_short_circuit_operator.py
[2022-06-16 14:01:55,878] {processor.py:642} INFO - Processing file /home/saba/airflow_venv/airflow_venv/lib/python3.6/site-packages/airflow/example_dags/example_short_circuit_operator.py for tasks to queue
[2022-06-16 14:01:55,879] {logging_mixin.py:109} INFO - [2022-06-16 14:01:55,879] {dagbag.py:500} INFO - Filling up the DagBag from /home/saba/airflow_venv/airflow_venv/lib/python3.6/site-packages/airflow/example_dags/example_short_circuit_operator.py
[2022-06-16 14:01:55,928] {processor.py:652} INFO - DAG(s) dict_keys(['example_short_circuit_operator']) retrieved from /home/saba/airflow_venv/airflow_venv/lib/python3.6/site-packages/airflow/example_dags/example_short_circuit_operator.py
[2022-06-16 14:01:55,959] {logging_mixin.py:109} INFO - [2022-06-16 14:01:55,959] {dag.py:2398} INFO - Sync 1 DAGs
[2022-06-16 14:01:56,010] {logging_mixin.py:109} INFO - [2022-06-16 14:01:56,010] {dag.py:2937} INFO - Setting next_dagrun for example_short_circuit_operator to 2022-06-15T12:01:56.009317+00:00
[2022-06-16 14:01:56,051] {processor.py:171} INFO - Processing /home/saba/airflow_venv/airflow_venv/lib/python3.6/site-packages/airflow/example_dags/example_short_circuit_operator.py took 0.181 seconds
[2022-06-16 14:02:38,512] {processor.py:163} INFO - Started process (PID=1524) to work on /home/saba/airflow_venv/airflow_venv/lib/python3.6/site-packages/airflow/example_dags/example_short_circuit_operator.py
[2022-06-16 14:02:38,524] {processor.py:642} INFO - Processing file /home/saba/airflow_venv/airflow_venv/lib/python3.6/site-packages/airflow/example_dags/example_short_circuit_operator.py for tasks to queue
[2022-06-16 14:02:38,526] {logging_mixin.py:109} INFO - [2022-06-16 14:02:38,526] {dagbag.py:500} INFO - Filling up the DagBag from /home/saba/airflow_venv/airflow_venv/lib/python3.6/site-packages/airflow/example_dags/example_short_circuit_operator.py
[2022-06-16 14:02:38,579] {processor.py:652} INFO - DAG(s) dict_keys(['example_short_circuit_operator']) retrieved from /home/saba/airflow_venv/airflow_venv/lib/python3.6/site-packages/airflow/example_dags/example_short_circuit_operator.py
[2022-06-16 14:02:38,618] {logging_mixin.py:109} INFO - [2022-06-16 14:02:38,618] {dag.py:2398} INFO - Sync 1 DAGs
[2022-06-16 14:02:38,663] {logging_mixin.py:109} INFO - [2022-06-16 14:02:38,663] {dag.py:2937} INFO - Setting next_dagrun for example_short_circuit_operator to 2022-06-15T12:02:38.662328+00:00
[2022-06-16 14:02:38,704] {processor.py:171} INFO - Processing /home/saba/airflow_venv/airflow_venv/lib/python3.6/site-packages/airflow/example_dags/example_short_circuit_operator.py took 0.199 seconds
[2022-06-16 14:03:22,761] {processor.py:163} INFO - Started process (PID=1732) to work on /home/saba/airflow_venv/airflow_venv/lib/python3.6/site-packages/airflow/example_dags/example_short_circuit_operator.py
[2022-06-16 14:03:22,765] {processor.py:642} INFO - Processing file /home/saba/airflow_venv/airflow_venv/lib/python3.6/site-packages/airflow/example_dags/example_short_circuit_operator.py for tasks to queue
[2022-06-16 14:03:22,767] {logging_mixin.py:109} INFO - [2022-06-16 14:03:22,766] {dagbag.py:500} INFO - Filling up the DagBag from /home/saba/airflow_venv/airflow_venv/lib/python3.6/site-packages/airflow/example_dags/example_short_circuit_operator.py
[2022-06-16 14:03:22,847] {processor.py:652} INFO - DAG(s) dict_keys(['example_short_circuit_operator']) retrieved from /home/saba/airflow_venv/airflow_venv/lib/python3.6/site-packages/airflow/example_dags/example_short_circuit_operator.py
[2022-06-16 14:03:22,905] {logging_mixin.py:109} INFO - [2022-06-16 14:03:22,905] {dag.py:2398} INFO - Sync 1 DAGs
[2022-06-16 14:03:22,985] {logging_mixin.py:109} INFO - [2022-06-16 14:03:22,985] {dag.py:2937} INFO - Setting next_dagrun for example_short_circuit_operator to 2022-06-15T12:03:22.984001+00:00
[2022-06-16 14:03:23,036] {processor.py:171} INFO - Processing /home/saba/airflow_venv/airflow_venv/lib/python3.6/site-packages/airflow/example_dags/example_short_circuit_operator.py took 0.285 seconds
[2022-06-16 14:04:04,790] {processor.py:163} INFO - Started process (PID=1933) to work on /home/saba/airflow_venv/airflow_venv/lib/python3.6/site-packages/airflow/example_dags/example_short_circuit_operator.py
[2022-06-16 14:04:04,800] {processor.py:642} INFO - Processing file /home/saba/airflow_venv/airflow_venv/lib/python3.6/site-packages/airflow/example_dags/example_short_circuit_operator.py for tasks to queue
[2022-06-16 14:04:04,801] {logging_mixin.py:109} INFO - [2022-06-16 14:04:04,801] {dagbag.py:500} INFO - Filling up the DagBag from /home/saba/airflow_venv/airflow_venv/lib/python3.6/site-packages/airflow/example_dags/example_short_circuit_operator.py
[2022-06-16 14:04:04,849] {processor.py:652} INFO - DAG(s) dict_keys(['example_short_circuit_operator']) retrieved from /home/saba/airflow_venv/airflow_venv/lib/python3.6/site-packages/airflow/example_dags/example_short_circuit_operator.py
[2022-06-16 14:04:04,887] {logging_mixin.py:109} INFO - [2022-06-16 14:04:04,887] {dag.py:2398} INFO - Sync 1 DAGs
[2022-06-16 14:04:04,930] {logging_mixin.py:109} INFO - [2022-06-16 14:04:04,930] {dag.py:2937} INFO - Setting next_dagrun for example_short_circuit_operator to 2022-06-15T12:04:04.930125+00:00
[2022-06-16 14:04:04,965] {processor.py:171} INFO - Processing /home/saba/airflow_venv/airflow_venv/lib/python3.6/site-packages/airflow/example_dags/example_short_circuit_operator.py took 0.182 seconds
[2022-06-16 14:04:46,340] {processor.py:163} INFO - Started process (PID=2145) to work on /home/saba/airflow_venv/airflow_venv/lib/python3.6/site-packages/airflow/example_dags/example_short_circuit_operator.py
[2022-06-16 14:04:46,352] {processor.py:642} INFO - Processing file /home/saba/airflow_venv/airflow_venv/lib/python3.6/site-packages/airflow/example_dags/example_short_circuit_operator.py for tasks to queue
[2022-06-16 14:04:46,353] {logging_mixin.py:109} INFO - [2022-06-16 14:04:46,353] {dagbag.py:500} INFO - Filling up the DagBag from /home/saba/airflow_venv/airflow_venv/lib/python3.6/site-packages/airflow/example_dags/example_short_circuit_operator.py
[2022-06-16 14:04:46,398] {processor.py:652} INFO - DAG(s) dict_keys(['example_short_circuit_operator']) retrieved from /home/saba/airflow_venv/airflow_venv/lib/python3.6/site-packages/airflow/example_dags/example_short_circuit_operator.py
[2022-06-16 14:04:46,427] {logging_mixin.py:109} INFO - [2022-06-16 14:04:46,427] {dag.py:2398} INFO - Sync 1 DAGs
[2022-06-16 14:04:46,471] {logging_mixin.py:109} INFO - [2022-06-16 14:04:46,471] {dag.py:2937} INFO - Setting next_dagrun for example_short_circuit_operator to 2022-06-15T12:04:46.470910+00:00
[2022-06-16 14:04:46,497] {processor.py:171} INFO - Processing /home/saba/airflow_venv/airflow_venv/lib/python3.6/site-packages/airflow/example_dags/example_short_circuit_operator.py took 0.162 seconds
[2022-06-16 14:05:25,302] {processor.py:163} INFO - Started process (PID=2376) to work on /home/saba/airflow_venv/airflow_venv/lib/python3.6/site-packages/airflow/example_dags/example_short_circuit_operator.py
[2022-06-16 14:05:25,305] {processor.py:642} INFO - Processing file /home/saba/airflow_venv/airflow_venv/lib/python3.6/site-packages/airflow/example_dags/example_short_circuit_operator.py for tasks to queue
[2022-06-16 14:05:25,307] {logging_mixin.py:109} INFO - [2022-06-16 14:05:25,307] {dagbag.py:500} INFO - Filling up the DagBag from /home/saba/airflow_venv/airflow_venv/lib/python3.6/site-packages/airflow/example_dags/example_short_circuit_operator.py
[2022-06-16 14:05:25,351] {processor.py:652} INFO - DAG(s) dict_keys(['example_short_circuit_operator']) retrieved from /home/saba/airflow_venv/airflow_venv/lib/python3.6/site-packages/airflow/example_dags/example_short_circuit_operator.py
[2022-06-16 14:05:25,386] {logging_mixin.py:109} INFO - [2022-06-16 14:05:25,386] {dag.py:2398} INFO - Sync 1 DAGs
[2022-06-16 14:05:25,445] {logging_mixin.py:109} INFO - [2022-06-16 14:05:25,444] {dag.py:2937} INFO - Setting next_dagrun for example_short_circuit_operator to 2022-06-15T12:05:25.443317+00:00
[2022-06-16 14:05:25,488] {processor.py:171} INFO - Processing /home/saba/airflow_venv/airflow_venv/lib/python3.6/site-packages/airflow/example_dags/example_short_circuit_operator.py took 0.197 seconds
[2022-06-16 14:06:10,289] {processor.py:163} INFO - Started process (PID=2579) to work on /home/saba/airflow_venv/airflow_venv/lib/python3.6/site-packages/airflow/example_dags/example_short_circuit_operator.py
[2022-06-16 14:06:10,292] {processor.py:642} INFO - Processing file /home/saba/airflow_venv/airflow_venv/lib/python3.6/site-packages/airflow/example_dags/example_short_circuit_operator.py for tasks to queue
[2022-06-16 14:06:10,294] {logging_mixin.py:109} INFO - [2022-06-16 14:06:10,294] {dagbag.py:500} INFO - Filling up the DagBag from /home/saba/airflow_venv/airflow_venv/lib/python3.6/site-packages/airflow/example_dags/example_short_circuit_operator.py
[2022-06-16 14:06:10,335] {processor.py:652} INFO - DAG(s) dict_keys(['example_short_circuit_operator']) retrieved from /home/saba/airflow_venv/airflow_venv/lib/python3.6/site-packages/airflow/example_dags/example_short_circuit_operator.py
[2022-06-16 14:06:10,381] {logging_mixin.py:109} INFO - [2022-06-16 14:06:10,381] {dag.py:2398} INFO - Sync 1 DAGs
[2022-06-16 14:06:10,429] {logging_mixin.py:109} INFO - [2022-06-16 14:06:10,428] {dag.py:2937} INFO - Setting next_dagrun for example_short_circuit_operator to 2022-06-15T12:06:10.427453+00:00
[2022-06-16 14:06:10,462] {processor.py:171} INFO - Processing /home/saba/airflow_venv/airflow_venv/lib/python3.6/site-packages/airflow/example_dags/example_short_circuit_operator.py took 0.181 seconds
[2022-06-16 14:06:50,311] {processor.py:163} INFO - Started process (PID=2821) to work on /home/saba/airflow_venv/airflow_venv/lib/python3.6/site-packages/airflow/example_dags/example_short_circuit_operator.py
[2022-06-16 14:06:50,323] {processor.py:642} INFO - Processing file /home/saba/airflow_venv/airflow_venv/lib/python3.6/site-packages/airflow/example_dags/example_short_circuit_operator.py for tasks to queue
[2022-06-16 14:06:50,325] {logging_mixin.py:109} INFO - [2022-06-16 14:06:50,324] {dagbag.py:500} INFO - Filling up the DagBag from /home/saba/airflow_venv/airflow_venv/lib/python3.6/site-packages/airflow/example_dags/example_short_circuit_operator.py
[2022-06-16 14:06:50,373] {processor.py:652} INFO - DAG(s) dict_keys(['example_short_circuit_operator']) retrieved from /home/saba/airflow_venv/airflow_venv/lib/python3.6/site-packages/airflow/example_dags/example_short_circuit_operator.py
[2022-06-16 14:06:50,401] {logging_mixin.py:109} INFO - [2022-06-16 14:06:50,401] {dag.py:2398} INFO - Sync 1 DAGs
[2022-06-16 14:06:50,437] {logging_mixin.py:109} INFO - [2022-06-16 14:06:50,436] {dag.py:2937} INFO - Setting next_dagrun for example_short_circuit_operator to 2022-06-15T12:06:50.436105+00:00
[2022-06-16 14:06:50,473] {processor.py:171} INFO - Processing /home/saba/airflow_venv/airflow_venv/lib/python3.6/site-packages/airflow/example_dags/example_short_circuit_operator.py took 0.168 seconds
[2022-06-16 14:07:31,027] {processor.py:163} INFO - Started process (PID=3060) to work on /home/saba/airflow_venv/airflow_venv/lib/python3.6/site-packages/airflow/example_dags/example_short_circuit_operator.py
[2022-06-16 14:07:31,030] {processor.py:642} INFO - Processing file /home/saba/airflow_venv/airflow_venv/lib/python3.6/site-packages/airflow/example_dags/example_short_circuit_operator.py for tasks to queue
[2022-06-16 14:07:31,031] {logging_mixin.py:109} INFO - [2022-06-16 14:07:31,030] {dagbag.py:500} INFO - Filling up the DagBag from /home/saba/airflow_venv/airflow_venv/lib/python3.6/site-packages/airflow/example_dags/example_short_circuit_operator.py
[2022-06-16 14:07:31,063] {processor.py:652} INFO - DAG(s) dict_keys(['example_short_circuit_operator']) retrieved from /home/saba/airflow_venv/airflow_venv/lib/python3.6/site-packages/airflow/example_dags/example_short_circuit_operator.py
[2022-06-16 14:07:31,093] {logging_mixin.py:109} INFO - [2022-06-16 14:07:31,093] {dag.py:2398} INFO - Sync 1 DAGs
[2022-06-16 14:07:31,134] {logging_mixin.py:109} INFO - [2022-06-16 14:07:31,134] {dag.py:2937} INFO - Setting next_dagrun for example_short_circuit_operator to 2022-06-15T12:07:31.133714+00:00
[2022-06-16 14:07:31,172] {processor.py:171} INFO - Processing /home/saba/airflow_venv/airflow_venv/lib/python3.6/site-packages/airflow/example_dags/example_short_circuit_operator.py took 0.152 seconds
[2022-06-16 14:08:13,491] {processor.py:163} INFO - Started process (PID=3314) to work on /home/saba/airflow_venv/airflow_venv/lib/python3.6/site-packages/airflow/example_dags/example_short_circuit_operator.py
[2022-06-16 14:08:13,494] {processor.py:642} INFO - Processing file /home/saba/airflow_venv/airflow_venv/lib/python3.6/site-packages/airflow/example_dags/example_short_circuit_operator.py for tasks to queue
[2022-06-16 14:08:13,496] {logging_mixin.py:109} INFO - [2022-06-16 14:08:13,495] {dagbag.py:500} INFO - Filling up the DagBag from /home/saba/airflow_venv/airflow_venv/lib/python3.6/site-packages/airflow/example_dags/example_short_circuit_operator.py
[2022-06-16 14:08:13,548] {processor.py:652} INFO - DAG(s) dict_keys(['example_short_circuit_operator']) retrieved from /home/saba/airflow_venv/airflow_venv/lib/python3.6/site-packages/airflow/example_dags/example_short_circuit_operator.py
[2022-06-16 14:08:13,580] {logging_mixin.py:109} INFO - [2022-06-16 14:08:13,579] {dag.py:2398} INFO - Sync 1 DAGs
[2022-06-16 14:08:13,626] {logging_mixin.py:109} INFO - [2022-06-16 14:08:13,626] {dag.py:2937} INFO - Setting next_dagrun for example_short_circuit_operator to 2022-06-15T12:08:13.625704+00:00
[2022-06-16 14:08:13,658] {processor.py:171} INFO - Processing /home/saba/airflow_venv/airflow_venv/lib/python3.6/site-packages/airflow/example_dags/example_short_circuit_operator.py took 0.173 seconds
[2022-06-16 14:08:54,212] {processor.py:163} INFO - Started process (PID=3546) to work on /home/saba/airflow_venv/airflow_venv/lib/python3.6/site-packages/airflow/example_dags/example_short_circuit_operator.py
[2022-06-16 14:08:54,218] {processor.py:642} INFO - Processing file /home/saba/airflow_venv/airflow_venv/lib/python3.6/site-packages/airflow/example_dags/example_short_circuit_operator.py for tasks to queue
[2022-06-16 14:08:54,221] {logging_mixin.py:109} INFO - [2022-06-16 14:08:54,220] {dagbag.py:500} INFO - Filling up the DagBag from /home/saba/airflow_venv/airflow_venv/lib/python3.6/site-packages/airflow/example_dags/example_short_circuit_operator.py
[2022-06-16 14:08:54,289] {processor.py:652} INFO - DAG(s) dict_keys(['example_short_circuit_operator']) retrieved from /home/saba/airflow_venv/airflow_venv/lib/python3.6/site-packages/airflow/example_dags/example_short_circuit_operator.py
[2022-06-16 14:08:54,354] {logging_mixin.py:109} INFO - [2022-06-16 14:08:54,353] {dag.py:2398} INFO - Sync 1 DAGs
[2022-06-16 14:08:54,419] {logging_mixin.py:109} INFO - [2022-06-16 14:08:54,419] {dag.py:2937} INFO - Setting next_dagrun for example_short_circuit_operator to 2022-06-15T12:08:54.418083+00:00
[2022-06-16 14:08:54,467] {processor.py:171} INFO - Processing /home/saba/airflow_venv/airflow_venv/lib/python3.6/site-packages/airflow/example_dags/example_short_circuit_operator.py took 0.267 seconds
[2022-06-16 14:09:34,734] {processor.py:163} INFO - Started process (PID=3778) to work on /home/saba/airflow_venv/airflow_venv/lib/python3.6/site-packages/airflow/example_dags/example_short_circuit_operator.py
[2022-06-16 14:09:34,737] {processor.py:642} INFO - Processing file /home/saba/airflow_venv/airflow_venv/lib/python3.6/site-packages/airflow/example_dags/example_short_circuit_operator.py for tasks to queue
[2022-06-16 14:09:34,739] {logging_mixin.py:109} INFO - [2022-06-16 14:09:34,739] {dagbag.py:500} INFO - Filling up the DagBag from /home/saba/airflow_venv/airflow_venv/lib/python3.6/site-packages/airflow/example_dags/example_short_circuit_operator.py
[2022-06-16 14:09:34,787] {processor.py:652} INFO - DAG(s) dict_keys(['example_short_circuit_operator']) retrieved from /home/saba/airflow_venv/airflow_venv/lib/python3.6/site-packages/airflow/example_dags/example_short_circuit_operator.py
[2022-06-16 14:09:34,819] {logging_mixin.py:109} INFO - [2022-06-16 14:09:34,819] {dag.py:2398} INFO - Sync 1 DAGs
[2022-06-16 14:09:34,862] {logging_mixin.py:109} INFO - [2022-06-16 14:09:34,862] {dag.py:2937} INFO - Setting next_dagrun for example_short_circuit_operator to 2022-06-15T12:09:34.861590+00:00
[2022-06-16 14:09:34,896] {processor.py:171} INFO - Processing /home/saba/airflow_venv/airflow_venv/lib/python3.6/site-packages/airflow/example_dags/example_short_circuit_operator.py took 0.170 seconds
[2022-06-16 14:10:15,611] {processor.py:163} INFO - Started process (PID=4026) to work on /home/saba/airflow_venv/airflow_venv/lib/python3.6/site-packages/airflow/example_dags/example_short_circuit_operator.py
[2022-06-16 14:10:15,622] {processor.py:642} INFO - Processing file /home/saba/airflow_venv/airflow_venv/lib/python3.6/site-packages/airflow/example_dags/example_short_circuit_operator.py for tasks to queue
[2022-06-16 14:10:15,623] {logging_mixin.py:109} INFO - [2022-06-16 14:10:15,623] {dagbag.py:500} INFO - Filling up the DagBag from /home/saba/airflow_venv/airflow_venv/lib/python3.6/site-packages/airflow/example_dags/example_short_circuit_operator.py
[2022-06-16 14:10:15,656] {processor.py:652} INFO - DAG(s) dict_keys(['example_short_circuit_operator']) retrieved from /home/saba/airflow_venv/airflow_venv/lib/python3.6/site-packages/airflow/example_dags/example_short_circuit_operator.py
[2022-06-16 14:10:15,689] {logging_mixin.py:109} INFO - [2022-06-16 14:10:15,689] {dag.py:2398} INFO - Sync 1 DAGs
[2022-06-16 14:10:15,729] {logging_mixin.py:109} INFO - [2022-06-16 14:10:15,728] {dag.py:2937} INFO - Setting next_dagrun for example_short_circuit_operator to 2022-06-15T12:10:15.727974+00:00
[2022-06-16 14:10:15,764] {processor.py:171} INFO - Processing /home/saba/airflow_venv/airflow_venv/lib/python3.6/site-packages/airflow/example_dags/example_short_circuit_operator.py took 0.159 seconds
[2022-06-16 14:10:56,414] {processor.py:163} INFO - Started process (PID=4276) to work on /home/saba/airflow_venv/airflow_venv/lib/python3.6/site-packages/airflow/example_dags/example_short_circuit_operator.py
[2022-06-16 14:10:56,418] {processor.py:642} INFO - Processing file /home/saba/airflow_venv/airflow_venv/lib/python3.6/site-packages/airflow/example_dags/example_short_circuit_operator.py for tasks to queue
[2022-06-16 14:10:56,420] {logging_mixin.py:109} INFO - [2022-06-16 14:10:56,419] {dagbag.py:500} INFO - Filling up the DagBag from /home/saba/airflow_venv/airflow_venv/lib/python3.6/site-packages/airflow/example_dags/example_short_circuit_operator.py
[2022-06-16 14:10:56,473] {processor.py:652} INFO - DAG(s) dict_keys(['example_short_circuit_operator']) retrieved from /home/saba/airflow_venv/airflow_venv/lib/python3.6/site-packages/airflow/example_dags/example_short_circuit_operator.py
[2022-06-16 14:10:56,513] {logging_mixin.py:109} INFO - [2022-06-16 14:10:56,513] {dag.py:2398} INFO - Sync 1 DAGs
[2022-06-16 14:10:56,562] {logging_mixin.py:109} INFO - [2022-06-16 14:10:56,562] {dag.py:2937} INFO - Setting next_dagrun for example_short_circuit_operator to 2022-06-15T12:10:56.562092+00:00
[2022-06-16 14:10:56,592] {processor.py:171} INFO - Processing /home/saba/airflow_venv/airflow_venv/lib/python3.6/site-packages/airflow/example_dags/example_short_circuit_operator.py took 0.186 seconds
[2022-06-16 14:11:36,112] {processor.py:163} INFO - Started process (PID=4512) to work on /home/saba/airflow_venv/airflow_venv/lib/python3.6/site-packages/airflow/example_dags/example_short_circuit_operator.py
[2022-06-16 14:11:36,115] {processor.py:642} INFO - Processing file /home/saba/airflow_venv/airflow_venv/lib/python3.6/site-packages/airflow/example_dags/example_short_circuit_operator.py for tasks to queue
[2022-06-16 14:11:36,117] {logging_mixin.py:109} INFO - [2022-06-16 14:11:36,117] {dagbag.py:500} INFO - Filling up the DagBag from /home/saba/airflow_venv/airflow_venv/lib/python3.6/site-packages/airflow/example_dags/example_short_circuit_operator.py
[2022-06-16 14:11:36,164] {processor.py:652} INFO - DAG(s) dict_keys(['example_short_circuit_operator']) retrieved from /home/saba/airflow_venv/airflow_venv/lib/python3.6/site-packages/airflow/example_dags/example_short_circuit_operator.py
[2022-06-16 14:11:36,200] {logging_mixin.py:109} INFO - [2022-06-16 14:11:36,200] {dag.py:2398} INFO - Sync 1 DAGs
[2022-06-16 14:11:36,244] {logging_mixin.py:109} INFO - [2022-06-16 14:11:36,244] {dag.py:2937} INFO - Setting next_dagrun for example_short_circuit_operator to 2022-06-15T12:11:36.243227+00:00
[2022-06-16 14:11:36,281] {processor.py:171} INFO - Processing /home/saba/airflow_venv/airflow_venv/lib/python3.6/site-packages/airflow/example_dags/example_short_circuit_operator.py took 0.175 seconds
[2022-06-16 14:12:27,574] {processor.py:163} INFO - Started process (PID=4700) to work on /home/saba/airflow_venv/airflow_venv/lib/python3.6/site-packages/airflow/example_dags/example_short_circuit_operator.py
[2022-06-16 14:12:27,578] {processor.py:642} INFO - Processing file /home/saba/airflow_venv/airflow_venv/lib/python3.6/site-packages/airflow/example_dags/example_short_circuit_operator.py for tasks to queue
[2022-06-16 14:12:27,580] {logging_mixin.py:109} INFO - [2022-06-16 14:12:27,579] {dagbag.py:500} INFO - Filling up the DagBag from /home/saba/airflow_venv/airflow_venv/lib/python3.6/site-packages/airflow/example_dags/example_short_circuit_operator.py
[2022-06-16 14:12:27,621] {processor.py:652} INFO - DAG(s) dict_keys(['example_short_circuit_operator']) retrieved from /home/saba/airflow_venv/airflow_venv/lib/python3.6/site-packages/airflow/example_dags/example_short_circuit_operator.py
[2022-06-16 14:12:27,651] {logging_mixin.py:109} INFO - [2022-06-16 14:12:27,651] {dag.py:2398} INFO - Sync 1 DAGs
[2022-06-16 14:12:27,687] {logging_mixin.py:109} INFO - [2022-06-16 14:12:27,687] {dag.py:2937} INFO - Setting next_dagrun for example_short_circuit_operator to 2022-06-15T12:12:27.686750+00:00
[2022-06-16 14:12:27,717] {processor.py:171} INFO - Processing /home/saba/airflow_venv/airflow_venv/lib/python3.6/site-packages/airflow/example_dags/example_short_circuit_operator.py took 0.150 seconds
[2022-06-16 14:13:16,541] {processor.py:163} INFO - Started process (PID=4915) to work on /home/saba/airflow_venv/airflow_venv/lib/python3.6/site-packages/airflow/example_dags/example_short_circuit_operator.py
[2022-06-16 14:13:16,554] {processor.py:642} INFO - Processing file /home/saba/airflow_venv/airflow_venv/lib/python3.6/site-packages/airflow/example_dags/example_short_circuit_operator.py for tasks to queue
[2022-06-16 14:13:16,556] {logging_mixin.py:109} INFO - [2022-06-16 14:13:16,555] {dagbag.py:500} INFO - Filling up the DagBag from /home/saba/airflow_venv/airflow_venv/lib/python3.6/site-packages/airflow/example_dags/example_short_circuit_operator.py
[2022-06-16 14:13:16,625] {processor.py:652} INFO - DAG(s) dict_keys(['example_short_circuit_operator']) retrieved from /home/saba/airflow_venv/airflow_venv/lib/python3.6/site-packages/airflow/example_dags/example_short_circuit_operator.py
[2022-06-16 14:13:16,677] {logging_mixin.py:109} INFO - [2022-06-16 14:13:16,676] {dag.py:2398} INFO - Sync 1 DAGs
[2022-06-16 14:13:16,739] {logging_mixin.py:109} INFO - [2022-06-16 14:13:16,739] {dag.py:2937} INFO - Setting next_dagrun for example_short_circuit_operator to 2022-06-15T12:13:16.738534+00:00
[2022-06-16 14:13:16,786] {processor.py:171} INFO - Processing /home/saba/airflow_venv/airflow_venv/lib/python3.6/site-packages/airflow/example_dags/example_short_circuit_operator.py took 0.251 seconds
[2022-06-16 14:14:07,281] {processor.py:163} INFO - Started process (PID=5096) to work on /home/saba/airflow_venv/airflow_venv/lib/python3.6/site-packages/airflow/example_dags/example_short_circuit_operator.py
[2022-06-16 14:14:07,286] {processor.py:642} INFO - Processing file /home/saba/airflow_venv/airflow_venv/lib/python3.6/site-packages/airflow/example_dags/example_short_circuit_operator.py for tasks to queue
[2022-06-16 14:14:07,288] {logging_mixin.py:109} INFO - [2022-06-16 14:14:07,288] {dagbag.py:500} INFO - Filling up the DagBag from /home/saba/airflow_venv/airflow_venv/lib/python3.6/site-packages/airflow/example_dags/example_short_circuit_operator.py
[2022-06-16 14:14:07,343] {processor.py:652} INFO - DAG(s) dict_keys(['example_short_circuit_operator']) retrieved from /home/saba/airflow_venv/airflow_venv/lib/python3.6/site-packages/airflow/example_dags/example_short_circuit_operator.py
[2022-06-16 14:14:07,386] {logging_mixin.py:109} INFO - [2022-06-16 14:14:07,385] {dag.py:2398} INFO - Sync 1 DAGs
[2022-06-16 14:14:07,441] {logging_mixin.py:109} INFO - [2022-06-16 14:14:07,440] {dag.py:2937} INFO - Setting next_dagrun for example_short_circuit_operator to 2022-06-15T12:14:07.439917+00:00
[2022-06-16 14:14:07,479] {processor.py:171} INFO - Processing /home/saba/airflow_venv/airflow_venv/lib/python3.6/site-packages/airflow/example_dags/example_short_circuit_operator.py took 0.207 seconds
[2022-06-16 14:15:13,184] {processor.py:163} INFO - Started process (PID=5281) to work on /home/saba/airflow_venv/airflow_venv/lib/python3.6/site-packages/airflow/example_dags/example_short_circuit_operator.py
[2022-06-16 14:15:13,197] {processor.py:642} INFO - Processing file /home/saba/airflow_venv/airflow_venv/lib/python3.6/site-packages/airflow/example_dags/example_short_circuit_operator.py for tasks to queue
[2022-06-16 14:15:13,200] {logging_mixin.py:109} INFO - [2022-06-16 14:15:13,199] {dagbag.py:500} INFO - Filling up the DagBag from /home/saba/airflow_venv/airflow_venv/lib/python3.6/site-packages/airflow/example_dags/example_short_circuit_operator.py
[2022-06-16 14:15:13,358] {processor.py:652} INFO - DAG(s) dict_keys(['example_short_circuit_operator']) retrieved from /home/saba/airflow_venv/airflow_venv/lib/python3.6/site-packages/airflow/example_dags/example_short_circuit_operator.py
[2022-06-16 14:15:13,485] {logging_mixin.py:109} INFO - [2022-06-16 14:15:13,485] {dag.py:2398} INFO - Sync 1 DAGs
[2022-06-16 14:15:14,321] {logging_mixin.py:109} INFO - [2022-06-16 14:15:14,311] {dag.py:2937} INFO - Setting next_dagrun for example_short_circuit_operator to 2022-06-15T12:15:14.308183+00:00
[2022-06-16 14:15:14,410] {processor.py:171} INFO - Processing /home/saba/airflow_venv/airflow_venv/lib/python3.6/site-packages/airflow/example_dags/example_short_circuit_operator.py took 1.250 seconds
[2022-06-16 14:16:38,205] {processor.py:163} INFO - Started process (PID=7786) to work on /home/saba/airflow_venv/airflow_venv/lib/python3.6/site-packages/airflow/example_dags/example_short_circuit_operator.py
[2022-06-16 14:16:38,222] {processor.py:642} INFO - Processing file /home/saba/airflow_venv/airflow_venv/lib/python3.6/site-packages/airflow/example_dags/example_short_circuit_operator.py for tasks to queue
[2022-06-16 14:16:38,226] {logging_mixin.py:109} INFO - [2022-06-16 14:16:38,225] {dagbag.py:500} INFO - Filling up the DagBag from /home/saba/airflow_venv/airflow_venv/lib/python3.6/site-packages/airflow/example_dags/example_short_circuit_operator.py
[2022-06-16 14:16:38,460] {processor.py:652} INFO - DAG(s) dict_keys(['example_short_circuit_operator']) retrieved from /home/saba/airflow_venv/airflow_venv/lib/python3.6/site-packages/airflow/example_dags/example_short_circuit_operator.py
[2022-06-16 14:16:38,623] {logging_mixin.py:109} INFO - [2022-06-16 14:16:38,622] {dag.py:2398} INFO - Sync 1 DAGs
[2022-06-16 14:16:39,440] {logging_mixin.py:109} INFO - [2022-06-16 14:16:39,439] {dag.py:2937} INFO - Setting next_dagrun for example_short_circuit_operator to 2022-06-15T12:16:39.438206+00:00
[2022-06-16 14:16:39,530] {processor.py:171} INFO - Processing /home/saba/airflow_venv/airflow_venv/lib/python3.6/site-packages/airflow/example_dags/example_short_circuit_operator.py took 1.347 seconds
[2022-06-16 14:17:52,723] {processor.py:163} INFO - Started process (PID=7983) to work on /home/saba/airflow_venv/airflow_venv/lib/python3.6/site-packages/airflow/example_dags/example_short_circuit_operator.py
[2022-06-16 14:17:52,729] {processor.py:642} INFO - Processing file /home/saba/airflow_venv/airflow_venv/lib/python3.6/site-packages/airflow/example_dags/example_short_circuit_operator.py for tasks to queue
[2022-06-16 14:17:52,732] {logging_mixin.py:109} INFO - [2022-06-16 14:17:52,731] {dagbag.py:500} INFO - Filling up the DagBag from /home/saba/airflow_venv/airflow_venv/lib/python3.6/site-packages/airflow/example_dags/example_short_circuit_operator.py
[2022-06-16 14:17:52,829] {processor.py:652} INFO - DAG(s) dict_keys(['example_short_circuit_operator']) retrieved from /home/saba/airflow_venv/airflow_venv/lib/python3.6/site-packages/airflow/example_dags/example_short_circuit_operator.py
[2022-06-16 14:17:53,232] {logging_mixin.py:109} INFO - [2022-06-16 14:17:53,232] {dag.py:2398} INFO - Sync 1 DAGs
[2022-06-16 14:17:53,314] {logging_mixin.py:109} INFO - [2022-06-16 14:17:53,313] {dag.py:2937} INFO - Setting next_dagrun for example_short_circuit_operator to 2022-06-15T12:17:53.312831+00:00
[2022-06-16 14:17:53,367] {processor.py:171} INFO - Processing /home/saba/airflow_venv/airflow_venv/lib/python3.6/site-packages/airflow/example_dags/example_short_circuit_operator.py took 0.656 seconds
[2022-06-16 14:18:55,143] {processor.py:163} INFO - Started process (PID=8351) to work on /home/saba/airflow_venv/airflow_venv/lib/python3.6/site-packages/airflow/example_dags/example_short_circuit_operator.py
[2022-06-16 14:18:55,157] {processor.py:642} INFO - Processing file /home/saba/airflow_venv/airflow_venv/lib/python3.6/site-packages/airflow/example_dags/example_short_circuit_operator.py for tasks to queue
[2022-06-16 14:18:55,159] {logging_mixin.py:109} INFO - [2022-06-16 14:18:55,158] {dagbag.py:500} INFO - Filling up the DagBag from /home/saba/airflow_venv/airflow_venv/lib/python3.6/site-packages/airflow/example_dags/example_short_circuit_operator.py
[2022-06-16 14:18:55,809] {processor.py:652} INFO - DAG(s) dict_keys(['example_short_circuit_operator']) retrieved from /home/saba/airflow_venv/airflow_venv/lib/python3.6/site-packages/airflow/example_dags/example_short_circuit_operator.py
[2022-06-16 14:18:55,878] {logging_mixin.py:109} INFO - [2022-06-16 14:18:55,877] {dag.py:2398} INFO - Sync 1 DAGs
[2022-06-16 14:18:55,973] {logging_mixin.py:109} INFO - [2022-06-16 14:18:55,972] {dag.py:2937} INFO - Setting next_dagrun for example_short_circuit_operator to 2022-06-15T12:18:55.971926+00:00
[2022-06-16 14:18:56,040] {processor.py:171} INFO - Processing /home/saba/airflow_venv/airflow_venv/lib/python3.6/site-packages/airflow/example_dags/example_short_circuit_operator.py took 0.916 seconds
[2022-06-16 14:19:51,813] {processor.py:163} INFO - Started process (PID=8609) to work on /home/saba/airflow_venv/airflow_venv/lib/python3.6/site-packages/airflow/example_dags/example_short_circuit_operator.py
[2022-06-16 14:19:51,818] {processor.py:642} INFO - Processing file /home/saba/airflow_venv/airflow_venv/lib/python3.6/site-packages/airflow/example_dags/example_short_circuit_operator.py for tasks to queue
[2022-06-16 14:19:51,822] {logging_mixin.py:109} INFO - [2022-06-16 14:19:51,821] {dagbag.py:500} INFO - Filling up the DagBag from /home/saba/airflow_venv/airflow_venv/lib/python3.6/site-packages/airflow/example_dags/example_short_circuit_operator.py
[2022-06-16 14:19:52,159] {processor.py:652} INFO - DAG(s) dict_keys(['example_short_circuit_operator']) retrieved from /home/saba/airflow_venv/airflow_venv/lib/python3.6/site-packages/airflow/example_dags/example_short_circuit_operator.py
[2022-06-16 14:19:52,226] {logging_mixin.py:109} INFO - [2022-06-16 14:19:52,226] {dag.py:2398} INFO - Sync 1 DAGs
[2022-06-16 14:19:52,297] {logging_mixin.py:109} INFO - [2022-06-16 14:19:52,297] {dag.py:2937} INFO - Setting next_dagrun for example_short_circuit_operator to 2022-06-15T12:19:52.296268+00:00
[2022-06-16 14:19:52,350] {processor.py:171} INFO - Processing /home/saba/airflow_venv/airflow_venv/lib/python3.6/site-packages/airflow/example_dags/example_short_circuit_operator.py took 0.553 seconds
[2022-06-16 14:21:15,584] {processor.py:163} INFO - Started process (PID=8942) to work on /home/saba/airflow_venv/airflow_venv/lib/python3.6/site-packages/airflow/example_dags/example_short_circuit_operator.py
[2022-06-16 14:21:15,598] {processor.py:642} INFO - Processing file /home/saba/airflow_venv/airflow_venv/lib/python3.6/site-packages/airflow/example_dags/example_short_circuit_operator.py for tasks to queue
[2022-06-16 14:21:15,604] {logging_mixin.py:109} INFO - [2022-06-16 14:21:15,603] {dagbag.py:500} INFO - Filling up the DagBag from /home/saba/airflow_venv/airflow_venv/lib/python3.6/site-packages/airflow/example_dags/example_short_circuit_operator.py
[2022-06-16 14:21:16,382] {processor.py:652} INFO - DAG(s) dict_keys(['example_short_circuit_operator']) retrieved from /home/saba/airflow_venv/airflow_venv/lib/python3.6/site-packages/airflow/example_dags/example_short_circuit_operator.py
[2022-06-16 14:21:16,553] {logging_mixin.py:109} INFO - [2022-06-16 14:21:16,551] {dag.py:2398} INFO - Sync 1 DAGs
[2022-06-16 14:21:16,784] {logging_mixin.py:109} INFO - [2022-06-16 14:21:16,781] {dag.py:2937} INFO - Setting next_dagrun for example_short_circuit_operator to 2022-06-15T12:21:16.773133+00:00
[2022-06-16 14:21:16,896] {processor.py:171} INFO - Processing /home/saba/airflow_venv/airflow_venv/lib/python3.6/site-packages/airflow/example_dags/example_short_circuit_operator.py took 1.339 seconds
[2022-06-16 14:22:24,945] {processor.py:163} INFO - Started process (PID=9122) to work on /home/saba/airflow_venv/airflow_venv/lib/python3.6/site-packages/airflow/example_dags/example_short_circuit_operator.py
[2022-06-16 14:22:24,959] {processor.py:642} INFO - Processing file /home/saba/airflow_venv/airflow_venv/lib/python3.6/site-packages/airflow/example_dags/example_short_circuit_operator.py for tasks to queue
[2022-06-16 14:22:24,962] {logging_mixin.py:109} INFO - [2022-06-16 14:22:24,961] {dagbag.py:500} INFO - Filling up the DagBag from /home/saba/airflow_venv/airflow_venv/lib/python3.6/site-packages/airflow/example_dags/example_short_circuit_operator.py
[2022-06-16 14:22:25,110] {processor.py:652} INFO - DAG(s) dict_keys(['example_short_circuit_operator']) retrieved from /home/saba/airflow_venv/airflow_venv/lib/python3.6/site-packages/airflow/example_dags/example_short_circuit_operator.py
[2022-06-16 14:22:25,222] {logging_mixin.py:109} INFO - [2022-06-16 14:22:25,222] {dag.py:2398} INFO - Sync 1 DAGs
[2022-06-16 14:22:25,359] {logging_mixin.py:109} INFO - [2022-06-16 14:22:25,359] {dag.py:2937} INFO - Setting next_dagrun for example_short_circuit_operator to 2022-06-15T12:22:25.357286+00:00
[2022-06-16 14:22:25,426] {processor.py:171} INFO - Processing /home/saba/airflow_venv/airflow_venv/lib/python3.6/site-packages/airflow/example_dags/example_short_circuit_operator.py took 0.498 seconds
[2022-06-16 14:23:20,433] {processor.py:163} INFO - Started process (PID=9533) to work on /home/saba/airflow_venv/airflow_venv/lib/python3.6/site-packages/airflow/example_dags/example_short_circuit_operator.py
[2022-06-16 14:23:20,440] {processor.py:642} INFO - Processing file /home/saba/airflow_venv/airflow_venv/lib/python3.6/site-packages/airflow/example_dags/example_short_circuit_operator.py for tasks to queue
[2022-06-16 14:23:20,446] {logging_mixin.py:109} INFO - [2022-06-16 14:23:20,442] {dagbag.py:500} INFO - Filling up the DagBag from /home/saba/airflow_venv/airflow_venv/lib/python3.6/site-packages/airflow/example_dags/example_short_circuit_operator.py
[2022-06-16 14:23:20,571] {processor.py:652} INFO - DAG(s) dict_keys(['example_short_circuit_operator']) retrieved from /home/saba/airflow_venv/airflow_venv/lib/python3.6/site-packages/airflow/example_dags/example_short_circuit_operator.py
[2022-06-16 14:23:20,650] {logging_mixin.py:109} INFO - [2022-06-16 14:23:20,649] {dag.py:2398} INFO - Sync 1 DAGs
[2022-06-16 14:23:20,742] {logging_mixin.py:109} INFO - [2022-06-16 14:23:20,741] {dag.py:2937} INFO - Setting next_dagrun for example_short_circuit_operator to 2022-06-15T12:23:20.740368+00:00
[2022-06-16 14:23:20,796] {processor.py:171} INFO - Processing /home/saba/airflow_venv/airflow_venv/lib/python3.6/site-packages/airflow/example_dags/example_short_circuit_operator.py took 0.373 seconds
[2022-06-16 14:24:14,377] {processor.py:163} INFO - Started process (PID=9707) to work on /home/saba/airflow_venv/airflow_venv/lib/python3.6/site-packages/airflow/example_dags/example_short_circuit_operator.py
[2022-06-16 14:24:14,396] {processor.py:642} INFO - Processing file /home/saba/airflow_venv/airflow_venv/lib/python3.6/site-packages/airflow/example_dags/example_short_circuit_operator.py for tasks to queue
[2022-06-16 14:24:14,404] {logging_mixin.py:109} INFO - [2022-06-16 14:24:14,403] {dagbag.py:500} INFO - Filling up the DagBag from /home/saba/airflow_venv/airflow_venv/lib/python3.6/site-packages/airflow/example_dags/example_short_circuit_operator.py
[2022-06-16 14:24:14,655] {processor.py:652} INFO - DAG(s) dict_keys(['example_short_circuit_operator']) retrieved from /home/saba/airflow_venv/airflow_venv/lib/python3.6/site-packages/airflow/example_dags/example_short_circuit_operator.py
[2022-06-16 14:24:14,823] {logging_mixin.py:109} INFO - [2022-06-16 14:24:14,823] {dag.py:2398} INFO - Sync 1 DAGs
[2022-06-16 14:24:14,990] {logging_mixin.py:109} INFO - [2022-06-16 14:24:14,990] {dag.py:2937} INFO - Setting next_dagrun for example_short_circuit_operator to 2022-06-15T12:24:14.988691+00:00
[2022-06-16 14:24:15,088] {processor.py:171} INFO - Processing /home/saba/airflow_venv/airflow_venv/lib/python3.6/site-packages/airflow/example_dags/example_short_circuit_operator.py took 0.761 seconds
[2022-06-16 14:25:09,830] {processor.py:163} INFO - Started process (PID=10080) to work on /home/saba/airflow_venv/airflow_venv/lib/python3.6/site-packages/airflow/example_dags/example_short_circuit_operator.py
[2022-06-16 14:25:09,837] {processor.py:642} INFO - Processing file /home/saba/airflow_venv/airflow_venv/lib/python3.6/site-packages/airflow/example_dags/example_short_circuit_operator.py for tasks to queue
[2022-06-16 14:25:09,840] {logging_mixin.py:109} INFO - [2022-06-16 14:25:09,839] {dagbag.py:500} INFO - Filling up the DagBag from /home/saba/airflow_venv/airflow_venv/lib/python3.6/site-packages/airflow/example_dags/example_short_circuit_operator.py
[2022-06-16 14:25:09,919] {processor.py:652} INFO - DAG(s) dict_keys(['example_short_circuit_operator']) retrieved from /home/saba/airflow_venv/airflow_venv/lib/python3.6/site-packages/airflow/example_dags/example_short_circuit_operator.py
[2022-06-16 14:25:09,976] {logging_mixin.py:109} INFO - [2022-06-16 14:25:09,976] {dag.py:2398} INFO - Sync 1 DAGs
[2022-06-16 14:25:10,046] {logging_mixin.py:109} INFO - [2022-06-16 14:25:10,045] {dag.py:2937} INFO - Setting next_dagrun for example_short_circuit_operator to 2022-06-15T12:25:10.044820+00:00
[2022-06-16 14:25:10,092] {processor.py:171} INFO - Processing /home/saba/airflow_venv/airflow_venv/lib/python3.6/site-packages/airflow/example_dags/example_short_circuit_operator.py took 0.273 seconds
[2022-06-16 14:26:15,282] {processor.py:163} INFO - Started process (PID=10579) to work on /home/saba/airflow_venv/airflow_venv/lib/python3.6/site-packages/airflow/example_dags/example_short_circuit_operator.py
[2022-06-16 14:26:15,287] {processor.py:642} INFO - Processing file /home/saba/airflow_venv/airflow_venv/lib/python3.6/site-packages/airflow/example_dags/example_short_circuit_operator.py for tasks to queue
[2022-06-16 14:26:15,290] {logging_mixin.py:109} INFO - [2022-06-16 14:26:15,290] {dagbag.py:500} INFO - Filling up the DagBag from /home/saba/airflow_venv/airflow_venv/lib/python3.6/site-packages/airflow/example_dags/example_short_circuit_operator.py
[2022-06-16 14:26:15,381] {processor.py:652} INFO - DAG(s) dict_keys(['example_short_circuit_operator']) retrieved from /home/saba/airflow_venv/airflow_venv/lib/python3.6/site-packages/airflow/example_dags/example_short_circuit_operator.py
[2022-06-16 14:26:15,481] {logging_mixin.py:109} INFO - [2022-06-16 14:26:15,480] {dag.py:2398} INFO - Sync 1 DAGs
[2022-06-16 14:26:15,633] {logging_mixin.py:109} INFO - [2022-06-16 14:26:15,632] {dag.py:2937} INFO - Setting next_dagrun for example_short_circuit_operator to 2022-06-15T12:26:15.621972+00:00
[2022-06-16 14:26:15,772] {processor.py:171} INFO - Processing /home/saba/airflow_venv/airflow_venv/lib/python3.6/site-packages/airflow/example_dags/example_short_circuit_operator.py took 0.502 seconds
[2022-06-16 14:27:15,135] {processor.py:163} INFO - Started process (PID=10836) to work on /home/saba/airflow_venv/airflow_venv/lib/python3.6/site-packages/airflow/example_dags/example_short_circuit_operator.py
[2022-06-16 14:27:15,140] {processor.py:642} INFO - Processing file /home/saba/airflow_venv/airflow_venv/lib/python3.6/site-packages/airflow/example_dags/example_short_circuit_operator.py for tasks to queue
[2022-06-16 14:27:15,143] {logging_mixin.py:109} INFO - [2022-06-16 14:27:15,143] {dagbag.py:500} INFO - Filling up the DagBag from /home/saba/airflow_venv/airflow_venv/lib/python3.6/site-packages/airflow/example_dags/example_short_circuit_operator.py
[2022-06-16 14:27:15,234] {processor.py:652} INFO - DAG(s) dict_keys(['example_short_circuit_operator']) retrieved from /home/saba/airflow_venv/airflow_venv/lib/python3.6/site-packages/airflow/example_dags/example_short_circuit_operator.py
[2022-06-16 14:27:15,297] {logging_mixin.py:109} INFO - [2022-06-16 14:27:15,297] {dag.py:2398} INFO - Sync 1 DAGs
[2022-06-16 14:27:15,376] {logging_mixin.py:109} INFO - [2022-06-16 14:27:15,375] {dag.py:2937} INFO - Setting next_dagrun for example_short_circuit_operator to 2022-06-15T12:27:15.374513+00:00
[2022-06-16 14:27:15,422] {processor.py:171} INFO - Processing /home/saba/airflow_venv/airflow_venv/lib/python3.6/site-packages/airflow/example_dags/example_short_circuit_operator.py took 0.300 seconds
[2022-06-16 14:28:06,584] {processor.py:163} INFO - Started process (PID=11229) to work on /home/saba/airflow_venv/airflow_venv/lib/python3.6/site-packages/airflow/example_dags/example_short_circuit_operator.py
[2022-06-16 14:28:06,591] {processor.py:642} INFO - Processing file /home/saba/airflow_venv/airflow_venv/lib/python3.6/site-packages/airflow/example_dags/example_short_circuit_operator.py for tasks to queue
[2022-06-16 14:28:06,594] {logging_mixin.py:109} INFO - [2022-06-16 14:28:06,593] {dagbag.py:500} INFO - Filling up the DagBag from /home/saba/airflow_venv/airflow_venv/lib/python3.6/site-packages/airflow/example_dags/example_short_circuit_operator.py
[2022-06-16 14:28:06,683] {processor.py:652} INFO - DAG(s) dict_keys(['example_short_circuit_operator']) retrieved from /home/saba/airflow_venv/airflow_venv/lib/python3.6/site-packages/airflow/example_dags/example_short_circuit_operator.py
[2022-06-16 14:28:06,752] {logging_mixin.py:109} INFO - [2022-06-16 14:28:06,751] {dag.py:2398} INFO - Sync 1 DAGs
[2022-06-16 14:28:06,852] {logging_mixin.py:109} INFO - [2022-06-16 14:28:06,852] {dag.py:2937} INFO - Setting next_dagrun for example_short_circuit_operator to 2022-06-15T12:28:06.850647+00:00
[2022-06-16 14:28:06,903] {processor.py:171} INFO - Processing /home/saba/airflow_venv/airflow_venv/lib/python3.6/site-packages/airflow/example_dags/example_short_circuit_operator.py took 0.330 seconds
[2022-06-16 14:28:55,740] {processor.py:163} INFO - Started process (PID=11536) to work on /home/saba/airflow_venv/airflow_venv/lib/python3.6/site-packages/airflow/example_dags/example_short_circuit_operator.py
[2022-06-16 14:28:55,750] {processor.py:642} INFO - Processing file /home/saba/airflow_venv/airflow_venv/lib/python3.6/site-packages/airflow/example_dags/example_short_circuit_operator.py for tasks to queue
[2022-06-16 14:28:55,753] {logging_mixin.py:109} INFO - [2022-06-16 14:28:55,752] {dagbag.py:500} INFO - Filling up the DagBag from /home/saba/airflow_venv/airflow_venv/lib/python3.6/site-packages/airflow/example_dags/example_short_circuit_operator.py
[2022-06-16 14:28:55,875] {processor.py:652} INFO - DAG(s) dict_keys(['example_short_circuit_operator']) retrieved from /home/saba/airflow_venv/airflow_venv/lib/python3.6/site-packages/airflow/example_dags/example_short_circuit_operator.py
[2022-06-16 14:28:55,954] {logging_mixin.py:109} INFO - [2022-06-16 14:28:55,954] {dag.py:2398} INFO - Sync 1 DAGs
[2022-06-16 14:28:56,065] {logging_mixin.py:109} INFO - [2022-06-16 14:28:56,065] {dag.py:2937} INFO - Setting next_dagrun for example_short_circuit_operator to 2022-06-15T12:28:56.062539+00:00
[2022-06-16 14:28:56,121] {processor.py:171} INFO - Processing /home/saba/airflow_venv/airflow_venv/lib/python3.6/site-packages/airflow/example_dags/example_short_circuit_operator.py took 0.395 seconds
[2022-06-16 14:30:37,444] {processor.py:163} INFO - Started process (PID=12054) to work on /home/saba/airflow_venv/airflow_venv/lib/python3.6/site-packages/airflow/example_dags/example_short_circuit_operator.py
[2022-06-16 14:30:37,448] {processor.py:642} INFO - Processing file /home/saba/airflow_venv/airflow_venv/lib/python3.6/site-packages/airflow/example_dags/example_short_circuit_operator.py for tasks to queue
[2022-06-16 14:30:37,450] {logging_mixin.py:109} INFO - [2022-06-16 14:30:37,449] {dagbag.py:500} INFO - Filling up the DagBag from /home/saba/airflow_venv/airflow_venv/lib/python3.6/site-packages/airflow/example_dags/example_short_circuit_operator.py
[2022-06-16 14:30:37,503] {processor.py:652} INFO - DAG(s) dict_keys(['example_short_circuit_operator']) retrieved from /home/saba/airflow_venv/airflow_venv/lib/python3.6/site-packages/airflow/example_dags/example_short_circuit_operator.py
[2022-06-16 14:30:37,549] {logging_mixin.py:109} INFO - [2022-06-16 14:30:37,549] {dag.py:2398} INFO - Sync 1 DAGs
[2022-06-16 14:30:37,608] {logging_mixin.py:109} INFO - [2022-06-16 14:30:37,607] {dag.py:2937} INFO - Setting next_dagrun for example_short_circuit_operator to 2022-06-15T12:30:37.607055+00:00
[2022-06-16 14:30:37,642] {processor.py:171} INFO - Processing /home/saba/airflow_venv/airflow_venv/lib/python3.6/site-packages/airflow/example_dags/example_short_circuit_operator.py took 0.206 seconds
[2022-06-16 14:46:00,807] {processor.py:163} INFO - Started process (PID=86) to work on /home/saba/.local/lib/python3.6/site-packages/airflow/example_dags/example_short_circuit_operator.py
[2022-06-16 14:46:00,809] {processor.py:642} INFO - Processing file /home/saba/.local/lib/python3.6/site-packages/airflow/example_dags/example_short_circuit_operator.py for tasks to queue
[2022-06-16 14:46:00,810] {logging_mixin.py:109} INFO - [2022-06-16 14:46:00,810] {dagbag.py:500} INFO - Filling up the DagBag from /home/saba/.local/lib/python3.6/site-packages/airflow/example_dags/example_short_circuit_operator.py
[2022-06-16 14:46:00,838] {processor.py:652} INFO - DAG(s) dict_keys(['example_short_circuit_operator']) retrieved from /home/saba/.local/lib/python3.6/site-packages/airflow/example_dags/example_short_circuit_operator.py
[2022-06-16 14:46:00,857] {logging_mixin.py:109} INFO - [2022-06-16 14:46:00,857] {dag.py:2398} INFO - Sync 1 DAGs
[2022-06-16 14:46:00,878] {logging_mixin.py:109} INFO - [2022-06-16 14:46:00,878] {dag.py:2937} INFO - Setting next_dagrun for example_short_circuit_operator to 2022-06-15T12:46:00.877864+00:00
[2022-06-16 14:46:00,897] {processor.py:171} INFO - Processing /home/saba/.local/lib/python3.6/site-packages/airflow/example_dags/example_short_circuit_operator.py took 0.094 seconds
[2022-06-16 14:46:59,560] {processor.py:163} INFO - Started process (PID=155) to work on /home/saba/.local/lib/python3.6/site-packages/airflow/example_dags/example_short_circuit_operator.py
[2022-06-16 14:46:59,565] {processor.py:642} INFO - Processing file /home/saba/.local/lib/python3.6/site-packages/airflow/example_dags/example_short_circuit_operator.py for tasks to queue
[2022-06-16 14:46:59,567] {logging_mixin.py:109} INFO - [2022-06-16 14:46:59,567] {dagbag.py:500} INFO - Filling up the DagBag from /home/saba/.local/lib/python3.6/site-packages/airflow/example_dags/example_short_circuit_operator.py
[2022-06-16 14:46:59,640] {processor.py:652} INFO - DAG(s) dict_keys(['example_short_circuit_operator']) retrieved from /home/saba/.local/lib/python3.6/site-packages/airflow/example_dags/example_short_circuit_operator.py
[2022-06-16 14:46:59,685] {logging_mixin.py:109} INFO - [2022-06-16 14:46:59,684] {dag.py:2398} INFO - Sync 1 DAGs
[2022-06-16 14:46:59,738] {logging_mixin.py:109} INFO - [2022-06-16 14:46:59,738] {dag.py:2937} INFO - Setting next_dagrun for example_short_circuit_operator to 2022-06-15T12:46:59.737204+00:00
[2022-06-16 14:46:59,780] {processor.py:171} INFO - Processing /home/saba/.local/lib/python3.6/site-packages/airflow/example_dags/example_short_circuit_operator.py took 0.230 seconds
[2022-06-16 14:48:03,858] {processor.py:163} INFO - Started process (PID=637) to work on /home/saba/.local/lib/python3.6/site-packages/airflow/example_dags/example_short_circuit_operator.py
[2022-06-16 14:48:03,866] {processor.py:642} INFO - Processing file /home/saba/.local/lib/python3.6/site-packages/airflow/example_dags/example_short_circuit_operator.py for tasks to queue
[2022-06-16 14:48:03,869] {logging_mixin.py:109} INFO - [2022-06-16 14:48:03,868] {dagbag.py:500} INFO - Filling up the DagBag from /home/saba/.local/lib/python3.6/site-packages/airflow/example_dags/example_short_circuit_operator.py
[2022-06-16 14:48:03,948] {processor.py:652} INFO - DAG(s) dict_keys(['example_short_circuit_operator']) retrieved from /home/saba/.local/lib/python3.6/site-packages/airflow/example_dags/example_short_circuit_operator.py
[2022-06-16 14:48:04,018] {logging_mixin.py:109} INFO - [2022-06-16 14:48:04,018] {dag.py:2398} INFO - Sync 1 DAGs
[2022-06-16 14:48:04,081] {logging_mixin.py:109} INFO - [2022-06-16 14:48:04,080] {dag.py:2937} INFO - Setting next_dagrun for example_short_circuit_operator to 2022-06-15T12:48:04.079651+00:00
[2022-06-16 14:48:04,145] {processor.py:171} INFO - Processing /home/saba/.local/lib/python3.6/site-packages/airflow/example_dags/example_short_circuit_operator.py took 0.300 seconds
[2022-06-16 14:49:07,492] {processor.py:163} INFO - Started process (PID=2356) to work on /home/saba/.local/lib/python3.6/site-packages/airflow/example_dags/example_short_circuit_operator.py
[2022-06-16 14:49:07,497] {processor.py:642} INFO - Processing file /home/saba/.local/lib/python3.6/site-packages/airflow/example_dags/example_short_circuit_operator.py for tasks to queue
[2022-06-16 14:49:07,499] {logging_mixin.py:109} INFO - [2022-06-16 14:49:07,499] {dagbag.py:500} INFO - Filling up the DagBag from /home/saba/.local/lib/python3.6/site-packages/airflow/example_dags/example_short_circuit_operator.py
[2022-06-16 14:49:07,572] {processor.py:652} INFO - DAG(s) dict_keys(['example_short_circuit_operator']) retrieved from /home/saba/.local/lib/python3.6/site-packages/airflow/example_dags/example_short_circuit_operator.py
[2022-06-16 14:49:07,625] {logging_mixin.py:109} INFO - [2022-06-16 14:49:07,624] {dag.py:2398} INFO - Sync 1 DAGs
[2022-06-16 14:49:07,691] {logging_mixin.py:109} INFO - [2022-06-16 14:49:07,690] {dag.py:2937} INFO - Setting next_dagrun for example_short_circuit_operator to 2022-06-15T12:49:07.688775+00:00
[2022-06-16 14:49:07,741] {processor.py:171} INFO - Processing /home/saba/.local/lib/python3.6/site-packages/airflow/example_dags/example_short_circuit_operator.py took 0.260 seconds
[2022-06-16 14:49:55,716] {processor.py:163} INFO - Started process (PID=2601) to work on /home/saba/.local/lib/python3.6/site-packages/airflow/example_dags/example_short_circuit_operator.py
[2022-06-16 14:49:55,719] {processor.py:642} INFO - Processing file /home/saba/.local/lib/python3.6/site-packages/airflow/example_dags/example_short_circuit_operator.py for tasks to queue
[2022-06-16 14:49:55,720] {logging_mixin.py:109} INFO - [2022-06-16 14:49:55,720] {dagbag.py:500} INFO - Filling up the DagBag from /home/saba/.local/lib/python3.6/site-packages/airflow/example_dags/example_short_circuit_operator.py
[2022-06-16 14:49:55,758] {processor.py:652} INFO - DAG(s) dict_keys(['example_short_circuit_operator']) retrieved from /home/saba/.local/lib/python3.6/site-packages/airflow/example_dags/example_short_circuit_operator.py
[2022-06-16 14:49:55,786] {logging_mixin.py:109} INFO - [2022-06-16 14:49:55,786] {dag.py:2398} INFO - Sync 1 DAGs
[2022-06-16 14:49:55,819] {logging_mixin.py:109} INFO - [2022-06-16 14:49:55,818] {dag.py:2937} INFO - Setting next_dagrun for example_short_circuit_operator to 2022-06-15T12:49:55.818419+00:00
[2022-06-16 14:49:55,847] {processor.py:171} INFO - Processing /home/saba/.local/lib/python3.6/site-packages/airflow/example_dags/example_short_circuit_operator.py took 0.136 seconds
[2022-06-16 14:50:35,891] {processor.py:163} INFO - Started process (PID=2651) to work on /home/saba/.local/lib/python3.6/site-packages/airflow/example_dags/example_short_circuit_operator.py
[2022-06-16 14:50:35,896] {processor.py:642} INFO - Processing file /home/saba/.local/lib/python3.6/site-packages/airflow/example_dags/example_short_circuit_operator.py for tasks to queue
[2022-06-16 14:50:35,899] {logging_mixin.py:109} INFO - [2022-06-16 14:50:35,898] {dagbag.py:500} INFO - Filling up the DagBag from /home/saba/.local/lib/python3.6/site-packages/airflow/example_dags/example_short_circuit_operator.py
[2022-06-16 14:50:35,977] {processor.py:652} INFO - DAG(s) dict_keys(['example_short_circuit_operator']) retrieved from /home/saba/.local/lib/python3.6/site-packages/airflow/example_dags/example_short_circuit_operator.py
[2022-06-16 14:50:36,028] {logging_mixin.py:109} INFO - [2022-06-16 14:50:36,027] {dag.py:2398} INFO - Sync 1 DAGs
[2022-06-16 14:50:36,077] {logging_mixin.py:109} INFO - [2022-06-16 14:50:36,076] {dag.py:2937} INFO - Setting next_dagrun for example_short_circuit_operator to 2022-06-15T12:50:36.076262+00:00
[2022-06-16 14:50:36,110] {processor.py:171} INFO - Processing /home/saba/.local/lib/python3.6/site-packages/airflow/example_dags/example_short_circuit_operator.py took 0.231 seconds
[2022-06-16 14:51:20,635] {processor.py:163} INFO - Started process (PID=2706) to work on /home/saba/.local/lib/python3.6/site-packages/airflow/example_dags/example_short_circuit_operator.py
[2022-06-16 14:51:20,637] {processor.py:642} INFO - Processing file /home/saba/.local/lib/python3.6/site-packages/airflow/example_dags/example_short_circuit_operator.py for tasks to queue
[2022-06-16 14:51:20,637] {logging_mixin.py:109} INFO - [2022-06-16 14:51:20,637] {dagbag.py:500} INFO - Filling up the DagBag from /home/saba/.local/lib/python3.6/site-packages/airflow/example_dags/example_short_circuit_operator.py
[2022-06-16 14:51:20,665] {processor.py:652} INFO - DAG(s) dict_keys(['example_short_circuit_operator']) retrieved from /home/saba/.local/lib/python3.6/site-packages/airflow/example_dags/example_short_circuit_operator.py
[2022-06-16 14:51:20,685] {logging_mixin.py:109} INFO - [2022-06-16 14:51:20,685] {dag.py:2398} INFO - Sync 1 DAGs
[2022-06-16 14:51:20,710] {logging_mixin.py:109} INFO - [2022-06-16 14:51:20,709] {dag.py:2937} INFO - Setting next_dagrun for example_short_circuit_operator to 2022-06-15T12:51:20.709365+00:00
[2022-06-16 14:51:20,730] {processor.py:171} INFO - Processing /home/saba/.local/lib/python3.6/site-packages/airflow/example_dags/example_short_circuit_operator.py took 0.099 seconds
[2022-06-16 14:52:00,924] {processor.py:163} INFO - Started process (PID=2753) to work on /home/saba/.local/lib/python3.6/site-packages/airflow/example_dags/example_short_circuit_operator.py
[2022-06-16 14:52:00,931] {processor.py:642} INFO - Processing file /home/saba/.local/lib/python3.6/site-packages/airflow/example_dags/example_short_circuit_operator.py for tasks to queue
[2022-06-16 14:52:00,935] {logging_mixin.py:109} INFO - [2022-06-16 14:52:00,935] {dagbag.py:500} INFO - Filling up the DagBag from /home/saba/.local/lib/python3.6/site-packages/airflow/example_dags/example_short_circuit_operator.py
[2022-06-16 14:52:01,052] {processor.py:652} INFO - DAG(s) dict_keys(['example_short_circuit_operator']) retrieved from /home/saba/.local/lib/python3.6/site-packages/airflow/example_dags/example_short_circuit_operator.py
[2022-06-16 14:52:01,162] {logging_mixin.py:109} INFO - [2022-06-16 14:52:01,162] {dag.py:2398} INFO - Sync 1 DAGs
[2022-06-16 14:52:01,302] {logging_mixin.py:109} INFO - [2022-06-16 14:52:01,301] {dag.py:2937} INFO - Setting next_dagrun for example_short_circuit_operator to 2022-06-15T12:52:01.298867+00:00
[2022-06-16 14:52:01,373] {processor.py:171} INFO - Processing /home/saba/.local/lib/python3.6/site-packages/airflow/example_dags/example_short_circuit_operator.py took 0.460 seconds
[2022-06-16 14:52:40,689] {processor.py:163} INFO - Started process (PID=2996) to work on /home/saba/.local/lib/python3.6/site-packages/airflow/example_dags/example_short_circuit_operator.py
[2022-06-16 14:52:40,691] {processor.py:642} INFO - Processing file /home/saba/.local/lib/python3.6/site-packages/airflow/example_dags/example_short_circuit_operator.py for tasks to queue
[2022-06-16 14:52:40,692] {logging_mixin.py:109} INFO - [2022-06-16 14:52:40,692] {dagbag.py:500} INFO - Filling up the DagBag from /home/saba/.local/lib/python3.6/site-packages/airflow/example_dags/example_short_circuit_operator.py
[2022-06-16 14:52:40,716] {processor.py:652} INFO - DAG(s) dict_keys(['example_short_circuit_operator']) retrieved from /home/saba/.local/lib/python3.6/site-packages/airflow/example_dags/example_short_circuit_operator.py
[2022-06-16 14:52:40,735] {logging_mixin.py:109} INFO - [2022-06-16 14:52:40,734] {dag.py:2398} INFO - Sync 1 DAGs
[2022-06-16 14:52:40,757] {logging_mixin.py:109} INFO - [2022-06-16 14:52:40,757] {dag.py:2937} INFO - Setting next_dagrun for example_short_circuit_operator to 2022-06-15T12:52:40.756810+00:00
[2022-06-16 14:52:40,776] {processor.py:171} INFO - Processing /home/saba/.local/lib/python3.6/site-packages/airflow/example_dags/example_short_circuit_operator.py took 0.090 seconds
[2022-06-16 14:53:21,110] {processor.py:163} INFO - Started process (PID=3290) to work on /home/saba/.local/lib/python3.6/site-packages/airflow/example_dags/example_short_circuit_operator.py
[2022-06-16 14:53:21,112] {processor.py:642} INFO - Processing file /home/saba/.local/lib/python3.6/site-packages/airflow/example_dags/example_short_circuit_operator.py for tasks to queue
[2022-06-16 14:53:21,113] {logging_mixin.py:109} INFO - [2022-06-16 14:53:21,113] {dagbag.py:500} INFO - Filling up the DagBag from /home/saba/.local/lib/python3.6/site-packages/airflow/example_dags/example_short_circuit_operator.py
[2022-06-16 14:53:21,141] {processor.py:652} INFO - DAG(s) dict_keys(['example_short_circuit_operator']) retrieved from /home/saba/.local/lib/python3.6/site-packages/airflow/example_dags/example_short_circuit_operator.py
[2022-06-16 14:53:21,163] {logging_mixin.py:109} INFO - [2022-06-16 14:53:21,163] {dag.py:2398} INFO - Sync 1 DAGs
[2022-06-16 14:53:21,191] {logging_mixin.py:109} INFO - [2022-06-16 14:53:21,191] {dag.py:2937} INFO - Setting next_dagrun for example_short_circuit_operator to 2022-06-15T12:53:21.190567+00:00
[2022-06-16 14:53:21,212] {processor.py:171} INFO - Processing /home/saba/.local/lib/python3.6/site-packages/airflow/example_dags/example_short_circuit_operator.py took 0.107 seconds
[2022-06-16 14:53:58,017] {processor.py:163} INFO - Started process (PID=3322) to work on /home/saba/.local/lib/python3.6/site-packages/airflow/example_dags/example_short_circuit_operator.py
[2022-06-16 14:53:58,022] {processor.py:642} INFO - Processing file /home/saba/.local/lib/python3.6/site-packages/airflow/example_dags/example_short_circuit_operator.py for tasks to queue
[2022-06-16 14:53:58,024] {logging_mixin.py:109} INFO - [2022-06-16 14:53:58,024] {dagbag.py:500} INFO - Filling up the DagBag from /home/saba/.local/lib/python3.6/site-packages/airflow/example_dags/example_short_circuit_operator.py
[2022-06-16 14:53:58,093] {processor.py:652} INFO - DAG(s) dict_keys(['example_short_circuit_operator']) retrieved from /home/saba/.local/lib/python3.6/site-packages/airflow/example_dags/example_short_circuit_operator.py
[2022-06-16 14:53:58,137] {logging_mixin.py:109} INFO - [2022-06-16 14:53:58,137] {dag.py:2398} INFO - Sync 1 DAGs
[2022-06-16 14:53:58,193] {logging_mixin.py:109} INFO - [2022-06-16 14:53:58,193] {dag.py:2937} INFO - Setting next_dagrun for example_short_circuit_operator to 2022-06-15T12:53:58.192461+00:00
[2022-06-16 14:53:58,223] {processor.py:171} INFO - Processing /home/saba/.local/lib/python3.6/site-packages/airflow/example_dags/example_short_circuit_operator.py took 0.213 seconds
[2022-06-16 14:54:38,301] {processor.py:163} INFO - Started process (PID=3605) to work on /home/saba/.local/lib/python3.6/site-packages/airflow/example_dags/example_short_circuit_operator.py
[2022-06-16 14:54:38,304] {processor.py:642} INFO - Processing file /home/saba/.local/lib/python3.6/site-packages/airflow/example_dags/example_short_circuit_operator.py for tasks to queue
[2022-06-16 14:54:38,305] {logging_mixin.py:109} INFO - [2022-06-16 14:54:38,305] {dagbag.py:500} INFO - Filling up the DagBag from /home/saba/.local/lib/python3.6/site-packages/airflow/example_dags/example_short_circuit_operator.py
[2022-06-16 14:54:38,341] {processor.py:652} INFO - DAG(s) dict_keys(['example_short_circuit_operator']) retrieved from /home/saba/.local/lib/python3.6/site-packages/airflow/example_dags/example_short_circuit_operator.py
[2022-06-16 14:54:38,372] {logging_mixin.py:109} INFO - [2022-06-16 14:54:38,372] {dag.py:2398} INFO - Sync 1 DAGs
[2022-06-16 14:54:38,413] {logging_mixin.py:109} INFO - [2022-06-16 14:54:38,413] {dag.py:2937} INFO - Setting next_dagrun for example_short_circuit_operator to 2022-06-15T12:54:38.412236+00:00
[2022-06-16 14:54:38,445] {processor.py:171} INFO - Processing /home/saba/.local/lib/python3.6/site-packages/airflow/example_dags/example_short_circuit_operator.py took 0.150 seconds
[2022-06-16 14:55:17,106] {processor.py:163} INFO - Started process (PID=3937) to work on /home/saba/.local/lib/python3.6/site-packages/airflow/example_dags/example_short_circuit_operator.py
[2022-06-16 14:55:17,110] {processor.py:642} INFO - Processing file /home/saba/.local/lib/python3.6/site-packages/airflow/example_dags/example_short_circuit_operator.py for tasks to queue
[2022-06-16 14:55:17,112] {logging_mixin.py:109} INFO - [2022-06-16 14:55:17,112] {dagbag.py:500} INFO - Filling up the DagBag from /home/saba/.local/lib/python3.6/site-packages/airflow/example_dags/example_short_circuit_operator.py
[2022-06-16 14:55:17,197] {processor.py:652} INFO - DAG(s) dict_keys(['example_short_circuit_operator']) retrieved from /home/saba/.local/lib/python3.6/site-packages/airflow/example_dags/example_short_circuit_operator.py
[2022-06-16 14:55:17,263] {logging_mixin.py:109} INFO - [2022-06-16 14:55:17,263] {dag.py:2398} INFO - Sync 1 DAGs
[2022-06-16 14:55:17,366] {logging_mixin.py:109} INFO - [2022-06-16 14:55:17,365] {dag.py:2937} INFO - Setting next_dagrun for example_short_circuit_operator to 2022-06-15T12:55:17.364808+00:00
[2022-06-16 14:55:17,413] {processor.py:171} INFO - Processing /home/saba/.local/lib/python3.6/site-packages/airflow/example_dags/example_short_circuit_operator.py took 0.316 seconds
[2022-06-16 14:56:03,925] {processor.py:163} INFO - Started process (PID=4261) to work on /home/saba/.local/lib/python3.6/site-packages/airflow/example_dags/example_short_circuit_operator.py
[2022-06-16 14:56:03,931] {processor.py:642} INFO - Processing file /home/saba/.local/lib/python3.6/site-packages/airflow/example_dags/example_short_circuit_operator.py for tasks to queue
[2022-06-16 14:56:03,938] {logging_mixin.py:109} INFO - [2022-06-16 14:56:03,937] {dagbag.py:500} INFO - Filling up the DagBag from /home/saba/.local/lib/python3.6/site-packages/airflow/example_dags/example_short_circuit_operator.py
[2022-06-16 14:56:04,063] {processor.py:652} INFO - DAG(s) dict_keys(['example_short_circuit_operator']) retrieved from /home/saba/.local/lib/python3.6/site-packages/airflow/example_dags/example_short_circuit_operator.py
[2022-06-16 14:56:04,269] {logging_mixin.py:109} INFO - [2022-06-16 14:56:04,268] {dag.py:2398} INFO - Sync 1 DAGs
[2022-06-16 14:56:04,403] {logging_mixin.py:109} INFO - [2022-06-16 14:56:04,403] {dag.py:2937} INFO - Setting next_dagrun for example_short_circuit_operator to 2022-06-15T12:56:04.401602+00:00
[2022-06-16 14:56:04,510] {processor.py:171} INFO - Processing /home/saba/.local/lib/python3.6/site-packages/airflow/example_dags/example_short_circuit_operator.py took 0.597 seconds
[2022-06-16 14:56:52,814] {processor.py:163} INFO - Started process (PID=4688) to work on /home/saba/.local/lib/python3.6/site-packages/airflow/example_dags/example_short_circuit_operator.py
[2022-06-16 14:56:52,818] {processor.py:642} INFO - Processing file /home/saba/.local/lib/python3.6/site-packages/airflow/example_dags/example_short_circuit_operator.py for tasks to queue
[2022-06-16 14:56:52,821] {logging_mixin.py:109} INFO - [2022-06-16 14:56:52,820] {dagbag.py:500} INFO - Filling up the DagBag from /home/saba/.local/lib/python3.6/site-packages/airflow/example_dags/example_short_circuit_operator.py
[2022-06-16 14:56:52,884] {processor.py:652} INFO - DAG(s) dict_keys(['example_short_circuit_operator']) retrieved from /home/saba/.local/lib/python3.6/site-packages/airflow/example_dags/example_short_circuit_operator.py
[2022-06-16 14:56:52,938] {logging_mixin.py:109} INFO - [2022-06-16 14:56:52,938] {dag.py:2398} INFO - Sync 1 DAGs
[2022-06-16 14:56:53,009] {logging_mixin.py:109} INFO - [2022-06-16 14:56:53,009] {dag.py:2937} INFO - Setting next_dagrun for example_short_circuit_operator to 2022-06-15T12:56:53.007795+00:00
[2022-06-16 14:56:53,049] {processor.py:171} INFO - Processing /home/saba/.local/lib/python3.6/site-packages/airflow/example_dags/example_short_circuit_operator.py took 0.244 seconds
