[2022-06-16 14:00:09,942] {processor.py:163} INFO - Started process (PID=790) to work on /home/saba/airflow_venv/airflow_venv/lib/python3.6/site-packages/airflow/example_dags/example_external_task_marker_dag.py
[2022-06-16 14:00:09,944] {processor.py:642} INFO - Processing file /home/saba/airflow_venv/airflow_venv/lib/python3.6/site-packages/airflow/example_dags/example_external_task_marker_dag.py for tasks to queue
[2022-06-16 14:00:09,945] {logging_mixin.py:109} INFO - [2022-06-16 14:00:09,945] {dagbag.py:500} INFO - Filling up the DagBag from /home/saba/airflow_venv/airflow_venv/lib/python3.6/site-packages/airflow/example_dags/example_external_task_marker_dag.py
[2022-06-16 14:00:09,989] {processor.py:652} INFO - DAG(s) dict_keys(['example_external_task_marker_parent', 'example_external_task_marker_child']) retrieved from /home/saba/airflow_venv/airflow_venv/lib/python3.6/site-packages/airflow/example_dags/example_external_task_marker_dag.py
[2022-06-16 14:00:10,029] {logging_mixin.py:109} INFO - [2022-06-16 14:00:10,028] {dag.py:2398} INFO - Sync 2 DAGs
[2022-06-16 14:00:10,075] {logging_mixin.py:109} INFO - [2022-06-16 14:00:10,074] {dag.py:2937} INFO - Setting next_dagrun for example_external_task_marker_child to None
[2022-06-16 14:00:10,075] {logging_mixin.py:109} INFO - [2022-06-16 14:00:10,075] {dag.py:2937} INFO - Setting next_dagrun for example_external_task_marker_parent to None
[2022-06-16 14:00:10,103] {processor.py:171} INFO - Processing /home/saba/airflow_venv/airflow_venv/lib/python3.6/site-packages/airflow/example_dags/example_external_task_marker_dag.py took 0.167 seconds
[2022-06-16 14:01:34,935] {processor.py:163} INFO - Started process (PID=1203) to work on /home/saba/airflow_venv/airflow_venv/lib/python3.6/site-packages/airflow/example_dags/example_external_task_marker_dag.py
[2022-06-16 14:01:34,940] {processor.py:642} INFO - Processing file /home/saba/airflow_venv/airflow_venv/lib/python3.6/site-packages/airflow/example_dags/example_external_task_marker_dag.py for tasks to queue
[2022-06-16 14:01:34,942] {logging_mixin.py:109} INFO - [2022-06-16 14:01:34,941] {dagbag.py:500} INFO - Filling up the DagBag from /home/saba/airflow_venv/airflow_venv/lib/python3.6/site-packages/airflow/example_dags/example_external_task_marker_dag.py
[2022-06-16 14:01:34,989] {processor.py:652} INFO - DAG(s) dict_keys(['example_external_task_marker_parent', 'example_external_task_marker_child']) retrieved from /home/saba/airflow_venv/airflow_venv/lib/python3.6/site-packages/airflow/example_dags/example_external_task_marker_dag.py
[2022-06-16 14:01:35,046] {logging_mixin.py:109} INFO - [2022-06-16 14:01:35,046] {dag.py:2398} INFO - Sync 2 DAGs
[2022-06-16 14:01:35,093] {logging_mixin.py:109} INFO - [2022-06-16 14:01:35,093] {dag.py:2937} INFO - Setting next_dagrun for example_external_task_marker_child to None
[2022-06-16 14:01:35,094] {logging_mixin.py:109} INFO - [2022-06-16 14:01:35,093] {dag.py:2937} INFO - Setting next_dagrun for example_external_task_marker_parent to None
[2022-06-16 14:01:35,128] {processor.py:171} INFO - Processing /home/saba/airflow_venv/airflow_venv/lib/python3.6/site-packages/airflow/example_dags/example_external_task_marker_dag.py took 0.201 seconds
[2022-06-16 14:03:00,661] {processor.py:163} INFO - Started process (PID=1629) to work on /home/saba/airflow_venv/airflow_venv/lib/python3.6/site-packages/airflow/example_dags/example_external_task_marker_dag.py
[2022-06-16 14:03:00,666] {processor.py:642} INFO - Processing file /home/saba/airflow_venv/airflow_venv/lib/python3.6/site-packages/airflow/example_dags/example_external_task_marker_dag.py for tasks to queue
[2022-06-16 14:03:00,668] {logging_mixin.py:109} INFO - [2022-06-16 14:03:00,667] {dagbag.py:500} INFO - Filling up the DagBag from /home/saba/airflow_venv/airflow_venv/lib/python3.6/site-packages/airflow/example_dags/example_external_task_marker_dag.py
[2022-06-16 14:03:00,725] {processor.py:652} INFO - DAG(s) dict_keys(['example_external_task_marker_parent', 'example_external_task_marker_child']) retrieved from /home/saba/airflow_venv/airflow_venv/lib/python3.6/site-packages/airflow/example_dags/example_external_task_marker_dag.py
[2022-06-16 14:03:00,778] {logging_mixin.py:109} INFO - [2022-06-16 14:03:00,778] {dag.py:2398} INFO - Sync 2 DAGs
[2022-06-16 14:03:00,826] {logging_mixin.py:109} INFO - [2022-06-16 14:03:00,825] {dag.py:2937} INFO - Setting next_dagrun for example_external_task_marker_child to None
[2022-06-16 14:03:00,826] {logging_mixin.py:109} INFO - [2022-06-16 14:03:00,826] {dag.py:2937} INFO - Setting next_dagrun for example_external_task_marker_parent to None
[2022-06-16 14:03:00,868] {processor.py:171} INFO - Processing /home/saba/airflow_venv/airflow_venv/lib/python3.6/site-packages/airflow/example_dags/example_external_task_marker_dag.py took 0.215 seconds
[2022-06-16 14:04:24,571] {processor.py:163} INFO - Started process (PID=2031) to work on /home/saba/airflow_venv/airflow_venv/lib/python3.6/site-packages/airflow/example_dags/example_external_task_marker_dag.py
[2022-06-16 14:04:24,583] {processor.py:642} INFO - Processing file /home/saba/airflow_venv/airflow_venv/lib/python3.6/site-packages/airflow/example_dags/example_external_task_marker_dag.py for tasks to queue
[2022-06-16 14:04:24,584] {logging_mixin.py:109} INFO - [2022-06-16 14:04:24,584] {dagbag.py:500} INFO - Filling up the DagBag from /home/saba/airflow_venv/airflow_venv/lib/python3.6/site-packages/airflow/example_dags/example_external_task_marker_dag.py
[2022-06-16 14:04:24,631] {processor.py:652} INFO - DAG(s) dict_keys(['example_external_task_marker_parent', 'example_external_task_marker_child']) retrieved from /home/saba/airflow_venv/airflow_venv/lib/python3.6/site-packages/airflow/example_dags/example_external_task_marker_dag.py
[2022-06-16 14:04:24,678] {logging_mixin.py:109} INFO - [2022-06-16 14:04:24,677] {dag.py:2398} INFO - Sync 2 DAGs
[2022-06-16 14:04:24,724] {logging_mixin.py:109} INFO - [2022-06-16 14:04:24,723] {dag.py:2937} INFO - Setting next_dagrun for example_external_task_marker_child to None
[2022-06-16 14:04:24,725] {logging_mixin.py:109} INFO - [2022-06-16 14:04:24,724] {dag.py:2937} INFO - Setting next_dagrun for example_external_task_marker_parent to None
[2022-06-16 14:04:24,767] {processor.py:171} INFO - Processing /home/saba/airflow_venv/airflow_venv/lib/python3.6/site-packages/airflow/example_dags/example_external_task_marker_dag.py took 0.202 seconds
[2022-06-16 14:05:47,449] {processor.py:163} INFO - Started process (PID=2472) to work on /home/saba/airflow_venv/airflow_venv/lib/python3.6/site-packages/airflow/example_dags/example_external_task_marker_dag.py
[2022-06-16 14:05:47,453] {processor.py:642} INFO - Processing file /home/saba/airflow_venv/airflow_venv/lib/python3.6/site-packages/airflow/example_dags/example_external_task_marker_dag.py for tasks to queue
[2022-06-16 14:05:47,455] {logging_mixin.py:109} INFO - [2022-06-16 14:05:47,455] {dagbag.py:500} INFO - Filling up the DagBag from /home/saba/airflow_venv/airflow_venv/lib/python3.6/site-packages/airflow/example_dags/example_external_task_marker_dag.py
[2022-06-16 14:05:47,523] {processor.py:652} INFO - DAG(s) dict_keys(['example_external_task_marker_parent', 'example_external_task_marker_child']) retrieved from /home/saba/airflow_venv/airflow_venv/lib/python3.6/site-packages/airflow/example_dags/example_external_task_marker_dag.py
[2022-06-16 14:05:47,598] {logging_mixin.py:109} INFO - [2022-06-16 14:05:47,598] {dag.py:2398} INFO - Sync 2 DAGs
[2022-06-16 14:05:47,666] {logging_mixin.py:109} INFO - [2022-06-16 14:05:47,666] {dag.py:2937} INFO - Setting next_dagrun for example_external_task_marker_child to None
[2022-06-16 14:05:47,667] {logging_mixin.py:109} INFO - [2022-06-16 14:05:47,667] {dag.py:2937} INFO - Setting next_dagrun for example_external_task_marker_parent to None
[2022-06-16 14:05:47,708] {processor.py:171} INFO - Processing /home/saba/airflow_venv/airflow_venv/lib/python3.6/site-packages/airflow/example_dags/example_external_task_marker_dag.py took 0.267 seconds
[2022-06-16 14:07:11,203] {processor.py:163} INFO - Started process (PID=2942) to work on /home/saba/airflow_venv/airflow_venv/lib/python3.6/site-packages/airflow/example_dags/example_external_task_marker_dag.py
[2022-06-16 14:07:11,207] {processor.py:642} INFO - Processing file /home/saba/airflow_venv/airflow_venv/lib/python3.6/site-packages/airflow/example_dags/example_external_task_marker_dag.py for tasks to queue
[2022-06-16 14:07:11,208] {logging_mixin.py:109} INFO - [2022-06-16 14:07:11,208] {dagbag.py:500} INFO - Filling up the DagBag from /home/saba/airflow_venv/airflow_venv/lib/python3.6/site-packages/airflow/example_dags/example_external_task_marker_dag.py
[2022-06-16 14:07:11,242] {processor.py:652} INFO - DAG(s) dict_keys(['example_external_task_marker_parent', 'example_external_task_marker_child']) retrieved from /home/saba/airflow_venv/airflow_venv/lib/python3.6/site-packages/airflow/example_dags/example_external_task_marker_dag.py
[2022-06-16 14:07:11,278] {logging_mixin.py:109} INFO - [2022-06-16 14:07:11,278] {dag.py:2398} INFO - Sync 2 DAGs
[2022-06-16 14:07:11,319] {logging_mixin.py:109} INFO - [2022-06-16 14:07:11,319] {dag.py:2937} INFO - Setting next_dagrun for example_external_task_marker_child to None
[2022-06-16 14:07:11,320] {logging_mixin.py:109} INFO - [2022-06-16 14:07:11,320] {dag.py:2937} INFO - Setting next_dagrun for example_external_task_marker_parent to None
[2022-06-16 14:07:11,355] {processor.py:171} INFO - Processing /home/saba/airflow_venv/airflow_venv/lib/python3.6/site-packages/airflow/example_dags/example_external_task_marker_dag.py took 0.158 seconds
[2022-06-16 14:08:33,787] {processor.py:163} INFO - Started process (PID=3428) to work on /home/saba/airflow_venv/airflow_venv/lib/python3.6/site-packages/airflow/example_dags/example_external_task_marker_dag.py
[2022-06-16 14:08:33,790] {processor.py:642} INFO - Processing file /home/saba/airflow_venv/airflow_venv/lib/python3.6/site-packages/airflow/example_dags/example_external_task_marker_dag.py for tasks to queue
[2022-06-16 14:08:33,792] {logging_mixin.py:109} INFO - [2022-06-16 14:08:33,792] {dagbag.py:500} INFO - Filling up the DagBag from /home/saba/airflow_venv/airflow_venv/lib/python3.6/site-packages/airflow/example_dags/example_external_task_marker_dag.py
[2022-06-16 14:08:33,841] {processor.py:652} INFO - DAG(s) dict_keys(['example_external_task_marker_parent', 'example_external_task_marker_child']) retrieved from /home/saba/airflow_venv/airflow_venv/lib/python3.6/site-packages/airflow/example_dags/example_external_task_marker_dag.py
[2022-06-16 14:08:33,886] {logging_mixin.py:109} INFO - [2022-06-16 14:08:33,885] {dag.py:2398} INFO - Sync 2 DAGs
[2022-06-16 14:08:33,924] {logging_mixin.py:109} INFO - [2022-06-16 14:08:33,923] {dag.py:2937} INFO - Setting next_dagrun for example_external_task_marker_child to None
[2022-06-16 14:08:33,924] {logging_mixin.py:109} INFO - [2022-06-16 14:08:33,924] {dag.py:2937} INFO - Setting next_dagrun for example_external_task_marker_parent to None
[2022-06-16 14:08:33,956] {processor.py:171} INFO - Processing /home/saba/airflow_venv/airflow_venv/lib/python3.6/site-packages/airflow/example_dags/example_external_task_marker_dag.py took 0.177 seconds
[2022-06-16 14:09:55,925] {processor.py:163} INFO - Started process (PID=3901) to work on /home/saba/airflow_venv/airflow_venv/lib/python3.6/site-packages/airflow/example_dags/example_external_task_marker_dag.py
[2022-06-16 14:09:55,936] {processor.py:642} INFO - Processing file /home/saba/airflow_venv/airflow_venv/lib/python3.6/site-packages/airflow/example_dags/example_external_task_marker_dag.py for tasks to queue
[2022-06-16 14:09:55,937] {logging_mixin.py:109} INFO - [2022-06-16 14:09:55,937] {dagbag.py:500} INFO - Filling up the DagBag from /home/saba/airflow_venv/airflow_venv/lib/python3.6/site-packages/airflow/example_dags/example_external_task_marker_dag.py
[2022-06-16 14:09:55,971] {processor.py:652} INFO - DAG(s) dict_keys(['example_external_task_marker_parent', 'example_external_task_marker_child']) retrieved from /home/saba/airflow_venv/airflow_venv/lib/python3.6/site-packages/airflow/example_dags/example_external_task_marker_dag.py
[2022-06-16 14:09:56,003] {logging_mixin.py:109} INFO - [2022-06-16 14:09:56,003] {dag.py:2398} INFO - Sync 2 DAGs
[2022-06-16 14:09:56,034] {logging_mixin.py:109} INFO - [2022-06-16 14:09:56,034] {dag.py:2937} INFO - Setting next_dagrun for example_external_task_marker_child to None
[2022-06-16 14:09:56,035] {logging_mixin.py:109} INFO - [2022-06-16 14:09:56,035] {dag.py:2937} INFO - Setting next_dagrun for example_external_task_marker_parent to None
[2022-06-16 14:09:56,060] {processor.py:171} INFO - Processing /home/saba/airflow_venv/airflow_venv/lib/python3.6/site-packages/airflow/example_dags/example_external_task_marker_dag.py took 0.140 seconds
[2022-06-16 14:11:16,436] {processor.py:163} INFO - Started process (PID=4390) to work on /home/saba/airflow_venv/airflow_venv/lib/python3.6/site-packages/airflow/example_dags/example_external_task_marker_dag.py
[2022-06-16 14:11:16,440] {processor.py:642} INFO - Processing file /home/saba/airflow_venv/airflow_venv/lib/python3.6/site-packages/airflow/example_dags/example_external_task_marker_dag.py for tasks to queue
[2022-06-16 14:11:16,441] {logging_mixin.py:109} INFO - [2022-06-16 14:11:16,441] {dagbag.py:500} INFO - Filling up the DagBag from /home/saba/airflow_venv/airflow_venv/lib/python3.6/site-packages/airflow/example_dags/example_external_task_marker_dag.py
[2022-06-16 14:11:16,470] {processor.py:652} INFO - DAG(s) dict_keys(['example_external_task_marker_parent', 'example_external_task_marker_child']) retrieved from /home/saba/airflow_venv/airflow_venv/lib/python3.6/site-packages/airflow/example_dags/example_external_task_marker_dag.py
[2022-06-16 14:11:16,497] {logging_mixin.py:109} INFO - [2022-06-16 14:11:16,496] {dag.py:2398} INFO - Sync 2 DAGs
[2022-06-16 14:11:16,539] {logging_mixin.py:109} INFO - [2022-06-16 14:11:16,538] {dag.py:2937} INFO - Setting next_dagrun for example_external_task_marker_child to None
[2022-06-16 14:11:16,539] {logging_mixin.py:109} INFO - [2022-06-16 14:11:16,539] {dag.py:2937} INFO - Setting next_dagrun for example_external_task_marker_parent to None
[2022-06-16 14:11:16,567] {processor.py:171} INFO - Processing /home/saba/airflow_venv/airflow_venv/lib/python3.6/site-packages/airflow/example_dags/example_external_task_marker_dag.py took 0.135 seconds
[2022-06-16 14:12:51,249] {processor.py:163} INFO - Started process (PID=4802) to work on /home/saba/airflow_venv/airflow_venv/lib/python3.6/site-packages/airflow/example_dags/example_external_task_marker_dag.py
[2022-06-16 14:12:51,253] {processor.py:642} INFO - Processing file /home/saba/airflow_venv/airflow_venv/lib/python3.6/site-packages/airflow/example_dags/example_external_task_marker_dag.py for tasks to queue
[2022-06-16 14:12:51,254] {logging_mixin.py:109} INFO - [2022-06-16 14:12:51,254] {dagbag.py:500} INFO - Filling up the DagBag from /home/saba/airflow_venv/airflow_venv/lib/python3.6/site-packages/airflow/example_dags/example_external_task_marker_dag.py
[2022-06-16 14:12:51,303] {processor.py:652} INFO - DAG(s) dict_keys(['example_external_task_marker_parent', 'example_external_task_marker_child']) retrieved from /home/saba/airflow_venv/airflow_venv/lib/python3.6/site-packages/airflow/example_dags/example_external_task_marker_dag.py
[2022-06-16 14:12:51,342] {logging_mixin.py:109} INFO - [2022-06-16 14:12:51,342] {dag.py:2398} INFO - Sync 2 DAGs
[2022-06-16 14:12:51,390] {logging_mixin.py:109} INFO - [2022-06-16 14:12:51,390] {dag.py:2937} INFO - Setting next_dagrun for example_external_task_marker_child to None
[2022-06-16 14:12:51,391] {logging_mixin.py:109} INFO - [2022-06-16 14:12:51,391] {dag.py:2937} INFO - Setting next_dagrun for example_external_task_marker_parent to None
[2022-06-16 14:12:51,425] {processor.py:171} INFO - Processing /home/saba/airflow_venv/airflow_venv/lib/python3.6/site-packages/airflow/example_dags/example_external_task_marker_dag.py took 0.184 seconds
[2022-06-16 14:14:38,305] {processor.py:163} INFO - Started process (PID=5174) to work on /home/saba/airflow_venv/airflow_venv/lib/python3.6/site-packages/airflow/example_dags/example_external_task_marker_dag.py
[2022-06-16 14:14:38,325] {processor.py:642} INFO - Processing file /home/saba/airflow_venv/airflow_venv/lib/python3.6/site-packages/airflow/example_dags/example_external_task_marker_dag.py for tasks to queue
[2022-06-16 14:14:38,327] {logging_mixin.py:109} INFO - [2022-06-16 14:14:38,327] {dagbag.py:500} INFO - Filling up the DagBag from /home/saba/airflow_venv/airflow_venv/lib/python3.6/site-packages/airflow/example_dags/example_external_task_marker_dag.py
[2022-06-16 14:14:38,494] {processor.py:652} INFO - DAG(s) dict_keys(['example_external_task_marker_parent', 'example_external_task_marker_child']) retrieved from /home/saba/airflow_venv/airflow_venv/lib/python3.6/site-packages/airflow/example_dags/example_external_task_marker_dag.py
[2022-06-16 14:14:38,659] {logging_mixin.py:109} INFO - [2022-06-16 14:14:38,658] {dag.py:2398} INFO - Sync 2 DAGs
[2022-06-16 14:14:38,782] {logging_mixin.py:109} INFO - [2022-06-16 14:14:38,782] {dag.py:2937} INFO - Setting next_dagrun for example_external_task_marker_child to None
[2022-06-16 14:14:38,784] {logging_mixin.py:109} INFO - [2022-06-16 14:14:38,783] {dag.py:2937} INFO - Setting next_dagrun for example_external_task_marker_parent to None
[2022-06-16 14:14:38,858] {processor.py:171} INFO - Processing /home/saba/airflow_venv/airflow_venv/lib/python3.6/site-packages/airflow/example_dags/example_external_task_marker_dag.py took 0.581 seconds
[2022-06-16 14:17:17,159] {processor.py:163} INFO - Started process (PID=7885) to work on /home/saba/airflow_venv/airflow_venv/lib/python3.6/site-packages/airflow/example_dags/example_external_task_marker_dag.py
[2022-06-16 14:17:17,166] {processor.py:642} INFO - Processing file /home/saba/airflow_venv/airflow_venv/lib/python3.6/site-packages/airflow/example_dags/example_external_task_marker_dag.py for tasks to queue
[2022-06-16 14:17:17,169] {logging_mixin.py:109} INFO - [2022-06-16 14:17:17,169] {dagbag.py:500} INFO - Filling up the DagBag from /home/saba/airflow_venv/airflow_venv/lib/python3.6/site-packages/airflow/example_dags/example_external_task_marker_dag.py
[2022-06-16 14:17:17,236] {processor.py:652} INFO - DAG(s) dict_keys(['example_external_task_marker_parent', 'example_external_task_marker_child']) retrieved from /home/saba/airflow_venv/airflow_venv/lib/python3.6/site-packages/airflow/example_dags/example_external_task_marker_dag.py
[2022-06-16 14:17:17,313] {logging_mixin.py:109} INFO - [2022-06-16 14:17:17,312] {dag.py:2398} INFO - Sync 2 DAGs
[2022-06-16 14:17:17,613] {logging_mixin.py:109} INFO - [2022-06-16 14:17:17,613] {dag.py:2937} INFO - Setting next_dagrun for example_external_task_marker_child to None
[2022-06-16 14:17:17,615] {logging_mixin.py:109} INFO - [2022-06-16 14:17:17,614] {dag.py:2937} INFO - Setting next_dagrun for example_external_task_marker_parent to None
[2022-06-16 14:17:17,667] {processor.py:171} INFO - Processing /home/saba/airflow_venv/airflow_venv/lib/python3.6/site-packages/airflow/example_dags/example_external_task_marker_dag.py took 0.524 seconds
[2022-06-16 14:19:24,370] {processor.py:163} INFO - Started process (PID=8519) to work on /home/saba/airflow_venv/airflow_venv/lib/python3.6/site-packages/airflow/example_dags/example_external_task_marker_dag.py
[2022-06-16 14:19:24,374] {processor.py:642} INFO - Processing file /home/saba/airflow_venv/airflow_venv/lib/python3.6/site-packages/airflow/example_dags/example_external_task_marker_dag.py for tasks to queue
[2022-06-16 14:19:24,375] {logging_mixin.py:109} INFO - [2022-06-16 14:19:24,375] {dagbag.py:500} INFO - Filling up the DagBag from /home/saba/airflow_venv/airflow_venv/lib/python3.6/site-packages/airflow/example_dags/example_external_task_marker_dag.py
[2022-06-16 14:19:24,658] {processor.py:652} INFO - DAG(s) dict_keys(['example_external_task_marker_parent', 'example_external_task_marker_child']) retrieved from /home/saba/airflow_venv/airflow_venv/lib/python3.6/site-packages/airflow/example_dags/example_external_task_marker_dag.py
[2022-06-16 14:19:24,712] {logging_mixin.py:109} INFO - [2022-06-16 14:19:24,712] {dag.py:2398} INFO - Sync 2 DAGs
[2022-06-16 14:19:24,772] {logging_mixin.py:109} INFO - [2022-06-16 14:19:24,772] {dag.py:2937} INFO - Setting next_dagrun for example_external_task_marker_child to None
[2022-06-16 14:19:24,774] {logging_mixin.py:109} INFO - [2022-06-16 14:19:24,773] {dag.py:2937} INFO - Setting next_dagrun for example_external_task_marker_parent to None
[2022-06-16 14:19:24,811] {processor.py:171} INFO - Processing /home/saba/airflow_venv/airflow_venv/lib/python3.6/site-packages/airflow/example_dags/example_external_task_marker_dag.py took 0.450 seconds
[2022-06-16 14:21:53,459] {processor.py:163} INFO - Started process (PID=9038) to work on /home/saba/airflow_venv/airflow_venv/lib/python3.6/site-packages/airflow/example_dags/example_external_task_marker_dag.py
[2022-06-16 14:21:53,465] {processor.py:642} INFO - Processing file /home/saba/airflow_venv/airflow_venv/lib/python3.6/site-packages/airflow/example_dags/example_external_task_marker_dag.py for tasks to queue
[2022-06-16 14:21:53,474] {logging_mixin.py:109} INFO - [2022-06-16 14:21:53,471] {dagbag.py:500} INFO - Filling up the DagBag from /home/saba/airflow_venv/airflow_venv/lib/python3.6/site-packages/airflow/example_dags/example_external_task_marker_dag.py
[2022-06-16 14:21:53,653] {processor.py:652} INFO - DAG(s) dict_keys(['example_external_task_marker_parent', 'example_external_task_marker_child']) retrieved from /home/saba/airflow_venv/airflow_venv/lib/python3.6/site-packages/airflow/example_dags/example_external_task_marker_dag.py
[2022-06-16 14:21:53,796] {logging_mixin.py:109} INFO - [2022-06-16 14:21:53,796] {dag.py:2398} INFO - Sync 2 DAGs
[2022-06-16 14:21:53,925] {logging_mixin.py:109} INFO - [2022-06-16 14:21:53,924] {dag.py:2937} INFO - Setting next_dagrun for example_external_task_marker_child to None
[2022-06-16 14:21:53,929] {logging_mixin.py:109} INFO - [2022-06-16 14:21:53,927] {dag.py:2937} INFO - Setting next_dagrun for example_external_task_marker_parent to None
[2022-06-16 14:21:54,000] {processor.py:171} INFO - Processing /home/saba/airflow_venv/airflow_venv/lib/python3.6/site-packages/airflow/example_dags/example_external_task_marker_dag.py took 0.556 seconds
[2022-06-16 14:23:49,618] {processor.py:163} INFO - Started process (PID=9626) to work on /home/saba/airflow_venv/airflow_venv/lib/python3.6/site-packages/airflow/example_dags/example_external_task_marker_dag.py
[2022-06-16 14:23:49,624] {processor.py:642} INFO - Processing file /home/saba/airflow_venv/airflow_venv/lib/python3.6/site-packages/airflow/example_dags/example_external_task_marker_dag.py for tasks to queue
[2022-06-16 14:23:49,627] {logging_mixin.py:109} INFO - [2022-06-16 14:23:49,626] {dagbag.py:500} INFO - Filling up the DagBag from /home/saba/airflow_venv/airflow_venv/lib/python3.6/site-packages/airflow/example_dags/example_external_task_marker_dag.py
[2022-06-16 14:23:49,709] {processor.py:652} INFO - DAG(s) dict_keys(['example_external_task_marker_parent', 'example_external_task_marker_child']) retrieved from /home/saba/airflow_venv/airflow_venv/lib/python3.6/site-packages/airflow/example_dags/example_external_task_marker_dag.py
[2022-06-16 14:23:49,791] {logging_mixin.py:109} INFO - [2022-06-16 14:23:49,791] {dag.py:2398} INFO - Sync 2 DAGs
[2022-06-16 14:23:49,893] {logging_mixin.py:109} INFO - [2022-06-16 14:23:49,892] {dag.py:2937} INFO - Setting next_dagrun for example_external_task_marker_child to None
[2022-06-16 14:23:49,894] {logging_mixin.py:109} INFO - [2022-06-16 14:23:49,894] {dag.py:2937} INFO - Setting next_dagrun for example_external_task_marker_parent to None
[2022-06-16 14:23:49,952] {processor.py:171} INFO - Processing /home/saba/airflow_venv/airflow_venv/lib/python3.6/site-packages/airflow/example_dags/example_external_task_marker_dag.py took 0.345 seconds
[2022-06-16 14:25:44,550] {processor.py:163} INFO - Started process (PID=10424) to work on /home/saba/airflow_venv/airflow_venv/lib/python3.6/site-packages/airflow/example_dags/example_external_task_marker_dag.py
[2022-06-16 14:25:44,557] {processor.py:642} INFO - Processing file /home/saba/airflow_venv/airflow_venv/lib/python3.6/site-packages/airflow/example_dags/example_external_task_marker_dag.py for tasks to queue
[2022-06-16 14:25:44,567] {logging_mixin.py:109} INFO - [2022-06-16 14:25:44,566] {dagbag.py:500} INFO - Filling up the DagBag from /home/saba/airflow_venv/airflow_venv/lib/python3.6/site-packages/airflow/example_dags/example_external_task_marker_dag.py
[2022-06-16 14:25:44,711] {processor.py:652} INFO - DAG(s) dict_keys(['example_external_task_marker_parent', 'example_external_task_marker_child']) retrieved from /home/saba/airflow_venv/airflow_venv/lib/python3.6/site-packages/airflow/example_dags/example_external_task_marker_dag.py
[2022-06-16 14:25:44,885] {logging_mixin.py:109} INFO - [2022-06-16 14:25:44,885] {dag.py:2398} INFO - Sync 2 DAGs
[2022-06-16 14:25:44,995] {logging_mixin.py:109} INFO - [2022-06-16 14:25:44,995] {dag.py:2937} INFO - Setting next_dagrun for example_external_task_marker_child to None
[2022-06-16 14:25:44,997] {logging_mixin.py:109} INFO - [2022-06-16 14:25:44,996] {dag.py:2937} INFO - Setting next_dagrun for example_external_task_marker_parent to None
[2022-06-16 14:25:45,342] {processor.py:171} INFO - Processing /home/saba/airflow_venv/airflow_venv/lib/python3.6/site-packages/airflow/example_dags/example_external_task_marker_dag.py took 0.812 seconds
[2022-06-16 14:27:40,184] {processor.py:163} INFO - Started process (PID=10917) to work on /home/saba/airflow_venv/airflow_venv/lib/python3.6/site-packages/airflow/example_dags/example_external_task_marker_dag.py
[2022-06-16 14:27:40,189] {processor.py:642} INFO - Processing file /home/saba/airflow_venv/airflow_venv/lib/python3.6/site-packages/airflow/example_dags/example_external_task_marker_dag.py for tasks to queue
[2022-06-16 14:27:40,191] {logging_mixin.py:109} INFO - [2022-06-16 14:27:40,190] {dagbag.py:500} INFO - Filling up the DagBag from /home/saba/airflow_venv/airflow_venv/lib/python3.6/site-packages/airflow/example_dags/example_external_task_marker_dag.py
[2022-06-16 14:27:40,248] {processor.py:652} INFO - DAG(s) dict_keys(['example_external_task_marker_parent', 'example_external_task_marker_child']) retrieved from /home/saba/airflow_venv/airflow_venv/lib/python3.6/site-packages/airflow/example_dags/example_external_task_marker_dag.py
[2022-06-16 14:27:40,299] {logging_mixin.py:109} INFO - [2022-06-16 14:27:40,298] {dag.py:2398} INFO - Sync 2 DAGs
[2022-06-16 14:27:40,359] {logging_mixin.py:109} INFO - [2022-06-16 14:27:40,359] {dag.py:2937} INFO - Setting next_dagrun for example_external_task_marker_child to None
[2022-06-16 14:27:40,360] {logging_mixin.py:109} INFO - [2022-06-16 14:27:40,360] {dag.py:2937} INFO - Setting next_dagrun for example_external_task_marker_parent to None
[2022-06-16 14:27:40,401] {processor.py:171} INFO - Processing /home/saba/airflow_venv/airflow_venv/lib/python3.6/site-packages/airflow/example_dags/example_external_task_marker_dag.py took 0.226 seconds
[2022-06-16 14:29:20,476] {processor.py:163} INFO - Started process (PID=11726) to work on /home/saba/airflow_venv/airflow_venv/lib/python3.6/site-packages/airflow/example_dags/example_external_task_marker_dag.py
[2022-06-16 14:29:20,480] {processor.py:642} INFO - Processing file /home/saba/airflow_venv/airflow_venv/lib/python3.6/site-packages/airflow/example_dags/example_external_task_marker_dag.py for tasks to queue
[2022-06-16 14:29:20,483] {logging_mixin.py:109} INFO - [2022-06-16 14:29:20,482] {dagbag.py:500} INFO - Filling up the DagBag from /home/saba/airflow_venv/airflow_venv/lib/python3.6/site-packages/airflow/example_dags/example_external_task_marker_dag.py
[2022-06-16 14:29:20,536] {processor.py:652} INFO - DAG(s) dict_keys(['example_external_task_marker_parent', 'example_external_task_marker_child']) retrieved from /home/saba/airflow_venv/airflow_venv/lib/python3.6/site-packages/airflow/example_dags/example_external_task_marker_dag.py
[2022-06-16 14:29:20,578] {logging_mixin.py:109} INFO - [2022-06-16 14:29:20,578] {dag.py:2398} INFO - Sync 2 DAGs
[2022-06-16 14:29:20,630] {logging_mixin.py:109} INFO - [2022-06-16 14:29:20,629] {dag.py:2937} INFO - Setting next_dagrun for example_external_task_marker_child to None
[2022-06-16 14:29:20,631] {logging_mixin.py:109} INFO - [2022-06-16 14:29:20,630] {dag.py:2937} INFO - Setting next_dagrun for example_external_task_marker_parent to None
[2022-06-16 14:29:20,668] {processor.py:171} INFO - Processing /home/saba/airflow_venv/airflow_venv/lib/python3.6/site-packages/airflow/example_dags/example_external_task_marker_dag.py took 0.199 seconds
[2022-06-16 14:31:07,863] {processor.py:163} INFO - Started process (PID=12355) to work on /home/saba/airflow_venv/airflow_venv/lib/python3.6/site-packages/airflow/example_dags/example_external_task_marker_dag.py
[2022-06-16 14:31:07,871] {processor.py:642} INFO - Processing file /home/saba/airflow_venv/airflow_venv/lib/python3.6/site-packages/airflow/example_dags/example_external_task_marker_dag.py for tasks to queue
[2022-06-16 14:31:07,874] {logging_mixin.py:109} INFO - [2022-06-16 14:31:07,873] {dagbag.py:500} INFO - Filling up the DagBag from /home/saba/airflow_venv/airflow_venv/lib/python3.6/site-packages/airflow/example_dags/example_external_task_marker_dag.py
[2022-06-16 14:31:07,972] {processor.py:652} INFO - DAG(s) dict_keys(['example_external_task_marker_parent', 'example_external_task_marker_child']) retrieved from /home/saba/airflow_venv/airflow_venv/lib/python3.6/site-packages/airflow/example_dags/example_external_task_marker_dag.py
[2022-06-16 14:31:08,063] {logging_mixin.py:109} INFO - [2022-06-16 14:31:08,063] {dag.py:2398} INFO - Sync 2 DAGs
[2022-06-16 14:31:08,154] {logging_mixin.py:109} INFO - [2022-06-16 14:31:08,154] {dag.py:2937} INFO - Setting next_dagrun for example_external_task_marker_child to None
[2022-06-16 14:31:08,155] {logging_mixin.py:109} INFO - [2022-06-16 14:31:08,155] {dag.py:2937} INFO - Setting next_dagrun for example_external_task_marker_parent to None
[2022-06-16 14:31:08,200] {processor.py:171} INFO - Processing /home/saba/airflow_venv/airflow_venv/lib/python3.6/site-packages/airflow/example_dags/example_external_task_marker_dag.py took 0.351 seconds
[2022-06-16 14:46:15,556] {processor.py:163} INFO - Started process (PID=100) to work on /home/saba/.local/lib/python3.6/site-packages/airflow/example_dags/example_external_task_marker_dag.py
[2022-06-16 14:46:15,560] {processor.py:642} INFO - Processing file /home/saba/.local/lib/python3.6/site-packages/airflow/example_dags/example_external_task_marker_dag.py for tasks to queue
[2022-06-16 14:46:15,562] {logging_mixin.py:109} INFO - [2022-06-16 14:46:15,561] {dagbag.py:500} INFO - Filling up the DagBag from /home/saba/.local/lib/python3.6/site-packages/airflow/example_dags/example_external_task_marker_dag.py
[2022-06-16 14:46:15,633] {processor.py:652} INFO - DAG(s) dict_keys(['example_external_task_marker_parent', 'example_external_task_marker_child']) retrieved from /home/saba/.local/lib/python3.6/site-packages/airflow/example_dags/example_external_task_marker_dag.py
[2022-06-16 14:46:15,727] {logging_mixin.py:109} INFO - [2022-06-16 14:46:15,726] {dag.py:2398} INFO - Sync 2 DAGs
[2022-06-16 14:46:15,802] {logging_mixin.py:109} INFO - [2022-06-16 14:46:15,802] {dag.py:2937} INFO - Setting next_dagrun for example_external_task_marker_child to None
[2022-06-16 14:46:15,803] {logging_mixin.py:109} INFO - [2022-06-16 14:46:15,803] {dag.py:2937} INFO - Setting next_dagrun for example_external_task_marker_parent to None
[2022-06-16 14:46:15,852] {processor.py:171} INFO - Processing /home/saba/.local/lib/python3.6/site-packages/airflow/example_dags/example_external_task_marker_dag.py took 0.308 seconds
[2022-06-16 14:48:33,533] {processor.py:163} INFO - Started process (PID=2231) to work on /home/saba/.local/lib/python3.6/site-packages/airflow/example_dags/example_external_task_marker_dag.py
[2022-06-16 14:48:33,539] {processor.py:642} INFO - Processing file /home/saba/.local/lib/python3.6/site-packages/airflow/example_dags/example_external_task_marker_dag.py for tasks to queue
[2022-06-16 14:48:33,541] {logging_mixin.py:109} INFO - [2022-06-16 14:48:33,541] {dagbag.py:500} INFO - Filling up the DagBag from /home/saba/.local/lib/python3.6/site-packages/airflow/example_dags/example_external_task_marker_dag.py
[2022-06-16 14:48:33,750] {processor.py:652} INFO - DAG(s) dict_keys(['example_external_task_marker_parent', 'example_external_task_marker_child']) retrieved from /home/saba/.local/lib/python3.6/site-packages/airflow/example_dags/example_external_task_marker_dag.py
[2022-06-16 14:48:33,907] {logging_mixin.py:109} INFO - [2022-06-16 14:48:33,906] {dag.py:2398} INFO - Sync 2 DAGs
[2022-06-16 14:48:34,113] {logging_mixin.py:109} INFO - [2022-06-16 14:48:34,112] {dag.py:2937} INFO - Setting next_dagrun for example_external_task_marker_child to None
[2022-06-16 14:48:34,115] {logging_mixin.py:109} INFO - [2022-06-16 14:48:34,114] {dag.py:2937} INFO - Setting next_dagrun for example_external_task_marker_parent to None
[2022-06-16 14:48:34,378] {processor.py:171} INFO - Processing /home/saba/.local/lib/python3.6/site-packages/airflow/example_dags/example_external_task_marker_dag.py took 0.876 seconds
[2022-06-16 14:50:10,315] {processor.py:163} INFO - Started process (PID=2624) to work on /home/saba/.local/lib/python3.6/site-packages/airflow/example_dags/example_external_task_marker_dag.py
[2022-06-16 14:50:10,318] {processor.py:642} INFO - Processing file /home/saba/.local/lib/python3.6/site-packages/airflow/example_dags/example_external_task_marker_dag.py for tasks to queue
[2022-06-16 14:50:10,319] {logging_mixin.py:109} INFO - [2022-06-16 14:50:10,319] {dagbag.py:500} INFO - Filling up the DagBag from /home/saba/.local/lib/python3.6/site-packages/airflow/example_dags/example_external_task_marker_dag.py
[2022-06-16 14:50:10,361] {processor.py:652} INFO - DAG(s) dict_keys(['example_external_task_marker_parent', 'example_external_task_marker_child']) retrieved from /home/saba/.local/lib/python3.6/site-packages/airflow/example_dags/example_external_task_marker_dag.py
[2022-06-16 14:50:10,415] {logging_mixin.py:109} INFO - [2022-06-16 14:50:10,415] {dag.py:2398} INFO - Sync 2 DAGs
[2022-06-16 14:50:10,465] {logging_mixin.py:109} INFO - [2022-06-16 14:50:10,465] {dag.py:2937} INFO - Setting next_dagrun for example_external_task_marker_child to None
[2022-06-16 14:50:10,466] {logging_mixin.py:109} INFO - [2022-06-16 14:50:10,465] {dag.py:2937} INFO - Setting next_dagrun for example_external_task_marker_parent to None
[2022-06-16 14:50:10,502] {processor.py:171} INFO - Processing /home/saba/.local/lib/python3.6/site-packages/airflow/example_dags/example_external_task_marker_dag.py took 0.192 seconds
[2022-06-16 14:51:33,864] {processor.py:163} INFO - Started process (PID=2717) to work on /home/saba/.local/lib/python3.6/site-packages/airflow/example_dags/example_external_task_marker_dag.py
[2022-06-16 14:51:33,866] {processor.py:642} INFO - Processing file /home/saba/.local/lib/python3.6/site-packages/airflow/example_dags/example_external_task_marker_dag.py for tasks to queue
[2022-06-16 14:51:33,867] {logging_mixin.py:109} INFO - [2022-06-16 14:51:33,867] {dagbag.py:500} INFO - Filling up the DagBag from /home/saba/.local/lib/python3.6/site-packages/airflow/example_dags/example_external_task_marker_dag.py
[2022-06-16 14:51:33,892] {processor.py:652} INFO - DAG(s) dict_keys(['example_external_task_marker_parent', 'example_external_task_marker_child']) retrieved from /home/saba/.local/lib/python3.6/site-packages/airflow/example_dags/example_external_task_marker_dag.py
[2022-06-16 14:51:33,918] {logging_mixin.py:109} INFO - [2022-06-16 14:51:33,918] {dag.py:2398} INFO - Sync 2 DAGs
[2022-06-16 14:51:33,949] {logging_mixin.py:109} INFO - [2022-06-16 14:51:33,949] {dag.py:2937} INFO - Setting next_dagrun for example_external_task_marker_child to None
[2022-06-16 14:51:33,949] {logging_mixin.py:109} INFO - [2022-06-16 14:51:33,949] {dag.py:2937} INFO - Setting next_dagrun for example_external_task_marker_parent to None
[2022-06-16 14:51:33,971] {processor.py:171} INFO - Processing /home/saba/.local/lib/python3.6/site-packages/airflow/example_dags/example_external_task_marker_dag.py took 0.111 seconds
[2022-06-16 14:52:54,886] {processor.py:163} INFO - Started process (PID=3245) to work on /home/saba/.local/lib/python3.6/site-packages/airflow/example_dags/example_external_task_marker_dag.py
[2022-06-16 14:52:54,891] {processor.py:642} INFO - Processing file /home/saba/.local/lib/python3.6/site-packages/airflow/example_dags/example_external_task_marker_dag.py for tasks to queue
[2022-06-16 14:52:54,894] {logging_mixin.py:109} INFO - [2022-06-16 14:52:54,894] {dagbag.py:500} INFO - Filling up the DagBag from /home/saba/.local/lib/python3.6/site-packages/airflow/example_dags/example_external_task_marker_dag.py
[2022-06-16 14:52:54,985] {processor.py:652} INFO - DAG(s) dict_keys(['example_external_task_marker_parent', 'example_external_task_marker_child']) retrieved from /home/saba/.local/lib/python3.6/site-packages/airflow/example_dags/example_external_task_marker_dag.py
[2022-06-16 14:52:55,045] {logging_mixin.py:109} INFO - [2022-06-16 14:52:55,045] {dag.py:2398} INFO - Sync 2 DAGs
[2022-06-16 14:52:55,106] {logging_mixin.py:109} INFO - [2022-06-16 14:52:55,106] {dag.py:2937} INFO - Setting next_dagrun for example_external_task_marker_child to None
[2022-06-16 14:52:55,108] {logging_mixin.py:109} INFO - [2022-06-16 14:52:55,107] {dag.py:2937} INFO - Setting next_dagrun for example_external_task_marker_parent to None
[2022-06-16 14:52:55,154] {processor.py:171} INFO - Processing /home/saba/.local/lib/python3.6/site-packages/airflow/example_dags/example_external_task_marker_dag.py took 0.281 seconds
[2022-06-16 14:54:10,158] {processor.py:163} INFO - Started process (PID=3331) to work on /home/saba/.local/lib/python3.6/site-packages/airflow/example_dags/example_external_task_marker_dag.py
[2022-06-16 14:54:10,160] {processor.py:642} INFO - Processing file /home/saba/.local/lib/python3.6/site-packages/airflow/example_dags/example_external_task_marker_dag.py for tasks to queue
[2022-06-16 14:54:10,161] {logging_mixin.py:109} INFO - [2022-06-16 14:54:10,161] {dagbag.py:500} INFO - Filling up the DagBag from /home/saba/.local/lib/python3.6/site-packages/airflow/example_dags/example_external_task_marker_dag.py
[2022-06-16 14:54:10,195] {processor.py:652} INFO - DAG(s) dict_keys(['example_external_task_marker_parent', 'example_external_task_marker_child']) retrieved from /home/saba/.local/lib/python3.6/site-packages/airflow/example_dags/example_external_task_marker_dag.py
[2022-06-16 14:54:10,228] {logging_mixin.py:109} INFO - [2022-06-16 14:54:10,227] {dag.py:2398} INFO - Sync 2 DAGs
[2022-06-16 14:54:10,263] {logging_mixin.py:109} INFO - [2022-06-16 14:54:10,263] {dag.py:2937} INFO - Setting next_dagrun for example_external_task_marker_child to None
[2022-06-16 14:54:10,263] {logging_mixin.py:109} INFO - [2022-06-16 14:54:10,263] {dag.py:2937} INFO - Setting next_dagrun for example_external_task_marker_parent to None
[2022-06-16 14:54:10,290] {processor.py:171} INFO - Processing /home/saba/.local/lib/python3.6/site-packages/airflow/example_dags/example_external_task_marker_dag.py took 0.138 seconds
[2022-06-16 14:55:29,214] {processor.py:163} INFO - Started process (PID=3958) to work on /home/saba/.local/lib/python3.6/site-packages/airflow/example_dags/example_external_task_marker_dag.py
[2022-06-16 14:55:29,217] {processor.py:642} INFO - Processing file /home/saba/.local/lib/python3.6/site-packages/airflow/example_dags/example_external_task_marker_dag.py for tasks to queue
[2022-06-16 14:55:29,218] {logging_mixin.py:109} INFO - [2022-06-16 14:55:29,218] {dagbag.py:500} INFO - Filling up the DagBag from /home/saba/.local/lib/python3.6/site-packages/airflow/example_dags/example_external_task_marker_dag.py
[2022-06-16 14:55:29,249] {processor.py:652} INFO - DAG(s) dict_keys(['example_external_task_marker_parent', 'example_external_task_marker_child']) retrieved from /home/saba/.local/lib/python3.6/site-packages/airflow/example_dags/example_external_task_marker_dag.py
[2022-06-16 14:55:29,276] {logging_mixin.py:109} INFO - [2022-06-16 14:55:29,276] {dag.py:2398} INFO - Sync 2 DAGs
[2022-06-16 14:55:29,307] {logging_mixin.py:109} INFO - [2022-06-16 14:55:29,307] {dag.py:2937} INFO - Setting next_dagrun for example_external_task_marker_child to None
[2022-06-16 14:55:29,308] {logging_mixin.py:109} INFO - [2022-06-16 14:55:29,308] {dag.py:2937} INFO - Setting next_dagrun for example_external_task_marker_parent to None
[2022-06-16 14:55:29,331] {processor.py:171} INFO - Processing /home/saba/.local/lib/python3.6/site-packages/airflow/example_dags/example_external_task_marker_dag.py took 0.122 seconds
[2022-06-16 14:57:09,935] {processor.py:163} INFO - Started process (PID=5913) to work on /home/saba/.local/lib/python3.6/site-packages/airflow/example_dags/example_external_task_marker_dag.py
[2022-06-16 14:57:09,939] {processor.py:642} INFO - Processing file /home/saba/.local/lib/python3.6/site-packages/airflow/example_dags/example_external_task_marker_dag.py for tasks to queue
[2022-06-16 14:57:09,942] {logging_mixin.py:109} INFO - [2022-06-16 14:57:09,941] {dagbag.py:500} INFO - Filling up the DagBag from /home/saba/.local/lib/python3.6/site-packages/airflow/example_dags/example_external_task_marker_dag.py
[2022-06-16 14:57:09,993] {processor.py:652} INFO - DAG(s) dict_keys(['example_external_task_marker_parent', 'example_external_task_marker_child']) retrieved from /home/saba/.local/lib/python3.6/site-packages/airflow/example_dags/example_external_task_marker_dag.py
[2022-06-16 14:57:10,049] {logging_mixin.py:109} INFO - [2022-06-16 14:57:10,048] {dag.py:2398} INFO - Sync 2 DAGs
[2022-06-16 14:57:10,112] {logging_mixin.py:109} INFO - [2022-06-16 14:57:10,111] {dag.py:2937} INFO - Setting next_dagrun for example_external_task_marker_child to None
[2022-06-16 14:57:10,113] {logging_mixin.py:109} INFO - [2022-06-16 14:57:10,112] {dag.py:2937} INFO - Setting next_dagrun for example_external_task_marker_parent to None
[2022-06-16 14:57:10,153] {processor.py:171} INFO - Processing /home/saba/.local/lib/python3.6/site-packages/airflow/example_dags/example_external_task_marker_dag.py took 0.229 seconds
