[2022-06-16 13:59:36,449] {processor.py:163} INFO - Started process (PID=622) to work on /home/saba/airflow_venv/airflow_venv/lib/python3.6/site-packages/airflow/example_dags/example_trigger_controller_dag.py
[2022-06-16 13:59:36,452] {processor.py:642} INFO - Processing file /home/saba/airflow_venv/airflow_venv/lib/python3.6/site-packages/airflow/example_dags/example_trigger_controller_dag.py for tasks to queue
[2022-06-16 13:59:36,454] {logging_mixin.py:109} INFO - [2022-06-16 13:59:36,453] {dagbag.py:500} INFO - Filling up the DagBag from /home/saba/airflow_venv/airflow_venv/lib/python3.6/site-packages/airflow/example_dags/example_trigger_controller_dag.py
[2022-06-16 13:59:36,494] {processor.py:652} INFO - DAG(s) dict_keys(['example_trigger_controller_dag']) retrieved from /home/saba/airflow_venv/airflow_venv/lib/python3.6/site-packages/airflow/example_dags/example_trigger_controller_dag.py
[2022-06-16 13:59:36,527] {logging_mixin.py:109} INFO - [2022-06-16 13:59:36,527] {dag.py:2398} INFO - Sync 1 DAGs
[2022-06-16 13:59:36,569] {logging_mixin.py:109} INFO - [2022-06-16 13:59:36,568] {dag.py:2937} INFO - Setting next_dagrun for example_trigger_controller_dag to 2021-01-01T00:00:00+00:00
[2022-06-16 13:59:36,600] {processor.py:171} INFO - Processing /home/saba/airflow_venv/airflow_venv/lib/python3.6/site-packages/airflow/example_dags/example_trigger_controller_dag.py took 0.158 seconds
[2022-06-16 14:00:24,343] {processor.py:163} INFO - Started process (PID=855) to work on /home/saba/airflow_venv/airflow_venv/lib/python3.6/site-packages/airflow/example_dags/example_trigger_controller_dag.py
[2022-06-16 14:00:24,346] {processor.py:642} INFO - Processing file /home/saba/airflow_venv/airflow_venv/lib/python3.6/site-packages/airflow/example_dags/example_trigger_controller_dag.py for tasks to queue
[2022-06-16 14:00:24,348] {logging_mixin.py:109} INFO - [2022-06-16 14:00:24,348] {dagbag.py:500} INFO - Filling up the DagBag from /home/saba/airflow_venv/airflow_venv/lib/python3.6/site-packages/airflow/example_dags/example_trigger_controller_dag.py
[2022-06-16 14:00:24,400] {processor.py:652} INFO - DAG(s) dict_keys(['example_trigger_controller_dag']) retrieved from /home/saba/airflow_venv/airflow_venv/lib/python3.6/site-packages/airflow/example_dags/example_trigger_controller_dag.py
[2022-06-16 14:00:24,455] {logging_mixin.py:109} INFO - [2022-06-16 14:00:24,455] {dag.py:2398} INFO - Sync 1 DAGs
[2022-06-16 14:00:24,525] {logging_mixin.py:109} INFO - [2022-06-16 14:00:24,525] {dag.py:2937} INFO - Setting next_dagrun for example_trigger_controller_dag to 2021-01-01T00:00:00+00:00
[2022-06-16 14:00:24,564] {processor.py:171} INFO - Processing /home/saba/airflow_venv/airflow_venv/lib/python3.6/site-packages/airflow/example_dags/example_trigger_controller_dag.py took 0.229 seconds
[2022-06-16 14:01:05,769] {processor.py:163} INFO - Started process (PID=1054) to work on /home/saba/airflow_venv/airflow_venv/lib/python3.6/site-packages/airflow/example_dags/example_trigger_controller_dag.py
[2022-06-16 14:01:05,781] {processor.py:642} INFO - Processing file /home/saba/airflow_venv/airflow_venv/lib/python3.6/site-packages/airflow/example_dags/example_trigger_controller_dag.py for tasks to queue
[2022-06-16 14:01:05,783] {logging_mixin.py:109} INFO - [2022-06-16 14:01:05,783] {dagbag.py:500} INFO - Filling up the DagBag from /home/saba/airflow_venv/airflow_venv/lib/python3.6/site-packages/airflow/example_dags/example_trigger_controller_dag.py
[2022-06-16 14:01:05,817] {processor.py:652} INFO - DAG(s) dict_keys(['example_trigger_controller_dag']) retrieved from /home/saba/airflow_venv/airflow_venv/lib/python3.6/site-packages/airflow/example_dags/example_trigger_controller_dag.py
[2022-06-16 14:01:05,860] {logging_mixin.py:109} INFO - [2022-06-16 14:01:05,860] {dag.py:2398} INFO - Sync 1 DAGs
[2022-06-16 14:01:05,899] {logging_mixin.py:109} INFO - [2022-06-16 14:01:05,898] {dag.py:2937} INFO - Setting next_dagrun for example_trigger_controller_dag to 2021-01-01T00:00:00+00:00
[2022-06-16 14:01:05,939] {processor.py:171} INFO - Processing /home/saba/airflow_venv/airflow_venv/lib/python3.6/site-packages/airflow/example_dags/example_trigger_controller_dag.py took 0.176 seconds
[2022-06-16 14:01:48,046] {processor.py:163} INFO - Started process (PID=1270) to work on /home/saba/airflow_venv/airflow_venv/lib/python3.6/site-packages/airflow/example_dags/example_trigger_controller_dag.py
[2022-06-16 14:01:48,058] {processor.py:642} INFO - Processing file /home/saba/airflow_venv/airflow_venv/lib/python3.6/site-packages/airflow/example_dags/example_trigger_controller_dag.py for tasks to queue
[2022-06-16 14:01:48,060] {logging_mixin.py:109} INFO - [2022-06-16 14:01:48,060] {dagbag.py:500} INFO - Filling up the DagBag from /home/saba/airflow_venv/airflow_venv/lib/python3.6/site-packages/airflow/example_dags/example_trigger_controller_dag.py
[2022-06-16 14:01:48,106] {processor.py:652} INFO - DAG(s) dict_keys(['example_trigger_controller_dag']) retrieved from /home/saba/airflow_venv/airflow_venv/lib/python3.6/site-packages/airflow/example_dags/example_trigger_controller_dag.py
[2022-06-16 14:01:48,156] {logging_mixin.py:109} INFO - [2022-06-16 14:01:48,155] {dag.py:2398} INFO - Sync 1 DAGs
[2022-06-16 14:01:48,206] {logging_mixin.py:109} INFO - [2022-06-16 14:01:48,206] {dag.py:2937} INFO - Setting next_dagrun for example_trigger_controller_dag to 2021-01-01T00:00:00+00:00
[2022-06-16 14:01:48,246] {processor.py:171} INFO - Processing /home/saba/airflow_venv/airflow_venv/lib/python3.6/site-packages/airflow/example_dags/example_trigger_controller_dag.py took 0.207 seconds
[2022-06-16 14:02:30,655] {processor.py:163} INFO - Started process (PID=1484) to work on /home/saba/airflow_venv/airflow_venv/lib/python3.6/site-packages/airflow/example_dags/example_trigger_controller_dag.py
[2022-06-16 14:02:30,658] {processor.py:642} INFO - Processing file /home/saba/airflow_venv/airflow_venv/lib/python3.6/site-packages/airflow/example_dags/example_trigger_controller_dag.py for tasks to queue
[2022-06-16 14:02:30,660] {logging_mixin.py:109} INFO - [2022-06-16 14:02:30,660] {dagbag.py:500} INFO - Filling up the DagBag from /home/saba/airflow_venv/airflow_venv/lib/python3.6/site-packages/airflow/example_dags/example_trigger_controller_dag.py
[2022-06-16 14:02:30,705] {processor.py:652} INFO - DAG(s) dict_keys(['example_trigger_controller_dag']) retrieved from /home/saba/airflow_venv/airflow_venv/lib/python3.6/site-packages/airflow/example_dags/example_trigger_controller_dag.py
[2022-06-16 14:02:30,735] {logging_mixin.py:109} INFO - [2022-06-16 14:02:30,735] {dag.py:2398} INFO - Sync 1 DAGs
[2022-06-16 14:02:30,780] {logging_mixin.py:109} INFO - [2022-06-16 14:02:30,780] {dag.py:2937} INFO - Setting next_dagrun for example_trigger_controller_dag to 2021-01-01T00:00:00+00:00
[2022-06-16 14:02:30,814] {processor.py:171} INFO - Processing /home/saba/airflow_venv/airflow_venv/lib/python3.6/site-packages/airflow/example_dags/example_trigger_controller_dag.py took 0.166 seconds
[2022-06-16 14:03:14,640] {processor.py:163} INFO - Started process (PID=1692) to work on /home/saba/airflow_venv/airflow_venv/lib/python3.6/site-packages/airflow/example_dags/example_trigger_controller_dag.py
[2022-06-16 14:03:14,645] {processor.py:642} INFO - Processing file /home/saba/airflow_venv/airflow_venv/lib/python3.6/site-packages/airflow/example_dags/example_trigger_controller_dag.py for tasks to queue
[2022-06-16 14:03:14,647] {logging_mixin.py:109} INFO - [2022-06-16 14:03:14,646] {dagbag.py:500} INFO - Filling up the DagBag from /home/saba/airflow_venv/airflow_venv/lib/python3.6/site-packages/airflow/example_dags/example_trigger_controller_dag.py
[2022-06-16 14:03:14,706] {processor.py:652} INFO - DAG(s) dict_keys(['example_trigger_controller_dag']) retrieved from /home/saba/airflow_venv/airflow_venv/lib/python3.6/site-packages/airflow/example_dags/example_trigger_controller_dag.py
[2022-06-16 14:03:14,750] {logging_mixin.py:109} INFO - [2022-06-16 14:03:14,750] {dag.py:2398} INFO - Sync 1 DAGs
[2022-06-16 14:03:14,806] {logging_mixin.py:109} INFO - [2022-06-16 14:03:14,806] {dag.py:2937} INFO - Setting next_dagrun for example_trigger_controller_dag to 2021-01-01T00:00:00+00:00
[2022-06-16 14:03:14,841] {processor.py:171} INFO - Processing /home/saba/airflow_venv/airflow_venv/lib/python3.6/site-packages/airflow/example_dags/example_trigger_controller_dag.py took 0.207 seconds
[2022-06-16 14:03:56,935] {processor.py:163} INFO - Started process (PID=1895) to work on /home/saba/airflow_venv/airflow_venv/lib/python3.6/site-packages/airflow/example_dags/example_trigger_controller_dag.py
[2022-06-16 14:03:56,939] {processor.py:642} INFO - Processing file /home/saba/airflow_venv/airflow_venv/lib/python3.6/site-packages/airflow/example_dags/example_trigger_controller_dag.py for tasks to queue
[2022-06-16 14:03:56,941] {logging_mixin.py:109} INFO - [2022-06-16 14:03:56,940] {dagbag.py:500} INFO - Filling up the DagBag from /home/saba/airflow_venv/airflow_venv/lib/python3.6/site-packages/airflow/example_dags/example_trigger_controller_dag.py
[2022-06-16 14:03:56,999] {processor.py:652} INFO - DAG(s) dict_keys(['example_trigger_controller_dag']) retrieved from /home/saba/airflow_venv/airflow_venv/lib/python3.6/site-packages/airflow/example_dags/example_trigger_controller_dag.py
[2022-06-16 14:03:57,046] {logging_mixin.py:109} INFO - [2022-06-16 14:03:57,046] {dag.py:2398} INFO - Sync 1 DAGs
[2022-06-16 14:03:57,098] {logging_mixin.py:109} INFO - [2022-06-16 14:03:57,098] {dag.py:2937} INFO - Setting next_dagrun for example_trigger_controller_dag to 2021-01-01T00:00:00+00:00
[2022-06-16 14:03:57,136] {processor.py:171} INFO - Processing /home/saba/airflow_venv/airflow_venv/lib/python3.6/site-packages/airflow/example_dags/example_trigger_controller_dag.py took 0.210 seconds
[2022-06-16 14:04:38,594] {processor.py:163} INFO - Started process (PID=2100) to work on /home/saba/airflow_venv/airflow_venv/lib/python3.6/site-packages/airflow/example_dags/example_trigger_controller_dag.py
[2022-06-16 14:04:38,599] {processor.py:642} INFO - Processing file /home/saba/airflow_venv/airflow_venv/lib/python3.6/site-packages/airflow/example_dags/example_trigger_controller_dag.py for tasks to queue
[2022-06-16 14:04:38,601] {logging_mixin.py:109} INFO - [2022-06-16 14:04:38,600] {dagbag.py:500} INFO - Filling up the DagBag from /home/saba/airflow_venv/airflow_venv/lib/python3.6/site-packages/airflow/example_dags/example_trigger_controller_dag.py
[2022-06-16 14:04:38,636] {processor.py:652} INFO - DAG(s) dict_keys(['example_trigger_controller_dag']) retrieved from /home/saba/airflow_venv/airflow_venv/lib/python3.6/site-packages/airflow/example_dags/example_trigger_controller_dag.py
[2022-06-16 14:04:38,666] {logging_mixin.py:109} INFO - [2022-06-16 14:04:38,666] {dag.py:2398} INFO - Sync 1 DAGs
[2022-06-16 14:04:38,703] {logging_mixin.py:109} INFO - [2022-06-16 14:04:38,702] {dag.py:2937} INFO - Setting next_dagrun for example_trigger_controller_dag to 2021-01-01T00:00:00+00:00
[2022-06-16 14:04:38,728] {processor.py:171} INFO - Processing /home/saba/airflow_venv/airflow_venv/lib/python3.6/site-packages/airflow/example_dags/example_trigger_controller_dag.py took 0.140 seconds
[2022-06-16 14:05:16,765] {processor.py:163} INFO - Started process (PID=2334) to work on /home/saba/airflow_venv/airflow_venv/lib/python3.6/site-packages/airflow/example_dags/example_trigger_controller_dag.py
[2022-06-16 14:05:16,768] {processor.py:642} INFO - Processing file /home/saba/airflow_venv/airflow_venv/lib/python3.6/site-packages/airflow/example_dags/example_trigger_controller_dag.py for tasks to queue
[2022-06-16 14:05:16,770] {logging_mixin.py:109} INFO - [2022-06-16 14:05:16,769] {dagbag.py:500} INFO - Filling up the DagBag from /home/saba/airflow_venv/airflow_venv/lib/python3.6/site-packages/airflow/example_dags/example_trigger_controller_dag.py
[2022-06-16 14:05:16,802] {processor.py:652} INFO - DAG(s) dict_keys(['example_trigger_controller_dag']) retrieved from /home/saba/airflow_venv/airflow_venv/lib/python3.6/site-packages/airflow/example_dags/example_trigger_controller_dag.py
[2022-06-16 14:05:16,833] {logging_mixin.py:109} INFO - [2022-06-16 14:05:16,832] {dag.py:2398} INFO - Sync 1 DAGs
[2022-06-16 14:05:16,868] {logging_mixin.py:109} INFO - [2022-06-16 14:05:16,868] {dag.py:2937} INFO - Setting next_dagrun for example_trigger_controller_dag to 2021-01-01T00:00:00+00:00
[2022-06-16 14:05:16,893] {processor.py:171} INFO - Processing /home/saba/airflow_venv/airflow_venv/lib/python3.6/site-packages/airflow/example_dags/example_trigger_controller_dag.py took 0.134 seconds
[2022-06-16 14:06:02,140] {processor.py:163} INFO - Started process (PID=2537) to work on /home/saba/airflow_venv/airflow_venv/lib/python3.6/site-packages/airflow/example_dags/example_trigger_controller_dag.py
[2022-06-16 14:06:02,143] {processor.py:642} INFO - Processing file /home/saba/airflow_venv/airflow_venv/lib/python3.6/site-packages/airflow/example_dags/example_trigger_controller_dag.py for tasks to queue
[2022-06-16 14:06:02,145] {logging_mixin.py:109} INFO - [2022-06-16 14:06:02,144] {dagbag.py:500} INFO - Filling up the DagBag from /home/saba/airflow_venv/airflow_venv/lib/python3.6/site-packages/airflow/example_dags/example_trigger_controller_dag.py
[2022-06-16 14:06:02,184] {processor.py:652} INFO - DAG(s) dict_keys(['example_trigger_controller_dag']) retrieved from /home/saba/airflow_venv/airflow_venv/lib/python3.6/site-packages/airflow/example_dags/example_trigger_controller_dag.py
[2022-06-16 14:06:02,225] {logging_mixin.py:109} INFO - [2022-06-16 14:06:02,225] {dag.py:2398} INFO - Sync 1 DAGs
[2022-06-16 14:06:02,273] {logging_mixin.py:109} INFO - [2022-06-16 14:06:02,273] {dag.py:2937} INFO - Setting next_dagrun for example_trigger_controller_dag to 2021-01-01T00:00:00+00:00
[2022-06-16 14:06:02,307] {processor.py:171} INFO - Processing /home/saba/airflow_venv/airflow_venv/lib/python3.6/site-packages/airflow/example_dags/example_trigger_controller_dag.py took 0.173 seconds
[2022-06-16 14:06:43,367] {processor.py:163} INFO - Started process (PID=2778) to work on /home/saba/airflow_venv/airflow_venv/lib/python3.6/site-packages/airflow/example_dags/example_trigger_controller_dag.py
[2022-06-16 14:06:43,378] {processor.py:642} INFO - Processing file /home/saba/airflow_venv/airflow_venv/lib/python3.6/site-packages/airflow/example_dags/example_trigger_controller_dag.py for tasks to queue
[2022-06-16 14:06:43,379] {logging_mixin.py:109} INFO - [2022-06-16 14:06:43,378] {dagbag.py:500} INFO - Filling up the DagBag from /home/saba/airflow_venv/airflow_venv/lib/python3.6/site-packages/airflow/example_dags/example_trigger_controller_dag.py
[2022-06-16 14:06:43,407] {processor.py:652} INFO - DAG(s) dict_keys(['example_trigger_controller_dag']) retrieved from /home/saba/airflow_venv/airflow_venv/lib/python3.6/site-packages/airflow/example_dags/example_trigger_controller_dag.py
[2022-06-16 14:06:43,433] {logging_mixin.py:109} INFO - [2022-06-16 14:06:43,433] {dag.py:2398} INFO - Sync 1 DAGs
[2022-06-16 14:06:43,476] {logging_mixin.py:109} INFO - [2022-06-16 14:06:43,475] {dag.py:2937} INFO - Setting next_dagrun for example_trigger_controller_dag to 2021-01-01T00:00:00+00:00
[2022-06-16 14:06:43,511] {processor.py:171} INFO - Processing /home/saba/airflow_venv/airflow_venv/lib/python3.6/site-packages/airflow/example_dags/example_trigger_controller_dag.py took 0.150 seconds
[2022-06-16 14:07:23,760] {processor.py:163} INFO - Started process (PID=3016) to work on /home/saba/airflow_venv/airflow_venv/lib/python3.6/site-packages/airflow/example_dags/example_trigger_controller_dag.py
[2022-06-16 14:07:23,763] {processor.py:642} INFO - Processing file /home/saba/airflow_venv/airflow_venv/lib/python3.6/site-packages/airflow/example_dags/example_trigger_controller_dag.py for tasks to queue
[2022-06-16 14:07:23,764] {logging_mixin.py:109} INFO - [2022-06-16 14:07:23,764] {dagbag.py:500} INFO - Filling up the DagBag from /home/saba/airflow_venv/airflow_venv/lib/python3.6/site-packages/airflow/example_dags/example_trigger_controller_dag.py
[2022-06-16 14:07:23,801] {processor.py:652} INFO - DAG(s) dict_keys(['example_trigger_controller_dag']) retrieved from /home/saba/airflow_venv/airflow_venv/lib/python3.6/site-packages/airflow/example_dags/example_trigger_controller_dag.py
[2022-06-16 14:07:23,839] {logging_mixin.py:109} INFO - [2022-06-16 14:07:23,839] {dag.py:2398} INFO - Sync 1 DAGs
[2022-06-16 14:07:23,878] {logging_mixin.py:109} INFO - [2022-06-16 14:07:23,877] {dag.py:2937} INFO - Setting next_dagrun for example_trigger_controller_dag to 2021-01-01T00:00:00+00:00
[2022-06-16 14:07:23,905] {processor.py:171} INFO - Processing /home/saba/airflow_venv/airflow_venv/lib/python3.6/site-packages/airflow/example_dags/example_trigger_controller_dag.py took 0.151 seconds
[2022-06-16 14:08:05,205] {processor.py:163} INFO - Started process (PID=3265) to work on /home/saba/airflow_venv/airflow_venv/lib/python3.6/site-packages/airflow/example_dags/example_trigger_controller_dag.py
[2022-06-16 14:08:05,210] {processor.py:642} INFO - Processing file /home/saba/airflow_venv/airflow_venv/lib/python3.6/site-packages/airflow/example_dags/example_trigger_controller_dag.py for tasks to queue
[2022-06-16 14:08:05,212] {logging_mixin.py:109} INFO - [2022-06-16 14:08:05,211] {dagbag.py:500} INFO - Filling up the DagBag from /home/saba/airflow_venv/airflow_venv/lib/python3.6/site-packages/airflow/example_dags/example_trigger_controller_dag.py
[2022-06-16 14:08:05,249] {processor.py:652} INFO - DAG(s) dict_keys(['example_trigger_controller_dag']) retrieved from /home/saba/airflow_venv/airflow_venv/lib/python3.6/site-packages/airflow/example_dags/example_trigger_controller_dag.py
[2022-06-16 14:08:05,282] {logging_mixin.py:109} INFO - [2022-06-16 14:08:05,281] {dag.py:2398} INFO - Sync 1 DAGs
[2022-06-16 14:08:05,321] {logging_mixin.py:109} INFO - [2022-06-16 14:08:05,321] {dag.py:2937} INFO - Setting next_dagrun for example_trigger_controller_dag to 2021-01-01T00:00:00+00:00
[2022-06-16 14:08:05,349] {processor.py:171} INFO - Processing /home/saba/airflow_venv/airflow_venv/lib/python3.6/site-packages/airflow/example_dags/example_trigger_controller_dag.py took 0.151 seconds
[2022-06-16 14:08:46,282] {processor.py:163} INFO - Started process (PID=3499) to work on /home/saba/airflow_venv/airflow_venv/lib/python3.6/site-packages/airflow/example_dags/example_trigger_controller_dag.py
[2022-06-16 14:08:46,284] {processor.py:642} INFO - Processing file /home/saba/airflow_venv/airflow_venv/lib/python3.6/site-packages/airflow/example_dags/example_trigger_controller_dag.py for tasks to queue
[2022-06-16 14:08:46,286] {logging_mixin.py:109} INFO - [2022-06-16 14:08:46,286] {dagbag.py:500} INFO - Filling up the DagBag from /home/saba/airflow_venv/airflow_venv/lib/python3.6/site-packages/airflow/example_dags/example_trigger_controller_dag.py
[2022-06-16 14:08:46,317] {processor.py:652} INFO - DAG(s) dict_keys(['example_trigger_controller_dag']) retrieved from /home/saba/airflow_venv/airflow_venv/lib/python3.6/site-packages/airflow/example_dags/example_trigger_controller_dag.py
[2022-06-16 14:08:46,345] {logging_mixin.py:109} INFO - [2022-06-16 14:08:46,345] {dag.py:2398} INFO - Sync 1 DAGs
[2022-06-16 14:08:46,378] {logging_mixin.py:109} INFO - [2022-06-16 14:08:46,378] {dag.py:2937} INFO - Setting next_dagrun for example_trigger_controller_dag to 2021-01-01T00:00:00+00:00
[2022-06-16 14:08:46,404] {processor.py:171} INFO - Processing /home/saba/airflow_venv/airflow_venv/lib/python3.6/site-packages/airflow/example_dags/example_trigger_controller_dag.py took 0.128 seconds
[2022-06-16 14:09:26,349] {processor.py:163} INFO - Started process (PID=3732) to work on /home/saba/airflow_venv/airflow_venv/lib/python3.6/site-packages/airflow/example_dags/example_trigger_controller_dag.py
[2022-06-16 14:09:26,352] {processor.py:642} INFO - Processing file /home/saba/airflow_venv/airflow_venv/lib/python3.6/site-packages/airflow/example_dags/example_trigger_controller_dag.py for tasks to queue
[2022-06-16 14:09:26,353] {logging_mixin.py:109} INFO - [2022-06-16 14:09:26,353] {dagbag.py:500} INFO - Filling up the DagBag from /home/saba/airflow_venv/airflow_venv/lib/python3.6/site-packages/airflow/example_dags/example_trigger_controller_dag.py
[2022-06-16 14:09:26,392] {processor.py:652} INFO - DAG(s) dict_keys(['example_trigger_controller_dag']) retrieved from /home/saba/airflow_venv/airflow_venv/lib/python3.6/site-packages/airflow/example_dags/example_trigger_controller_dag.py
[2022-06-16 14:09:26,428] {logging_mixin.py:109} INFO - [2022-06-16 14:09:26,427] {dag.py:2398} INFO - Sync 1 DAGs
[2022-06-16 14:09:26,469] {logging_mixin.py:109} INFO - [2022-06-16 14:09:26,468] {dag.py:2937} INFO - Setting next_dagrun for example_trigger_controller_dag to 2021-01-01T00:00:00+00:00
[2022-06-16 14:09:26,496] {processor.py:171} INFO - Processing /home/saba/airflow_venv/airflow_venv/lib/python3.6/site-packages/airflow/example_dags/example_trigger_controller_dag.py took 0.154 seconds
[2022-06-16 14:10:07,836] {processor.py:163} INFO - Started process (PID=3976) to work on /home/saba/airflow_venv/airflow_venv/lib/python3.6/site-packages/airflow/example_dags/example_trigger_controller_dag.py
[2022-06-16 14:10:07,839] {processor.py:642} INFO - Processing file /home/saba/airflow_venv/airflow_venv/lib/python3.6/site-packages/airflow/example_dags/example_trigger_controller_dag.py for tasks to queue
[2022-06-16 14:10:07,841] {logging_mixin.py:109} INFO - [2022-06-16 14:10:07,841] {dagbag.py:500} INFO - Filling up the DagBag from /home/saba/airflow_venv/airflow_venv/lib/python3.6/site-packages/airflow/example_dags/example_trigger_controller_dag.py
[2022-06-16 14:10:07,876] {processor.py:652} INFO - DAG(s) dict_keys(['example_trigger_controller_dag']) retrieved from /home/saba/airflow_venv/airflow_venv/lib/python3.6/site-packages/airflow/example_dags/example_trigger_controller_dag.py
[2022-06-16 14:10:07,907] {logging_mixin.py:109} INFO - [2022-06-16 14:10:07,907] {dag.py:2398} INFO - Sync 1 DAGs
[2022-06-16 14:10:07,957] {logging_mixin.py:109} INFO - [2022-06-16 14:10:07,956] {dag.py:2937} INFO - Setting next_dagrun for example_trigger_controller_dag to 2021-01-01T00:00:00+00:00
[2022-06-16 14:10:07,990] {processor.py:171} INFO - Processing /home/saba/airflow_venv/airflow_venv/lib/python3.6/site-packages/airflow/example_dags/example_trigger_controller_dag.py took 0.160 seconds
[2022-06-16 14:10:48,900] {processor.py:163} INFO - Started process (PID=4238) to work on /home/saba/airflow_venv/airflow_venv/lib/python3.6/site-packages/airflow/example_dags/example_trigger_controller_dag.py
[2022-06-16 14:10:48,904] {processor.py:642} INFO - Processing file /home/saba/airflow_venv/airflow_venv/lib/python3.6/site-packages/airflow/example_dags/example_trigger_controller_dag.py for tasks to queue
[2022-06-16 14:10:48,906] {logging_mixin.py:109} INFO - [2022-06-16 14:10:48,906] {dagbag.py:500} INFO - Filling up the DagBag from /home/saba/airflow_venv/airflow_venv/lib/python3.6/site-packages/airflow/example_dags/example_trigger_controller_dag.py
[2022-06-16 14:10:48,944] {processor.py:652} INFO - DAG(s) dict_keys(['example_trigger_controller_dag']) retrieved from /home/saba/airflow_venv/airflow_venv/lib/python3.6/site-packages/airflow/example_dags/example_trigger_controller_dag.py
[2022-06-16 14:10:48,979] {logging_mixin.py:109} INFO - [2022-06-16 14:10:48,978] {dag.py:2398} INFO - Sync 1 DAGs
[2022-06-16 14:10:49,019] {logging_mixin.py:109} INFO - [2022-06-16 14:10:49,019] {dag.py:2937} INFO - Setting next_dagrun for example_trigger_controller_dag to 2021-01-01T00:00:00+00:00
[2022-06-16 14:10:49,047] {processor.py:171} INFO - Processing /home/saba/airflow_venv/airflow_venv/lib/python3.6/site-packages/airflow/example_dags/example_trigger_controller_dag.py took 0.152 seconds
[2022-06-16 14:11:28,342] {processor.py:163} INFO - Started process (PID=4463) to work on /home/saba/airflow_venv/airflow_venv/lib/python3.6/site-packages/airflow/example_dags/example_trigger_controller_dag.py
[2022-06-16 14:11:28,353] {processor.py:642} INFO - Processing file /home/saba/airflow_venv/airflow_venv/lib/python3.6/site-packages/airflow/example_dags/example_trigger_controller_dag.py for tasks to queue
[2022-06-16 14:11:28,354] {logging_mixin.py:109} INFO - [2022-06-16 14:11:28,354] {dagbag.py:500} INFO - Filling up the DagBag from /home/saba/airflow_venv/airflow_venv/lib/python3.6/site-packages/airflow/example_dags/example_trigger_controller_dag.py
[2022-06-16 14:11:28,388] {processor.py:652} INFO - DAG(s) dict_keys(['example_trigger_controller_dag']) retrieved from /home/saba/airflow_venv/airflow_venv/lib/python3.6/site-packages/airflow/example_dags/example_trigger_controller_dag.py
[2022-06-16 14:11:28,424] {logging_mixin.py:109} INFO - [2022-06-16 14:11:28,424] {dag.py:2398} INFO - Sync 1 DAGs
[2022-06-16 14:11:28,467] {logging_mixin.py:109} INFO - [2022-06-16 14:11:28,467] {dag.py:2937} INFO - Setting next_dagrun for example_trigger_controller_dag to 2021-01-01T00:00:00+00:00
[2022-06-16 14:11:28,503] {processor.py:171} INFO - Processing /home/saba/airflow_venv/airflow_venv/lib/python3.6/site-packages/airflow/example_dags/example_trigger_controller_dag.py took 0.167 seconds
[2022-06-16 14:12:19,423] {processor.py:163} INFO - Started process (PID=4654) to work on /home/saba/airflow_venv/airflow_venv/lib/python3.6/site-packages/airflow/example_dags/example_trigger_controller_dag.py
[2022-06-16 14:12:19,427] {processor.py:642} INFO - Processing file /home/saba/airflow_venv/airflow_venv/lib/python3.6/site-packages/airflow/example_dags/example_trigger_controller_dag.py for tasks to queue
[2022-06-16 14:12:19,429] {logging_mixin.py:109} INFO - [2022-06-16 14:12:19,428] {dagbag.py:500} INFO - Filling up the DagBag from /home/saba/airflow_venv/airflow_venv/lib/python3.6/site-packages/airflow/example_dags/example_trigger_controller_dag.py
[2022-06-16 14:12:19,480] {processor.py:652} INFO - DAG(s) dict_keys(['example_trigger_controller_dag']) retrieved from /home/saba/airflow_venv/airflow_venv/lib/python3.6/site-packages/airflow/example_dags/example_trigger_controller_dag.py
[2022-06-16 14:12:19,530] {logging_mixin.py:109} INFO - [2022-06-16 14:12:19,529] {dag.py:2398} INFO - Sync 1 DAGs
[2022-06-16 14:12:19,591] {logging_mixin.py:109} INFO - [2022-06-16 14:12:19,591] {dag.py:2937} INFO - Setting next_dagrun for example_trigger_controller_dag to 2021-01-01T00:00:00+00:00
[2022-06-16 14:12:19,626] {processor.py:171} INFO - Processing /home/saba/airflow_venv/airflow_venv/lib/python3.6/site-packages/airflow/example_dags/example_trigger_controller_dag.py took 0.215 seconds
[2022-06-16 14:13:07,606] {processor.py:163} INFO - Started process (PID=4879) to work on /home/saba/airflow_venv/airflow_venv/lib/python3.6/site-packages/airflow/example_dags/example_trigger_controller_dag.py
[2022-06-16 14:13:07,610] {processor.py:642} INFO - Processing file /home/saba/airflow_venv/airflow_venv/lib/python3.6/site-packages/airflow/example_dags/example_trigger_controller_dag.py for tasks to queue
[2022-06-16 14:13:07,612] {logging_mixin.py:109} INFO - [2022-06-16 14:13:07,612] {dagbag.py:500} INFO - Filling up the DagBag from /home/saba/airflow_venv/airflow_venv/lib/python3.6/site-packages/airflow/example_dags/example_trigger_controller_dag.py
[2022-06-16 14:13:07,671] {processor.py:652} INFO - DAG(s) dict_keys(['example_trigger_controller_dag']) retrieved from /home/saba/airflow_venv/airflow_venv/lib/python3.6/site-packages/airflow/example_dags/example_trigger_controller_dag.py
[2022-06-16 14:13:07,740] {logging_mixin.py:109} INFO - [2022-06-16 14:13:07,739] {dag.py:2398} INFO - Sync 1 DAGs
[2022-06-16 14:13:07,817] {logging_mixin.py:109} INFO - [2022-06-16 14:13:07,816] {dag.py:2937} INFO - Setting next_dagrun for example_trigger_controller_dag to 2021-01-01T00:00:00+00:00
[2022-06-16 14:13:07,864] {processor.py:171} INFO - Processing /home/saba/airflow_venv/airflow_venv/lib/python3.6/site-packages/airflow/example_dags/example_trigger_controller_dag.py took 0.270 seconds
[2022-06-16 14:13:58,213] {processor.py:163} INFO - Started process (PID=5062) to work on /home/saba/airflow_venv/airflow_venv/lib/python3.6/site-packages/airflow/example_dags/example_trigger_controller_dag.py
[2022-06-16 14:13:58,224] {processor.py:642} INFO - Processing file /home/saba/airflow_venv/airflow_venv/lib/python3.6/site-packages/airflow/example_dags/example_trigger_controller_dag.py for tasks to queue
[2022-06-16 14:13:58,230] {logging_mixin.py:109} INFO - [2022-06-16 14:13:58,229] {dagbag.py:500} INFO - Filling up the DagBag from /home/saba/airflow_venv/airflow_venv/lib/python3.6/site-packages/airflow/example_dags/example_trigger_controller_dag.py
[2022-06-16 14:13:58,326] {processor.py:652} INFO - DAG(s) dict_keys(['example_trigger_controller_dag']) retrieved from /home/saba/airflow_venv/airflow_venv/lib/python3.6/site-packages/airflow/example_dags/example_trigger_controller_dag.py
[2022-06-16 14:13:58,410] {logging_mixin.py:109} INFO - [2022-06-16 14:13:58,408] {dag.py:2398} INFO - Sync 1 DAGs
[2022-06-16 14:13:58,532] {logging_mixin.py:109} INFO - [2022-06-16 14:13:58,531] {dag.py:2937} INFO - Setting next_dagrun for example_trigger_controller_dag to 2021-01-01T00:00:00+00:00
[2022-06-16 14:13:58,574] {processor.py:171} INFO - Processing /home/saba/airflow_venv/airflow_venv/lib/python3.6/site-packages/airflow/example_dags/example_trigger_controller_dag.py took 0.372 seconds
[2022-06-16 14:14:59,338] {processor.py:163} INFO - Started process (PID=5243) to work on /home/saba/airflow_venv/airflow_venv/lib/python3.6/site-packages/airflow/example_dags/example_trigger_controller_dag.py
[2022-06-16 14:14:59,354] {processor.py:642} INFO - Processing file /home/saba/airflow_venv/airflow_venv/lib/python3.6/site-packages/airflow/example_dags/example_trigger_controller_dag.py for tasks to queue
[2022-06-16 14:14:59,357] {logging_mixin.py:109} INFO - [2022-06-16 14:14:59,357] {dagbag.py:500} INFO - Filling up the DagBag from /home/saba/airflow_venv/airflow_venv/lib/python3.6/site-packages/airflow/example_dags/example_trigger_controller_dag.py
[2022-06-16 14:14:59,584] {processor.py:652} INFO - DAG(s) dict_keys(['example_trigger_controller_dag']) retrieved from /home/saba/airflow_venv/airflow_venv/lib/python3.6/site-packages/airflow/example_dags/example_trigger_controller_dag.py
[2022-06-16 14:14:59,759] {logging_mixin.py:109} INFO - [2022-06-16 14:14:59,759] {dag.py:2398} INFO - Sync 1 DAGs
[2022-06-16 14:15:00,019] {logging_mixin.py:109} INFO - [2022-06-16 14:15:00,018] {dag.py:2937} INFO - Setting next_dagrun for example_trigger_controller_dag to 2021-01-01T00:00:00+00:00
[2022-06-16 14:15:00,301] {processor.py:171} INFO - Processing /home/saba/airflow_venv/airflow_venv/lib/python3.6/site-packages/airflow/example_dags/example_trigger_controller_dag.py took 1.024 seconds
[2022-06-16 14:16:25,184] {processor.py:163} INFO - Started process (PID=7462) to work on /home/saba/airflow_venv/airflow_venv/lib/python3.6/site-packages/airflow/example_dags/example_trigger_controller_dag.py
[2022-06-16 14:16:25,196] {processor.py:642} INFO - Processing file /home/saba/airflow_venv/airflow_venv/lib/python3.6/site-packages/airflow/example_dags/example_trigger_controller_dag.py for tasks to queue
[2022-06-16 14:16:25,213] {logging_mixin.py:109} INFO - [2022-06-16 14:16:25,212] {dagbag.py:500} INFO - Filling up the DagBag from /home/saba/airflow_venv/airflow_venv/lib/python3.6/site-packages/airflow/example_dags/example_trigger_controller_dag.py
[2022-06-16 14:16:25,415] {processor.py:652} INFO - DAG(s) dict_keys(['example_trigger_controller_dag']) retrieved from /home/saba/airflow_venv/airflow_venv/lib/python3.6/site-packages/airflow/example_dags/example_trigger_controller_dag.py
[2022-06-16 14:16:25,558] {logging_mixin.py:109} INFO - [2022-06-16 14:16:25,557] {dag.py:2398} INFO - Sync 1 DAGs
[2022-06-16 14:16:26,294] {logging_mixin.py:109} INFO - [2022-06-16 14:16:26,293] {dag.py:2937} INFO - Setting next_dagrun for example_trigger_controller_dag to 2021-01-01T00:00:00+00:00
[2022-06-16 14:16:26,405] {processor.py:171} INFO - Processing /home/saba/airflow_venv/airflow_venv/lib/python3.6/site-packages/airflow/example_dags/example_trigger_controller_dag.py took 1.249 seconds
[2022-06-16 14:17:39,852] {processor.py:163} INFO - Started process (PID=7946) to work on /home/saba/airflow_venv/airflow_venv/lib/python3.6/site-packages/airflow/example_dags/example_trigger_controller_dag.py
[2022-06-16 14:17:39,858] {processor.py:642} INFO - Processing file /home/saba/airflow_venv/airflow_venv/lib/python3.6/site-packages/airflow/example_dags/example_trigger_controller_dag.py for tasks to queue
[2022-06-16 14:17:39,861] {logging_mixin.py:109} INFO - [2022-06-16 14:17:39,860] {dagbag.py:500} INFO - Filling up the DagBag from /home/saba/airflow_venv/airflow_venv/lib/python3.6/site-packages/airflow/example_dags/example_trigger_controller_dag.py
[2022-06-16 14:17:39,940] {processor.py:652} INFO - DAG(s) dict_keys(['example_trigger_controller_dag']) retrieved from /home/saba/airflow_venv/airflow_venv/lib/python3.6/site-packages/airflow/example_dags/example_trigger_controller_dag.py
[2022-06-16 14:17:40,007] {logging_mixin.py:109} INFO - [2022-06-16 14:17:40,007] {dag.py:2398} INFO - Sync 1 DAGs
[2022-06-16 14:17:40,319] {logging_mixin.py:109} INFO - [2022-06-16 14:17:40,318] {dag.py:2937} INFO - Setting next_dagrun for example_trigger_controller_dag to 2021-01-01T00:00:00+00:00
[2022-06-16 14:17:40,357] {processor.py:171} INFO - Processing /home/saba/airflow_venv/airflow_venv/lib/python3.6/site-packages/airflow/example_dags/example_trigger_controller_dag.py took 0.517 seconds
[2022-06-16 14:18:43,678] {processor.py:163} INFO - Started process (PID=8112) to work on /home/saba/airflow_venv/airflow_venv/lib/python3.6/site-packages/airflow/example_dags/example_trigger_controller_dag.py
[2022-06-16 14:18:43,691] {processor.py:642} INFO - Processing file /home/saba/airflow_venv/airflow_venv/lib/python3.6/site-packages/airflow/example_dags/example_trigger_controller_dag.py for tasks to queue
[2022-06-16 14:18:43,694] {logging_mixin.py:109} INFO - [2022-06-16 14:18:43,694] {dagbag.py:500} INFO - Filling up the DagBag from /home/saba/airflow_venv/airflow_venv/lib/python3.6/site-packages/airflow/example_dags/example_trigger_controller_dag.py
[2022-06-16 14:18:43,863] {processor.py:652} INFO - DAG(s) dict_keys(['example_trigger_controller_dag']) retrieved from /home/saba/airflow_venv/airflow_venv/lib/python3.6/site-packages/airflow/example_dags/example_trigger_controller_dag.py
[2022-06-16 14:18:44,245] {logging_mixin.py:109} INFO - [2022-06-16 14:18:44,244] {dag.py:2398} INFO - Sync 1 DAGs
[2022-06-16 14:18:44,317] {logging_mixin.py:109} INFO - [2022-06-16 14:18:44,316] {dag.py:2937} INFO - Setting next_dagrun for example_trigger_controller_dag to 2021-01-01T00:00:00+00:00
[2022-06-16 14:18:44,371] {processor.py:171} INFO - Processing /home/saba/airflow_venv/airflow_venv/lib/python3.6/site-packages/airflow/example_dags/example_trigger_controller_dag.py took 0.712 seconds
[2022-06-16 14:19:41,728] {processor.py:163} INFO - Started process (PID=8581) to work on /home/saba/airflow_venv/airflow_venv/lib/python3.6/site-packages/airflow/example_dags/example_trigger_controller_dag.py
[2022-06-16 14:19:41,732] {processor.py:642} INFO - Processing file /home/saba/airflow_venv/airflow_venv/lib/python3.6/site-packages/airflow/example_dags/example_trigger_controller_dag.py for tasks to queue
[2022-06-16 14:19:41,735] {logging_mixin.py:109} INFO - [2022-06-16 14:19:41,734] {dagbag.py:500} INFO - Filling up the DagBag from /home/saba/airflow_venv/airflow_venv/lib/python3.6/site-packages/airflow/example_dags/example_trigger_controller_dag.py
[2022-06-16 14:19:41,969] {processor.py:652} INFO - DAG(s) dict_keys(['example_trigger_controller_dag']) retrieved from /home/saba/airflow_venv/airflow_venv/lib/python3.6/site-packages/airflow/example_dags/example_trigger_controller_dag.py
[2022-06-16 14:19:42,007] {logging_mixin.py:109} INFO - [2022-06-16 14:19:42,007] {dag.py:2398} INFO - Sync 1 DAGs
[2022-06-16 14:19:42,050] {logging_mixin.py:109} INFO - [2022-06-16 14:19:42,049] {dag.py:2937} INFO - Setting next_dagrun for example_trigger_controller_dag to 2021-01-01T00:00:00+00:00
[2022-06-16 14:19:42,087] {processor.py:171} INFO - Processing /home/saba/airflow_venv/airflow_venv/lib/python3.6/site-packages/airflow/example_dags/example_trigger_controller_dag.py took 0.368 seconds
[2022-06-16 14:21:02,890] {processor.py:163} INFO - Started process (PID=8913) to work on /home/saba/airflow_venv/airflow_venv/lib/python3.6/site-packages/airflow/example_dags/example_trigger_controller_dag.py
[2022-06-16 14:21:02,904] {processor.py:642} INFO - Processing file /home/saba/airflow_venv/airflow_venv/lib/python3.6/site-packages/airflow/example_dags/example_trigger_controller_dag.py for tasks to queue
[2022-06-16 14:21:02,906] {logging_mixin.py:109} INFO - [2022-06-16 14:21:02,906] {dagbag.py:500} INFO - Filling up the DagBag from /home/saba/airflow_venv/airflow_venv/lib/python3.6/site-packages/airflow/example_dags/example_trigger_controller_dag.py
[2022-06-16 14:21:03,361] {processor.py:652} INFO - DAG(s) dict_keys(['example_trigger_controller_dag']) retrieved from /home/saba/airflow_venv/airflow_venv/lib/python3.6/site-packages/airflow/example_dags/example_trigger_controller_dag.py
[2022-06-16 14:21:03,455] {logging_mixin.py:109} INFO - [2022-06-16 14:21:03,455] {dag.py:2398} INFO - Sync 1 DAGs
[2022-06-16 14:21:03,567] {logging_mixin.py:109} INFO - [2022-06-16 14:21:03,567] {dag.py:2937} INFO - Setting next_dagrun for example_trigger_controller_dag to 2021-01-01T00:00:00+00:00
[2022-06-16 14:21:03,641] {processor.py:171} INFO - Processing /home/saba/airflow_venv/airflow_venv/lib/python3.6/site-packages/airflow/example_dags/example_trigger_controller_dag.py took 0.772 seconds
[2022-06-16 14:22:11,866] {processor.py:163} INFO - Started process (PID=9086) to work on /home/saba/airflow_venv/airflow_venv/lib/python3.6/site-packages/airflow/example_dags/example_trigger_controller_dag.py
[2022-06-16 14:22:11,878] {processor.py:642} INFO - Processing file /home/saba/airflow_venv/airflow_venv/lib/python3.6/site-packages/airflow/example_dags/example_trigger_controller_dag.py for tasks to queue
[2022-06-16 14:22:11,881] {logging_mixin.py:109} INFO - [2022-06-16 14:22:11,880] {dagbag.py:500} INFO - Filling up the DagBag from /home/saba/airflow_venv/airflow_venv/lib/python3.6/site-packages/airflow/example_dags/example_trigger_controller_dag.py
[2022-06-16 14:22:11,975] {processor.py:652} INFO - DAG(s) dict_keys(['example_trigger_controller_dag']) retrieved from /home/saba/airflow_venv/airflow_venv/lib/python3.6/site-packages/airflow/example_dags/example_trigger_controller_dag.py
[2022-06-16 14:22:12,058] {logging_mixin.py:109} INFO - [2022-06-16 14:22:12,057] {dag.py:2398} INFO - Sync 1 DAGs
[2022-06-16 14:22:12,168] {logging_mixin.py:109} INFO - [2022-06-16 14:22:12,167] {dag.py:2937} INFO - Setting next_dagrun for example_trigger_controller_dag to 2021-01-01T00:00:00+00:00
[2022-06-16 14:22:12,243] {processor.py:171} INFO - Processing /home/saba/airflow_venv/airflow_venv/lib/python3.6/site-packages/airflow/example_dags/example_trigger_controller_dag.py took 0.388 seconds
[2022-06-16 14:23:10,073] {processor.py:163} INFO - Started process (PID=9508) to work on /home/saba/airflow_venv/airflow_venv/lib/python3.6/site-packages/airflow/example_dags/example_trigger_controller_dag.py
[2022-06-16 14:23:10,079] {processor.py:642} INFO - Processing file /home/saba/airflow_venv/airflow_venv/lib/python3.6/site-packages/airflow/example_dags/example_trigger_controller_dag.py for tasks to queue
[2022-06-16 14:23:10,085] {logging_mixin.py:109} INFO - [2022-06-16 14:23:10,083] {dagbag.py:500} INFO - Filling up the DagBag from /home/saba/airflow_venv/airflow_venv/lib/python3.6/site-packages/airflow/example_dags/example_trigger_controller_dag.py
[2022-06-16 14:23:10,168] {processor.py:652} INFO - DAG(s) dict_keys(['example_trigger_controller_dag']) retrieved from /home/saba/airflow_venv/airflow_venv/lib/python3.6/site-packages/airflow/example_dags/example_trigger_controller_dag.py
[2022-06-16 14:23:10,229] {logging_mixin.py:109} INFO - [2022-06-16 14:23:10,229] {dag.py:2398} INFO - Sync 1 DAGs
[2022-06-16 14:23:10,326] {logging_mixin.py:109} INFO - [2022-06-16 14:23:10,326] {dag.py:2937} INFO - Setting next_dagrun for example_trigger_controller_dag to 2021-01-01T00:00:00+00:00
[2022-06-16 14:23:10,398] {processor.py:171} INFO - Processing /home/saba/airflow_venv/airflow_venv/lib/python3.6/site-packages/airflow/example_dags/example_trigger_controller_dag.py took 0.341 seconds
[2022-06-16 14:24:04,260] {processor.py:163} INFO - Started process (PID=9672) to work on /home/saba/airflow_venv/airflow_venv/lib/python3.6/site-packages/airflow/example_dags/example_trigger_controller_dag.py
[2022-06-16 14:24:04,266] {processor.py:642} INFO - Processing file /home/saba/airflow_venv/airflow_venv/lib/python3.6/site-packages/airflow/example_dags/example_trigger_controller_dag.py for tasks to queue
[2022-06-16 14:24:04,269] {logging_mixin.py:109} INFO - [2022-06-16 14:24:04,268] {dagbag.py:500} INFO - Filling up the DagBag from /home/saba/airflow_venv/airflow_venv/lib/python3.6/site-packages/airflow/example_dags/example_trigger_controller_dag.py
[2022-06-16 14:24:04,344] {processor.py:652} INFO - DAG(s) dict_keys(['example_trigger_controller_dag']) retrieved from /home/saba/airflow_venv/airflow_venv/lib/python3.6/site-packages/airflow/example_dags/example_trigger_controller_dag.py
[2022-06-16 14:24:04,398] {logging_mixin.py:109} INFO - [2022-06-16 14:24:04,397] {dag.py:2398} INFO - Sync 1 DAGs
[2022-06-16 14:24:04,466] {logging_mixin.py:109} INFO - [2022-06-16 14:24:04,466] {dag.py:2937} INFO - Setting next_dagrun for example_trigger_controller_dag to 2021-01-01T00:00:00+00:00
[2022-06-16 14:24:04,523] {processor.py:171} INFO - Processing /home/saba/airflow_venv/airflow_venv/lib/python3.6/site-packages/airflow/example_dags/example_trigger_controller_dag.py took 0.274 seconds
[2022-06-16 14:25:00,930] {processor.py:163} INFO - Started process (PID=10049) to work on /home/saba/airflow_venv/airflow_venv/lib/python3.6/site-packages/airflow/example_dags/example_trigger_controller_dag.py
[2022-06-16 14:25:00,935] {processor.py:642} INFO - Processing file /home/saba/airflow_venv/airflow_venv/lib/python3.6/site-packages/airflow/example_dags/example_trigger_controller_dag.py for tasks to queue
[2022-06-16 14:25:00,941] {logging_mixin.py:109} INFO - [2022-06-16 14:25:00,940] {dagbag.py:500} INFO - Filling up the DagBag from /home/saba/airflow_venv/airflow_venv/lib/python3.6/site-packages/airflow/example_dags/example_trigger_controller_dag.py
[2022-06-16 14:25:01,010] {processor.py:652} INFO - DAG(s) dict_keys(['example_trigger_controller_dag']) retrieved from /home/saba/airflow_venv/airflow_venv/lib/python3.6/site-packages/airflow/example_dags/example_trigger_controller_dag.py
[2022-06-16 14:25:01,077] {logging_mixin.py:109} INFO - [2022-06-16 14:25:01,076] {dag.py:2398} INFO - Sync 1 DAGs
[2022-06-16 14:25:01,156] {logging_mixin.py:109} INFO - [2022-06-16 14:25:01,156] {dag.py:2937} INFO - Setting next_dagrun for example_trigger_controller_dag to 2021-01-01T00:00:00+00:00
[2022-06-16 14:25:01,206] {processor.py:171} INFO - Processing /home/saba/airflow_venv/airflow_venv/lib/python3.6/site-packages/airflow/example_dags/example_trigger_controller_dag.py took 0.287 seconds
[2022-06-16 14:26:02,171] {processor.py:163} INFO - Started process (PID=10462) to work on /home/saba/airflow_venv/airflow_venv/lib/python3.6/site-packages/airflow/example_dags/example_trigger_controller_dag.py
[2022-06-16 14:26:02,180] {processor.py:642} INFO - Processing file /home/saba/airflow_venv/airflow_venv/lib/python3.6/site-packages/airflow/example_dags/example_trigger_controller_dag.py for tasks to queue
[2022-06-16 14:26:02,187] {logging_mixin.py:109} INFO - [2022-06-16 14:26:02,184] {dagbag.py:500} INFO - Filling up the DagBag from /home/saba/airflow_venv/airflow_venv/lib/python3.6/site-packages/airflow/example_dags/example_trigger_controller_dag.py
[2022-06-16 14:26:02,322] {processor.py:652} INFO - DAG(s) dict_keys(['example_trigger_controller_dag']) retrieved from /home/saba/airflow_venv/airflow_venv/lib/python3.6/site-packages/airflow/example_dags/example_trigger_controller_dag.py
[2022-06-16 14:26:02,427] {logging_mixin.py:109} INFO - [2022-06-16 14:26:02,426] {dag.py:2398} INFO - Sync 1 DAGs
[2022-06-16 14:26:02,576] {logging_mixin.py:109} INFO - [2022-06-16 14:26:02,576] {dag.py:2937} INFO - Setting next_dagrun for example_trigger_controller_dag to 2021-01-01T00:00:00+00:00
[2022-06-16 14:26:02,663] {processor.py:171} INFO - Processing /home/saba/airflow_venv/airflow_venv/lib/python3.6/site-packages/airflow/example_dags/example_trigger_controller_dag.py took 0.514 seconds
[2022-06-16 14:27:05,050] {processor.py:163} INFO - Started process (PID=10806) to work on /home/saba/airflow_venv/airflow_venv/lib/python3.6/site-packages/airflow/example_dags/example_trigger_controller_dag.py
[2022-06-16 14:27:05,068] {processor.py:642} INFO - Processing file /home/saba/airflow_venv/airflow_venv/lib/python3.6/site-packages/airflow/example_dags/example_trigger_controller_dag.py for tasks to queue
[2022-06-16 14:27:05,072] {logging_mixin.py:109} INFO - [2022-06-16 14:27:05,071] {dagbag.py:500} INFO - Filling up the DagBag from /home/saba/airflow_venv/airflow_venv/lib/python3.6/site-packages/airflow/example_dags/example_trigger_controller_dag.py
[2022-06-16 14:27:05,224] {processor.py:652} INFO - DAG(s) dict_keys(['example_trigger_controller_dag']) retrieved from /home/saba/airflow_venv/airflow_venv/lib/python3.6/site-packages/airflow/example_dags/example_trigger_controller_dag.py
[2022-06-16 14:27:05,339] {logging_mixin.py:109} INFO - [2022-06-16 14:27:05,338] {dag.py:2398} INFO - Sync 1 DAGs
[2022-06-16 14:27:05,445] {logging_mixin.py:109} INFO - [2022-06-16 14:27:05,445] {dag.py:2937} INFO - Setting next_dagrun for example_trigger_controller_dag to 2021-01-01T00:00:00+00:00
[2022-06-16 14:27:05,499] {processor.py:171} INFO - Processing /home/saba/airflow_venv/airflow_venv/lib/python3.6/site-packages/airflow/example_dags/example_trigger_controller_dag.py took 0.483 seconds
[2022-06-16 14:27:56,076] {processor.py:163} INFO - Started process (PID=10979) to work on /home/saba/airflow_venv/airflow_venv/lib/python3.6/site-packages/airflow/example_dags/example_trigger_controller_dag.py
[2022-06-16 14:27:56,081] {processor.py:642} INFO - Processing file /home/saba/airflow_venv/airflow_venv/lib/python3.6/site-packages/airflow/example_dags/example_trigger_controller_dag.py for tasks to queue
[2022-06-16 14:27:56,083] {logging_mixin.py:109} INFO - [2022-06-16 14:27:56,083] {dagbag.py:500} INFO - Filling up the DagBag from /home/saba/airflow_venv/airflow_venv/lib/python3.6/site-packages/airflow/example_dags/example_trigger_controller_dag.py
[2022-06-16 14:27:56,137] {processor.py:652} INFO - DAG(s) dict_keys(['example_trigger_controller_dag']) retrieved from /home/saba/airflow_venv/airflow_venv/lib/python3.6/site-packages/airflow/example_dags/example_trigger_controller_dag.py
[2022-06-16 14:27:56,181] {logging_mixin.py:109} INFO - [2022-06-16 14:27:56,181] {dag.py:2398} INFO - Sync 1 DAGs
[2022-06-16 14:27:56,238] {logging_mixin.py:109} INFO - [2022-06-16 14:27:56,238] {dag.py:2937} INFO - Setting next_dagrun for example_trigger_controller_dag to 2021-01-01T00:00:00+00:00
[2022-06-16 14:27:56,273] {processor.py:171} INFO - Processing /home/saba/airflow_venv/airflow_venv/lib/python3.6/site-packages/airflow/example_dags/example_trigger_controller_dag.py took 0.206 seconds
[2022-06-16 14:28:46,668] {processor.py:163} INFO - Started process (PID=11500) to work on /home/saba/airflow_venv/airflow_venv/lib/python3.6/site-packages/airflow/example_dags/example_trigger_controller_dag.py
[2022-06-16 14:28:46,674] {processor.py:642} INFO - Processing file /home/saba/airflow_venv/airflow_venv/lib/python3.6/site-packages/airflow/example_dags/example_trigger_controller_dag.py for tasks to queue
[2022-06-16 14:28:46,677] {logging_mixin.py:109} INFO - [2022-06-16 14:28:46,677] {dagbag.py:500} INFO - Filling up the DagBag from /home/saba/airflow_venv/airflow_venv/lib/python3.6/site-packages/airflow/example_dags/example_trigger_controller_dag.py
[2022-06-16 14:28:46,841] {processor.py:652} INFO - DAG(s) dict_keys(['example_trigger_controller_dag']) retrieved from /home/saba/airflow_venv/airflow_venv/lib/python3.6/site-packages/airflow/example_dags/example_trigger_controller_dag.py
[2022-06-16 14:28:46,939] {logging_mixin.py:109} INFO - [2022-06-16 14:28:46,938] {dag.py:2398} INFO - Sync 1 DAGs
[2022-06-16 14:28:47,026] {logging_mixin.py:109} INFO - [2022-06-16 14:28:47,025] {dag.py:2937} INFO - Setting next_dagrun for example_trigger_controller_dag to 2021-01-01T00:00:00+00:00
[2022-06-16 14:28:47,082] {processor.py:171} INFO - Processing /home/saba/airflow_venv/airflow_venv/lib/python3.6/site-packages/airflow/example_dags/example_trigger_controller_dag.py took 0.427 seconds
[2022-06-16 14:29:34,682] {processor.py:163} INFO - Started process (PID=11782) to work on /home/saba/airflow_venv/airflow_venv/lib/python3.6/site-packages/airflow/example_dags/example_trigger_controller_dag.py
[2022-06-16 14:29:34,691] {processor.py:642} INFO - Processing file /home/saba/airflow_venv/airflow_venv/lib/python3.6/site-packages/airflow/example_dags/example_trigger_controller_dag.py for tasks to queue
[2022-06-16 14:29:34,693] {logging_mixin.py:109} INFO - [2022-06-16 14:29:34,693] {dagbag.py:500} INFO - Filling up the DagBag from /home/saba/airflow_venv/airflow_venv/lib/python3.6/site-packages/airflow/example_dags/example_trigger_controller_dag.py
[2022-06-16 14:29:34,780] {processor.py:652} INFO - DAG(s) dict_keys(['example_trigger_controller_dag']) retrieved from /home/saba/airflow_venv/airflow_venv/lib/python3.6/site-packages/airflow/example_dags/example_trigger_controller_dag.py
[2022-06-16 14:29:34,880] {logging_mixin.py:109} INFO - [2022-06-16 14:29:34,879] {dag.py:2398} INFO - Sync 1 DAGs
[2022-06-16 14:29:35,059] {logging_mixin.py:109} INFO - [2022-06-16 14:29:35,058] {dag.py:2937} INFO - Setting next_dagrun for example_trigger_controller_dag to 2021-01-01T00:00:00+00:00
[2022-06-16 14:29:35,146] {processor.py:171} INFO - Processing /home/saba/airflow_venv/airflow_venv/lib/python3.6/site-packages/airflow/example_dags/example_trigger_controller_dag.py took 0.476 seconds
[2022-06-16 14:30:28,315] {processor.py:163} INFO - Started process (PID=12018) to work on /home/saba/airflow_venv/airflow_venv/lib/python3.6/site-packages/airflow/example_dags/example_trigger_controller_dag.py
[2022-06-16 14:30:28,319] {processor.py:642} INFO - Processing file /home/saba/airflow_venv/airflow_venv/lib/python3.6/site-packages/airflow/example_dags/example_trigger_controller_dag.py for tasks to queue
[2022-06-16 14:30:28,321] {logging_mixin.py:109} INFO - [2022-06-16 14:30:28,321] {dagbag.py:500} INFO - Filling up the DagBag from /home/saba/airflow_venv/airflow_venv/lib/python3.6/site-packages/airflow/example_dags/example_trigger_controller_dag.py
[2022-06-16 14:30:28,382] {processor.py:652} INFO - DAG(s) dict_keys(['example_trigger_controller_dag']) retrieved from /home/saba/airflow_venv/airflow_venv/lib/python3.6/site-packages/airflow/example_dags/example_trigger_controller_dag.py
[2022-06-16 14:30:28,422] {logging_mixin.py:109} INFO - [2022-06-16 14:30:28,422] {dag.py:2398} INFO - Sync 1 DAGs
[2022-06-16 14:30:28,485] {logging_mixin.py:109} INFO - [2022-06-16 14:30:28,485] {dag.py:2937} INFO - Setting next_dagrun for example_trigger_controller_dag to 2021-01-01T00:00:00+00:00
[2022-06-16 14:30:28,518] {processor.py:171} INFO - Processing /home/saba/airflow_venv/airflow_venv/lib/python3.6/site-packages/airflow/example_dags/example_trigger_controller_dag.py took 0.212 seconds
[2022-06-16 14:45:51,590] {processor.py:163} INFO - Started process (PID=79) to work on /home/saba/.local/lib/python3.6/site-packages/airflow/example_dags/example_trigger_controller_dag.py
[2022-06-16 14:45:51,592] {processor.py:642} INFO - Processing file /home/saba/.local/lib/python3.6/site-packages/airflow/example_dags/example_trigger_controller_dag.py for tasks to queue
[2022-06-16 14:45:51,593] {logging_mixin.py:109} INFO - [2022-06-16 14:45:51,593] {dagbag.py:500} INFO - Filling up the DagBag from /home/saba/.local/lib/python3.6/site-packages/airflow/example_dags/example_trigger_controller_dag.py
[2022-06-16 14:45:51,621] {processor.py:652} INFO - DAG(s) dict_keys(['example_trigger_controller_dag']) retrieved from /home/saba/.local/lib/python3.6/site-packages/airflow/example_dags/example_trigger_controller_dag.py
[2022-06-16 14:45:51,635] {logging_mixin.py:109} INFO - [2022-06-16 14:45:51,635] {dag.py:2398} INFO - Sync 1 DAGs
[2022-06-16 14:45:51,690] {logging_mixin.py:109} INFO - [2022-06-16 14:45:51,690] {dag.py:2937} INFO - Setting next_dagrun for example_trigger_controller_dag to 2021-01-01T00:00:00+00:00
[2022-06-16 14:45:51,718] {processor.py:171} INFO - Processing /home/saba/.local/lib/python3.6/site-packages/airflow/example_dags/example_trigger_controller_dag.py took 0.134 seconds
[2022-06-16 14:46:45,145] {processor.py:163} INFO - Started process (PID=137) to work on /home/saba/.local/lib/python3.6/site-packages/airflow/example_dags/example_trigger_controller_dag.py
[2022-06-16 14:46:45,151] {processor.py:642} INFO - Processing file /home/saba/.local/lib/python3.6/site-packages/airflow/example_dags/example_trigger_controller_dag.py for tasks to queue
[2022-06-16 14:46:45,165] {logging_mixin.py:109} INFO - [2022-06-16 14:46:45,164] {dagbag.py:500} INFO - Filling up the DagBag from /home/saba/.local/lib/python3.6/site-packages/airflow/example_dags/example_trigger_controller_dag.py
[2022-06-16 14:46:45,438] {processor.py:652} INFO - DAG(s) dict_keys(['example_trigger_controller_dag']) retrieved from /home/saba/.local/lib/python3.6/site-packages/airflow/example_dags/example_trigger_controller_dag.py
[2022-06-16 14:46:45,655] {logging_mixin.py:109} INFO - [2022-06-16 14:46:45,655] {dag.py:2398} INFO - Sync 1 DAGs
[2022-06-16 14:46:45,856] {logging_mixin.py:109} INFO - [2022-06-16 14:46:45,855] {dag.py:2937} INFO - Setting next_dagrun for example_trigger_controller_dag to 2021-01-01T00:00:00+00:00
[2022-06-16 14:46:45,985] {processor.py:171} INFO - Processing /home/saba/.local/lib/python3.6/site-packages/airflow/example_dags/example_trigger_controller_dag.py took 0.861 seconds
[2022-06-16 14:47:51,293] {processor.py:163} INFO - Started process (PID=222) to work on /home/saba/.local/lib/python3.6/site-packages/airflow/example_dags/example_trigger_controller_dag.py
[2022-06-16 14:47:51,308] {processor.py:642} INFO - Processing file /home/saba/.local/lib/python3.6/site-packages/airflow/example_dags/example_trigger_controller_dag.py for tasks to queue
[2022-06-16 14:47:51,311] {logging_mixin.py:109} INFO - [2022-06-16 14:47:51,311] {dagbag.py:500} INFO - Filling up the DagBag from /home/saba/.local/lib/python3.6/site-packages/airflow/example_dags/example_trigger_controller_dag.py
[2022-06-16 14:47:51,522] {processor.py:652} INFO - DAG(s) dict_keys(['example_trigger_controller_dag']) retrieved from /home/saba/.local/lib/python3.6/site-packages/airflow/example_dags/example_trigger_controller_dag.py
[2022-06-16 14:47:51,635] {logging_mixin.py:109} INFO - [2022-06-16 14:47:51,635] {dag.py:2398} INFO - Sync 1 DAGs
[2022-06-16 14:47:51,760] {logging_mixin.py:109} INFO - [2022-06-16 14:47:51,759] {dag.py:2937} INFO - Setting next_dagrun for example_trigger_controller_dag to 2021-01-01T00:00:00+00:00
[2022-06-16 14:47:51,824] {processor.py:171} INFO - Processing /home/saba/.local/lib/python3.6/site-packages/airflow/example_dags/example_trigger_controller_dag.py took 0.586 seconds
[2022-06-16 14:48:57,063] {processor.py:163} INFO - Started process (PID=2349) to work on /home/saba/.local/lib/python3.6/site-packages/airflow/example_dags/example_trigger_controller_dag.py
[2022-06-16 14:48:57,069] {processor.py:642} INFO - Processing file /home/saba/.local/lib/python3.6/site-packages/airflow/example_dags/example_trigger_controller_dag.py for tasks to queue
[2022-06-16 14:48:57,071] {logging_mixin.py:109} INFO - [2022-06-16 14:48:57,071] {dagbag.py:500} INFO - Filling up the DagBag from /home/saba/.local/lib/python3.6/site-packages/airflow/example_dags/example_trigger_controller_dag.py
[2022-06-16 14:48:57,162] {processor.py:652} INFO - DAG(s) dict_keys(['example_trigger_controller_dag']) retrieved from /home/saba/.local/lib/python3.6/site-packages/airflow/example_dags/example_trigger_controller_dag.py
[2022-06-16 14:48:57,229] {logging_mixin.py:109} INFO - [2022-06-16 14:48:57,229] {dag.py:2398} INFO - Sync 1 DAGs
[2022-06-16 14:48:57,346] {logging_mixin.py:109} INFO - [2022-06-16 14:48:57,346] {dag.py:2937} INFO - Setting next_dagrun for example_trigger_controller_dag to 2021-01-01T00:00:00+00:00
[2022-06-16 14:48:57,397] {processor.py:171} INFO - Processing /home/saba/.local/lib/python3.6/site-packages/airflow/example_dags/example_trigger_controller_dag.py took 0.352 seconds
[2022-06-16 14:49:46,691] {processor.py:163} INFO - Started process (PID=2383) to work on /home/saba/.local/lib/python3.6/site-packages/airflow/example_dags/example_trigger_controller_dag.py
[2022-06-16 14:49:46,695] {processor.py:642} INFO - Processing file /home/saba/.local/lib/python3.6/site-packages/airflow/example_dags/example_trigger_controller_dag.py for tasks to queue
[2022-06-16 14:49:46,696] {logging_mixin.py:109} INFO - [2022-06-16 14:49:46,696] {dagbag.py:500} INFO - Filling up the DagBag from /home/saba/.local/lib/python3.6/site-packages/airflow/example_dags/example_trigger_controller_dag.py
[2022-06-16 14:49:46,740] {processor.py:652} INFO - DAG(s) dict_keys(['example_trigger_controller_dag']) retrieved from /home/saba/.local/lib/python3.6/site-packages/airflow/example_dags/example_trigger_controller_dag.py
[2022-06-16 14:49:46,784] {logging_mixin.py:109} INFO - [2022-06-16 14:49:46,783] {dag.py:2398} INFO - Sync 1 DAGs
[2022-06-16 14:49:46,865] {logging_mixin.py:109} INFO - [2022-06-16 14:49:46,864] {dag.py:2937} INFO - Setting next_dagrun for example_trigger_controller_dag to 2021-01-01T00:00:00+00:00
[2022-06-16 14:49:46,903] {processor.py:171} INFO - Processing /home/saba/.local/lib/python3.6/site-packages/airflow/example_dags/example_trigger_controller_dag.py took 0.220 seconds
[2022-06-16 14:50:27,649] {processor.py:163} INFO - Started process (PID=2638) to work on /home/saba/.local/lib/python3.6/site-packages/airflow/example_dags/example_trigger_controller_dag.py
[2022-06-16 14:50:27,651] {processor.py:642} INFO - Processing file /home/saba/.local/lib/python3.6/site-packages/airflow/example_dags/example_trigger_controller_dag.py for tasks to queue
[2022-06-16 14:50:27,652] {logging_mixin.py:109} INFO - [2022-06-16 14:50:27,652] {dagbag.py:500} INFO - Filling up the DagBag from /home/saba/.local/lib/python3.6/site-packages/airflow/example_dags/example_trigger_controller_dag.py
[2022-06-16 14:50:27,677] {processor.py:652} INFO - DAG(s) dict_keys(['example_trigger_controller_dag']) retrieved from /home/saba/.local/lib/python3.6/site-packages/airflow/example_dags/example_trigger_controller_dag.py
[2022-06-16 14:50:27,699] {logging_mixin.py:109} INFO - [2022-06-16 14:50:27,699] {dag.py:2398} INFO - Sync 1 DAGs
[2022-06-16 14:50:27,727] {logging_mixin.py:109} INFO - [2022-06-16 14:50:27,727] {dag.py:2937} INFO - Setting next_dagrun for example_trigger_controller_dag to 2021-01-01T00:00:00+00:00
[2022-06-16 14:50:27,754] {processor.py:171} INFO - Processing /home/saba/.local/lib/python3.6/site-packages/airflow/example_dags/example_trigger_controller_dag.py took 0.110 seconds
[2022-06-16 14:51:10,502] {processor.py:163} INFO - Started process (PID=2693) to work on /home/saba/.local/lib/python3.6/site-packages/airflow/example_dags/example_trigger_controller_dag.py
[2022-06-16 14:51:10,505] {processor.py:642} INFO - Processing file /home/saba/.local/lib/python3.6/site-packages/airflow/example_dags/example_trigger_controller_dag.py for tasks to queue
[2022-06-16 14:51:10,506] {logging_mixin.py:109} INFO - [2022-06-16 14:51:10,506] {dagbag.py:500} INFO - Filling up the DagBag from /home/saba/.local/lib/python3.6/site-packages/airflow/example_dags/example_trigger_controller_dag.py
[2022-06-16 14:51:10,543] {processor.py:652} INFO - DAG(s) dict_keys(['example_trigger_controller_dag']) retrieved from /home/saba/.local/lib/python3.6/site-packages/airflow/example_dags/example_trigger_controller_dag.py
[2022-06-16 14:51:10,594] {logging_mixin.py:109} INFO - [2022-06-16 14:51:10,594] {dag.py:2398} INFO - Sync 1 DAGs
[2022-06-16 14:51:10,689] {logging_mixin.py:109} INFO - [2022-06-16 14:51:10,689] {dag.py:2937} INFO - Setting next_dagrun for example_trigger_controller_dag to 2021-01-01T00:00:00+00:00
[2022-06-16 14:51:10,740] {processor.py:171} INFO - Processing /home/saba/.local/lib/python3.6/site-packages/airflow/example_dags/example_trigger_controller_dag.py took 0.244 seconds
[2022-06-16 14:51:51,236] {processor.py:163} INFO - Started process (PID=2746) to work on /home/saba/.local/lib/python3.6/site-packages/airflow/example_dags/example_trigger_controller_dag.py
[2022-06-16 14:51:51,238] {processor.py:642} INFO - Processing file /home/saba/.local/lib/python3.6/site-packages/airflow/example_dags/example_trigger_controller_dag.py for tasks to queue
[2022-06-16 14:51:51,239] {logging_mixin.py:109} INFO - [2022-06-16 14:51:51,239] {dagbag.py:500} INFO - Filling up the DagBag from /home/saba/.local/lib/python3.6/site-packages/airflow/example_dags/example_trigger_controller_dag.py
[2022-06-16 14:51:51,259] {processor.py:652} INFO - DAG(s) dict_keys(['example_trigger_controller_dag']) retrieved from /home/saba/.local/lib/python3.6/site-packages/airflow/example_dags/example_trigger_controller_dag.py
[2022-06-16 14:51:51,277] {logging_mixin.py:109} INFO - [2022-06-16 14:51:51,277] {dag.py:2398} INFO - Sync 1 DAGs
[2022-06-16 14:51:51,299] {logging_mixin.py:109} INFO - [2022-06-16 14:51:51,299] {dag.py:2937} INFO - Setting next_dagrun for example_trigger_controller_dag to 2021-01-01T00:00:00+00:00
[2022-06-16 14:51:51,318] {processor.py:171} INFO - Processing /home/saba/.local/lib/python3.6/site-packages/airflow/example_dags/example_trigger_controller_dag.py took 0.085 seconds
[2022-06-16 14:52:31,671] {processor.py:163} INFO - Started process (PID=2989) to work on /home/saba/.local/lib/python3.6/site-packages/airflow/example_dags/example_trigger_controller_dag.py
[2022-06-16 14:52:31,673] {processor.py:642} INFO - Processing file /home/saba/.local/lib/python3.6/site-packages/airflow/example_dags/example_trigger_controller_dag.py for tasks to queue
[2022-06-16 14:52:31,675] {logging_mixin.py:109} INFO - [2022-06-16 14:52:31,675] {dagbag.py:500} INFO - Filling up the DagBag from /home/saba/.local/lib/python3.6/site-packages/airflow/example_dags/example_trigger_controller_dag.py
[2022-06-16 14:52:31,706] {processor.py:652} INFO - DAG(s) dict_keys(['example_trigger_controller_dag']) retrieved from /home/saba/.local/lib/python3.6/site-packages/airflow/example_dags/example_trigger_controller_dag.py
[2022-06-16 14:52:31,736] {logging_mixin.py:109} INFO - [2022-06-16 14:52:31,735] {dag.py:2398} INFO - Sync 1 DAGs
[2022-06-16 14:52:31,774] {logging_mixin.py:109} INFO - [2022-06-16 14:52:31,773] {dag.py:2937} INFO - Setting next_dagrun for example_trigger_controller_dag to 2021-01-01T00:00:00+00:00
[2022-06-16 14:52:31,800] {processor.py:171} INFO - Processing /home/saba/.local/lib/python3.6/site-packages/airflow/example_dags/example_trigger_controller_dag.py took 0.136 seconds
[2022-06-16 14:53:12,333] {processor.py:163} INFO - Started process (PID=3283) to work on /home/saba/.local/lib/python3.6/site-packages/airflow/example_dags/example_trigger_controller_dag.py
[2022-06-16 14:53:12,335] {processor.py:642} INFO - Processing file /home/saba/.local/lib/python3.6/site-packages/airflow/example_dags/example_trigger_controller_dag.py for tasks to queue
[2022-06-16 14:53:12,336] {logging_mixin.py:109} INFO - [2022-06-16 14:53:12,336] {dagbag.py:500} INFO - Filling up the DagBag from /home/saba/.local/lib/python3.6/site-packages/airflow/example_dags/example_trigger_controller_dag.py
[2022-06-16 14:53:12,356] {processor.py:652} INFO - DAG(s) dict_keys(['example_trigger_controller_dag']) retrieved from /home/saba/.local/lib/python3.6/site-packages/airflow/example_dags/example_trigger_controller_dag.py
[2022-06-16 14:53:12,374] {logging_mixin.py:109} INFO - [2022-06-16 14:53:12,374] {dag.py:2398} INFO - Sync 1 DAGs
[2022-06-16 14:53:12,396] {logging_mixin.py:109} INFO - [2022-06-16 14:53:12,396] {dag.py:2937} INFO - Setting next_dagrun for example_trigger_controller_dag to 2021-01-01T00:00:00+00:00
[2022-06-16 14:53:12,416] {processor.py:171} INFO - Processing /home/saba/.local/lib/python3.6/site-packages/airflow/example_dags/example_trigger_controller_dag.py took 0.086 seconds
[2022-06-16 14:53:47,554] {processor.py:163} INFO - Started process (PID=3315) to work on /home/saba/.local/lib/python3.6/site-packages/airflow/example_dags/example_trigger_controller_dag.py
[2022-06-16 14:53:47,555] {processor.py:642} INFO - Processing file /home/saba/.local/lib/python3.6/site-packages/airflow/example_dags/example_trigger_controller_dag.py for tasks to queue
[2022-06-16 14:53:47,556] {logging_mixin.py:109} INFO - [2022-06-16 14:53:47,556] {dagbag.py:500} INFO - Filling up the DagBag from /home/saba/.local/lib/python3.6/site-packages/airflow/example_dags/example_trigger_controller_dag.py
[2022-06-16 14:53:47,576] {processor.py:652} INFO - DAG(s) dict_keys(['example_trigger_controller_dag']) retrieved from /home/saba/.local/lib/python3.6/site-packages/airflow/example_dags/example_trigger_controller_dag.py
[2022-06-16 14:53:47,593] {logging_mixin.py:109} INFO - [2022-06-16 14:53:47,592] {dag.py:2398} INFO - Sync 1 DAGs
[2022-06-16 14:53:47,614] {logging_mixin.py:109} INFO - [2022-06-16 14:53:47,613] {dag.py:2937} INFO - Setting next_dagrun for example_trigger_controller_dag to 2021-01-01T00:00:00+00:00
[2022-06-16 14:53:47,631] {processor.py:171} INFO - Processing /home/saba/.local/lib/python3.6/site-packages/airflow/example_dags/example_trigger_controller_dag.py took 0.081 seconds
[2022-06-16 14:54:29,118] {processor.py:163} INFO - Started process (PID=3590) to work on /home/saba/.local/lib/python3.6/site-packages/airflow/example_dags/example_trigger_controller_dag.py
[2022-06-16 14:54:29,121] {processor.py:642} INFO - Processing file /home/saba/.local/lib/python3.6/site-packages/airflow/example_dags/example_trigger_controller_dag.py for tasks to queue
[2022-06-16 14:54:29,123] {logging_mixin.py:109} INFO - [2022-06-16 14:54:29,123] {dagbag.py:500} INFO - Filling up the DagBag from /home/saba/.local/lib/python3.6/site-packages/airflow/example_dags/example_trigger_controller_dag.py
[2022-06-16 14:54:29,154] {processor.py:652} INFO - DAG(s) dict_keys(['example_trigger_controller_dag']) retrieved from /home/saba/.local/lib/python3.6/site-packages/airflow/example_dags/example_trigger_controller_dag.py
[2022-06-16 14:54:29,183] {logging_mixin.py:109} INFO - [2022-06-16 14:54:29,183] {dag.py:2398} INFO - Sync 1 DAGs
[2022-06-16 14:54:29,220] {logging_mixin.py:109} INFO - [2022-06-16 14:54:29,219] {dag.py:2937} INFO - Setting next_dagrun for example_trigger_controller_dag to 2021-01-01T00:00:00+00:00
[2022-06-16 14:54:29,259] {processor.py:171} INFO - Processing /home/saba/.local/lib/python3.6/site-packages/airflow/example_dags/example_trigger_controller_dag.py took 0.147 seconds
[2022-06-16 14:55:07,164] {processor.py:163} INFO - Started process (PID=3886) to work on /home/saba/.local/lib/python3.6/site-packages/airflow/example_dags/example_trigger_controller_dag.py
[2022-06-16 14:55:07,166] {processor.py:642} INFO - Processing file /home/saba/.local/lib/python3.6/site-packages/airflow/example_dags/example_trigger_controller_dag.py for tasks to queue
[2022-06-16 14:55:07,167] {logging_mixin.py:109} INFO - [2022-06-16 14:55:07,166] {dagbag.py:500} INFO - Filling up the DagBag from /home/saba/.local/lib/python3.6/site-packages/airflow/example_dags/example_trigger_controller_dag.py
[2022-06-16 14:55:07,190] {processor.py:652} INFO - DAG(s) dict_keys(['example_trigger_controller_dag']) retrieved from /home/saba/.local/lib/python3.6/site-packages/airflow/example_dags/example_trigger_controller_dag.py
[2022-06-16 14:55:07,210] {logging_mixin.py:109} INFO - [2022-06-16 14:55:07,209] {dag.py:2398} INFO - Sync 1 DAGs
[2022-06-16 14:55:07,237] {logging_mixin.py:109} INFO - [2022-06-16 14:55:07,236] {dag.py:2937} INFO - Setting next_dagrun for example_trigger_controller_dag to 2021-01-01T00:00:00+00:00
[2022-06-16 14:55:07,258] {processor.py:171} INFO - Processing /home/saba/.local/lib/python3.6/site-packages/airflow/example_dags/example_trigger_controller_dag.py took 0.099 seconds
[2022-06-16 14:55:48,951] {processor.py:163} INFO - Started process (PID=4233) to work on /home/saba/.local/lib/python3.6/site-packages/airflow/example_dags/example_trigger_controller_dag.py
[2022-06-16 14:55:48,956] {processor.py:642} INFO - Processing file /home/saba/.local/lib/python3.6/site-packages/airflow/example_dags/example_trigger_controller_dag.py for tasks to queue
[2022-06-16 14:55:48,958] {logging_mixin.py:109} INFO - [2022-06-16 14:55:48,957] {dagbag.py:500} INFO - Filling up the DagBag from /home/saba/.local/lib/python3.6/site-packages/airflow/example_dags/example_trigger_controller_dag.py
[2022-06-16 14:55:49,041] {processor.py:652} INFO - DAG(s) dict_keys(['example_trigger_controller_dag']) retrieved from /home/saba/.local/lib/python3.6/site-packages/airflow/example_dags/example_trigger_controller_dag.py
[2022-06-16 14:55:49,115] {logging_mixin.py:109} INFO - [2022-06-16 14:55:49,114] {dag.py:2398} INFO - Sync 1 DAGs
[2022-06-16 14:55:49,206] {logging_mixin.py:109} INFO - [2022-06-16 14:55:49,205] {dag.py:2937} INFO - Setting next_dagrun for example_trigger_controller_dag to 2021-01-01T00:00:00+00:00
[2022-06-16 14:55:49,253] {processor.py:171} INFO - Processing /home/saba/.local/lib/python3.6/site-packages/airflow/example_dags/example_trigger_controller_dag.py took 0.317 seconds
[2022-06-16 14:56:43,852] {processor.py:163} INFO - Started process (PID=4351) to work on /home/saba/.local/lib/python3.6/site-packages/airflow/example_dags/example_trigger_controller_dag.py
[2022-06-16 14:56:43,855] {processor.py:642} INFO - Processing file /home/saba/.local/lib/python3.6/site-packages/airflow/example_dags/example_trigger_controller_dag.py for tasks to queue
[2022-06-16 14:56:43,857] {logging_mixin.py:109} INFO - [2022-06-16 14:56:43,856] {dagbag.py:500} INFO - Filling up the DagBag from /home/saba/.local/lib/python3.6/site-packages/airflow/example_dags/example_trigger_controller_dag.py
[2022-06-16 14:56:43,894] {processor.py:652} INFO - DAG(s) dict_keys(['example_trigger_controller_dag']) retrieved from /home/saba/.local/lib/python3.6/site-packages/airflow/example_dags/example_trigger_controller_dag.py
[2022-06-16 14:56:43,927] {logging_mixin.py:109} INFO - [2022-06-16 14:56:43,927] {dag.py:2398} INFO - Sync 1 DAGs
[2022-06-16 14:56:43,976] {logging_mixin.py:109} INFO - [2022-06-16 14:56:43,975] {dag.py:2937} INFO - Setting next_dagrun for example_trigger_controller_dag to 2021-01-01T00:00:00+00:00
[2022-06-16 14:56:44,009] {processor.py:171} INFO - Processing /home/saba/.local/lib/python3.6/site-packages/airflow/example_dags/example_trigger_controller_dag.py took 0.164 seconds
[2022-06-16 14:57:32,169] {processor.py:163} INFO - Started process (PID=7090) to work on /home/saba/.local/lib/python3.6/site-packages/airflow/example_dags/example_trigger_controller_dag.py
[2022-06-16 14:57:32,175] {processor.py:642} INFO - Processing file /home/saba/.local/lib/python3.6/site-packages/airflow/example_dags/example_trigger_controller_dag.py for tasks to queue
[2022-06-16 14:57:32,179] {logging_mixin.py:109} INFO - [2022-06-16 14:57:32,178] {dagbag.py:500} INFO - Filling up the DagBag from /home/saba/.local/lib/python3.6/site-packages/airflow/example_dags/example_trigger_controller_dag.py
[2022-06-16 14:57:32,241] {processor.py:652} INFO - DAG(s) dict_keys(['example_trigger_controller_dag']) retrieved from /home/saba/.local/lib/python3.6/site-packages/airflow/example_dags/example_trigger_controller_dag.py
[2022-06-16 14:57:32,298] {logging_mixin.py:109} INFO - [2022-06-16 14:57:32,297] {dag.py:2398} INFO - Sync 1 DAGs
[2022-06-16 14:57:32,356] {logging_mixin.py:109} INFO - [2022-06-16 14:57:32,355] {dag.py:2937} INFO - Setting next_dagrun for example_trigger_controller_dag to 2021-01-01T00:00:00+00:00
[2022-06-16 14:57:32,387] {processor.py:171} INFO - Processing /home/saba/.local/lib/python3.6/site-packages/airflow/example_dags/example_trigger_controller_dag.py took 0.232 seconds
