[2022-06-16 13:59:53,814] {processor.py:163} INFO - Started process (PID=713) to work on /home/saba/airflow_venv/airflow_venv/lib/python3.6/site-packages/airflow/example_dags/example_branch_day_of_week_operator.py
[2022-06-16 13:59:53,817] {processor.py:642} INFO - Processing file /home/saba/airflow_venv/airflow_venv/lib/python3.6/site-packages/airflow/example_dags/example_branch_day_of_week_operator.py for tasks to queue
[2022-06-16 13:59:53,820] {logging_mixin.py:109} INFO - [2022-06-16 13:59:53,819] {dagbag.py:500} INFO - Filling up the DagBag from /home/saba/airflow_venv/airflow_venv/lib/python3.6/site-packages/airflow/example_dags/example_branch_day_of_week_operator.py
[2022-06-16 13:59:53,886] {processor.py:652} INFO - DAG(s) dict_keys(['example_weekday_branch_operator']) retrieved from /home/saba/airflow_venv/airflow_venv/lib/python3.6/site-packages/airflow/example_dags/example_branch_day_of_week_operator.py
[2022-06-16 13:59:53,946] {logging_mixin.py:109} INFO - [2022-06-16 13:59:53,945] {dag.py:2398} INFO - Sync 1 DAGs
[2022-06-16 13:59:54,036] {logging_mixin.py:109} INFO - [2022-06-16 13:59:54,035] {dag.py:2937} INFO - Setting next_dagrun for example_weekday_branch_operator to 2022-06-15 00:00:00+00:00
[2022-06-16 13:59:54,079] {processor.py:171} INFO - Processing /home/saba/airflow_venv/airflow_venv/lib/python3.6/site-packages/airflow/example_dags/example_branch_day_of_week_operator.py took 0.276 seconds
[2022-06-16 14:00:41,639] {processor.py:163} INFO - Started process (PID=945) to work on /home/saba/airflow_venv/airflow_venv/lib/python3.6/site-packages/airflow/example_dags/example_branch_day_of_week_operator.py
[2022-06-16 14:00:41,650] {processor.py:642} INFO - Processing file /home/saba/airflow_venv/airflow_venv/lib/python3.6/site-packages/airflow/example_dags/example_branch_day_of_week_operator.py for tasks to queue
[2022-06-16 14:00:41,651] {logging_mixin.py:109} INFO - [2022-06-16 14:00:41,651] {dagbag.py:500} INFO - Filling up the DagBag from /home/saba/airflow_venv/airflow_venv/lib/python3.6/site-packages/airflow/example_dags/example_branch_day_of_week_operator.py
[2022-06-16 14:00:41,683] {processor.py:652} INFO - DAG(s) dict_keys(['example_weekday_branch_operator']) retrieved from /home/saba/airflow_venv/airflow_venv/lib/python3.6/site-packages/airflow/example_dags/example_branch_day_of_week_operator.py
[2022-06-16 14:00:41,722] {logging_mixin.py:109} INFO - [2022-06-16 14:00:41,722] {dag.py:2398} INFO - Sync 1 DAGs
[2022-06-16 14:00:41,781] {logging_mixin.py:109} INFO - [2022-06-16 14:00:41,781] {dag.py:2937} INFO - Setting next_dagrun for example_weekday_branch_operator to 2022-06-15 00:00:00+00:00
[2022-06-16 14:00:41,819] {processor.py:171} INFO - Processing /home/saba/airflow_venv/airflow_venv/lib/python3.6/site-packages/airflow/example_dags/example_branch_day_of_week_operator.py took 0.186 seconds
[2022-06-16 14:01:22,508] {processor.py:163} INFO - Started process (PID=1144) to work on /home/saba/airflow_venv/airflow_venv/lib/python3.6/site-packages/airflow/example_dags/example_branch_day_of_week_operator.py
[2022-06-16 14:01:22,520] {processor.py:642} INFO - Processing file /home/saba/airflow_venv/airflow_venv/lib/python3.6/site-packages/airflow/example_dags/example_branch_day_of_week_operator.py for tasks to queue
[2022-06-16 14:01:22,522] {logging_mixin.py:109} INFO - [2022-06-16 14:01:22,522] {dagbag.py:500} INFO - Filling up the DagBag from /home/saba/airflow_venv/airflow_venv/lib/python3.6/site-packages/airflow/example_dags/example_branch_day_of_week_operator.py
[2022-06-16 14:01:22,565] {processor.py:652} INFO - DAG(s) dict_keys(['example_weekday_branch_operator']) retrieved from /home/saba/airflow_venv/airflow_venv/lib/python3.6/site-packages/airflow/example_dags/example_branch_day_of_week_operator.py
[2022-06-16 14:01:22,609] {logging_mixin.py:109} INFO - [2022-06-16 14:01:22,609] {dag.py:2398} INFO - Sync 1 DAGs
[2022-06-16 14:01:22,659] {logging_mixin.py:109} INFO - [2022-06-16 14:01:22,658] {dag.py:2937} INFO - Setting next_dagrun for example_weekday_branch_operator to 2022-06-15 00:00:00+00:00
[2022-06-16 14:01:22,697] {processor.py:171} INFO - Processing /home/saba/airflow_venv/airflow_venv/lib/python3.6/site-packages/airflow/example_dags/example_branch_day_of_week_operator.py took 0.197 seconds
[2022-06-16 14:02:05,191] {processor.py:163} INFO - Started process (PID=1359) to work on /home/saba/airflow_venv/airflow_venv/lib/python3.6/site-packages/airflow/example_dags/example_branch_day_of_week_operator.py
[2022-06-16 14:02:05,194] {processor.py:642} INFO - Processing file /home/saba/airflow_venv/airflow_venv/lib/python3.6/site-packages/airflow/example_dags/example_branch_day_of_week_operator.py for tasks to queue
[2022-06-16 14:02:05,196] {logging_mixin.py:109} INFO - [2022-06-16 14:02:05,196] {dagbag.py:500} INFO - Filling up the DagBag from /home/saba/airflow_venv/airflow_venv/lib/python3.6/site-packages/airflow/example_dags/example_branch_day_of_week_operator.py
[2022-06-16 14:02:05,249] {processor.py:652} INFO - DAG(s) dict_keys(['example_weekday_branch_operator']) retrieved from /home/saba/airflow_venv/airflow_venv/lib/python3.6/site-packages/airflow/example_dags/example_branch_day_of_week_operator.py
[2022-06-16 14:02:05,295] {logging_mixin.py:109} INFO - [2022-06-16 14:02:05,295] {dag.py:2398} INFO - Sync 1 DAGs
[2022-06-16 14:02:05,351] {logging_mixin.py:109} INFO - [2022-06-16 14:02:05,350] {dag.py:2937} INFO - Setting next_dagrun for example_weekday_branch_operator to 2022-06-15 00:00:00+00:00
[2022-06-16 14:02:05,389] {processor.py:171} INFO - Processing /home/saba/airflow_venv/airflow_venv/lib/python3.6/site-packages/airflow/example_dags/example_branch_day_of_week_operator.py took 0.205 seconds
[2022-06-16 14:02:47,957] {processor.py:163} INFO - Started process (PID=1570) to work on /home/saba/airflow_venv/airflow_venv/lib/python3.6/site-packages/airflow/example_dags/example_branch_day_of_week_operator.py
[2022-06-16 14:02:47,961] {processor.py:642} INFO - Processing file /home/saba/airflow_venv/airflow_venv/lib/python3.6/site-packages/airflow/example_dags/example_branch_day_of_week_operator.py for tasks to queue
[2022-06-16 14:02:47,963] {logging_mixin.py:109} INFO - [2022-06-16 14:02:47,963] {dagbag.py:500} INFO - Filling up the DagBag from /home/saba/airflow_venv/airflow_venv/lib/python3.6/site-packages/airflow/example_dags/example_branch_day_of_week_operator.py
[2022-06-16 14:02:48,037] {processor.py:652} INFO - DAG(s) dict_keys(['example_weekday_branch_operator']) retrieved from /home/saba/airflow_venv/airflow_venv/lib/python3.6/site-packages/airflow/example_dags/example_branch_day_of_week_operator.py
[2022-06-16 14:02:48,080] {logging_mixin.py:109} INFO - [2022-06-16 14:02:48,080] {dag.py:2398} INFO - Sync 1 DAGs
[2022-06-16 14:02:48,152] {logging_mixin.py:109} INFO - [2022-06-16 14:02:48,151] {dag.py:2937} INFO - Setting next_dagrun for example_weekday_branch_operator to 2022-06-15 00:00:00+00:00
[2022-06-16 14:02:48,196] {processor.py:171} INFO - Processing /home/saba/airflow_venv/airflow_venv/lib/python3.6/site-packages/airflow/example_dags/example_branch_day_of_week_operator.py took 0.248 seconds
[2022-06-16 14:03:32,582] {processor.py:163} INFO - Started process (PID=1776) to work on /home/saba/airflow_venv/airflow_venv/lib/python3.6/site-packages/airflow/example_dags/example_branch_day_of_week_operator.py
[2022-06-16 14:03:32,586] {processor.py:642} INFO - Processing file /home/saba/airflow_venv/airflow_venv/lib/python3.6/site-packages/airflow/example_dags/example_branch_day_of_week_operator.py for tasks to queue
[2022-06-16 14:03:32,587] {logging_mixin.py:109} INFO - [2022-06-16 14:03:32,587] {dagbag.py:500} INFO - Filling up the DagBag from /home/saba/airflow_venv/airflow_venv/lib/python3.6/site-packages/airflow/example_dags/example_branch_day_of_week_operator.py
[2022-06-16 14:03:32,649] {processor.py:652} INFO - DAG(s) dict_keys(['example_weekday_branch_operator']) retrieved from /home/saba/airflow_venv/airflow_venv/lib/python3.6/site-packages/airflow/example_dags/example_branch_day_of_week_operator.py
[2022-06-16 14:03:32,698] {logging_mixin.py:109} INFO - [2022-06-16 14:03:32,698] {dag.py:2398} INFO - Sync 1 DAGs
[2022-06-16 14:03:32,770] {logging_mixin.py:109} INFO - [2022-06-16 14:03:32,769] {dag.py:2937} INFO - Setting next_dagrun for example_weekday_branch_operator to 2022-06-15 00:00:00+00:00
[2022-06-16 14:03:32,810] {processor.py:171} INFO - Processing /home/saba/airflow_venv/airflow_venv/lib/python3.6/site-packages/airflow/example_dags/example_branch_day_of_week_operator.py took 0.237 seconds
[2022-06-16 14:04:14,152] {processor.py:163} INFO - Started process (PID=1980) to work on /home/saba/airflow_venv/airflow_venv/lib/python3.6/site-packages/airflow/example_dags/example_branch_day_of_week_operator.py
[2022-06-16 14:04:14,161] {processor.py:642} INFO - Processing file /home/saba/airflow_venv/airflow_venv/lib/python3.6/site-packages/airflow/example_dags/example_branch_day_of_week_operator.py for tasks to queue
[2022-06-16 14:04:14,163] {logging_mixin.py:109} INFO - [2022-06-16 14:04:14,163] {dagbag.py:500} INFO - Filling up the DagBag from /home/saba/airflow_venv/airflow_venv/lib/python3.6/site-packages/airflow/example_dags/example_branch_day_of_week_operator.py
[2022-06-16 14:04:14,210] {processor.py:652} INFO - DAG(s) dict_keys(['example_weekday_branch_operator']) retrieved from /home/saba/airflow_venv/airflow_venv/lib/python3.6/site-packages/airflow/example_dags/example_branch_day_of_week_operator.py
[2022-06-16 14:04:14,246] {logging_mixin.py:109} INFO - [2022-06-16 14:04:14,246] {dag.py:2398} INFO - Sync 1 DAGs
[2022-06-16 14:04:14,301] {logging_mixin.py:109} INFO - [2022-06-16 14:04:14,301] {dag.py:2937} INFO - Setting next_dagrun for example_weekday_branch_operator to 2022-06-15 00:00:00+00:00
[2022-06-16 14:04:14,342] {processor.py:171} INFO - Processing /home/saba/airflow_venv/airflow_venv/lib/python3.6/site-packages/airflow/example_dags/example_branch_day_of_week_operator.py took 0.198 seconds
[2022-06-16 14:04:54,854] {processor.py:163} INFO - Started process (PID=2197) to work on /home/saba/airflow_venv/airflow_venv/lib/python3.6/site-packages/airflow/example_dags/example_branch_day_of_week_operator.py
[2022-06-16 14:04:54,865] {processor.py:642} INFO - Processing file /home/saba/airflow_venv/airflow_venv/lib/python3.6/site-packages/airflow/example_dags/example_branch_day_of_week_operator.py for tasks to queue
[2022-06-16 14:04:54,866] {logging_mixin.py:109} INFO - [2022-06-16 14:04:54,866] {dagbag.py:500} INFO - Filling up the DagBag from /home/saba/airflow_venv/airflow_venv/lib/python3.6/site-packages/airflow/example_dags/example_branch_day_of_week_operator.py
[2022-06-16 14:04:54,901] {processor.py:652} INFO - DAG(s) dict_keys(['example_weekday_branch_operator']) retrieved from /home/saba/airflow_venv/airflow_venv/lib/python3.6/site-packages/airflow/example_dags/example_branch_day_of_week_operator.py
[2022-06-16 14:04:54,939] {logging_mixin.py:109} INFO - [2022-06-16 14:04:54,939] {dag.py:2398} INFO - Sync 1 DAGs
[2022-06-16 14:04:54,986] {logging_mixin.py:109} INFO - [2022-06-16 14:04:54,986] {dag.py:2937} INFO - Setting next_dagrun for example_weekday_branch_operator to 2022-06-15 00:00:00+00:00
[2022-06-16 14:04:55,022] {processor.py:171} INFO - Processing /home/saba/airflow_venv/airflow_venv/lib/python3.6/site-packages/airflow/example_dags/example_branch_day_of_week_operator.py took 0.173 seconds
[2022-06-16 14:05:34,737] {processor.py:163} INFO - Started process (PID=2421) to work on /home/saba/airflow_venv/airflow_venv/lib/python3.6/site-packages/airflow/example_dags/example_branch_day_of_week_operator.py
[2022-06-16 14:05:34,741] {processor.py:642} INFO - Processing file /home/saba/airflow_venv/airflow_venv/lib/python3.6/site-packages/airflow/example_dags/example_branch_day_of_week_operator.py for tasks to queue
[2022-06-16 14:05:34,743] {logging_mixin.py:109} INFO - [2022-06-16 14:05:34,743] {dagbag.py:500} INFO - Filling up the DagBag from /home/saba/airflow_venv/airflow_venv/lib/python3.6/site-packages/airflow/example_dags/example_branch_day_of_week_operator.py
[2022-06-16 14:05:34,790] {processor.py:652} INFO - DAG(s) dict_keys(['example_weekday_branch_operator']) retrieved from /home/saba/airflow_venv/airflow_venv/lib/python3.6/site-packages/airflow/example_dags/example_branch_day_of_week_operator.py
[2022-06-16 14:05:34,836] {logging_mixin.py:109} INFO - [2022-06-16 14:05:34,835] {dag.py:2398} INFO - Sync 1 DAGs
[2022-06-16 14:05:34,913] {logging_mixin.py:109} INFO - [2022-06-16 14:05:34,912] {dag.py:2937} INFO - Setting next_dagrun for example_weekday_branch_operator to 2022-06-15 00:00:00+00:00
[2022-06-16 14:05:34,949] {processor.py:171} INFO - Processing /home/saba/airflow_venv/airflow_venv/lib/python3.6/site-packages/airflow/example_dags/example_branch_day_of_week_operator.py took 0.219 seconds
[2022-06-16 14:06:19,540] {processor.py:163} INFO - Started process (PID=2630) to work on /home/saba/airflow_venv/airflow_venv/lib/python3.6/site-packages/airflow/example_dags/example_branch_day_of_week_operator.py
[2022-06-16 14:06:19,544] {processor.py:642} INFO - Processing file /home/saba/airflow_venv/airflow_venv/lib/python3.6/site-packages/airflow/example_dags/example_branch_day_of_week_operator.py for tasks to queue
[2022-06-16 14:06:19,546] {logging_mixin.py:109} INFO - [2022-06-16 14:06:19,546] {dagbag.py:500} INFO - Filling up the DagBag from /home/saba/airflow_venv/airflow_venv/lib/python3.6/site-packages/airflow/example_dags/example_branch_day_of_week_operator.py
[2022-06-16 14:06:19,579] {processor.py:652} INFO - DAG(s) dict_keys(['example_weekday_branch_operator']) retrieved from /home/saba/airflow_venv/airflow_venv/lib/python3.6/site-packages/airflow/example_dags/example_branch_day_of_week_operator.py
[2022-06-16 14:06:19,610] {logging_mixin.py:109} INFO - [2022-06-16 14:06:19,610] {dag.py:2398} INFO - Sync 1 DAGs
[2022-06-16 14:06:19,646] {logging_mixin.py:109} INFO - [2022-06-16 14:06:19,646] {dag.py:2937} INFO - Setting next_dagrun for example_weekday_branch_operator to 2022-06-15 00:00:00+00:00
[2022-06-16 14:06:19,670] {processor.py:171} INFO - Processing /home/saba/airflow_venv/airflow_venv/lib/python3.6/site-packages/airflow/example_dags/example_branch_day_of_week_operator.py took 0.137 seconds
[2022-06-16 14:06:59,280] {processor.py:163} INFO - Started process (PID=2877) to work on /home/saba/airflow_venv/airflow_venv/lib/python3.6/site-packages/airflow/example_dags/example_branch_day_of_week_operator.py
[2022-06-16 14:06:59,283] {processor.py:642} INFO - Processing file /home/saba/airflow_venv/airflow_venv/lib/python3.6/site-packages/airflow/example_dags/example_branch_day_of_week_operator.py for tasks to queue
[2022-06-16 14:06:59,285] {logging_mixin.py:109} INFO - [2022-06-16 14:06:59,285] {dagbag.py:500} INFO - Filling up the DagBag from /home/saba/airflow_venv/airflow_venv/lib/python3.6/site-packages/airflow/example_dags/example_branch_day_of_week_operator.py
[2022-06-16 14:06:59,330] {processor.py:652} INFO - DAG(s) dict_keys(['example_weekday_branch_operator']) retrieved from /home/saba/airflow_venv/airflow_venv/lib/python3.6/site-packages/airflow/example_dags/example_branch_day_of_week_operator.py
[2022-06-16 14:06:59,368] {logging_mixin.py:109} INFO - [2022-06-16 14:06:59,367] {dag.py:2398} INFO - Sync 1 DAGs
[2022-06-16 14:06:59,411] {logging_mixin.py:109} INFO - [2022-06-16 14:06:59,411] {dag.py:2937} INFO - Setting next_dagrun for example_weekday_branch_operator to 2022-06-15 00:00:00+00:00
[2022-06-16 14:06:59,446] {processor.py:171} INFO - Processing /home/saba/airflow_venv/airflow_venv/lib/python3.6/site-packages/airflow/example_dags/example_branch_day_of_week_operator.py took 0.172 seconds
[2022-06-16 14:07:40,572] {processor.py:163} INFO - Started process (PID=3120) to work on /home/saba/airflow_venv/airflow_venv/lib/python3.6/site-packages/airflow/example_dags/example_branch_day_of_week_operator.py
[2022-06-16 14:07:40,575] {processor.py:642} INFO - Processing file /home/saba/airflow_venv/airflow_venv/lib/python3.6/site-packages/airflow/example_dags/example_branch_day_of_week_operator.py for tasks to queue
[2022-06-16 14:07:40,577] {logging_mixin.py:109} INFO - [2022-06-16 14:07:40,576] {dagbag.py:500} INFO - Filling up the DagBag from /home/saba/airflow_venv/airflow_venv/lib/python3.6/site-packages/airflow/example_dags/example_branch_day_of_week_operator.py
[2022-06-16 14:07:40,620] {processor.py:652} INFO - DAG(s) dict_keys(['example_weekday_branch_operator']) retrieved from /home/saba/airflow_venv/airflow_venv/lib/python3.6/site-packages/airflow/example_dags/example_branch_day_of_week_operator.py
[2022-06-16 14:07:40,653] {logging_mixin.py:109} INFO - [2022-06-16 14:07:40,653] {dag.py:2398} INFO - Sync 1 DAGs
[2022-06-16 14:07:40,691] {logging_mixin.py:109} INFO - [2022-06-16 14:07:40,691] {dag.py:2937} INFO - Setting next_dagrun for example_weekday_branch_operator to 2022-06-15 00:00:00+00:00
[2022-06-16 14:07:40,721] {processor.py:171} INFO - Processing /home/saba/airflow_venv/airflow_venv/lib/python3.6/site-packages/airflow/example_dags/example_branch_day_of_week_operator.py took 0.154 seconds
[2022-06-16 14:08:21,761] {processor.py:163} INFO - Started process (PID=3364) to work on /home/saba/airflow_venv/airflow_venv/lib/python3.6/site-packages/airflow/example_dags/example_branch_day_of_week_operator.py
[2022-06-16 14:08:21,764] {processor.py:642} INFO - Processing file /home/saba/airflow_venv/airflow_venv/lib/python3.6/site-packages/airflow/example_dags/example_branch_day_of_week_operator.py for tasks to queue
[2022-06-16 14:08:21,765] {logging_mixin.py:109} INFO - [2022-06-16 14:08:21,765] {dagbag.py:500} INFO - Filling up the DagBag from /home/saba/airflow_venv/airflow_venv/lib/python3.6/site-packages/airflow/example_dags/example_branch_day_of_week_operator.py
[2022-06-16 14:08:21,799] {processor.py:652} INFO - DAG(s) dict_keys(['example_weekday_branch_operator']) retrieved from /home/saba/airflow_venv/airflow_venv/lib/python3.6/site-packages/airflow/example_dags/example_branch_day_of_week_operator.py
[2022-06-16 14:08:21,835] {logging_mixin.py:109} INFO - [2022-06-16 14:08:21,835] {dag.py:2398} INFO - Sync 1 DAGs
[2022-06-16 14:08:21,879] {logging_mixin.py:109} INFO - [2022-06-16 14:08:21,878] {dag.py:2937} INFO - Setting next_dagrun for example_weekday_branch_operator to 2022-06-15 00:00:00+00:00
[2022-06-16 14:08:21,906] {processor.py:171} INFO - Processing /home/saba/airflow_venv/airflow_venv/lib/python3.6/site-packages/airflow/example_dags/example_branch_day_of_week_operator.py took 0.151 seconds
[2022-06-16 14:09:03,405] {processor.py:163} INFO - Started process (PID=3597) to work on /home/saba/airflow_venv/airflow_venv/lib/python3.6/site-packages/airflow/example_dags/example_branch_day_of_week_operator.py
[2022-06-16 14:09:03,409] {processor.py:642} INFO - Processing file /home/saba/airflow_venv/airflow_venv/lib/python3.6/site-packages/airflow/example_dags/example_branch_day_of_week_operator.py for tasks to queue
[2022-06-16 14:09:03,410] {logging_mixin.py:109} INFO - [2022-06-16 14:09:03,410] {dagbag.py:500} INFO - Filling up the DagBag from /home/saba/airflow_venv/airflow_venv/lib/python3.6/site-packages/airflow/example_dags/example_branch_day_of_week_operator.py
[2022-06-16 14:09:03,446] {processor.py:652} INFO - DAG(s) dict_keys(['example_weekday_branch_operator']) retrieved from /home/saba/airflow_venv/airflow_venv/lib/python3.6/site-packages/airflow/example_dags/example_branch_day_of_week_operator.py
[2022-06-16 14:09:03,481] {logging_mixin.py:109} INFO - [2022-06-16 14:09:03,480] {dag.py:2398} INFO - Sync 1 DAGs
[2022-06-16 14:09:03,529] {logging_mixin.py:109} INFO - [2022-06-16 14:09:03,529] {dag.py:2937} INFO - Setting next_dagrun for example_weekday_branch_operator to 2022-06-15 00:00:00+00:00
[2022-06-16 14:09:03,560] {processor.py:171} INFO - Processing /home/saba/airflow_venv/airflow_venv/lib/python3.6/site-packages/airflow/example_dags/example_branch_day_of_week_operator.py took 0.160 seconds
[2022-06-16 14:09:44,103] {processor.py:163} INFO - Started process (PID=3830) to work on /home/saba/airflow_venv/airflow_venv/lib/python3.6/site-packages/airflow/example_dags/example_branch_day_of_week_operator.py
[2022-06-16 14:09:44,106] {processor.py:642} INFO - Processing file /home/saba/airflow_venv/airflow_venv/lib/python3.6/site-packages/airflow/example_dags/example_branch_day_of_week_operator.py for tasks to queue
[2022-06-16 14:09:44,108] {logging_mixin.py:109} INFO - [2022-06-16 14:09:44,107] {dagbag.py:500} INFO - Filling up the DagBag from /home/saba/airflow_venv/airflow_venv/lib/python3.6/site-packages/airflow/example_dags/example_branch_day_of_week_operator.py
[2022-06-16 14:09:44,155] {processor.py:652} INFO - DAG(s) dict_keys(['example_weekday_branch_operator']) retrieved from /home/saba/airflow_venv/airflow_venv/lib/python3.6/site-packages/airflow/example_dags/example_branch_day_of_week_operator.py
[2022-06-16 14:09:44,210] {logging_mixin.py:109} INFO - [2022-06-16 14:09:44,210] {dag.py:2398} INFO - Sync 1 DAGs
[2022-06-16 14:09:44,288] {logging_mixin.py:109} INFO - [2022-06-16 14:09:44,288] {dag.py:2937} INFO - Setting next_dagrun for example_weekday_branch_operator to 2022-06-15 00:00:00+00:00
[2022-06-16 14:09:44,328] {processor.py:171} INFO - Processing /home/saba/airflow_venv/airflow_venv/lib/python3.6/site-packages/airflow/example_dags/example_branch_day_of_week_operator.py took 0.233 seconds
[2022-06-16 14:10:24,695] {processor.py:163} INFO - Started process (PID=4084) to work on /home/saba/airflow_venv/airflow_venv/lib/python3.6/site-packages/airflow/example_dags/example_branch_day_of_week_operator.py
[2022-06-16 14:10:24,706] {processor.py:642} INFO - Processing file /home/saba/airflow_venv/airflow_venv/lib/python3.6/site-packages/airflow/example_dags/example_branch_day_of_week_operator.py for tasks to queue
[2022-06-16 14:10:24,708] {logging_mixin.py:109} INFO - [2022-06-16 14:10:24,708] {dagbag.py:500} INFO - Filling up the DagBag from /home/saba/airflow_venv/airflow_venv/lib/python3.6/site-packages/airflow/example_dags/example_branch_day_of_week_operator.py
[2022-06-16 14:10:24,746] {processor.py:652} INFO - DAG(s) dict_keys(['example_weekday_branch_operator']) retrieved from /home/saba/airflow_venv/airflow_venv/lib/python3.6/site-packages/airflow/example_dags/example_branch_day_of_week_operator.py
[2022-06-16 14:10:24,777] {logging_mixin.py:109} INFO - [2022-06-16 14:10:24,777] {dag.py:2398} INFO - Sync 1 DAGs
[2022-06-16 14:10:24,818] {logging_mixin.py:109} INFO - [2022-06-16 14:10:24,818] {dag.py:2937} INFO - Setting next_dagrun for example_weekday_branch_operator to 2022-06-15 00:00:00+00:00
[2022-06-16 14:10:24,845] {processor.py:171} INFO - Processing /home/saba/airflow_venv/airflow_venv/lib/python3.6/site-packages/airflow/example_dags/example_branch_day_of_week_operator.py took 0.157 seconds
[2022-06-16 14:11:05,817] {processor.py:163} INFO - Started process (PID=4324) to work on /home/saba/airflow_venv/airflow_venv/lib/python3.6/site-packages/airflow/example_dags/example_branch_day_of_week_operator.py
[2022-06-16 14:11:05,829] {processor.py:642} INFO - Processing file /home/saba/airflow_venv/airflow_venv/lib/python3.6/site-packages/airflow/example_dags/example_branch_day_of_week_operator.py for tasks to queue
[2022-06-16 14:11:05,830] {logging_mixin.py:109} INFO - [2022-06-16 14:11:05,830] {dagbag.py:500} INFO - Filling up the DagBag from /home/saba/airflow_venv/airflow_venv/lib/python3.6/site-packages/airflow/example_dags/example_branch_day_of_week_operator.py
[2022-06-16 14:11:05,861] {processor.py:652} INFO - DAG(s) dict_keys(['example_weekday_branch_operator']) retrieved from /home/saba/airflow_venv/airflow_venv/lib/python3.6/site-packages/airflow/example_dags/example_branch_day_of_week_operator.py
[2022-06-16 14:11:05,886] {logging_mixin.py:109} INFO - [2022-06-16 14:11:05,886] {dag.py:2398} INFO - Sync 1 DAGs
[2022-06-16 14:11:05,920] {logging_mixin.py:109} INFO - [2022-06-16 14:11:05,920] {dag.py:2937} INFO - Setting next_dagrun for example_weekday_branch_operator to 2022-06-15 00:00:00+00:00
[2022-06-16 14:11:05,953] {processor.py:171} INFO - Processing /home/saba/airflow_venv/airflow_venv/lib/python3.6/site-packages/airflow/example_dags/example_branch_day_of_week_operator.py took 0.141 seconds
[2022-06-16 14:11:46,087] {processor.py:163} INFO - Started process (PID=4555) to work on /home/saba/airflow_venv/airflow_venv/lib/python3.6/site-packages/airflow/example_dags/example_branch_day_of_week_operator.py
[2022-06-16 14:11:46,092] {processor.py:642} INFO - Processing file /home/saba/airflow_venv/airflow_venv/lib/python3.6/site-packages/airflow/example_dags/example_branch_day_of_week_operator.py for tasks to queue
[2022-06-16 14:11:46,094] {logging_mixin.py:109} INFO - [2022-06-16 14:11:46,094] {dagbag.py:500} INFO - Filling up the DagBag from /home/saba/airflow_venv/airflow_venv/lib/python3.6/site-packages/airflow/example_dags/example_branch_day_of_week_operator.py
[2022-06-16 14:11:46,227] {processor.py:652} INFO - DAG(s) dict_keys(['example_weekday_branch_operator']) retrieved from /home/saba/airflow_venv/airflow_venv/lib/python3.6/site-packages/airflow/example_dags/example_branch_day_of_week_operator.py
[2022-06-16 14:11:46,306] {logging_mixin.py:109} INFO - [2022-06-16 14:11:46,306] {dag.py:2398} INFO - Sync 1 DAGs
[2022-06-16 14:11:46,420] {logging_mixin.py:109} INFO - [2022-06-16 14:11:46,420] {dag.py:2937} INFO - Setting next_dagrun for example_weekday_branch_operator to 2022-06-15 00:00:00+00:00
[2022-06-16 14:11:46,486] {processor.py:171} INFO - Processing /home/saba/airflow_venv/airflow_venv/lib/python3.6/site-packages/airflow/example_dags/example_branch_day_of_week_operator.py took 0.420 seconds
[2022-06-16 14:12:35,896] {processor.py:163} INFO - Started process (PID=4748) to work on /home/saba/airflow_venv/airflow_venv/lib/python3.6/site-packages/airflow/example_dags/example_branch_day_of_week_operator.py
[2022-06-16 14:12:35,900] {processor.py:642} INFO - Processing file /home/saba/airflow_venv/airflow_venv/lib/python3.6/site-packages/airflow/example_dags/example_branch_day_of_week_operator.py for tasks to queue
[2022-06-16 14:12:35,901] {logging_mixin.py:109} INFO - [2022-06-16 14:12:35,901] {dagbag.py:500} INFO - Filling up the DagBag from /home/saba/airflow_venv/airflow_venv/lib/python3.6/site-packages/airflow/example_dags/example_branch_day_of_week_operator.py
[2022-06-16 14:12:35,939] {processor.py:652} INFO - DAG(s) dict_keys(['example_weekday_branch_operator']) retrieved from /home/saba/airflow_venv/airflow_venv/lib/python3.6/site-packages/airflow/example_dags/example_branch_day_of_week_operator.py
[2022-06-16 14:12:35,975] {logging_mixin.py:109} INFO - [2022-06-16 14:12:35,975] {dag.py:2398} INFO - Sync 1 DAGs
[2022-06-16 14:12:36,025] {logging_mixin.py:109} INFO - [2022-06-16 14:12:36,025] {dag.py:2937} INFO - Setting next_dagrun for example_weekday_branch_operator to 2022-06-15 00:00:00+00:00
[2022-06-16 14:12:36,057] {processor.py:171} INFO - Processing /home/saba/airflow_venv/airflow_venv/lib/python3.6/site-packages/airflow/example_dags/example_branch_day_of_week_operator.py took 0.166 seconds
[2022-06-16 14:13:28,700] {processor.py:163} INFO - Started process (PID=4952) to work on /home/saba/airflow_venv/airflow_venv/lib/python3.6/site-packages/airflow/example_dags/example_branch_day_of_week_operator.py
[2022-06-16 14:13:28,708] {processor.py:642} INFO - Processing file /home/saba/airflow_venv/airflow_venv/lib/python3.6/site-packages/airflow/example_dags/example_branch_day_of_week_operator.py for tasks to queue
[2022-06-16 14:13:28,711] {logging_mixin.py:109} INFO - [2022-06-16 14:13:28,711] {dagbag.py:500} INFO - Filling up the DagBag from /home/saba/airflow_venv/airflow_venv/lib/python3.6/site-packages/airflow/example_dags/example_branch_day_of_week_operator.py
[2022-06-16 14:13:28,816] {processor.py:652} INFO - DAG(s) dict_keys(['example_weekday_branch_operator']) retrieved from /home/saba/airflow_venv/airflow_venv/lib/python3.6/site-packages/airflow/example_dags/example_branch_day_of_week_operator.py
[2022-06-16 14:13:28,892] {logging_mixin.py:109} INFO - [2022-06-16 14:13:28,892] {dag.py:2398} INFO - Sync 1 DAGs
[2022-06-16 14:13:28,995] {logging_mixin.py:109} INFO - [2022-06-16 14:13:28,994] {dag.py:2937} INFO - Setting next_dagrun for example_weekday_branch_operator to 2022-06-15 00:00:00+00:00
[2022-06-16 14:13:29,075] {processor.py:171} INFO - Processing /home/saba/airflow_venv/airflow_venv/lib/python3.6/site-packages/airflow/example_dags/example_branch_day_of_week_operator.py took 0.385 seconds
[2022-06-16 14:14:18,949] {processor.py:163} INFO - Started process (PID=5131) to work on /home/saba/airflow_venv/airflow_venv/lib/python3.6/site-packages/airflow/example_dags/example_branch_day_of_week_operator.py
[2022-06-16 14:14:18,967] {processor.py:642} INFO - Processing file /home/saba/airflow_venv/airflow_venv/lib/python3.6/site-packages/airflow/example_dags/example_branch_day_of_week_operator.py for tasks to queue
[2022-06-16 14:14:18,977] {logging_mixin.py:109} INFO - [2022-06-16 14:14:18,977] {dagbag.py:500} INFO - Filling up the DagBag from /home/saba/airflow_venv/airflow_venv/lib/python3.6/site-packages/airflow/example_dags/example_branch_day_of_week_operator.py
[2022-06-16 14:14:19,122] {processor.py:652} INFO - DAG(s) dict_keys(['example_weekday_branch_operator']) retrieved from /home/saba/airflow_venv/airflow_venv/lib/python3.6/site-packages/airflow/example_dags/example_branch_day_of_week_operator.py
[2022-06-16 14:14:19,292] {logging_mixin.py:109} INFO - [2022-06-16 14:14:19,291] {dag.py:2398} INFO - Sync 1 DAGs
[2022-06-16 14:14:19,466] {logging_mixin.py:109} INFO - [2022-06-16 14:14:19,465] {dag.py:2937} INFO - Setting next_dagrun for example_weekday_branch_operator to 2022-06-15 00:00:00+00:00
[2022-06-16 14:14:19,564] {processor.py:171} INFO - Processing /home/saba/airflow_venv/airflow_venv/lib/python3.6/site-packages/airflow/example_dags/example_branch_day_of_week_operator.py took 0.633 seconds
[2022-06-16 14:15:28,498] {processor.py:163} INFO - Started process (PID=5379) to work on /home/saba/airflow_venv/airflow_venv/lib/python3.6/site-packages/airflow/example_dags/example_branch_day_of_week_operator.py
[2022-06-16 14:15:28,508] {processor.py:642} INFO - Processing file /home/saba/airflow_venv/airflow_venv/lib/python3.6/site-packages/airflow/example_dags/example_branch_day_of_week_operator.py for tasks to queue
[2022-06-16 14:15:28,516] {logging_mixin.py:109} INFO - [2022-06-16 14:15:28,515] {dagbag.py:500} INFO - Filling up the DagBag from /home/saba/airflow_venv/airflow_venv/lib/python3.6/site-packages/airflow/example_dags/example_branch_day_of_week_operator.py
[2022-06-16 14:15:28,700] {processor.py:652} INFO - DAG(s) dict_keys(['example_weekday_branch_operator']) retrieved from /home/saba/airflow_venv/airflow_venv/lib/python3.6/site-packages/airflow/example_dags/example_branch_day_of_week_operator.py
[2022-06-16 14:15:28,811] {logging_mixin.py:109} INFO - [2022-06-16 14:15:28,811] {dag.py:2398} INFO - Sync 1 DAGs
[2022-06-16 14:15:28,937] {logging_mixin.py:109} INFO - [2022-06-16 14:15:28,936] {dag.py:2937} INFO - Setting next_dagrun for example_weekday_branch_operator to 2022-06-15 00:00:00+00:00
[2022-06-16 14:15:29,289] {processor.py:171} INFO - Processing /home/saba/airflow_venv/airflow_venv/lib/python3.6/site-packages/airflow/example_dags/example_branch_day_of_week_operator.py took 0.814 seconds
[2022-06-16 14:16:55,335] {processor.py:163} INFO - Started process (PID=7833) to work on /home/saba/airflow_venv/airflow_venv/lib/python3.6/site-packages/airflow/example_dags/example_branch_day_of_week_operator.py
[2022-06-16 14:16:55,348] {processor.py:642} INFO - Processing file /home/saba/airflow_venv/airflow_venv/lib/python3.6/site-packages/airflow/example_dags/example_branch_day_of_week_operator.py for tasks to queue
[2022-06-16 14:16:55,359] {logging_mixin.py:109} INFO - [2022-06-16 14:16:55,350] {dagbag.py:500} INFO - Filling up the DagBag from /home/saba/airflow_venv/airflow_venv/lib/python3.6/site-packages/airflow/example_dags/example_branch_day_of_week_operator.py
[2022-06-16 14:16:55,532] {processor.py:652} INFO - DAG(s) dict_keys(['example_weekday_branch_operator']) retrieved from /home/saba/airflow_venv/airflow_venv/lib/python3.6/site-packages/airflow/example_dags/example_branch_day_of_week_operator.py
[2022-06-16 14:16:55,723] {logging_mixin.py:109} INFO - [2022-06-16 14:16:55,723] {dag.py:2398} INFO - Sync 1 DAGs
[2022-06-16 14:16:56,421] {logging_mixin.py:109} INFO - [2022-06-16 14:16:56,421] {dag.py:2937} INFO - Setting next_dagrun for example_weekday_branch_operator to 2022-06-15 00:00:00+00:00
[2022-06-16 14:16:56,519] {processor.py:171} INFO - Processing /home/saba/airflow_venv/airflow_venv/lib/python3.6/site-packages/airflow/example_dags/example_branch_day_of_week_operator.py took 1.197 seconds
[2022-06-16 14:18:05,156] {processor.py:163} INFO - Started process (PID=8019) to work on /home/saba/airflow_venv/airflow_venv/lib/python3.6/site-packages/airflow/example_dags/example_branch_day_of_week_operator.py
[2022-06-16 14:18:05,160] {processor.py:642} INFO - Processing file /home/saba/airflow_venv/airflow_venv/lib/python3.6/site-packages/airflow/example_dags/example_branch_day_of_week_operator.py for tasks to queue
[2022-06-16 14:18:05,163] {logging_mixin.py:109} INFO - [2022-06-16 14:18:05,162] {dagbag.py:500} INFO - Filling up the DagBag from /home/saba/airflow_venv/airflow_venv/lib/python3.6/site-packages/airflow/example_dags/example_branch_day_of_week_operator.py
[2022-06-16 14:18:05,231] {processor.py:652} INFO - DAG(s) dict_keys(['example_weekday_branch_operator']) retrieved from /home/saba/airflow_venv/airflow_venv/lib/python3.6/site-packages/airflow/example_dags/example_branch_day_of_week_operator.py
[2022-06-16 14:18:05,502] {logging_mixin.py:109} INFO - [2022-06-16 14:18:05,502] {dag.py:2398} INFO - Sync 1 DAGs
[2022-06-16 14:18:05,581] {logging_mixin.py:109} INFO - [2022-06-16 14:18:05,580] {dag.py:2937} INFO - Setting next_dagrun for example_weekday_branch_operator to 2022-06-15 00:00:00+00:00
[2022-06-16 14:18:05,632] {processor.py:171} INFO - Processing /home/saba/airflow_venv/airflow_venv/lib/python3.6/site-packages/airflow/example_dags/example_branch_day_of_week_operator.py took 0.488 seconds
[2022-06-16 14:19:08,916] {processor.py:163} INFO - Started process (PID=8389) to work on /home/saba/airflow_venv/airflow_venv/lib/python3.6/site-packages/airflow/example_dags/example_branch_day_of_week_operator.py
[2022-06-16 14:19:08,923] {processor.py:642} INFO - Processing file /home/saba/airflow_venv/airflow_venv/lib/python3.6/site-packages/airflow/example_dags/example_branch_day_of_week_operator.py for tasks to queue
[2022-06-16 14:19:08,925] {logging_mixin.py:109} INFO - [2022-06-16 14:19:08,925] {dagbag.py:500} INFO - Filling up the DagBag from /home/saba/airflow_venv/airflow_venv/lib/python3.6/site-packages/airflow/example_dags/example_branch_day_of_week_operator.py
[2022-06-16 14:19:09,016] {processor.py:652} INFO - DAG(s) dict_keys(['example_weekday_branch_operator']) retrieved from /home/saba/airflow_venv/airflow_venv/lib/python3.6/site-packages/airflow/example_dags/example_branch_day_of_week_operator.py
[2022-06-16 14:19:09,335] {logging_mixin.py:109} INFO - [2022-06-16 14:19:09,335] {dag.py:2398} INFO - Sync 1 DAGs
[2022-06-16 14:19:09,417] {logging_mixin.py:109} INFO - [2022-06-16 14:19:09,416] {dag.py:2937} INFO - Setting next_dagrun for example_weekday_branch_operator to 2022-06-15 00:00:00+00:00
[2022-06-16 14:19:09,465] {processor.py:171} INFO - Processing /home/saba/airflow_venv/airflow_venv/lib/python3.6/site-packages/airflow/example_dags/example_branch_day_of_week_operator.py took 0.563 seconds
[2022-06-16 14:20:07,459] {processor.py:163} INFO - Started process (PID=8638) to work on /home/saba/airflow_venv/airflow_venv/lib/python3.6/site-packages/airflow/example_dags/example_branch_day_of_week_operator.py
[2022-06-16 14:20:07,469] {processor.py:642} INFO - Processing file /home/saba/airflow_venv/airflow_venv/lib/python3.6/site-packages/airflow/example_dags/example_branch_day_of_week_operator.py for tasks to queue
[2022-06-16 14:20:07,473] {logging_mixin.py:109} INFO - [2022-06-16 14:20:07,472] {dagbag.py:500} INFO - Filling up the DagBag from /home/saba/airflow_venv/airflow_venv/lib/python3.6/site-packages/airflow/example_dags/example_branch_day_of_week_operator.py
[2022-06-16 14:20:08,009] {processor.py:652} INFO - DAG(s) dict_keys(['example_weekday_branch_operator']) retrieved from /home/saba/airflow_venv/airflow_venv/lib/python3.6/site-packages/airflow/example_dags/example_branch_day_of_week_operator.py
[2022-06-16 14:20:08,117] {logging_mixin.py:109} INFO - [2022-06-16 14:20:08,116] {dag.py:2398} INFO - Sync 1 DAGs
[2022-06-16 14:20:08,306] {logging_mixin.py:109} INFO - [2022-06-16 14:20:08,305] {dag.py:2937} INFO - Setting next_dagrun for example_weekday_branch_operator to 2022-06-15 00:00:00+00:00
[2022-06-16 14:20:08,393] {processor.py:171} INFO - Processing /home/saba/airflow_venv/airflow_venv/lib/python3.6/site-packages/airflow/example_dags/example_branch_day_of_week_operator.py took 0.954 seconds
[2022-06-16 14:21:31,591] {processor.py:163} INFO - Started process (PID=8976) to work on /home/saba/airflow_venv/airflow_venv/lib/python3.6/site-packages/airflow/example_dags/example_branch_day_of_week_operator.py
[2022-06-16 14:21:31,604] {processor.py:642} INFO - Processing file /home/saba/airflow_venv/airflow_venv/lib/python3.6/site-packages/airflow/example_dags/example_branch_day_of_week_operator.py for tasks to queue
[2022-06-16 14:21:31,607] {logging_mixin.py:109} INFO - [2022-06-16 14:21:31,606] {dagbag.py:500} INFO - Filling up the DagBag from /home/saba/airflow_venv/airflow_venv/lib/python3.6/site-packages/airflow/example_dags/example_branch_day_of_week_operator.py
[2022-06-16 14:21:32,152] {processor.py:652} INFO - DAG(s) dict_keys(['example_weekday_branch_operator']) retrieved from /home/saba/airflow_venv/airflow_venv/lib/python3.6/site-packages/airflow/example_dags/example_branch_day_of_week_operator.py
[2022-06-16 14:21:32,248] {logging_mixin.py:109} INFO - [2022-06-16 14:21:32,248] {dag.py:2398} INFO - Sync 1 DAGs
[2022-06-16 14:21:32,388] {logging_mixin.py:109} INFO - [2022-06-16 14:21:32,387] {dag.py:2937} INFO - Setting next_dagrun for example_weekday_branch_operator to 2022-06-15 00:00:00+00:00
[2022-06-16 14:21:32,459] {processor.py:171} INFO - Processing /home/saba/airflow_venv/airflow_venv/lib/python3.6/site-packages/airflow/example_dags/example_branch_day_of_week_operator.py took 0.889 seconds
[2022-06-16 14:22:38,113] {processor.py:163} INFO - Started process (PID=9183) to work on /home/saba/airflow_venv/airflow_venv/lib/python3.6/site-packages/airflow/example_dags/example_branch_day_of_week_operator.py
[2022-06-16 14:22:38,123] {processor.py:642} INFO - Processing file /home/saba/airflow_venv/airflow_venv/lib/python3.6/site-packages/airflow/example_dags/example_branch_day_of_week_operator.py for tasks to queue
[2022-06-16 14:22:38,128] {logging_mixin.py:109} INFO - [2022-06-16 14:22:38,128] {dagbag.py:500} INFO - Filling up the DagBag from /home/saba/airflow_venv/airflow_venv/lib/python3.6/site-packages/airflow/example_dags/example_branch_day_of_week_operator.py
[2022-06-16 14:22:38,237] {processor.py:652} INFO - DAG(s) dict_keys(['example_weekday_branch_operator']) retrieved from /home/saba/airflow_venv/airflow_venv/lib/python3.6/site-packages/airflow/example_dags/example_branch_day_of_week_operator.py
[2022-06-16 14:22:38,324] {logging_mixin.py:109} INFO - [2022-06-16 14:22:38,324] {dag.py:2398} INFO - Sync 1 DAGs
[2022-06-16 14:22:38,453] {logging_mixin.py:109} INFO - [2022-06-16 14:22:38,453] {dag.py:2937} INFO - Setting next_dagrun for example_weekday_branch_operator to 2022-06-15 00:00:00+00:00
[2022-06-16 14:22:38,512] {processor.py:171} INFO - Processing /home/saba/airflow_venv/airflow_venv/lib/python3.6/site-packages/airflow/example_dags/example_branch_day_of_week_operator.py took 0.411 seconds
[2022-06-16 14:23:33,413] {processor.py:163} INFO - Started process (PID=9572) to work on /home/saba/airflow_venv/airflow_venv/lib/python3.6/site-packages/airflow/example_dags/example_branch_day_of_week_operator.py
[2022-06-16 14:23:33,420] {processor.py:642} INFO - Processing file /home/saba/airflow_venv/airflow_venv/lib/python3.6/site-packages/airflow/example_dags/example_branch_day_of_week_operator.py for tasks to queue
[2022-06-16 14:23:33,422] {logging_mixin.py:109} INFO - [2022-06-16 14:23:33,422] {dagbag.py:500} INFO - Filling up the DagBag from /home/saba/airflow_venv/airflow_venv/lib/python3.6/site-packages/airflow/example_dags/example_branch_day_of_week_operator.py
[2022-06-16 14:23:33,530] {processor.py:652} INFO - DAG(s) dict_keys(['example_weekday_branch_operator']) retrieved from /home/saba/airflow_venv/airflow_venv/lib/python3.6/site-packages/airflow/example_dags/example_branch_day_of_week_operator.py
[2022-06-16 14:23:33,592] {logging_mixin.py:109} INFO - [2022-06-16 14:23:33,591] {dag.py:2398} INFO - Sync 1 DAGs
[2022-06-16 14:23:33,677] {logging_mixin.py:109} INFO - [2022-06-16 14:23:33,677] {dag.py:2937} INFO - Setting next_dagrun for example_weekday_branch_operator to 2022-06-15 00:00:00+00:00
[2022-06-16 14:23:33,720] {processor.py:171} INFO - Processing /home/saba/airflow_venv/airflow_venv/lib/python3.6/site-packages/airflow/example_dags/example_branch_day_of_week_operator.py took 0.320 seconds
[2022-06-16 14:24:29,633] {processor.py:163} INFO - Started process (PID=9738) to work on /home/saba/airflow_venv/airflow_venv/lib/python3.6/site-packages/airflow/example_dags/example_branch_day_of_week_operator.py
[2022-06-16 14:24:29,650] {processor.py:642} INFO - Processing file /home/saba/airflow_venv/airflow_venv/lib/python3.6/site-packages/airflow/example_dags/example_branch_day_of_week_operator.py for tasks to queue
[2022-06-16 14:24:29,657] {logging_mixin.py:109} INFO - [2022-06-16 14:24:29,654] {dagbag.py:500} INFO - Filling up the DagBag from /home/saba/airflow_venv/airflow_venv/lib/python3.6/site-packages/airflow/example_dags/example_branch_day_of_week_operator.py
[2022-06-16 14:24:29,779] {processor.py:652} INFO - DAG(s) dict_keys(['example_weekday_branch_operator']) retrieved from /home/saba/airflow_venv/airflow_venv/lib/python3.6/site-packages/airflow/example_dags/example_branch_day_of_week_operator.py
[2022-06-16 14:24:29,863] {logging_mixin.py:109} INFO - [2022-06-16 14:24:29,862] {dag.py:2398} INFO - Sync 1 DAGs
[2022-06-16 14:24:29,990] {logging_mixin.py:109} INFO - [2022-06-16 14:24:29,990] {dag.py:2937} INFO - Setting next_dagrun for example_weekday_branch_operator to 2022-06-15 00:00:00+00:00
[2022-06-16 14:24:30,064] {processor.py:171} INFO - Processing /home/saba/airflow_venv/airflow_venv/lib/python3.6/site-packages/airflow/example_dags/example_branch_day_of_week_operator.py took 0.446 seconds
[2022-06-16 14:25:23,359] {processor.py:163} INFO - Started process (PID=10109) to work on /home/saba/airflow_venv/airflow_venv/lib/python3.6/site-packages/airflow/example_dags/example_branch_day_of_week_operator.py
[2022-06-16 14:25:23,378] {processor.py:642} INFO - Processing file /home/saba/airflow_venv/airflow_venv/lib/python3.6/site-packages/airflow/example_dags/example_branch_day_of_week_operator.py for tasks to queue
[2022-06-16 14:25:23,381] {logging_mixin.py:109} INFO - [2022-06-16 14:25:23,380] {dagbag.py:500} INFO - Filling up the DagBag from /home/saba/airflow_venv/airflow_venv/lib/python3.6/site-packages/airflow/example_dags/example_branch_day_of_week_operator.py
[2022-06-16 14:25:23,579] {processor.py:652} INFO - DAG(s) dict_keys(['example_weekday_branch_operator']) retrieved from /home/saba/airflow_venv/airflow_venv/lib/python3.6/site-packages/airflow/example_dags/example_branch_day_of_week_operator.py
[2022-06-16 14:25:23,734] {logging_mixin.py:109} INFO - [2022-06-16 14:25:23,733] {dag.py:2398} INFO - Sync 1 DAGs
[2022-06-16 14:25:23,912] {logging_mixin.py:109} INFO - [2022-06-16 14:25:23,912] {dag.py:2937} INFO - Setting next_dagrun for example_weekday_branch_operator to 2022-06-15 00:00:00+00:00
[2022-06-16 14:25:24,035] {processor.py:171} INFO - Processing /home/saba/airflow_venv/airflow_venv/lib/python3.6/site-packages/airflow/example_dags/example_branch_day_of_week_operator.py took 0.697 seconds
[2022-06-16 14:26:28,112] {processor.py:163} INFO - Started process (PID=10614) to work on /home/saba/airflow_venv/airflow_venv/lib/python3.6/site-packages/airflow/example_dags/example_branch_day_of_week_operator.py
[2022-06-16 14:26:28,122] {processor.py:642} INFO - Processing file /home/saba/airflow_venv/airflow_venv/lib/python3.6/site-packages/airflow/example_dags/example_branch_day_of_week_operator.py for tasks to queue
[2022-06-16 14:26:28,130] {logging_mixin.py:109} INFO - [2022-06-16 14:26:28,128] {dagbag.py:500} INFO - Filling up the DagBag from /home/saba/airflow_venv/airflow_venv/lib/python3.6/site-packages/airflow/example_dags/example_branch_day_of_week_operator.py
[2022-06-16 14:26:28,259] {processor.py:652} INFO - DAG(s) dict_keys(['example_weekday_branch_operator']) retrieved from /home/saba/airflow_venv/airflow_venv/lib/python3.6/site-packages/airflow/example_dags/example_branch_day_of_week_operator.py
[2022-06-16 14:26:28,340] {logging_mixin.py:109} INFO - [2022-06-16 14:26:28,340] {dag.py:2398} INFO - Sync 1 DAGs
[2022-06-16 14:26:28,503] {logging_mixin.py:109} INFO - [2022-06-16 14:26:28,501] {dag.py:2937} INFO - Setting next_dagrun for example_weekday_branch_operator to 2022-06-15 00:00:00+00:00
[2022-06-16 14:26:28,565] {processor.py:171} INFO - Processing /home/saba/airflow_venv/airflow_venv/lib/python3.6/site-packages/airflow/example_dags/example_branch_day_of_week_operator.py took 0.465 seconds
[2022-06-16 14:27:26,106] {processor.py:163} INFO - Started process (PID=10870) to work on /home/saba/airflow_venv/airflow_venv/lib/python3.6/site-packages/airflow/example_dags/example_branch_day_of_week_operator.py
[2022-06-16 14:27:26,110] {processor.py:642} INFO - Processing file /home/saba/airflow_venv/airflow_venv/lib/python3.6/site-packages/airflow/example_dags/example_branch_day_of_week_operator.py for tasks to queue
[2022-06-16 14:27:26,113] {logging_mixin.py:109} INFO - [2022-06-16 14:27:26,112] {dagbag.py:500} INFO - Filling up the DagBag from /home/saba/airflow_venv/airflow_venv/lib/python3.6/site-packages/airflow/example_dags/example_branch_day_of_week_operator.py
[2022-06-16 14:27:26,185] {processor.py:652} INFO - DAG(s) dict_keys(['example_weekday_branch_operator']) retrieved from /home/saba/airflow_venv/airflow_venv/lib/python3.6/site-packages/airflow/example_dags/example_branch_day_of_week_operator.py
[2022-06-16 14:27:26,239] {logging_mixin.py:109} INFO - [2022-06-16 14:27:26,239] {dag.py:2398} INFO - Sync 1 DAGs
[2022-06-16 14:27:26,316] {logging_mixin.py:109} INFO - [2022-06-16 14:27:26,316] {dag.py:2937} INFO - Setting next_dagrun for example_weekday_branch_operator to 2022-06-15 00:00:00+00:00
[2022-06-16 14:27:26,357] {processor.py:171} INFO - Processing /home/saba/airflow_venv/airflow_venv/lib/python3.6/site-packages/airflow/example_dags/example_branch_day_of_week_operator.py took 0.265 seconds
[2022-06-16 14:28:17,736] {processor.py:163} INFO - Started process (PID=11265) to work on /home/saba/airflow_venv/airflow_venv/lib/python3.6/site-packages/airflow/example_dags/example_branch_day_of_week_operator.py
[2022-06-16 14:28:17,741] {processor.py:642} INFO - Processing file /home/saba/airflow_venv/airflow_venv/lib/python3.6/site-packages/airflow/example_dags/example_branch_day_of_week_operator.py for tasks to queue
[2022-06-16 14:28:17,743] {logging_mixin.py:109} INFO - [2022-06-16 14:28:17,742] {dagbag.py:500} INFO - Filling up the DagBag from /home/saba/airflow_venv/airflow_venv/lib/python3.6/site-packages/airflow/example_dags/example_branch_day_of_week_operator.py
[2022-06-16 14:28:17,802] {processor.py:652} INFO - DAG(s) dict_keys(['example_weekday_branch_operator']) retrieved from /home/saba/airflow_venv/airflow_venv/lib/python3.6/site-packages/airflow/example_dags/example_branch_day_of_week_operator.py
[2022-06-16 14:28:17,848] {logging_mixin.py:109} INFO - [2022-06-16 14:28:17,848] {dag.py:2398} INFO - Sync 1 DAGs
[2022-06-16 14:28:17,924] {logging_mixin.py:109} INFO - [2022-06-16 14:28:17,924] {dag.py:2937} INFO - Setting next_dagrun for example_weekday_branch_operator to 2022-06-15 00:00:00+00:00
[2022-06-16 14:28:17,974] {processor.py:171} INFO - Processing /home/saba/airflow_venv/airflow_venv/lib/python3.6/site-packages/airflow/example_dags/example_branch_day_of_week_operator.py took 0.246 seconds
[2022-06-16 14:29:07,055] {processor.py:163} INFO - Started process (PID=11664) to work on /home/saba/airflow_venv/airflow_venv/lib/python3.6/site-packages/airflow/example_dags/example_branch_day_of_week_operator.py
[2022-06-16 14:29:07,065] {processor.py:642} INFO - Processing file /home/saba/airflow_venv/airflow_venv/lib/python3.6/site-packages/airflow/example_dags/example_branch_day_of_week_operator.py for tasks to queue
[2022-06-16 14:29:07,069] {logging_mixin.py:109} INFO - [2022-06-16 14:29:07,068] {dagbag.py:500} INFO - Filling up the DagBag from /home/saba/airflow_venv/airflow_venv/lib/python3.6/site-packages/airflow/example_dags/example_branch_day_of_week_operator.py
[2022-06-16 14:29:07,145] {processor.py:652} INFO - DAG(s) dict_keys(['example_weekday_branch_operator']) retrieved from /home/saba/airflow_venv/airflow_venv/lib/python3.6/site-packages/airflow/example_dags/example_branch_day_of_week_operator.py
[2022-06-16 14:29:07,212] {logging_mixin.py:109} INFO - [2022-06-16 14:29:07,211] {dag.py:2398} INFO - Sync 1 DAGs
[2022-06-16 14:29:07,349] {logging_mixin.py:109} INFO - [2022-06-16 14:29:07,349] {dag.py:2937} INFO - Setting next_dagrun for example_weekday_branch_operator to 2022-06-15 00:00:00+00:00
[2022-06-16 14:29:07,430] {processor.py:171} INFO - Processing /home/saba/airflow_venv/airflow_venv/lib/python3.6/site-packages/airflow/example_dags/example_branch_day_of_week_operator.py took 0.388 seconds
[2022-06-16 14:30:47,561] {processor.py:163} INFO - Started process (PID=12099) to work on /home/saba/airflow_venv/airflow_venv/lib/python3.6/site-packages/airflow/example_dags/example_branch_day_of_week_operator.py
[2022-06-16 14:30:47,565] {processor.py:642} INFO - Processing file /home/saba/airflow_venv/airflow_venv/lib/python3.6/site-packages/airflow/example_dags/example_branch_day_of_week_operator.py for tasks to queue
[2022-06-16 14:30:47,568] {logging_mixin.py:109} INFO - [2022-06-16 14:30:47,567] {dagbag.py:500} INFO - Filling up the DagBag from /home/saba/airflow_venv/airflow_venv/lib/python3.6/site-packages/airflow/example_dags/example_branch_day_of_week_operator.py
[2022-06-16 14:30:47,628] {processor.py:652} INFO - DAG(s) dict_keys(['example_weekday_branch_operator']) retrieved from /home/saba/airflow_venv/airflow_venv/lib/python3.6/site-packages/airflow/example_dags/example_branch_day_of_week_operator.py
[2022-06-16 14:30:47,682] {logging_mixin.py:109} INFO - [2022-06-16 14:30:47,682] {dag.py:2398} INFO - Sync 1 DAGs
[2022-06-16 14:30:47,768] {logging_mixin.py:109} INFO - [2022-06-16 14:30:47,768] {dag.py:2937} INFO - Setting next_dagrun for example_weekday_branch_operator to 2022-06-15 00:00:00+00:00
[2022-06-16 14:30:47,818] {processor.py:171} INFO - Processing /home/saba/airflow_venv/airflow_venv/lib/python3.6/site-packages/airflow/example_dags/example_branch_day_of_week_operator.py took 0.267 seconds
[2022-06-16 14:46:06,069] {processor.py:163} INFO - Started process (PID=91) to work on /home/saba/.local/lib/python3.6/site-packages/airflow/example_dags/example_branch_day_of_week_operator.py
[2022-06-16 14:46:06,071] {processor.py:642} INFO - Processing file /home/saba/.local/lib/python3.6/site-packages/airflow/example_dags/example_branch_day_of_week_operator.py for tasks to queue
[2022-06-16 14:46:06,071] {logging_mixin.py:109} INFO - [2022-06-16 14:46:06,071] {dagbag.py:500} INFO - Filling up the DagBag from /home/saba/.local/lib/python3.6/site-packages/airflow/example_dags/example_branch_day_of_week_operator.py
[2022-06-16 14:46:06,086] {processor.py:652} INFO - DAG(s) dict_keys(['example_weekday_branch_operator']) retrieved from /home/saba/.local/lib/python3.6/site-packages/airflow/example_dags/example_branch_day_of_week_operator.py
[2022-06-16 14:46:06,101] {logging_mixin.py:109} INFO - [2022-06-16 14:46:06,101] {dag.py:2398} INFO - Sync 1 DAGs
[2022-06-16 14:46:06,117] {logging_mixin.py:109} INFO - [2022-06-16 14:46:06,116] {dag.py:2937} INFO - Setting next_dagrun for example_weekday_branch_operator to 2022-06-15 00:00:00+00:00
[2022-06-16 14:46:06,132] {processor.py:171} INFO - Processing /home/saba/.local/lib/python3.6/site-packages/airflow/example_dags/example_branch_day_of_week_operator.py took 0.065 seconds
[2022-06-16 14:47:09,579] {processor.py:163} INFO - Started process (PID=172) to work on /home/saba/.local/lib/python3.6/site-packages/airflow/example_dags/example_branch_day_of_week_operator.py
[2022-06-16 14:47:09,586] {processor.py:642} INFO - Processing file /home/saba/.local/lib/python3.6/site-packages/airflow/example_dags/example_branch_day_of_week_operator.py for tasks to queue
[2022-06-16 14:47:09,590] {logging_mixin.py:109} INFO - [2022-06-16 14:47:09,589] {dagbag.py:500} INFO - Filling up the DagBag from /home/saba/.local/lib/python3.6/site-packages/airflow/example_dags/example_branch_day_of_week_operator.py
[2022-06-16 14:47:09,793] {processor.py:652} INFO - DAG(s) dict_keys(['example_weekday_branch_operator']) retrieved from /home/saba/.local/lib/python3.6/site-packages/airflow/example_dags/example_branch_day_of_week_operator.py
[2022-06-16 14:47:09,932] {logging_mixin.py:109} INFO - [2022-06-16 14:47:09,932] {dag.py:2398} INFO - Sync 1 DAGs
[2022-06-16 14:47:10,052] {logging_mixin.py:109} INFO - [2022-06-16 14:47:10,051] {dag.py:2937} INFO - Setting next_dagrun for example_weekday_branch_operator to 2022-06-15 00:00:00+00:00
[2022-06-16 14:47:10,108] {processor.py:171} INFO - Processing /home/saba/.local/lib/python3.6/site-packages/airflow/example_dags/example_branch_day_of_week_operator.py took 0.546 seconds
[2022-06-16 14:48:15,804] {processor.py:163} INFO - Started process (PID=1720) to work on /home/saba/.local/lib/python3.6/site-packages/airflow/example_dags/example_branch_day_of_week_operator.py
[2022-06-16 14:48:15,810] {processor.py:642} INFO - Processing file /home/saba/.local/lib/python3.6/site-packages/airflow/example_dags/example_branch_day_of_week_operator.py for tasks to queue
[2022-06-16 14:48:15,821] {logging_mixin.py:109} INFO - [2022-06-16 14:48:15,820] {dagbag.py:500} INFO - Filling up the DagBag from /home/saba/.local/lib/python3.6/site-packages/airflow/example_dags/example_branch_day_of_week_operator.py
[2022-06-16 14:48:16,005] {processor.py:652} INFO - DAG(s) dict_keys(['example_weekday_branch_operator']) retrieved from /home/saba/.local/lib/python3.6/site-packages/airflow/example_dags/example_branch_day_of_week_operator.py
[2022-06-16 14:48:16,142] {logging_mixin.py:109} INFO - [2022-06-16 14:48:16,141] {dag.py:2398} INFO - Sync 1 DAGs
[2022-06-16 14:48:16,342] {logging_mixin.py:109} INFO - [2022-06-16 14:48:16,341] {dag.py:2937} INFO - Setting next_dagrun for example_weekday_branch_operator to 2022-06-15 00:00:00+00:00
[2022-06-16 14:48:16,549] {processor.py:171} INFO - Processing /home/saba/.local/lib/python3.6/site-packages/airflow/example_dags/example_branch_day_of_week_operator.py took 0.788 seconds
[2022-06-16 14:49:14,485] {processor.py:163} INFO - Started process (PID=2361) to work on /home/saba/.local/lib/python3.6/site-packages/airflow/example_dags/example_branch_day_of_week_operator.py
[2022-06-16 14:49:14,488] {processor.py:642} INFO - Processing file /home/saba/.local/lib/python3.6/site-packages/airflow/example_dags/example_branch_day_of_week_operator.py for tasks to queue
[2022-06-16 14:49:14,490] {logging_mixin.py:109} INFO - [2022-06-16 14:49:14,490] {dagbag.py:500} INFO - Filling up the DagBag from /home/saba/.local/lib/python3.6/site-packages/airflow/example_dags/example_branch_day_of_week_operator.py
[2022-06-16 14:49:14,545] {processor.py:652} INFO - DAG(s) dict_keys(['example_weekday_branch_operator']) retrieved from /home/saba/.local/lib/python3.6/site-packages/airflow/example_dags/example_branch_day_of_week_operator.py
[2022-06-16 14:49:14,587] {logging_mixin.py:109} INFO - [2022-06-16 14:49:14,587] {dag.py:2398} INFO - Sync 1 DAGs
[2022-06-16 14:49:14,640] {logging_mixin.py:109} INFO - [2022-06-16 14:49:14,640] {dag.py:2937} INFO - Setting next_dagrun for example_weekday_branch_operator to 2022-06-15 00:00:00+00:00
[2022-06-16 14:49:14,674] {processor.py:171} INFO - Processing /home/saba/.local/lib/python3.6/site-packages/airflow/example_dags/example_branch_day_of_week_operator.py took 0.199 seconds
[2022-06-16 14:50:03,172] {processor.py:163} INFO - Started process (PID=2606) to work on /home/saba/.local/lib/python3.6/site-packages/airflow/example_dags/example_branch_day_of_week_operator.py
[2022-06-16 14:50:03,176] {processor.py:642} INFO - Processing file /home/saba/.local/lib/python3.6/site-packages/airflow/example_dags/example_branch_day_of_week_operator.py for tasks to queue
[2022-06-16 14:50:03,178] {logging_mixin.py:109} INFO - [2022-06-16 14:50:03,178] {dagbag.py:500} INFO - Filling up the DagBag from /home/saba/.local/lib/python3.6/site-packages/airflow/example_dags/example_branch_day_of_week_operator.py
[2022-06-16 14:50:03,243] {processor.py:652} INFO - DAG(s) dict_keys(['example_weekday_branch_operator']) retrieved from /home/saba/.local/lib/python3.6/site-packages/airflow/example_dags/example_branch_day_of_week_operator.py
[2022-06-16 14:50:03,297] {logging_mixin.py:109} INFO - [2022-06-16 14:50:03,296] {dag.py:2398} INFO - Sync 1 DAGs
[2022-06-16 14:50:03,367] {logging_mixin.py:109} INFO - [2022-06-16 14:50:03,367] {dag.py:2937} INFO - Setting next_dagrun for example_weekday_branch_operator to 2022-06-15 00:00:00+00:00
[2022-06-16 14:50:03,410] {processor.py:171} INFO - Processing /home/saba/.local/lib/python3.6/site-packages/airflow/example_dags/example_branch_day_of_week_operator.py took 0.246 seconds
[2022-06-16 14:50:43,993] {processor.py:163} INFO - Started process (PID=2666) to work on /home/saba/.local/lib/python3.6/site-packages/airflow/example_dags/example_branch_day_of_week_operator.py
[2022-06-16 14:50:44,005] {processor.py:642} INFO - Processing file /home/saba/.local/lib/python3.6/site-packages/airflow/example_dags/example_branch_day_of_week_operator.py for tasks to queue
[2022-06-16 14:50:44,007] {logging_mixin.py:109} INFO - [2022-06-16 14:50:44,006] {dagbag.py:500} INFO - Filling up the DagBag from /home/saba/.local/lib/python3.6/site-packages/airflow/example_dags/example_branch_day_of_week_operator.py
[2022-06-16 14:50:44,052] {processor.py:652} INFO - DAG(s) dict_keys(['example_weekday_branch_operator']) retrieved from /home/saba/.local/lib/python3.6/site-packages/airflow/example_dags/example_branch_day_of_week_operator.py
[2022-06-16 14:50:44,101] {logging_mixin.py:109} INFO - [2022-06-16 14:50:44,101] {dag.py:2398} INFO - Sync 1 DAGs
[2022-06-16 14:50:44,238] {logging_mixin.py:109} INFO - [2022-06-16 14:50:44,238] {dag.py:2937} INFO - Setting next_dagrun for example_weekday_branch_operator to 2022-06-15 00:00:00+00:00
[2022-06-16 14:50:44,291] {processor.py:171} INFO - Processing /home/saba/.local/lib/python3.6/site-packages/airflow/example_dags/example_branch_day_of_week_operator.py took 0.311 seconds
[2022-06-16 14:51:26,252] {processor.py:163} INFO - Started process (PID=2711) to work on /home/saba/.local/lib/python3.6/site-packages/airflow/example_dags/example_branch_day_of_week_operator.py
[2022-06-16 14:51:26,254] {processor.py:642} INFO - Processing file /home/saba/.local/lib/python3.6/site-packages/airflow/example_dags/example_branch_day_of_week_operator.py for tasks to queue
[2022-06-16 14:51:26,255] {logging_mixin.py:109} INFO - [2022-06-16 14:51:26,255] {dagbag.py:500} INFO - Filling up the DagBag from /home/saba/.local/lib/python3.6/site-packages/airflow/example_dags/example_branch_day_of_week_operator.py
[2022-06-16 14:51:26,284] {processor.py:652} INFO - DAG(s) dict_keys(['example_weekday_branch_operator']) retrieved from /home/saba/.local/lib/python3.6/site-packages/airflow/example_dags/example_branch_day_of_week_operator.py
[2022-06-16 14:51:26,309] {logging_mixin.py:109} INFO - [2022-06-16 14:51:26,309] {dag.py:2398} INFO - Sync 1 DAGs
[2022-06-16 14:51:26,338] {logging_mixin.py:109} INFO - [2022-06-16 14:51:26,338] {dag.py:2937} INFO - Setting next_dagrun for example_weekday_branch_operator to 2022-06-15 00:00:00+00:00
[2022-06-16 14:51:26,357] {processor.py:171} INFO - Processing /home/saba/.local/lib/python3.6/site-packages/airflow/example_dags/example_branch_day_of_week_operator.py took 0.110 seconds
[2022-06-16 14:52:09,175] {processor.py:163} INFO - Started process (PID=2758) to work on /home/saba/.local/lib/python3.6/site-packages/airflow/example_dags/example_branch_day_of_week_operator.py
[2022-06-16 14:52:09,177] {processor.py:642} INFO - Processing file /home/saba/.local/lib/python3.6/site-packages/airflow/example_dags/example_branch_day_of_week_operator.py for tasks to queue
[2022-06-16 14:52:09,178] {logging_mixin.py:109} INFO - [2022-06-16 14:52:09,178] {dagbag.py:500} INFO - Filling up the DagBag from /home/saba/.local/lib/python3.6/site-packages/airflow/example_dags/example_branch_day_of_week_operator.py
[2022-06-16 14:52:09,206] {processor.py:652} INFO - DAG(s) dict_keys(['example_weekday_branch_operator']) retrieved from /home/saba/.local/lib/python3.6/site-packages/airflow/example_dags/example_branch_day_of_week_operator.py
[2022-06-16 14:52:09,234] {logging_mixin.py:109} INFO - [2022-06-16 14:52:09,234] {dag.py:2398} INFO - Sync 1 DAGs
[2022-06-16 14:52:09,276] {logging_mixin.py:109} INFO - [2022-06-16 14:52:09,276] {dag.py:2937} INFO - Setting next_dagrun for example_weekday_branch_operator to 2022-06-15 00:00:00+00:00
[2022-06-16 14:52:09,299] {processor.py:171} INFO - Processing /home/saba/.local/lib/python3.6/site-packages/airflow/example_dags/example_branch_day_of_week_operator.py took 0.130 seconds
[2022-06-16 14:52:46,764] {processor.py:163} INFO - Started process (PID=3031) to work on /home/saba/.local/lib/python3.6/site-packages/airflow/example_dags/example_branch_day_of_week_operator.py
[2022-06-16 14:52:46,767] {processor.py:642} INFO - Processing file /home/saba/.local/lib/python3.6/site-packages/airflow/example_dags/example_branch_day_of_week_operator.py for tasks to queue
[2022-06-16 14:52:46,769] {logging_mixin.py:109} INFO - [2022-06-16 14:52:46,769] {dagbag.py:500} INFO - Filling up the DagBag from /home/saba/.local/lib/python3.6/site-packages/airflow/example_dags/example_branch_day_of_week_operator.py
[2022-06-16 14:52:46,854] {processor.py:652} INFO - DAG(s) dict_keys(['example_weekday_branch_operator']) retrieved from /home/saba/.local/lib/python3.6/site-packages/airflow/example_dags/example_branch_day_of_week_operator.py
[2022-06-16 14:52:46,934] {logging_mixin.py:109} INFO - [2022-06-16 14:52:46,934] {dag.py:2398} INFO - Sync 1 DAGs
[2022-06-16 14:52:47,010] {logging_mixin.py:109} INFO - [2022-06-16 14:52:47,010] {dag.py:2937} INFO - Setting next_dagrun for example_weekday_branch_operator to 2022-06-15 00:00:00+00:00
[2022-06-16 14:52:47,055] {processor.py:171} INFO - Processing /home/saba/.local/lib/python3.6/site-packages/airflow/example_dags/example_branch_day_of_week_operator.py took 0.299 seconds
[2022-06-16 14:53:26,281] {processor.py:163} INFO - Started process (PID=3296) to work on /home/saba/.local/lib/python3.6/site-packages/airflow/example_dags/example_branch_day_of_week_operator.py
[2022-06-16 14:53:26,283] {processor.py:642} INFO - Processing file /home/saba/.local/lib/python3.6/site-packages/airflow/example_dags/example_branch_day_of_week_operator.py for tasks to queue
[2022-06-16 14:53:26,284] {logging_mixin.py:109} INFO - [2022-06-16 14:53:26,284] {dagbag.py:500} INFO - Filling up the DagBag from /home/saba/.local/lib/python3.6/site-packages/airflow/example_dags/example_branch_day_of_week_operator.py
[2022-06-16 14:53:26,307] {processor.py:652} INFO - DAG(s) dict_keys(['example_weekday_branch_operator']) retrieved from /home/saba/.local/lib/python3.6/site-packages/airflow/example_dags/example_branch_day_of_week_operator.py
[2022-06-16 14:53:26,327] {logging_mixin.py:109} INFO - [2022-06-16 14:53:26,327] {dag.py:2398} INFO - Sync 1 DAGs
[2022-06-16 14:53:26,353] {logging_mixin.py:109} INFO - [2022-06-16 14:53:26,353] {dag.py:2937} INFO - Setting next_dagrun for example_weekday_branch_operator to 2022-06-15 00:00:00+00:00
[2022-06-16 14:53:26,373] {processor.py:171} INFO - Processing /home/saba/.local/lib/python3.6/site-packages/airflow/example_dags/example_branch_day_of_week_operator.py took 0.096 seconds
[2022-06-16 14:54:04,813] {processor.py:163} INFO - Started process (PID=3327) to work on /home/saba/.local/lib/python3.6/site-packages/airflow/example_dags/example_branch_day_of_week_operator.py
[2022-06-16 14:54:04,815] {processor.py:642} INFO - Processing file /home/saba/.local/lib/python3.6/site-packages/airflow/example_dags/example_branch_day_of_week_operator.py for tasks to queue
[2022-06-16 14:54:04,816] {logging_mixin.py:109} INFO - [2022-06-16 14:54:04,816] {dagbag.py:500} INFO - Filling up the DagBag from /home/saba/.local/lib/python3.6/site-packages/airflow/example_dags/example_branch_day_of_week_operator.py
[2022-06-16 14:54:04,842] {processor.py:652} INFO - DAG(s) dict_keys(['example_weekday_branch_operator']) retrieved from /home/saba/.local/lib/python3.6/site-packages/airflow/example_dags/example_branch_day_of_week_operator.py
[2022-06-16 14:54:04,862] {logging_mixin.py:109} INFO - [2022-06-16 14:54:04,862] {dag.py:2398} INFO - Sync 1 DAGs
[2022-06-16 14:54:04,888] {logging_mixin.py:109} INFO - [2022-06-16 14:54:04,888] {dag.py:2937} INFO - Setting next_dagrun for example_weekday_branch_operator to 2022-06-15 00:00:00+00:00
[2022-06-16 14:54:04,908] {processor.py:171} INFO - Processing /home/saba/.local/lib/python3.6/site-packages/airflow/example_dags/example_branch_day_of_week_operator.py took 0.098 seconds
[2022-06-16 14:54:44,706] {processor.py:163} INFO - Started process (PID=3610) to work on /home/saba/.local/lib/python3.6/site-packages/airflow/example_dags/example_branch_day_of_week_operator.py
[2022-06-16 14:54:44,709] {processor.py:642} INFO - Processing file /home/saba/.local/lib/python3.6/site-packages/airflow/example_dags/example_branch_day_of_week_operator.py for tasks to queue
[2022-06-16 14:54:44,710] {logging_mixin.py:109} INFO - [2022-06-16 14:54:44,710] {dagbag.py:500} INFO - Filling up the DagBag from /home/saba/.local/lib/python3.6/site-packages/airflow/example_dags/example_branch_day_of_week_operator.py
[2022-06-16 14:54:44,748] {processor.py:652} INFO - DAG(s) dict_keys(['example_weekday_branch_operator']) retrieved from /home/saba/.local/lib/python3.6/site-packages/airflow/example_dags/example_branch_day_of_week_operator.py
[2022-06-16 14:54:44,792] {logging_mixin.py:109} INFO - [2022-06-16 14:54:44,792] {dag.py:2398} INFO - Sync 1 DAGs
[2022-06-16 14:54:44,841] {logging_mixin.py:109} INFO - [2022-06-16 14:54:44,840] {dag.py:2937} INFO - Setting next_dagrun for example_weekday_branch_operator to 2022-06-15 00:00:00+00:00
[2022-06-16 14:54:44,870] {processor.py:171} INFO - Processing /home/saba/.local/lib/python3.6/site-packages/airflow/example_dags/example_branch_day_of_week_operator.py took 0.170 seconds
[2022-06-16 14:55:23,490] {processor.py:163} INFO - Started process (PID=3953) to work on /home/saba/.local/lib/python3.6/site-packages/airflow/example_dags/example_branch_day_of_week_operator.py
[2022-06-16 14:55:23,492] {processor.py:642} INFO - Processing file /home/saba/.local/lib/python3.6/site-packages/airflow/example_dags/example_branch_day_of_week_operator.py for tasks to queue
[2022-06-16 14:55:23,493] {logging_mixin.py:109} INFO - [2022-06-16 14:55:23,493] {dagbag.py:500} INFO - Filling up the DagBag from /home/saba/.local/lib/python3.6/site-packages/airflow/example_dags/example_branch_day_of_week_operator.py
[2022-06-16 14:55:23,526] {processor.py:652} INFO - DAG(s) dict_keys(['example_weekday_branch_operator']) retrieved from /home/saba/.local/lib/python3.6/site-packages/airflow/example_dags/example_branch_day_of_week_operator.py
[2022-06-16 14:55:23,551] {logging_mixin.py:109} INFO - [2022-06-16 14:55:23,551] {dag.py:2398} INFO - Sync 1 DAGs
[2022-06-16 14:55:23,595] {logging_mixin.py:109} INFO - [2022-06-16 14:55:23,594] {dag.py:2937} INFO - Setting next_dagrun for example_weekday_branch_operator to 2022-06-15 00:00:00+00:00
[2022-06-16 14:55:23,622] {processor.py:171} INFO - Processing /home/saba/.local/lib/python3.6/site-packages/airflow/example_dags/example_branch_day_of_week_operator.py took 0.136 seconds
[2022-06-16 14:56:14,313] {processor.py:163} INFO - Started process (PID=4270) to work on /home/saba/.local/lib/python3.6/site-packages/airflow/example_dags/example_branch_day_of_week_operator.py
[2022-06-16 14:56:14,327] {processor.py:642} INFO - Processing file /home/saba/.local/lib/python3.6/site-packages/airflow/example_dags/example_branch_day_of_week_operator.py for tasks to queue
[2022-06-16 14:56:14,339] {logging_mixin.py:109} INFO - [2022-06-16 14:56:14,338] {dagbag.py:500} INFO - Filling up the DagBag from /home/saba/.local/lib/python3.6/site-packages/airflow/example_dags/example_branch_day_of_week_operator.py
[2022-06-16 14:56:14,459] {processor.py:652} INFO - DAG(s) dict_keys(['example_weekday_branch_operator']) retrieved from /home/saba/.local/lib/python3.6/site-packages/airflow/example_dags/example_branch_day_of_week_operator.py
[2022-06-16 14:56:14,559] {logging_mixin.py:109} INFO - [2022-06-16 14:56:14,558] {dag.py:2398} INFO - Sync 1 DAGs
[2022-06-16 14:56:14,690] {logging_mixin.py:109} INFO - [2022-06-16 14:56:14,689] {dag.py:2937} INFO - Setting next_dagrun for example_weekday_branch_operator to 2022-06-15 00:00:00+00:00
[2022-06-16 14:56:14,760] {processor.py:171} INFO - Processing /home/saba/.local/lib/python3.6/site-packages/airflow/example_dags/example_branch_day_of_week_operator.py took 0.457 seconds
[2022-06-16 14:57:01,652] {processor.py:163} INFO - Started process (PID=5478) to work on /home/saba/.local/lib/python3.6/site-packages/airflow/example_dags/example_branch_day_of_week_operator.py
[2022-06-16 14:57:01,657] {processor.py:642} INFO - Processing file /home/saba/.local/lib/python3.6/site-packages/airflow/example_dags/example_branch_day_of_week_operator.py for tasks to queue
[2022-06-16 14:57:01,660] {logging_mixin.py:109} INFO - [2022-06-16 14:57:01,659] {dagbag.py:500} INFO - Filling up the DagBag from /home/saba/.local/lib/python3.6/site-packages/airflow/example_dags/example_branch_day_of_week_operator.py
[2022-06-16 14:57:01,738] {processor.py:652} INFO - DAG(s) dict_keys(['example_weekday_branch_operator']) retrieved from /home/saba/.local/lib/python3.6/site-packages/airflow/example_dags/example_branch_day_of_week_operator.py
[2022-06-16 14:57:01,820] {logging_mixin.py:109} INFO - [2022-06-16 14:57:01,817] {dag.py:2398} INFO - Sync 1 DAGs
[2022-06-16 14:57:01,925] {logging_mixin.py:109} INFO - [2022-06-16 14:57:01,924] {dag.py:2937} INFO - Setting next_dagrun for example_weekday_branch_operator to 2022-06-15 00:00:00+00:00
[2022-06-16 14:57:01,981] {processor.py:171} INFO - Processing /home/saba/.local/lib/python3.6/site-packages/airflow/example_dags/example_branch_day_of_week_operator.py took 0.342 seconds
