[2022-06-16 14:00:06,699] {processor.py:163} INFO - Started process (PID=772) to work on /home/saba/airflow_venv/airflow_venv/lib/python3.6/site-packages/airflow/example_dags/example_branch_python_dop_operator_3.py
[2022-06-16 14:00:06,702] {processor.py:642} INFO - Processing file /home/saba/airflow_venv/airflow_venv/lib/python3.6/site-packages/airflow/example_dags/example_branch_python_dop_operator_3.py for tasks to queue
[2022-06-16 14:00:06,704] {logging_mixin.py:109} INFO - [2022-06-16 14:00:06,703] {dagbag.py:500} INFO - Filling up the DagBag from /home/saba/airflow_venv/airflow_venv/lib/python3.6/site-packages/airflow/example_dags/example_branch_python_dop_operator_3.py
[2022-06-16 14:00:06,761] {processor.py:652} INFO - DAG(s) dict_keys(['example_branch_dop_operator_v3']) retrieved from /home/saba/airflow_venv/airflow_venv/lib/python3.6/site-packages/airflow/example_dags/example_branch_python_dop_operator_3.py
[2022-06-16 14:00:06,804] {logging_mixin.py:109} INFO - [2022-06-16 14:00:06,804] {dag.py:2398} INFO - Sync 1 DAGs
[2022-06-16 14:00:06,873] {logging_mixin.py:109} INFO - [2022-06-16 14:00:06,873] {dag.py:2937} INFO - Setting next_dagrun for example_branch_dop_operator_v3 to 2022-06-16T11:59:00+00:00
[2022-06-16 14:00:06,913] {processor.py:171} INFO - Processing /home/saba/airflow_venv/airflow_venv/lib/python3.6/site-packages/airflow/example_dags/example_branch_python_dop_operator_3.py took 0.220 seconds
[2022-06-16 14:01:30,684] {processor.py:163} INFO - Started process (PID=1183) to work on /home/saba/airflow_venv/airflow_venv/lib/python3.6/site-packages/airflow/example_dags/example_branch_python_dop_operator_3.py
[2022-06-16 14:01:30,688] {processor.py:642} INFO - Processing file /home/saba/airflow_venv/airflow_venv/lib/python3.6/site-packages/airflow/example_dags/example_branch_python_dop_operator_3.py for tasks to queue
[2022-06-16 14:01:30,689] {logging_mixin.py:109} INFO - [2022-06-16 14:01:30,689] {dagbag.py:500} INFO - Filling up the DagBag from /home/saba/airflow_venv/airflow_venv/lib/python3.6/site-packages/airflow/example_dags/example_branch_python_dop_operator_3.py
[2022-06-16 14:01:30,729] {processor.py:652} INFO - DAG(s) dict_keys(['example_branch_dop_operator_v3']) retrieved from /home/saba/airflow_venv/airflow_venv/lib/python3.6/site-packages/airflow/example_dags/example_branch_python_dop_operator_3.py
[2022-06-16 14:01:30,773] {logging_mixin.py:109} INFO - [2022-06-16 14:01:30,772] {dag.py:2398} INFO - Sync 1 DAGs
[2022-06-16 14:01:30,835] {logging_mixin.py:109} INFO - [2022-06-16 14:01:30,835] {dag.py:2937} INFO - Setting next_dagrun for example_branch_dop_operator_v3 to 2022-06-16T12:00:00+00:00
[2022-06-16 14:01:30,881] {processor.py:171} INFO - Processing /home/saba/airflow_venv/airflow_venv/lib/python3.6/site-packages/airflow/example_dags/example_branch_python_dop_operator_3.py took 0.204 seconds
[2022-06-16 14:02:18,351] {processor.py:163} INFO - Started process (PID=1423) to work on /home/saba/airflow_venv/airflow_venv/lib/python3.6/site-packages/airflow/example_dags/example_branch_python_dop_operator_3.py
[2022-06-16 14:02:18,354] {processor.py:642} INFO - Processing file /home/saba/airflow_venv/airflow_venv/lib/python3.6/site-packages/airflow/example_dags/example_branch_python_dop_operator_3.py for tasks to queue
[2022-06-16 14:02:18,355] {logging_mixin.py:109} INFO - [2022-06-16 14:02:18,355] {dagbag.py:500} INFO - Filling up the DagBag from /home/saba/airflow_venv/airflow_venv/lib/python3.6/site-packages/airflow/example_dags/example_branch_python_dop_operator_3.py
[2022-06-16 14:02:18,414] {processor.py:652} INFO - DAG(s) dict_keys(['example_branch_dop_operator_v3']) retrieved from /home/saba/airflow_venv/airflow_venv/lib/python3.6/site-packages/airflow/example_dags/example_branch_python_dop_operator_3.py
[2022-06-16 14:02:18,457] {logging_mixin.py:109} INFO - [2022-06-16 14:02:18,456] {dag.py:2398} INFO - Sync 1 DAGs
[2022-06-16 14:02:18,524] {logging_mixin.py:109} INFO - [2022-06-16 14:02:18,524] {dag.py:2937} INFO - Setting next_dagrun for example_branch_dop_operator_v3 to 2022-06-16T12:01:00+00:00
[2022-06-16 14:02:18,561] {processor.py:171} INFO - Processing /home/saba/airflow_venv/airflow_venv/lib/python3.6/site-packages/airflow/example_dags/example_branch_python_dop_operator_3.py took 0.218 seconds
[2022-06-16 14:03:44,636] {processor.py:163} INFO - Started process (PID=1833) to work on /home/saba/airflow_venv/airflow_venv/lib/python3.6/site-packages/airflow/example_dags/example_branch_python_dop_operator_3.py
[2022-06-16 14:03:44,640] {processor.py:642} INFO - Processing file /home/saba/airflow_venv/airflow_venv/lib/python3.6/site-packages/airflow/example_dags/example_branch_python_dop_operator_3.py for tasks to queue
[2022-06-16 14:03:44,642] {logging_mixin.py:109} INFO - [2022-06-16 14:03:44,642] {dagbag.py:500} INFO - Filling up the DagBag from /home/saba/airflow_venv/airflow_venv/lib/python3.6/site-packages/airflow/example_dags/example_branch_python_dop_operator_3.py
[2022-06-16 14:03:44,703] {processor.py:652} INFO - DAG(s) dict_keys(['example_branch_dop_operator_v3']) retrieved from /home/saba/airflow_venv/airflow_venv/lib/python3.6/site-packages/airflow/example_dags/example_branch_python_dop_operator_3.py
[2022-06-16 14:03:44,733] {logging_mixin.py:109} INFO - [2022-06-16 14:03:44,733] {dag.py:2398} INFO - Sync 1 DAGs
[2022-06-16 14:03:44,807] {logging_mixin.py:109} INFO - [2022-06-16 14:03:44,807] {dag.py:2937} INFO - Setting next_dagrun for example_branch_dop_operator_v3 to 2022-06-16T12:02:00+00:00
[2022-06-16 14:03:44,841] {processor.py:171} INFO - Processing /home/saba/airflow_venv/airflow_venv/lib/python3.6/site-packages/airflow/example_dags/example_branch_python_dop_operator_3.py took 0.212 seconds
[2022-06-16 14:05:05,477] {processor.py:163} INFO - Started process (PID=2265) to work on /home/saba/airflow_venv/airflow_venv/lib/python3.6/site-packages/airflow/example_dags/example_branch_python_dop_operator_3.py
[2022-06-16 14:05:05,488] {processor.py:642} INFO - Processing file /home/saba/airflow_venv/airflow_venv/lib/python3.6/site-packages/airflow/example_dags/example_branch_python_dop_operator_3.py for tasks to queue
[2022-06-16 14:05:05,490] {logging_mixin.py:109} INFO - [2022-06-16 14:05:05,489] {dagbag.py:500} INFO - Filling up the DagBag from /home/saba/airflow_venv/airflow_venv/lib/python3.6/site-packages/airflow/example_dags/example_branch_python_dop_operator_3.py
[2022-06-16 14:05:05,532] {processor.py:652} INFO - DAG(s) dict_keys(['example_branch_dop_operator_v3']) retrieved from /home/saba/airflow_venv/airflow_venv/lib/python3.6/site-packages/airflow/example_dags/example_branch_python_dop_operator_3.py
[2022-06-16 14:05:05,558] {logging_mixin.py:109} INFO - [2022-06-16 14:05:05,558] {dag.py:2398} INFO - Sync 1 DAGs
[2022-06-16 14:05:05,605] {logging_mixin.py:109} INFO - [2022-06-16 14:05:05,605] {dag.py:2937} INFO - Setting next_dagrun for example_branch_dop_operator_v3 to 2022-06-16T12:04:00+00:00
[2022-06-16 14:05:05,640] {processor.py:171} INFO - Processing /home/saba/airflow_venv/airflow_venv/lib/python3.6/site-packages/airflow/example_dags/example_branch_python_dop_operator_3.py took 0.168 seconds
[2022-06-16 14:06:31,441] {processor.py:163} INFO - Started process (PID=2704) to work on /home/saba/airflow_venv/airflow_venv/lib/python3.6/site-packages/airflow/example_dags/example_branch_python_dop_operator_3.py
[2022-06-16 14:06:31,454] {processor.py:642} INFO - Processing file /home/saba/airflow_venv/airflow_venv/lib/python3.6/site-packages/airflow/example_dags/example_branch_python_dop_operator_3.py for tasks to queue
[2022-06-16 14:06:31,455] {logging_mixin.py:109} INFO - [2022-06-16 14:06:31,455] {dagbag.py:500} INFO - Filling up the DagBag from /home/saba/airflow_venv/airflow_venv/lib/python3.6/site-packages/airflow/example_dags/example_branch_python_dop_operator_3.py
[2022-06-16 14:06:31,501] {processor.py:652} INFO - DAG(s) dict_keys(['example_branch_dop_operator_v3']) retrieved from /home/saba/airflow_venv/airflow_venv/lib/python3.6/site-packages/airflow/example_dags/example_branch_python_dop_operator_3.py
[2022-06-16 14:06:31,536] {logging_mixin.py:109} INFO - [2022-06-16 14:06:31,535] {dag.py:2398} INFO - Sync 1 DAGs
[2022-06-16 14:06:31,594] {logging_mixin.py:109} INFO - [2022-06-16 14:06:31,594] {dag.py:2937} INFO - Setting next_dagrun for example_branch_dop_operator_v3 to 2022-06-16T12:05:00+00:00
[2022-06-16 14:06:31,628] {processor.py:171} INFO - Processing /home/saba/airflow_venv/airflow_venv/lib/python3.6/site-packages/airflow/example_dags/example_branch_python_dop_operator_3.py took 0.191 seconds
[2022-06-16 14:07:52,681] {processor.py:163} INFO - Started process (PID=3192) to work on /home/saba/airflow_venv/airflow_venv/lib/python3.6/site-packages/airflow/example_dags/example_branch_python_dop_operator_3.py
[2022-06-16 14:07:52,692] {processor.py:642} INFO - Processing file /home/saba/airflow_venv/airflow_venv/lib/python3.6/site-packages/airflow/example_dags/example_branch_python_dop_operator_3.py for tasks to queue
[2022-06-16 14:07:52,693] {logging_mixin.py:109} INFO - [2022-06-16 14:07:52,692] {dagbag.py:500} INFO - Filling up the DagBag from /home/saba/airflow_venv/airflow_venv/lib/python3.6/site-packages/airflow/example_dags/example_branch_python_dop_operator_3.py
[2022-06-16 14:07:52,735] {processor.py:652} INFO - DAG(s) dict_keys(['example_branch_dop_operator_v3']) retrieved from /home/saba/airflow_venv/airflow_venv/lib/python3.6/site-packages/airflow/example_dags/example_branch_python_dop_operator_3.py
[2022-06-16 14:07:52,774] {logging_mixin.py:109} INFO - [2022-06-16 14:07:52,774] {dag.py:2398} INFO - Sync 1 DAGs
[2022-06-16 14:07:52,833] {logging_mixin.py:109} INFO - [2022-06-16 14:07:52,833] {dag.py:2937} INFO - Setting next_dagrun for example_branch_dop_operator_v3 to 2022-06-16T12:06:00+00:00
[2022-06-16 14:07:52,862] {processor.py:171} INFO - Processing /home/saba/airflow_venv/airflow_venv/lib/python3.6/site-packages/airflow/example_dags/example_branch_python_dop_operator_3.py took 0.186 seconds
[2022-06-16 14:09:14,187] {processor.py:163} INFO - Started process (PID=3660) to work on /home/saba/airflow_venv/airflow_venv/lib/python3.6/site-packages/airflow/example_dags/example_branch_python_dop_operator_3.py
[2022-06-16 14:09:14,190] {processor.py:642} INFO - Processing file /home/saba/airflow_venv/airflow_venv/lib/python3.6/site-packages/airflow/example_dags/example_branch_python_dop_operator_3.py for tasks to queue
[2022-06-16 14:09:14,192] {logging_mixin.py:109} INFO - [2022-06-16 14:09:14,191] {dagbag.py:500} INFO - Filling up the DagBag from /home/saba/airflow_venv/airflow_venv/lib/python3.6/site-packages/airflow/example_dags/example_branch_python_dop_operator_3.py
[2022-06-16 14:09:14,250] {processor.py:652} INFO - DAG(s) dict_keys(['example_branch_dop_operator_v3']) retrieved from /home/saba/airflow_venv/airflow_venv/lib/python3.6/site-packages/airflow/example_dags/example_branch_python_dop_operator_3.py
[2022-06-16 14:09:14,296] {logging_mixin.py:109} INFO - [2022-06-16 14:09:14,296] {dag.py:2398} INFO - Sync 1 DAGs
[2022-06-16 14:09:14,360] {logging_mixin.py:109} INFO - [2022-06-16 14:09:14,360] {dag.py:2937} INFO - Setting next_dagrun for example_branch_dop_operator_v3 to 2022-06-16T12:08:00+00:00
[2022-06-16 14:09:14,404] {processor.py:171} INFO - Processing /home/saba/airflow_venv/airflow_venv/lib/python3.6/site-packages/airflow/example_dags/example_branch_python_dop_operator_3.py took 0.226 seconds
[2022-06-16 14:10:36,904] {processor.py:163} INFO - Started process (PID=4161) to work on /home/saba/airflow_venv/airflow_venv/lib/python3.6/site-packages/airflow/example_dags/example_branch_python_dop_operator_3.py
[2022-06-16 14:10:36,916] {processor.py:642} INFO - Processing file /home/saba/airflow_venv/airflow_venv/lib/python3.6/site-packages/airflow/example_dags/example_branch_python_dop_operator_3.py for tasks to queue
[2022-06-16 14:10:36,918] {logging_mixin.py:109} INFO - [2022-06-16 14:10:36,918] {dagbag.py:500} INFO - Filling up the DagBag from /home/saba/airflow_venv/airflow_venv/lib/python3.6/site-packages/airflow/example_dags/example_branch_python_dop_operator_3.py
[2022-06-16 14:10:36,953] {processor.py:652} INFO - DAG(s) dict_keys(['example_branch_dop_operator_v3']) retrieved from /home/saba/airflow_venv/airflow_venv/lib/python3.6/site-packages/airflow/example_dags/example_branch_python_dop_operator_3.py
[2022-06-16 14:10:36,979] {logging_mixin.py:109} INFO - [2022-06-16 14:10:36,979] {dag.py:2398} INFO - Sync 1 DAGs
[2022-06-16 14:10:37,019] {logging_mixin.py:109} INFO - [2022-06-16 14:10:37,019] {dag.py:2937} INFO - Setting next_dagrun for example_branch_dop_operator_v3 to 2022-06-16T12:09:00+00:00
[2022-06-16 14:10:37,053] {processor.py:171} INFO - Processing /home/saba/airflow_venv/airflow_venv/lib/python3.6/site-packages/airflow/example_dags/example_branch_python_dop_operator_3.py took 0.154 seconds
[2022-06-16 14:12:01,682] {processor.py:163} INFO - Started process (PID=4597) to work on /home/saba/airflow_venv/airflow_venv/lib/python3.6/site-packages/airflow/example_dags/example_branch_python_dop_operator_3.py
[2022-06-16 14:12:01,687] {processor.py:642} INFO - Processing file /home/saba/airflow_venv/airflow_venv/lib/python3.6/site-packages/airflow/example_dags/example_branch_python_dop_operator_3.py for tasks to queue
[2022-06-16 14:12:01,691] {logging_mixin.py:109} INFO - [2022-06-16 14:12:01,690] {dagbag.py:500} INFO - Filling up the DagBag from /home/saba/airflow_venv/airflow_venv/lib/python3.6/site-packages/airflow/example_dags/example_branch_python_dop_operator_3.py
[2022-06-16 14:12:01,819] {processor.py:652} INFO - DAG(s) dict_keys(['example_branch_dop_operator_v3']) retrieved from /home/saba/airflow_venv/airflow_venv/lib/python3.6/site-packages/airflow/example_dags/example_branch_python_dop_operator_3.py
[2022-06-16 14:12:01,913] {logging_mixin.py:109} INFO - [2022-06-16 14:12:01,912] {dag.py:2398} INFO - Sync 1 DAGs
[2022-06-16 14:12:02,076] {logging_mixin.py:109} INFO - [2022-06-16 14:12:02,076] {dag.py:2937} INFO - Setting next_dagrun for example_branch_dop_operator_v3 to 2022-06-16T12:11:00+00:00
[2022-06-16 14:12:02,154] {processor.py:171} INFO - Processing /home/saba/airflow_venv/airflow_venv/lib/python3.6/site-packages/airflow/example_dags/example_branch_python_dop_operator_3.py took 0.485 seconds
[2022-06-16 14:13:42,873] {processor.py:163} INFO - Started process (PID=5003) to work on /home/saba/airflow_venv/airflow_venv/lib/python3.6/site-packages/airflow/example_dags/example_branch_python_dop_operator_3.py
[2022-06-16 14:13:42,878] {processor.py:642} INFO - Processing file /home/saba/airflow_venv/airflow_venv/lib/python3.6/site-packages/airflow/example_dags/example_branch_python_dop_operator_3.py for tasks to queue
[2022-06-16 14:13:42,880] {logging_mixin.py:109} INFO - [2022-06-16 14:13:42,880] {dagbag.py:500} INFO - Filling up the DagBag from /home/saba/airflow_venv/airflow_venv/lib/python3.6/site-packages/airflow/example_dags/example_branch_python_dop_operator_3.py
[2022-06-16 14:13:42,941] {processor.py:652} INFO - DAG(s) dict_keys(['example_branch_dop_operator_v3']) retrieved from /home/saba/airflow_venv/airflow_venv/lib/python3.6/site-packages/airflow/example_dags/example_branch_python_dop_operator_3.py
[2022-06-16 14:13:42,991] {logging_mixin.py:109} INFO - [2022-06-16 14:13:42,991] {dag.py:2398} INFO - Sync 1 DAGs
[2022-06-16 14:13:43,056] {logging_mixin.py:109} INFO - [2022-06-16 14:13:43,055] {dag.py:2937} INFO - Setting next_dagrun for example_branch_dop_operator_v3 to 2022-06-16T12:12:00+00:00
[2022-06-16 14:13:43,088] {processor.py:171} INFO - Processing /home/saba/airflow_venv/airflow_venv/lib/python3.6/site-packages/airflow/example_dags/example_branch_python_dop_operator_3.py took 0.222 seconds
[2022-06-16 14:15:52,671] {processor.py:163} INFO - Started process (PID=5804) to work on /home/saba/airflow_venv/airflow_venv/lib/python3.6/site-packages/airflow/example_dags/example_branch_python_dop_operator_3.py
[2022-06-16 14:15:52,680] {processor.py:642} INFO - Processing file /home/saba/airflow_venv/airflow_venv/lib/python3.6/site-packages/airflow/example_dags/example_branch_python_dop_operator_3.py for tasks to queue
[2022-06-16 14:15:52,688] {logging_mixin.py:109} INFO - [2022-06-16 14:15:52,686] {dagbag.py:500} INFO - Filling up the DagBag from /home/saba/airflow_venv/airflow_venv/lib/python3.6/site-packages/airflow/example_dags/example_branch_python_dop_operator_3.py
[2022-06-16 14:15:52,887] {processor.py:652} INFO - DAG(s) dict_keys(['example_branch_dop_operator_v3']) retrieved from /home/saba/airflow_venv/airflow_venv/lib/python3.6/site-packages/airflow/example_dags/example_branch_python_dop_operator_3.py
[2022-06-16 14:15:53,064] {logging_mixin.py:109} INFO - [2022-06-16 14:15:53,063] {dag.py:2398} INFO - Sync 1 DAGs
[2022-06-16 14:15:53,825] {logging_mixin.py:109} INFO - [2022-06-16 14:15:53,825] {dag.py:2937} INFO - Setting next_dagrun for example_branch_dop_operator_v3 to 2022-06-16T12:14:00+00:00
[2022-06-16 14:15:53,927] {processor.py:171} INFO - Processing /home/saba/airflow_venv/airflow_venv/lib/python3.6/site-packages/airflow/example_dags/example_branch_python_dop_operator_3.py took 1.277 seconds
[2022-06-16 14:18:20,535] {processor.py:163} INFO - Started process (PID=8065) to work on /home/saba/airflow_venv/airflow_venv/lib/python3.6/site-packages/airflow/example_dags/example_branch_python_dop_operator_3.py
[2022-06-16 14:18:20,546] {processor.py:642} INFO - Processing file /home/saba/airflow_venv/airflow_venv/lib/python3.6/site-packages/airflow/example_dags/example_branch_python_dop_operator_3.py for tasks to queue
[2022-06-16 14:18:20,550] {logging_mixin.py:109} INFO - [2022-06-16 14:18:20,549] {dagbag.py:500} INFO - Filling up the DagBag from /home/saba/airflow_venv/airflow_venv/lib/python3.6/site-packages/airflow/example_dags/example_branch_python_dop_operator_3.py
[2022-06-16 14:18:20,697] {processor.py:652} INFO - DAG(s) dict_keys(['example_branch_dop_operator_v3']) retrieved from /home/saba/airflow_venv/airflow_venv/lib/python3.6/site-packages/airflow/example_dags/example_branch_python_dop_operator_3.py
[2022-06-16 14:18:21,113] {logging_mixin.py:109} INFO - [2022-06-16 14:18:21,113] {dag.py:2398} INFO - Sync 1 DAGs
[2022-06-16 14:18:21,231] {logging_mixin.py:109} INFO - [2022-06-16 14:18:21,230] {dag.py:2937} INFO - Setting next_dagrun for example_branch_dop_operator_v3 to 2022-06-16T12:17:00+00:00
[2022-06-16 14:18:21,285] {processor.py:171} INFO - Processing /home/saba/airflow_venv/airflow_venv/lib/python3.6/site-packages/airflow/example_dags/example_branch_python_dop_operator_3.py took 0.776 seconds
[2022-06-16 14:20:26,251] {processor.py:163} INFO - Started process (PID=8687) to work on /home/saba/airflow_venv/airflow_venv/lib/python3.6/site-packages/airflow/example_dags/example_branch_python_dop_operator_3.py
[2022-06-16 14:20:26,278] {processor.py:642} INFO - Processing file /home/saba/airflow_venv/airflow_venv/lib/python3.6/site-packages/airflow/example_dags/example_branch_python_dop_operator_3.py for tasks to queue
[2022-06-16 14:20:26,294] {logging_mixin.py:109} INFO - [2022-06-16 14:20:26,293] {dagbag.py:500} INFO - Filling up the DagBag from /home/saba/airflow_venv/airflow_venv/lib/python3.6/site-packages/airflow/example_dags/example_branch_python_dop_operator_3.py
[2022-06-16 14:20:27,232] {processor.py:652} INFO - DAG(s) dict_keys(['example_branch_dop_operator_v3']) retrieved from /home/saba/airflow_venv/airflow_venv/lib/python3.6/site-packages/airflow/example_dags/example_branch_python_dop_operator_3.py
[2022-06-16 14:20:27,492] {logging_mixin.py:109} INFO - [2022-06-16 14:20:27,480] {dag.py:2398} INFO - Sync 1 DAGs
[2022-06-16 14:20:27,842] {logging_mixin.py:109} INFO - [2022-06-16 14:20:27,842] {dag.py:2937} INFO - Setting next_dagrun for example_branch_dop_operator_v3 to 2022-06-16T12:19:00+00:00
[2022-06-16 14:20:28,292] {processor.py:171} INFO - Processing /home/saba/airflow_venv/airflow_venv/lib/python3.6/site-packages/airflow/example_dags/example_branch_python_dop_operator_3.py took 2.082 seconds
[2022-06-16 14:21:50,243] {processor.py:163} INFO - Started process (PID=9030) to work on /home/saba/airflow_venv/airflow_venv/lib/python3.6/site-packages/airflow/example_dags/example_branch_python_dop_operator_3.py
[2022-06-16 14:21:50,254] {processor.py:642} INFO - Processing file /home/saba/airflow_venv/airflow_venv/lib/python3.6/site-packages/airflow/example_dags/example_branch_python_dop_operator_3.py for tasks to queue
[2022-06-16 14:21:50,257] {logging_mixin.py:109} INFO - [2022-06-16 14:21:50,256] {dagbag.py:500} INFO - Filling up the DagBag from /home/saba/airflow_venv/airflow_venv/lib/python3.6/site-packages/airflow/example_dags/example_branch_python_dop_operator_3.py
[2022-06-16 14:21:50,374] {processor.py:652} INFO - DAG(s) dict_keys(['example_branch_dop_operator_v3']) retrieved from /home/saba/airflow_venv/airflow_venv/lib/python3.6/site-packages/airflow/example_dags/example_branch_python_dop_operator_3.py
[2022-06-16 14:21:50,451] {logging_mixin.py:109} INFO - [2022-06-16 14:21:50,450] {dag.py:2398} INFO - Sync 1 DAGs
[2022-06-16 14:21:50,598] {logging_mixin.py:109} INFO - [2022-06-16 14:21:50,598] {dag.py:2937} INFO - Setting next_dagrun for example_branch_dop_operator_v3 to 2022-06-16T12:20:00+00:00
[2022-06-16 14:21:50,661] {processor.py:171} INFO - Processing /home/saba/airflow_venv/airflow_venv/lib/python3.6/site-packages/airflow/example_dags/example_branch_python_dop_operator_3.py took 0.431 seconds
[2022-06-16 14:23:46,020] {processor.py:163} INFO - Started process (PID=9615) to work on /home/saba/airflow_venv/airflow_venv/lib/python3.6/site-packages/airflow/example_dags/example_branch_python_dop_operator_3.py
[2022-06-16 14:23:46,028] {processor.py:642} INFO - Processing file /home/saba/airflow_venv/airflow_venv/lib/python3.6/site-packages/airflow/example_dags/example_branch_python_dop_operator_3.py for tasks to queue
[2022-06-16 14:23:46,033] {logging_mixin.py:109} INFO - [2022-06-16 14:23:46,032] {dagbag.py:500} INFO - Filling up the DagBag from /home/saba/airflow_venv/airflow_venv/lib/python3.6/site-packages/airflow/example_dags/example_branch_python_dop_operator_3.py
[2022-06-16 14:23:46,124] {processor.py:652} INFO - DAG(s) dict_keys(['example_branch_dop_operator_v3']) retrieved from /home/saba/airflow_venv/airflow_venv/lib/python3.6/site-packages/airflow/example_dags/example_branch_python_dop_operator_3.py
[2022-06-16 14:23:46,219] {logging_mixin.py:109} INFO - [2022-06-16 14:23:46,218] {dag.py:2398} INFO - Sync 1 DAGs
[2022-06-16 14:23:46,380] {logging_mixin.py:109} INFO - [2022-06-16 14:23:46,379] {dag.py:2937} INFO - Setting next_dagrun for example_branch_dop_operator_v3 to 2022-06-16T12:22:00+00:00
[2022-06-16 14:23:46,467] {processor.py:171} INFO - Processing /home/saba/airflow_venv/airflow_venv/lib/python3.6/site-packages/airflow/example_dags/example_branch_python_dop_operator_3.py took 0.459 seconds
[2022-06-16 14:25:41,131] {processor.py:163} INFO - Started process (PID=10415) to work on /home/saba/airflow_venv/airflow_venv/lib/python3.6/site-packages/airflow/example_dags/example_branch_python_dop_operator_3.py
[2022-06-16 14:25:41,136] {processor.py:642} INFO - Processing file /home/saba/airflow_venv/airflow_venv/lib/python3.6/site-packages/airflow/example_dags/example_branch_python_dop_operator_3.py for tasks to queue
[2022-06-16 14:25:41,139] {logging_mixin.py:109} INFO - [2022-06-16 14:25:41,139] {dagbag.py:500} INFO - Filling up the DagBag from /home/saba/airflow_venv/airflow_venv/lib/python3.6/site-packages/airflow/example_dags/example_branch_python_dop_operator_3.py
[2022-06-16 14:25:41,229] {processor.py:652} INFO - DAG(s) dict_keys(['example_branch_dop_operator_v3']) retrieved from /home/saba/airflow_venv/airflow_venv/lib/python3.6/site-packages/airflow/example_dags/example_branch_python_dop_operator_3.py
[2022-06-16 14:25:41,288] {logging_mixin.py:109} INFO - [2022-06-16 14:25:41,288] {dag.py:2398} INFO - Sync 1 DAGs
[2022-06-16 14:25:41,379] {logging_mixin.py:109} INFO - [2022-06-16 14:25:41,378] {dag.py:2937} INFO - Setting next_dagrun for example_branch_dop_operator_v3 to 2022-06-16T12:24:00+00:00
[2022-06-16 14:25:41,434] {processor.py:171} INFO - Processing /home/saba/airflow_venv/airflow_venv/lib/python3.6/site-packages/airflow/example_dags/example_branch_python_dop_operator_3.py took 0.313 seconds
[2022-06-16 14:26:47,534] {processor.py:163} INFO - Started process (PID=10753) to work on /home/saba/airflow_venv/airflow_venv/lib/python3.6/site-packages/airflow/example_dags/example_branch_python_dop_operator_3.py
[2022-06-16 14:26:47,538] {processor.py:642} INFO - Processing file /home/saba/airflow_venv/airflow_venv/lib/python3.6/site-packages/airflow/example_dags/example_branch_python_dop_operator_3.py for tasks to queue
[2022-06-16 14:26:47,541] {logging_mixin.py:109} INFO - [2022-06-16 14:26:47,541] {dagbag.py:500} INFO - Filling up the DagBag from /home/saba/airflow_venv/airflow_venv/lib/python3.6/site-packages/airflow/example_dags/example_branch_python_dop_operator_3.py
[2022-06-16 14:26:47,642] {processor.py:652} INFO - DAG(s) dict_keys(['example_branch_dop_operator_v3']) retrieved from /home/saba/airflow_venv/airflow_venv/lib/python3.6/site-packages/airflow/example_dags/example_branch_python_dop_operator_3.py
[2022-06-16 14:26:47,707] {logging_mixin.py:109} INFO - [2022-06-16 14:26:47,707] {dag.py:2398} INFO - Sync 1 DAGs
[2022-06-16 14:26:47,830] {logging_mixin.py:109} INFO - [2022-06-16 14:26:47,830] {dag.py:2937} INFO - Setting next_dagrun for example_branch_dop_operator_v3 to 2022-06-16T12:25:00+00:00
[2022-06-16 14:26:47,912] {processor.py:171} INFO - Processing /home/saba/airflow_venv/airflow_venv/lib/python3.6/site-packages/airflow/example_dags/example_branch_python_dop_operator_3.py took 0.388 seconds
[2022-06-16 14:28:29,168] {processor.py:163} INFO - Started process (PID=11304) to work on /home/saba/airflow_venv/airflow_venv/lib/python3.6/site-packages/airflow/example_dags/example_branch_python_dop_operator_3.py
[2022-06-16 14:28:29,176] {processor.py:642} INFO - Processing file /home/saba/airflow_venv/airflow_venv/lib/python3.6/site-packages/airflow/example_dags/example_branch_python_dop_operator_3.py for tasks to queue
[2022-06-16 14:28:29,182] {logging_mixin.py:109} INFO - [2022-06-16 14:28:29,180] {dagbag.py:500} INFO - Filling up the DagBag from /home/saba/airflow_venv/airflow_venv/lib/python3.6/site-packages/airflow/example_dags/example_branch_python_dop_operator_3.py
[2022-06-16 14:28:29,282] {processor.py:652} INFO - DAG(s) dict_keys(['example_branch_dop_operator_v3']) retrieved from /home/saba/airflow_venv/airflow_venv/lib/python3.6/site-packages/airflow/example_dags/example_branch_python_dop_operator_3.py
[2022-06-16 14:28:29,329] {logging_mixin.py:109} INFO - [2022-06-16 14:28:29,329] {dag.py:2398} INFO - Sync 1 DAGs
[2022-06-16 14:28:29,421] {logging_mixin.py:109} INFO - [2022-06-16 14:28:29,421] {dag.py:2937} INFO - Setting next_dagrun for example_branch_dop_operator_v3 to 2022-06-16T12:27:00+00:00
[2022-06-16 14:28:29,469] {processor.py:171} INFO - Processing /home/saba/airflow_venv/airflow_venv/lib/python3.6/site-packages/airflow/example_dags/example_branch_python_dop_operator_3.py took 0.315 seconds
[2022-06-16 14:31:03,088] {processor.py:163} INFO - Started process (PID=12340) to work on /home/saba/airflow_venv/airflow_venv/lib/python3.6/site-packages/airflow/example_dags/example_branch_python_dop_operator_3.py
[2022-06-16 14:31:03,100] {processor.py:642} INFO - Processing file /home/saba/airflow_venv/airflow_venv/lib/python3.6/site-packages/airflow/example_dags/example_branch_python_dop_operator_3.py for tasks to queue
[2022-06-16 14:31:03,103] {logging_mixin.py:109} INFO - [2022-06-16 14:31:03,103] {dagbag.py:500} INFO - Filling up the DagBag from /home/saba/airflow_venv/airflow_venv/lib/python3.6/site-packages/airflow/example_dags/example_branch_python_dop_operator_3.py
[2022-06-16 14:31:03,201] {processor.py:652} INFO - DAG(s) dict_keys(['example_branch_dop_operator_v3']) retrieved from /home/saba/airflow_venv/airflow_venv/lib/python3.6/site-packages/airflow/example_dags/example_branch_python_dop_operator_3.py
[2022-06-16 14:31:03,319] {logging_mixin.py:109} INFO - [2022-06-16 14:31:03,319] {dag.py:2398} INFO - Sync 1 DAGs
[2022-06-16 14:31:03,522] {logging_mixin.py:109} INFO - [2022-06-16 14:31:03,522] {dag.py:2937} INFO - Setting next_dagrun for example_branch_dop_operator_v3 to 2022-06-16T12:30:00+00:00
[2022-06-16 14:31:03,588] {processor.py:171} INFO - Processing /home/saba/airflow_venv/airflow_venv/lib/python3.6/site-packages/airflow/example_dags/example_branch_python_dop_operator_3.py took 0.511 seconds
[2022-06-16 14:46:12,839] {processor.py:163} INFO - Started process (PID=98) to work on /home/saba/.local/lib/python3.6/site-packages/airflow/example_dags/example_branch_python_dop_operator_3.py
[2022-06-16 14:46:12,841] {processor.py:642} INFO - Processing file /home/saba/.local/lib/python3.6/site-packages/airflow/example_dags/example_branch_python_dop_operator_3.py for tasks to queue
[2022-06-16 14:46:12,842] {logging_mixin.py:109} INFO - [2022-06-16 14:46:12,842] {dagbag.py:500} INFO - Filling up the DagBag from /home/saba/.local/lib/python3.6/site-packages/airflow/example_dags/example_branch_python_dop_operator_3.py
[2022-06-16 14:46:12,876] {processor.py:652} INFO - DAG(s) dict_keys(['example_branch_dop_operator_v3']) retrieved from /home/saba/.local/lib/python3.6/site-packages/airflow/example_dags/example_branch_python_dop_operator_3.py
[2022-06-16 14:46:12,902] {logging_mixin.py:109} INFO - [2022-06-16 14:46:12,902] {dag.py:2398} INFO - Sync 1 DAGs
[2022-06-16 14:46:12,935] {logging_mixin.py:109} INFO - [2022-06-16 14:46:12,935] {dag.py:2937} INFO - Setting next_dagrun for example_branch_dop_operator_v3 to 2022-06-16T12:45:00+00:00
[2022-06-16 14:46:12,957] {processor.py:171} INFO - Processing /home/saba/.local/lib/python3.6/site-packages/airflow/example_dags/example_branch_python_dop_operator_3.py took 0.122 seconds
[2022-06-16 14:48:29,454] {processor.py:163} INFO - Started process (PID=2040) to work on /home/saba/.local/lib/python3.6/site-packages/airflow/example_dags/example_branch_python_dop_operator_3.py
[2022-06-16 14:48:29,461] {processor.py:642} INFO - Processing file /home/saba/.local/lib/python3.6/site-packages/airflow/example_dags/example_branch_python_dop_operator_3.py for tasks to queue
[2022-06-16 14:48:29,469] {logging_mixin.py:109} INFO - [2022-06-16 14:48:29,463] {dagbag.py:500} INFO - Filling up the DagBag from /home/saba/.local/lib/python3.6/site-packages/airflow/example_dags/example_branch_python_dop_operator_3.py
[2022-06-16 14:48:29,671] {processor.py:652} INFO - DAG(s) dict_keys(['example_branch_dop_operator_v3']) retrieved from /home/saba/.local/lib/python3.6/site-packages/airflow/example_dags/example_branch_python_dop_operator_3.py
[2022-06-16 14:48:29,817] {logging_mixin.py:109} INFO - [2022-06-16 14:48:29,816] {dag.py:2398} INFO - Sync 1 DAGs
[2022-06-16 14:48:30,004] {logging_mixin.py:109} INFO - [2022-06-16 14:48:30,003] {dag.py:2937} INFO - Setting next_dagrun for example_branch_dop_operator_v3 to 2022-06-16T12:47:00+00:00
[2022-06-16 14:48:30,106] {processor.py:171} INFO - Processing /home/saba/.local/lib/python3.6/site-packages/airflow/example_dags/example_branch_python_dop_operator_3.py took 0.681 seconds
[2022-06-16 14:49:23,648] {processor.py:163} INFO - Started process (PID=2370) to work on /home/saba/.local/lib/python3.6/site-packages/airflow/example_dags/example_branch_python_dop_operator_3.py
[2022-06-16 14:49:23,652] {processor.py:642} INFO - Processing file /home/saba/.local/lib/python3.6/site-packages/airflow/example_dags/example_branch_python_dop_operator_3.py for tasks to queue
[2022-06-16 14:49:23,654] {logging_mixin.py:109} INFO - [2022-06-16 14:49:23,653] {dagbag.py:500} INFO - Filling up the DagBag from /home/saba/.local/lib/python3.6/site-packages/airflow/example_dags/example_branch_python_dop_operator_3.py
[2022-06-16 14:49:23,723] {processor.py:652} INFO - DAG(s) dict_keys(['example_branch_dop_operator_v3']) retrieved from /home/saba/.local/lib/python3.6/site-packages/airflow/example_dags/example_branch_python_dop_operator_3.py
[2022-06-16 14:49:23,777] {logging_mixin.py:109} INFO - [2022-06-16 14:49:23,776] {dag.py:2398} INFO - Sync 1 DAGs
[2022-06-16 14:49:23,845] {logging_mixin.py:109} INFO - [2022-06-16 14:49:23,845] {dag.py:2937} INFO - Setting next_dagrun for example_branch_dop_operator_v3 to 2022-06-16T12:48:00+00:00
[2022-06-16 14:49:23,875] {processor.py:171} INFO - Processing /home/saba/.local/lib/python3.6/site-packages/airflow/example_dags/example_branch_python_dop_operator_3.py took 0.240 seconds
[2022-06-16 14:50:51,160] {processor.py:163} INFO - Started process (PID=2671) to work on /home/saba/.local/lib/python3.6/site-packages/airflow/example_dags/example_branch_python_dop_operator_3.py
[2022-06-16 14:50:51,166] {processor.py:642} INFO - Processing file /home/saba/.local/lib/python3.6/site-packages/airflow/example_dags/example_branch_python_dop_operator_3.py for tasks to queue
[2022-06-16 14:50:51,170] {logging_mixin.py:109} INFO - [2022-06-16 14:50:51,169] {dagbag.py:500} INFO - Filling up the DagBag from /home/saba/.local/lib/python3.6/site-packages/airflow/example_dags/example_branch_python_dop_operator_3.py
[2022-06-16 14:50:51,259] {processor.py:652} INFO - DAG(s) dict_keys(['example_branch_dop_operator_v3']) retrieved from /home/saba/.local/lib/python3.6/site-packages/airflow/example_dags/example_branch_python_dop_operator_3.py
[2022-06-16 14:50:51,324] {logging_mixin.py:109} INFO - [2022-06-16 14:50:51,323] {dag.py:2398} INFO - Sync 1 DAGs
[2022-06-16 14:50:51,420] {logging_mixin.py:109} INFO - [2022-06-16 14:50:51,420] {dag.py:2937} INFO - Setting next_dagrun for example_branch_dop_operator_v3 to 2022-06-16T12:49:00+00:00
[2022-06-16 14:50:51,468] {processor.py:171} INFO - Processing /home/saba/.local/lib/python3.6/site-packages/airflow/example_dags/example_branch_python_dop_operator_3.py took 0.320 seconds
[2022-06-16 14:52:15,800] {processor.py:163} INFO - Started process (PID=2769) to work on /home/saba/.local/lib/python3.6/site-packages/airflow/example_dags/example_branch_python_dop_operator_3.py
[2022-06-16 14:52:15,802] {processor.py:642} INFO - Processing file /home/saba/.local/lib/python3.6/site-packages/airflow/example_dags/example_branch_python_dop_operator_3.py for tasks to queue
[2022-06-16 14:52:15,804] {logging_mixin.py:109} INFO - [2022-06-16 14:52:15,803] {dagbag.py:500} INFO - Filling up the DagBag from /home/saba/.local/lib/python3.6/site-packages/airflow/example_dags/example_branch_python_dop_operator_3.py
[2022-06-16 14:52:15,833] {processor.py:652} INFO - DAG(s) dict_keys(['example_branch_dop_operator_v3']) retrieved from /home/saba/.local/lib/python3.6/site-packages/airflow/example_dags/example_branch_python_dop_operator_3.py
[2022-06-16 14:52:15,861] {logging_mixin.py:109} INFO - [2022-06-16 14:52:15,861] {dag.py:2398} INFO - Sync 1 DAGs
[2022-06-16 14:52:15,902] {logging_mixin.py:109} INFO - [2022-06-16 14:52:15,902] {dag.py:2937} INFO - Setting next_dagrun for example_branch_dop_operator_v3 to 2022-06-16T12:51:00+00:00
[2022-06-16 14:52:15,924] {processor.py:171} INFO - Processing /home/saba/.local/lib/python3.6/site-packages/airflow/example_dags/example_branch_python_dop_operator_3.py took 0.129 seconds
[2022-06-16 14:53:31,883] {processor.py:163} INFO - Started process (PID=3302) to work on /home/saba/.local/lib/python3.6/site-packages/airflow/example_dags/example_branch_python_dop_operator_3.py
[2022-06-16 14:53:31,885] {processor.py:642} INFO - Processing file /home/saba/.local/lib/python3.6/site-packages/airflow/example_dags/example_branch_python_dop_operator_3.py for tasks to queue
[2022-06-16 14:53:31,885] {logging_mixin.py:109} INFO - [2022-06-16 14:53:31,885] {dagbag.py:500} INFO - Filling up the DagBag from /home/saba/.local/lib/python3.6/site-packages/airflow/example_dags/example_branch_python_dop_operator_3.py
[2022-06-16 14:53:31,908] {processor.py:652} INFO - DAG(s) dict_keys(['example_branch_dop_operator_v3']) retrieved from /home/saba/.local/lib/python3.6/site-packages/airflow/example_dags/example_branch_python_dop_operator_3.py
[2022-06-16 14:53:31,927] {logging_mixin.py:109} INFO - [2022-06-16 14:53:31,926] {dag.py:2398} INFO - Sync 1 DAGs
[2022-06-16 14:53:31,954] {logging_mixin.py:109} INFO - [2022-06-16 14:53:31,954] {dag.py:2937} INFO - Setting next_dagrun for example_branch_dop_operator_v3 to 2022-06-16T12:52:00+00:00
[2022-06-16 14:53:31,973] {processor.py:171} INFO - Processing /home/saba/.local/lib/python3.6/site-packages/airflow/example_dags/example_branch_python_dop_operator_3.py took 0.093 seconds
[2022-06-16 14:54:51,183] {processor.py:163} INFO - Started process (PID=3663) to work on /home/saba/.local/lib/python3.6/site-packages/airflow/example_dags/example_branch_python_dop_operator_3.py
[2022-06-16 14:54:51,186] {processor.py:642} INFO - Processing file /home/saba/.local/lib/python3.6/site-packages/airflow/example_dags/example_branch_python_dop_operator_3.py for tasks to queue
[2022-06-16 14:54:51,188] {logging_mixin.py:109} INFO - [2022-06-16 14:54:51,187] {dagbag.py:500} INFO - Filling up the DagBag from /home/saba/.local/lib/python3.6/site-packages/airflow/example_dags/example_branch_python_dop_operator_3.py
[2022-06-16 14:54:51,231] {processor.py:652} INFO - DAG(s) dict_keys(['example_branch_dop_operator_v3']) retrieved from /home/saba/.local/lib/python3.6/site-packages/airflow/example_dags/example_branch_python_dop_operator_3.py
[2022-06-16 14:54:51,264] {logging_mixin.py:109} INFO - [2022-06-16 14:54:51,264] {dag.py:2398} INFO - Sync 1 DAGs
[2022-06-16 14:54:51,318] {logging_mixin.py:109} INFO - [2022-06-16 14:54:51,318] {dag.py:2937} INFO - Setting next_dagrun for example_branch_dop_operator_v3 to 2022-06-16T12:53:00+00:00
[2022-06-16 14:54:51,349] {processor.py:171} INFO - Processing /home/saba/.local/lib/python3.6/site-packages/airflow/example_dags/example_branch_python_dop_operator_3.py took 0.173 seconds
[2022-06-16 14:56:21,806] {processor.py:163} INFO - Started process (PID=4276) to work on /home/saba/.local/lib/python3.6/site-packages/airflow/example_dags/example_branch_python_dop_operator_3.py
[2022-06-16 14:56:21,824] {processor.py:642} INFO - Processing file /home/saba/.local/lib/python3.6/site-packages/airflow/example_dags/example_branch_python_dop_operator_3.py for tasks to queue
[2022-06-16 14:56:21,828] {logging_mixin.py:109} INFO - [2022-06-16 14:56:21,827] {dagbag.py:500} INFO - Filling up the DagBag from /home/saba/.local/lib/python3.6/site-packages/airflow/example_dags/example_branch_python_dop_operator_3.py
[2022-06-16 14:56:22,016] {processor.py:652} INFO - DAG(s) dict_keys(['example_branch_dop_operator_v3']) retrieved from /home/saba/.local/lib/python3.6/site-packages/airflow/example_dags/example_branch_python_dop_operator_3.py
[2022-06-16 14:56:22,127] {logging_mixin.py:109} INFO - [2022-06-16 14:56:22,126] {dag.py:2398} INFO - Sync 1 DAGs
[2022-06-16 14:56:22,328] {logging_mixin.py:109} INFO - [2022-06-16 14:56:22,328] {dag.py:2937} INFO - Setting next_dagrun for example_branch_dop_operator_v3 to 2022-06-16T12:55:00+00:00
[2022-06-16 14:56:22,402] {processor.py:171} INFO - Processing /home/saba/.local/lib/python3.6/site-packages/airflow/example_dags/example_branch_python_dop_operator_3.py took 0.623 seconds
