[2022-06-16 14:00:08,606] {processor.py:163} INFO - Started process (PID=783) to work on /home/saba/airflow_venv/airflow_venv/lib/python3.6/site-packages/airflow/example_dags/example_subdag_operator.py
[2022-06-16 14:00:08,608] {processor.py:642} INFO - Processing file /home/saba/airflow_venv/airflow_venv/lib/python3.6/site-packages/airflow/example_dags/example_subdag_operator.py for tasks to queue
[2022-06-16 14:00:08,610] {logging_mixin.py:109} INFO - [2022-06-16 14:00:08,609] {dagbag.py:500} INFO - Filling up the DagBag from /home/saba/airflow_venv/airflow_venv/lib/python3.6/site-packages/airflow/example_dags/example_subdag_operator.py
[2022-06-16 14:00:08,672] {processor.py:652} INFO - DAG(s) dict_keys(['example_subdag_operator.section-1', 'example_subdag_operator.section-2', 'example_subdag_operator']) retrieved from /home/saba/airflow_venv/airflow_venv/lib/python3.6/site-packages/airflow/example_dags/example_subdag_operator.py
[2022-06-16 14:00:08,705] {logging_mixin.py:109} INFO - [2022-06-16 14:00:08,705] {dag.py:2398} INFO - Sync 3 DAGs
[2022-06-16 14:00:08,749] {logging_mixin.py:109} INFO - [2022-06-16 14:00:08,749] {dag.py:2937} INFO - Setting next_dagrun for example_subdag_operator to 2022-06-14T00:00:00+00:00
[2022-06-16 14:00:08,749] {logging_mixin.py:109} INFO - [2022-06-16 14:00:08,749] {dag.py:2937} INFO - Setting next_dagrun for example_subdag_operator.section-1 to None
[2022-06-16 14:00:08,750] {logging_mixin.py:109} INFO - [2022-06-16 14:00:08,750] {dag.py:2937} INFO - Setting next_dagrun for example_subdag_operator.section-2 to None
[2022-06-16 14:00:08,758] {logging_mixin.py:109} INFO - [2022-06-16 14:00:08,758] {dag.py:2398} INFO - Sync 2 DAGs
[2022-06-16 14:00:08,773] {logging_mixin.py:109} INFO - [2022-06-16 14:00:08,773] {dag.py:2937} INFO - Setting next_dagrun for example_subdag_operator.section-1 to None
[2022-06-16 14:00:08,774] {logging_mixin.py:109} INFO - [2022-06-16 14:00:08,774] {dag.py:2937} INFO - Setting next_dagrun for example_subdag_operator.section-2 to None
[2022-06-16 14:00:08,798] {processor.py:171} INFO - Processing /home/saba/airflow_venv/airflow_venv/lib/python3.6/site-packages/airflow/example_dags/example_subdag_operator.py took 0.197 seconds
[2022-06-16 14:01:33,540] {processor.py:163} INFO - Started process (PID=1197) to work on /home/saba/airflow_venv/airflow_venv/lib/python3.6/site-packages/airflow/example_dags/example_subdag_operator.py
[2022-06-16 14:01:33,544] {processor.py:642} INFO - Processing file /home/saba/airflow_venv/airflow_venv/lib/python3.6/site-packages/airflow/example_dags/example_subdag_operator.py for tasks to queue
[2022-06-16 14:01:33,546] {logging_mixin.py:109} INFO - [2022-06-16 14:01:33,546] {dagbag.py:500} INFO - Filling up the DagBag from /home/saba/airflow_venv/airflow_venv/lib/python3.6/site-packages/airflow/example_dags/example_subdag_operator.py
[2022-06-16 14:01:33,624] {processor.py:652} INFO - DAG(s) dict_keys(['example_subdag_operator.section-1', 'example_subdag_operator.section-2', 'example_subdag_operator']) retrieved from /home/saba/airflow_venv/airflow_venv/lib/python3.6/site-packages/airflow/example_dags/example_subdag_operator.py
[2022-06-16 14:01:33,654] {logging_mixin.py:109} INFO - [2022-06-16 14:01:33,654] {dag.py:2398} INFO - Sync 3 DAGs
[2022-06-16 14:01:33,702] {logging_mixin.py:109} INFO - [2022-06-16 14:01:33,701] {dag.py:2937} INFO - Setting next_dagrun for example_subdag_operator to 2022-06-14T00:00:00+00:00
[2022-06-16 14:01:33,703] {logging_mixin.py:109} INFO - [2022-06-16 14:01:33,703] {dag.py:2937} INFO - Setting next_dagrun for example_subdag_operator.section-1 to None
[2022-06-16 14:01:33,703] {logging_mixin.py:109} INFO - [2022-06-16 14:01:33,703] {dag.py:2937} INFO - Setting next_dagrun for example_subdag_operator.section-2 to None
[2022-06-16 14:01:33,717] {logging_mixin.py:109} INFO - [2022-06-16 14:01:33,717] {dag.py:2398} INFO - Sync 2 DAGs
[2022-06-16 14:01:33,736] {logging_mixin.py:109} INFO - [2022-06-16 14:01:33,736] {dag.py:2937} INFO - Setting next_dagrun for example_subdag_operator.section-1 to None
[2022-06-16 14:01:33,737] {logging_mixin.py:109} INFO - [2022-06-16 14:01:33,737] {dag.py:2937} INFO - Setting next_dagrun for example_subdag_operator.section-2 to None
[2022-06-16 14:01:33,761] {processor.py:171} INFO - Processing /home/saba/airflow_venv/airflow_venv/lib/python3.6/site-packages/airflow/example_dags/example_subdag_operator.py took 0.228 seconds
[2022-06-16 14:02:59,183] {processor.py:163} INFO - Started process (PID=1622) to work on /home/saba/airflow_venv/airflow_venv/lib/python3.6/site-packages/airflow/example_dags/example_subdag_operator.py
[2022-06-16 14:02:59,187] {processor.py:642} INFO - Processing file /home/saba/airflow_venv/airflow_venv/lib/python3.6/site-packages/airflow/example_dags/example_subdag_operator.py for tasks to queue
[2022-06-16 14:02:59,189] {logging_mixin.py:109} INFO - [2022-06-16 14:02:59,188] {dagbag.py:500} INFO - Filling up the DagBag from /home/saba/airflow_venv/airflow_venv/lib/python3.6/site-packages/airflow/example_dags/example_subdag_operator.py
[2022-06-16 14:02:59,266] {processor.py:652} INFO - DAG(s) dict_keys(['example_subdag_operator.section-1', 'example_subdag_operator.section-2', 'example_subdag_operator']) retrieved from /home/saba/airflow_venv/airflow_venv/lib/python3.6/site-packages/airflow/example_dags/example_subdag_operator.py
[2022-06-16 14:02:59,299] {logging_mixin.py:109} INFO - [2022-06-16 14:02:59,299] {dag.py:2398} INFO - Sync 3 DAGs
[2022-06-16 14:02:59,357] {logging_mixin.py:109} INFO - [2022-06-16 14:02:59,357] {dag.py:2937} INFO - Setting next_dagrun for example_subdag_operator to 2022-06-14T00:00:00+00:00
[2022-06-16 14:02:59,358] {logging_mixin.py:109} INFO - [2022-06-16 14:02:59,358] {dag.py:2937} INFO - Setting next_dagrun for example_subdag_operator.section-1 to None
[2022-06-16 14:02:59,359] {logging_mixin.py:109} INFO - [2022-06-16 14:02:59,359] {dag.py:2937} INFO - Setting next_dagrun for example_subdag_operator.section-2 to None
[2022-06-16 14:02:59,376] {logging_mixin.py:109} INFO - [2022-06-16 14:02:59,375] {dag.py:2398} INFO - Sync 2 DAGs
[2022-06-16 14:02:59,401] {logging_mixin.py:109} INFO - [2022-06-16 14:02:59,401] {dag.py:2937} INFO - Setting next_dagrun for example_subdag_operator.section-1 to None
[2022-06-16 14:02:59,402] {logging_mixin.py:109} INFO - [2022-06-16 14:02:59,402] {dag.py:2937} INFO - Setting next_dagrun for example_subdag_operator.section-2 to None
[2022-06-16 14:02:59,436] {processor.py:171} INFO - Processing /home/saba/airflow_venv/airflow_venv/lib/python3.6/site-packages/airflow/example_dags/example_subdag_operator.py took 0.259 seconds
[2022-06-16 14:04:23,816] {processor.py:163} INFO - Started process (PID=2027) to work on /home/saba/airflow_venv/airflow_venv/lib/python3.6/site-packages/airflow/example_dags/example_subdag_operator.py
[2022-06-16 14:04:23,828] {processor.py:642} INFO - Processing file /home/saba/airflow_venv/airflow_venv/lib/python3.6/site-packages/airflow/example_dags/example_subdag_operator.py for tasks to queue
[2022-06-16 14:04:23,830] {logging_mixin.py:109} INFO - [2022-06-16 14:04:23,830] {dagbag.py:500} INFO - Filling up the DagBag from /home/saba/airflow_venv/airflow_venv/lib/python3.6/site-packages/airflow/example_dags/example_subdag_operator.py
[2022-06-16 14:04:23,912] {processor.py:652} INFO - DAG(s) dict_keys(['example_subdag_operator.section-1', 'example_subdag_operator.section-2', 'example_subdag_operator']) retrieved from /home/saba/airflow_venv/airflow_venv/lib/python3.6/site-packages/airflow/example_dags/example_subdag_operator.py
[2022-06-16 14:04:23,946] {logging_mixin.py:109} INFO - [2022-06-16 14:04:23,945] {dag.py:2398} INFO - Sync 3 DAGs
[2022-06-16 14:04:23,990] {logging_mixin.py:109} INFO - [2022-06-16 14:04:23,990] {dag.py:2937} INFO - Setting next_dagrun for example_subdag_operator to 2022-06-14T00:00:00+00:00
[2022-06-16 14:04:23,991] {logging_mixin.py:109} INFO - [2022-06-16 14:04:23,991] {dag.py:2937} INFO - Setting next_dagrun for example_subdag_operator.section-1 to None
[2022-06-16 14:04:23,991] {logging_mixin.py:109} INFO - [2022-06-16 14:04:23,991] {dag.py:2937} INFO - Setting next_dagrun for example_subdag_operator.section-2 to None
[2022-06-16 14:04:24,003] {logging_mixin.py:109} INFO - [2022-06-16 14:04:24,002] {dag.py:2398} INFO - Sync 2 DAGs
[2022-06-16 14:04:24,022] {logging_mixin.py:109} INFO - [2022-06-16 14:04:24,021] {dag.py:2937} INFO - Setting next_dagrun for example_subdag_operator.section-1 to None
[2022-06-16 14:04:24,022] {logging_mixin.py:109} INFO - [2022-06-16 14:04:24,022] {dag.py:2937} INFO - Setting next_dagrun for example_subdag_operator.section-2 to None
[2022-06-16 14:04:24,055] {processor.py:171} INFO - Processing /home/saba/airflow_venv/airflow_venv/lib/python3.6/site-packages/airflow/example_dags/example_subdag_operator.py took 0.246 seconds
[2022-06-16 14:05:45,924] {processor.py:163} INFO - Started process (PID=2467) to work on /home/saba/airflow_venv/airflow_venv/lib/python3.6/site-packages/airflow/example_dags/example_subdag_operator.py
[2022-06-16 14:05:45,929] {processor.py:642} INFO - Processing file /home/saba/airflow_venv/airflow_venv/lib/python3.6/site-packages/airflow/example_dags/example_subdag_operator.py for tasks to queue
[2022-06-16 14:05:45,931] {logging_mixin.py:109} INFO - [2022-06-16 14:05:45,931] {dagbag.py:500} INFO - Filling up the DagBag from /home/saba/airflow_venv/airflow_venv/lib/python3.6/site-packages/airflow/example_dags/example_subdag_operator.py
[2022-06-16 14:05:46,050] {processor.py:652} INFO - DAG(s) dict_keys(['example_subdag_operator.section-1', 'example_subdag_operator.section-2', 'example_subdag_operator']) retrieved from /home/saba/airflow_venv/airflow_venv/lib/python3.6/site-packages/airflow/example_dags/example_subdag_operator.py
[2022-06-16 14:05:46,093] {logging_mixin.py:109} INFO - [2022-06-16 14:05:46,092] {dag.py:2398} INFO - Sync 3 DAGs
[2022-06-16 14:05:46,160] {logging_mixin.py:109} INFO - [2022-06-16 14:05:46,159] {dag.py:2937} INFO - Setting next_dagrun for example_subdag_operator to 2022-06-14T00:00:00+00:00
[2022-06-16 14:05:46,161] {logging_mixin.py:109} INFO - [2022-06-16 14:05:46,160] {dag.py:2937} INFO - Setting next_dagrun for example_subdag_operator.section-1 to None
[2022-06-16 14:05:46,161] {logging_mixin.py:109} INFO - [2022-06-16 14:05:46,161] {dag.py:2937} INFO - Setting next_dagrun for example_subdag_operator.section-2 to None
[2022-06-16 14:05:46,178] {logging_mixin.py:109} INFO - [2022-06-16 14:05:46,178] {dag.py:2398} INFO - Sync 2 DAGs
[2022-06-16 14:05:46,217] {logging_mixin.py:109} INFO - [2022-06-16 14:05:46,217] {dag.py:2937} INFO - Setting next_dagrun for example_subdag_operator.section-1 to None
[2022-06-16 14:05:46,218] {logging_mixin.py:109} INFO - [2022-06-16 14:05:46,218] {dag.py:2937} INFO - Setting next_dagrun for example_subdag_operator.section-2 to None
[2022-06-16 14:05:46,253] {processor.py:171} INFO - Processing /home/saba/airflow_venv/airflow_venv/lib/python3.6/site-packages/airflow/example_dags/example_subdag_operator.py took 0.339 seconds
[2022-06-16 14:07:09,823] {processor.py:163} INFO - Started process (PID=2935) to work on /home/saba/airflow_venv/airflow_venv/lib/python3.6/site-packages/airflow/example_dags/example_subdag_operator.py
[2022-06-16 14:07:09,826] {processor.py:642} INFO - Processing file /home/saba/airflow_venv/airflow_venv/lib/python3.6/site-packages/airflow/example_dags/example_subdag_operator.py for tasks to queue
[2022-06-16 14:07:09,827] {logging_mixin.py:109} INFO - [2022-06-16 14:07:09,827] {dagbag.py:500} INFO - Filling up the DagBag from /home/saba/airflow_venv/airflow_venv/lib/python3.6/site-packages/airflow/example_dags/example_subdag_operator.py
[2022-06-16 14:07:09,903] {processor.py:652} INFO - DAG(s) dict_keys(['example_subdag_operator.section-1', 'example_subdag_operator.section-2', 'example_subdag_operator']) retrieved from /home/saba/airflow_venv/airflow_venv/lib/python3.6/site-packages/airflow/example_dags/example_subdag_operator.py
[2022-06-16 14:07:09,936] {logging_mixin.py:109} INFO - [2022-06-16 14:07:09,936] {dag.py:2398} INFO - Sync 3 DAGs
[2022-06-16 14:07:09,982] {logging_mixin.py:109} INFO - [2022-06-16 14:07:09,982] {dag.py:2937} INFO - Setting next_dagrun for example_subdag_operator to 2022-06-14T00:00:00+00:00
[2022-06-16 14:07:09,983] {logging_mixin.py:109} INFO - [2022-06-16 14:07:09,982] {dag.py:2937} INFO - Setting next_dagrun for example_subdag_operator.section-1 to None
[2022-06-16 14:07:09,983] {logging_mixin.py:109} INFO - [2022-06-16 14:07:09,983] {dag.py:2937} INFO - Setting next_dagrun for example_subdag_operator.section-2 to None
[2022-06-16 14:07:09,994] {logging_mixin.py:109} INFO - [2022-06-16 14:07:09,993] {dag.py:2398} INFO - Sync 2 DAGs
[2022-06-16 14:07:10,014] {logging_mixin.py:109} INFO - [2022-06-16 14:07:10,014] {dag.py:2937} INFO - Setting next_dagrun for example_subdag_operator.section-1 to None
[2022-06-16 14:07:10,015] {logging_mixin.py:109} INFO - [2022-06-16 14:07:10,014] {dag.py:2937} INFO - Setting next_dagrun for example_subdag_operator.section-2 to None
[2022-06-16 14:07:10,041] {processor.py:171} INFO - Processing /home/saba/airflow_venv/airflow_venv/lib/python3.6/site-packages/airflow/example_dags/example_subdag_operator.py took 0.224 seconds
[2022-06-16 14:08:32,497] {processor.py:163} INFO - Started process (PID=3422) to work on /home/saba/airflow_venv/airflow_venv/lib/python3.6/site-packages/airflow/example_dags/example_subdag_operator.py
[2022-06-16 14:08:32,500] {processor.py:642} INFO - Processing file /home/saba/airflow_venv/airflow_venv/lib/python3.6/site-packages/airflow/example_dags/example_subdag_operator.py for tasks to queue
[2022-06-16 14:08:32,502] {logging_mixin.py:109} INFO - [2022-06-16 14:08:32,501] {dagbag.py:500} INFO - Filling up the DagBag from /home/saba/airflow_venv/airflow_venv/lib/python3.6/site-packages/airflow/example_dags/example_subdag_operator.py
[2022-06-16 14:08:32,569] {processor.py:652} INFO - DAG(s) dict_keys(['example_subdag_operator.section-1', 'example_subdag_operator.section-2', 'example_subdag_operator']) retrieved from /home/saba/airflow_venv/airflow_venv/lib/python3.6/site-packages/airflow/example_dags/example_subdag_operator.py
[2022-06-16 14:08:32,598] {logging_mixin.py:109} INFO - [2022-06-16 14:08:32,597] {dag.py:2398} INFO - Sync 3 DAGs
[2022-06-16 14:08:32,636] {logging_mixin.py:109} INFO - [2022-06-16 14:08:32,636] {dag.py:2937} INFO - Setting next_dagrun for example_subdag_operator to 2022-06-14T00:00:00+00:00
[2022-06-16 14:08:32,637] {logging_mixin.py:109} INFO - [2022-06-16 14:08:32,637] {dag.py:2937} INFO - Setting next_dagrun for example_subdag_operator.section-1 to None
[2022-06-16 14:08:32,637] {logging_mixin.py:109} INFO - [2022-06-16 14:08:32,637] {dag.py:2937} INFO - Setting next_dagrun for example_subdag_operator.section-2 to None
[2022-06-16 14:08:32,646] {logging_mixin.py:109} INFO - [2022-06-16 14:08:32,646] {dag.py:2398} INFO - Sync 2 DAGs
[2022-06-16 14:08:32,663] {logging_mixin.py:109} INFO - [2022-06-16 14:08:32,663] {dag.py:2937} INFO - Setting next_dagrun for example_subdag_operator.section-1 to None
[2022-06-16 14:08:32,664] {logging_mixin.py:109} INFO - [2022-06-16 14:08:32,664] {dag.py:2937} INFO - Setting next_dagrun for example_subdag_operator.section-2 to None
[2022-06-16 14:08:32,687] {processor.py:171} INFO - Processing /home/saba/airflow_venv/airflow_venv/lib/python3.6/site-packages/airflow/example_dags/example_subdag_operator.py took 0.195 seconds
[2022-06-16 14:09:54,541] {processor.py:163} INFO - Started process (PID=3892) to work on /home/saba/airflow_venv/airflow_venv/lib/python3.6/site-packages/airflow/example_dags/example_subdag_operator.py
[2022-06-16 14:09:54,553] {processor.py:642} INFO - Processing file /home/saba/airflow_venv/airflow_venv/lib/python3.6/site-packages/airflow/example_dags/example_subdag_operator.py for tasks to queue
[2022-06-16 14:09:54,555] {logging_mixin.py:109} INFO - [2022-06-16 14:09:54,554] {dagbag.py:500} INFO - Filling up the DagBag from /home/saba/airflow_venv/airflow_venv/lib/python3.6/site-packages/airflow/example_dags/example_subdag_operator.py
[2022-06-16 14:09:54,610] {processor.py:652} INFO - DAG(s) dict_keys(['example_subdag_operator.section-1', 'example_subdag_operator.section-2', 'example_subdag_operator']) retrieved from /home/saba/airflow_venv/airflow_venv/lib/python3.6/site-packages/airflow/example_dags/example_subdag_operator.py
[2022-06-16 14:09:54,632] {logging_mixin.py:109} INFO - [2022-06-16 14:09:54,632] {dag.py:2398} INFO - Sync 3 DAGs
[2022-06-16 14:09:54,670] {logging_mixin.py:109} INFO - [2022-06-16 14:09:54,670] {dag.py:2937} INFO - Setting next_dagrun for example_subdag_operator to 2022-06-14T00:00:00+00:00
[2022-06-16 14:09:54,671] {logging_mixin.py:109} INFO - [2022-06-16 14:09:54,671] {dag.py:2937} INFO - Setting next_dagrun for example_subdag_operator.section-1 to None
[2022-06-16 14:09:54,672] {logging_mixin.py:109} INFO - [2022-06-16 14:09:54,671] {dag.py:2937} INFO - Setting next_dagrun for example_subdag_operator.section-2 to None
[2022-06-16 14:09:54,683] {logging_mixin.py:109} INFO - [2022-06-16 14:09:54,682] {dag.py:2398} INFO - Sync 2 DAGs
[2022-06-16 14:09:54,701] {logging_mixin.py:109} INFO - [2022-06-16 14:09:54,700] {dag.py:2937} INFO - Setting next_dagrun for example_subdag_operator.section-1 to None
[2022-06-16 14:09:54,701] {logging_mixin.py:109} INFO - [2022-06-16 14:09:54,701] {dag.py:2937} INFO - Setting next_dagrun for example_subdag_operator.section-2 to None
[2022-06-16 14:09:54,732] {processor.py:171} INFO - Processing /home/saba/airflow_venv/airflow_venv/lib/python3.6/site-packages/airflow/example_dags/example_subdag_operator.py took 0.198 seconds
[2022-06-16 14:11:15,566] {processor.py:163} INFO - Started process (PID=4384) to work on /home/saba/airflow_venv/airflow_venv/lib/python3.6/site-packages/airflow/example_dags/example_subdag_operator.py
[2022-06-16 14:11:15,570] {processor.py:642} INFO - Processing file /home/saba/airflow_venv/airflow_venv/lib/python3.6/site-packages/airflow/example_dags/example_subdag_operator.py for tasks to queue
[2022-06-16 14:11:15,572] {logging_mixin.py:109} INFO - [2022-06-16 14:11:15,572] {dagbag.py:500} INFO - Filling up the DagBag from /home/saba/airflow_venv/airflow_venv/lib/python3.6/site-packages/airflow/example_dags/example_subdag_operator.py
[2022-06-16 14:11:15,635] {processor.py:652} INFO - DAG(s) dict_keys(['example_subdag_operator.section-1', 'example_subdag_operator.section-2', 'example_subdag_operator']) retrieved from /home/saba/airflow_venv/airflow_venv/lib/python3.6/site-packages/airflow/example_dags/example_subdag_operator.py
[2022-06-16 14:11:15,659] {logging_mixin.py:109} INFO - [2022-06-16 14:11:15,658] {dag.py:2398} INFO - Sync 3 DAGs
[2022-06-16 14:11:15,694] {logging_mixin.py:109} INFO - [2022-06-16 14:11:15,693] {dag.py:2937} INFO - Setting next_dagrun for example_subdag_operator to 2022-06-14T00:00:00+00:00
[2022-06-16 14:11:15,694] {logging_mixin.py:109} INFO - [2022-06-16 14:11:15,694] {dag.py:2937} INFO - Setting next_dagrun for example_subdag_operator.section-1 to None
[2022-06-16 14:11:15,695] {logging_mixin.py:109} INFO - [2022-06-16 14:11:15,695] {dag.py:2937} INFO - Setting next_dagrun for example_subdag_operator.section-2 to None
[2022-06-16 14:11:15,704] {logging_mixin.py:109} INFO - [2022-06-16 14:11:15,704] {dag.py:2398} INFO - Sync 2 DAGs
[2022-06-16 14:11:15,717] {logging_mixin.py:109} INFO - [2022-06-16 14:11:15,717] {dag.py:2937} INFO - Setting next_dagrun for example_subdag_operator.section-1 to None
[2022-06-16 14:11:15,718] {logging_mixin.py:109} INFO - [2022-06-16 14:11:15,717] {dag.py:2937} INFO - Setting next_dagrun for example_subdag_operator.section-2 to None
[2022-06-16 14:11:15,744] {processor.py:171} INFO - Processing /home/saba/airflow_venv/airflow_venv/lib/python3.6/site-packages/airflow/example_dags/example_subdag_operator.py took 0.185 seconds
[2022-06-16 14:12:49,510] {processor.py:163} INFO - Started process (PID=4796) to work on /home/saba/airflow_venv/airflow_venv/lib/python3.6/site-packages/airflow/example_dags/example_subdag_operator.py
[2022-06-16 14:12:49,515] {processor.py:642} INFO - Processing file /home/saba/airflow_venv/airflow_venv/lib/python3.6/site-packages/airflow/example_dags/example_subdag_operator.py for tasks to queue
[2022-06-16 14:12:49,518] {logging_mixin.py:109} INFO - [2022-06-16 14:12:49,517] {dagbag.py:500} INFO - Filling up the DagBag from /home/saba/airflow_venv/airflow_venv/lib/python3.6/site-packages/airflow/example_dags/example_subdag_operator.py
[2022-06-16 14:12:49,623] {processor.py:652} INFO - DAG(s) dict_keys(['example_subdag_operator.section-1', 'example_subdag_operator.section-2', 'example_subdag_operator']) retrieved from /home/saba/airflow_venv/airflow_venv/lib/python3.6/site-packages/airflow/example_dags/example_subdag_operator.py
[2022-06-16 14:12:49,673] {logging_mixin.py:109} INFO - [2022-06-16 14:12:49,672] {dag.py:2398} INFO - Sync 3 DAGs
[2022-06-16 14:12:49,753] {logging_mixin.py:109} INFO - [2022-06-16 14:12:49,752] {dag.py:2937} INFO - Setting next_dagrun for example_subdag_operator to 2022-06-14T00:00:00+00:00
[2022-06-16 14:12:49,754] {logging_mixin.py:109} INFO - [2022-06-16 14:12:49,754] {dag.py:2937} INFO - Setting next_dagrun for example_subdag_operator.section-1 to None
[2022-06-16 14:12:49,754] {logging_mixin.py:109} INFO - [2022-06-16 14:12:49,754] {dag.py:2937} INFO - Setting next_dagrun for example_subdag_operator.section-2 to None
[2022-06-16 14:12:49,782] {logging_mixin.py:109} INFO - [2022-06-16 14:12:49,781] {dag.py:2398} INFO - Sync 2 DAGs
[2022-06-16 14:12:49,824] {logging_mixin.py:109} INFO - [2022-06-16 14:12:49,824] {dag.py:2937} INFO - Setting next_dagrun for example_subdag_operator.section-1 to None
[2022-06-16 14:12:49,825] {logging_mixin.py:109} INFO - [2022-06-16 14:12:49,825] {dag.py:2937} INFO - Setting next_dagrun for example_subdag_operator.section-2 to None
[2022-06-16 14:12:49,895] {processor.py:171} INFO - Processing /home/saba/airflow_venv/airflow_venv/lib/python3.6/site-packages/airflow/example_dags/example_subdag_operator.py took 0.394 seconds
[2022-06-16 14:14:36,055] {processor.py:163} INFO - Started process (PID=5169) to work on /home/saba/airflow_venv/airflow_venv/lib/python3.6/site-packages/airflow/example_dags/example_subdag_operator.py
[2022-06-16 14:14:36,060] {processor.py:642} INFO - Processing file /home/saba/airflow_venv/airflow_venv/lib/python3.6/site-packages/airflow/example_dags/example_subdag_operator.py for tasks to queue
[2022-06-16 14:14:36,062] {logging_mixin.py:109} INFO - [2022-06-16 14:14:36,062] {dagbag.py:500} INFO - Filling up the DagBag from /home/saba/airflow_venv/airflow_venv/lib/python3.6/site-packages/airflow/example_dags/example_subdag_operator.py
[2022-06-16 14:14:36,232] {processor.py:652} INFO - DAG(s) dict_keys(['example_subdag_operator.section-1', 'example_subdag_operator.section-2', 'example_subdag_operator']) retrieved from /home/saba/airflow_venv/airflow_venv/lib/python3.6/site-packages/airflow/example_dags/example_subdag_operator.py
[2022-06-16 14:14:36,306] {logging_mixin.py:109} INFO - [2022-06-16 14:14:36,305] {dag.py:2398} INFO - Sync 3 DAGs
[2022-06-16 14:14:36,423] {logging_mixin.py:109} INFO - [2022-06-16 14:14:36,423] {dag.py:2937} INFO - Setting next_dagrun for example_subdag_operator to 2022-06-14T00:00:00+00:00
[2022-06-16 14:14:36,424] {logging_mixin.py:109} INFO - [2022-06-16 14:14:36,424] {dag.py:2937} INFO - Setting next_dagrun for example_subdag_operator.section-1 to None
[2022-06-16 14:14:36,425] {logging_mixin.py:109} INFO - [2022-06-16 14:14:36,425] {dag.py:2937} INFO - Setting next_dagrun for example_subdag_operator.section-2 to None
[2022-06-16 14:14:36,458] {logging_mixin.py:109} INFO - [2022-06-16 14:14:36,457] {dag.py:2398} INFO - Sync 2 DAGs
[2022-06-16 14:14:36,792] {logging_mixin.py:109} INFO - [2022-06-16 14:14:36,791] {dag.py:2937} INFO - Setting next_dagrun for example_subdag_operator.section-1 to None
[2022-06-16 14:14:36,793] {logging_mixin.py:109} INFO - [2022-06-16 14:14:36,792] {dag.py:2937} INFO - Setting next_dagrun for example_subdag_operator.section-2 to None
[2022-06-16 14:14:36,832] {processor.py:171} INFO - Processing /home/saba/airflow_venv/airflow_venv/lib/python3.6/site-packages/airflow/example_dags/example_subdag_operator.py took 0.796 seconds
[2022-06-16 14:17:15,342] {processor.py:163} INFO - Started process (PID=7879) to work on /home/saba/airflow_venv/airflow_venv/lib/python3.6/site-packages/airflow/example_dags/example_subdag_operator.py
[2022-06-16 14:17:15,346] {processor.py:642} INFO - Processing file /home/saba/airflow_venv/airflow_venv/lib/python3.6/site-packages/airflow/example_dags/example_subdag_operator.py for tasks to queue
[2022-06-16 14:17:15,348] {logging_mixin.py:109} INFO - [2022-06-16 14:17:15,348] {dagbag.py:500} INFO - Filling up the DagBag from /home/saba/airflow_venv/airflow_venv/lib/python3.6/site-packages/airflow/example_dags/example_subdag_operator.py
[2022-06-16 14:17:15,464] {processor.py:652} INFO - DAG(s) dict_keys(['example_subdag_operator.section-1', 'example_subdag_operator.section-2', 'example_subdag_operator']) retrieved from /home/saba/airflow_venv/airflow_venv/lib/python3.6/site-packages/airflow/example_dags/example_subdag_operator.py
[2022-06-16 14:17:15,517] {logging_mixin.py:109} INFO - [2022-06-16 14:17:15,517] {dag.py:2398} INFO - Sync 3 DAGs
[2022-06-16 14:17:15,813] {logging_mixin.py:109} INFO - [2022-06-16 14:17:15,812] {dag.py:2937} INFO - Setting next_dagrun for example_subdag_operator to 2022-06-14T00:00:00+00:00
[2022-06-16 14:17:15,814] {logging_mixin.py:109} INFO - [2022-06-16 14:17:15,814] {dag.py:2937} INFO - Setting next_dagrun for example_subdag_operator.section-1 to None
[2022-06-16 14:17:15,815] {logging_mixin.py:109} INFO - [2022-06-16 14:17:15,815] {dag.py:2937} INFO - Setting next_dagrun for example_subdag_operator.section-2 to None
[2022-06-16 14:17:15,838] {logging_mixin.py:109} INFO - [2022-06-16 14:17:15,837] {dag.py:2398} INFO - Sync 2 DAGs
[2022-06-16 14:17:15,882] {logging_mixin.py:109} INFO - [2022-06-16 14:17:15,882] {dag.py:2937} INFO - Setting next_dagrun for example_subdag_operator.section-1 to None
[2022-06-16 14:17:15,883] {logging_mixin.py:109} INFO - [2022-06-16 14:17:15,883] {dag.py:2937} INFO - Setting next_dagrun for example_subdag_operator.section-2 to None
[2022-06-16 14:17:15,931] {processor.py:171} INFO - Processing /home/saba/airflow_venv/airflow_venv/lib/python3.6/site-packages/airflow/example_dags/example_subdag_operator.py took 0.599 seconds
[2022-06-16 14:19:22,822] {processor.py:163} INFO - Started process (PID=8514) to work on /home/saba/airflow_venv/airflow_venv/lib/python3.6/site-packages/airflow/example_dags/example_subdag_operator.py
[2022-06-16 14:19:22,827] {processor.py:642} INFO - Processing file /home/saba/airflow_venv/airflow_venv/lib/python3.6/site-packages/airflow/example_dags/example_subdag_operator.py for tasks to queue
[2022-06-16 14:19:22,830] {logging_mixin.py:109} INFO - [2022-06-16 14:19:22,829] {dagbag.py:500} INFO - Filling up the DagBag from /home/saba/airflow_venv/airflow_venv/lib/python3.6/site-packages/airflow/example_dags/example_subdag_operator.py
[2022-06-16 14:19:23,204] {processor.py:652} INFO - DAG(s) dict_keys(['example_subdag_operator.section-1', 'example_subdag_operator.section-2', 'example_subdag_operator']) retrieved from /home/saba/airflow_venv/airflow_venv/lib/python3.6/site-packages/airflow/example_dags/example_subdag_operator.py
[2022-06-16 14:19:23,259] {logging_mixin.py:109} INFO - [2022-06-16 14:19:23,258] {dag.py:2398} INFO - Sync 3 DAGs
[2022-06-16 14:19:23,332] {logging_mixin.py:109} INFO - [2022-06-16 14:19:23,332] {dag.py:2937} INFO - Setting next_dagrun for example_subdag_operator to 2022-06-14T00:00:00+00:00
[2022-06-16 14:19:23,333] {logging_mixin.py:109} INFO - [2022-06-16 14:19:23,333] {dag.py:2937} INFO - Setting next_dagrun for example_subdag_operator.section-1 to None
[2022-06-16 14:19:23,337] {logging_mixin.py:109} INFO - [2022-06-16 14:19:23,335] {dag.py:2937} INFO - Setting next_dagrun for example_subdag_operator.section-2 to None
[2022-06-16 14:19:23,359] {logging_mixin.py:109} INFO - [2022-06-16 14:19:23,359] {dag.py:2398} INFO - Sync 2 DAGs
[2022-06-16 14:19:23,388] {logging_mixin.py:109} INFO - [2022-06-16 14:19:23,387] {dag.py:2937} INFO - Setting next_dagrun for example_subdag_operator.section-1 to None
[2022-06-16 14:19:23,388] {logging_mixin.py:109} INFO - [2022-06-16 14:19:23,388] {dag.py:2937} INFO - Setting next_dagrun for example_subdag_operator.section-2 to None
[2022-06-16 14:19:23,427] {processor.py:171} INFO - Processing /home/saba/airflow_venv/airflow_venv/lib/python3.6/site-packages/airflow/example_dags/example_subdag_operator.py took 0.617 seconds
[2022-06-16 14:21:51,732] {processor.py:163} INFO - Started process (PID=9034) to work on /home/saba/airflow_venv/airflow_venv/lib/python3.6/site-packages/airflow/example_dags/example_subdag_operator.py
[2022-06-16 14:21:51,738] {processor.py:642} INFO - Processing file /home/saba/airflow_venv/airflow_venv/lib/python3.6/site-packages/airflow/example_dags/example_subdag_operator.py for tasks to queue
[2022-06-16 14:21:51,741] {logging_mixin.py:109} INFO - [2022-06-16 14:21:51,740] {dagbag.py:500} INFO - Filling up the DagBag from /home/saba/airflow_venv/airflow_venv/lib/python3.6/site-packages/airflow/example_dags/example_subdag_operator.py
[2022-06-16 14:21:51,878] {processor.py:652} INFO - DAG(s) dict_keys(['example_subdag_operator.section-1', 'example_subdag_operator.section-2', 'example_subdag_operator']) retrieved from /home/saba/airflow_venv/airflow_venv/lib/python3.6/site-packages/airflow/example_dags/example_subdag_operator.py
[2022-06-16 14:21:51,943] {logging_mixin.py:109} INFO - [2022-06-16 14:21:51,942] {dag.py:2398} INFO - Sync 3 DAGs
[2022-06-16 14:21:52,039] {logging_mixin.py:109} INFO - [2022-06-16 14:21:52,038] {dag.py:2937} INFO - Setting next_dagrun for example_subdag_operator to 2022-06-14T00:00:00+00:00
[2022-06-16 14:21:52,041] {logging_mixin.py:109} INFO - [2022-06-16 14:21:52,040] {dag.py:2937} INFO - Setting next_dagrun for example_subdag_operator.section-1 to None
[2022-06-16 14:21:52,042] {logging_mixin.py:109} INFO - [2022-06-16 14:21:52,042] {dag.py:2937} INFO - Setting next_dagrun for example_subdag_operator.section-2 to None
[2022-06-16 14:21:52,067] {logging_mixin.py:109} INFO - [2022-06-16 14:21:52,066] {dag.py:2398} INFO - Sync 2 DAGs
[2022-06-16 14:21:52,105] {logging_mixin.py:109} INFO - [2022-06-16 14:21:52,105] {dag.py:2937} INFO - Setting next_dagrun for example_subdag_operator.section-1 to None
[2022-06-16 14:21:52,106] {logging_mixin.py:109} INFO - [2022-06-16 14:21:52,106] {dag.py:2937} INFO - Setting next_dagrun for example_subdag_operator.section-2 to None
[2022-06-16 14:21:52,164] {processor.py:171} INFO - Processing /home/saba/airflow_venv/airflow_venv/lib/python3.6/site-packages/airflow/example_dags/example_subdag_operator.py took 0.443 seconds
[2022-06-16 14:23:47,833] {processor.py:163} INFO - Started process (PID=9622) to work on /home/saba/airflow_venv/airflow_venv/lib/python3.6/site-packages/airflow/example_dags/example_subdag_operator.py
[2022-06-16 14:23:47,841] {processor.py:642} INFO - Processing file /home/saba/airflow_venv/airflow_venv/lib/python3.6/site-packages/airflow/example_dags/example_subdag_operator.py for tasks to queue
[2022-06-16 14:23:47,844] {logging_mixin.py:109} INFO - [2022-06-16 14:23:47,843] {dagbag.py:500} INFO - Filling up the DagBag from /home/saba/airflow_venv/airflow_venv/lib/python3.6/site-packages/airflow/example_dags/example_subdag_operator.py
[2022-06-16 14:23:48,041] {processor.py:652} INFO - DAG(s) dict_keys(['example_subdag_operator.section-1', 'example_subdag_operator.section-2', 'example_subdag_operator']) retrieved from /home/saba/airflow_venv/airflow_venv/lib/python3.6/site-packages/airflow/example_dags/example_subdag_operator.py
[2022-06-16 14:23:48,117] {logging_mixin.py:109} INFO - [2022-06-16 14:23:48,117] {dag.py:2398} INFO - Sync 3 DAGs
[2022-06-16 14:23:48,211] {logging_mixin.py:109} INFO - [2022-06-16 14:23:48,210] {dag.py:2937} INFO - Setting next_dagrun for example_subdag_operator to 2022-06-14T00:00:00+00:00
[2022-06-16 14:23:48,212] {logging_mixin.py:109} INFO - [2022-06-16 14:23:48,212] {dag.py:2937} INFO - Setting next_dagrun for example_subdag_operator.section-1 to None
[2022-06-16 14:23:48,213] {logging_mixin.py:109} INFO - [2022-06-16 14:23:48,213] {dag.py:2937} INFO - Setting next_dagrun for example_subdag_operator.section-2 to None
[2022-06-16 14:23:48,239] {logging_mixin.py:109} INFO - [2022-06-16 14:23:48,238] {dag.py:2398} INFO - Sync 2 DAGs
[2022-06-16 14:23:48,280] {logging_mixin.py:109} INFO - [2022-06-16 14:23:48,278] {dag.py:2937} INFO - Setting next_dagrun for example_subdag_operator.section-1 to None
[2022-06-16 14:23:48,286] {logging_mixin.py:109} INFO - [2022-06-16 14:23:48,285] {dag.py:2937} INFO - Setting next_dagrun for example_subdag_operator.section-2 to None
[2022-06-16 14:23:48,327] {processor.py:171} INFO - Processing /home/saba/airflow_venv/airflow_venv/lib/python3.6/site-packages/airflow/example_dags/example_subdag_operator.py took 0.507 seconds
[2022-06-16 14:25:42,856] {processor.py:163} INFO - Started process (PID=10420) to work on /home/saba/airflow_venv/airflow_venv/lib/python3.6/site-packages/airflow/example_dags/example_subdag_operator.py
[2022-06-16 14:25:42,862] {processor.py:642} INFO - Processing file /home/saba/airflow_venv/airflow_venv/lib/python3.6/site-packages/airflow/example_dags/example_subdag_operator.py for tasks to queue
[2022-06-16 14:25:42,867] {logging_mixin.py:109} INFO - [2022-06-16 14:25:42,866] {dagbag.py:500} INFO - Filling up the DagBag from /home/saba/airflow_venv/airflow_venv/lib/python3.6/site-packages/airflow/example_dags/example_subdag_operator.py
[2022-06-16 14:25:43,021] {processor.py:652} INFO - DAG(s) dict_keys(['example_subdag_operator.section-1', 'example_subdag_operator.section-2', 'example_subdag_operator']) retrieved from /home/saba/airflow_venv/airflow_venv/lib/python3.6/site-packages/airflow/example_dags/example_subdag_operator.py
[2022-06-16 14:25:43,082] {logging_mixin.py:109} INFO - [2022-06-16 14:25:43,081] {dag.py:2398} INFO - Sync 3 DAGs
[2022-06-16 14:25:43,170] {logging_mixin.py:109} INFO - [2022-06-16 14:25:43,170] {dag.py:2937} INFO - Setting next_dagrun for example_subdag_operator to 2022-06-14T00:00:00+00:00
[2022-06-16 14:25:43,172] {logging_mixin.py:109} INFO - [2022-06-16 14:25:43,172] {dag.py:2937} INFO - Setting next_dagrun for example_subdag_operator.section-1 to None
[2022-06-16 14:25:43,173] {logging_mixin.py:109} INFO - [2022-06-16 14:25:43,173] {dag.py:2937} INFO - Setting next_dagrun for example_subdag_operator.section-2 to None
[2022-06-16 14:25:43,205] {logging_mixin.py:109} INFO - [2022-06-16 14:25:43,204] {dag.py:2398} INFO - Sync 2 DAGs
[2022-06-16 14:25:43,250] {logging_mixin.py:109} INFO - [2022-06-16 14:25:43,249] {dag.py:2937} INFO - Setting next_dagrun for example_subdag_operator.section-1 to None
[2022-06-16 14:25:43,251] {logging_mixin.py:109} INFO - [2022-06-16 14:25:43,251] {dag.py:2937} INFO - Setting next_dagrun for example_subdag_operator.section-2 to None
[2022-06-16 14:25:43,316] {processor.py:171} INFO - Processing /home/saba/airflow_venv/airflow_venv/lib/python3.6/site-packages/airflow/example_dags/example_subdag_operator.py took 0.469 seconds
[2022-06-16 14:27:38,460] {processor.py:163} INFO - Started process (PID=10911) to work on /home/saba/airflow_venv/airflow_venv/lib/python3.6/site-packages/airflow/example_dags/example_subdag_operator.py
[2022-06-16 14:27:38,471] {processor.py:642} INFO - Processing file /home/saba/airflow_venv/airflow_venv/lib/python3.6/site-packages/airflow/example_dags/example_subdag_operator.py for tasks to queue
[2022-06-16 14:27:38,475] {logging_mixin.py:109} INFO - [2022-06-16 14:27:38,474] {dagbag.py:500} INFO - Filling up the DagBag from /home/saba/airflow_venv/airflow_venv/lib/python3.6/site-packages/airflow/example_dags/example_subdag_operator.py
[2022-06-16 14:27:38,621] {processor.py:652} INFO - DAG(s) dict_keys(['example_subdag_operator.section-1', 'example_subdag_operator.section-2', 'example_subdag_operator']) retrieved from /home/saba/airflow_venv/airflow_venv/lib/python3.6/site-packages/airflow/example_dags/example_subdag_operator.py
[2022-06-16 14:27:38,693] {logging_mixin.py:109} INFO - [2022-06-16 14:27:38,693] {dag.py:2398} INFO - Sync 3 DAGs
[2022-06-16 14:27:38,856] {logging_mixin.py:109} INFO - [2022-06-16 14:27:38,855] {dag.py:2937} INFO - Setting next_dagrun for example_subdag_operator to 2022-06-14T00:00:00+00:00
[2022-06-16 14:27:38,857] {logging_mixin.py:109} INFO - [2022-06-16 14:27:38,857] {dag.py:2937} INFO - Setting next_dagrun for example_subdag_operator.section-1 to None
[2022-06-16 14:27:38,858] {logging_mixin.py:109} INFO - [2022-06-16 14:27:38,858] {dag.py:2937} INFO - Setting next_dagrun for example_subdag_operator.section-2 to None
[2022-06-16 14:27:38,882] {logging_mixin.py:109} INFO - [2022-06-16 14:27:38,882] {dag.py:2398} INFO - Sync 2 DAGs
[2022-06-16 14:27:38,919] {logging_mixin.py:109} INFO - [2022-06-16 14:27:38,918] {dag.py:2937} INFO - Setting next_dagrun for example_subdag_operator.section-1 to None
[2022-06-16 14:27:38,920] {logging_mixin.py:109} INFO - [2022-06-16 14:27:38,919] {dag.py:2937} INFO - Setting next_dagrun for example_subdag_operator.section-2 to None
[2022-06-16 14:27:38,956] {processor.py:171} INFO - Processing /home/saba/airflow_venv/airflow_venv/lib/python3.6/site-packages/airflow/example_dags/example_subdag_operator.py took 0.512 seconds
[2022-06-16 14:29:18,965] {processor.py:163} INFO - Started process (PID=11719) to work on /home/saba/airflow_venv/airflow_venv/lib/python3.6/site-packages/airflow/example_dags/example_subdag_operator.py
[2022-06-16 14:29:18,970] {processor.py:642} INFO - Processing file /home/saba/airflow_venv/airflow_venv/lib/python3.6/site-packages/airflow/example_dags/example_subdag_operator.py for tasks to queue
[2022-06-16 14:29:18,972] {logging_mixin.py:109} INFO - [2022-06-16 14:29:18,972] {dagbag.py:500} INFO - Filling up the DagBag from /home/saba/airflow_venv/airflow_venv/lib/python3.6/site-packages/airflow/example_dags/example_subdag_operator.py
[2022-06-16 14:29:19,091] {processor.py:652} INFO - DAG(s) dict_keys(['example_subdag_operator.section-1', 'example_subdag_operator.section-2', 'example_subdag_operator']) retrieved from /home/saba/airflow_venv/airflow_venv/lib/python3.6/site-packages/airflow/example_dags/example_subdag_operator.py
[2022-06-16 14:29:19,145] {logging_mixin.py:109} INFO - [2022-06-16 14:29:19,145] {dag.py:2398} INFO - Sync 3 DAGs
[2022-06-16 14:29:19,208] {logging_mixin.py:109} INFO - [2022-06-16 14:29:19,208] {dag.py:2937} INFO - Setting next_dagrun for example_subdag_operator to 2022-06-14T00:00:00+00:00
[2022-06-16 14:29:19,209] {logging_mixin.py:109} INFO - [2022-06-16 14:29:19,209] {dag.py:2937} INFO - Setting next_dagrun for example_subdag_operator.section-1 to None
[2022-06-16 14:29:19,210] {logging_mixin.py:109} INFO - [2022-06-16 14:29:19,210] {dag.py:2937} INFO - Setting next_dagrun for example_subdag_operator.section-2 to None
[2022-06-16 14:29:19,232] {logging_mixin.py:109} INFO - [2022-06-16 14:29:19,231] {dag.py:2398} INFO - Sync 2 DAGs
[2022-06-16 14:29:19,256] {logging_mixin.py:109} INFO - [2022-06-16 14:29:19,255] {dag.py:2937} INFO - Setting next_dagrun for example_subdag_operator.section-1 to None
[2022-06-16 14:29:19,257] {logging_mixin.py:109} INFO - [2022-06-16 14:29:19,256] {dag.py:2937} INFO - Setting next_dagrun for example_subdag_operator.section-2 to None
[2022-06-16 14:29:19,290] {processor.py:171} INFO - Processing /home/saba/airflow_venv/airflow_venv/lib/python3.6/site-packages/airflow/example_dags/example_subdag_operator.py took 0.336 seconds
[2022-06-16 14:31:06,454] {processor.py:163} INFO - Started process (PID=12349) to work on /home/saba/airflow_venv/airflow_venv/lib/python3.6/site-packages/airflow/example_dags/example_subdag_operator.py
[2022-06-16 14:31:06,458] {processor.py:642} INFO - Processing file /home/saba/airflow_venv/airflow_venv/lib/python3.6/site-packages/airflow/example_dags/example_subdag_operator.py for tasks to queue
[2022-06-16 14:31:06,461] {logging_mixin.py:109} INFO - [2022-06-16 14:31:06,460] {dagbag.py:500} INFO - Filling up the DagBag from /home/saba/airflow_venv/airflow_venv/lib/python3.6/site-packages/airflow/example_dags/example_subdag_operator.py
[2022-06-16 14:31:06,549] {processor.py:652} INFO - DAG(s) dict_keys(['example_subdag_operator.section-1', 'example_subdag_operator.section-2', 'example_subdag_operator']) retrieved from /home/saba/airflow_venv/airflow_venv/lib/python3.6/site-packages/airflow/example_dags/example_subdag_operator.py
[2022-06-16 14:31:06,584] {logging_mixin.py:109} INFO - [2022-06-16 14:31:06,584] {dag.py:2398} INFO - Sync 3 DAGs
[2022-06-16 14:31:06,637] {logging_mixin.py:109} INFO - [2022-06-16 14:31:06,637] {dag.py:2937} INFO - Setting next_dagrun for example_subdag_operator to 2022-06-14T00:00:00+00:00
[2022-06-16 14:31:06,638] {logging_mixin.py:109} INFO - [2022-06-16 14:31:06,638] {dag.py:2937} INFO - Setting next_dagrun for example_subdag_operator.section-1 to None
[2022-06-16 14:31:06,639] {logging_mixin.py:109} INFO - [2022-06-16 14:31:06,638] {dag.py:2937} INFO - Setting next_dagrun for example_subdag_operator.section-2 to None
[2022-06-16 14:31:06,651] {logging_mixin.py:109} INFO - [2022-06-16 14:31:06,651] {dag.py:2398} INFO - Sync 2 DAGs
[2022-06-16 14:31:06,669] {logging_mixin.py:109} INFO - [2022-06-16 14:31:06,669] {dag.py:2937} INFO - Setting next_dagrun for example_subdag_operator.section-1 to None
[2022-06-16 14:31:06,670] {logging_mixin.py:109} INFO - [2022-06-16 14:31:06,670] {dag.py:2937} INFO - Setting next_dagrun for example_subdag_operator.section-2 to None
[2022-06-16 14:31:06,699] {processor.py:171} INFO - Processing /home/saba/airflow_venv/airflow_venv/lib/python3.6/site-packages/airflow/example_dags/example_subdag_operator.py took 0.253 seconds
[2022-06-16 14:45:54,178] {processor.py:163} INFO - Started process (PID=81) to work on /home/saba/.local/lib/python3.6/site-packages/airflow/example_dags/example_subdag_operator.py
[2022-06-16 14:45:54,181] {processor.py:642} INFO - Processing file /home/saba/.local/lib/python3.6/site-packages/airflow/example_dags/example_subdag_operator.py for tasks to queue
[2022-06-16 14:45:54,183] {logging_mixin.py:109} INFO - [2022-06-16 14:45:54,182] {dagbag.py:500} INFO - Filling up the DagBag from /home/saba/.local/lib/python3.6/site-packages/airflow/example_dags/example_subdag_operator.py
[2022-06-16 14:45:54,240] {processor.py:652} INFO - DAG(s) dict_keys(['example_subdag_operator.section-1', 'example_subdag_operator.section-2', 'example_subdag_operator']) retrieved from /home/saba/.local/lib/python3.6/site-packages/airflow/example_dags/example_subdag_operator.py
[2022-06-16 14:45:54,246] {logging_mixin.py:109} INFO - [2022-06-16 14:45:54,246] {dag.py:2398} INFO - Sync 3 DAGs
[2022-06-16 14:45:54,277] {logging_mixin.py:109} INFO - [2022-06-16 14:45:54,276] {dag.py:2937} INFO - Setting next_dagrun for example_subdag_operator to 2022-06-14T00:00:00+00:00
[2022-06-16 14:45:54,277] {logging_mixin.py:109} INFO - [2022-06-16 14:45:54,277] {dag.py:2937} INFO - Setting next_dagrun for example_subdag_operator.section-1 to None
[2022-06-16 14:45:54,278] {logging_mixin.py:109} INFO - [2022-06-16 14:45:54,277] {dag.py:2937} INFO - Setting next_dagrun for example_subdag_operator.section-2 to None
[2022-06-16 14:45:54,307] {logging_mixin.py:109} INFO - [2022-06-16 14:45:54,307] {dag.py:2398} INFO - Sync 2 DAGs
[2022-06-16 14:45:54,321] {logging_mixin.py:109} INFO - [2022-06-16 14:45:54,321] {dag.py:2937} INFO - Setting next_dagrun for example_subdag_operator.section-1 to None
[2022-06-16 14:45:54,322] {logging_mixin.py:109} INFO - [2022-06-16 14:45:54,322] {dag.py:2937} INFO - Setting next_dagrun for example_subdag_operator.section-2 to None
[2022-06-16 14:45:54,347] {processor.py:171} INFO - Processing /home/saba/.local/lib/python3.6/site-packages/airflow/example_dags/example_subdag_operator.py took 0.173 seconds
[2022-06-16 14:46:50,339] {processor.py:163} INFO - Started process (PID=147) to work on /home/saba/.local/lib/python3.6/site-packages/airflow/example_dags/example_subdag_operator.py
[2022-06-16 14:46:50,352] {processor.py:642} INFO - Processing file /home/saba/.local/lib/python3.6/site-packages/airflow/example_dags/example_subdag_operator.py for tasks to queue
[2022-06-16 14:46:50,354] {logging_mixin.py:109} INFO - [2022-06-16 14:46:50,354] {dagbag.py:500} INFO - Filling up the DagBag from /home/saba/.local/lib/python3.6/site-packages/airflow/example_dags/example_subdag_operator.py
[2022-06-16 14:46:50,590] {processor.py:652} INFO - DAG(s) dict_keys(['example_subdag_operator.section-1', 'example_subdag_operator.section-2', 'example_subdag_operator']) retrieved from /home/saba/.local/lib/python3.6/site-packages/airflow/example_dags/example_subdag_operator.py
[2022-06-16 14:46:50,679] {logging_mixin.py:109} INFO - [2022-06-16 14:46:50,678] {dag.py:2398} INFO - Sync 3 DAGs
[2022-06-16 14:46:50,814] {logging_mixin.py:109} INFO - [2022-06-16 14:46:50,813] {dag.py:2937} INFO - Setting next_dagrun for example_subdag_operator to 2022-06-14T00:00:00+00:00
[2022-06-16 14:46:50,816] {logging_mixin.py:109} INFO - [2022-06-16 14:46:50,816] {dag.py:2937} INFO - Setting next_dagrun for example_subdag_operator.section-1 to None
[2022-06-16 14:46:50,817] {logging_mixin.py:109} INFO - [2022-06-16 14:46:50,817] {dag.py:2937} INFO - Setting next_dagrun for example_subdag_operator.section-2 to None
[2022-06-16 14:46:50,857] {logging_mixin.py:109} INFO - [2022-06-16 14:46:50,857] {dag.py:2398} INFO - Sync 2 DAGs
[2022-06-16 14:46:50,921] {logging_mixin.py:109} INFO - [2022-06-16 14:46:50,920] {dag.py:2937} INFO - Setting next_dagrun for example_subdag_operator.section-1 to None
[2022-06-16 14:46:50,922] {logging_mixin.py:109} INFO - [2022-06-16 14:46:50,922] {dag.py:2937} INFO - Setting next_dagrun for example_subdag_operator.section-2 to None
[2022-06-16 14:46:50,985] {processor.py:171} INFO - Processing /home/saba/.local/lib/python3.6/site-packages/airflow/example_dags/example_subdag_operator.py took 0.656 seconds
[2022-06-16 14:47:54,849] {processor.py:163} INFO - Started process (PID=245) to work on /home/saba/.local/lib/python3.6/site-packages/airflow/example_dags/example_subdag_operator.py
[2022-06-16 14:47:54,865] {processor.py:642} INFO - Processing file /home/saba/.local/lib/python3.6/site-packages/airflow/example_dags/example_subdag_operator.py for tasks to queue
[2022-06-16 14:47:54,869] {logging_mixin.py:109} INFO - [2022-06-16 14:47:54,868] {dagbag.py:500} INFO - Filling up the DagBag from /home/saba/.local/lib/python3.6/site-packages/airflow/example_dags/example_subdag_operator.py
[2022-06-16 14:47:55,146] {processor.py:652} INFO - DAG(s) dict_keys(['example_subdag_operator.section-1', 'example_subdag_operator.section-2', 'example_subdag_operator']) retrieved from /home/saba/.local/lib/python3.6/site-packages/airflow/example_dags/example_subdag_operator.py
[2022-06-16 14:47:55,212] {logging_mixin.py:109} INFO - [2022-06-16 14:47:55,212] {dag.py:2398} INFO - Sync 3 DAGs
[2022-06-16 14:47:55,335] {logging_mixin.py:109} INFO - [2022-06-16 14:47:55,334] {dag.py:2937} INFO - Setting next_dagrun for example_subdag_operator to 2022-06-14T00:00:00+00:00
[2022-06-16 14:47:55,338] {logging_mixin.py:109} INFO - [2022-06-16 14:47:55,337] {dag.py:2937} INFO - Setting next_dagrun for example_subdag_operator.section-1 to None
[2022-06-16 14:47:55,339] {logging_mixin.py:109} INFO - [2022-06-16 14:47:55,339] {dag.py:2937} INFO - Setting next_dagrun for example_subdag_operator.section-2 to None
[2022-06-16 14:47:55,376] {logging_mixin.py:109} INFO - [2022-06-16 14:47:55,375] {dag.py:2398} INFO - Sync 2 DAGs
[2022-06-16 14:47:55,418] {logging_mixin.py:109} INFO - [2022-06-16 14:47:55,418] {dag.py:2937} INFO - Setting next_dagrun for example_subdag_operator.section-1 to None
[2022-06-16 14:47:55,420] {logging_mixin.py:109} INFO - [2022-06-16 14:47:55,420] {dag.py:2937} INFO - Setting next_dagrun for example_subdag_operator.section-2 to None
[2022-06-16 14:47:55,461] {processor.py:171} INFO - Processing /home/saba/.local/lib/python3.6/site-packages/airflow/example_dags/example_subdag_operator.py took 0.633 seconds
[2022-06-16 14:49:00,232] {processor.py:163} INFO - Started process (PID=2351) to work on /home/saba/.local/lib/python3.6/site-packages/airflow/example_dags/example_subdag_operator.py
[2022-06-16 14:49:00,236] {processor.py:642} INFO - Processing file /home/saba/.local/lib/python3.6/site-packages/airflow/example_dags/example_subdag_operator.py for tasks to queue
[2022-06-16 14:49:00,238] {logging_mixin.py:109} INFO - [2022-06-16 14:49:00,238] {dagbag.py:500} INFO - Filling up the DagBag from /home/saba/.local/lib/python3.6/site-packages/airflow/example_dags/example_subdag_operator.py
[2022-06-16 14:49:00,370] {processor.py:652} INFO - DAG(s) dict_keys(['example_subdag_operator.section-1', 'example_subdag_operator.section-2', 'example_subdag_operator']) retrieved from /home/saba/.local/lib/python3.6/site-packages/airflow/example_dags/example_subdag_operator.py
[2022-06-16 14:49:00,419] {logging_mixin.py:109} INFO - [2022-06-16 14:49:00,419] {dag.py:2398} INFO - Sync 3 DAGs
[2022-06-16 14:49:00,488] {logging_mixin.py:109} INFO - [2022-06-16 14:49:00,488] {dag.py:2937} INFO - Setting next_dagrun for example_subdag_operator to 2022-06-14T00:00:00+00:00
[2022-06-16 14:49:00,489] {logging_mixin.py:109} INFO - [2022-06-16 14:49:00,489] {dag.py:2937} INFO - Setting next_dagrun for example_subdag_operator.section-1 to None
[2022-06-16 14:49:00,490] {logging_mixin.py:109} INFO - [2022-06-16 14:49:00,490] {dag.py:2937} INFO - Setting next_dagrun for example_subdag_operator.section-2 to None
[2022-06-16 14:49:00,511] {logging_mixin.py:109} INFO - [2022-06-16 14:49:00,511] {dag.py:2398} INFO - Sync 2 DAGs
[2022-06-16 14:49:00,536] {logging_mixin.py:109} INFO - [2022-06-16 14:49:00,536] {dag.py:2937} INFO - Setting next_dagrun for example_subdag_operator.section-1 to None
[2022-06-16 14:49:00,537] {logging_mixin.py:109} INFO - [2022-06-16 14:49:00,537] {dag.py:2937} INFO - Setting next_dagrun for example_subdag_operator.section-2 to None
[2022-06-16 14:49:00,576] {processor.py:171} INFO - Processing /home/saba/.local/lib/python3.6/site-packages/airflow/example_dags/example_subdag_operator.py took 0.351 seconds
[2022-06-16 14:49:48,368] {processor.py:163} INFO - Started process (PID=2385) to work on /home/saba/.local/lib/python3.6/site-packages/airflow/example_dags/example_subdag_operator.py
[2022-06-16 14:49:48,373] {processor.py:642} INFO - Processing file /home/saba/.local/lib/python3.6/site-packages/airflow/example_dags/example_subdag_operator.py for tasks to queue
[2022-06-16 14:49:48,374] {logging_mixin.py:109} INFO - [2022-06-16 14:49:48,374] {dagbag.py:500} INFO - Filling up the DagBag from /home/saba/.local/lib/python3.6/site-packages/airflow/example_dags/example_subdag_operator.py
[2022-06-16 14:49:48,469] {processor.py:652} INFO - DAG(s) dict_keys(['example_subdag_operator.section-1', 'example_subdag_operator.section-2', 'example_subdag_operator']) retrieved from /home/saba/.local/lib/python3.6/site-packages/airflow/example_dags/example_subdag_operator.py
[2022-06-16 14:49:48,507] {logging_mixin.py:109} INFO - [2022-06-16 14:49:48,507] {dag.py:2398} INFO - Sync 3 DAGs
[2022-06-16 14:49:48,561] {logging_mixin.py:109} INFO - [2022-06-16 14:49:48,560] {dag.py:2937} INFO - Setting next_dagrun for example_subdag_operator to 2022-06-14T00:00:00+00:00
[2022-06-16 14:49:48,562] {logging_mixin.py:109} INFO - [2022-06-16 14:49:48,562] {dag.py:2937} INFO - Setting next_dagrun for example_subdag_operator.section-1 to None
[2022-06-16 14:49:48,562] {logging_mixin.py:109} INFO - [2022-06-16 14:49:48,562] {dag.py:2937} INFO - Setting next_dagrun for example_subdag_operator.section-2 to None
[2022-06-16 14:49:48,574] {logging_mixin.py:109} INFO - [2022-06-16 14:49:48,574] {dag.py:2398} INFO - Sync 2 DAGs
[2022-06-16 14:49:48,595] {logging_mixin.py:109} INFO - [2022-06-16 14:49:48,594] {dag.py:2937} INFO - Setting next_dagrun for example_subdag_operator.section-1 to None
[2022-06-16 14:49:48,595] {logging_mixin.py:109} INFO - [2022-06-16 14:49:48,595] {dag.py:2937} INFO - Setting next_dagrun for example_subdag_operator.section-2 to None
[2022-06-16 14:49:48,621] {processor.py:171} INFO - Processing /home/saba/.local/lib/python3.6/site-packages/airflow/example_dags/example_subdag_operator.py took 0.263 seconds
[2022-06-16 14:50:29,877] {processor.py:163} INFO - Started process (PID=2640) to work on /home/saba/.local/lib/python3.6/site-packages/airflow/example_dags/example_subdag_operator.py
[2022-06-16 14:50:29,879] {processor.py:642} INFO - Processing file /home/saba/.local/lib/python3.6/site-packages/airflow/example_dags/example_subdag_operator.py for tasks to queue
[2022-06-16 14:50:29,880] {logging_mixin.py:109} INFO - [2022-06-16 14:50:29,880] {dagbag.py:500} INFO - Filling up the DagBag from /home/saba/.local/lib/python3.6/site-packages/airflow/example_dags/example_subdag_operator.py
[2022-06-16 14:50:29,932] {processor.py:652} INFO - DAG(s) dict_keys(['example_subdag_operator.section-1', 'example_subdag_operator.section-2', 'example_subdag_operator']) retrieved from /home/saba/.local/lib/python3.6/site-packages/airflow/example_dags/example_subdag_operator.py
[2022-06-16 14:50:29,961] {logging_mixin.py:109} INFO - [2022-06-16 14:50:29,961] {dag.py:2398} INFO - Sync 3 DAGs
[2022-06-16 14:50:30,004] {logging_mixin.py:109} INFO - [2022-06-16 14:50:30,004] {dag.py:2937} INFO - Setting next_dagrun for example_subdag_operator to 2022-06-14T00:00:00+00:00
[2022-06-16 14:50:30,004] {logging_mixin.py:109} INFO - [2022-06-16 14:50:30,004] {dag.py:2937} INFO - Setting next_dagrun for example_subdag_operator.section-1 to None
[2022-06-16 14:50:30,005] {logging_mixin.py:109} INFO - [2022-06-16 14:50:30,005] {dag.py:2937} INFO - Setting next_dagrun for example_subdag_operator.section-2 to None
[2022-06-16 14:50:30,015] {logging_mixin.py:109} INFO - [2022-06-16 14:50:30,015] {dag.py:2398} INFO - Sync 2 DAGs
[2022-06-16 14:50:30,029] {logging_mixin.py:109} INFO - [2022-06-16 14:50:30,028] {dag.py:2937} INFO - Setting next_dagrun for example_subdag_operator.section-1 to None
[2022-06-16 14:50:30,029] {logging_mixin.py:109} INFO - [2022-06-16 14:50:30,029] {dag.py:2937} INFO - Setting next_dagrun for example_subdag_operator.section-2 to None
[2022-06-16 14:50:30,052] {processor.py:171} INFO - Processing /home/saba/.local/lib/python3.6/site-packages/airflow/example_dags/example_subdag_operator.py took 0.180 seconds
[2022-06-16 14:51:13,611] {processor.py:163} INFO - Started process (PID=2695) to work on /home/saba/.local/lib/python3.6/site-packages/airflow/example_dags/example_subdag_operator.py
[2022-06-16 14:51:13,627] {processor.py:642} INFO - Processing file /home/saba/.local/lib/python3.6/site-packages/airflow/example_dags/example_subdag_operator.py for tasks to queue
[2022-06-16 14:51:13,631] {logging_mixin.py:109} INFO - [2022-06-16 14:51:13,630] {dagbag.py:500} INFO - Filling up the DagBag from /home/saba/.local/lib/python3.6/site-packages/airflow/example_dags/example_subdag_operator.py
[2022-06-16 14:51:13,793] {processor.py:652} INFO - DAG(s) dict_keys(['example_subdag_operator.section-1', 'example_subdag_operator.section-2', 'example_subdag_operator']) retrieved from /home/saba/.local/lib/python3.6/site-packages/airflow/example_dags/example_subdag_operator.py
[2022-06-16 14:51:13,843] {logging_mixin.py:109} INFO - [2022-06-16 14:51:13,842] {dag.py:2398} INFO - Sync 3 DAGs
[2022-06-16 14:51:13,924] {logging_mixin.py:109} INFO - [2022-06-16 14:51:13,924] {dag.py:2937} INFO - Setting next_dagrun for example_subdag_operator to 2022-06-14T00:00:00+00:00
[2022-06-16 14:51:13,926] {logging_mixin.py:109} INFO - [2022-06-16 14:51:13,926] {dag.py:2937} INFO - Setting next_dagrun for example_subdag_operator.section-1 to None
[2022-06-16 14:51:13,927] {logging_mixin.py:109} INFO - [2022-06-16 14:51:13,927] {dag.py:2937} INFO - Setting next_dagrun for example_subdag_operator.section-2 to None
[2022-06-16 14:51:13,954] {logging_mixin.py:109} INFO - [2022-06-16 14:51:13,953] {dag.py:2398} INFO - Sync 2 DAGs
[2022-06-16 14:51:14,000] {logging_mixin.py:109} INFO - [2022-06-16 14:51:13,999] {dag.py:2937} INFO - Setting next_dagrun for example_subdag_operator.section-1 to None
[2022-06-16 14:51:14,004] {logging_mixin.py:109} INFO - [2022-06-16 14:51:14,004] {dag.py:2937} INFO - Setting next_dagrun for example_subdag_operator.section-2 to None
[2022-06-16 14:51:14,078] {processor.py:171} INFO - Processing /home/saba/.local/lib/python3.6/site-packages/airflow/example_dags/example_subdag_operator.py took 0.492 seconds
[2022-06-16 14:51:53,616] {processor.py:163} INFO - Started process (PID=2748) to work on /home/saba/.local/lib/python3.6/site-packages/airflow/example_dags/example_subdag_operator.py
[2022-06-16 14:51:53,620] {processor.py:642} INFO - Processing file /home/saba/.local/lib/python3.6/site-packages/airflow/example_dags/example_subdag_operator.py for tasks to queue
[2022-06-16 14:51:53,622] {logging_mixin.py:109} INFO - [2022-06-16 14:51:53,622] {dagbag.py:500} INFO - Filling up the DagBag from /home/saba/.local/lib/python3.6/site-packages/airflow/example_dags/example_subdag_operator.py
[2022-06-16 14:51:53,718] {processor.py:652} INFO - DAG(s) dict_keys(['example_subdag_operator.section-1', 'example_subdag_operator.section-2', 'example_subdag_operator']) retrieved from /home/saba/.local/lib/python3.6/site-packages/airflow/example_dags/example_subdag_operator.py
[2022-06-16 14:51:53,763] {logging_mixin.py:109} INFO - [2022-06-16 14:51:53,763] {dag.py:2398} INFO - Sync 3 DAGs
[2022-06-16 14:51:53,811] {logging_mixin.py:109} INFO - [2022-06-16 14:51:53,811] {dag.py:2937} INFO - Setting next_dagrun for example_subdag_operator to 2022-06-14T00:00:00+00:00
[2022-06-16 14:51:53,812] {logging_mixin.py:109} INFO - [2022-06-16 14:51:53,812] {dag.py:2937} INFO - Setting next_dagrun for example_subdag_operator.section-1 to None
[2022-06-16 14:51:53,813] {logging_mixin.py:109} INFO - [2022-06-16 14:51:53,813] {dag.py:2937} INFO - Setting next_dagrun for example_subdag_operator.section-2 to None
[2022-06-16 14:51:53,825] {logging_mixin.py:109} INFO - [2022-06-16 14:51:53,825] {dag.py:2398} INFO - Sync 2 DAGs
[2022-06-16 14:51:53,847] {logging_mixin.py:109} INFO - [2022-06-16 14:51:53,846] {dag.py:2937} INFO - Setting next_dagrun for example_subdag_operator.section-1 to None
[2022-06-16 14:51:53,848] {logging_mixin.py:109} INFO - [2022-06-16 14:51:53,848] {dag.py:2937} INFO - Setting next_dagrun for example_subdag_operator.section-2 to None
[2022-06-16 14:51:53,873] {processor.py:171} INFO - Processing /home/saba/.local/lib/python3.6/site-packages/airflow/example_dags/example_subdag_operator.py took 0.267 seconds
[2022-06-16 14:52:34,256] {processor.py:163} INFO - Started process (PID=2991) to work on /home/saba/.local/lib/python3.6/site-packages/airflow/example_dags/example_subdag_operator.py
[2022-06-16 14:52:34,258] {processor.py:642} INFO - Processing file /home/saba/.local/lib/python3.6/site-packages/airflow/example_dags/example_subdag_operator.py for tasks to queue
[2022-06-16 14:52:34,259] {logging_mixin.py:109} INFO - [2022-06-16 14:52:34,259] {dagbag.py:500} INFO - Filling up the DagBag from /home/saba/.local/lib/python3.6/site-packages/airflow/example_dags/example_subdag_operator.py
[2022-06-16 14:52:34,302] {processor.py:652} INFO - DAG(s) dict_keys(['example_subdag_operator.section-1', 'example_subdag_operator.section-2', 'example_subdag_operator']) retrieved from /home/saba/.local/lib/python3.6/site-packages/airflow/example_dags/example_subdag_operator.py
[2022-06-16 14:52:34,320] {logging_mixin.py:109} INFO - [2022-06-16 14:52:34,320] {dag.py:2398} INFO - Sync 3 DAGs
[2022-06-16 14:52:34,350] {logging_mixin.py:109} INFO - [2022-06-16 14:52:34,350] {dag.py:2937} INFO - Setting next_dagrun for example_subdag_operator to 2022-06-14T00:00:00+00:00
[2022-06-16 14:52:34,351] {logging_mixin.py:109} INFO - [2022-06-16 14:52:34,351] {dag.py:2937} INFO - Setting next_dagrun for example_subdag_operator.section-1 to None
[2022-06-16 14:52:34,351] {logging_mixin.py:109} INFO - [2022-06-16 14:52:34,351] {dag.py:2937} INFO - Setting next_dagrun for example_subdag_operator.section-2 to None
[2022-06-16 14:52:34,358] {logging_mixin.py:109} INFO - [2022-06-16 14:52:34,358] {dag.py:2398} INFO - Sync 2 DAGs
[2022-06-16 14:52:34,370] {logging_mixin.py:109} INFO - [2022-06-16 14:52:34,370] {dag.py:2937} INFO - Setting next_dagrun for example_subdag_operator.section-1 to None
[2022-06-16 14:52:34,371] {logging_mixin.py:109} INFO - [2022-06-16 14:52:34,370] {dag.py:2937} INFO - Setting next_dagrun for example_subdag_operator.section-2 to None
[2022-06-16 14:52:34,389] {processor.py:171} INFO - Processing /home/saba/.local/lib/python3.6/site-packages/airflow/example_dags/example_subdag_operator.py took 0.137 seconds
[2022-06-16 14:53:14,732] {processor.py:163} INFO - Started process (PID=3285) to work on /home/saba/.local/lib/python3.6/site-packages/airflow/example_dags/example_subdag_operator.py
[2022-06-16 14:53:14,734] {processor.py:642} INFO - Processing file /home/saba/.local/lib/python3.6/site-packages/airflow/example_dags/example_subdag_operator.py for tasks to queue
[2022-06-16 14:53:14,735] {logging_mixin.py:109} INFO - [2022-06-16 14:53:14,735] {dagbag.py:500} INFO - Filling up the DagBag from /home/saba/.local/lib/python3.6/site-packages/airflow/example_dags/example_subdag_operator.py
[2022-06-16 14:53:14,772] {processor.py:652} INFO - DAG(s) dict_keys(['example_subdag_operator.section-1', 'example_subdag_operator.section-2', 'example_subdag_operator']) retrieved from /home/saba/.local/lib/python3.6/site-packages/airflow/example_dags/example_subdag_operator.py
[2022-06-16 14:53:14,788] {logging_mixin.py:109} INFO - [2022-06-16 14:53:14,788] {dag.py:2398} INFO - Sync 3 DAGs
[2022-06-16 14:53:14,810] {logging_mixin.py:109} INFO - [2022-06-16 14:53:14,810] {dag.py:2937} INFO - Setting next_dagrun for example_subdag_operator to 2022-06-14T00:00:00+00:00
[2022-06-16 14:53:14,810] {logging_mixin.py:109} INFO - [2022-06-16 14:53:14,810] {dag.py:2937} INFO - Setting next_dagrun for example_subdag_operator.section-1 to None
[2022-06-16 14:53:14,811] {logging_mixin.py:109} INFO - [2022-06-16 14:53:14,811] {dag.py:2937} INFO - Setting next_dagrun for example_subdag_operator.section-2 to None
[2022-06-16 14:53:14,816] {logging_mixin.py:109} INFO - [2022-06-16 14:53:14,816] {dag.py:2398} INFO - Sync 2 DAGs
[2022-06-16 14:53:14,824] {logging_mixin.py:109} INFO - [2022-06-16 14:53:14,824] {dag.py:2937} INFO - Setting next_dagrun for example_subdag_operator.section-1 to None
[2022-06-16 14:53:14,824] {logging_mixin.py:109} INFO - [2022-06-16 14:53:14,824] {dag.py:2937} INFO - Setting next_dagrun for example_subdag_operator.section-2 to None
[2022-06-16 14:53:14,841] {processor.py:171} INFO - Processing /home/saba/.local/lib/python3.6/site-packages/airflow/example_dags/example_subdag_operator.py took 0.113 seconds
[2022-06-16 14:53:50,528] {processor.py:163} INFO - Started process (PID=3317) to work on /home/saba/.local/lib/python3.6/site-packages/airflow/example_dags/example_subdag_operator.py
[2022-06-16 14:53:50,544] {processor.py:642} INFO - Processing file /home/saba/.local/lib/python3.6/site-packages/airflow/example_dags/example_subdag_operator.py for tasks to queue
[2022-06-16 14:53:50,546] {logging_mixin.py:109} INFO - [2022-06-16 14:53:50,546] {dagbag.py:500} INFO - Filling up the DagBag from /home/saba/.local/lib/python3.6/site-packages/airflow/example_dags/example_subdag_operator.py
[2022-06-16 14:53:50,807] {processor.py:652} INFO - DAG(s) dict_keys(['example_subdag_operator.section-1', 'example_subdag_operator.section-2', 'example_subdag_operator']) retrieved from /home/saba/.local/lib/python3.6/site-packages/airflow/example_dags/example_subdag_operator.py
[2022-06-16 14:53:50,900] {logging_mixin.py:109} INFO - [2022-06-16 14:53:50,899] {dag.py:2398} INFO - Sync 3 DAGs
[2022-06-16 14:53:51,018] {logging_mixin.py:109} INFO - [2022-06-16 14:53:51,018] {dag.py:2937} INFO - Setting next_dagrun for example_subdag_operator to 2022-06-14T00:00:00+00:00
[2022-06-16 14:53:51,020] {logging_mixin.py:109} INFO - [2022-06-16 14:53:51,020] {dag.py:2937} INFO - Setting next_dagrun for example_subdag_operator.section-1 to None
[2022-06-16 14:53:51,021] {logging_mixin.py:109} INFO - [2022-06-16 14:53:51,021] {dag.py:2937} INFO - Setting next_dagrun for example_subdag_operator.section-2 to None
[2022-06-16 14:53:51,046] {logging_mixin.py:109} INFO - [2022-06-16 14:53:51,045] {dag.py:2398} INFO - Sync 2 DAGs
[2022-06-16 14:53:51,075] {logging_mixin.py:109} INFO - [2022-06-16 14:53:51,075] {dag.py:2937} INFO - Setting next_dagrun for example_subdag_operator.section-1 to None
[2022-06-16 14:53:51,076] {logging_mixin.py:109} INFO - [2022-06-16 14:53:51,076] {dag.py:2937} INFO - Setting next_dagrun for example_subdag_operator.section-2 to None
[2022-06-16 14:53:51,118] {processor.py:171} INFO - Processing /home/saba/.local/lib/python3.6/site-packages/airflow/example_dags/example_subdag_operator.py took 0.611 seconds
[2022-06-16 14:54:31,413] {processor.py:163} INFO - Started process (PID=3592) to work on /home/saba/.local/lib/python3.6/site-packages/airflow/example_dags/example_subdag_operator.py
[2022-06-16 14:54:31,415] {processor.py:642} INFO - Processing file /home/saba/.local/lib/python3.6/site-packages/airflow/example_dags/example_subdag_operator.py for tasks to queue
[2022-06-16 14:54:31,417] {logging_mixin.py:109} INFO - [2022-06-16 14:54:31,416] {dagbag.py:500} INFO - Filling up the DagBag from /home/saba/.local/lib/python3.6/site-packages/airflow/example_dags/example_subdag_operator.py
[2022-06-16 14:54:31,465] {processor.py:652} INFO - DAG(s) dict_keys(['example_subdag_operator.section-1', 'example_subdag_operator.section-2', 'example_subdag_operator']) retrieved from /home/saba/.local/lib/python3.6/site-packages/airflow/example_dags/example_subdag_operator.py
[2022-06-16 14:54:31,484] {logging_mixin.py:109} INFO - [2022-06-16 14:54:31,484] {dag.py:2398} INFO - Sync 3 DAGs
[2022-06-16 14:54:31,513] {logging_mixin.py:109} INFO - [2022-06-16 14:54:31,513] {dag.py:2937} INFO - Setting next_dagrun for example_subdag_operator to 2022-06-14T00:00:00+00:00
[2022-06-16 14:54:31,514] {logging_mixin.py:109} INFO - [2022-06-16 14:54:31,514] {dag.py:2937} INFO - Setting next_dagrun for example_subdag_operator.section-1 to None
[2022-06-16 14:54:31,514] {logging_mixin.py:109} INFO - [2022-06-16 14:54:31,514] {dag.py:2937} INFO - Setting next_dagrun for example_subdag_operator.section-2 to None
[2022-06-16 14:54:31,523] {logging_mixin.py:109} INFO - [2022-06-16 14:54:31,523] {dag.py:2398} INFO - Sync 2 DAGs
[2022-06-16 14:54:31,534] {logging_mixin.py:109} INFO - [2022-06-16 14:54:31,534] {dag.py:2937} INFO - Setting next_dagrun for example_subdag_operator.section-1 to None
[2022-06-16 14:54:31,534] {logging_mixin.py:109} INFO - [2022-06-16 14:54:31,534] {dag.py:2937} INFO - Setting next_dagrun for example_subdag_operator.section-2 to None
[2022-06-16 14:54:31,558] {processor.py:171} INFO - Processing /home/saba/.local/lib/python3.6/site-packages/airflow/example_dags/example_subdag_operator.py took 0.150 seconds
[2022-06-16 14:55:09,616] {processor.py:163} INFO - Started process (PID=3896) to work on /home/saba/.local/lib/python3.6/site-packages/airflow/example_dags/example_subdag_operator.py
[2022-06-16 14:55:09,618] {processor.py:642} INFO - Processing file /home/saba/.local/lib/python3.6/site-packages/airflow/example_dags/example_subdag_operator.py for tasks to queue
[2022-06-16 14:55:09,620] {logging_mixin.py:109} INFO - [2022-06-16 14:55:09,619] {dagbag.py:500} INFO - Filling up the DagBag from /home/saba/.local/lib/python3.6/site-packages/airflow/example_dags/example_subdag_operator.py
[2022-06-16 14:55:09,679] {processor.py:652} INFO - DAG(s) dict_keys(['example_subdag_operator.section-1', 'example_subdag_operator.section-2', 'example_subdag_operator']) retrieved from /home/saba/.local/lib/python3.6/site-packages/airflow/example_dags/example_subdag_operator.py
[2022-06-16 14:55:09,706] {logging_mixin.py:109} INFO - [2022-06-16 14:55:09,706] {dag.py:2398} INFO - Sync 3 DAGs
[2022-06-16 14:55:09,746] {logging_mixin.py:109} INFO - [2022-06-16 14:55:09,746] {dag.py:2937} INFO - Setting next_dagrun for example_subdag_operator to 2022-06-14T00:00:00+00:00
[2022-06-16 14:55:09,747] {logging_mixin.py:109} INFO - [2022-06-16 14:55:09,746] {dag.py:2937} INFO - Setting next_dagrun for example_subdag_operator.section-1 to None
[2022-06-16 14:55:09,747] {logging_mixin.py:109} INFO - [2022-06-16 14:55:09,747] {dag.py:2937} INFO - Setting next_dagrun for example_subdag_operator.section-2 to None
[2022-06-16 14:55:09,759] {logging_mixin.py:109} INFO - [2022-06-16 14:55:09,759] {dag.py:2398} INFO - Sync 2 DAGs
[2022-06-16 14:55:09,776] {logging_mixin.py:109} INFO - [2022-06-16 14:55:09,776] {dag.py:2937} INFO - Setting next_dagrun for example_subdag_operator.section-1 to None
[2022-06-16 14:55:09,776] {logging_mixin.py:109} INFO - [2022-06-16 14:55:09,776] {dag.py:2937} INFO - Setting next_dagrun for example_subdag_operator.section-2 to None
[2022-06-16 14:55:09,800] {processor.py:171} INFO - Processing /home/saba/.local/lib/python3.6/site-packages/airflow/example_dags/example_subdag_operator.py took 0.190 seconds
[2022-06-16 14:55:52,467] {processor.py:163} INFO - Started process (PID=4251) to work on /home/saba/.local/lib/python3.6/site-packages/airflow/example_dags/example_subdag_operator.py
[2022-06-16 14:55:52,476] {processor.py:642} INFO - Processing file /home/saba/.local/lib/python3.6/site-packages/airflow/example_dags/example_subdag_operator.py for tasks to queue
[2022-06-16 14:55:52,479] {logging_mixin.py:109} INFO - [2022-06-16 14:55:52,478] {dagbag.py:500} INFO - Filling up the DagBag from /home/saba/.local/lib/python3.6/site-packages/airflow/example_dags/example_subdag_operator.py
[2022-06-16 14:55:52,669] {processor.py:652} INFO - DAG(s) dict_keys(['example_subdag_operator.section-1', 'example_subdag_operator.section-2', 'example_subdag_operator']) retrieved from /home/saba/.local/lib/python3.6/site-packages/airflow/example_dags/example_subdag_operator.py
[2022-06-16 14:55:52,726] {logging_mixin.py:109} INFO - [2022-06-16 14:55:52,725] {dag.py:2398} INFO - Sync 3 DAGs
[2022-06-16 14:55:52,815] {logging_mixin.py:109} INFO - [2022-06-16 14:55:52,815] {dag.py:2937} INFO - Setting next_dagrun for example_subdag_operator to 2022-06-14T00:00:00+00:00
[2022-06-16 14:55:52,816] {logging_mixin.py:109} INFO - [2022-06-16 14:55:52,816] {dag.py:2937} INFO - Setting next_dagrun for example_subdag_operator.section-1 to None
[2022-06-16 14:55:52,817] {logging_mixin.py:109} INFO - [2022-06-16 14:55:52,817] {dag.py:2937} INFO - Setting next_dagrun for example_subdag_operator.section-2 to None
[2022-06-16 14:55:52,846] {logging_mixin.py:109} INFO - [2022-06-16 14:55:52,845] {dag.py:2398} INFO - Sync 2 DAGs
[2022-06-16 14:55:52,892] {logging_mixin.py:109} INFO - [2022-06-16 14:55:52,891] {dag.py:2937} INFO - Setting next_dagrun for example_subdag_operator.section-1 to None
[2022-06-16 14:55:52,893] {logging_mixin.py:109} INFO - [2022-06-16 14:55:52,893] {dag.py:2937} INFO - Setting next_dagrun for example_subdag_operator.section-2 to None
[2022-06-16 14:55:52,946] {processor.py:171} INFO - Processing /home/saba/.local/lib/python3.6/site-packages/airflow/example_dags/example_subdag_operator.py took 0.493 seconds
[2022-06-16 14:56:45,516] {processor.py:163} INFO - Started process (PID=4353) to work on /home/saba/.local/lib/python3.6/site-packages/airflow/example_dags/example_subdag_operator.py
[2022-06-16 14:56:45,520] {processor.py:642} INFO - Processing file /home/saba/.local/lib/python3.6/site-packages/airflow/example_dags/example_subdag_operator.py for tasks to queue
[2022-06-16 14:56:45,521] {logging_mixin.py:109} INFO - [2022-06-16 14:56:45,521] {dagbag.py:500} INFO - Filling up the DagBag from /home/saba/.local/lib/python3.6/site-packages/airflow/example_dags/example_subdag_operator.py
[2022-06-16 14:56:45,586] {processor.py:652} INFO - DAG(s) dict_keys(['example_subdag_operator.section-1', 'example_subdag_operator.section-2', 'example_subdag_operator']) retrieved from /home/saba/.local/lib/python3.6/site-packages/airflow/example_dags/example_subdag_operator.py
[2022-06-16 14:56:45,617] {logging_mixin.py:109} INFO - [2022-06-16 14:56:45,617] {dag.py:2398} INFO - Sync 3 DAGs
[2022-06-16 14:56:45,657] {logging_mixin.py:109} INFO - [2022-06-16 14:56:45,657] {dag.py:2937} INFO - Setting next_dagrun for example_subdag_operator to 2022-06-14T00:00:00+00:00
[2022-06-16 14:56:45,658] {logging_mixin.py:109} INFO - [2022-06-16 14:56:45,658] {dag.py:2937} INFO - Setting next_dagrun for example_subdag_operator.section-1 to None
[2022-06-16 14:56:45,659] {logging_mixin.py:109} INFO - [2022-06-16 14:56:45,659] {dag.py:2937} INFO - Setting next_dagrun for example_subdag_operator.section-2 to None
[2022-06-16 14:56:45,670] {logging_mixin.py:109} INFO - [2022-06-16 14:56:45,670] {dag.py:2398} INFO - Sync 2 DAGs
[2022-06-16 14:56:45,684] {logging_mixin.py:109} INFO - [2022-06-16 14:56:45,684] {dag.py:2937} INFO - Setting next_dagrun for example_subdag_operator.section-1 to None
[2022-06-16 14:56:45,685] {logging_mixin.py:109} INFO - [2022-06-16 14:56:45,685] {dag.py:2937} INFO - Setting next_dagrun for example_subdag_operator.section-2 to None
[2022-06-16 14:56:45,710] {processor.py:171} INFO - Processing /home/saba/.local/lib/python3.6/site-packages/airflow/example_dags/example_subdag_operator.py took 0.199 seconds
