[2022-06-16 14:00:00,937] {processor.py:163} INFO - Started process (PID=743) to work on /home/saba/airflow_venv/airflow_venv/lib/python3.6/site-packages/airflow/example_dags/example_nested_branch_dag.py
[2022-06-16 14:00:00,940] {processor.py:642} INFO - Processing file /home/saba/airflow_venv/airflow_venv/lib/python3.6/site-packages/airflow/example_dags/example_nested_branch_dag.py for tasks to queue
[2022-06-16 14:00:00,942] {logging_mixin.py:109} INFO - [2022-06-16 14:00:00,942] {dagbag.py:500} INFO - Filling up the DagBag from /home/saba/airflow_venv/airflow_venv/lib/python3.6/site-packages/airflow/example_dags/example_nested_branch_dag.py
[2022-06-16 14:00:01,009] {processor.py:652} INFO - DAG(s) dict_keys(['example_nested_branch_dag']) retrieved from /home/saba/airflow_venv/airflow_venv/lib/python3.6/site-packages/airflow/example_dags/example_nested_branch_dag.py
[2022-06-16 14:00:01,059] {logging_mixin.py:109} INFO - [2022-06-16 14:00:01,058] {dag.py:2398} INFO - Sync 1 DAGs
[2022-06-16 14:00:01,123] {logging_mixin.py:109} INFO - [2022-06-16 14:00:01,123] {dag.py:2937} INFO - Setting next_dagrun for example_nested_branch_dag to 2022-06-15 00:00:00+00:00
[2022-06-16 14:00:01,163] {processor.py:171} INFO - Processing /home/saba/airflow_venv/airflow_venv/lib/python3.6/site-packages/airflow/example_dags/example_nested_branch_dag.py took 0.236 seconds
[2022-06-16 14:00:48,502] {processor.py:163} INFO - Started process (PID=978) to work on /home/saba/airflow_venv/airflow_venv/lib/python3.6/site-packages/airflow/example_dags/example_nested_branch_dag.py
[2022-06-16 14:00:48,514] {processor.py:642} INFO - Processing file /home/saba/airflow_venv/airflow_venv/lib/python3.6/site-packages/airflow/example_dags/example_nested_branch_dag.py for tasks to queue
[2022-06-16 14:00:48,516] {logging_mixin.py:109} INFO - [2022-06-16 14:00:48,516] {dagbag.py:500} INFO - Filling up the DagBag from /home/saba/airflow_venv/airflow_venv/lib/python3.6/site-packages/airflow/example_dags/example_nested_branch_dag.py
[2022-06-16 14:00:48,609] {processor.py:652} INFO - DAG(s) dict_keys(['example_nested_branch_dag']) retrieved from /home/saba/airflow_venv/airflow_venv/lib/python3.6/site-packages/airflow/example_dags/example_nested_branch_dag.py
[2022-06-16 14:00:48,676] {logging_mixin.py:109} INFO - [2022-06-16 14:00:48,676] {dag.py:2398} INFO - Sync 1 DAGs
[2022-06-16 14:00:48,757] {logging_mixin.py:109} INFO - [2022-06-16 14:00:48,756] {dag.py:2937} INFO - Setting next_dagrun for example_nested_branch_dag to 2022-06-15 00:00:00+00:00
[2022-06-16 14:00:48,799] {processor.py:171} INFO - Processing /home/saba/airflow_venv/airflow_venv/lib/python3.6/site-packages/airflow/example_dags/example_nested_branch_dag.py took 0.307 seconds
[2022-06-16 14:01:29,290] {processor.py:163} INFO - Started process (PID=1177) to work on /home/saba/airflow_venv/airflow_venv/lib/python3.6/site-packages/airflow/example_dags/example_nested_branch_dag.py
[2022-06-16 14:01:29,303] {processor.py:642} INFO - Processing file /home/saba/airflow_venv/airflow_venv/lib/python3.6/site-packages/airflow/example_dags/example_nested_branch_dag.py for tasks to queue
[2022-06-16 14:01:29,305] {logging_mixin.py:109} INFO - [2022-06-16 14:01:29,304] {dagbag.py:500} INFO - Filling up the DagBag from /home/saba/airflow_venv/airflow_venv/lib/python3.6/site-packages/airflow/example_dags/example_nested_branch_dag.py
[2022-06-16 14:01:29,391] {processor.py:652} INFO - DAG(s) dict_keys(['example_nested_branch_dag']) retrieved from /home/saba/airflow_venv/airflow_venv/lib/python3.6/site-packages/airflow/example_dags/example_nested_branch_dag.py
[2022-06-16 14:01:29,441] {logging_mixin.py:109} INFO - [2022-06-16 14:01:29,441] {dag.py:2398} INFO - Sync 1 DAGs
[2022-06-16 14:01:29,498] {logging_mixin.py:109} INFO - [2022-06-16 14:01:29,497] {dag.py:2937} INFO - Setting next_dagrun for example_nested_branch_dag to 2022-06-15 00:00:00+00:00
[2022-06-16 14:01:29,537] {processor.py:171} INFO - Processing /home/saba/airflow_venv/airflow_venv/lib/python3.6/site-packages/airflow/example_dags/example_nested_branch_dag.py took 0.254 seconds
[2022-06-16 14:02:12,504] {processor.py:163} INFO - Started process (PID=1395) to work on /home/saba/airflow_venv/airflow_venv/lib/python3.6/site-packages/airflow/example_dags/example_nested_branch_dag.py
[2022-06-16 14:02:12,508] {processor.py:642} INFO - Processing file /home/saba/airflow_venv/airflow_venv/lib/python3.6/site-packages/airflow/example_dags/example_nested_branch_dag.py for tasks to queue
[2022-06-16 14:02:12,510] {logging_mixin.py:109} INFO - [2022-06-16 14:02:12,509] {dagbag.py:500} INFO - Filling up the DagBag from /home/saba/airflow_venv/airflow_venv/lib/python3.6/site-packages/airflow/example_dags/example_nested_branch_dag.py
[2022-06-16 14:02:12,569] {processor.py:652} INFO - DAG(s) dict_keys(['example_nested_branch_dag']) retrieved from /home/saba/airflow_venv/airflow_venv/lib/python3.6/site-packages/airflow/example_dags/example_nested_branch_dag.py
[2022-06-16 14:02:12,615] {logging_mixin.py:109} INFO - [2022-06-16 14:02:12,614] {dag.py:2398} INFO - Sync 1 DAGs
[2022-06-16 14:02:12,675] {logging_mixin.py:109} INFO - [2022-06-16 14:02:12,674] {dag.py:2937} INFO - Setting next_dagrun for example_nested_branch_dag to 2022-06-15 00:00:00+00:00
[2022-06-16 14:02:12,713] {processor.py:171} INFO - Processing /home/saba/airflow_venv/airflow_venv/lib/python3.6/site-packages/airflow/example_dags/example_nested_branch_dag.py took 0.217 seconds
[2022-06-16 14:02:55,113] {processor.py:163} INFO - Started process (PID=1603) to work on /home/saba/airflow_venv/airflow_venv/lib/python3.6/site-packages/airflow/example_dags/example_nested_branch_dag.py
[2022-06-16 14:02:55,117] {processor.py:642} INFO - Processing file /home/saba/airflow_venv/airflow_venv/lib/python3.6/site-packages/airflow/example_dags/example_nested_branch_dag.py for tasks to queue
[2022-06-16 14:02:55,119] {logging_mixin.py:109} INFO - [2022-06-16 14:02:55,118] {dagbag.py:500} INFO - Filling up the DagBag from /home/saba/airflow_venv/airflow_venv/lib/python3.6/site-packages/airflow/example_dags/example_nested_branch_dag.py
[2022-06-16 14:02:55,184] {processor.py:652} INFO - DAG(s) dict_keys(['example_nested_branch_dag']) retrieved from /home/saba/airflow_venv/airflow_venv/lib/python3.6/site-packages/airflow/example_dags/example_nested_branch_dag.py
[2022-06-16 14:02:55,227] {logging_mixin.py:109} INFO - [2022-06-16 14:02:55,226] {dag.py:2398} INFO - Sync 1 DAGs
[2022-06-16 14:02:55,282] {logging_mixin.py:109} INFO - [2022-06-16 14:02:55,281] {dag.py:2937} INFO - Setting next_dagrun for example_nested_branch_dag to 2022-06-15 00:00:00+00:00
[2022-06-16 14:02:55,317] {processor.py:171} INFO - Processing /home/saba/airflow_venv/airflow_venv/lib/python3.6/site-packages/airflow/example_dags/example_nested_branch_dag.py took 0.212 seconds
[2022-06-16 14:03:39,173] {processor.py:163} INFO - Started process (PID=1807) to work on /home/saba/airflow_venv/airflow_venv/lib/python3.6/site-packages/airflow/example_dags/example_nested_branch_dag.py
[2022-06-16 14:03:39,177] {processor.py:642} INFO - Processing file /home/saba/airflow_venv/airflow_venv/lib/python3.6/site-packages/airflow/example_dags/example_nested_branch_dag.py for tasks to queue
[2022-06-16 14:03:39,179] {logging_mixin.py:109} INFO - [2022-06-16 14:03:39,179] {dagbag.py:500} INFO - Filling up the DagBag from /home/saba/airflow_venv/airflow_venv/lib/python3.6/site-packages/airflow/example_dags/example_nested_branch_dag.py
[2022-06-16 14:03:39,241] {processor.py:652} INFO - DAG(s) dict_keys(['example_nested_branch_dag']) retrieved from /home/saba/airflow_venv/airflow_venv/lib/python3.6/site-packages/airflow/example_dags/example_nested_branch_dag.py
[2022-06-16 14:03:39,287] {logging_mixin.py:109} INFO - [2022-06-16 14:03:39,287] {dag.py:2398} INFO - Sync 1 DAGs
[2022-06-16 14:03:39,347] {logging_mixin.py:109} INFO - [2022-06-16 14:03:39,347] {dag.py:2937} INFO - Setting next_dagrun for example_nested_branch_dag to 2022-06-15 00:00:00+00:00
[2022-06-16 14:03:39,384] {processor.py:171} INFO - Processing /home/saba/airflow_venv/airflow_venv/lib/python3.6/site-packages/airflow/example_dags/example_nested_branch_dag.py took 0.218 seconds
[2022-06-16 14:04:21,272] {processor.py:163} INFO - Started process (PID=2013) to work on /home/saba/airflow_venv/airflow_venv/lib/python3.6/site-packages/airflow/example_dags/example_nested_branch_dag.py
[2022-06-16 14:04:21,275] {processor.py:642} INFO - Processing file /home/saba/airflow_venv/airflow_venv/lib/python3.6/site-packages/airflow/example_dags/example_nested_branch_dag.py for tasks to queue
[2022-06-16 14:04:21,277] {logging_mixin.py:109} INFO - [2022-06-16 14:04:21,277] {dagbag.py:500} INFO - Filling up the DagBag from /home/saba/airflow_venv/airflow_venv/lib/python3.6/site-packages/airflow/example_dags/example_nested_branch_dag.py
[2022-06-16 14:04:21,342] {processor.py:652} INFO - DAG(s) dict_keys(['example_nested_branch_dag']) retrieved from /home/saba/airflow_venv/airflow_venv/lib/python3.6/site-packages/airflow/example_dags/example_nested_branch_dag.py
[2022-06-16 14:04:21,382] {logging_mixin.py:109} INFO - [2022-06-16 14:04:21,382] {dag.py:2398} INFO - Sync 1 DAGs
[2022-06-16 14:04:21,435] {logging_mixin.py:109} INFO - [2022-06-16 14:04:21,434] {dag.py:2937} INFO - Setting next_dagrun for example_nested_branch_dag to 2022-06-15 00:00:00+00:00
[2022-06-16 14:04:21,468] {processor.py:171} INFO - Processing /home/saba/airflow_venv/airflow_venv/lib/python3.6/site-packages/airflow/example_dags/example_nested_branch_dag.py took 0.205 seconds
[2022-06-16 14:05:41,801] {processor.py:163} INFO - Started process (PID=2450) to work on /home/saba/airflow_venv/airflow_venv/lib/python3.6/site-packages/airflow/example_dags/example_nested_branch_dag.py
[2022-06-16 14:05:41,805] {processor.py:642} INFO - Processing file /home/saba/airflow_venv/airflow_venv/lib/python3.6/site-packages/airflow/example_dags/example_nested_branch_dag.py for tasks to queue
[2022-06-16 14:05:41,807] {logging_mixin.py:109} INFO - [2022-06-16 14:05:41,806] {dagbag.py:500} INFO - Filling up the DagBag from /home/saba/airflow_venv/airflow_venv/lib/python3.6/site-packages/airflow/example_dags/example_nested_branch_dag.py
[2022-06-16 14:05:41,881] {processor.py:652} INFO - DAG(s) dict_keys(['example_nested_branch_dag']) retrieved from /home/saba/airflow_venv/airflow_venv/lib/python3.6/site-packages/airflow/example_dags/example_nested_branch_dag.py
[2022-06-16 14:05:41,937] {logging_mixin.py:109} INFO - [2022-06-16 14:05:41,937] {dag.py:2398} INFO - Sync 1 DAGs
[2022-06-16 14:05:42,023] {logging_mixin.py:109} INFO - [2022-06-16 14:05:42,023] {dag.py:2937} INFO - Setting next_dagrun for example_nested_branch_dag to 2022-06-15 00:00:00+00:00
[2022-06-16 14:05:42,059] {processor.py:171} INFO - Processing /home/saba/airflow_venv/airflow_venv/lib/python3.6/site-packages/airflow/example_dags/example_nested_branch_dag.py took 0.268 seconds
[2022-06-16 14:06:26,144] {processor.py:163} INFO - Started process (PID=2671) to work on /home/saba/airflow_venv/airflow_venv/lib/python3.6/site-packages/airflow/example_dags/example_nested_branch_dag.py
[2022-06-16 14:06:26,156] {processor.py:642} INFO - Processing file /home/saba/airflow_venv/airflow_venv/lib/python3.6/site-packages/airflow/example_dags/example_nested_branch_dag.py for tasks to queue
[2022-06-16 14:06:26,157] {logging_mixin.py:109} INFO - [2022-06-16 14:06:26,157] {dagbag.py:500} INFO - Filling up the DagBag from /home/saba/airflow_venv/airflow_venv/lib/python3.6/site-packages/airflow/example_dags/example_nested_branch_dag.py
[2022-06-16 14:06:26,195] {processor.py:652} INFO - DAG(s) dict_keys(['example_nested_branch_dag']) retrieved from /home/saba/airflow_venv/airflow_venv/lib/python3.6/site-packages/airflow/example_dags/example_nested_branch_dag.py
[2022-06-16 14:06:26,221] {logging_mixin.py:109} INFO - [2022-06-16 14:06:26,220] {dag.py:2398} INFO - Sync 1 DAGs
[2022-06-16 14:06:26,256] {logging_mixin.py:109} INFO - [2022-06-16 14:06:26,256] {dag.py:2937} INFO - Setting next_dagrun for example_nested_branch_dag to 2022-06-15 00:00:00+00:00
[2022-06-16 14:06:26,279] {processor.py:171} INFO - Processing /home/saba/airflow_venv/airflow_venv/lib/python3.6/site-packages/airflow/example_dags/example_nested_branch_dag.py took 0.142 seconds
[2022-06-16 14:07:05,709] {processor.py:163} INFO - Started process (PID=2914) to work on /home/saba/airflow_venv/airflow_venv/lib/python3.6/site-packages/airflow/example_dags/example_nested_branch_dag.py
[2022-06-16 14:07:05,712] {processor.py:642} INFO - Processing file /home/saba/airflow_venv/airflow_venv/lib/python3.6/site-packages/airflow/example_dags/example_nested_branch_dag.py for tasks to queue
[2022-06-16 14:07:05,713] {logging_mixin.py:109} INFO - [2022-06-16 14:07:05,713] {dagbag.py:500} INFO - Filling up the DagBag from /home/saba/airflow_venv/airflow_venv/lib/python3.6/site-packages/airflow/example_dags/example_nested_branch_dag.py
[2022-06-16 14:07:05,770] {processor.py:652} INFO - DAG(s) dict_keys(['example_nested_branch_dag']) retrieved from /home/saba/airflow_venv/airflow_venv/lib/python3.6/site-packages/airflow/example_dags/example_nested_branch_dag.py
[2022-06-16 14:07:05,816] {logging_mixin.py:109} INFO - [2022-06-16 14:07:05,816] {dag.py:2398} INFO - Sync 1 DAGs
[2022-06-16 14:07:05,877] {logging_mixin.py:109} INFO - [2022-06-16 14:07:05,877] {dag.py:2937} INFO - Setting next_dagrun for example_nested_branch_dag to 2022-06-15 00:00:00+00:00
[2022-06-16 14:07:05,918] {processor.py:171} INFO - Processing /home/saba/airflow_venv/airflow_venv/lib/python3.6/site-packages/airflow/example_dags/example_nested_branch_dag.py took 0.217 seconds
[2022-06-16 14:07:47,298] {processor.py:163} INFO - Started process (PID=3160) to work on /home/saba/airflow_venv/airflow_venv/lib/python3.6/site-packages/airflow/example_dags/example_nested_branch_dag.py
[2022-06-16 14:07:47,301] {processor.py:642} INFO - Processing file /home/saba/airflow_venv/airflow_venv/lib/python3.6/site-packages/airflow/example_dags/example_nested_branch_dag.py for tasks to queue
[2022-06-16 14:07:47,303] {logging_mixin.py:109} INFO - [2022-06-16 14:07:47,303] {dagbag.py:500} INFO - Filling up the DagBag from /home/saba/airflow_venv/airflow_venv/lib/python3.6/site-packages/airflow/example_dags/example_nested_branch_dag.py
[2022-06-16 14:07:47,367] {processor.py:652} INFO - DAG(s) dict_keys(['example_nested_branch_dag']) retrieved from /home/saba/airflow_venv/airflow_venv/lib/python3.6/site-packages/airflow/example_dags/example_nested_branch_dag.py
[2022-06-16 14:07:47,405] {logging_mixin.py:109} INFO - [2022-06-16 14:07:47,405] {dag.py:2398} INFO - Sync 1 DAGs
[2022-06-16 14:07:47,465] {logging_mixin.py:109} INFO - [2022-06-16 14:07:47,465] {dag.py:2937} INFO - Setting next_dagrun for example_nested_branch_dag to 2022-06-15 00:00:00+00:00
[2022-06-16 14:07:47,504] {processor.py:171} INFO - Processing /home/saba/airflow_venv/airflow_venv/lib/python3.6/site-packages/airflow/example_dags/example_nested_branch_dag.py took 0.213 seconds
[2022-06-16 14:08:28,493] {processor.py:163} INFO - Started process (PID=3400) to work on /home/saba/airflow_venv/airflow_venv/lib/python3.6/site-packages/airflow/example_dags/example_nested_branch_dag.py
[2022-06-16 14:08:28,496] {processor.py:642} INFO - Processing file /home/saba/airflow_venv/airflow_venv/lib/python3.6/site-packages/airflow/example_dags/example_nested_branch_dag.py for tasks to queue
[2022-06-16 14:08:28,498] {logging_mixin.py:109} INFO - [2022-06-16 14:08:28,497] {dagbag.py:500} INFO - Filling up the DagBag from /home/saba/airflow_venv/airflow_venv/lib/python3.6/site-packages/airflow/example_dags/example_nested_branch_dag.py
[2022-06-16 14:08:28,552] {processor.py:652} INFO - DAG(s) dict_keys(['example_nested_branch_dag']) retrieved from /home/saba/airflow_venv/airflow_venv/lib/python3.6/site-packages/airflow/example_dags/example_nested_branch_dag.py
[2022-06-16 14:08:28,590] {logging_mixin.py:109} INFO - [2022-06-16 14:08:28,590] {dag.py:2398} INFO - Sync 1 DAGs
[2022-06-16 14:08:28,636] {logging_mixin.py:109} INFO - [2022-06-16 14:08:28,635] {dag.py:2937} INFO - Setting next_dagrun for example_nested_branch_dag to 2022-06-15 00:00:00+00:00
[2022-06-16 14:08:28,671] {processor.py:171} INFO - Processing /home/saba/airflow_venv/airflow_venv/lib/python3.6/site-packages/airflow/example_dags/example_nested_branch_dag.py took 0.185 seconds
[2022-06-16 14:09:09,603] {processor.py:163} INFO - Started process (PID=3634) to work on /home/saba/airflow_venv/airflow_venv/lib/python3.6/site-packages/airflow/example_dags/example_nested_branch_dag.py
[2022-06-16 14:09:09,615] {processor.py:642} INFO - Processing file /home/saba/airflow_venv/airflow_venv/lib/python3.6/site-packages/airflow/example_dags/example_nested_branch_dag.py for tasks to queue
[2022-06-16 14:09:09,616] {logging_mixin.py:109} INFO - [2022-06-16 14:09:09,616] {dagbag.py:500} INFO - Filling up the DagBag from /home/saba/airflow_venv/airflow_venv/lib/python3.6/site-packages/airflow/example_dags/example_nested_branch_dag.py
[2022-06-16 14:09:09,656] {processor.py:652} INFO - DAG(s) dict_keys(['example_nested_branch_dag']) retrieved from /home/saba/airflow_venv/airflow_venv/lib/python3.6/site-packages/airflow/example_dags/example_nested_branch_dag.py
[2022-06-16 14:09:09,686] {logging_mixin.py:109} INFO - [2022-06-16 14:09:09,686] {dag.py:2398} INFO - Sync 1 DAGs
[2022-06-16 14:09:09,726] {logging_mixin.py:109} INFO - [2022-06-16 14:09:09,725] {dag.py:2937} INFO - Setting next_dagrun for example_nested_branch_dag to 2022-06-15 00:00:00+00:00
[2022-06-16 14:09:09,762] {processor.py:171} INFO - Processing /home/saba/airflow_venv/airflow_venv/lib/python3.6/site-packages/airflow/example_dags/example_nested_branch_dag.py took 0.165 seconds
[2022-06-16 14:09:50,663] {processor.py:163} INFO - Started process (PID=3866) to work on /home/saba/airflow_venv/airflow_venv/lib/python3.6/site-packages/airflow/example_dags/example_nested_branch_dag.py
[2022-06-16 14:09:50,675] {processor.py:642} INFO - Processing file /home/saba/airflow_venv/airflow_venv/lib/python3.6/site-packages/airflow/example_dags/example_nested_branch_dag.py for tasks to queue
[2022-06-16 14:09:50,676] {logging_mixin.py:109} INFO - [2022-06-16 14:09:50,676] {dagbag.py:500} INFO - Filling up the DagBag from /home/saba/airflow_venv/airflow_venv/lib/python3.6/site-packages/airflow/example_dags/example_nested_branch_dag.py
[2022-06-16 14:09:50,713] {processor.py:652} INFO - DAG(s) dict_keys(['example_nested_branch_dag']) retrieved from /home/saba/airflow_venv/airflow_venv/lib/python3.6/site-packages/airflow/example_dags/example_nested_branch_dag.py
[2022-06-16 14:09:50,739] {logging_mixin.py:109} INFO - [2022-06-16 14:09:50,739] {dag.py:2398} INFO - Sync 1 DAGs
[2022-06-16 14:09:50,790] {logging_mixin.py:109} INFO - [2022-06-16 14:09:50,790] {dag.py:2937} INFO - Setting next_dagrun for example_nested_branch_dag to 2022-06-15 00:00:00+00:00
[2022-06-16 14:09:50,825] {processor.py:171} INFO - Processing /home/saba/airflow_venv/airflow_venv/lib/python3.6/site-packages/airflow/example_dags/example_nested_branch_dag.py took 0.168 seconds
[2022-06-16 14:10:31,127] {processor.py:163} INFO - Started process (PID=4126) to work on /home/saba/airflow_venv/airflow_venv/lib/python3.6/site-packages/airflow/example_dags/example_nested_branch_dag.py
[2022-06-16 14:10:31,138] {processor.py:642} INFO - Processing file /home/saba/airflow_venv/airflow_venv/lib/python3.6/site-packages/airflow/example_dags/example_nested_branch_dag.py for tasks to queue
[2022-06-16 14:10:31,140] {logging_mixin.py:109} INFO - [2022-06-16 14:10:31,139] {dagbag.py:500} INFO - Filling up the DagBag from /home/saba/airflow_venv/airflow_venv/lib/python3.6/site-packages/airflow/example_dags/example_nested_branch_dag.py
[2022-06-16 14:10:31,175] {processor.py:652} INFO - DAG(s) dict_keys(['example_nested_branch_dag']) retrieved from /home/saba/airflow_venv/airflow_venv/lib/python3.6/site-packages/airflow/example_dags/example_nested_branch_dag.py
[2022-06-16 14:10:31,205] {logging_mixin.py:109} INFO - [2022-06-16 14:10:31,205] {dag.py:2398} INFO - Sync 1 DAGs
[2022-06-16 14:10:31,248] {logging_mixin.py:109} INFO - [2022-06-16 14:10:31,247] {dag.py:2937} INFO - Setting next_dagrun for example_nested_branch_dag to 2022-06-15 00:00:00+00:00
[2022-06-16 14:10:31,282] {processor.py:171} INFO - Processing /home/saba/airflow_venv/airflow_venv/lib/python3.6/site-packages/airflow/example_dags/example_nested_branch_dag.py took 0.160 seconds
[2022-06-16 14:11:11,721] {processor.py:163} INFO - Started process (PID=4361) to work on /home/saba/airflow_venv/airflow_venv/lib/python3.6/site-packages/airflow/example_dags/example_nested_branch_dag.py
[2022-06-16 14:11:11,726] {processor.py:642} INFO - Processing file /home/saba/airflow_venv/airflow_venv/lib/python3.6/site-packages/airflow/example_dags/example_nested_branch_dag.py for tasks to queue
[2022-06-16 14:11:11,727] {logging_mixin.py:109} INFO - [2022-06-16 14:11:11,727] {dagbag.py:500} INFO - Filling up the DagBag from /home/saba/airflow_venv/airflow_venv/lib/python3.6/site-packages/airflow/example_dags/example_nested_branch_dag.py
[2022-06-16 14:11:11,774] {processor.py:652} INFO - DAG(s) dict_keys(['example_nested_branch_dag']) retrieved from /home/saba/airflow_venv/airflow_venv/lib/python3.6/site-packages/airflow/example_dags/example_nested_branch_dag.py
[2022-06-16 14:11:11,805] {logging_mixin.py:109} INFO - [2022-06-16 14:11:11,805] {dag.py:2398} INFO - Sync 1 DAGs
[2022-06-16 14:11:11,845] {logging_mixin.py:109} INFO - [2022-06-16 14:11:11,845] {dag.py:2937} INFO - Setting next_dagrun for example_nested_branch_dag to 2022-06-15 00:00:00+00:00
[2022-06-16 14:11:11,868] {processor.py:171} INFO - Processing /home/saba/airflow_venv/airflow_venv/lib/python3.6/site-packages/airflow/example_dags/example_nested_branch_dag.py took 0.153 seconds
[2022-06-16 14:11:55,780] {processor.py:163} INFO - Started process (PID=4581) to work on /home/saba/airflow_venv/airflow_venv/lib/python3.6/site-packages/airflow/example_dags/example_nested_branch_dag.py
[2022-06-16 14:11:55,784] {processor.py:642} INFO - Processing file /home/saba/airflow_venv/airflow_venv/lib/python3.6/site-packages/airflow/example_dags/example_nested_branch_dag.py for tasks to queue
[2022-06-16 14:11:55,786] {logging_mixin.py:109} INFO - [2022-06-16 14:11:55,786] {dagbag.py:500} INFO - Filling up the DagBag from /home/saba/airflow_venv/airflow_venv/lib/python3.6/site-packages/airflow/example_dags/example_nested_branch_dag.py
[2022-06-16 14:11:55,884] {processor.py:652} INFO - DAG(s) dict_keys(['example_nested_branch_dag']) retrieved from /home/saba/airflow_venv/airflow_venv/lib/python3.6/site-packages/airflow/example_dags/example_nested_branch_dag.py
[2022-06-16 14:11:55,948] {logging_mixin.py:109} INFO - [2022-06-16 14:11:55,948] {dag.py:2398} INFO - Sync 1 DAGs
[2022-06-16 14:11:56,008] {logging_mixin.py:109} INFO - [2022-06-16 14:11:56,008] {dag.py:2937} INFO - Setting next_dagrun for example_nested_branch_dag to 2022-06-15 00:00:00+00:00
[2022-06-16 14:11:56,048] {processor.py:171} INFO - Processing /home/saba/airflow_venv/airflow_venv/lib/python3.6/site-packages/airflow/example_dags/example_nested_branch_dag.py took 0.279 seconds
[2022-06-16 14:12:44,029] {processor.py:163} INFO - Started process (PID=4776) to work on /home/saba/airflow_venv/airflow_venv/lib/python3.6/site-packages/airflow/example_dags/example_nested_branch_dag.py
[2022-06-16 14:12:44,034] {processor.py:642} INFO - Processing file /home/saba/airflow_venv/airflow_venv/lib/python3.6/site-packages/airflow/example_dags/example_nested_branch_dag.py for tasks to queue
[2022-06-16 14:12:44,036] {logging_mixin.py:109} INFO - [2022-06-16 14:12:44,036] {dagbag.py:500} INFO - Filling up the DagBag from /home/saba/airflow_venv/airflow_venv/lib/python3.6/site-packages/airflow/example_dags/example_nested_branch_dag.py
[2022-06-16 14:12:44,111] {processor.py:652} INFO - DAG(s) dict_keys(['example_nested_branch_dag']) retrieved from /home/saba/airflow_venv/airflow_venv/lib/python3.6/site-packages/airflow/example_dags/example_nested_branch_dag.py
[2022-06-16 14:12:44,161] {logging_mixin.py:109} INFO - [2022-06-16 14:12:44,161] {dag.py:2398} INFO - Sync 1 DAGs
[2022-06-16 14:12:44,232] {logging_mixin.py:109} INFO - [2022-06-16 14:12:44,232] {dag.py:2937} INFO - Setting next_dagrun for example_nested_branch_dag to 2022-06-15 00:00:00+00:00
[2022-06-16 14:12:44,272] {processor.py:171} INFO - Processing /home/saba/airflow_venv/airflow_venv/lib/python3.6/site-packages/airflow/example_dags/example_nested_branch_dag.py took 0.252 seconds
[2022-06-16 14:13:36,273] {processor.py:163} INFO - Started process (PID=4978) to work on /home/saba/airflow_venv/airflow_venv/lib/python3.6/site-packages/airflow/example_dags/example_nested_branch_dag.py
[2022-06-16 14:13:36,278] {processor.py:642} INFO - Processing file /home/saba/airflow_venv/airflow_venv/lib/python3.6/site-packages/airflow/example_dags/example_nested_branch_dag.py for tasks to queue
[2022-06-16 14:13:36,280] {logging_mixin.py:109} INFO - [2022-06-16 14:13:36,280] {dagbag.py:500} INFO - Filling up the DagBag from /home/saba/airflow_venv/airflow_venv/lib/python3.6/site-packages/airflow/example_dags/example_nested_branch_dag.py
[2022-06-16 14:13:36,336] {processor.py:652} INFO - DAG(s) dict_keys(['example_nested_branch_dag']) retrieved from /home/saba/airflow_venv/airflow_venv/lib/python3.6/site-packages/airflow/example_dags/example_nested_branch_dag.py
[2022-06-16 14:13:36,372] {logging_mixin.py:109} INFO - [2022-06-16 14:13:36,371] {dag.py:2398} INFO - Sync 1 DAGs
[2022-06-16 14:13:36,428] {logging_mixin.py:109} INFO - [2022-06-16 14:13:36,428] {dag.py:2937} INFO - Setting next_dagrun for example_nested_branch_dag to 2022-06-15 00:00:00+00:00
[2022-06-16 14:13:36,466] {processor.py:171} INFO - Processing /home/saba/airflow_venv/airflow_venv/lib/python3.6/site-packages/airflow/example_dags/example_nested_branch_dag.py took 0.200 seconds
[2022-06-16 14:14:28,139] {processor.py:163} INFO - Started process (PID=5152) to work on /home/saba/airflow_venv/airflow_venv/lib/python3.6/site-packages/airflow/example_dags/example_nested_branch_dag.py
[2022-06-16 14:14:28,146] {processor.py:642} INFO - Processing file /home/saba/airflow_venv/airflow_venv/lib/python3.6/site-packages/airflow/example_dags/example_nested_branch_dag.py for tasks to queue
[2022-06-16 14:14:28,156] {logging_mixin.py:109} INFO - [2022-06-16 14:14:28,155] {dagbag.py:500} INFO - Filling up the DagBag from /home/saba/airflow_venv/airflow_venv/lib/python3.6/site-packages/airflow/example_dags/example_nested_branch_dag.py
[2022-06-16 14:14:28,328] {processor.py:652} INFO - DAG(s) dict_keys(['example_nested_branch_dag']) retrieved from /home/saba/airflow_venv/airflow_venv/lib/python3.6/site-packages/airflow/example_dags/example_nested_branch_dag.py
[2022-06-16 14:14:28,413] {logging_mixin.py:109} INFO - [2022-06-16 14:14:28,412] {dag.py:2398} INFO - Sync 1 DAGs
[2022-06-16 14:14:28,604] {logging_mixin.py:109} INFO - [2022-06-16 14:14:28,603] {dag.py:2937} INFO - Setting next_dagrun for example_nested_branch_dag to 2022-06-15 00:00:00+00:00
[2022-06-16 14:14:29,014] {processor.py:171} INFO - Processing /home/saba/airflow_venv/airflow_venv/lib/python3.6/site-packages/airflow/example_dags/example_nested_branch_dag.py took 0.891 seconds
[2022-06-16 14:15:40,620] {processor.py:163} INFO - Started process (PID=5404) to work on /home/saba/airflow_venv/airflow_venv/lib/python3.6/site-packages/airflow/example_dags/example_nested_branch_dag.py
[2022-06-16 14:15:40,627] {processor.py:642} INFO - Processing file /home/saba/airflow_venv/airflow_venv/lib/python3.6/site-packages/airflow/example_dags/example_nested_branch_dag.py for tasks to queue
[2022-06-16 14:15:40,642] {logging_mixin.py:109} INFO - [2022-06-16 14:15:40,641] {dagbag.py:500} INFO - Filling up the DagBag from /home/saba/airflow_venv/airflow_venv/lib/python3.6/site-packages/airflow/example_dags/example_nested_branch_dag.py
[2022-06-16 14:15:40,944] {processor.py:652} INFO - DAG(s) dict_keys(['example_nested_branch_dag']) retrieved from /home/saba/airflow_venv/airflow_venv/lib/python3.6/site-packages/airflow/example_dags/example_nested_branch_dag.py
[2022-06-16 14:15:41,179] {logging_mixin.py:109} INFO - [2022-06-16 14:15:41,179] {dag.py:2398} INFO - Sync 1 DAGs
[2022-06-16 14:15:41,754] {logging_mixin.py:109} INFO - [2022-06-16 14:15:41,754] {dag.py:2937} INFO - Setting next_dagrun for example_nested_branch_dag to 2022-06-15 00:00:00+00:00
[2022-06-16 14:15:41,887] {processor.py:171} INFO - Processing /home/saba/airflow_venv/airflow_venv/lib/python3.6/site-packages/airflow/example_dags/example_nested_branch_dag.py took 1.303 seconds
[2022-06-16 14:17:06,638] {processor.py:163} INFO - Started process (PID=7856) to work on /home/saba/airflow_venv/airflow_venv/lib/python3.6/site-packages/airflow/example_dags/example_nested_branch_dag.py
[2022-06-16 14:17:06,647] {processor.py:642} INFO - Processing file /home/saba/airflow_venv/airflow_venv/lib/python3.6/site-packages/airflow/example_dags/example_nested_branch_dag.py for tasks to queue
[2022-06-16 14:17:06,651] {logging_mixin.py:109} INFO - [2022-06-16 14:17:06,650] {dagbag.py:500} INFO - Filling up the DagBag from /home/saba/airflow_venv/airflow_venv/lib/python3.6/site-packages/airflow/example_dags/example_nested_branch_dag.py
[2022-06-16 14:17:06,801] {processor.py:652} INFO - DAG(s) dict_keys(['example_nested_branch_dag']) retrieved from /home/saba/airflow_venv/airflow_venv/lib/python3.6/site-packages/airflow/example_dags/example_nested_branch_dag.py
[2022-06-16 14:17:06,893] {logging_mixin.py:109} INFO - [2022-06-16 14:17:06,892] {dag.py:2398} INFO - Sync 1 DAGs
[2022-06-16 14:17:07,322] {logging_mixin.py:109} INFO - [2022-06-16 14:17:07,322] {dag.py:2937} INFO - Setting next_dagrun for example_nested_branch_dag to 2022-06-15 00:00:00+00:00
[2022-06-16 14:17:07,410] {processor.py:171} INFO - Processing /home/saba/airflow_venv/airflow_venv/lib/python3.6/site-packages/airflow/example_dags/example_nested_branch_dag.py took 0.782 seconds
[2022-06-16 14:18:13,567] {processor.py:163} INFO - Started process (PID=8050) to work on /home/saba/airflow_venv/airflow_venv/lib/python3.6/site-packages/airflow/example_dags/example_nested_branch_dag.py
[2022-06-16 14:18:13,579] {processor.py:642} INFO - Processing file /home/saba/airflow_venv/airflow_venv/lib/python3.6/site-packages/airflow/example_dags/example_nested_branch_dag.py for tasks to queue
[2022-06-16 14:18:13,585] {logging_mixin.py:109} INFO - [2022-06-16 14:18:13,584] {dagbag.py:500} INFO - Filling up the DagBag from /home/saba/airflow_venv/airflow_venv/lib/python3.6/site-packages/airflow/example_dags/example_nested_branch_dag.py
[2022-06-16 14:18:14,615] {processor.py:652} INFO - DAG(s) dict_keys(['example_nested_branch_dag']) retrieved from /home/saba/airflow_venv/airflow_venv/lib/python3.6/site-packages/airflow/example_dags/example_nested_branch_dag.py
[2022-06-16 14:18:14,713] {logging_mixin.py:109} INFO - [2022-06-16 14:18:14,713] {dag.py:2398} INFO - Sync 1 DAGs
[2022-06-16 14:18:14,822] {logging_mixin.py:109} INFO - [2022-06-16 14:18:14,822] {dag.py:2937} INFO - Setting next_dagrun for example_nested_branch_dag to 2022-06-15 00:00:00+00:00
[2022-06-16 14:18:14,908] {processor.py:171} INFO - Processing /home/saba/airflow_venv/airflow_venv/lib/python3.6/site-packages/airflow/example_dags/example_nested_branch_dag.py took 1.369 seconds
[2022-06-16 14:19:16,314] {processor.py:163} INFO - Started process (PID=8491) to work on /home/saba/airflow_venv/airflow_venv/lib/python3.6/site-packages/airflow/example_dags/example_nested_branch_dag.py
[2022-06-16 14:19:16,318] {processor.py:642} INFO - Processing file /home/saba/airflow_venv/airflow_venv/lib/python3.6/site-packages/airflow/example_dags/example_nested_branch_dag.py for tasks to queue
[2022-06-16 14:19:16,320] {logging_mixin.py:109} INFO - [2022-06-16 14:19:16,320] {dagbag.py:500} INFO - Filling up the DagBag from /home/saba/airflow_venv/airflow_venv/lib/python3.6/site-packages/airflow/example_dags/example_nested_branch_dag.py
[2022-06-16 14:19:16,575] {processor.py:652} INFO - DAG(s) dict_keys(['example_nested_branch_dag']) retrieved from /home/saba/airflow_venv/airflow_venv/lib/python3.6/site-packages/airflow/example_dags/example_nested_branch_dag.py
[2022-06-16 14:19:16,618] {logging_mixin.py:109} INFO - [2022-06-16 14:19:16,618] {dag.py:2398} INFO - Sync 1 DAGs
[2022-06-16 14:19:16,679] {logging_mixin.py:109} INFO - [2022-06-16 14:19:16,679] {dag.py:2937} INFO - Setting next_dagrun for example_nested_branch_dag to 2022-06-15 00:00:00+00:00
[2022-06-16 14:19:16,716] {processor.py:171} INFO - Processing /home/saba/airflow_venv/airflow_venv/lib/python3.6/site-packages/airflow/example_dags/example_nested_branch_dag.py took 0.412 seconds
[2022-06-16 14:20:17,439] {processor.py:163} INFO - Started process (PID=8657) to work on /home/saba/airflow_venv/airflow_venv/lib/python3.6/site-packages/airflow/example_dags/example_nested_branch_dag.py
[2022-06-16 14:20:17,456] {processor.py:642} INFO - Processing file /home/saba/airflow_venv/airflow_venv/lib/python3.6/site-packages/airflow/example_dags/example_nested_branch_dag.py for tasks to queue
[2022-06-16 14:20:17,459] {logging_mixin.py:109} INFO - [2022-06-16 14:20:17,458] {dagbag.py:500} INFO - Filling up the DagBag from /home/saba/airflow_venv/airflow_venv/lib/python3.6/site-packages/airflow/example_dags/example_nested_branch_dag.py
[2022-06-16 14:20:17,982] {processor.py:652} INFO - DAG(s) dict_keys(['example_nested_branch_dag']) retrieved from /home/saba/airflow_venv/airflow_venv/lib/python3.6/site-packages/airflow/example_dags/example_nested_branch_dag.py
[2022-06-16 14:20:18,064] {logging_mixin.py:109} INFO - [2022-06-16 14:20:18,064] {dag.py:2398} INFO - Sync 1 DAGs
[2022-06-16 14:20:18,179] {logging_mixin.py:109} INFO - [2022-06-16 14:20:18,179] {dag.py:2937} INFO - Setting next_dagrun for example_nested_branch_dag to 2022-06-15 00:00:00+00:00
[2022-06-16 14:20:18,242] {processor.py:171} INFO - Processing /home/saba/airflow_venv/airflow_venv/lib/python3.6/site-packages/airflow/example_dags/example_nested_branch_dag.py took 0.832 seconds
[2022-06-16 14:21:41,436] {processor.py:163} INFO - Started process (PID=9004) to work on /home/saba/airflow_venv/airflow_venv/lib/python3.6/site-packages/airflow/example_dags/example_nested_branch_dag.py
[2022-06-16 14:21:41,442] {processor.py:642} INFO - Processing file /home/saba/airflow_venv/airflow_venv/lib/python3.6/site-packages/airflow/example_dags/example_nested_branch_dag.py for tasks to queue
[2022-06-16 14:21:41,445] {logging_mixin.py:109} INFO - [2022-06-16 14:21:41,444] {dagbag.py:500} INFO - Filling up the DagBag from /home/saba/airflow_venv/airflow_venv/lib/python3.6/site-packages/airflow/example_dags/example_nested_branch_dag.py
[2022-06-16 14:21:41,554] {processor.py:652} INFO - DAG(s) dict_keys(['example_nested_branch_dag']) retrieved from /home/saba/airflow_venv/airflow_venv/lib/python3.6/site-packages/airflow/example_dags/example_nested_branch_dag.py
[2022-06-16 14:21:41,654] {logging_mixin.py:109} INFO - [2022-06-16 14:21:41,654] {dag.py:2398} INFO - Sync 1 DAGs
[2022-06-16 14:21:41,790] {logging_mixin.py:109} INFO - [2022-06-16 14:21:41,789] {dag.py:2937} INFO - Setting next_dagrun for example_nested_branch_dag to 2022-06-15 00:00:00+00:00
[2022-06-16 14:21:41,864] {processor.py:171} INFO - Processing /home/saba/airflow_venv/airflow_venv/lib/python3.6/site-packages/airflow/example_dags/example_nested_branch_dag.py took 0.440 seconds
[2022-06-16 14:22:45,445] {processor.py:163} INFO - Started process (PID=9208) to work on /home/saba/airflow_venv/airflow_venv/lib/python3.6/site-packages/airflow/example_dags/example_nested_branch_dag.py
[2022-06-16 14:22:45,450] {processor.py:642} INFO - Processing file /home/saba/airflow_venv/airflow_venv/lib/python3.6/site-packages/airflow/example_dags/example_nested_branch_dag.py for tasks to queue
[2022-06-16 14:22:45,453] {logging_mixin.py:109} INFO - [2022-06-16 14:22:45,452] {dagbag.py:500} INFO - Filling up the DagBag from /home/saba/airflow_venv/airflow_venv/lib/python3.6/site-packages/airflow/example_dags/example_nested_branch_dag.py
[2022-06-16 14:22:45,553] {processor.py:652} INFO - DAG(s) dict_keys(['example_nested_branch_dag']) retrieved from /home/saba/airflow_venv/airflow_venv/lib/python3.6/site-packages/airflow/example_dags/example_nested_branch_dag.py
[2022-06-16 14:22:45,671] {logging_mixin.py:109} INFO - [2022-06-16 14:22:45,670] {dag.py:2398} INFO - Sync 1 DAGs
[2022-06-16 14:22:45,787] {logging_mixin.py:109} INFO - [2022-06-16 14:22:45,786] {dag.py:2937} INFO - Setting next_dagrun for example_nested_branch_dag to 2022-06-15 00:00:00+00:00
[2022-06-16 14:22:45,838] {processor.py:171} INFO - Processing /home/saba/airflow_venv/airflow_venv/lib/python3.6/site-packages/airflow/example_dags/example_nested_branch_dag.py took 0.403 seconds
[2022-06-16 14:23:41,969] {processor.py:163} INFO - Started process (PID=9601) to work on /home/saba/airflow_venv/airflow_venv/lib/python3.6/site-packages/airflow/example_dags/example_nested_branch_dag.py
[2022-06-16 14:23:41,975] {processor.py:642} INFO - Processing file /home/saba/airflow_venv/airflow_venv/lib/python3.6/site-packages/airflow/example_dags/example_nested_branch_dag.py for tasks to queue
[2022-06-16 14:23:41,977] {logging_mixin.py:109} INFO - [2022-06-16 14:23:41,977] {dagbag.py:500} INFO - Filling up the DagBag from /home/saba/airflow_venv/airflow_venv/lib/python3.6/site-packages/airflow/example_dags/example_nested_branch_dag.py
[2022-06-16 14:23:42,056] {processor.py:652} INFO - DAG(s) dict_keys(['example_nested_branch_dag']) retrieved from /home/saba/airflow_venv/airflow_venv/lib/python3.6/site-packages/airflow/example_dags/example_nested_branch_dag.py
[2022-06-16 14:23:42,114] {logging_mixin.py:109} INFO - [2022-06-16 14:23:42,114] {dag.py:2398} INFO - Sync 1 DAGs
[2022-06-16 14:23:42,191] {logging_mixin.py:109} INFO - [2022-06-16 14:23:42,191] {dag.py:2937} INFO - Setting next_dagrun for example_nested_branch_dag to 2022-06-15 00:00:00+00:00
[2022-06-16 14:23:42,235] {processor.py:171} INFO - Processing /home/saba/airflow_venv/airflow_venv/lib/python3.6/site-packages/airflow/example_dags/example_nested_branch_dag.py took 0.276 seconds
[2022-06-16 14:24:38,444] {processor.py:163} INFO - Started process (PID=9976) to work on /home/saba/airflow_venv/airflow_venv/lib/python3.6/site-packages/airflow/example_dags/example_nested_branch_dag.py
[2022-06-16 14:24:38,451] {processor.py:642} INFO - Processing file /home/saba/airflow_venv/airflow_venv/lib/python3.6/site-packages/airflow/example_dags/example_nested_branch_dag.py for tasks to queue
[2022-06-16 14:24:38,457] {logging_mixin.py:109} INFO - [2022-06-16 14:24:38,457] {dagbag.py:500} INFO - Filling up the DagBag from /home/saba/airflow_venv/airflow_venv/lib/python3.6/site-packages/airflow/example_dags/example_nested_branch_dag.py
[2022-06-16 14:24:38,605] {processor.py:652} INFO - DAG(s) dict_keys(['example_nested_branch_dag']) retrieved from /home/saba/airflow_venv/airflow_venv/lib/python3.6/site-packages/airflow/example_dags/example_nested_branch_dag.py
[2022-06-16 14:24:38,725] {logging_mixin.py:109} INFO - [2022-06-16 14:24:38,724] {dag.py:2398} INFO - Sync 1 DAGs
[2022-06-16 14:24:38,898] {logging_mixin.py:109} INFO - [2022-06-16 14:24:38,897] {dag.py:2937} INFO - Setting next_dagrun for example_nested_branch_dag to 2022-06-15 00:00:00+00:00
[2022-06-16 14:24:38,976] {processor.py:171} INFO - Processing /home/saba/airflow_venv/airflow_venv/lib/python3.6/site-packages/airflow/example_dags/example_nested_branch_dag.py took 0.548 seconds
[2022-06-16 14:25:35,149] {processor.py:163} INFO - Started process (PID=10377) to work on /home/saba/airflow_venv/airflow_venv/lib/python3.6/site-packages/airflow/example_dags/example_nested_branch_dag.py
[2022-06-16 14:25:35,155] {processor.py:642} INFO - Processing file /home/saba/airflow_venv/airflow_venv/lib/python3.6/site-packages/airflow/example_dags/example_nested_branch_dag.py for tasks to queue
[2022-06-16 14:25:35,164] {logging_mixin.py:109} INFO - [2022-06-16 14:25:35,157] {dagbag.py:500} INFO - Filling up the DagBag from /home/saba/airflow_venv/airflow_venv/lib/python3.6/site-packages/airflow/example_dags/example_nested_branch_dag.py
[2022-06-16 14:25:35,348] {processor.py:652} INFO - DAG(s) dict_keys(['example_nested_branch_dag']) retrieved from /home/saba/airflow_venv/airflow_venv/lib/python3.6/site-packages/airflow/example_dags/example_nested_branch_dag.py
[2022-06-16 14:25:35,502] {logging_mixin.py:109} INFO - [2022-06-16 14:25:35,502] {dag.py:2398} INFO - Sync 1 DAGs
[2022-06-16 14:25:35,748] {logging_mixin.py:109} INFO - [2022-06-16 14:25:35,748] {dag.py:2937} INFO - Setting next_dagrun for example_nested_branch_dag to 2022-06-15 00:00:00+00:00
[2022-06-16 14:25:35,848] {processor.py:171} INFO - Processing /home/saba/airflow_venv/airflow_venv/lib/python3.6/site-packages/airflow/example_dags/example_nested_branch_dag.py took 0.720 seconds
[2022-06-16 14:26:38,699] {processor.py:163} INFO - Started process (PID=10716) to work on /home/saba/airflow_venv/airflow_venv/lib/python3.6/site-packages/airflow/example_dags/example_nested_branch_dag.py
[2022-06-16 14:26:38,704] {processor.py:642} INFO - Processing file /home/saba/airflow_venv/airflow_venv/lib/python3.6/site-packages/airflow/example_dags/example_nested_branch_dag.py for tasks to queue
[2022-06-16 14:26:38,715] {logging_mixin.py:109} INFO - [2022-06-16 14:26:38,715] {dagbag.py:500} INFO - Filling up the DagBag from /home/saba/airflow_venv/airflow_venv/lib/python3.6/site-packages/airflow/example_dags/example_nested_branch_dag.py
[2022-06-16 14:26:38,938] {processor.py:652} INFO - DAG(s) dict_keys(['example_nested_branch_dag']) retrieved from /home/saba/airflow_venv/airflow_venv/lib/python3.6/site-packages/airflow/example_dags/example_nested_branch_dag.py
[2022-06-16 14:26:39,101] {logging_mixin.py:109} INFO - [2022-06-16 14:26:39,100] {dag.py:2398} INFO - Sync 1 DAGs
[2022-06-16 14:26:39,314] {logging_mixin.py:109} INFO - [2022-06-16 14:26:39,314] {dag.py:2937} INFO - Setting next_dagrun for example_nested_branch_dag to 2022-06-15 00:00:00+00:00
[2022-06-16 14:26:39,394] {processor.py:171} INFO - Processing /home/saba/airflow_venv/airflow_venv/lib/python3.6/site-packages/airflow/example_dags/example_nested_branch_dag.py took 0.728 seconds
[2022-06-16 14:27:34,659] {processor.py:163} INFO - Started process (PID=10898) to work on /home/saba/airflow_venv/airflow_venv/lib/python3.6/site-packages/airflow/example_dags/example_nested_branch_dag.py
[2022-06-16 14:27:34,672] {processor.py:642} INFO - Processing file /home/saba/airflow_venv/airflow_venv/lib/python3.6/site-packages/airflow/example_dags/example_nested_branch_dag.py for tasks to queue
[2022-06-16 14:27:34,674] {logging_mixin.py:109} INFO - [2022-06-16 14:27:34,674] {dagbag.py:500} INFO - Filling up the DagBag from /home/saba/airflow_venv/airflow_venv/lib/python3.6/site-packages/airflow/example_dags/example_nested_branch_dag.py
[2022-06-16 14:27:34,810] {processor.py:652} INFO - DAG(s) dict_keys(['example_nested_branch_dag']) retrieved from /home/saba/airflow_venv/airflow_venv/lib/python3.6/site-packages/airflow/example_dags/example_nested_branch_dag.py
[2022-06-16 14:27:34,880] {logging_mixin.py:109} INFO - [2022-06-16 14:27:34,880] {dag.py:2398} INFO - Sync 1 DAGs
[2022-06-16 14:27:34,959] {logging_mixin.py:109} INFO - [2022-06-16 14:27:34,959] {dag.py:2937} INFO - Setting next_dagrun for example_nested_branch_dag to 2022-06-15 00:00:00+00:00
[2022-06-16 14:27:35,003] {processor.py:171} INFO - Processing /home/saba/airflow_venv/airflow_venv/lib/python3.6/site-packages/airflow/example_dags/example_nested_branch_dag.py took 0.353 seconds
[2022-06-16 14:28:25,084] {processor.py:163} INFO - Started process (PID=11292) to work on /home/saba/airflow_venv/airflow_venv/lib/python3.6/site-packages/airflow/example_dags/example_nested_branch_dag.py
[2022-06-16 14:28:25,088] {processor.py:642} INFO - Processing file /home/saba/airflow_venv/airflow_venv/lib/python3.6/site-packages/airflow/example_dags/example_nested_branch_dag.py for tasks to queue
[2022-06-16 14:28:25,091] {logging_mixin.py:109} INFO - [2022-06-16 14:28:25,091] {dagbag.py:500} INFO - Filling up the DagBag from /home/saba/airflow_venv/airflow_venv/lib/python3.6/site-packages/airflow/example_dags/example_nested_branch_dag.py
[2022-06-16 14:28:25,198] {processor.py:652} INFO - DAG(s) dict_keys(['example_nested_branch_dag']) retrieved from /home/saba/airflow_venv/airflow_venv/lib/python3.6/site-packages/airflow/example_dags/example_nested_branch_dag.py
[2022-06-16 14:28:25,281] {logging_mixin.py:109} INFO - [2022-06-16 14:28:25,280] {dag.py:2398} INFO - Sync 1 DAGs
[2022-06-16 14:28:25,392] {logging_mixin.py:109} INFO - [2022-06-16 14:28:25,392] {dag.py:2937} INFO - Setting next_dagrun for example_nested_branch_dag to 2022-06-15 00:00:00+00:00
[2022-06-16 14:28:25,440] {processor.py:171} INFO - Processing /home/saba/airflow_venv/airflow_venv/lib/python3.6/site-packages/airflow/example_dags/example_nested_branch_dag.py took 0.367 seconds
[2022-06-16 14:29:15,035] {processor.py:163} INFO - Started process (PID=11696) to work on /home/saba/airflow_venv/airflow_venv/lib/python3.6/site-packages/airflow/example_dags/example_nested_branch_dag.py
[2022-06-16 14:29:15,041] {processor.py:642} INFO - Processing file /home/saba/airflow_venv/airflow_venv/lib/python3.6/site-packages/airflow/example_dags/example_nested_branch_dag.py for tasks to queue
[2022-06-16 14:29:15,044] {logging_mixin.py:109} INFO - [2022-06-16 14:29:15,043] {dagbag.py:500} INFO - Filling up the DagBag from /home/saba/airflow_venv/airflow_venv/lib/python3.6/site-packages/airflow/example_dags/example_nested_branch_dag.py
[2022-06-16 14:29:15,114] {processor.py:652} INFO - DAG(s) dict_keys(['example_nested_branch_dag']) retrieved from /home/saba/airflow_venv/airflow_venv/lib/python3.6/site-packages/airflow/example_dags/example_nested_branch_dag.py
[2022-06-16 14:29:15,170] {logging_mixin.py:109} INFO - [2022-06-16 14:29:15,170] {dag.py:2398} INFO - Sync 1 DAGs
[2022-06-16 14:29:15,240] {logging_mixin.py:109} INFO - [2022-06-16 14:29:15,239] {dag.py:2937} INFO - Setting next_dagrun for example_nested_branch_dag to 2022-06-15 00:00:00+00:00
[2022-06-16 14:29:15,284] {processor.py:171} INFO - Processing /home/saba/airflow_venv/airflow_venv/lib/python3.6/site-packages/airflow/example_dags/example_nested_branch_dag.py took 0.260 seconds
[2022-06-16 14:30:56,358] {processor.py:163} INFO - Started process (PID=12313) to work on /home/saba/airflow_venv/airflow_venv/lib/python3.6/site-packages/airflow/example_dags/example_nested_branch_dag.py
[2022-06-16 14:30:56,363] {processor.py:642} INFO - Processing file /home/saba/airflow_venv/airflow_venv/lib/python3.6/site-packages/airflow/example_dags/example_nested_branch_dag.py for tasks to queue
[2022-06-16 14:30:56,365] {logging_mixin.py:109} INFO - [2022-06-16 14:30:56,365] {dagbag.py:500} INFO - Filling up the DagBag from /home/saba/airflow_venv/airflow_venv/lib/python3.6/site-packages/airflow/example_dags/example_nested_branch_dag.py
[2022-06-16 14:30:56,448] {processor.py:652} INFO - DAG(s) dict_keys(['example_nested_branch_dag']) retrieved from /home/saba/airflow_venv/airflow_venv/lib/python3.6/site-packages/airflow/example_dags/example_nested_branch_dag.py
[2022-06-16 14:30:56,502] {logging_mixin.py:109} INFO - [2022-06-16 14:30:56,502] {dag.py:2398} INFO - Sync 1 DAGs
[2022-06-16 14:30:56,598] {logging_mixin.py:109} INFO - [2022-06-16 14:30:56,598] {dag.py:2937} INFO - Setting next_dagrun for example_nested_branch_dag to 2022-06-15 00:00:00+00:00
[2022-06-16 14:30:56,657] {processor.py:171} INFO - Processing /home/saba/airflow_venv/airflow_venv/lib/python3.6/site-packages/airflow/example_dags/example_nested_branch_dag.py took 0.310 seconds
[2022-06-16 14:46:09,992] {processor.py:163} INFO - Started process (PID=95) to work on /home/saba/.local/lib/python3.6/site-packages/airflow/example_dags/example_nested_branch_dag.py
[2022-06-16 14:46:09,995] {processor.py:642} INFO - Processing file /home/saba/.local/lib/python3.6/site-packages/airflow/example_dags/example_nested_branch_dag.py for tasks to queue
[2022-06-16 14:46:09,997] {logging_mixin.py:109} INFO - [2022-06-16 14:46:09,997] {dagbag.py:500} INFO - Filling up the DagBag from /home/saba/.local/lib/python3.6/site-packages/airflow/example_dags/example_nested_branch_dag.py
[2022-06-16 14:46:10,104] {processor.py:652} INFO - DAG(s) dict_keys(['example_nested_branch_dag']) retrieved from /home/saba/.local/lib/python3.6/site-packages/airflow/example_dags/example_nested_branch_dag.py
[2022-06-16 14:46:10,162] {logging_mixin.py:109} INFO - [2022-06-16 14:46:10,162] {dag.py:2398} INFO - Sync 1 DAGs
[2022-06-16 14:46:10,255] {logging_mixin.py:109} INFO - [2022-06-16 14:46:10,255] {dag.py:2937} INFO - Setting next_dagrun for example_nested_branch_dag to 2022-06-15 00:00:00+00:00
[2022-06-16 14:46:10,301] {processor.py:171} INFO - Processing /home/saba/.local/lib/python3.6/site-packages/airflow/example_dags/example_nested_branch_dag.py took 0.317 seconds
[2022-06-16 14:47:19,126] {processor.py:163} INFO - Started process (PID=176) to work on /home/saba/.local/lib/python3.6/site-packages/airflow/example_dags/example_nested_branch_dag.py
[2022-06-16 14:47:19,133] {processor.py:642} INFO - Processing file /home/saba/.local/lib/python3.6/site-packages/airflow/example_dags/example_nested_branch_dag.py for tasks to queue
[2022-06-16 14:47:19,138] {logging_mixin.py:109} INFO - [2022-06-16 14:47:19,137] {dagbag.py:500} INFO - Filling up the DagBag from /home/saba/.local/lib/python3.6/site-packages/airflow/example_dags/example_nested_branch_dag.py
[2022-06-16 14:47:19,298] {processor.py:652} INFO - DAG(s) dict_keys(['example_nested_branch_dag']) retrieved from /home/saba/.local/lib/python3.6/site-packages/airflow/example_dags/example_nested_branch_dag.py
[2022-06-16 14:47:19,390] {logging_mixin.py:109} INFO - [2022-06-16 14:47:19,381] {dag.py:2398} INFO - Sync 1 DAGs
[2022-06-16 14:47:19,518] {logging_mixin.py:109} INFO - [2022-06-16 14:47:19,517] {dag.py:2937} INFO - Setting next_dagrun for example_nested_branch_dag to 2022-06-15 00:00:00+00:00
[2022-06-16 14:47:19,628] {processor.py:171} INFO - Processing /home/saba/.local/lib/python3.6/site-packages/airflow/example_dags/example_nested_branch_dag.py took 0.523 seconds
[2022-06-16 14:49:19,787] {processor.py:163} INFO - Started process (PID=2365) to work on /home/saba/.local/lib/python3.6/site-packages/airflow/example_dags/example_nested_branch_dag.py
[2022-06-16 14:49:19,790] {processor.py:642} INFO - Processing file /home/saba/.local/lib/python3.6/site-packages/airflow/example_dags/example_nested_branch_dag.py for tasks to queue
[2022-06-16 14:49:19,792] {logging_mixin.py:109} INFO - [2022-06-16 14:49:19,791] {dagbag.py:500} INFO - Filling up the DagBag from /home/saba/.local/lib/python3.6/site-packages/airflow/example_dags/example_nested_branch_dag.py
[2022-06-16 14:49:19,839] {processor.py:652} INFO - DAG(s) dict_keys(['example_nested_branch_dag']) retrieved from /home/saba/.local/lib/python3.6/site-packages/airflow/example_dags/example_nested_branch_dag.py
[2022-06-16 14:49:19,871] {logging_mixin.py:109} INFO - [2022-06-16 14:49:19,870] {dag.py:2398} INFO - Sync 1 DAGs
[2022-06-16 14:49:19,909] {logging_mixin.py:109} INFO - [2022-06-16 14:49:19,909] {dag.py:2937} INFO - Setting next_dagrun for example_nested_branch_dag to 2022-06-15 00:00:00+00:00
[2022-06-16 14:49:19,939] {processor.py:171} INFO - Processing /home/saba/.local/lib/python3.6/site-packages/airflow/example_dags/example_nested_branch_dag.py took 0.158 seconds
[2022-06-16 14:50:07,925] {processor.py:163} INFO - Started process (PID=2620) to work on /home/saba/.local/lib/python3.6/site-packages/airflow/example_dags/example_nested_branch_dag.py
[2022-06-16 14:50:07,929] {processor.py:642} INFO - Processing file /home/saba/.local/lib/python3.6/site-packages/airflow/example_dags/example_nested_branch_dag.py for tasks to queue
[2022-06-16 14:50:07,931] {logging_mixin.py:109} INFO - [2022-06-16 14:50:07,930] {dagbag.py:500} INFO - Filling up the DagBag from /home/saba/.local/lib/python3.6/site-packages/airflow/example_dags/example_nested_branch_dag.py
[2022-06-16 14:50:07,986] {processor.py:652} INFO - DAG(s) dict_keys(['example_nested_branch_dag']) retrieved from /home/saba/.local/lib/python3.6/site-packages/airflow/example_dags/example_nested_branch_dag.py
[2022-06-16 14:50:08,029] {logging_mixin.py:109} INFO - [2022-06-16 14:50:08,029] {dag.py:2398} INFO - Sync 1 DAGs
[2022-06-16 14:50:08,092] {logging_mixin.py:109} INFO - [2022-06-16 14:50:08,092] {dag.py:2937} INFO - Setting next_dagrun for example_nested_branch_dag to 2022-06-15 00:00:00+00:00
[2022-06-16 14:50:08,124] {processor.py:171} INFO - Processing /home/saba/.local/lib/python3.6/site-packages/airflow/example_dags/example_nested_branch_dag.py took 0.206 seconds
[2022-06-16 14:51:31,428] {processor.py:163} INFO - Started process (PID=2715) to work on /home/saba/.local/lib/python3.6/site-packages/airflow/example_dags/example_nested_branch_dag.py
[2022-06-16 14:51:31,429] {processor.py:642} INFO - Processing file /home/saba/.local/lib/python3.6/site-packages/airflow/example_dags/example_nested_branch_dag.py for tasks to queue
[2022-06-16 14:51:31,430] {logging_mixin.py:109} INFO - [2022-06-16 14:51:31,430] {dagbag.py:500} INFO - Filling up the DagBag from /home/saba/.local/lib/python3.6/site-packages/airflow/example_dags/example_nested_branch_dag.py
[2022-06-16 14:51:31,456] {processor.py:652} INFO - DAG(s) dict_keys(['example_nested_branch_dag']) retrieved from /home/saba/.local/lib/python3.6/site-packages/airflow/example_dags/example_nested_branch_dag.py
[2022-06-16 14:51:31,474] {logging_mixin.py:109} INFO - [2022-06-16 14:51:31,474] {dag.py:2398} INFO - Sync 1 DAGs
[2022-06-16 14:51:31,499] {logging_mixin.py:109} INFO - [2022-06-16 14:51:31,499] {dag.py:2937} INFO - Setting next_dagrun for example_nested_branch_dag to 2022-06-15 00:00:00+00:00
[2022-06-16 14:51:31,518] {processor.py:171} INFO - Processing /home/saba/.local/lib/python3.6/site-packages/airflow/example_dags/example_nested_branch_dag.py took 0.094 seconds
[2022-06-16 14:52:52,247] {processor.py:163} INFO - Started process (PID=3194) to work on /home/saba/.local/lib/python3.6/site-packages/airflow/example_dags/example_nested_branch_dag.py
[2022-06-16 14:52:52,252] {processor.py:642} INFO - Processing file /home/saba/.local/lib/python3.6/site-packages/airflow/example_dags/example_nested_branch_dag.py for tasks to queue
[2022-06-16 14:52:52,257] {logging_mixin.py:109} INFO - [2022-06-16 14:52:52,255] {dagbag.py:500} INFO - Filling up the DagBag from /home/saba/.local/lib/python3.6/site-packages/airflow/example_dags/example_nested_branch_dag.py
[2022-06-16 14:52:52,348] {processor.py:652} INFO - DAG(s) dict_keys(['example_nested_branch_dag']) retrieved from /home/saba/.local/lib/python3.6/site-packages/airflow/example_dags/example_nested_branch_dag.py
[2022-06-16 14:52:52,410] {logging_mixin.py:109} INFO - [2022-06-16 14:52:52,410] {dag.py:2398} INFO - Sync 1 DAGs
[2022-06-16 14:52:52,485] {logging_mixin.py:109} INFO - [2022-06-16 14:52:52,484] {dag.py:2937} INFO - Setting next_dagrun for example_nested_branch_dag to 2022-06-15 00:00:00+00:00
[2022-06-16 14:52:52,525] {processor.py:171} INFO - Processing /home/saba/.local/lib/python3.6/site-packages/airflow/example_dags/example_nested_branch_dag.py took 0.293 seconds
[2022-06-16 14:54:07,325] {processor.py:163} INFO - Started process (PID=3329) to work on /home/saba/.local/lib/python3.6/site-packages/airflow/example_dags/example_nested_branch_dag.py
[2022-06-16 14:54:07,327] {processor.py:642} INFO - Processing file /home/saba/.local/lib/python3.6/site-packages/airflow/example_dags/example_nested_branch_dag.py for tasks to queue
[2022-06-16 14:54:07,328] {logging_mixin.py:109} INFO - [2022-06-16 14:54:07,328] {dagbag.py:500} INFO - Filling up the DagBag from /home/saba/.local/lib/python3.6/site-packages/airflow/example_dags/example_nested_branch_dag.py
[2022-06-16 14:54:07,362] {processor.py:652} INFO - DAG(s) dict_keys(['example_nested_branch_dag']) retrieved from /home/saba/.local/lib/python3.6/site-packages/airflow/example_dags/example_nested_branch_dag.py
[2022-06-16 14:54:07,386] {logging_mixin.py:109} INFO - [2022-06-16 14:54:07,385] {dag.py:2398} INFO - Sync 1 DAGs
[2022-06-16 14:54:07,417] {logging_mixin.py:109} INFO - [2022-06-16 14:54:07,416] {dag.py:2937} INFO - Setting next_dagrun for example_nested_branch_dag to 2022-06-15 00:00:00+00:00
[2022-06-16 14:54:07,437] {processor.py:171} INFO - Processing /home/saba/.local/lib/python3.6/site-packages/airflow/example_dags/example_nested_branch_dag.py took 0.117 seconds
[2022-06-16 14:55:27,198] {processor.py:163} INFO - Started process (PID=3956) to work on /home/saba/.local/lib/python3.6/site-packages/airflow/example_dags/example_nested_branch_dag.py
[2022-06-16 14:55:27,201] {processor.py:642} INFO - Processing file /home/saba/.local/lib/python3.6/site-packages/airflow/example_dags/example_nested_branch_dag.py for tasks to queue
[2022-06-16 14:55:27,202] {logging_mixin.py:109} INFO - [2022-06-16 14:55:27,202] {dagbag.py:500} INFO - Filling up the DagBag from /home/saba/.local/lib/python3.6/site-packages/airflow/example_dags/example_nested_branch_dag.py
[2022-06-16 14:55:27,238] {processor.py:652} INFO - DAG(s) dict_keys(['example_nested_branch_dag']) retrieved from /home/saba/.local/lib/python3.6/site-packages/airflow/example_dags/example_nested_branch_dag.py
[2022-06-16 14:55:27,264] {logging_mixin.py:109} INFO - [2022-06-16 14:55:27,264] {dag.py:2398} INFO - Sync 1 DAGs
[2022-06-16 14:55:27,297] {logging_mixin.py:109} INFO - [2022-06-16 14:55:27,297] {dag.py:2937} INFO - Setting next_dagrun for example_nested_branch_dag to 2022-06-15 00:00:00+00:00
[2022-06-16 14:55:27,323] {processor.py:171} INFO - Processing /home/saba/.local/lib/python3.6/site-packages/airflow/example_dags/example_nested_branch_dag.py took 0.130 seconds
[2022-06-16 14:57:07,492] {processor.py:163} INFO - Started process (PID=5757) to work on /home/saba/.local/lib/python3.6/site-packages/airflow/example_dags/example_nested_branch_dag.py
[2022-06-16 14:57:07,496] {processor.py:642} INFO - Processing file /home/saba/.local/lib/python3.6/site-packages/airflow/example_dags/example_nested_branch_dag.py for tasks to queue
[2022-06-16 14:57:07,498] {logging_mixin.py:109} INFO - [2022-06-16 14:57:07,498] {dagbag.py:500} INFO - Filling up the DagBag from /home/saba/.local/lib/python3.6/site-packages/airflow/example_dags/example_nested_branch_dag.py
[2022-06-16 14:57:07,626] {processor.py:652} INFO - DAG(s) dict_keys(['example_nested_branch_dag']) retrieved from /home/saba/.local/lib/python3.6/site-packages/airflow/example_dags/example_nested_branch_dag.py
[2022-06-16 14:57:07,704] {logging_mixin.py:109} INFO - [2022-06-16 14:57:07,704] {dag.py:2398} INFO - Sync 1 DAGs
[2022-06-16 14:57:07,807] {logging_mixin.py:109} INFO - [2022-06-16 14:57:07,807] {dag.py:2937} INFO - Setting next_dagrun for example_nested_branch_dag to 2022-06-15 00:00:00+00:00
[2022-06-16 14:57:07,856] {processor.py:171} INFO - Processing /home/saba/.local/lib/python3.6/site-packages/airflow/example_dags/example_nested_branch_dag.py took 0.372 seconds
