[2022-06-16 14:00:04,688] {processor.py:163} INFO - Started process (PID=761) to work on /home/saba/airflow_venv/airflow_venv/lib/python3.6/site-packages/airflow/example_dags/example_task_group_decorator.py
[2022-06-16 14:00:04,691] {processor.py:642} INFO - Processing file /home/saba/airflow_venv/airflow_venv/lib/python3.6/site-packages/airflow/example_dags/example_task_group_decorator.py for tasks to queue
[2022-06-16 14:00:04,693] {logging_mixin.py:109} INFO - [2022-06-16 14:00:04,693] {dagbag.py:500} INFO - Filling up the DagBag from /home/saba/airflow_venv/airflow_venv/lib/python3.6/site-packages/airflow/example_dags/example_task_group_decorator.py
[2022-06-16 14:00:04,777] {processor.py:652} INFO - DAG(s) dict_keys(['example_task_group_decorator']) retrieved from /home/saba/airflow_venv/airflow_venv/lib/python3.6/site-packages/airflow/example_dags/example_task_group_decorator.py
[2022-06-16 14:00:05,460] {logging_mixin.py:109} INFO - [2022-06-16 14:00:05,460] {dag.py:2398} INFO - Sync 1 DAGs
[2022-06-16 14:00:05,494] {logging_mixin.py:109} INFO - [2022-06-16 14:00:05,494] {dag.py:2937} INFO - Setting next_dagrun for example_task_group_decorator to 2022-06-15T12:00:05.493640+00:00
[2022-06-16 14:00:05,526] {processor.py:171} INFO - Processing /home/saba/airflow_venv/airflow_venv/lib/python3.6/site-packages/airflow/example_dags/example_task_group_decorator.py took 0.845 seconds
[2022-06-16 14:00:52,567] {processor.py:163} INFO - Started process (PID=993) to work on /home/saba/airflow_venv/airflow_venv/lib/python3.6/site-packages/airflow/example_dags/example_task_group_decorator.py
[2022-06-16 14:00:52,571] {processor.py:642} INFO - Processing file /home/saba/airflow_venv/airflow_venv/lib/python3.6/site-packages/airflow/example_dags/example_task_group_decorator.py for tasks to queue
[2022-06-16 14:00:52,573] {logging_mixin.py:109} INFO - [2022-06-16 14:00:52,573] {dagbag.py:500} INFO - Filling up the DagBag from /home/saba/airflow_venv/airflow_venv/lib/python3.6/site-packages/airflow/example_dags/example_task_group_decorator.py
[2022-06-16 14:00:52,703] {processor.py:652} INFO - DAG(s) dict_keys(['example_task_group_decorator']) retrieved from /home/saba/airflow_venv/airflow_venv/lib/python3.6/site-packages/airflow/example_dags/example_task_group_decorator.py
[2022-06-16 14:00:53,829] {logging_mixin.py:109} INFO - [2022-06-16 14:00:53,829] {dag.py:2398} INFO - Sync 1 DAGs
[2022-06-16 14:00:53,877] {logging_mixin.py:109} INFO - [2022-06-16 14:00:53,877] {dag.py:2937} INFO - Setting next_dagrun for example_task_group_decorator to 2022-06-15T12:00:53.876245+00:00
[2022-06-16 14:00:53,921] {processor.py:171} INFO - Processing /home/saba/airflow_venv/airflow_venv/lib/python3.6/site-packages/airflow/example_dags/example_task_group_decorator.py took 1.365 seconds
[2022-06-16 14:02:16,265] {processor.py:163} INFO - Started process (PID=1413) to work on /home/saba/airflow_venv/airflow_venv/lib/python3.6/site-packages/airflow/example_dags/example_task_group_decorator.py
[2022-06-16 14:02:16,268] {processor.py:642} INFO - Processing file /home/saba/airflow_venv/airflow_venv/lib/python3.6/site-packages/airflow/example_dags/example_task_group_decorator.py for tasks to queue
[2022-06-16 14:02:16,270] {logging_mixin.py:109} INFO - [2022-06-16 14:02:16,270] {dagbag.py:500} INFO - Filling up the DagBag from /home/saba/airflow_venv/airflow_venv/lib/python3.6/site-packages/airflow/example_dags/example_task_group_decorator.py
[2022-06-16 14:02:16,371] {processor.py:652} INFO - DAG(s) dict_keys(['example_task_group_decorator']) retrieved from /home/saba/airflow_venv/airflow_venv/lib/python3.6/site-packages/airflow/example_dags/example_task_group_decorator.py
[2022-06-16 14:02:17,170] {logging_mixin.py:109} INFO - [2022-06-16 14:02:17,170] {dag.py:2398} INFO - Sync 1 DAGs
[2022-06-16 14:02:17,200] {logging_mixin.py:109} INFO - [2022-06-16 14:02:17,200] {dag.py:2937} INFO - Setting next_dagrun for example_task_group_decorator to 2022-06-15T12:02:17.199819+00:00
[2022-06-16 14:02:17,234] {processor.py:171} INFO - Processing /home/saba/airflow_venv/airflow_venv/lib/python3.6/site-packages/airflow/example_dags/example_task_group_decorator.py took 0.975 seconds
[2022-06-16 14:03:43,296] {processor.py:163} INFO - Started process (PID=1828) to work on /home/saba/airflow_venv/airflow_venv/lib/python3.6/site-packages/airflow/example_dags/example_task_group_decorator.py
[2022-06-16 14:03:43,301] {processor.py:642} INFO - Processing file /home/saba/airflow_venv/airflow_venv/lib/python3.6/site-packages/airflow/example_dags/example_task_group_decorator.py for tasks to queue
[2022-06-16 14:03:43,303] {logging_mixin.py:109} INFO - [2022-06-16 14:03:43,302] {dagbag.py:500} INFO - Filling up the DagBag from /home/saba/airflow_venv/airflow_venv/lib/python3.6/site-packages/airflow/example_dags/example_task_group_decorator.py
[2022-06-16 14:03:43,411] {processor.py:652} INFO - DAG(s) dict_keys(['example_task_group_decorator']) retrieved from /home/saba/airflow_venv/airflow_venv/lib/python3.6/site-packages/airflow/example_dags/example_task_group_decorator.py
[2022-06-16 14:03:44,283] {logging_mixin.py:109} INFO - [2022-06-16 14:03:44,283] {dag.py:2398} INFO - Sync 1 DAGs
[2022-06-16 14:03:44,328] {logging_mixin.py:109} INFO - [2022-06-16 14:03:44,327] {dag.py:2937} INFO - Setting next_dagrun for example_task_group_decorator to 2022-06-15T12:03:44.326797+00:00
[2022-06-16 14:03:44,370] {processor.py:171} INFO - Processing /home/saba/airflow_venv/airflow_venv/lib/python3.6/site-packages/airflow/example_dags/example_task_group_decorator.py took 1.083 seconds
[2022-06-16 14:05:04,051] {processor.py:163} INFO - Started process (PID=2256) to work on /home/saba/airflow_venv/airflow_venv/lib/python3.6/site-packages/airflow/example_dags/example_task_group_decorator.py
[2022-06-16 14:05:04,062] {processor.py:642} INFO - Processing file /home/saba/airflow_venv/airflow_venv/lib/python3.6/site-packages/airflow/example_dags/example_task_group_decorator.py for tasks to queue
[2022-06-16 14:05:04,064] {logging_mixin.py:109} INFO - [2022-06-16 14:05:04,063] {dagbag.py:500} INFO - Filling up the DagBag from /home/saba/airflow_venv/airflow_venv/lib/python3.6/site-packages/airflow/example_dags/example_task_group_decorator.py
[2022-06-16 14:05:04,142] {processor.py:652} INFO - DAG(s) dict_keys(['example_task_group_decorator']) retrieved from /home/saba/airflow_venv/airflow_venv/lib/python3.6/site-packages/airflow/example_dags/example_task_group_decorator.py
[2022-06-16 14:05:04,757] {logging_mixin.py:109} INFO - [2022-06-16 14:05:04,756] {dag.py:2398} INFO - Sync 1 DAGs
[2022-06-16 14:05:04,784] {logging_mixin.py:109} INFO - [2022-06-16 14:05:04,784] {dag.py:2937} INFO - Setting next_dagrun for example_task_group_decorator to 2022-06-15T12:05:04.783757+00:00
[2022-06-16 14:05:04,822] {processor.py:171} INFO - Processing /home/saba/airflow_venv/airflow_venv/lib/python3.6/site-packages/airflow/example_dags/example_task_group_decorator.py took 0.776 seconds
[2022-06-16 14:06:29,995] {processor.py:163} INFO - Started process (PID=2695) to work on /home/saba/airflow_venv/airflow_venv/lib/python3.6/site-packages/airflow/example_dags/example_task_group_decorator.py
[2022-06-16 14:06:30,006] {processor.py:642} INFO - Processing file /home/saba/airflow_venv/airflow_venv/lib/python3.6/site-packages/airflow/example_dags/example_task_group_decorator.py for tasks to queue
[2022-06-16 14:06:30,007] {logging_mixin.py:109} INFO - [2022-06-16 14:06:30,007] {dagbag.py:500} INFO - Filling up the DagBag from /home/saba/airflow_venv/airflow_venv/lib/python3.6/site-packages/airflow/example_dags/example_task_group_decorator.py
[2022-06-16 14:06:30,066] {processor.py:652} INFO - DAG(s) dict_keys(['example_task_group_decorator']) retrieved from /home/saba/airflow_venv/airflow_venv/lib/python3.6/site-packages/airflow/example_dags/example_task_group_decorator.py
[2022-06-16 14:06:30,676] {logging_mixin.py:109} INFO - [2022-06-16 14:06:30,675] {dag.py:2398} INFO - Sync 1 DAGs
[2022-06-16 14:06:30,698] {logging_mixin.py:109} INFO - [2022-06-16 14:06:30,698] {dag.py:2937} INFO - Setting next_dagrun for example_task_group_decorator to 2022-06-15T12:06:30.698288+00:00
[2022-06-16 14:06:30,739] {processor.py:171} INFO - Processing /home/saba/airflow_venv/airflow_venv/lib/python3.6/site-packages/airflow/example_dags/example_task_group_decorator.py took 0.748 seconds
[2022-06-16 14:07:50,657] {processor.py:163} INFO - Started process (PID=3180) to work on /home/saba/airflow_venv/airflow_venv/lib/python3.6/site-packages/airflow/example_dags/example_task_group_decorator.py
[2022-06-16 14:07:50,660] {processor.py:642} INFO - Processing file /home/saba/airflow_venv/airflow_venv/lib/python3.6/site-packages/airflow/example_dags/example_task_group_decorator.py for tasks to queue
[2022-06-16 14:07:50,662] {logging_mixin.py:109} INFO - [2022-06-16 14:07:50,662] {dagbag.py:500} INFO - Filling up the DagBag from /home/saba/airflow_venv/airflow_venv/lib/python3.6/site-packages/airflow/example_dags/example_task_group_decorator.py
[2022-06-16 14:07:50,731] {processor.py:652} INFO - DAG(s) dict_keys(['example_task_group_decorator']) retrieved from /home/saba/airflow_venv/airflow_venv/lib/python3.6/site-packages/airflow/example_dags/example_task_group_decorator.py
[2022-06-16 14:07:51,412] {logging_mixin.py:109} INFO - [2022-06-16 14:07:51,412] {dag.py:2398} INFO - Sync 1 DAGs
[2022-06-16 14:07:51,452] {logging_mixin.py:109} INFO - [2022-06-16 14:07:51,452] {dag.py:2937} INFO - Setting next_dagrun for example_task_group_decorator to 2022-06-15T12:07:51.451952+00:00
[2022-06-16 14:07:51,481] {processor.py:171} INFO - Processing /home/saba/airflow_venv/airflow_venv/lib/python3.6/site-packages/airflow/example_dags/example_task_group_decorator.py took 0.831 seconds
[2022-06-16 14:09:12,138] {processor.py:163} INFO - Started process (PID=3650) to work on /home/saba/airflow_venv/airflow_venv/lib/python3.6/site-packages/airflow/example_dags/example_task_group_decorator.py
[2022-06-16 14:09:12,150] {processor.py:642} INFO - Processing file /home/saba/airflow_venv/airflow_venv/lib/python3.6/site-packages/airflow/example_dags/example_task_group_decorator.py for tasks to queue
[2022-06-16 14:09:12,151] {logging_mixin.py:109} INFO - [2022-06-16 14:09:12,151] {dagbag.py:500} INFO - Filling up the DagBag from /home/saba/airflow_venv/airflow_venv/lib/python3.6/site-packages/airflow/example_dags/example_task_group_decorator.py
[2022-06-16 14:09:12,219] {processor.py:652} INFO - DAG(s) dict_keys(['example_task_group_decorator']) retrieved from /home/saba/airflow_venv/airflow_venv/lib/python3.6/site-packages/airflow/example_dags/example_task_group_decorator.py
[2022-06-16 14:09:12,892] {logging_mixin.py:109} INFO - [2022-06-16 14:09:12,892] {dag.py:2398} INFO - Sync 1 DAGs
[2022-06-16 14:09:12,936] {logging_mixin.py:109} INFO - [2022-06-16 14:09:12,936] {dag.py:2937} INFO - Setting next_dagrun for example_task_group_decorator to 2022-06-15T12:09:12.935584+00:00
[2022-06-16 14:09:12,973] {processor.py:171} INFO - Processing /home/saba/airflow_venv/airflow_venv/lib/python3.6/site-packages/airflow/example_dags/example_task_group_decorator.py took 0.840 seconds
[2022-06-16 14:10:35,029] {processor.py:163} INFO - Started process (PID=4150) to work on /home/saba/airflow_venv/airflow_venv/lib/python3.6/site-packages/airflow/example_dags/example_task_group_decorator.py
[2022-06-16 14:10:35,032] {processor.py:642} INFO - Processing file /home/saba/airflow_venv/airflow_venv/lib/python3.6/site-packages/airflow/example_dags/example_task_group_decorator.py for tasks to queue
[2022-06-16 14:10:35,033] {logging_mixin.py:109} INFO - [2022-06-16 14:10:35,033] {dagbag.py:500} INFO - Filling up the DagBag from /home/saba/airflow_venv/airflow_venv/lib/python3.6/site-packages/airflow/example_dags/example_task_group_decorator.py
[2022-06-16 14:10:35,115] {processor.py:652} INFO - DAG(s) dict_keys(['example_task_group_decorator']) retrieved from /home/saba/airflow_venv/airflow_venv/lib/python3.6/site-packages/airflow/example_dags/example_task_group_decorator.py
[2022-06-16 14:10:35,722] {logging_mixin.py:109} INFO - [2022-06-16 14:10:35,722] {dag.py:2398} INFO - Sync 1 DAGs
[2022-06-16 14:10:35,754] {logging_mixin.py:109} INFO - [2022-06-16 14:10:35,754] {dag.py:2937} INFO - Setting next_dagrun for example_task_group_decorator to 2022-06-15T12:10:35.753636+00:00
[2022-06-16 14:10:35,788] {processor.py:171} INFO - Processing /home/saba/airflow_venv/airflow_venv/lib/python3.6/site-packages/airflow/example_dags/example_task_group_decorator.py took 0.767 seconds
[2022-06-16 14:11:58,797] {processor.py:163} INFO - Started process (PID=4590) to work on /home/saba/airflow_venv/airflow_venv/lib/python3.6/site-packages/airflow/example_dags/example_task_group_decorator.py
[2022-06-16 14:11:58,806] {processor.py:642} INFO - Processing file /home/saba/airflow_venv/airflow_venv/lib/python3.6/site-packages/airflow/example_dags/example_task_group_decorator.py for tasks to queue
[2022-06-16 14:11:58,810] {logging_mixin.py:109} INFO - [2022-06-16 14:11:58,809] {dagbag.py:500} INFO - Filling up the DagBag from /home/saba/airflow_venv/airflow_venv/lib/python3.6/site-packages/airflow/example_dags/example_task_group_decorator.py
[2022-06-16 14:11:58,958] {processor.py:652} INFO - DAG(s) dict_keys(['example_task_group_decorator']) retrieved from /home/saba/airflow_venv/airflow_venv/lib/python3.6/site-packages/airflow/example_dags/example_task_group_decorator.py
[2022-06-16 14:12:00,199] {logging_mixin.py:109} INFO - [2022-06-16 14:12:00,199] {dag.py:2398} INFO - Sync 1 DAGs
[2022-06-16 14:12:00,272] {logging_mixin.py:109} INFO - [2022-06-16 14:12:00,272] {dag.py:2937} INFO - Setting next_dagrun for example_task_group_decorator to 2022-06-15T12:12:00.271492+00:00
[2022-06-16 14:12:00,344] {processor.py:171} INFO - Processing /home/saba/airflow_venv/airflow_venv/lib/python3.6/site-packages/airflow/example_dags/example_task_group_decorator.py took 1.557 seconds
[2022-06-16 14:13:40,160] {processor.py:163} INFO - Started process (PID=4993) to work on /home/saba/airflow_venv/airflow_venv/lib/python3.6/site-packages/airflow/example_dags/example_task_group_decorator.py
[2022-06-16 14:13:40,164] {processor.py:642} INFO - Processing file /home/saba/airflow_venv/airflow_venv/lib/python3.6/site-packages/airflow/example_dags/example_task_group_decorator.py for tasks to queue
[2022-06-16 14:13:40,167] {logging_mixin.py:109} INFO - [2022-06-16 14:13:40,166] {dagbag.py:500} INFO - Filling up the DagBag from /home/saba/airflow_venv/airflow_venv/lib/python3.6/site-packages/airflow/example_dags/example_task_group_decorator.py
[2022-06-16 14:13:40,294] {processor.py:652} INFO - DAG(s) dict_keys(['example_task_group_decorator']) retrieved from /home/saba/airflow_venv/airflow_venv/lib/python3.6/site-packages/airflow/example_dags/example_task_group_decorator.py
[2022-06-16 14:13:41,615] {logging_mixin.py:109} INFO - [2022-06-16 14:13:41,614] {dag.py:2398} INFO - Sync 1 DAGs
[2022-06-16 14:13:41,663] {logging_mixin.py:109} INFO - [2022-06-16 14:13:41,663] {dag.py:2937} INFO - Setting next_dagrun for example_task_group_decorator to 2022-06-15T12:13:41.661870+00:00
[2022-06-16 14:13:41,714] {processor.py:171} INFO - Processing /home/saba/airflow_venv/airflow_venv/lib/python3.6/site-packages/airflow/example_dags/example_task_group_decorator.py took 1.563 seconds
[2022-06-16 14:15:49,134] {processor.py:163} INFO - Started process (PID=5638) to work on /home/saba/airflow_venv/airflow_venv/lib/python3.6/site-packages/airflow/example_dags/example_task_group_decorator.py
[2022-06-16 14:15:49,146] {processor.py:642} INFO - Processing file /home/saba/airflow_venv/airflow_venv/lib/python3.6/site-packages/airflow/example_dags/example_task_group_decorator.py for tasks to queue
[2022-06-16 14:15:49,149] {logging_mixin.py:109} INFO - [2022-06-16 14:15:49,148] {dagbag.py:500} INFO - Filling up the DagBag from /home/saba/airflow_venv/airflow_venv/lib/python3.6/site-packages/airflow/example_dags/example_task_group_decorator.py
[2022-06-16 14:15:49,461] {processor.py:652} INFO - DAG(s) dict_keys(['example_task_group_decorator']) retrieved from /home/saba/airflow_venv/airflow_venv/lib/python3.6/site-packages/airflow/example_dags/example_task_group_decorator.py
[2022-06-16 14:15:51,186] {logging_mixin.py:109} INFO - [2022-06-16 14:15:51,186] {dag.py:2398} INFO - Sync 1 DAGs
[2022-06-16 14:15:51,264] {logging_mixin.py:109} INFO - [2022-06-16 14:15:51,263] {dag.py:2937} INFO - Setting next_dagrun for example_task_group_decorator to 2022-06-15T12:15:51.263129+00:00
[2022-06-16 14:15:51,343] {processor.py:171} INFO - Processing /home/saba/airflow_venv/airflow_venv/lib/python3.6/site-packages/airflow/example_dags/example_task_group_decorator.py took 2.219 seconds
[2022-06-16 14:17:12,315] {processor.py:163} INFO - Started process (PID=7871) to work on /home/saba/airflow_venv/airflow_venv/lib/python3.6/site-packages/airflow/example_dags/example_task_group_decorator.py
[2022-06-16 14:17:12,321] {processor.py:642} INFO - Processing file /home/saba/airflow_venv/airflow_venv/lib/python3.6/site-packages/airflow/example_dags/example_task_group_decorator.py for tasks to queue
[2022-06-16 14:17:12,324] {logging_mixin.py:109} INFO - [2022-06-16 14:17:12,323] {dagbag.py:500} INFO - Filling up the DagBag from /home/saba/airflow_venv/airflow_venv/lib/python3.6/site-packages/airflow/example_dags/example_task_group_decorator.py
[2022-06-16 14:17:12,737] {processor.py:652} INFO - DAG(s) dict_keys(['example_task_group_decorator']) retrieved from /home/saba/airflow_venv/airflow_venv/lib/python3.6/site-packages/airflow/example_dags/example_task_group_decorator.py
[2022-06-16 14:17:13,970] {logging_mixin.py:109} INFO - [2022-06-16 14:17:13,969] {dag.py:2398} INFO - Sync 1 DAGs
[2022-06-16 14:17:14,027] {logging_mixin.py:109} INFO - [2022-06-16 14:17:14,026] {dag.py:2937} INFO - Setting next_dagrun for example_task_group_decorator to 2022-06-15T12:17:14.025739+00:00
[2022-06-16 14:17:14,076] {processor.py:171} INFO - Processing /home/saba/airflow_venv/airflow_venv/lib/python3.6/site-packages/airflow/example_dags/example_task_group_decorator.py took 1.772 seconds
[2022-06-16 14:19:20,372] {processor.py:163} INFO - Started process (PID=8506) to work on /home/saba/airflow_venv/airflow_venv/lib/python3.6/site-packages/airflow/example_dags/example_task_group_decorator.py
[2022-06-16 14:19:20,376] {processor.py:642} INFO - Processing file /home/saba/airflow_venv/airflow_venv/lib/python3.6/site-packages/airflow/example_dags/example_task_group_decorator.py for tasks to queue
[2022-06-16 14:19:20,378] {logging_mixin.py:109} INFO - [2022-06-16 14:19:20,378] {dagbag.py:500} INFO - Filling up the DagBag from /home/saba/airflow_venv/airflow_venv/lib/python3.6/site-packages/airflow/example_dags/example_task_group_decorator.py
[2022-06-16 14:19:20,702] {processor.py:652} INFO - DAG(s) dict_keys(['example_task_group_decorator']) retrieved from /home/saba/airflow_venv/airflow_venv/lib/python3.6/site-packages/airflow/example_dags/example_task_group_decorator.py
[2022-06-16 14:19:21,559] {logging_mixin.py:109} INFO - [2022-06-16 14:19:21,559] {dag.py:2398} INFO - Sync 1 DAGs
[2022-06-16 14:19:21,609] {logging_mixin.py:109} INFO - [2022-06-16 14:19:21,609] {dag.py:2937} INFO - Setting next_dagrun for example_task_group_decorator to 2022-06-15T12:19:21.608135+00:00
[2022-06-16 14:19:21,659] {processor.py:171} INFO - Processing /home/saba/airflow_venv/airflow_venv/lib/python3.6/site-packages/airflow/example_dags/example_task_group_decorator.py took 1.297 seconds
[2022-06-16 14:21:46,770] {processor.py:163} INFO - Started process (PID=9022) to work on /home/saba/airflow_venv/airflow_venv/lib/python3.6/site-packages/airflow/example_dags/example_task_group_decorator.py
[2022-06-16 14:21:46,776] {processor.py:642} INFO - Processing file /home/saba/airflow_venv/airflow_venv/lib/python3.6/site-packages/airflow/example_dags/example_task_group_decorator.py for tasks to queue
[2022-06-16 14:21:46,780] {logging_mixin.py:109} INFO - [2022-06-16 14:21:46,779] {dagbag.py:500} INFO - Filling up the DagBag from /home/saba/airflow_venv/airflow_venv/lib/python3.6/site-packages/airflow/example_dags/example_task_group_decorator.py
[2022-06-16 14:21:46,955] {processor.py:652} INFO - DAG(s) dict_keys(['example_task_group_decorator']) retrieved from /home/saba/airflow_venv/airflow_venv/lib/python3.6/site-packages/airflow/example_dags/example_task_group_decorator.py
[2022-06-16 14:21:48,696] {logging_mixin.py:109} INFO - [2022-06-16 14:21:48,696] {dag.py:2398} INFO - Sync 1 DAGs
[2022-06-16 14:21:48,778] {logging_mixin.py:109} INFO - [2022-06-16 14:21:48,778] {dag.py:2937} INFO - Setting next_dagrun for example_task_group_decorator to 2022-06-15T12:21:48.777003+00:00
[2022-06-16 14:21:48,885] {processor.py:171} INFO - Processing /home/saba/airflow_venv/airflow_venv/lib/python3.6/site-packages/airflow/example_dags/example_task_group_decorator.py took 2.131 seconds
[2022-06-16 14:22:49,399] {processor.py:163} INFO - Started process (PID=9220) to work on /home/saba/airflow_venv/airflow_venv/lib/python3.6/site-packages/airflow/example_dags/example_task_group_decorator.py
[2022-06-16 14:22:49,406] {processor.py:642} INFO - Processing file /home/saba/airflow_venv/airflow_venv/lib/python3.6/site-packages/airflow/example_dags/example_task_group_decorator.py for tasks to queue
[2022-06-16 14:22:49,416] {logging_mixin.py:109} INFO - [2022-06-16 14:22:49,416] {dagbag.py:500} INFO - Filling up the DagBag from /home/saba/airflow_venv/airflow_venv/lib/python3.6/site-packages/airflow/example_dags/example_task_group_decorator.py
[2022-06-16 14:22:49,710] {processor.py:652} INFO - DAG(s) dict_keys(['example_task_group_decorator']) retrieved from /home/saba/airflow_venv/airflow_venv/lib/python3.6/site-packages/airflow/example_dags/example_task_group_decorator.py
[2022-06-16 14:22:51,208] {logging_mixin.py:109} INFO - [2022-06-16 14:22:51,208] {dag.py:2398} INFO - Sync 1 DAGs
[2022-06-16 14:22:51,306] {logging_mixin.py:109} INFO - [2022-06-16 14:22:51,306] {dag.py:2937} INFO - Setting next_dagrun for example_task_group_decorator to 2022-06-15T12:22:51.304752+00:00
[2022-06-16 14:22:51,396] {processor.py:171} INFO - Processing /home/saba/airflow_venv/airflow_venv/lib/python3.6/site-packages/airflow/example_dags/example_task_group_decorator.py took 2.019 seconds
[2022-06-16 14:24:43,485] {processor.py:163} INFO - Started process (PID=9990) to work on /home/saba/airflow_venv/airflow_venv/lib/python3.6/site-packages/airflow/example_dags/example_task_group_decorator.py
[2022-06-16 14:24:43,492] {processor.py:642} INFO - Processing file /home/saba/airflow_venv/airflow_venv/lib/python3.6/site-packages/airflow/example_dags/example_task_group_decorator.py for tasks to queue
[2022-06-16 14:24:43,496] {logging_mixin.py:109} INFO - [2022-06-16 14:24:43,495] {dagbag.py:500} INFO - Filling up the DagBag from /home/saba/airflow_venv/airflow_venv/lib/python3.6/site-packages/airflow/example_dags/example_task_group_decorator.py
[2022-06-16 14:24:43,667] {processor.py:652} INFO - DAG(s) dict_keys(['example_task_group_decorator']) retrieved from /home/saba/airflow_venv/airflow_venv/lib/python3.6/site-packages/airflow/example_dags/example_task_group_decorator.py
[2022-06-16 14:24:44,838] {logging_mixin.py:109} INFO - [2022-06-16 14:24:44,838] {dag.py:2398} INFO - Sync 1 DAGs
[2022-06-16 14:24:44,937] {logging_mixin.py:109} INFO - [2022-06-16 14:24:44,936] {dag.py:2937} INFO - Setting next_dagrun for example_task_group_decorator to 2022-06-15T12:24:44.935152+00:00
[2022-06-16 14:24:45,012] {processor.py:171} INFO - Processing /home/saba/airflow_venv/airflow_venv/lib/python3.6/site-packages/airflow/example_dags/example_task_group_decorator.py took 1.544 seconds
[2022-06-16 14:26:44,482] {processor.py:163} INFO - Started process (PID=10744) to work on /home/saba/airflow_venv/airflow_venv/lib/python3.6/site-packages/airflow/example_dags/example_task_group_decorator.py
[2022-06-16 14:26:44,487] {processor.py:642} INFO - Processing file /home/saba/airflow_venv/airflow_venv/lib/python3.6/site-packages/airflow/example_dags/example_task_group_decorator.py for tasks to queue
[2022-06-16 14:26:44,490] {logging_mixin.py:109} INFO - [2022-06-16 14:26:44,489] {dagbag.py:500} INFO - Filling up the DagBag from /home/saba/airflow_venv/airflow_venv/lib/python3.6/site-packages/airflow/example_dags/example_task_group_decorator.py
[2022-06-16 14:26:44,713] {processor.py:652} INFO - DAG(s) dict_keys(['example_task_group_decorator']) retrieved from /home/saba/airflow_venv/airflow_venv/lib/python3.6/site-packages/airflow/example_dags/example_task_group_decorator.py
[2022-06-16 14:26:45,870] {logging_mixin.py:109} INFO - [2022-06-16 14:26:45,869] {dag.py:2398} INFO - Sync 1 DAGs
[2022-06-16 14:26:45,960] {logging_mixin.py:109} INFO - [2022-06-16 14:26:45,959] {dag.py:2937} INFO - Setting next_dagrun for example_task_group_decorator to 2022-06-15T12:26:45.956454+00:00
[2022-06-16 14:26:46,079] {processor.py:171} INFO - Processing /home/saba/airflow_venv/airflow_venv/lib/python3.6/site-packages/airflow/example_dags/example_task_group_decorator.py took 1.607 seconds
[2022-06-16 14:28:26,606] {processor.py:163} INFO - Started process (PID=11298) to work on /home/saba/airflow_venv/airflow_venv/lib/python3.6/site-packages/airflow/example_dags/example_task_group_decorator.py
[2022-06-16 14:28:26,611] {processor.py:642} INFO - Processing file /home/saba/airflow_venv/airflow_venv/lib/python3.6/site-packages/airflow/example_dags/example_task_group_decorator.py for tasks to queue
[2022-06-16 14:28:26,613] {logging_mixin.py:109} INFO - [2022-06-16 14:28:26,613] {dagbag.py:500} INFO - Filling up the DagBag from /home/saba/airflow_venv/airflow_venv/lib/python3.6/site-packages/airflow/example_dags/example_task_group_decorator.py
[2022-06-16 14:28:26,768] {processor.py:652} INFO - DAG(s) dict_keys(['example_task_group_decorator']) retrieved from /home/saba/airflow_venv/airflow_venv/lib/python3.6/site-packages/airflow/example_dags/example_task_group_decorator.py
[2022-06-16 14:28:27,863] {logging_mixin.py:109} INFO - [2022-06-16 14:28:27,863] {dag.py:2398} INFO - Sync 1 DAGs
[2022-06-16 14:28:27,925] {logging_mixin.py:109} INFO - [2022-06-16 14:28:27,924] {dag.py:2937} INFO - Setting next_dagrun for example_task_group_decorator to 2022-06-15T12:28:27.923788+00:00
[2022-06-16 14:28:27,995] {processor.py:171} INFO - Processing /home/saba/airflow_venv/airflow_venv/lib/python3.6/site-packages/airflow/example_dags/example_task_group_decorator.py took 1.398 seconds
[2022-06-16 14:31:00,921] {processor.py:163} INFO - Started process (PID=12331) to work on /home/saba/airflow_venv/airflow_venv/lib/python3.6/site-packages/airflow/example_dags/example_task_group_decorator.py
[2022-06-16 14:31:00,925] {processor.py:642} INFO - Processing file /home/saba/airflow_venv/airflow_venv/lib/python3.6/site-packages/airflow/example_dags/example_task_group_decorator.py for tasks to queue
[2022-06-16 14:31:00,928] {logging_mixin.py:109} INFO - [2022-06-16 14:31:00,927] {dagbag.py:500} INFO - Filling up the DagBag from /home/saba/airflow_venv/airflow_venv/lib/python3.6/site-packages/airflow/example_dags/example_task_group_decorator.py
[2022-06-16 14:31:01,052] {processor.py:652} INFO - DAG(s) dict_keys(['example_task_group_decorator']) retrieved from /home/saba/airflow_venv/airflow_venv/lib/python3.6/site-packages/airflow/example_dags/example_task_group_decorator.py
[2022-06-16 14:31:01,927] {logging_mixin.py:109} INFO - [2022-06-16 14:31:01,927] {dag.py:2398} INFO - Sync 1 DAGs
[2022-06-16 14:31:01,972] {logging_mixin.py:109} INFO - [2022-06-16 14:31:01,972] {dag.py:2937} INFO - Setting next_dagrun for example_task_group_decorator to 2022-06-15T12:31:01.972079+00:00
[2022-06-16 14:31:02,016] {processor.py:171} INFO - Processing /home/saba/airflow_venv/airflow_venv/lib/python3.6/site-packages/airflow/example_dags/example_task_group_decorator.py took 1.103 seconds
[2022-06-16 14:45:50,743] {processor.py:163} INFO - Started process (PID=78) to work on /home/saba/.local/lib/python3.6/site-packages/airflow/example_dags/example_task_group_decorator.py
[2022-06-16 14:45:50,746] {processor.py:642} INFO - Processing file /home/saba/.local/lib/python3.6/site-packages/airflow/example_dags/example_task_group_decorator.py for tasks to queue
[2022-06-16 14:45:50,748] {logging_mixin.py:109} INFO - [2022-06-16 14:45:50,748] {dagbag.py:500} INFO - Filling up the DagBag from /home/saba/.local/lib/python3.6/site-packages/airflow/example_dags/example_task_group_decorator.py
[2022-06-16 14:45:50,837] {processor.py:652} INFO - DAG(s) dict_keys(['example_task_group_decorator']) retrieved from /home/saba/.local/lib/python3.6/site-packages/airflow/example_dags/example_task_group_decorator.py
[2022-06-16 14:45:50,854] {logging_mixin.py:109} INFO - [2022-06-16 14:45:50,854] {dag.py:2398} INFO - Sync 1 DAGs
[2022-06-16 14:45:50,906] {logging_mixin.py:109} INFO - [2022-06-16 14:45:50,905] {dag.py:2937} INFO - Setting next_dagrun for example_task_group_decorator to 2022-06-15T12:45:50.904917+00:00
[2022-06-16 14:45:50,943] {processor.py:171} INFO - Processing /home/saba/.local/lib/python3.6/site-packages/airflow/example_dags/example_task_group_decorator.py took 0.207 seconds
[2022-06-16 14:46:39,595] {processor.py:163} INFO - Started process (PID=132) to work on /home/saba/.local/lib/python3.6/site-packages/airflow/example_dags/example_task_group_decorator.py
[2022-06-16 14:46:39,609] {processor.py:642} INFO - Processing file /home/saba/.local/lib/python3.6/site-packages/airflow/example_dags/example_task_group_decorator.py for tasks to queue
[2022-06-16 14:46:39,613] {logging_mixin.py:109} INFO - [2022-06-16 14:46:39,612] {dagbag.py:500} INFO - Filling up the DagBag from /home/saba/.local/lib/python3.6/site-packages/airflow/example_dags/example_task_group_decorator.py
[2022-06-16 14:46:40,034] {processor.py:652} INFO - DAG(s) dict_keys(['example_task_group_decorator']) retrieved from /home/saba/.local/lib/python3.6/site-packages/airflow/example_dags/example_task_group_decorator.py
[2022-06-16 14:46:43,301] {logging_mixin.py:109} INFO - [2022-06-16 14:46:43,300] {dag.py:2398} INFO - Sync 1 DAGs
[2022-06-16 14:46:43,467] {logging_mixin.py:109} INFO - [2022-06-16 14:46:43,466] {dag.py:2937} INFO - Setting next_dagrun for example_task_group_decorator to 2022-06-15T12:46:43.465171+00:00
[2022-06-16 14:46:43,581] {processor.py:171} INFO - Processing /home/saba/.local/lib/python3.6/site-packages/airflow/example_dags/example_task_group_decorator.py took 4.009 seconds
[2022-06-16 14:47:47,156] {processor.py:163} INFO - Started process (PID=208) to work on /home/saba/.local/lib/python3.6/site-packages/airflow/example_dags/example_task_group_decorator.py
[2022-06-16 14:47:47,169] {processor.py:642} INFO - Processing file /home/saba/.local/lib/python3.6/site-packages/airflow/example_dags/example_task_group_decorator.py for tasks to queue
[2022-06-16 14:47:47,177] {logging_mixin.py:109} INFO - [2022-06-16 14:47:47,176] {dagbag.py:500} INFO - Filling up the DagBag from /home/saba/.local/lib/python3.6/site-packages/airflow/example_dags/example_task_group_decorator.py
[2022-06-16 14:47:47,562] {processor.py:652} INFO - DAG(s) dict_keys(['example_task_group_decorator']) retrieved from /home/saba/.local/lib/python3.6/site-packages/airflow/example_dags/example_task_group_decorator.py
[2022-06-16 14:47:49,917] {logging_mixin.py:109} INFO - [2022-06-16 14:47:49,917] {dag.py:2398} INFO - Sync 1 DAGs
[2022-06-16 14:47:50,010] {logging_mixin.py:109} INFO - [2022-06-16 14:47:50,010] {dag.py:2937} INFO - Setting next_dagrun for example_task_group_decorator to 2022-06-15T12:47:50.008934+00:00
[2022-06-16 14:47:50,130] {processor.py:171} INFO - Processing /home/saba/.local/lib/python3.6/site-packages/airflow/example_dags/example_task_group_decorator.py took 3.010 seconds
[2022-06-16 14:48:54,272] {processor.py:163} INFO - Started process (PID=2348) to work on /home/saba/.local/lib/python3.6/site-packages/airflow/example_dags/example_task_group_decorator.py
[2022-06-16 14:48:54,277] {processor.py:642} INFO - Processing file /home/saba/.local/lib/python3.6/site-packages/airflow/example_dags/example_task_group_decorator.py for tasks to queue
[2022-06-16 14:48:54,280] {logging_mixin.py:109} INFO - [2022-06-16 14:48:54,279] {dagbag.py:500} INFO - Filling up the DagBag from /home/saba/.local/lib/python3.6/site-packages/airflow/example_dags/example_task_group_decorator.py
[2022-06-16 14:48:54,429] {processor.py:652} INFO - DAG(s) dict_keys(['example_task_group_decorator']) retrieved from /home/saba/.local/lib/python3.6/site-packages/airflow/example_dags/example_task_group_decorator.py
[2022-06-16 14:48:55,724] {logging_mixin.py:109} INFO - [2022-06-16 14:48:55,723] {dag.py:2398} INFO - Sync 1 DAGs
[2022-06-16 14:48:55,771] {logging_mixin.py:109} INFO - [2022-06-16 14:48:55,771] {dag.py:2937} INFO - Setting next_dagrun for example_task_group_decorator to 2022-06-15T12:48:55.770875+00:00
[2022-06-16 14:48:55,813] {processor.py:171} INFO - Processing /home/saba/.local/lib/python3.6/site-packages/airflow/example_dags/example_task_group_decorator.py took 1.550 seconds
[2022-06-16 14:49:43,479] {processor.py:163} INFO - Started process (PID=2382) to work on /home/saba/.local/lib/python3.6/site-packages/airflow/example_dags/example_task_group_decorator.py
[2022-06-16 14:49:43,495] {processor.py:642} INFO - Processing file /home/saba/.local/lib/python3.6/site-packages/airflow/example_dags/example_task_group_decorator.py for tasks to queue
[2022-06-16 14:49:43,499] {logging_mixin.py:109} INFO - [2022-06-16 14:49:43,498] {dagbag.py:500} INFO - Filling up the DagBag from /home/saba/.local/lib/python3.6/site-packages/airflow/example_dags/example_task_group_decorator.py
[2022-06-16 14:49:43,777] {processor.py:652} INFO - DAG(s) dict_keys(['example_task_group_decorator']) retrieved from /home/saba/.local/lib/python3.6/site-packages/airflow/example_dags/example_task_group_decorator.py
[2022-06-16 14:49:45,385] {logging_mixin.py:109} INFO - [2022-06-16 14:49:45,385] {dag.py:2398} INFO - Sync 1 DAGs
[2022-06-16 14:49:45,431] {logging_mixin.py:109} INFO - [2022-06-16 14:49:45,430] {dag.py:2937} INFO - Setting next_dagrun for example_task_group_decorator to 2022-06-15T12:49:45.430020+00:00
[2022-06-16 14:49:45,470] {processor.py:171} INFO - Processing /home/saba/.local/lib/python3.6/site-packages/airflow/example_dags/example_task_group_decorator.py took 2.018 seconds
[2022-06-16 14:50:25,894] {processor.py:163} INFO - Started process (PID=2636) to work on /home/saba/.local/lib/python3.6/site-packages/airflow/example_dags/example_task_group_decorator.py
[2022-06-16 14:50:25,896] {processor.py:642} INFO - Processing file /home/saba/.local/lib/python3.6/site-packages/airflow/example_dags/example_task_group_decorator.py for tasks to queue
[2022-06-16 14:50:25,898] {logging_mixin.py:109} INFO - [2022-06-16 14:50:25,897] {dagbag.py:500} INFO - Filling up the DagBag from /home/saba/.local/lib/python3.6/site-packages/airflow/example_dags/example_task_group_decorator.py
[2022-06-16 14:50:25,959] {processor.py:652} INFO - DAG(s) dict_keys(['example_task_group_decorator']) retrieved from /home/saba/.local/lib/python3.6/site-packages/airflow/example_dags/example_task_group_decorator.py
[2022-06-16 14:50:26,449] {logging_mixin.py:109} INFO - [2022-06-16 14:50:26,449] {dag.py:2398} INFO - Sync 1 DAGs
[2022-06-16 14:50:26,472] {logging_mixin.py:109} INFO - [2022-06-16 14:50:26,472] {dag.py:2937} INFO - Setting next_dagrun for example_task_group_decorator to 2022-06-15T12:50:26.471612+00:00
[2022-06-16 14:50:26,512] {processor.py:171} INFO - Processing /home/saba/.local/lib/python3.6/site-packages/airflow/example_dags/example_task_group_decorator.py took 0.624 seconds
[2022-06-16 14:51:08,031] {processor.py:163} INFO - Started process (PID=2691) to work on /home/saba/.local/lib/python3.6/site-packages/airflow/example_dags/example_task_group_decorator.py
[2022-06-16 14:51:08,038] {processor.py:642} INFO - Processing file /home/saba/.local/lib/python3.6/site-packages/airflow/example_dags/example_task_group_decorator.py for tasks to queue
[2022-06-16 14:51:08,043] {logging_mixin.py:109} INFO - [2022-06-16 14:51:08,042] {dagbag.py:500} INFO - Filling up the DagBag from /home/saba/.local/lib/python3.6/site-packages/airflow/example_dags/example_task_group_decorator.py
[2022-06-16 14:51:08,259] {processor.py:652} INFO - DAG(s) dict_keys(['example_task_group_decorator']) retrieved from /home/saba/.local/lib/python3.6/site-packages/airflow/example_dags/example_task_group_decorator.py
[2022-06-16 14:51:09,193] {logging_mixin.py:109} INFO - [2022-06-16 14:51:09,192] {dag.py:2398} INFO - Sync 1 DAGs
[2022-06-16 14:51:09,232] {logging_mixin.py:109} INFO - [2022-06-16 14:51:09,231] {dag.py:2937} INFO - Setting next_dagrun for example_task_group_decorator to 2022-06-15T12:51:09.231069+00:00
[2022-06-16 14:51:09,273] {processor.py:171} INFO - Processing /home/saba/.local/lib/python3.6/site-packages/airflow/example_dags/example_task_group_decorator.py took 1.250 seconds
[2022-06-16 14:51:49,581] {processor.py:163} INFO - Started process (PID=2745) to work on /home/saba/.local/lib/python3.6/site-packages/airflow/example_dags/example_task_group_decorator.py
[2022-06-16 14:51:49,583] {processor.py:642} INFO - Processing file /home/saba/.local/lib/python3.6/site-packages/airflow/example_dags/example_task_group_decorator.py for tasks to queue
[2022-06-16 14:51:49,584] {logging_mixin.py:109} INFO - [2022-06-16 14:51:49,584] {dagbag.py:500} INFO - Filling up the DagBag from /home/saba/.local/lib/python3.6/site-packages/airflow/example_dags/example_task_group_decorator.py
[2022-06-16 14:51:49,630] {processor.py:652} INFO - DAG(s) dict_keys(['example_task_group_decorator']) retrieved from /home/saba/.local/lib/python3.6/site-packages/airflow/example_dags/example_task_group_decorator.py
[2022-06-16 14:51:50,048] {logging_mixin.py:109} INFO - [2022-06-16 14:51:50,048] {dag.py:2398} INFO - Sync 1 DAGs
[2022-06-16 14:51:50,067] {logging_mixin.py:109} INFO - [2022-06-16 14:51:50,066] {dag.py:2937} INFO - Setting next_dagrun for example_task_group_decorator to 2022-06-15T12:51:50.066545+00:00
[2022-06-16 14:51:50,089] {processor.py:171} INFO - Processing /home/saba/.local/lib/python3.6/site-packages/airflow/example_dags/example_task_group_decorator.py took 0.512 seconds
[2022-06-16 14:52:30,115] {processor.py:163} INFO - Started process (PID=2988) to work on /home/saba/.local/lib/python3.6/site-packages/airflow/example_dags/example_task_group_decorator.py
[2022-06-16 14:52:30,117] {processor.py:642} INFO - Processing file /home/saba/.local/lib/python3.6/site-packages/airflow/example_dags/example_task_group_decorator.py for tasks to queue
[2022-06-16 14:52:30,117] {logging_mixin.py:109} INFO - [2022-06-16 14:52:30,117] {dagbag.py:500} INFO - Filling up the DagBag from /home/saba/.local/lib/python3.6/site-packages/airflow/example_dags/example_task_group_decorator.py
[2022-06-16 14:52:30,160] {processor.py:652} INFO - DAG(s) dict_keys(['example_task_group_decorator']) retrieved from /home/saba/.local/lib/python3.6/site-packages/airflow/example_dags/example_task_group_decorator.py
[2022-06-16 14:52:30,520] {logging_mixin.py:109} INFO - [2022-06-16 14:52:30,520] {dag.py:2398} INFO - Sync 1 DAGs
[2022-06-16 14:52:30,536] {logging_mixin.py:109} INFO - [2022-06-16 14:52:30,536] {dag.py:2937} INFO - Setting next_dagrun for example_task_group_decorator to 2022-06-15T12:52:30.536035+00:00
[2022-06-16 14:52:30,556] {processor.py:171} INFO - Processing /home/saba/.local/lib/python3.6/site-packages/airflow/example_dags/example_task_group_decorator.py took 0.445 seconds
[2022-06-16 14:53:10,445] {processor.py:163} INFO - Started process (PID=3282) to work on /home/saba/.local/lib/python3.6/site-packages/airflow/example_dags/example_task_group_decorator.py
[2022-06-16 14:53:10,448] {processor.py:642} INFO - Processing file /home/saba/.local/lib/python3.6/site-packages/airflow/example_dags/example_task_group_decorator.py for tasks to queue
[2022-06-16 14:53:10,449] {logging_mixin.py:109} INFO - [2022-06-16 14:53:10,449] {dagbag.py:500} INFO - Filling up the DagBag from /home/saba/.local/lib/python3.6/site-packages/airflow/example_dags/example_task_group_decorator.py
[2022-06-16 14:53:10,514] {processor.py:652} INFO - DAG(s) dict_keys(['example_task_group_decorator']) retrieved from /home/saba/.local/lib/python3.6/site-packages/airflow/example_dags/example_task_group_decorator.py
[2022-06-16 14:53:11,120] {logging_mixin.py:109} INFO - [2022-06-16 14:53:11,120] {dag.py:2398} INFO - Sync 1 DAGs
[2022-06-16 14:53:11,150] {logging_mixin.py:109} INFO - [2022-06-16 14:53:11,150] {dag.py:2937} INFO - Setting next_dagrun for example_task_group_decorator to 2022-06-15T12:53:11.150130+00:00
[2022-06-16 14:53:11,182] {processor.py:171} INFO - Processing /home/saba/.local/lib/python3.6/site-packages/airflow/example_dags/example_task_group_decorator.py took 0.743 seconds
[2022-06-16 14:53:46,005] {processor.py:163} INFO - Started process (PID=3314) to work on /home/saba/.local/lib/python3.6/site-packages/airflow/example_dags/example_task_group_decorator.py
[2022-06-16 14:53:46,007] {processor.py:642} INFO - Processing file /home/saba/.local/lib/python3.6/site-packages/airflow/example_dags/example_task_group_decorator.py for tasks to queue
[2022-06-16 14:53:46,008] {logging_mixin.py:109} INFO - [2022-06-16 14:53:46,008] {dagbag.py:500} INFO - Filling up the DagBag from /home/saba/.local/lib/python3.6/site-packages/airflow/example_dags/example_task_group_decorator.py
[2022-06-16 14:53:46,049] {processor.py:652} INFO - DAG(s) dict_keys(['example_task_group_decorator']) retrieved from /home/saba/.local/lib/python3.6/site-packages/airflow/example_dags/example_task_group_decorator.py
[2022-06-16 14:53:46,413] {logging_mixin.py:109} INFO - [2022-06-16 14:53:46,413] {dag.py:2398} INFO - Sync 1 DAGs
[2022-06-16 14:53:46,430] {logging_mixin.py:109} INFO - [2022-06-16 14:53:46,430] {dag.py:2937} INFO - Setting next_dagrun for example_task_group_decorator to 2022-06-15T12:53:46.429715+00:00
[2022-06-16 14:53:46,450] {processor.py:171} INFO - Processing /home/saba/.local/lib/python3.6/site-packages/airflow/example_dags/example_task_group_decorator.py took 0.448 seconds
[2022-06-16 14:54:27,410] {processor.py:163} INFO - Started process (PID=3589) to work on /home/saba/.local/lib/python3.6/site-packages/airflow/example_dags/example_task_group_decorator.py
[2022-06-16 14:54:27,412] {processor.py:642} INFO - Processing file /home/saba/.local/lib/python3.6/site-packages/airflow/example_dags/example_task_group_decorator.py for tasks to queue
[2022-06-16 14:54:27,413] {logging_mixin.py:109} INFO - [2022-06-16 14:54:27,413] {dagbag.py:500} INFO - Filling up the DagBag from /home/saba/.local/lib/python3.6/site-packages/airflow/example_dags/example_task_group_decorator.py
[2022-06-16 14:54:27,463] {processor.py:652} INFO - DAG(s) dict_keys(['example_task_group_decorator']) retrieved from /home/saba/.local/lib/python3.6/site-packages/airflow/example_dags/example_task_group_decorator.py
[2022-06-16 14:54:27,910] {logging_mixin.py:109} INFO - [2022-06-16 14:54:27,909] {dag.py:2398} INFO - Sync 1 DAGs
[2022-06-16 14:54:27,950] {logging_mixin.py:109} INFO - [2022-06-16 14:54:27,950] {dag.py:2937} INFO - Setting next_dagrun for example_task_group_decorator to 2022-06-15T12:54:27.949618+00:00
[2022-06-16 14:54:27,990] {processor.py:171} INFO - Processing /home/saba/.local/lib/python3.6/site-packages/airflow/example_dags/example_task_group_decorator.py took 0.584 seconds
[2022-06-16 14:55:05,491] {processor.py:163} INFO - Started process (PID=3885) to work on /home/saba/.local/lib/python3.6/site-packages/airflow/example_dags/example_task_group_decorator.py
[2022-06-16 14:55:05,493] {processor.py:642} INFO - Processing file /home/saba/.local/lib/python3.6/site-packages/airflow/example_dags/example_task_group_decorator.py for tasks to queue
[2022-06-16 14:55:05,494] {logging_mixin.py:109} INFO - [2022-06-16 14:55:05,494] {dagbag.py:500} INFO - Filling up the DagBag from /home/saba/.local/lib/python3.6/site-packages/airflow/example_dags/example_task_group_decorator.py
[2022-06-16 14:55:05,546] {processor.py:652} INFO - DAG(s) dict_keys(['example_task_group_decorator']) retrieved from /home/saba/.local/lib/python3.6/site-packages/airflow/example_dags/example_task_group_decorator.py
[2022-06-16 14:55:05,994] {logging_mixin.py:109} INFO - [2022-06-16 14:55:05,993] {dag.py:2398} INFO - Sync 1 DAGs
[2022-06-16 14:55:06,020] {logging_mixin.py:109} INFO - [2022-06-16 14:55:06,020] {dag.py:2937} INFO - Setting next_dagrun for example_task_group_decorator to 2022-06-15T12:55:06.020081+00:00
[2022-06-16 14:55:06,046] {processor.py:171} INFO - Processing /home/saba/.local/lib/python3.6/site-packages/airflow/example_dags/example_task_group_decorator.py took 0.560 seconds
[2022-06-16 14:55:45,870] {processor.py:163} INFO - Started process (PID=4165) to work on /home/saba/.local/lib/python3.6/site-packages/airflow/example_dags/example_task_group_decorator.py
[2022-06-16 14:55:45,875] {processor.py:642} INFO - Processing file /home/saba/.local/lib/python3.6/site-packages/airflow/example_dags/example_task_group_decorator.py for tasks to queue
[2022-06-16 14:55:45,878] {logging_mixin.py:109} INFO - [2022-06-16 14:55:45,877] {dagbag.py:500} INFO - Filling up the DagBag from /home/saba/.local/lib/python3.6/site-packages/airflow/example_dags/example_task_group_decorator.py
[2022-06-16 14:55:46,057] {processor.py:652} INFO - DAG(s) dict_keys(['example_task_group_decorator']) retrieved from /home/saba/.local/lib/python3.6/site-packages/airflow/example_dags/example_task_group_decorator.py
[2022-06-16 14:55:47,470] {logging_mixin.py:109} INFO - [2022-06-16 14:55:47,469] {dag.py:2398} INFO - Sync 1 DAGs
[2022-06-16 14:55:47,547] {logging_mixin.py:109} INFO - [2022-06-16 14:55:47,546] {dag.py:2937} INFO - Setting next_dagrun for example_task_group_decorator to 2022-06-15T12:55:47.546017+00:00
[2022-06-16 14:55:47,625] {processor.py:171} INFO - Processing /home/saba/.local/lib/python3.6/site-packages/airflow/example_dags/example_task_group_decorator.py took 1.765 seconds
[2022-06-16 14:56:41,538] {processor.py:163} INFO - Started process (PID=4325) to work on /home/saba/.local/lib/python3.6/site-packages/airflow/example_dags/example_task_group_decorator.py
[2022-06-16 14:56:41,542] {processor.py:642} INFO - Processing file /home/saba/.local/lib/python3.6/site-packages/airflow/example_dags/example_task_group_decorator.py for tasks to queue
[2022-06-16 14:56:41,545] {logging_mixin.py:109} INFO - [2022-06-16 14:56:41,544] {dagbag.py:500} INFO - Filling up the DagBag from /home/saba/.local/lib/python3.6/site-packages/airflow/example_dags/example_task_group_decorator.py
[2022-06-16 14:56:41,657] {processor.py:652} INFO - DAG(s) dict_keys(['example_task_group_decorator']) retrieved from /home/saba/.local/lib/python3.6/site-packages/airflow/example_dags/example_task_group_decorator.py
[2022-06-16 14:56:42,617] {logging_mixin.py:109} INFO - [2022-06-16 14:56:42,616] {dag.py:2398} INFO - Sync 1 DAGs
[2022-06-16 14:56:42,669] {logging_mixin.py:109} INFO - [2022-06-16 14:56:42,669] {dag.py:2937} INFO - Setting next_dagrun for example_task_group_decorator to 2022-06-15T12:56:42.668456+00:00
[2022-06-16 14:56:42,722] {processor.py:171} INFO - Processing /home/saba/.local/lib/python3.6/site-packages/airflow/example_dags/example_task_group_decorator.py took 1.193 seconds
[2022-06-16 14:57:30,570] {processor.py:163} INFO - Started process (PID=7077) to work on /home/saba/.local/lib/python3.6/site-packages/airflow/example_dags/example_task_group_decorator.py
[2022-06-16 14:57:30,575] {processor.py:642} INFO - Processing file /home/saba/.local/lib/python3.6/site-packages/airflow/example_dags/example_task_group_decorator.py for tasks to queue
[2022-06-16 14:57:30,577] {logging_mixin.py:109} INFO - [2022-06-16 14:57:30,577] {dagbag.py:500} INFO - Filling up the DagBag from /home/saba/.local/lib/python3.6/site-packages/airflow/example_dags/example_task_group_decorator.py
[2022-06-16 14:57:30,717] {processor.py:652} INFO - DAG(s) dict_keys(['example_task_group_decorator']) retrieved from /home/saba/.local/lib/python3.6/site-packages/airflow/example_dags/example_task_group_decorator.py
[2022-06-16 14:57:31,770] {logging_mixin.py:109} INFO - [2022-06-16 14:57:31,769] {dag.py:2398} INFO - Sync 1 DAGs
[2022-06-16 14:57:31,821] {logging_mixin.py:109} INFO - [2022-06-16 14:57:31,821] {dag.py:2937} INFO - Setting next_dagrun for example_task_group_decorator to 2022-06-15T12:57:31.820246+00:00
[2022-06-16 14:57:31,864] {processor.py:171} INFO - Processing /home/saba/.local/lib/python3.6/site-packages/airflow/example_dags/example_task_group_decorator.py took 1.304 seconds
