[2022-06-16 13:59:33,825] {processor.py:163} INFO - Started process (PID=610) to work on /home/saba/airflow_venv/airflow_venv/lib/python3.6/site-packages/airflow/example_dags/tutorial_taskflow_api_etl_virtualenv.py
[2022-06-16 13:59:33,830] {processor.py:642} INFO - Processing file /home/saba/airflow_venv/airflow_venv/lib/python3.6/site-packages/airflow/example_dags/tutorial_taskflow_api_etl_virtualenv.py for tasks to queue
[2022-06-16 13:59:33,832] {logging_mixin.py:109} INFO - [2022-06-16 13:59:33,832] {dagbag.py:500} INFO - Filling up the DagBag from /home/saba/airflow_venv/airflow_venv/lib/python3.6/site-packages/airflow/example_dags/tutorial_taskflow_api_etl_virtualenv.py
[2022-06-16 13:59:34,262] {logging_mixin.py:109} INFO - [2022-06-16 13:59:34,262] {tutorial_taskflow_api_etl_virtualenv.py:30} WARNING - The tutorial_taskflow_api_etl_virtualenv example DAG requires virtualenv, please install it.
[2022-06-16 13:59:34,263] {processor.py:654} WARNING - No viable dags retrieved from /home/saba/airflow_venv/airflow_venv/lib/python3.6/site-packages/airflow/example_dags/tutorial_taskflow_api_etl_virtualenv.py
[2022-06-16 13:59:34,289] {processor.py:171} INFO - Processing /home/saba/airflow_venv/airflow_venv/lib/python3.6/site-packages/airflow/example_dags/tutorial_taskflow_api_etl_virtualenv.py took 0.475 seconds
[2022-06-16 14:00:21,745] {processor.py:163} INFO - Started process (PID=843) to work on /home/saba/airflow_venv/airflow_venv/lib/python3.6/site-packages/airflow/example_dags/tutorial_taskflow_api_etl_virtualenv.py
[2022-06-16 14:00:21,748] {processor.py:642} INFO - Processing file /home/saba/airflow_venv/airflow_venv/lib/python3.6/site-packages/airflow/example_dags/tutorial_taskflow_api_etl_virtualenv.py for tasks to queue
[2022-06-16 14:00:21,751] {logging_mixin.py:109} INFO - [2022-06-16 14:00:21,750] {dagbag.py:500} INFO - Filling up the DagBag from /home/saba/airflow_venv/airflow_venv/lib/python3.6/site-packages/airflow/example_dags/tutorial_taskflow_api_etl_virtualenv.py
[2022-06-16 14:00:22,105] {logging_mixin.py:109} INFO - [2022-06-16 14:00:22,104] {tutorial_taskflow_api_etl_virtualenv.py:30} WARNING - The tutorial_taskflow_api_etl_virtualenv example DAG requires virtualenv, please install it.
[2022-06-16 14:00:22,105] {processor.py:654} WARNING - No viable dags retrieved from /home/saba/airflow_venv/airflow_venv/lib/python3.6/site-packages/airflow/example_dags/tutorial_taskflow_api_etl_virtualenv.py
[2022-06-16 14:00:22,127] {processor.py:171} INFO - Processing /home/saba/airflow_venv/airflow_venv/lib/python3.6/site-packages/airflow/example_dags/tutorial_taskflow_api_etl_virtualenv.py took 0.391 seconds
[2022-06-16 14:01:02,970] {processor.py:163} INFO - Started process (PID=1039) to work on /home/saba/airflow_venv/airflow_venv/lib/python3.6/site-packages/airflow/example_dags/tutorial_taskflow_api_etl_virtualenv.py
[2022-06-16 14:01:02,975] {processor.py:642} INFO - Processing file /home/saba/airflow_venv/airflow_venv/lib/python3.6/site-packages/airflow/example_dags/tutorial_taskflow_api_etl_virtualenv.py for tasks to queue
[2022-06-16 14:01:02,977] {logging_mixin.py:109} INFO - [2022-06-16 14:01:02,977] {dagbag.py:500} INFO - Filling up the DagBag from /home/saba/airflow_venv/airflow_venv/lib/python3.6/site-packages/airflow/example_dags/tutorial_taskflow_api_etl_virtualenv.py
[2022-06-16 14:01:03,306] {logging_mixin.py:109} INFO - [2022-06-16 14:01:03,305] {tutorial_taskflow_api_etl_virtualenv.py:30} WARNING - The tutorial_taskflow_api_etl_virtualenv example DAG requires virtualenv, please install it.
[2022-06-16 14:01:03,306] {processor.py:654} WARNING - No viable dags retrieved from /home/saba/airflow_venv/airflow_venv/lib/python3.6/site-packages/airflow/example_dags/tutorial_taskflow_api_etl_virtualenv.py
[2022-06-16 14:01:03,324] {processor.py:171} INFO - Processing /home/saba/airflow_venv/airflow_venv/lib/python3.6/site-packages/airflow/example_dags/tutorial_taskflow_api_etl_virtualenv.py took 0.363 seconds
[2022-06-16 14:01:45,275] {processor.py:163} INFO - Started process (PID=1255) to work on /home/saba/airflow_venv/airflow_venv/lib/python3.6/site-packages/airflow/example_dags/tutorial_taskflow_api_etl_virtualenv.py
[2022-06-16 14:01:45,286] {processor.py:642} INFO - Processing file /home/saba/airflow_venv/airflow_venv/lib/python3.6/site-packages/airflow/example_dags/tutorial_taskflow_api_etl_virtualenv.py for tasks to queue
[2022-06-16 14:01:45,288] {logging_mixin.py:109} INFO - [2022-06-16 14:01:45,287] {dagbag.py:500} INFO - Filling up the DagBag from /home/saba/airflow_venv/airflow_venv/lib/python3.6/site-packages/airflow/example_dags/tutorial_taskflow_api_etl_virtualenv.py
[2022-06-16 14:01:45,581] {logging_mixin.py:109} INFO - [2022-06-16 14:01:45,581] {tutorial_taskflow_api_etl_virtualenv.py:30} WARNING - The tutorial_taskflow_api_etl_virtualenv example DAG requires virtualenv, please install it.
[2022-06-16 14:01:45,581] {processor.py:654} WARNING - No viable dags retrieved from /home/saba/airflow_venv/airflow_venv/lib/python3.6/site-packages/airflow/example_dags/tutorial_taskflow_api_etl_virtualenv.py
[2022-06-16 14:01:45,599] {processor.py:171} INFO - Processing /home/saba/airflow_venv/airflow_venv/lib/python3.6/site-packages/airflow/example_dags/tutorial_taskflow_api_etl_virtualenv.py took 0.330 seconds
[2022-06-16 14:02:28,654] {processor.py:163} INFO - Started process (PID=1473) to work on /home/saba/airflow_venv/airflow_venv/lib/python3.6/site-packages/airflow/example_dags/tutorial_taskflow_api_etl_virtualenv.py
[2022-06-16 14:02:28,666] {processor.py:642} INFO - Processing file /home/saba/airflow_venv/airflow_venv/lib/python3.6/site-packages/airflow/example_dags/tutorial_taskflow_api_etl_virtualenv.py for tasks to queue
[2022-06-16 14:02:28,668] {logging_mixin.py:109} INFO - [2022-06-16 14:02:28,667] {dagbag.py:500} INFO - Filling up the DagBag from /home/saba/airflow_venv/airflow_venv/lib/python3.6/site-packages/airflow/example_dags/tutorial_taskflow_api_etl_virtualenv.py
[2022-06-16 14:02:28,977] {logging_mixin.py:109} INFO - [2022-06-16 14:02:28,976] {tutorial_taskflow_api_etl_virtualenv.py:30} WARNING - The tutorial_taskflow_api_etl_virtualenv example DAG requires virtualenv, please install it.
[2022-06-16 14:02:28,977] {processor.py:654} WARNING - No viable dags retrieved from /home/saba/airflow_venv/airflow_venv/lib/python3.6/site-packages/airflow/example_dags/tutorial_taskflow_api_etl_virtualenv.py
[2022-06-16 14:02:28,996] {processor.py:171} INFO - Processing /home/saba/airflow_venv/airflow_venv/lib/python3.6/site-packages/airflow/example_dags/tutorial_taskflow_api_etl_virtualenv.py took 0.347 seconds
[2022-06-16 14:03:11,952] {processor.py:163} INFO - Started process (PID=1680) to work on /home/saba/airflow_venv/airflow_venv/lib/python3.6/site-packages/airflow/example_dags/tutorial_taskflow_api_etl_virtualenv.py
[2022-06-16 14:03:11,955] {processor.py:642} INFO - Processing file /home/saba/airflow_venv/airflow_venv/lib/python3.6/site-packages/airflow/example_dags/tutorial_taskflow_api_etl_virtualenv.py for tasks to queue
[2022-06-16 14:03:11,956] {logging_mixin.py:109} INFO - [2022-06-16 14:03:11,956] {dagbag.py:500} INFO - Filling up the DagBag from /home/saba/airflow_venv/airflow_venv/lib/python3.6/site-packages/airflow/example_dags/tutorial_taskflow_api_etl_virtualenv.py
[2022-06-16 14:03:12,343] {logging_mixin.py:109} INFO - [2022-06-16 14:03:12,343] {tutorial_taskflow_api_etl_virtualenv.py:30} WARNING - The tutorial_taskflow_api_etl_virtualenv example DAG requires virtualenv, please install it.
[2022-06-16 14:03:12,344] {processor.py:654} WARNING - No viable dags retrieved from /home/saba/airflow_venv/airflow_venv/lib/python3.6/site-packages/airflow/example_dags/tutorial_taskflow_api_etl_virtualenv.py
[2022-06-16 14:03:12,365] {processor.py:171} INFO - Processing /home/saba/airflow_venv/airflow_venv/lib/python3.6/site-packages/airflow/example_dags/tutorial_taskflow_api_etl_virtualenv.py took 0.421 seconds
[2022-06-16 14:03:54,696] {processor.py:163} INFO - Started process (PID=1884) to work on /home/saba/airflow_venv/airflow_venv/lib/python3.6/site-packages/airflow/example_dags/tutorial_taskflow_api_etl_virtualenv.py
[2022-06-16 14:03:54,700] {processor.py:642} INFO - Processing file /home/saba/airflow_venv/airflow_venv/lib/python3.6/site-packages/airflow/example_dags/tutorial_taskflow_api_etl_virtualenv.py for tasks to queue
[2022-06-16 14:03:54,702] {logging_mixin.py:109} INFO - [2022-06-16 14:03:54,701] {dagbag.py:500} INFO - Filling up the DagBag from /home/saba/airflow_venv/airflow_venv/lib/python3.6/site-packages/airflow/example_dags/tutorial_taskflow_api_etl_virtualenv.py
[2022-06-16 14:03:55,008] {logging_mixin.py:109} INFO - [2022-06-16 14:03:55,008] {tutorial_taskflow_api_etl_virtualenv.py:30} WARNING - The tutorial_taskflow_api_etl_virtualenv example DAG requires virtualenv, please install it.
[2022-06-16 14:03:55,009] {processor.py:654} WARNING - No viable dags retrieved from /home/saba/airflow_venv/airflow_venv/lib/python3.6/site-packages/airflow/example_dags/tutorial_taskflow_api_etl_virtualenv.py
[2022-06-16 14:03:55,027] {processor.py:171} INFO - Processing /home/saba/airflow_venv/airflow_venv/lib/python3.6/site-packages/airflow/example_dags/tutorial_taskflow_api_etl_virtualenv.py took 0.336 seconds
[2022-06-16 14:04:35,896] {processor.py:163} INFO - Started process (PID=2085) to work on /home/saba/airflow_venv/airflow_venv/lib/python3.6/site-packages/airflow/example_dags/tutorial_taskflow_api_etl_virtualenv.py
[2022-06-16 14:04:35,900] {processor.py:642} INFO - Processing file /home/saba/airflow_venv/airflow_venv/lib/python3.6/site-packages/airflow/example_dags/tutorial_taskflow_api_etl_virtualenv.py for tasks to queue
[2022-06-16 14:04:35,902] {logging_mixin.py:109} INFO - [2022-06-16 14:04:35,902] {dagbag.py:500} INFO - Filling up the DagBag from /home/saba/airflow_venv/airflow_venv/lib/python3.6/site-packages/airflow/example_dags/tutorial_taskflow_api_etl_virtualenv.py
[2022-06-16 14:04:36,200] {logging_mixin.py:109} INFO - [2022-06-16 14:04:36,200] {tutorial_taskflow_api_etl_virtualenv.py:30} WARNING - The tutorial_taskflow_api_etl_virtualenv example DAG requires virtualenv, please install it.
[2022-06-16 14:04:36,201] {processor.py:654} WARNING - No viable dags retrieved from /home/saba/airflow_venv/airflow_venv/lib/python3.6/site-packages/airflow/example_dags/tutorial_taskflow_api_etl_virtualenv.py
[2022-06-16 14:04:36,223] {processor.py:171} INFO - Processing /home/saba/airflow_venv/airflow_venv/lib/python3.6/site-packages/airflow/example_dags/tutorial_taskflow_api_etl_virtualenv.py took 0.334 seconds
[2022-06-16 14:05:15,316] {processor.py:163} INFO - Started process (PID=2324) to work on /home/saba/airflow_venv/airflow_venv/lib/python3.6/site-packages/airflow/example_dags/tutorial_taskflow_api_etl_virtualenv.py
[2022-06-16 14:05:15,328] {processor.py:642} INFO - Processing file /home/saba/airflow_venv/airflow_venv/lib/python3.6/site-packages/airflow/example_dags/tutorial_taskflow_api_etl_virtualenv.py for tasks to queue
[2022-06-16 14:05:15,329] {logging_mixin.py:109} INFO - [2022-06-16 14:05:15,329] {dagbag.py:500} INFO - Filling up the DagBag from /home/saba/airflow_venv/airflow_venv/lib/python3.6/site-packages/airflow/example_dags/tutorial_taskflow_api_etl_virtualenv.py
[2022-06-16 14:05:15,570] {logging_mixin.py:109} INFO - [2022-06-16 14:05:15,570] {tutorial_taskflow_api_etl_virtualenv.py:30} WARNING - The tutorial_taskflow_api_etl_virtualenv example DAG requires virtualenv, please install it.
[2022-06-16 14:05:15,570] {processor.py:654} WARNING - No viable dags retrieved from /home/saba/airflow_venv/airflow_venv/lib/python3.6/site-packages/airflow/example_dags/tutorial_taskflow_api_etl_virtualenv.py
[2022-06-16 14:05:15,584] {processor.py:171} INFO - Processing /home/saba/airflow_venv/airflow_venv/lib/python3.6/site-packages/airflow/example_dags/tutorial_taskflow_api_etl_virtualenv.py took 0.275 seconds
[2022-06-16 14:05:59,230] {processor.py:163} INFO - Started process (PID=2522) to work on /home/saba/airflow_venv/airflow_venv/lib/python3.6/site-packages/airflow/example_dags/tutorial_taskflow_api_etl_virtualenv.py
[2022-06-16 14:05:59,234] {processor.py:642} INFO - Processing file /home/saba/airflow_venv/airflow_venv/lib/python3.6/site-packages/airflow/example_dags/tutorial_taskflow_api_etl_virtualenv.py for tasks to queue
[2022-06-16 14:05:59,236] {logging_mixin.py:109} INFO - [2022-06-16 14:05:59,236] {dagbag.py:500} INFO - Filling up the DagBag from /home/saba/airflow_venv/airflow_venv/lib/python3.6/site-packages/airflow/example_dags/tutorial_taskflow_api_etl_virtualenv.py
[2022-06-16 14:05:59,559] {logging_mixin.py:109} INFO - [2022-06-16 14:05:59,559] {tutorial_taskflow_api_etl_virtualenv.py:30} WARNING - The tutorial_taskflow_api_etl_virtualenv example DAG requires virtualenv, please install it.
[2022-06-16 14:05:59,560] {processor.py:654} WARNING - No viable dags retrieved from /home/saba/airflow_venv/airflow_venv/lib/python3.6/site-packages/airflow/example_dags/tutorial_taskflow_api_etl_virtualenv.py
[2022-06-16 14:05:59,578] {processor.py:171} INFO - Processing /home/saba/airflow_venv/airflow_venv/lib/python3.6/site-packages/airflow/example_dags/tutorial_taskflow_api_etl_virtualenv.py took 0.355 seconds
[2022-06-16 14:06:41,240] {processor.py:163} INFO - Started process (PID=2764) to work on /home/saba/airflow_venv/airflow_venv/lib/python3.6/site-packages/airflow/example_dags/tutorial_taskflow_api_etl_virtualenv.py
[2022-06-16 14:06:41,252] {processor.py:642} INFO - Processing file /home/saba/airflow_venv/airflow_venv/lib/python3.6/site-packages/airflow/example_dags/tutorial_taskflow_api_etl_virtualenv.py for tasks to queue
[2022-06-16 14:06:41,254] {logging_mixin.py:109} INFO - [2022-06-16 14:06:41,253] {dagbag.py:500} INFO - Filling up the DagBag from /home/saba/airflow_venv/airflow_venv/lib/python3.6/site-packages/airflow/example_dags/tutorial_taskflow_api_etl_virtualenv.py
[2022-06-16 14:06:41,506] {logging_mixin.py:109} INFO - [2022-06-16 14:06:41,506] {tutorial_taskflow_api_etl_virtualenv.py:30} WARNING - The tutorial_taskflow_api_etl_virtualenv example DAG requires virtualenv, please install it.
[2022-06-16 14:06:41,506] {processor.py:654} WARNING - No viable dags retrieved from /home/saba/airflow_venv/airflow_venv/lib/python3.6/site-packages/airflow/example_dags/tutorial_taskflow_api_etl_virtualenv.py
[2022-06-16 14:06:41,520] {processor.py:171} INFO - Processing /home/saba/airflow_venv/airflow_venv/lib/python3.6/site-packages/airflow/example_dags/tutorial_taskflow_api_etl_virtualenv.py took 0.287 seconds
[2022-06-16 14:07:20,997] {processor.py:163} INFO - Started process (PID=2999) to work on /home/saba/airflow_venv/airflow_venv/lib/python3.6/site-packages/airflow/example_dags/tutorial_taskflow_api_etl_virtualenv.py
[2022-06-16 14:07:21,000] {processor.py:642} INFO - Processing file /home/saba/airflow_venv/airflow_venv/lib/python3.6/site-packages/airflow/example_dags/tutorial_taskflow_api_etl_virtualenv.py for tasks to queue
[2022-06-16 14:07:21,001] {logging_mixin.py:109} INFO - [2022-06-16 14:07:21,001] {dagbag.py:500} INFO - Filling up the DagBag from /home/saba/airflow_venv/airflow_venv/lib/python3.6/site-packages/airflow/example_dags/tutorial_taskflow_api_etl_virtualenv.py
[2022-06-16 14:07:21,291] {logging_mixin.py:109} INFO - [2022-06-16 14:07:21,291] {tutorial_taskflow_api_etl_virtualenv.py:30} WARNING - The tutorial_taskflow_api_etl_virtualenv example DAG requires virtualenv, please install it.
[2022-06-16 14:07:21,292] {processor.py:654} WARNING - No viable dags retrieved from /home/saba/airflow_venv/airflow_venv/lib/python3.6/site-packages/airflow/example_dags/tutorial_taskflow_api_etl_virtualenv.py
[2022-06-16 14:07:21,306] {processor.py:171} INFO - Processing /home/saba/airflow_venv/airflow_venv/lib/python3.6/site-packages/airflow/example_dags/tutorial_taskflow_api_etl_virtualenv.py took 0.316 seconds
[2022-06-16 14:08:02,471] {processor.py:163} INFO - Started process (PID=3249) to work on /home/saba/airflow_venv/airflow_venv/lib/python3.6/site-packages/airflow/example_dags/tutorial_taskflow_api_etl_virtualenv.py
[2022-06-16 14:08:02,475] {processor.py:642} INFO - Processing file /home/saba/airflow_venv/airflow_venv/lib/python3.6/site-packages/airflow/example_dags/tutorial_taskflow_api_etl_virtualenv.py for tasks to queue
[2022-06-16 14:08:02,477] {logging_mixin.py:109} INFO - [2022-06-16 14:08:02,477] {dagbag.py:500} INFO - Filling up the DagBag from /home/saba/airflow_venv/airflow_venv/lib/python3.6/site-packages/airflow/example_dags/tutorial_taskflow_api_etl_virtualenv.py
[2022-06-16 14:08:02,732] {logging_mixin.py:109} INFO - [2022-06-16 14:08:02,731] {tutorial_taskflow_api_etl_virtualenv.py:30} WARNING - The tutorial_taskflow_api_etl_virtualenv example DAG requires virtualenv, please install it.
[2022-06-16 14:08:02,732] {processor.py:654} WARNING - No viable dags retrieved from /home/saba/airflow_venv/airflow_venv/lib/python3.6/site-packages/airflow/example_dags/tutorial_taskflow_api_etl_virtualenv.py
[2022-06-16 14:08:02,746] {processor.py:171} INFO - Processing /home/saba/airflow_venv/airflow_venv/lib/python3.6/site-packages/airflow/example_dags/tutorial_taskflow_api_etl_virtualenv.py took 0.282 seconds
[2022-06-16 14:08:43,556] {processor.py:163} INFO - Started process (PID=3484) to work on /home/saba/airflow_venv/airflow_venv/lib/python3.6/site-packages/airflow/example_dags/tutorial_taskflow_api_etl_virtualenv.py
[2022-06-16 14:08:43,561] {processor.py:642} INFO - Processing file /home/saba/airflow_venv/airflow_venv/lib/python3.6/site-packages/airflow/example_dags/tutorial_taskflow_api_etl_virtualenv.py for tasks to queue
[2022-06-16 14:08:43,563] {logging_mixin.py:109} INFO - [2022-06-16 14:08:43,563] {dagbag.py:500} INFO - Filling up the DagBag from /home/saba/airflow_venv/airflow_venv/lib/python3.6/site-packages/airflow/example_dags/tutorial_taskflow_api_etl_virtualenv.py
[2022-06-16 14:08:43,828] {logging_mixin.py:109} INFO - [2022-06-16 14:08:43,828] {tutorial_taskflow_api_etl_virtualenv.py:30} WARNING - The tutorial_taskflow_api_etl_virtualenv example DAG requires virtualenv, please install it.
[2022-06-16 14:08:43,829] {processor.py:654} WARNING - No viable dags retrieved from /home/saba/airflow_venv/airflow_venv/lib/python3.6/site-packages/airflow/example_dags/tutorial_taskflow_api_etl_virtualenv.py
[2022-06-16 14:08:43,842] {processor.py:171} INFO - Processing /home/saba/airflow_venv/airflow_venv/lib/python3.6/site-packages/airflow/example_dags/tutorial_taskflow_api_etl_virtualenv.py took 0.297 seconds
[2022-06-16 14:09:24,219] {processor.py:163} INFO - Started process (PID=3719) to work on /home/saba/airflow_venv/airflow_venv/lib/python3.6/site-packages/airflow/example_dags/tutorial_taskflow_api_etl_virtualenv.py
[2022-06-16 14:09:24,222] {processor.py:642} INFO - Processing file /home/saba/airflow_venv/airflow_venv/lib/python3.6/site-packages/airflow/example_dags/tutorial_taskflow_api_etl_virtualenv.py for tasks to queue
[2022-06-16 14:09:24,224] {logging_mixin.py:109} INFO - [2022-06-16 14:09:24,223] {dagbag.py:500} INFO - Filling up the DagBag from /home/saba/airflow_venv/airflow_venv/lib/python3.6/site-packages/airflow/example_dags/tutorial_taskflow_api_etl_virtualenv.py
[2022-06-16 14:09:24,543] {logging_mixin.py:109} INFO - [2022-06-16 14:09:24,543] {tutorial_taskflow_api_etl_virtualenv.py:30} WARNING - The tutorial_taskflow_api_etl_virtualenv example DAG requires virtualenv, please install it.
[2022-06-16 14:09:24,544] {processor.py:654} WARNING - No viable dags retrieved from /home/saba/airflow_venv/airflow_venv/lib/python3.6/site-packages/airflow/example_dags/tutorial_taskflow_api_etl_virtualenv.py
[2022-06-16 14:09:24,559] {processor.py:171} INFO - Processing /home/saba/airflow_venv/airflow_venv/lib/python3.6/site-packages/airflow/example_dags/tutorial_taskflow_api_etl_virtualenv.py took 0.346 seconds
[2022-06-16 14:10:05,813] {processor.py:163} INFO - Started process (PID=3963) to work on /home/saba/airflow_venv/airflow_venv/lib/python3.6/site-packages/airflow/example_dags/tutorial_taskflow_api_etl_virtualenv.py
[2022-06-16 14:10:05,825] {processor.py:642} INFO - Processing file /home/saba/airflow_venv/airflow_venv/lib/python3.6/site-packages/airflow/example_dags/tutorial_taskflow_api_etl_virtualenv.py for tasks to queue
[2022-06-16 14:10:05,827] {logging_mixin.py:109} INFO - [2022-06-16 14:10:05,826] {dagbag.py:500} INFO - Filling up the DagBag from /home/saba/airflow_venv/airflow_venv/lib/python3.6/site-packages/airflow/example_dags/tutorial_taskflow_api_etl_virtualenv.py
[2022-06-16 14:10:06,075] {logging_mixin.py:109} INFO - [2022-06-16 14:10:06,075] {tutorial_taskflow_api_etl_virtualenv.py:30} WARNING - The tutorial_taskflow_api_etl_virtualenv example DAG requires virtualenv, please install it.
[2022-06-16 14:10:06,075] {processor.py:654} WARNING - No viable dags retrieved from /home/saba/airflow_venv/airflow_venv/lib/python3.6/site-packages/airflow/example_dags/tutorial_taskflow_api_etl_virtualenv.py
[2022-06-16 14:10:06,088] {processor.py:171} INFO - Processing /home/saba/airflow_venv/airflow_venv/lib/python3.6/site-packages/airflow/example_dags/tutorial_taskflow_api_etl_virtualenv.py took 0.281 seconds
[2022-06-16 14:10:46,234] {processor.py:163} INFO - Started process (PID=4220) to work on /home/saba/airflow_venv/airflow_venv/lib/python3.6/site-packages/airflow/example_dags/tutorial_taskflow_api_etl_virtualenv.py
[2022-06-16 14:10:46,238] {processor.py:642} INFO - Processing file /home/saba/airflow_venv/airflow_venv/lib/python3.6/site-packages/airflow/example_dags/tutorial_taskflow_api_etl_virtualenv.py for tasks to queue
[2022-06-16 14:10:46,239] {logging_mixin.py:109} INFO - [2022-06-16 14:10:46,239] {dagbag.py:500} INFO - Filling up the DagBag from /home/saba/airflow_venv/airflow_venv/lib/python3.6/site-packages/airflow/example_dags/tutorial_taskflow_api_etl_virtualenv.py
[2022-06-16 14:10:46,455] {logging_mixin.py:109} INFO - [2022-06-16 14:10:46,455] {tutorial_taskflow_api_etl_virtualenv.py:30} WARNING - The tutorial_taskflow_api_etl_virtualenv example DAG requires virtualenv, please install it.
[2022-06-16 14:10:46,456] {processor.py:654} WARNING - No viable dags retrieved from /home/saba/airflow_venv/airflow_venv/lib/python3.6/site-packages/airflow/example_dags/tutorial_taskflow_api_etl_virtualenv.py
[2022-06-16 14:10:46,472] {processor.py:171} INFO - Processing /home/saba/airflow_venv/airflow_venv/lib/python3.6/site-packages/airflow/example_dags/tutorial_taskflow_api_etl_virtualenv.py took 0.243 seconds
[2022-06-16 14:11:26,225] {processor.py:163} INFO - Started process (PID=4451) to work on /home/saba/airflow_venv/airflow_venv/lib/python3.6/site-packages/airflow/example_dags/tutorial_taskflow_api_etl_virtualenv.py
[2022-06-16 14:11:26,237] {processor.py:642} INFO - Processing file /home/saba/airflow_venv/airflow_venv/lib/python3.6/site-packages/airflow/example_dags/tutorial_taskflow_api_etl_virtualenv.py for tasks to queue
[2022-06-16 14:11:26,238] {logging_mixin.py:109} INFO - [2022-06-16 14:11:26,238] {dagbag.py:500} INFO - Filling up the DagBag from /home/saba/airflow_venv/airflow_venv/lib/python3.6/site-packages/airflow/example_dags/tutorial_taskflow_api_etl_virtualenv.py
[2022-06-16 14:11:26,433] {logging_mixin.py:109} INFO - [2022-06-16 14:11:26,433] {tutorial_taskflow_api_etl_virtualenv.py:30} WARNING - The tutorial_taskflow_api_etl_virtualenv example DAG requires virtualenv, please install it.
[2022-06-16 14:11:26,434] {processor.py:654} WARNING - No viable dags retrieved from /home/saba/airflow_venv/airflow_venv/lib/python3.6/site-packages/airflow/example_dags/tutorial_taskflow_api_etl_virtualenv.py
[2022-06-16 14:11:26,448] {processor.py:171} INFO - Processing /home/saba/airflow_venv/airflow_venv/lib/python3.6/site-packages/airflow/example_dags/tutorial_taskflow_api_etl_virtualenv.py took 0.229 seconds
[2022-06-16 14:12:16,476] {processor.py:163} INFO - Started process (PID=4641) to work on /home/saba/airflow_venv/airflow_venv/lib/python3.6/site-packages/airflow/example_dags/tutorial_taskflow_api_etl_virtualenv.py
[2022-06-16 14:12:16,485] {processor.py:642} INFO - Processing file /home/saba/airflow_venv/airflow_venv/lib/python3.6/site-packages/airflow/example_dags/tutorial_taskflow_api_etl_virtualenv.py for tasks to queue
[2022-06-16 14:12:16,487] {logging_mixin.py:109} INFO - [2022-06-16 14:12:16,487] {dagbag.py:500} INFO - Filling up the DagBag from /home/saba/airflow_venv/airflow_venv/lib/python3.6/site-packages/airflow/example_dags/tutorial_taskflow_api_etl_virtualenv.py
[2022-06-16 14:12:16,756] {logging_mixin.py:109} INFO - [2022-06-16 14:12:16,756] {tutorial_taskflow_api_etl_virtualenv.py:30} WARNING - The tutorial_taskflow_api_etl_virtualenv example DAG requires virtualenv, please install it.
[2022-06-16 14:12:16,757] {processor.py:654} WARNING - No viable dags retrieved from /home/saba/airflow_venv/airflow_venv/lib/python3.6/site-packages/airflow/example_dags/tutorial_taskflow_api_etl_virtualenv.py
[2022-06-16 14:12:16,775] {processor.py:171} INFO - Processing /home/saba/airflow_venv/airflow_venv/lib/python3.6/site-packages/airflow/example_dags/tutorial_taskflow_api_etl_virtualenv.py took 0.320 seconds
[2022-06-16 14:13:03,893] {processor.py:163} INFO - Started process (PID=4865) to work on /home/saba/airflow_venv/airflow_venv/lib/python3.6/site-packages/airflow/example_dags/tutorial_taskflow_api_etl_virtualenv.py
[2022-06-16 14:13:03,895] {processor.py:642} INFO - Processing file /home/saba/airflow_venv/airflow_venv/lib/python3.6/site-packages/airflow/example_dags/tutorial_taskflow_api_etl_virtualenv.py for tasks to queue
[2022-06-16 14:13:03,897] {logging_mixin.py:109} INFO - [2022-06-16 14:13:03,897] {dagbag.py:500} INFO - Filling up the DagBag from /home/saba/airflow_venv/airflow_venv/lib/python3.6/site-packages/airflow/example_dags/tutorial_taskflow_api_etl_virtualenv.py
[2022-06-16 14:13:04,194] {logging_mixin.py:109} INFO - [2022-06-16 14:13:04,194] {tutorial_taskflow_api_etl_virtualenv.py:30} WARNING - The tutorial_taskflow_api_etl_virtualenv example DAG requires virtualenv, please install it.
[2022-06-16 14:13:04,195] {processor.py:654} WARNING - No viable dags retrieved from /home/saba/airflow_venv/airflow_venv/lib/python3.6/site-packages/airflow/example_dags/tutorial_taskflow_api_etl_virtualenv.py
[2022-06-16 14:13:04,216] {processor.py:171} INFO - Processing /home/saba/airflow_venv/airflow_venv/lib/python3.6/site-packages/airflow/example_dags/tutorial_taskflow_api_etl_virtualenv.py took 0.330 seconds
[2022-06-16 14:13:54,744] {processor.py:163} INFO - Started process (PID=5051) to work on /home/saba/airflow_venv/airflow_venv/lib/python3.6/site-packages/airflow/example_dags/tutorial_taskflow_api_etl_virtualenv.py
[2022-06-16 14:13:54,754] {processor.py:642} INFO - Processing file /home/saba/airflow_venv/airflow_venv/lib/python3.6/site-packages/airflow/example_dags/tutorial_taskflow_api_etl_virtualenv.py for tasks to queue
[2022-06-16 14:13:54,756] {logging_mixin.py:109} INFO - [2022-06-16 14:13:54,756] {dagbag.py:500} INFO - Filling up the DagBag from /home/saba/airflow_venv/airflow_venv/lib/python3.6/site-packages/airflow/example_dags/tutorial_taskflow_api_etl_virtualenv.py
[2022-06-16 14:13:55,189] {logging_mixin.py:109} INFO - [2022-06-16 14:13:55,189] {tutorial_taskflow_api_etl_virtualenv.py:30} WARNING - The tutorial_taskflow_api_etl_virtualenv example DAG requires virtualenv, please install it.
[2022-06-16 14:13:55,190] {processor.py:654} WARNING - No viable dags retrieved from /home/saba/airflow_venv/airflow_venv/lib/python3.6/site-packages/airflow/example_dags/tutorial_taskflow_api_etl_virtualenv.py
[2022-06-16 14:13:55,233] {processor.py:171} INFO - Processing /home/saba/airflow_venv/airflow_venv/lib/python3.6/site-packages/airflow/example_dags/tutorial_taskflow_api_etl_virtualenv.py took 0.500 seconds
[2022-06-16 14:14:55,605] {processor.py:163} INFO - Started process (PID=5231) to work on /home/saba/airflow_venv/airflow_venv/lib/python3.6/site-packages/airflow/example_dags/tutorial_taskflow_api_etl_virtualenv.py
[2022-06-16 14:14:55,616] {processor.py:642} INFO - Processing file /home/saba/airflow_venv/airflow_venv/lib/python3.6/site-packages/airflow/example_dags/tutorial_taskflow_api_etl_virtualenv.py for tasks to queue
[2022-06-16 14:14:55,620] {logging_mixin.py:109} INFO - [2022-06-16 14:14:55,619] {dagbag.py:500} INFO - Filling up the DagBag from /home/saba/airflow_venv/airflow_venv/lib/python3.6/site-packages/airflow/example_dags/tutorial_taskflow_api_etl_virtualenv.py
[2022-06-16 14:14:56,254] {logging_mixin.py:109} INFO - [2022-06-16 14:14:56,254] {tutorial_taskflow_api_etl_virtualenv.py:30} WARNING - The tutorial_taskflow_api_etl_virtualenv example DAG requires virtualenv, please install it.
[2022-06-16 14:14:56,255] {processor.py:654} WARNING - No viable dags retrieved from /home/saba/airflow_venv/airflow_venv/lib/python3.6/site-packages/airflow/example_dags/tutorial_taskflow_api_etl_virtualenv.py
[2022-06-16 14:14:56,296] {processor.py:171} INFO - Processing /home/saba/airflow_venv/airflow_venv/lib/python3.6/site-packages/airflow/example_dags/tutorial_taskflow_api_etl_virtualenv.py took 0.713 seconds
[2022-06-16 14:16:20,999] {processor.py:163} INFO - Started process (PID=7341) to work on /home/saba/airflow_venv/airflow_venv/lib/python3.6/site-packages/airflow/example_dags/tutorial_taskflow_api_etl_virtualenv.py
[2022-06-16 14:16:21,005] {processor.py:642} INFO - Processing file /home/saba/airflow_venv/airflow_venv/lib/python3.6/site-packages/airflow/example_dags/tutorial_taskflow_api_etl_virtualenv.py for tasks to queue
[2022-06-16 14:16:21,010] {logging_mixin.py:109} INFO - [2022-06-16 14:16:21,009] {dagbag.py:500} INFO - Filling up the DagBag from /home/saba/airflow_venv/airflow_venv/lib/python3.6/site-packages/airflow/example_dags/tutorial_taskflow_api_etl_virtualenv.py
[2022-06-16 14:16:22,077] {logging_mixin.py:109} INFO - [2022-06-16 14:16:22,076] {tutorial_taskflow_api_etl_virtualenv.py:30} WARNING - The tutorial_taskflow_api_etl_virtualenv example DAG requires virtualenv, please install it.
[2022-06-16 14:16:22,081] {processor.py:654} WARNING - No viable dags retrieved from /home/saba/airflow_venv/airflow_venv/lib/python3.6/site-packages/airflow/example_dags/tutorial_taskflow_api_etl_virtualenv.py
[2022-06-16 14:16:22,133] {processor.py:171} INFO - Processing /home/saba/airflow_venv/airflow_venv/lib/python3.6/site-packages/airflow/example_dags/tutorial_taskflow_api_etl_virtualenv.py took 1.155 seconds
[2022-06-16 14:17:36,285] {processor.py:163} INFO - Started process (PID=7936) to work on /home/saba/airflow_venv/airflow_venv/lib/python3.6/site-packages/airflow/example_dags/tutorial_taskflow_api_etl_virtualenv.py
[2022-06-16 14:17:36,290] {processor.py:642} INFO - Processing file /home/saba/airflow_venv/airflow_venv/lib/python3.6/site-packages/airflow/example_dags/tutorial_taskflow_api_etl_virtualenv.py for tasks to queue
[2022-06-16 14:17:36,297] {logging_mixin.py:109} INFO - [2022-06-16 14:17:36,296] {dagbag.py:500} INFO - Filling up the DagBag from /home/saba/airflow_venv/airflow_venv/lib/python3.6/site-packages/airflow/example_dags/tutorial_taskflow_api_etl_virtualenv.py
[2022-06-16 14:17:36,772] {logging_mixin.py:109} INFO - [2022-06-16 14:17:36,772] {tutorial_taskflow_api_etl_virtualenv.py:30} WARNING - The tutorial_taskflow_api_etl_virtualenv example DAG requires virtualenv, please install it.
[2022-06-16 14:17:36,773] {processor.py:654} WARNING - No viable dags retrieved from /home/saba/airflow_venv/airflow_venv/lib/python3.6/site-packages/airflow/example_dags/tutorial_taskflow_api_etl_virtualenv.py
[2022-06-16 14:17:36,802] {processor.py:171} INFO - Processing /home/saba/airflow_venv/airflow_venv/lib/python3.6/site-packages/airflow/example_dags/tutorial_taskflow_api_etl_virtualenv.py took 0.530 seconds
[2022-06-16 14:18:38,194] {processor.py:163} INFO - Started process (PID=8105) to work on /home/saba/airflow_venv/airflow_venv/lib/python3.6/site-packages/airflow/example_dags/tutorial_taskflow_api_etl_virtualenv.py
[2022-06-16 14:18:38,214] {processor.py:642} INFO - Processing file /home/saba/airflow_venv/airflow_venv/lib/python3.6/site-packages/airflow/example_dags/tutorial_taskflow_api_etl_virtualenv.py for tasks to queue
[2022-06-16 14:18:38,218] {logging_mixin.py:109} INFO - [2022-06-16 14:18:38,217] {dagbag.py:500} INFO - Filling up the DagBag from /home/saba/airflow_venv/airflow_venv/lib/python3.6/site-packages/airflow/example_dags/tutorial_taskflow_api_etl_virtualenv.py
[2022-06-16 14:18:39,527] {logging_mixin.py:109} INFO - [2022-06-16 14:18:39,526] {tutorial_taskflow_api_etl_virtualenv.py:30} WARNING - The tutorial_taskflow_api_etl_virtualenv example DAG requires virtualenv, please install it.
[2022-06-16 14:18:39,531] {processor.py:654} WARNING - No viable dags retrieved from /home/saba/airflow_venv/airflow_venv/lib/python3.6/site-packages/airflow/example_dags/tutorial_taskflow_api_etl_virtualenv.py
[2022-06-16 14:18:39,582] {processor.py:171} INFO - Processing /home/saba/airflow_venv/airflow_venv/lib/python3.6/site-packages/airflow/example_dags/tutorial_taskflow_api_etl_virtualenv.py took 1.408 seconds
[2022-06-16 14:19:38,378] {processor.py:163} INFO - Started process (PID=8570) to work on /home/saba/airflow_venv/airflow_venv/lib/python3.6/site-packages/airflow/example_dags/tutorial_taskflow_api_etl_virtualenv.py
[2022-06-16 14:19:38,386] {processor.py:642} INFO - Processing file /home/saba/airflow_venv/airflow_venv/lib/python3.6/site-packages/airflow/example_dags/tutorial_taskflow_api_etl_virtualenv.py for tasks to queue
[2022-06-16 14:19:38,389] {logging_mixin.py:109} INFO - [2022-06-16 14:19:38,388] {dagbag.py:500} INFO - Filling up the DagBag from /home/saba/airflow_venv/airflow_venv/lib/python3.6/site-packages/airflow/example_dags/tutorial_taskflow_api_etl_virtualenv.py
[2022-06-16 14:19:38,845] {logging_mixin.py:109} INFO - [2022-06-16 14:19:38,843] {tutorial_taskflow_api_etl_virtualenv.py:30} WARNING - The tutorial_taskflow_api_etl_virtualenv example DAG requires virtualenv, please install it.
[2022-06-16 14:19:38,848] {processor.py:654} WARNING - No viable dags retrieved from /home/saba/airflow_venv/airflow_venv/lib/python3.6/site-packages/airflow/example_dags/tutorial_taskflow_api_etl_virtualenv.py
[2022-06-16 14:19:38,928] {processor.py:171} INFO - Processing /home/saba/airflow_venv/airflow_venv/lib/python3.6/site-packages/airflow/example_dags/tutorial_taskflow_api_etl_virtualenv.py took 0.561 seconds
[2022-06-16 14:20:58,733] {processor.py:163} INFO - Started process (PID=8901) to work on /home/saba/airflow_venv/airflow_venv/lib/python3.6/site-packages/airflow/example_dags/tutorial_taskflow_api_etl_virtualenv.py
[2022-06-16 14:20:58,739] {processor.py:642} INFO - Processing file /home/saba/airflow_venv/airflow_venv/lib/python3.6/site-packages/airflow/example_dags/tutorial_taskflow_api_etl_virtualenv.py for tasks to queue
[2022-06-16 14:20:58,753] {logging_mixin.py:109} INFO - [2022-06-16 14:20:58,753] {dagbag.py:500} INFO - Filling up the DagBag from /home/saba/airflow_venv/airflow_venv/lib/python3.6/site-packages/airflow/example_dags/tutorial_taskflow_api_etl_virtualenv.py
[2022-06-16 14:20:59,685] {logging_mixin.py:109} INFO - [2022-06-16 14:20:59,685] {tutorial_taskflow_api_etl_virtualenv.py:30} WARNING - The tutorial_taskflow_api_etl_virtualenv example DAG requires virtualenv, please install it.
[2022-06-16 14:20:59,686] {processor.py:654} WARNING - No viable dags retrieved from /home/saba/airflow_venv/airflow_venv/lib/python3.6/site-packages/airflow/example_dags/tutorial_taskflow_api_etl_virtualenv.py
[2022-06-16 14:20:59,715] {processor.py:171} INFO - Processing /home/saba/airflow_venv/airflow_venv/lib/python3.6/site-packages/airflow/example_dags/tutorial_taskflow_api_etl_virtualenv.py took 1.001 seconds
[2022-06-16 14:22:09,236] {processor.py:163} INFO - Started process (PID=9079) to work on /home/saba/airflow_venv/airflow_venv/lib/python3.6/site-packages/airflow/example_dags/tutorial_taskflow_api_etl_virtualenv.py
[2022-06-16 14:22:09,247] {processor.py:642} INFO - Processing file /home/saba/airflow_venv/airflow_venv/lib/python3.6/site-packages/airflow/example_dags/tutorial_taskflow_api_etl_virtualenv.py for tasks to queue
[2022-06-16 14:22:09,250] {logging_mixin.py:109} INFO - [2022-06-16 14:22:09,249] {dagbag.py:500} INFO - Filling up the DagBag from /home/saba/airflow_venv/airflow_venv/lib/python3.6/site-packages/airflow/example_dags/tutorial_taskflow_api_etl_virtualenv.py
[2022-06-16 14:22:09,770] {logging_mixin.py:109} INFO - [2022-06-16 14:22:09,770] {tutorial_taskflow_api_etl_virtualenv.py:30} WARNING - The tutorial_taskflow_api_etl_virtualenv example DAG requires virtualenv, please install it.
[2022-06-16 14:22:09,775] {processor.py:654} WARNING - No viable dags retrieved from /home/saba/airflow_venv/airflow_venv/lib/python3.6/site-packages/airflow/example_dags/tutorial_taskflow_api_etl_virtualenv.py
[2022-06-16 14:22:09,823] {processor.py:171} INFO - Processing /home/saba/airflow_venv/airflow_venv/lib/python3.6/site-packages/airflow/example_dags/tutorial_taskflow_api_etl_virtualenv.py took 0.598 seconds
[2022-06-16 14:23:07,246] {processor.py:163} INFO - Started process (PID=9499) to work on /home/saba/airflow_venv/airflow_venv/lib/python3.6/site-packages/airflow/example_dags/tutorial_taskflow_api_etl_virtualenv.py
[2022-06-16 14:23:07,252] {processor.py:642} INFO - Processing file /home/saba/airflow_venv/airflow_venv/lib/python3.6/site-packages/airflow/example_dags/tutorial_taskflow_api_etl_virtualenv.py for tasks to queue
[2022-06-16 14:23:07,255] {logging_mixin.py:109} INFO - [2022-06-16 14:23:07,255] {dagbag.py:500} INFO - Filling up the DagBag from /home/saba/airflow_venv/airflow_venv/lib/python3.6/site-packages/airflow/example_dags/tutorial_taskflow_api_etl_virtualenv.py
[2022-06-16 14:23:07,757] {logging_mixin.py:109} INFO - [2022-06-16 14:23:07,756] {tutorial_taskflow_api_etl_virtualenv.py:30} WARNING - The tutorial_taskflow_api_etl_virtualenv example DAG requires virtualenv, please install it.
[2022-06-16 14:23:07,758] {processor.py:654} WARNING - No viable dags retrieved from /home/saba/airflow_venv/airflow_venv/lib/python3.6/site-packages/airflow/example_dags/tutorial_taskflow_api_etl_virtualenv.py
[2022-06-16 14:23:07,807] {processor.py:171} INFO - Processing /home/saba/airflow_venv/airflow_venv/lib/python3.6/site-packages/airflow/example_dags/tutorial_taskflow_api_etl_virtualenv.py took 0.584 seconds
[2022-06-16 14:24:01,881] {processor.py:163} INFO - Started process (PID=9664) to work on /home/saba/airflow_venv/airflow_venv/lib/python3.6/site-packages/airflow/example_dags/tutorial_taskflow_api_etl_virtualenv.py
[2022-06-16 14:24:01,887] {processor.py:642} INFO - Processing file /home/saba/airflow_venv/airflow_venv/lib/python3.6/site-packages/airflow/example_dags/tutorial_taskflow_api_etl_virtualenv.py for tasks to queue
[2022-06-16 14:24:01,890] {logging_mixin.py:109} INFO - [2022-06-16 14:24:01,889] {dagbag.py:500} INFO - Filling up the DagBag from /home/saba/airflow_venv/airflow_venv/lib/python3.6/site-packages/airflow/example_dags/tutorial_taskflow_api_etl_virtualenv.py
[2022-06-16 14:24:02,272] {logging_mixin.py:109} INFO - [2022-06-16 14:24:02,271] {tutorial_taskflow_api_etl_virtualenv.py:30} WARNING - The tutorial_taskflow_api_etl_virtualenv example DAG requires virtualenv, please install it.
[2022-06-16 14:24:02,272] {processor.py:654} WARNING - No viable dags retrieved from /home/saba/airflow_venv/airflow_venv/lib/python3.6/site-packages/airflow/example_dags/tutorial_taskflow_api_etl_virtualenv.py
[2022-06-16 14:24:02,300] {processor.py:171} INFO - Processing /home/saba/airflow_venv/airflow_venv/lib/python3.6/site-packages/airflow/example_dags/tutorial_taskflow_api_etl_virtualenv.py took 0.430 seconds
[2022-06-16 14:24:57,646] {processor.py:163} INFO - Started process (PID=10038) to work on /home/saba/airflow_venv/airflow_venv/lib/python3.6/site-packages/airflow/example_dags/tutorial_taskflow_api_etl_virtualenv.py
[2022-06-16 14:24:57,651] {processor.py:642} INFO - Processing file /home/saba/airflow_venv/airflow_venv/lib/python3.6/site-packages/airflow/example_dags/tutorial_taskflow_api_etl_virtualenv.py for tasks to queue
[2022-06-16 14:24:57,653] {logging_mixin.py:109} INFO - [2022-06-16 14:24:57,653] {dagbag.py:500} INFO - Filling up the DagBag from /home/saba/airflow_venv/airflow_venv/lib/python3.6/site-packages/airflow/example_dags/tutorial_taskflow_api_etl_virtualenv.py
[2022-06-16 14:24:58,137] {logging_mixin.py:109} INFO - [2022-06-16 14:24:58,137] {tutorial_taskflow_api_etl_virtualenv.py:30} WARNING - The tutorial_taskflow_api_etl_virtualenv example DAG requires virtualenv, please install it.
[2022-06-16 14:24:58,138] {processor.py:654} WARNING - No viable dags retrieved from /home/saba/airflow_venv/airflow_venv/lib/python3.6/site-packages/airflow/example_dags/tutorial_taskflow_api_etl_virtualenv.py
[2022-06-16 14:24:58,189] {processor.py:171} INFO - Processing /home/saba/airflow_venv/airflow_venv/lib/python3.6/site-packages/airflow/example_dags/tutorial_taskflow_api_etl_virtualenv.py took 0.555 seconds
[2022-06-16 14:25:58,606] {processor.py:163} INFO - Started process (PID=10456) to work on /home/saba/airflow_venv/airflow_venv/lib/python3.6/site-packages/airflow/example_dags/tutorial_taskflow_api_etl_virtualenv.py
[2022-06-16 14:25:58,616] {processor.py:642} INFO - Processing file /home/saba/airflow_venv/airflow_venv/lib/python3.6/site-packages/airflow/example_dags/tutorial_taskflow_api_etl_virtualenv.py for tasks to queue
[2022-06-16 14:25:58,626] {logging_mixin.py:109} INFO - [2022-06-16 14:25:58,625] {dagbag.py:500} INFO - Filling up the DagBag from /home/saba/airflow_venv/airflow_venv/lib/python3.6/site-packages/airflow/example_dags/tutorial_taskflow_api_etl_virtualenv.py
[2022-06-16 14:25:59,040] {logging_mixin.py:109} INFO - [2022-06-16 14:25:59,039] {tutorial_taskflow_api_etl_virtualenv.py:30} WARNING - The tutorial_taskflow_api_etl_virtualenv example DAG requires virtualenv, please install it.
[2022-06-16 14:25:59,041] {processor.py:654} WARNING - No viable dags retrieved from /home/saba/airflow_venv/airflow_venv/lib/python3.6/site-packages/airflow/example_dags/tutorial_taskflow_api_etl_virtualenv.py
[2022-06-16 14:25:59,078] {processor.py:171} INFO - Processing /home/saba/airflow_venv/airflow_venv/lib/python3.6/site-packages/airflow/example_dags/tutorial_taskflow_api_etl_virtualenv.py took 0.498 seconds
[2022-06-16 14:27:01,450] {processor.py:163} INFO - Started process (PID=10797) to work on /home/saba/airflow_venv/airflow_venv/lib/python3.6/site-packages/airflow/example_dags/tutorial_taskflow_api_etl_virtualenv.py
[2022-06-16 14:27:01,455] {processor.py:642} INFO - Processing file /home/saba/airflow_venv/airflow_venv/lib/python3.6/site-packages/airflow/example_dags/tutorial_taskflow_api_etl_virtualenv.py for tasks to queue
[2022-06-16 14:27:01,458] {logging_mixin.py:109} INFO - [2022-06-16 14:27:01,457] {dagbag.py:500} INFO - Filling up the DagBag from /home/saba/airflow_venv/airflow_venv/lib/python3.6/site-packages/airflow/example_dags/tutorial_taskflow_api_etl_virtualenv.py
[2022-06-16 14:27:01,821] {logging_mixin.py:109} INFO - [2022-06-16 14:27:01,820] {tutorial_taskflow_api_etl_virtualenv.py:30} WARNING - The tutorial_taskflow_api_etl_virtualenv example DAG requires virtualenv, please install it.
[2022-06-16 14:27:01,821] {processor.py:654} WARNING - No viable dags retrieved from /home/saba/airflow_venv/airflow_venv/lib/python3.6/site-packages/airflow/example_dags/tutorial_taskflow_api_etl_virtualenv.py
[2022-06-16 14:27:01,851] {processor.py:171} INFO - Processing /home/saba/airflow_venv/airflow_venv/lib/python3.6/site-packages/airflow/example_dags/tutorial_taskflow_api_etl_virtualenv.py took 0.410 seconds
[2022-06-16 14:27:52,644] {processor.py:163} INFO - Started process (PID=10968) to work on /home/saba/airflow_venv/airflow_venv/lib/python3.6/site-packages/airflow/example_dags/tutorial_taskflow_api_etl_virtualenv.py
[2022-06-16 14:27:52,650] {processor.py:642} INFO - Processing file /home/saba/airflow_venv/airflow_venv/lib/python3.6/site-packages/airflow/example_dags/tutorial_taskflow_api_etl_virtualenv.py for tasks to queue
[2022-06-16 14:27:52,653] {logging_mixin.py:109} INFO - [2022-06-16 14:27:52,652] {dagbag.py:500} INFO - Filling up the DagBag from /home/saba/airflow_venv/airflow_venv/lib/python3.6/site-packages/airflow/example_dags/tutorial_taskflow_api_etl_virtualenv.py
[2022-06-16 14:27:53,143] {logging_mixin.py:109} INFO - [2022-06-16 14:27:53,142] {tutorial_taskflow_api_etl_virtualenv.py:30} WARNING - The tutorial_taskflow_api_etl_virtualenv example DAG requires virtualenv, please install it.
[2022-06-16 14:27:53,146] {processor.py:654} WARNING - No viable dags retrieved from /home/saba/airflow_venv/airflow_venv/lib/python3.6/site-packages/airflow/example_dags/tutorial_taskflow_api_etl_virtualenv.py
[2022-06-16 14:27:53,216] {processor.py:171} INFO - Processing /home/saba/airflow_venv/airflow_venv/lib/python3.6/site-packages/airflow/example_dags/tutorial_taskflow_api_etl_virtualenv.py took 0.584 seconds
[2022-06-16 14:28:43,247] {processor.py:163} INFO - Started process (PID=11491) to work on /home/saba/airflow_venv/airflow_venv/lib/python3.6/site-packages/airflow/example_dags/tutorial_taskflow_api_etl_virtualenv.py
[2022-06-16 14:28:43,254] {processor.py:642} INFO - Processing file /home/saba/airflow_venv/airflow_venv/lib/python3.6/site-packages/airflow/example_dags/tutorial_taskflow_api_etl_virtualenv.py for tasks to queue
[2022-06-16 14:28:43,258] {logging_mixin.py:109} INFO - [2022-06-16 14:28:43,257] {dagbag.py:500} INFO - Filling up the DagBag from /home/saba/airflow_venv/airflow_venv/lib/python3.6/site-packages/airflow/example_dags/tutorial_taskflow_api_etl_virtualenv.py
[2022-06-16 14:28:43,716] {logging_mixin.py:109} INFO - [2022-06-16 14:28:43,715] {tutorial_taskflow_api_etl_virtualenv.py:30} WARNING - The tutorial_taskflow_api_etl_virtualenv example DAG requires virtualenv, please install it.
[2022-06-16 14:28:43,717] {processor.py:654} WARNING - No viable dags retrieved from /home/saba/airflow_venv/airflow_venv/lib/python3.6/site-packages/airflow/example_dags/tutorial_taskflow_api_etl_virtualenv.py
[2022-06-16 14:28:43,746] {processor.py:171} INFO - Processing /home/saba/airflow_venv/airflow_venv/lib/python3.6/site-packages/airflow/example_dags/tutorial_taskflow_api_etl_virtualenv.py took 0.510 seconds
[2022-06-16 14:29:31,382] {processor.py:163} INFO - Started process (PID=11772) to work on /home/saba/airflow_venv/airflow_venv/lib/python3.6/site-packages/airflow/example_dags/tutorial_taskflow_api_etl_virtualenv.py
[2022-06-16 14:29:31,387] {processor.py:642} INFO - Processing file /home/saba/airflow_venv/airflow_venv/lib/python3.6/site-packages/airflow/example_dags/tutorial_taskflow_api_etl_virtualenv.py for tasks to queue
[2022-06-16 14:29:31,389] {logging_mixin.py:109} INFO - [2022-06-16 14:29:31,389] {dagbag.py:500} INFO - Filling up the DagBag from /home/saba/airflow_venv/airflow_venv/lib/python3.6/site-packages/airflow/example_dags/tutorial_taskflow_api_etl_virtualenv.py
[2022-06-16 14:29:31,675] {logging_mixin.py:109} INFO - [2022-06-16 14:29:31,675] {tutorial_taskflow_api_etl_virtualenv.py:30} WARNING - The tutorial_taskflow_api_etl_virtualenv example DAG requires virtualenv, please install it.
[2022-06-16 14:29:31,676] {processor.py:654} WARNING - No viable dags retrieved from /home/saba/airflow_venv/airflow_venv/lib/python3.6/site-packages/airflow/example_dags/tutorial_taskflow_api_etl_virtualenv.py
[2022-06-16 14:29:31,706] {processor.py:171} INFO - Processing /home/saba/airflow_venv/airflow_venv/lib/python3.6/site-packages/airflow/example_dags/tutorial_taskflow_api_etl_virtualenv.py took 0.334 seconds
[2022-06-16 14:30:25,778] {processor.py:163} INFO - Started process (PID=12004) to work on /home/saba/airflow_venv/airflow_venv/lib/python3.6/site-packages/airflow/example_dags/tutorial_taskflow_api_etl_virtualenv.py
[2022-06-16 14:30:25,782] {processor.py:642} INFO - Processing file /home/saba/airflow_venv/airflow_venv/lib/python3.6/site-packages/airflow/example_dags/tutorial_taskflow_api_etl_virtualenv.py for tasks to queue
[2022-06-16 14:30:25,784] {logging_mixin.py:109} INFO - [2022-06-16 14:30:25,783] {dagbag.py:500} INFO - Filling up the DagBag from /home/saba/airflow_venv/airflow_venv/lib/python3.6/site-packages/airflow/example_dags/tutorial_taskflow_api_etl_virtualenv.py
[2022-06-16 14:30:26,038] {logging_mixin.py:109} INFO - [2022-06-16 14:30:26,038] {tutorial_taskflow_api_etl_virtualenv.py:30} WARNING - The tutorial_taskflow_api_etl_virtualenv example DAG requires virtualenv, please install it.
[2022-06-16 14:30:26,039] {processor.py:654} WARNING - No viable dags retrieved from /home/saba/airflow_venv/airflow_venv/lib/python3.6/site-packages/airflow/example_dags/tutorial_taskflow_api_etl_virtualenv.py
[2022-06-16 14:30:26,060] {processor.py:171} INFO - Processing /home/saba/airflow_venv/airflow_venv/lib/python3.6/site-packages/airflow/example_dags/tutorial_taskflow_api_etl_virtualenv.py took 0.288 seconds
[2022-06-16 14:45:47,601] {processor.py:163} INFO - Started process (PID=76) to work on /home/saba/.local/lib/python3.6/site-packages/airflow/example_dags/tutorial_taskflow_api_etl_virtualenv.py
[2022-06-16 14:45:47,607] {processor.py:642} INFO - Processing file /home/saba/.local/lib/python3.6/site-packages/airflow/example_dags/tutorial_taskflow_api_etl_virtualenv.py for tasks to queue
[2022-06-16 14:45:47,609] {logging_mixin.py:109} INFO - [2022-06-16 14:45:47,608] {dagbag.py:500} INFO - Filling up the DagBag from /home/saba/.local/lib/python3.6/site-packages/airflow/example_dags/tutorial_taskflow_api_etl_virtualenv.py
[2022-06-16 14:45:48,129] {logging_mixin.py:109} INFO - [2022-06-16 14:45:48,129] {tutorial_taskflow_api_etl_virtualenv.py:30} WARNING - The tutorial_taskflow_api_etl_virtualenv example DAG requires virtualenv, please install it.
[2022-06-16 14:45:48,130] {processor.py:654} WARNING - No viable dags retrieved from /home/saba/.local/lib/python3.6/site-packages/airflow/example_dags/tutorial_taskflow_api_etl_virtualenv.py
[2022-06-16 14:45:48,163] {processor.py:171} INFO - Processing /home/saba/.local/lib/python3.6/site-packages/airflow/example_dags/tutorial_taskflow_api_etl_virtualenv.py took 0.573 seconds
[2022-06-16 14:46:36,079] {processor.py:163} INFO - Started process (PID=121) to work on /home/saba/.local/lib/python3.6/site-packages/airflow/example_dags/tutorial_taskflow_api_etl_virtualenv.py
[2022-06-16 14:46:36,086] {processor.py:642} INFO - Processing file /home/saba/.local/lib/python3.6/site-packages/airflow/example_dags/tutorial_taskflow_api_etl_virtualenv.py for tasks to queue
[2022-06-16 14:46:36,091] {logging_mixin.py:109} INFO - [2022-06-16 14:46:36,090] {dagbag.py:500} INFO - Filling up the DagBag from /home/saba/.local/lib/python3.6/site-packages/airflow/example_dags/tutorial_taskflow_api_etl_virtualenv.py
[2022-06-16 14:46:37,003] {logging_mixin.py:109} INFO - [2022-06-16 14:46:37,002] {tutorial_taskflow_api_etl_virtualenv.py:30} WARNING - The tutorial_taskflow_api_etl_virtualenv example DAG requires virtualenv, please install it.
[2022-06-16 14:46:37,005] {processor.py:654} WARNING - No viable dags retrieved from /home/saba/.local/lib/python3.6/site-packages/airflow/example_dags/tutorial_taskflow_api_etl_virtualenv.py
[2022-06-16 14:46:37,063] {processor.py:171} INFO - Processing /home/saba/.local/lib/python3.6/site-packages/airflow/example_dags/tutorial_taskflow_api_etl_virtualenv.py took 1.001 seconds
[2022-06-16 14:47:43,721] {processor.py:163} INFO - Started process (PID=206) to work on /home/saba/.local/lib/python3.6/site-packages/airflow/example_dags/tutorial_taskflow_api_etl_virtualenv.py
[2022-06-16 14:47:43,731] {processor.py:642} INFO - Processing file /home/saba/.local/lib/python3.6/site-packages/airflow/example_dags/tutorial_taskflow_api_etl_virtualenv.py for tasks to queue
[2022-06-16 14:47:43,734] {logging_mixin.py:109} INFO - [2022-06-16 14:47:43,733] {dagbag.py:500} INFO - Filling up the DagBag from /home/saba/.local/lib/python3.6/site-packages/airflow/example_dags/tutorial_taskflow_api_etl_virtualenv.py
[2022-06-16 14:47:44,217] {logging_mixin.py:109} INFO - [2022-06-16 14:47:44,217] {tutorial_taskflow_api_etl_virtualenv.py:30} WARNING - The tutorial_taskflow_api_etl_virtualenv example DAG requires virtualenv, please install it.
[2022-06-16 14:47:44,218] {processor.py:654} WARNING - No viable dags retrieved from /home/saba/.local/lib/python3.6/site-packages/airflow/example_dags/tutorial_taskflow_api_etl_virtualenv.py
[2022-06-16 14:47:44,251] {processor.py:171} INFO - Processing /home/saba/.local/lib/python3.6/site-packages/airflow/example_dags/tutorial_taskflow_api_etl_virtualenv.py took 0.547 seconds
[2022-06-16 14:48:51,664] {processor.py:163} INFO - Started process (PID=2346) to work on /home/saba/.local/lib/python3.6/site-packages/airflow/example_dags/tutorial_taskflow_api_etl_virtualenv.py
[2022-06-16 14:48:51,669] {processor.py:642} INFO - Processing file /home/saba/.local/lib/python3.6/site-packages/airflow/example_dags/tutorial_taskflow_api_etl_virtualenv.py for tasks to queue
[2022-06-16 14:48:51,672] {logging_mixin.py:109} INFO - [2022-06-16 14:48:51,671] {dagbag.py:500} INFO - Filling up the DagBag from /home/saba/.local/lib/python3.6/site-packages/airflow/example_dags/tutorial_taskflow_api_etl_virtualenv.py
[2022-06-16 14:48:52,069] {logging_mixin.py:109} INFO - [2022-06-16 14:48:52,069] {tutorial_taskflow_api_etl_virtualenv.py:30} WARNING - The tutorial_taskflow_api_etl_virtualenv example DAG requires virtualenv, please install it.
[2022-06-16 14:48:52,071] {processor.py:654} WARNING - No viable dags retrieved from /home/saba/.local/lib/python3.6/site-packages/airflow/example_dags/tutorial_taskflow_api_etl_virtualenv.py
[2022-06-16 14:48:52,122] {processor.py:171} INFO - Processing /home/saba/.local/lib/python3.6/site-packages/airflow/example_dags/tutorial_taskflow_api_etl_virtualenv.py took 0.469 seconds
[2022-06-16 14:49:40,572] {processor.py:163} INFO - Started process (PID=2380) to work on /home/saba/.local/lib/python3.6/site-packages/airflow/example_dags/tutorial_taskflow_api_etl_virtualenv.py
[2022-06-16 14:49:40,577] {processor.py:642} INFO - Processing file /home/saba/.local/lib/python3.6/site-packages/airflow/example_dags/tutorial_taskflow_api_etl_virtualenv.py for tasks to queue
[2022-06-16 14:49:40,579] {logging_mixin.py:109} INFO - [2022-06-16 14:49:40,579] {dagbag.py:500} INFO - Filling up the DagBag from /home/saba/.local/lib/python3.6/site-packages/airflow/example_dags/tutorial_taskflow_api_etl_virtualenv.py
[2022-06-16 14:49:41,022] {logging_mixin.py:109} INFO - [2022-06-16 14:49:41,022] {tutorial_taskflow_api_etl_virtualenv.py:30} WARNING - The tutorial_taskflow_api_etl_virtualenv example DAG requires virtualenv, please install it.
[2022-06-16 14:49:41,028] {processor.py:654} WARNING - No viable dags retrieved from /home/saba/.local/lib/python3.6/site-packages/airflow/example_dags/tutorial_taskflow_api_etl_virtualenv.py
[2022-06-16 14:49:41,148] {processor.py:171} INFO - Processing /home/saba/.local/lib/python3.6/site-packages/airflow/example_dags/tutorial_taskflow_api_etl_virtualenv.py took 0.585 seconds
[2022-06-16 14:50:23,226] {processor.py:163} INFO - Started process (PID=2634) to work on /home/saba/.local/lib/python3.6/site-packages/airflow/example_dags/tutorial_taskflow_api_etl_virtualenv.py
[2022-06-16 14:50:23,229] {processor.py:642} INFO - Processing file /home/saba/.local/lib/python3.6/site-packages/airflow/example_dags/tutorial_taskflow_api_etl_virtualenv.py for tasks to queue
[2022-06-16 14:50:23,230] {logging_mixin.py:109} INFO - [2022-06-16 14:50:23,229] {dagbag.py:500} INFO - Filling up the DagBag from /home/saba/.local/lib/python3.6/site-packages/airflow/example_dags/tutorial_taskflow_api_etl_virtualenv.py
[2022-06-16 14:50:23,455] {logging_mixin.py:109} INFO - [2022-06-16 14:50:23,455] {tutorial_taskflow_api_etl_virtualenv.py:30} WARNING - The tutorial_taskflow_api_etl_virtualenv example DAG requires virtualenv, please install it.
[2022-06-16 14:50:23,455] {processor.py:654} WARNING - No viable dags retrieved from /home/saba/.local/lib/python3.6/site-packages/airflow/example_dags/tutorial_taskflow_api_etl_virtualenv.py
[2022-06-16 14:50:23,471] {processor.py:171} INFO - Processing /home/saba/.local/lib/python3.6/site-packages/airflow/example_dags/tutorial_taskflow_api_etl_virtualenv.py took 0.249 seconds
[2022-06-16 14:51:05,148] {processor.py:163} INFO - Started process (PID=2683) to work on /home/saba/.local/lib/python3.6/site-packages/airflow/example_dags/tutorial_taskflow_api_etl_virtualenv.py
[2022-06-16 14:51:05,152] {processor.py:642} INFO - Processing file /home/saba/.local/lib/python3.6/site-packages/airflow/example_dags/tutorial_taskflow_api_etl_virtualenv.py for tasks to queue
[2022-06-16 14:51:05,156] {logging_mixin.py:109} INFO - [2022-06-16 14:51:05,155] {dagbag.py:500} INFO - Filling up the DagBag from /home/saba/.local/lib/python3.6/site-packages/airflow/example_dags/tutorial_taskflow_api_etl_virtualenv.py
[2022-06-16 14:51:05,457] {logging_mixin.py:109} INFO - [2022-06-16 14:51:05,457] {tutorial_taskflow_api_etl_virtualenv.py:30} WARNING - The tutorial_taskflow_api_etl_virtualenv example DAG requires virtualenv, please install it.
[2022-06-16 14:51:05,458] {processor.py:654} WARNING - No viable dags retrieved from /home/saba/.local/lib/python3.6/site-packages/airflow/example_dags/tutorial_taskflow_api_etl_virtualenv.py
[2022-06-16 14:51:05,476] {processor.py:171} INFO - Processing /home/saba/.local/lib/python3.6/site-packages/airflow/example_dags/tutorial_taskflow_api_etl_virtualenv.py took 0.337 seconds
[2022-06-16 14:51:47,038] {processor.py:163} INFO - Started process (PID=2743) to work on /home/saba/.local/lib/python3.6/site-packages/airflow/example_dags/tutorial_taskflow_api_etl_virtualenv.py
[2022-06-16 14:51:47,040] {processor.py:642} INFO - Processing file /home/saba/.local/lib/python3.6/site-packages/airflow/example_dags/tutorial_taskflow_api_etl_virtualenv.py for tasks to queue
[2022-06-16 14:51:47,041] {logging_mixin.py:109} INFO - [2022-06-16 14:51:47,041] {dagbag.py:500} INFO - Filling up the DagBag from /home/saba/.local/lib/python3.6/site-packages/airflow/example_dags/tutorial_taskflow_api_etl_virtualenv.py
[2022-06-16 14:51:47,211] {logging_mixin.py:109} INFO - [2022-06-16 14:51:47,211] {tutorial_taskflow_api_etl_virtualenv.py:30} WARNING - The tutorial_taskflow_api_etl_virtualenv example DAG requires virtualenv, please install it.
[2022-06-16 14:51:47,211] {processor.py:654} WARNING - No viable dags retrieved from /home/saba/.local/lib/python3.6/site-packages/airflow/example_dags/tutorial_taskflow_api_etl_virtualenv.py
[2022-06-16 14:51:47,225] {processor.py:171} INFO - Processing /home/saba/.local/lib/python3.6/site-packages/airflow/example_dags/tutorial_taskflow_api_etl_virtualenv.py took 0.191 seconds
[2022-06-16 14:52:27,342] {processor.py:163} INFO - Started process (PID=2986) to work on /home/saba/.local/lib/python3.6/site-packages/airflow/example_dags/tutorial_taskflow_api_etl_virtualenv.py
[2022-06-16 14:52:27,354] {processor.py:642} INFO - Processing file /home/saba/.local/lib/python3.6/site-packages/airflow/example_dags/tutorial_taskflow_api_etl_virtualenv.py for tasks to queue
[2022-06-16 14:52:27,356] {logging_mixin.py:109} INFO - [2022-06-16 14:52:27,356] {dagbag.py:500} INFO - Filling up the DagBag from /home/saba/.local/lib/python3.6/site-packages/airflow/example_dags/tutorial_taskflow_api_etl_virtualenv.py
[2022-06-16 14:52:27,668] {logging_mixin.py:109} INFO - [2022-06-16 14:52:27,668] {tutorial_taskflow_api_etl_virtualenv.py:30} WARNING - The tutorial_taskflow_api_etl_virtualenv example DAG requires virtualenv, please install it.
[2022-06-16 14:52:27,669] {processor.py:654} WARNING - No viable dags retrieved from /home/saba/.local/lib/python3.6/site-packages/airflow/example_dags/tutorial_taskflow_api_etl_virtualenv.py
[2022-06-16 14:52:27,689] {processor.py:171} INFO - Processing /home/saba/.local/lib/python3.6/site-packages/airflow/example_dags/tutorial_taskflow_api_etl_virtualenv.py took 0.356 seconds
[2022-06-16 14:53:07,772] {processor.py:163} INFO - Started process (PID=3280) to work on /home/saba/.local/lib/python3.6/site-packages/airflow/example_dags/tutorial_taskflow_api_etl_virtualenv.py
[2022-06-16 14:53:07,774] {processor.py:642} INFO - Processing file /home/saba/.local/lib/python3.6/site-packages/airflow/example_dags/tutorial_taskflow_api_etl_virtualenv.py for tasks to queue
[2022-06-16 14:53:07,776] {logging_mixin.py:109} INFO - [2022-06-16 14:53:07,776] {dagbag.py:500} INFO - Filling up the DagBag from /home/saba/.local/lib/python3.6/site-packages/airflow/example_dags/tutorial_taskflow_api_etl_virtualenv.py
[2022-06-16 14:53:08,027] {logging_mixin.py:109} INFO - [2022-06-16 14:53:08,026] {tutorial_taskflow_api_etl_virtualenv.py:30} WARNING - The tutorial_taskflow_api_etl_virtualenv example DAG requires virtualenv, please install it.
[2022-06-16 14:53:08,027] {processor.py:654} WARNING - No viable dags retrieved from /home/saba/.local/lib/python3.6/site-packages/airflow/example_dags/tutorial_taskflow_api_etl_virtualenv.py
[2022-06-16 14:53:08,043] {processor.py:171} INFO - Processing /home/saba/.local/lib/python3.6/site-packages/airflow/example_dags/tutorial_taskflow_api_etl_virtualenv.py took 0.278 seconds
[2022-06-16 14:53:43,603] {processor.py:163} INFO - Started process (PID=3312) to work on /home/saba/.local/lib/python3.6/site-packages/airflow/example_dags/tutorial_taskflow_api_etl_virtualenv.py
[2022-06-16 14:53:43,605] {processor.py:642} INFO - Processing file /home/saba/.local/lib/python3.6/site-packages/airflow/example_dags/tutorial_taskflow_api_etl_virtualenv.py for tasks to queue
[2022-06-16 14:53:43,606] {logging_mixin.py:109} INFO - [2022-06-16 14:53:43,606] {dagbag.py:500} INFO - Filling up the DagBag from /home/saba/.local/lib/python3.6/site-packages/airflow/example_dags/tutorial_taskflow_api_etl_virtualenv.py
[2022-06-16 14:53:43,767] {logging_mixin.py:109} INFO - [2022-06-16 14:53:43,767] {tutorial_taskflow_api_etl_virtualenv.py:30} WARNING - The tutorial_taskflow_api_etl_virtualenv example DAG requires virtualenv, please install it.
[2022-06-16 14:53:43,768] {processor.py:654} WARNING - No viable dags retrieved from /home/saba/.local/lib/python3.6/site-packages/airflow/example_dags/tutorial_taskflow_api_etl_virtualenv.py
[2022-06-16 14:53:43,780] {processor.py:171} INFO - Processing /home/saba/.local/lib/python3.6/site-packages/airflow/example_dags/tutorial_taskflow_api_etl_virtualenv.py took 0.181 seconds
[2022-06-16 14:54:25,574] {processor.py:163} INFO - Started process (PID=3587) to work on /home/saba/.local/lib/python3.6/site-packages/airflow/example_dags/tutorial_taskflow_api_etl_virtualenv.py
[2022-06-16 14:54:25,577] {processor.py:642} INFO - Processing file /home/saba/.local/lib/python3.6/site-packages/airflow/example_dags/tutorial_taskflow_api_etl_virtualenv.py for tasks to queue
[2022-06-16 14:54:25,578] {logging_mixin.py:109} INFO - [2022-06-16 14:54:25,578] {dagbag.py:500} INFO - Filling up the DagBag from /home/saba/.local/lib/python3.6/site-packages/airflow/example_dags/tutorial_taskflow_api_etl_virtualenv.py
[2022-06-16 14:54:25,784] {logging_mixin.py:109} INFO - [2022-06-16 14:54:25,784] {tutorial_taskflow_api_etl_virtualenv.py:30} WARNING - The tutorial_taskflow_api_etl_virtualenv example DAG requires virtualenv, please install it.
[2022-06-16 14:54:25,785] {processor.py:654} WARNING - No viable dags retrieved from /home/saba/.local/lib/python3.6/site-packages/airflow/example_dags/tutorial_taskflow_api_etl_virtualenv.py
[2022-06-16 14:54:25,796] {processor.py:171} INFO - Processing /home/saba/.local/lib/python3.6/site-packages/airflow/example_dags/tutorial_taskflow_api_etl_virtualenv.py took 0.227 seconds
[2022-06-16 14:55:02,961] {processor.py:163} INFO - Started process (PID=3883) to work on /home/saba/.local/lib/python3.6/site-packages/airflow/example_dags/tutorial_taskflow_api_etl_virtualenv.py
[2022-06-16 14:55:02,963] {processor.py:642} INFO - Processing file /home/saba/.local/lib/python3.6/site-packages/airflow/example_dags/tutorial_taskflow_api_etl_virtualenv.py for tasks to queue
[2022-06-16 14:55:02,964] {logging_mixin.py:109} INFO - [2022-06-16 14:55:02,964] {dagbag.py:500} INFO - Filling up the DagBag from /home/saba/.local/lib/python3.6/site-packages/airflow/example_dags/tutorial_taskflow_api_etl_virtualenv.py
[2022-06-16 14:55:03,182] {logging_mixin.py:109} INFO - [2022-06-16 14:55:03,182] {tutorial_taskflow_api_etl_virtualenv.py:30} WARNING - The tutorial_taskflow_api_etl_virtualenv example DAG requires virtualenv, please install it.
[2022-06-16 14:55:03,182] {processor.py:654} WARNING - No viable dags retrieved from /home/saba/.local/lib/python3.6/site-packages/airflow/example_dags/tutorial_taskflow_api_etl_virtualenv.py
[2022-06-16 14:55:03,194] {processor.py:171} INFO - Processing /home/saba/.local/lib/python3.6/site-packages/airflow/example_dags/tutorial_taskflow_api_etl_virtualenv.py took 0.238 seconds
[2022-06-16 14:55:43,127] {processor.py:163} INFO - Started process (PID=3969) to work on /home/saba/.local/lib/python3.6/site-packages/airflow/example_dags/tutorial_taskflow_api_etl_virtualenv.py
[2022-06-16 14:55:43,130] {processor.py:642} INFO - Processing file /home/saba/.local/lib/python3.6/site-packages/airflow/example_dags/tutorial_taskflow_api_etl_virtualenv.py for tasks to queue
[2022-06-16 14:55:43,132] {logging_mixin.py:109} INFO - [2022-06-16 14:55:43,131] {dagbag.py:500} INFO - Filling up the DagBag from /home/saba/.local/lib/python3.6/site-packages/airflow/example_dags/tutorial_taskflow_api_etl_virtualenv.py
[2022-06-16 14:55:43,437] {logging_mixin.py:109} INFO - [2022-06-16 14:55:43,437] {tutorial_taskflow_api_etl_virtualenv.py:30} WARNING - The tutorial_taskflow_api_etl_virtualenv example DAG requires virtualenv, please install it.
[2022-06-16 14:55:43,438] {processor.py:654} WARNING - No viable dags retrieved from /home/saba/.local/lib/python3.6/site-packages/airflow/example_dags/tutorial_taskflow_api_etl_virtualenv.py
[2022-06-16 14:55:43,475] {processor.py:171} INFO - Processing /home/saba/.local/lib/python3.6/site-packages/airflow/example_dags/tutorial_taskflow_api_etl_virtualenv.py took 0.354 seconds
[2022-06-16 14:56:38,536] {processor.py:163} INFO - Started process (PID=4286) to work on /home/saba/.local/lib/python3.6/site-packages/airflow/example_dags/tutorial_taskflow_api_etl_virtualenv.py
[2022-06-16 14:56:38,539] {processor.py:642} INFO - Processing file /home/saba/.local/lib/python3.6/site-packages/airflow/example_dags/tutorial_taskflow_api_etl_virtualenv.py for tasks to queue
[2022-06-16 14:56:38,541] {logging_mixin.py:109} INFO - [2022-06-16 14:56:38,540] {dagbag.py:500} INFO - Filling up the DagBag from /home/saba/.local/lib/python3.6/site-packages/airflow/example_dags/tutorial_taskflow_api_etl_virtualenv.py
[2022-06-16 14:56:38,837] {logging_mixin.py:109} INFO - [2022-06-16 14:56:38,837] {tutorial_taskflow_api_etl_virtualenv.py:30} WARNING - The tutorial_taskflow_api_etl_virtualenv example DAG requires virtualenv, please install it.
[2022-06-16 14:56:38,838] {processor.py:654} WARNING - No viable dags retrieved from /home/saba/.local/lib/python3.6/site-packages/airflow/example_dags/tutorial_taskflow_api_etl_virtualenv.py
[2022-06-16 14:56:38,855] {processor.py:171} INFO - Processing /home/saba/.local/lib/python3.6/site-packages/airflow/example_dags/tutorial_taskflow_api_etl_virtualenv.py took 0.328 seconds
[2022-06-16 14:57:27,762] {processor.py:163} INFO - Started process (PID=7068) to work on /home/saba/.local/lib/python3.6/site-packages/airflow/example_dags/tutorial_taskflow_api_etl_virtualenv.py
[2022-06-16 14:57:27,766] {processor.py:642} INFO - Processing file /home/saba/.local/lib/python3.6/site-packages/airflow/example_dags/tutorial_taskflow_api_etl_virtualenv.py for tasks to queue
[2022-06-16 14:57:27,769] {logging_mixin.py:109} INFO - [2022-06-16 14:57:27,768] {dagbag.py:500} INFO - Filling up the DagBag from /home/saba/.local/lib/python3.6/site-packages/airflow/example_dags/tutorial_taskflow_api_etl_virtualenv.py
[2022-06-16 14:57:28,017] {logging_mixin.py:109} INFO - [2022-06-16 14:57:28,017] {tutorial_taskflow_api_etl_virtualenv.py:30} WARNING - The tutorial_taskflow_api_etl_virtualenv example DAG requires virtualenv, please install it.
[2022-06-16 14:57:28,018] {processor.py:654} WARNING - No viable dags retrieved from /home/saba/.local/lib/python3.6/site-packages/airflow/example_dags/tutorial_taskflow_api_etl_virtualenv.py
[2022-06-16 14:57:28,040] {processor.py:171} INFO - Processing /home/saba/.local/lib/python3.6/site-packages/airflow/example_dags/tutorial_taskflow_api_etl_virtualenv.py took 0.288 seconds
