[2022-06-17 22:07:05,097] {processor.py:163} INFO - Started process (PID=1629) to work on /home/saba/.local/lib/python3.6/site-packages/airflow/example_dags/example_time_delta_sensor_async.py
[2022-06-17 22:07:05,108] {processor.py:642} INFO - Processing file /home/saba/.local/lib/python3.6/site-packages/airflow/example_dags/example_time_delta_sensor_async.py for tasks to queue
[2022-06-17 22:07:05,114] {logging_mixin.py:109} INFO - [2022-06-17 22:07:05,113] {dagbag.py:500} INFO - Filling up the DagBag from /home/saba/.local/lib/python3.6/site-packages/airflow/example_dags/example_time_delta_sensor_async.py
[2022-06-17 22:07:05,245] {processor.py:652} INFO - DAG(s) dict_keys(['example_time_delta_sensor_async']) retrieved from /home/saba/.local/lib/python3.6/site-packages/airflow/example_dags/example_time_delta_sensor_async.py
[2022-06-17 22:07:05,381] {logging_mixin.py:109} INFO - [2022-06-17 22:07:05,375] {dag.py:2398} INFO - Sync 1 DAGs
[2022-06-17 22:07:05,526] {logging_mixin.py:109} INFO - [2022-06-17 22:07:05,525] {dag.py:2937} INFO - Setting next_dagrun for example_time_delta_sensor_async to None
[2022-06-17 22:07:05,641] {processor.py:171} INFO - Processing /home/saba/.local/lib/python3.6/site-packages/airflow/example_dags/example_time_delta_sensor_async.py took 0.566 seconds
[2022-06-17 22:08:02,131] {processor.py:163} INFO - Started process (PID=1863) to work on /home/saba/.local/lib/python3.6/site-packages/airflow/example_dags/example_time_delta_sensor_async.py
[2022-06-17 22:08:02,134] {processor.py:642} INFO - Processing file /home/saba/.local/lib/python3.6/site-packages/airflow/example_dags/example_time_delta_sensor_async.py for tasks to queue
[2022-06-17 22:08:02,136] {logging_mixin.py:109} INFO - [2022-06-17 22:08:02,136] {dagbag.py:500} INFO - Filling up the DagBag from /home/saba/.local/lib/python3.6/site-packages/airflow/example_dags/example_time_delta_sensor_async.py
[2022-06-17 22:08:02,191] {processor.py:652} INFO - DAG(s) dict_keys(['example_time_delta_sensor_async']) retrieved from /home/saba/.local/lib/python3.6/site-packages/airflow/example_dags/example_time_delta_sensor_async.py
[2022-06-17 22:08:02,227] {logging_mixin.py:109} INFO - [2022-06-17 22:08:02,226] {dag.py:2398} INFO - Sync 1 DAGs
[2022-06-17 22:08:02,276] {logging_mixin.py:109} INFO - [2022-06-17 22:08:02,275] {dag.py:2937} INFO - Setting next_dagrun for example_time_delta_sensor_async to None
[2022-06-17 22:08:02,313] {processor.py:171} INFO - Processing /home/saba/.local/lib/python3.6/site-packages/airflow/example_dags/example_time_delta_sensor_async.py took 0.190 seconds
[2022-06-17 22:08:47,766] {processor.py:163} INFO - Started process (PID=2089) to work on /home/saba/.local/lib/python3.6/site-packages/airflow/example_dags/example_time_delta_sensor_async.py
[2022-06-17 22:08:47,770] {processor.py:642} INFO - Processing file /home/saba/.local/lib/python3.6/site-packages/airflow/example_dags/example_time_delta_sensor_async.py for tasks to queue
[2022-06-17 22:08:47,772] {logging_mixin.py:109} INFO - [2022-06-17 22:08:47,772] {dagbag.py:500} INFO - Filling up the DagBag from /home/saba/.local/lib/python3.6/site-packages/airflow/example_dags/example_time_delta_sensor_async.py
[2022-06-17 22:08:47,825] {processor.py:652} INFO - DAG(s) dict_keys(['example_time_delta_sensor_async']) retrieved from /home/saba/.local/lib/python3.6/site-packages/airflow/example_dags/example_time_delta_sensor_async.py
[2022-06-17 22:08:47,867] {logging_mixin.py:109} INFO - [2022-06-17 22:08:47,867] {dag.py:2398} INFO - Sync 1 DAGs
[2022-06-17 22:08:47,927] {logging_mixin.py:109} INFO - [2022-06-17 22:08:47,927] {dag.py:2937} INFO - Setting next_dagrun for example_time_delta_sensor_async to None
[2022-06-17 22:08:47,970] {processor.py:171} INFO - Processing /home/saba/.local/lib/python3.6/site-packages/airflow/example_dags/example_time_delta_sensor_async.py took 0.212 seconds
[2022-06-17 22:09:49,216] {processor.py:163} INFO - Started process (PID=2385) to work on /home/saba/.local/lib/python3.6/site-packages/airflow/example_dags/example_time_delta_sensor_async.py
[2022-06-17 22:09:49,225] {processor.py:642} INFO - Processing file /home/saba/.local/lib/python3.6/site-packages/airflow/example_dags/example_time_delta_sensor_async.py for tasks to queue
[2022-06-17 22:09:49,229] {logging_mixin.py:109} INFO - [2022-06-17 22:09:49,228] {dagbag.py:500} INFO - Filling up the DagBag from /home/saba/.local/lib/python3.6/site-packages/airflow/example_dags/example_time_delta_sensor_async.py
[2022-06-17 22:09:49,363] {processor.py:652} INFO - DAG(s) dict_keys(['example_time_delta_sensor_async']) retrieved from /home/saba/.local/lib/python3.6/site-packages/airflow/example_dags/example_time_delta_sensor_async.py
[2022-06-17 22:09:49,477] {logging_mixin.py:109} INFO - [2022-06-17 22:09:49,476] {dag.py:2398} INFO - Sync 1 DAGs
[2022-06-17 22:09:49,572] {logging_mixin.py:109} INFO - [2022-06-17 22:09:49,571] {dag.py:2937} INFO - Setting next_dagrun for example_time_delta_sensor_async to None
[2022-06-17 22:09:49,622] {processor.py:171} INFO - Processing /home/saba/.local/lib/python3.6/site-packages/airflow/example_dags/example_time_delta_sensor_async.py took 0.422 seconds
[2022-06-17 22:18:03,966] {processor.py:163} INFO - Started process (PID=165) to work on /home/saba/.local/lib/python3.6/site-packages/airflow/example_dags/example_time_delta_sensor_async.py
[2022-06-17 22:18:03,971] {processor.py:642} INFO - Processing file /home/saba/.local/lib/python3.6/site-packages/airflow/example_dags/example_time_delta_sensor_async.py for tasks to queue
[2022-06-17 22:18:03,974] {logging_mixin.py:109} INFO - [2022-06-17 22:18:03,973] {dagbag.py:500} INFO - Filling up the DagBag from /home/saba/.local/lib/python3.6/site-packages/airflow/example_dags/example_time_delta_sensor_async.py
[2022-06-17 22:18:04,038] {processor.py:652} INFO - DAG(s) dict_keys(['example_time_delta_sensor_async']) retrieved from /home/saba/.local/lib/python3.6/site-packages/airflow/example_dags/example_time_delta_sensor_async.py
[2022-06-17 22:18:04,099] {logging_mixin.py:109} INFO - [2022-06-17 22:18:04,099] {dag.py:2398} INFO - Sync 1 DAGs
[2022-06-17 22:18:04,169] {logging_mixin.py:109} INFO - [2022-06-17 22:18:04,169] {dag.py:2937} INFO - Setting next_dagrun for example_time_delta_sensor_async to None
[2022-06-17 22:18:04,224] {processor.py:171} INFO - Processing /home/saba/.local/lib/python3.6/site-packages/airflow/example_dags/example_time_delta_sensor_async.py took 0.266 seconds
[2022-06-17 22:18:48,269] {processor.py:163} INFO - Started process (PID=221) to work on /home/saba/.local/lib/python3.6/site-packages/airflow/example_dags/example_time_delta_sensor_async.py
[2022-06-17 22:18:48,273] {processor.py:642} INFO - Processing file /home/saba/.local/lib/python3.6/site-packages/airflow/example_dags/example_time_delta_sensor_async.py for tasks to queue
[2022-06-17 22:18:48,274] {logging_mixin.py:109} INFO - [2022-06-17 22:18:48,274] {dagbag.py:500} INFO - Filling up the DagBag from /home/saba/.local/lib/python3.6/site-packages/airflow/example_dags/example_time_delta_sensor_async.py
[2022-06-17 22:18:48,320] {processor.py:652} INFO - DAG(s) dict_keys(['example_time_delta_sensor_async']) retrieved from /home/saba/.local/lib/python3.6/site-packages/airflow/example_dags/example_time_delta_sensor_async.py
[2022-06-17 22:18:48,357] {logging_mixin.py:109} INFO - [2022-06-17 22:18:48,356] {dag.py:2398} INFO - Sync 1 DAGs
[2022-06-17 22:18:48,402] {logging_mixin.py:109} INFO - [2022-06-17 22:18:48,402] {dag.py:2937} INFO - Setting next_dagrun for example_time_delta_sensor_async to None
[2022-06-17 22:18:48,435] {processor.py:171} INFO - Processing /home/saba/.local/lib/python3.6/site-packages/airflow/example_dags/example_time_delta_sensor_async.py took 0.173 seconds
[2022-06-17 22:19:41,417] {processor.py:163} INFO - Started process (PID=3456) to work on /home/saba/.local/lib/python3.6/site-packages/airflow/example_dags/example_time_delta_sensor_async.py
[2022-06-17 22:19:41,422] {processor.py:642} INFO - Processing file /home/saba/.local/lib/python3.6/site-packages/airflow/example_dags/example_time_delta_sensor_async.py for tasks to queue
[2022-06-17 22:19:41,425] {logging_mixin.py:109} INFO - [2022-06-17 22:19:41,424] {dagbag.py:500} INFO - Filling up the DagBag from /home/saba/.local/lib/python3.6/site-packages/airflow/example_dags/example_time_delta_sensor_async.py
[2022-06-17 22:19:41,545] {processor.py:652} INFO - DAG(s) dict_keys(['example_time_delta_sensor_async']) retrieved from /home/saba/.local/lib/python3.6/site-packages/airflow/example_dags/example_time_delta_sensor_async.py
[2022-06-17 22:19:41,615] {logging_mixin.py:109} INFO - [2022-06-17 22:19:41,615] {dag.py:2398} INFO - Sync 1 DAGs
[2022-06-17 22:19:41,723] {logging_mixin.py:109} INFO - [2022-06-17 22:19:41,723] {dag.py:2937} INFO - Setting next_dagrun for example_time_delta_sensor_async to None
[2022-06-17 22:19:41,816] {processor.py:171} INFO - Processing /home/saba/.local/lib/python3.6/site-packages/airflow/example_dags/example_time_delta_sensor_async.py took 0.414 seconds
[2022-06-17 22:20:23,042] {processor.py:163} INFO - Started process (PID=3547) to work on /home/saba/.local/lib/python3.6/site-packages/airflow/example_dags/example_time_delta_sensor_async.py
[2022-06-17 22:20:23,044] {processor.py:642} INFO - Processing file /home/saba/.local/lib/python3.6/site-packages/airflow/example_dags/example_time_delta_sensor_async.py for tasks to queue
[2022-06-17 22:20:23,045] {logging_mixin.py:109} INFO - [2022-06-17 22:20:23,045] {dagbag.py:500} INFO - Filling up the DagBag from /home/saba/.local/lib/python3.6/site-packages/airflow/example_dags/example_time_delta_sensor_async.py
[2022-06-17 22:20:23,068] {processor.py:652} INFO - DAG(s) dict_keys(['example_time_delta_sensor_async']) retrieved from /home/saba/.local/lib/python3.6/site-packages/airflow/example_dags/example_time_delta_sensor_async.py
[2022-06-17 22:20:23,084] {logging_mixin.py:109} INFO - [2022-06-17 22:20:23,083] {dag.py:2398} INFO - Sync 1 DAGs
[2022-06-17 22:20:23,102] {logging_mixin.py:109} INFO - [2022-06-17 22:20:23,102] {dag.py:2937} INFO - Setting next_dagrun for example_time_delta_sensor_async to None
[2022-06-17 22:20:23,119] {processor.py:171} INFO - Processing /home/saba/.local/lib/python3.6/site-packages/airflow/example_dags/example_time_delta_sensor_async.py took 0.080 seconds
[2022-06-17 22:21:00,220] {processor.py:163} INFO - Started process (PID=3599) to work on /home/saba/.local/lib/python3.6/site-packages/airflow/example_dags/example_time_delta_sensor_async.py
[2022-06-17 22:21:00,222] {processor.py:642} INFO - Processing file /home/saba/.local/lib/python3.6/site-packages/airflow/example_dags/example_time_delta_sensor_async.py for tasks to queue
[2022-06-17 22:21:00,223] {logging_mixin.py:109} INFO - [2022-06-17 22:21:00,223] {dagbag.py:500} INFO - Filling up the DagBag from /home/saba/.local/lib/python3.6/site-packages/airflow/example_dags/example_time_delta_sensor_async.py
[2022-06-17 22:21:00,247] {processor.py:652} INFO - DAG(s) dict_keys(['example_time_delta_sensor_async']) retrieved from /home/saba/.local/lib/python3.6/site-packages/airflow/example_dags/example_time_delta_sensor_async.py
[2022-06-17 22:21:00,261] {logging_mixin.py:109} INFO - [2022-06-17 22:21:00,261] {dag.py:2398} INFO - Sync 1 DAGs
[2022-06-17 22:21:00,280] {logging_mixin.py:109} INFO - [2022-06-17 22:21:00,280] {dag.py:2937} INFO - Setting next_dagrun for example_time_delta_sensor_async to None
[2022-06-17 22:21:00,298] {processor.py:171} INFO - Processing /home/saba/.local/lib/python3.6/site-packages/airflow/example_dags/example_time_delta_sensor_async.py took 0.081 seconds
[2022-06-17 22:21:37,267] {processor.py:163} INFO - Started process (PID=3661) to work on /home/saba/.local/lib/python3.6/site-packages/airflow/example_dags/example_time_delta_sensor_async.py
[2022-06-17 22:21:37,269] {processor.py:642} INFO - Processing file /home/saba/.local/lib/python3.6/site-packages/airflow/example_dags/example_time_delta_sensor_async.py for tasks to queue
[2022-06-17 22:21:37,270] {logging_mixin.py:109} INFO - [2022-06-17 22:21:37,269] {dagbag.py:500} INFO - Filling up the DagBag from /home/saba/.local/lib/python3.6/site-packages/airflow/example_dags/example_time_delta_sensor_async.py
[2022-06-17 22:21:37,294] {processor.py:652} INFO - DAG(s) dict_keys(['example_time_delta_sensor_async']) retrieved from /home/saba/.local/lib/python3.6/site-packages/airflow/example_dags/example_time_delta_sensor_async.py
[2022-06-17 22:21:37,313] {logging_mixin.py:109} INFO - [2022-06-17 22:21:37,312] {dag.py:2398} INFO - Sync 1 DAGs
[2022-06-17 22:21:37,338] {logging_mixin.py:109} INFO - [2022-06-17 22:21:37,338] {dag.py:2937} INFO - Setting next_dagrun for example_time_delta_sensor_async to None
[2022-06-17 22:21:37,357] {processor.py:171} INFO - Processing /home/saba/.local/lib/python3.6/site-packages/airflow/example_dags/example_time_delta_sensor_async.py took 0.093 seconds
[2022-06-17 22:22:10,964] {processor.py:163} INFO - Started process (PID=3719) to work on /home/saba/.local/lib/python3.6/site-packages/airflow/example_dags/example_time_delta_sensor_async.py
[2022-06-17 22:22:10,965] {processor.py:642} INFO - Processing file /home/saba/.local/lib/python3.6/site-packages/airflow/example_dags/example_time_delta_sensor_async.py for tasks to queue
[2022-06-17 22:22:10,966] {logging_mixin.py:109} INFO - [2022-06-17 22:22:10,966] {dagbag.py:500} INFO - Filling up the DagBag from /home/saba/.local/lib/python3.6/site-packages/airflow/example_dags/example_time_delta_sensor_async.py
[2022-06-17 22:22:10,986] {processor.py:652} INFO - DAG(s) dict_keys(['example_time_delta_sensor_async']) retrieved from /home/saba/.local/lib/python3.6/site-packages/airflow/example_dags/example_time_delta_sensor_async.py
[2022-06-17 22:22:11,003] {logging_mixin.py:109} INFO - [2022-06-17 22:22:11,003] {dag.py:2398} INFO - Sync 1 DAGs
[2022-06-17 22:22:11,024] {logging_mixin.py:109} INFO - [2022-06-17 22:22:11,024] {dag.py:2937} INFO - Setting next_dagrun for example_time_delta_sensor_async to None
[2022-06-17 22:22:11,043] {processor.py:171} INFO - Processing /home/saba/.local/lib/python3.6/site-packages/airflow/example_dags/example_time_delta_sensor_async.py took 0.083 seconds
[2022-06-17 22:22:48,985] {processor.py:163} INFO - Started process (PID=3770) to work on /home/saba/.local/lib/python3.6/site-packages/airflow/example_dags/example_time_delta_sensor_async.py
[2022-06-17 22:22:48,986] {processor.py:642} INFO - Processing file /home/saba/.local/lib/python3.6/site-packages/airflow/example_dags/example_time_delta_sensor_async.py for tasks to queue
[2022-06-17 22:22:48,987] {logging_mixin.py:109} INFO - [2022-06-17 22:22:48,987] {dagbag.py:500} INFO - Filling up the DagBag from /home/saba/.local/lib/python3.6/site-packages/airflow/example_dags/example_time_delta_sensor_async.py
[2022-06-17 22:22:49,006] {processor.py:652} INFO - DAG(s) dict_keys(['example_time_delta_sensor_async']) retrieved from /home/saba/.local/lib/python3.6/site-packages/airflow/example_dags/example_time_delta_sensor_async.py
[2022-06-17 22:22:49,022] {logging_mixin.py:109} INFO - [2022-06-17 22:22:49,022] {dag.py:2398} INFO - Sync 1 DAGs
[2022-06-17 22:22:49,042] {logging_mixin.py:109} INFO - [2022-06-17 22:22:49,041] {dag.py:2937} INFO - Setting next_dagrun for example_time_delta_sensor_async to None
[2022-06-17 22:22:49,059] {processor.py:171} INFO - Processing /home/saba/.local/lib/python3.6/site-packages/airflow/example_dags/example_time_delta_sensor_async.py took 0.078 seconds
[2022-06-17 22:23:24,270] {processor.py:163} INFO - Started process (PID=3823) to work on /home/saba/.local/lib/python3.6/site-packages/airflow/example_dags/example_time_delta_sensor_async.py
[2022-06-17 22:23:24,273] {processor.py:642} INFO - Processing file /home/saba/.local/lib/python3.6/site-packages/airflow/example_dags/example_time_delta_sensor_async.py for tasks to queue
[2022-06-17 22:23:24,274] {logging_mixin.py:109} INFO - [2022-06-17 22:23:24,273] {dagbag.py:500} INFO - Filling up the DagBag from /home/saba/.local/lib/python3.6/site-packages/airflow/example_dags/example_time_delta_sensor_async.py
[2022-06-17 22:23:24,301] {processor.py:652} INFO - DAG(s) dict_keys(['example_time_delta_sensor_async']) retrieved from /home/saba/.local/lib/python3.6/site-packages/airflow/example_dags/example_time_delta_sensor_async.py
[2022-06-17 22:23:24,326] {logging_mixin.py:109} INFO - [2022-06-17 22:23:24,326] {dag.py:2398} INFO - Sync 1 DAGs
[2022-06-17 22:23:24,353] {logging_mixin.py:109} INFO - [2022-06-17 22:23:24,353] {dag.py:2937} INFO - Setting next_dagrun for example_time_delta_sensor_async to None
[2022-06-17 22:23:24,374] {processor.py:171} INFO - Processing /home/saba/.local/lib/python3.6/site-packages/airflow/example_dags/example_time_delta_sensor_async.py took 0.108 seconds
[2022-06-17 22:24:01,833] {processor.py:163} INFO - Started process (PID=3934) to work on /home/saba/.local/lib/python3.6/site-packages/airflow/example_dags/example_time_delta_sensor_async.py
[2022-06-17 22:24:01,839] {processor.py:642} INFO - Processing file /home/saba/.local/lib/python3.6/site-packages/airflow/example_dags/example_time_delta_sensor_async.py for tasks to queue
[2022-06-17 22:24:01,844] {logging_mixin.py:109} INFO - [2022-06-17 22:24:01,843] {dagbag.py:500} INFO - Filling up the DagBag from /home/saba/.local/lib/python3.6/site-packages/airflow/example_dags/example_time_delta_sensor_async.py
[2022-06-17 22:24:01,937] {processor.py:652} INFO - DAG(s) dict_keys(['example_time_delta_sensor_async']) retrieved from /home/saba/.local/lib/python3.6/site-packages/airflow/example_dags/example_time_delta_sensor_async.py
[2022-06-17 22:24:02,013] {logging_mixin.py:109} INFO - [2022-06-17 22:24:02,012] {dag.py:2398} INFO - Sync 1 DAGs
[2022-06-17 22:24:02,113] {logging_mixin.py:109} INFO - [2022-06-17 22:24:02,113] {dag.py:2937} INFO - Setting next_dagrun for example_time_delta_sensor_async to None
[2022-06-17 22:24:02,178] {processor.py:171} INFO - Processing /home/saba/.local/lib/python3.6/site-packages/airflow/example_dags/example_time_delta_sensor_async.py took 0.359 seconds
[2022-06-17 22:24:37,861] {processor.py:163} INFO - Started process (PID=3987) to work on /home/saba/.local/lib/python3.6/site-packages/airflow/example_dags/example_time_delta_sensor_async.py
[2022-06-17 22:24:37,863] {processor.py:642} INFO - Processing file /home/saba/.local/lib/python3.6/site-packages/airflow/example_dags/example_time_delta_sensor_async.py for tasks to queue
[2022-06-17 22:24:37,864] {logging_mixin.py:109} INFO - [2022-06-17 22:24:37,864] {dagbag.py:500} INFO - Filling up the DagBag from /home/saba/.local/lib/python3.6/site-packages/airflow/example_dags/example_time_delta_sensor_async.py
[2022-06-17 22:24:37,888] {processor.py:652} INFO - DAG(s) dict_keys(['example_time_delta_sensor_async']) retrieved from /home/saba/.local/lib/python3.6/site-packages/airflow/example_dags/example_time_delta_sensor_async.py
[2022-06-17 22:24:37,907] {logging_mixin.py:109} INFO - [2022-06-17 22:24:37,906] {dag.py:2398} INFO - Sync 1 DAGs
[2022-06-17 22:24:37,930] {logging_mixin.py:109} INFO - [2022-06-17 22:24:37,930] {dag.py:2937} INFO - Setting next_dagrun for example_time_delta_sensor_async to None
[2022-06-17 22:24:37,955] {processor.py:171} INFO - Processing /home/saba/.local/lib/python3.6/site-packages/airflow/example_dags/example_time_delta_sensor_async.py took 0.098 seconds
[2022-06-17 22:25:19,922] {processor.py:163} INFO - Started process (PID=4041) to work on /home/saba/.local/lib/python3.6/site-packages/airflow/example_dags/example_time_delta_sensor_async.py
[2022-06-17 22:25:19,930] {processor.py:642} INFO - Processing file /home/saba/.local/lib/python3.6/site-packages/airflow/example_dags/example_time_delta_sensor_async.py for tasks to queue
[2022-06-17 22:25:19,935] {logging_mixin.py:109} INFO - [2022-06-17 22:25:19,934] {dagbag.py:500} INFO - Filling up the DagBag from /home/saba/.local/lib/python3.6/site-packages/airflow/example_dags/example_time_delta_sensor_async.py
[2022-06-17 22:25:20,030] {processor.py:652} INFO - DAG(s) dict_keys(['example_time_delta_sensor_async']) retrieved from /home/saba/.local/lib/python3.6/site-packages/airflow/example_dags/example_time_delta_sensor_async.py
[2022-06-17 22:25:20,094] {logging_mixin.py:109} INFO - [2022-06-17 22:25:20,093] {dag.py:2398} INFO - Sync 1 DAGs
[2022-06-17 22:25:20,238] {logging_mixin.py:109} INFO - [2022-06-17 22:25:20,237] {dag.py:2937} INFO - Setting next_dagrun for example_time_delta_sensor_async to None
[2022-06-17 22:25:20,323] {processor.py:171} INFO - Processing /home/saba/.local/lib/python3.6/site-packages/airflow/example_dags/example_time_delta_sensor_async.py took 0.410 seconds
[2022-06-17 22:26:16,151] {processor.py:163} INFO - Started process (PID=4402) to work on /home/saba/.local/lib/python3.6/site-packages/airflow/example_dags/example_time_delta_sensor_async.py
[2022-06-17 22:26:16,155] {processor.py:642} INFO - Processing file /home/saba/.local/lib/python3.6/site-packages/airflow/example_dags/example_time_delta_sensor_async.py for tasks to queue
[2022-06-17 22:26:16,156] {logging_mixin.py:109} INFO - [2022-06-17 22:26:16,156] {dagbag.py:500} INFO - Filling up the DagBag from /home/saba/.local/lib/python3.6/site-packages/airflow/example_dags/example_time_delta_sensor_async.py
[2022-06-17 22:26:16,199] {processor.py:652} INFO - DAG(s) dict_keys(['example_time_delta_sensor_async']) retrieved from /home/saba/.local/lib/python3.6/site-packages/airflow/example_dags/example_time_delta_sensor_async.py
[2022-06-17 22:26:16,233] {logging_mixin.py:109} INFO - [2022-06-17 22:26:16,232] {dag.py:2398} INFO - Sync 1 DAGs
[2022-06-17 22:26:16,274] {logging_mixin.py:109} INFO - [2022-06-17 22:26:16,274] {dag.py:2937} INFO - Setting next_dagrun for example_time_delta_sensor_async to None
[2022-06-17 22:26:16,302] {processor.py:171} INFO - Processing /home/saba/.local/lib/python3.6/site-packages/airflow/example_dags/example_time_delta_sensor_async.py took 0.158 seconds
[2022-06-17 22:27:09,930] {processor.py:163} INFO - Started process (PID=4466) to work on /home/saba/.local/lib/python3.6/site-packages/airflow/example_dags/example_time_delta_sensor_async.py
[2022-06-17 22:27:09,935] {processor.py:642} INFO - Processing file /home/saba/.local/lib/python3.6/site-packages/airflow/example_dags/example_time_delta_sensor_async.py for tasks to queue
[2022-06-17 22:27:09,940] {logging_mixin.py:109} INFO - [2022-06-17 22:27:09,939] {dagbag.py:500} INFO - Filling up the DagBag from /home/saba/.local/lib/python3.6/site-packages/airflow/example_dags/example_time_delta_sensor_async.py
[2022-06-17 22:27:10,000] {processor.py:652} INFO - DAG(s) dict_keys(['example_time_delta_sensor_async']) retrieved from /home/saba/.local/lib/python3.6/site-packages/airflow/example_dags/example_time_delta_sensor_async.py
[2022-06-17 22:27:10,044] {logging_mixin.py:109} INFO - [2022-06-17 22:27:10,044] {dag.py:2398} INFO - Sync 1 DAGs
[2022-06-17 22:27:10,094] {logging_mixin.py:109} INFO - [2022-06-17 22:27:10,094] {dag.py:2937} INFO - Setting next_dagrun for example_time_delta_sensor_async to None
[2022-06-17 22:27:10,147] {processor.py:171} INFO - Processing /home/saba/.local/lib/python3.6/site-packages/airflow/example_dags/example_time_delta_sensor_async.py took 0.228 seconds
[2022-06-17 22:28:11,606] {processor.py:163} INFO - Started process (PID=4556) to work on /home/saba/.local/lib/python3.6/site-packages/airflow/example_dags/example_time_delta_sensor_async.py
[2022-06-17 22:28:11,612] {processor.py:642} INFO - Processing file /home/saba/.local/lib/python3.6/site-packages/airflow/example_dags/example_time_delta_sensor_async.py for tasks to queue
[2022-06-17 22:28:11,615] {logging_mixin.py:109} INFO - [2022-06-17 22:28:11,614] {dagbag.py:500} INFO - Filling up the DagBag from /home/saba/.local/lib/python3.6/site-packages/airflow/example_dags/example_time_delta_sensor_async.py
[2022-06-17 22:28:11,733] {processor.py:652} INFO - DAG(s) dict_keys(['example_time_delta_sensor_async']) retrieved from /home/saba/.local/lib/python3.6/site-packages/airflow/example_dags/example_time_delta_sensor_async.py
[2022-06-17 22:28:11,835] {logging_mixin.py:109} INFO - [2022-06-17 22:28:11,824] {dag.py:2398} INFO - Sync 1 DAGs
[2022-06-17 22:28:12,066] {logging_mixin.py:109} INFO - [2022-06-17 22:28:12,065] {dag.py:2937} INFO - Setting next_dagrun for example_time_delta_sensor_async to None
[2022-06-17 22:28:12,188] {processor.py:171} INFO - Processing /home/saba/.local/lib/python3.6/site-packages/airflow/example_dags/example_time_delta_sensor_async.py took 0.606 seconds
[2022-06-17 22:29:13,009] {processor.py:163} INFO - Started process (PID=4616) to work on /home/saba/.local/lib/python3.6/site-packages/airflow/example_dags/example_time_delta_sensor_async.py
[2022-06-17 22:29:13,021] {processor.py:642} INFO - Processing file /home/saba/.local/lib/python3.6/site-packages/airflow/example_dags/example_time_delta_sensor_async.py for tasks to queue
[2022-06-17 22:29:13,024] {logging_mixin.py:109} INFO - [2022-06-17 22:29:13,023] {dagbag.py:500} INFO - Filling up the DagBag from /home/saba/.local/lib/python3.6/site-packages/airflow/example_dags/example_time_delta_sensor_async.py
[2022-06-17 22:29:13,125] {processor.py:652} INFO - DAG(s) dict_keys(['example_time_delta_sensor_async']) retrieved from /home/saba/.local/lib/python3.6/site-packages/airflow/example_dags/example_time_delta_sensor_async.py
[2022-06-17 22:29:13,193] {logging_mixin.py:109} INFO - [2022-06-17 22:29:13,192] {dag.py:2398} INFO - Sync 1 DAGs
[2022-06-17 22:29:13,268] {logging_mixin.py:109} INFO - [2022-06-17 22:29:13,267] {dag.py:2937} INFO - Setting next_dagrun for example_time_delta_sensor_async to None
[2022-06-17 22:29:13,317] {processor.py:171} INFO - Processing /home/saba/.local/lib/python3.6/site-packages/airflow/example_dags/example_time_delta_sensor_async.py took 0.325 seconds
[2022-06-17 22:30:15,022] {processor.py:163} INFO - Started process (PID=4962) to work on /home/saba/.local/lib/python3.6/site-packages/airflow/example_dags/example_time_delta_sensor_async.py
[2022-06-17 22:30:15,035] {processor.py:642} INFO - Processing file /home/saba/.local/lib/python3.6/site-packages/airflow/example_dags/example_time_delta_sensor_async.py for tasks to queue
[2022-06-17 22:30:15,037] {logging_mixin.py:109} INFO - [2022-06-17 22:30:15,036] {dagbag.py:500} INFO - Filling up the DagBag from /home/saba/.local/lib/python3.6/site-packages/airflow/example_dags/example_time_delta_sensor_async.py
[2022-06-17 22:30:15,101] {processor.py:652} INFO - DAG(s) dict_keys(['example_time_delta_sensor_async']) retrieved from /home/saba/.local/lib/python3.6/site-packages/airflow/example_dags/example_time_delta_sensor_async.py
[2022-06-17 22:30:15,155] {logging_mixin.py:109} INFO - [2022-06-17 22:30:15,154] {dag.py:2398} INFO - Sync 1 DAGs
[2022-06-17 22:30:15,240] {logging_mixin.py:109} INFO - [2022-06-17 22:30:15,240] {dag.py:2937} INFO - Setting next_dagrun for example_time_delta_sensor_async to None
[2022-06-17 22:30:15,272] {processor.py:171} INFO - Processing /home/saba/.local/lib/python3.6/site-packages/airflow/example_dags/example_time_delta_sensor_async.py took 0.268 seconds
[2022-06-17 22:31:00,111] {processor.py:163} INFO - Started process (PID=5004) to work on /home/saba/.local/lib/python3.6/site-packages/airflow/example_dags/example_time_delta_sensor_async.py
[2022-06-17 22:31:00,114] {processor.py:642} INFO - Processing file /home/saba/.local/lib/python3.6/site-packages/airflow/example_dags/example_time_delta_sensor_async.py for tasks to queue
[2022-06-17 22:31:00,115] {logging_mixin.py:109} INFO - [2022-06-17 22:31:00,115] {dagbag.py:500} INFO - Filling up the DagBag from /home/saba/.local/lib/python3.6/site-packages/airflow/example_dags/example_time_delta_sensor_async.py
[2022-06-17 22:31:00,150] {processor.py:652} INFO - DAG(s) dict_keys(['example_time_delta_sensor_async']) retrieved from /home/saba/.local/lib/python3.6/site-packages/airflow/example_dags/example_time_delta_sensor_async.py
[2022-06-17 22:31:00,179] {logging_mixin.py:109} INFO - [2022-06-17 22:31:00,179] {dag.py:2398} INFO - Sync 1 DAGs
[2022-06-17 22:31:00,221] {logging_mixin.py:109} INFO - [2022-06-17 22:31:00,220] {dag.py:2937} INFO - Setting next_dagrun for example_time_delta_sensor_async to None
[2022-06-17 22:31:00,251] {processor.py:171} INFO - Processing /home/saba/.local/lib/python3.6/site-packages/airflow/example_dags/example_time_delta_sensor_async.py took 0.145 seconds
[2022-06-17 22:31:45,225] {processor.py:163} INFO - Started process (PID=5092) to work on /home/saba/.local/lib/python3.6/site-packages/airflow/example_dags/example_time_delta_sensor_async.py
[2022-06-17 22:31:45,231] {processor.py:642} INFO - Processing file /home/saba/.local/lib/python3.6/site-packages/airflow/example_dags/example_time_delta_sensor_async.py for tasks to queue
[2022-06-17 22:31:45,236] {logging_mixin.py:109} INFO - [2022-06-17 22:31:45,235] {dagbag.py:500} INFO - Filling up the DagBag from /home/saba/.local/lib/python3.6/site-packages/airflow/example_dags/example_time_delta_sensor_async.py
[2022-06-17 22:31:45,347] {processor.py:652} INFO - DAG(s) dict_keys(['example_time_delta_sensor_async']) retrieved from /home/saba/.local/lib/python3.6/site-packages/airflow/example_dags/example_time_delta_sensor_async.py
[2022-06-17 22:31:45,477] {logging_mixin.py:109} INFO - [2022-06-17 22:31:45,477] {dag.py:2398} INFO - Sync 1 DAGs
[2022-06-17 22:31:45,636] {logging_mixin.py:109} INFO - [2022-06-17 22:31:45,635] {dag.py:2937} INFO - Setting next_dagrun for example_time_delta_sensor_async to None
[2022-06-17 22:31:45,747] {processor.py:171} INFO - Processing /home/saba/.local/lib/python3.6/site-packages/airflow/example_dags/example_time_delta_sensor_async.py took 0.533 seconds
[2022-06-17 22:32:34,060] {processor.py:163} INFO - Started process (PID=5134) to work on /home/saba/.local/lib/python3.6/site-packages/airflow/example_dags/example_time_delta_sensor_async.py
[2022-06-17 22:32:34,065] {processor.py:642} INFO - Processing file /home/saba/.local/lib/python3.6/site-packages/airflow/example_dags/example_time_delta_sensor_async.py for tasks to queue
[2022-06-17 22:32:34,067] {logging_mixin.py:109} INFO - [2022-06-17 22:32:34,067] {dagbag.py:500} INFO - Filling up the DagBag from /home/saba/.local/lib/python3.6/site-packages/airflow/example_dags/example_time_delta_sensor_async.py
[2022-06-17 22:32:34,121] {processor.py:652} INFO - DAG(s) dict_keys(['example_time_delta_sensor_async']) retrieved from /home/saba/.local/lib/python3.6/site-packages/airflow/example_dags/example_time_delta_sensor_async.py
[2022-06-17 22:32:34,174] {logging_mixin.py:109} INFO - [2022-06-17 22:32:34,173] {dag.py:2398} INFO - Sync 1 DAGs
[2022-06-17 22:32:34,279] {logging_mixin.py:109} INFO - [2022-06-17 22:32:34,278] {dag.py:2937} INFO - Setting next_dagrun for example_time_delta_sensor_async to None
[2022-06-17 22:32:34,334] {processor.py:171} INFO - Processing /home/saba/.local/lib/python3.6/site-packages/airflow/example_dags/example_time_delta_sensor_async.py took 0.282 seconds
[2022-06-17 22:33:16,719] {processor.py:163} INFO - Started process (PID=5395) to work on /home/saba/.local/lib/python3.6/site-packages/airflow/example_dags/example_time_delta_sensor_async.py
[2022-06-17 22:33:16,724] {processor.py:642} INFO - Processing file /home/saba/.local/lib/python3.6/site-packages/airflow/example_dags/example_time_delta_sensor_async.py for tasks to queue
[2022-06-17 22:33:16,727] {logging_mixin.py:109} INFO - [2022-06-17 22:33:16,726] {dagbag.py:500} INFO - Filling up the DagBag from /home/saba/.local/lib/python3.6/site-packages/airflow/example_dags/example_time_delta_sensor_async.py
[2022-06-17 22:33:16,810] {processor.py:652} INFO - DAG(s) dict_keys(['example_time_delta_sensor_async']) retrieved from /home/saba/.local/lib/python3.6/site-packages/airflow/example_dags/example_time_delta_sensor_async.py
[2022-06-17 22:33:16,884] {logging_mixin.py:109} INFO - [2022-06-17 22:33:16,884] {dag.py:2398} INFO - Sync 1 DAGs
[2022-06-17 22:33:16,987] {logging_mixin.py:109} INFO - [2022-06-17 22:33:16,987] {dag.py:2937} INFO - Setting next_dagrun for example_time_delta_sensor_async to None
[2022-06-17 22:33:17,046] {processor.py:171} INFO - Processing /home/saba/.local/lib/python3.6/site-packages/airflow/example_dags/example_time_delta_sensor_async.py took 0.343 seconds
[2022-06-17 22:34:03,924] {processor.py:163} INFO - Started process (PID=5666) to work on /home/saba/.local/lib/python3.6/site-packages/airflow/example_dags/example_time_delta_sensor_async.py
[2022-06-17 22:34:03,926] {processor.py:642} INFO - Processing file /home/saba/.local/lib/python3.6/site-packages/airflow/example_dags/example_time_delta_sensor_async.py for tasks to queue
[2022-06-17 22:34:03,927] {logging_mixin.py:109} INFO - [2022-06-17 22:34:03,927] {dagbag.py:500} INFO - Filling up the DagBag from /home/saba/.local/lib/python3.6/site-packages/airflow/example_dags/example_time_delta_sensor_async.py
[2022-06-17 22:34:03,949] {processor.py:652} INFO - DAG(s) dict_keys(['example_time_delta_sensor_async']) retrieved from /home/saba/.local/lib/python3.6/site-packages/airflow/example_dags/example_time_delta_sensor_async.py
[2022-06-17 22:34:03,965] {logging_mixin.py:109} INFO - [2022-06-17 22:34:03,965] {dag.py:2398} INFO - Sync 1 DAGs
[2022-06-17 22:34:03,986] {logging_mixin.py:109} INFO - [2022-06-17 22:34:03,986] {dag.py:2937} INFO - Setting next_dagrun for example_time_delta_sensor_async to None
[2022-06-17 22:34:04,003] {processor.py:171} INFO - Processing /home/saba/.local/lib/python3.6/site-packages/airflow/example_dags/example_time_delta_sensor_async.py took 0.083 seconds
[2022-06-17 22:34:50,826] {processor.py:163} INFO - Started process (PID=5719) to work on /home/saba/.local/lib/python3.6/site-packages/airflow/example_dags/example_time_delta_sensor_async.py
[2022-06-17 22:34:50,838] {processor.py:642} INFO - Processing file /home/saba/.local/lib/python3.6/site-packages/airflow/example_dags/example_time_delta_sensor_async.py for tasks to queue
[2022-06-17 22:34:50,841] {logging_mixin.py:109} INFO - [2022-06-17 22:34:50,841] {dagbag.py:500} INFO - Filling up the DagBag from /home/saba/.local/lib/python3.6/site-packages/airflow/example_dags/example_time_delta_sensor_async.py
[2022-06-17 22:34:50,964] {processor.py:652} INFO - DAG(s) dict_keys(['example_time_delta_sensor_async']) retrieved from /home/saba/.local/lib/python3.6/site-packages/airflow/example_dags/example_time_delta_sensor_async.py
[2022-06-17 22:34:51,072] {logging_mixin.py:109} INFO - [2022-06-17 22:34:51,072] {dag.py:2398} INFO - Sync 1 DAGs
[2022-06-17 22:34:51,173] {logging_mixin.py:109} INFO - [2022-06-17 22:34:51,173] {dag.py:2937} INFO - Setting next_dagrun for example_time_delta_sensor_async to None
[2022-06-17 22:34:51,246] {processor.py:171} INFO - Processing /home/saba/.local/lib/python3.6/site-packages/airflow/example_dags/example_time_delta_sensor_async.py took 0.431 seconds
[2022-06-17 22:35:36,001] {processor.py:163} INFO - Started process (PID=5772) to work on /home/saba/.local/lib/python3.6/site-packages/airflow/example_dags/example_time_delta_sensor_async.py
[2022-06-17 22:35:36,003] {processor.py:642} INFO - Processing file /home/saba/.local/lib/python3.6/site-packages/airflow/example_dags/example_time_delta_sensor_async.py for tasks to queue
[2022-06-17 22:35:36,005] {logging_mixin.py:109} INFO - [2022-06-17 22:35:36,004] {dagbag.py:500} INFO - Filling up the DagBag from /home/saba/.local/lib/python3.6/site-packages/airflow/example_dags/example_time_delta_sensor_async.py
[2022-06-17 22:35:36,035] {processor.py:652} INFO - DAG(s) dict_keys(['example_time_delta_sensor_async']) retrieved from /home/saba/.local/lib/python3.6/site-packages/airflow/example_dags/example_time_delta_sensor_async.py
[2022-06-17 22:35:36,058] {logging_mixin.py:109} INFO - [2022-06-17 22:35:36,057] {dag.py:2398} INFO - Sync 1 DAGs
[2022-06-17 22:35:36,089] {logging_mixin.py:109} INFO - [2022-06-17 22:35:36,089] {dag.py:2937} INFO - Setting next_dagrun for example_time_delta_sensor_async to None
[2022-06-17 22:35:36,112] {processor.py:171} INFO - Processing /home/saba/.local/lib/python3.6/site-packages/airflow/example_dags/example_time_delta_sensor_async.py took 0.116 seconds
[2022-06-17 22:36:15,312] {processor.py:163} INFO - Started process (PID=5829) to work on /home/saba/.local/lib/python3.6/site-packages/airflow/example_dags/example_time_delta_sensor_async.py
[2022-06-17 22:36:15,316] {processor.py:642} INFO - Processing file /home/saba/.local/lib/python3.6/site-packages/airflow/example_dags/example_time_delta_sensor_async.py for tasks to queue
[2022-06-17 22:36:15,318] {logging_mixin.py:109} INFO - [2022-06-17 22:36:15,317] {dagbag.py:500} INFO - Filling up the DagBag from /home/saba/.local/lib/python3.6/site-packages/airflow/example_dags/example_time_delta_sensor_async.py
[2022-06-17 22:36:15,366] {processor.py:652} INFO - DAG(s) dict_keys(['example_time_delta_sensor_async']) retrieved from /home/saba/.local/lib/python3.6/site-packages/airflow/example_dags/example_time_delta_sensor_async.py
[2022-06-17 22:36:15,398] {logging_mixin.py:109} INFO - [2022-06-17 22:36:15,398] {dag.py:2398} INFO - Sync 1 DAGs
[2022-06-17 22:36:15,442] {logging_mixin.py:109} INFO - [2022-06-17 22:36:15,441] {dag.py:2937} INFO - Setting next_dagrun for example_time_delta_sensor_async to None
[2022-06-17 22:36:15,468] {processor.py:171} INFO - Processing /home/saba/.local/lib/python3.6/site-packages/airflow/example_dags/example_time_delta_sensor_async.py took 0.166 seconds
[2022-06-17 22:36:56,900] {processor.py:163} INFO - Started process (PID=5882) to work on /home/saba/.local/lib/python3.6/site-packages/airflow/example_dags/example_time_delta_sensor_async.py
[2022-06-17 22:36:56,904] {processor.py:642} INFO - Processing file /home/saba/.local/lib/python3.6/site-packages/airflow/example_dags/example_time_delta_sensor_async.py for tasks to queue
[2022-06-17 22:36:56,905] {logging_mixin.py:109} INFO - [2022-06-17 22:36:56,905] {dagbag.py:500} INFO - Filling up the DagBag from /home/saba/.local/lib/python3.6/site-packages/airflow/example_dags/example_time_delta_sensor_async.py
[2022-06-17 22:36:56,953] {processor.py:652} INFO - DAG(s) dict_keys(['example_time_delta_sensor_async']) retrieved from /home/saba/.local/lib/python3.6/site-packages/airflow/example_dags/example_time_delta_sensor_async.py
[2022-06-17 22:36:56,999] {logging_mixin.py:109} INFO - [2022-06-17 22:36:56,998] {dag.py:2398} INFO - Sync 1 DAGs
[2022-06-17 22:36:57,048] {logging_mixin.py:109} INFO - [2022-06-17 22:36:57,048] {dag.py:2937} INFO - Setting next_dagrun for example_time_delta_sensor_async to None
[2022-06-17 22:36:57,079] {processor.py:171} INFO - Processing /home/saba/.local/lib/python3.6/site-packages/airflow/example_dags/example_time_delta_sensor_async.py took 0.189 seconds
[2022-06-17 22:37:46,727] {processor.py:163} INFO - Started process (PID=5936) to work on /home/saba/.local/lib/python3.6/site-packages/airflow/example_dags/example_time_delta_sensor_async.py
[2022-06-17 22:37:46,730] {processor.py:642} INFO - Processing file /home/saba/.local/lib/python3.6/site-packages/airflow/example_dags/example_time_delta_sensor_async.py for tasks to queue
[2022-06-17 22:37:46,732] {logging_mixin.py:109} INFO - [2022-06-17 22:37:46,731] {dagbag.py:500} INFO - Filling up the DagBag from /home/saba/.local/lib/python3.6/site-packages/airflow/example_dags/example_time_delta_sensor_async.py
[2022-06-17 22:37:46,769] {processor.py:652} INFO - DAG(s) dict_keys(['example_time_delta_sensor_async']) retrieved from /home/saba/.local/lib/python3.6/site-packages/airflow/example_dags/example_time_delta_sensor_async.py
[2022-06-17 22:37:46,799] {logging_mixin.py:109} INFO - [2022-06-17 22:37:46,799] {dag.py:2398} INFO - Sync 1 DAGs
[2022-06-17 22:37:46,838] {logging_mixin.py:109} INFO - [2022-06-17 22:37:46,838] {dag.py:2937} INFO - Setting next_dagrun for example_time_delta_sensor_async to None
[2022-06-17 22:37:46,865] {processor.py:171} INFO - Processing /home/saba/.local/lib/python3.6/site-packages/airflow/example_dags/example_time_delta_sensor_async.py took 0.145 seconds
[2022-06-17 22:38:31,528] {processor.py:163} INFO - Started process (PID=5990) to work on /home/saba/.local/lib/python3.6/site-packages/airflow/example_dags/example_time_delta_sensor_async.py
[2022-06-17 22:38:31,530] {processor.py:642} INFO - Processing file /home/saba/.local/lib/python3.6/site-packages/airflow/example_dags/example_time_delta_sensor_async.py for tasks to queue
[2022-06-17 22:38:31,531] {logging_mixin.py:109} INFO - [2022-06-17 22:38:31,531] {dagbag.py:500} INFO - Filling up the DagBag from /home/saba/.local/lib/python3.6/site-packages/airflow/example_dags/example_time_delta_sensor_async.py
[2022-06-17 22:38:31,559] {processor.py:652} INFO - DAG(s) dict_keys(['example_time_delta_sensor_async']) retrieved from /home/saba/.local/lib/python3.6/site-packages/airflow/example_dags/example_time_delta_sensor_async.py
[2022-06-17 22:38:31,582] {logging_mixin.py:109} INFO - [2022-06-17 22:38:31,582] {dag.py:2398} INFO - Sync 1 DAGs
[2022-06-17 22:38:31,614] {logging_mixin.py:109} INFO - [2022-06-17 22:38:31,614] {dag.py:2937} INFO - Setting next_dagrun for example_time_delta_sensor_async to None
[2022-06-17 22:38:31,637] {processor.py:171} INFO - Processing /home/saba/.local/lib/python3.6/site-packages/airflow/example_dags/example_time_delta_sensor_async.py took 0.114 seconds
[2022-06-17 22:39:13,044] {processor.py:163} INFO - Started process (PID=6232) to work on /home/saba/.local/lib/python3.6/site-packages/airflow/example_dags/example_time_delta_sensor_async.py
[2022-06-17 22:39:13,047] {processor.py:642} INFO - Processing file /home/saba/.local/lib/python3.6/site-packages/airflow/example_dags/example_time_delta_sensor_async.py for tasks to queue
[2022-06-17 22:39:13,049] {logging_mixin.py:109} INFO - [2022-06-17 22:39:13,048] {dagbag.py:500} INFO - Filling up the DagBag from /home/saba/.local/lib/python3.6/site-packages/airflow/example_dags/example_time_delta_sensor_async.py
[2022-06-17 22:39:13,086] {processor.py:652} INFO - DAG(s) dict_keys(['example_time_delta_sensor_async']) retrieved from /home/saba/.local/lib/python3.6/site-packages/airflow/example_dags/example_time_delta_sensor_async.py
[2022-06-17 22:39:13,112] {logging_mixin.py:109} INFO - [2022-06-17 22:39:13,112] {dag.py:2398} INFO - Sync 1 DAGs
[2022-06-17 22:39:13,148] {logging_mixin.py:109} INFO - [2022-06-17 22:39:13,148] {dag.py:2937} INFO - Setting next_dagrun for example_time_delta_sensor_async to None
[2022-06-17 22:39:13,177] {processor.py:171} INFO - Processing /home/saba/.local/lib/python3.6/site-packages/airflow/example_dags/example_time_delta_sensor_async.py took 0.141 seconds
[2022-06-17 22:40:06,432] {processor.py:163} INFO - Started process (PID=6808) to work on /home/saba/.local/lib/python3.6/site-packages/airflow/example_dags/example_time_delta_sensor_async.py
[2022-06-17 22:40:06,433] {processor.py:642} INFO - Processing file /home/saba/.local/lib/python3.6/site-packages/airflow/example_dags/example_time_delta_sensor_async.py for tasks to queue
[2022-06-17 22:40:06,434] {logging_mixin.py:109} INFO - [2022-06-17 22:40:06,434] {dagbag.py:500} INFO - Filling up the DagBag from /home/saba/.local/lib/python3.6/site-packages/airflow/example_dags/example_time_delta_sensor_async.py
[2022-06-17 22:40:06,451] {processor.py:652} INFO - DAG(s) dict_keys(['example_time_delta_sensor_async']) retrieved from /home/saba/.local/lib/python3.6/site-packages/airflow/example_dags/example_time_delta_sensor_async.py
[2022-06-17 22:40:06,467] {logging_mixin.py:109} INFO - [2022-06-17 22:40:06,466] {dag.py:2398} INFO - Sync 1 DAGs
[2022-06-17 22:40:06,484] {logging_mixin.py:109} INFO - [2022-06-17 22:40:06,484] {dag.py:2937} INFO - Setting next_dagrun for example_time_delta_sensor_async to None
[2022-06-17 22:40:06,500] {processor.py:171} INFO - Processing /home/saba/.local/lib/python3.6/site-packages/airflow/example_dags/example_time_delta_sensor_async.py took 0.071 seconds
[2022-06-17 22:40:45,692] {processor.py:163} INFO - Started process (PID=6878) to work on /home/saba/.local/lib/python3.6/site-packages/airflow/example_dags/example_time_delta_sensor_async.py
[2022-06-17 22:40:45,695] {processor.py:642} INFO - Processing file /home/saba/.local/lib/python3.6/site-packages/airflow/example_dags/example_time_delta_sensor_async.py for tasks to queue
[2022-06-17 22:40:45,696] {logging_mixin.py:109} INFO - [2022-06-17 22:40:45,696] {dagbag.py:500} INFO - Filling up the DagBag from /home/saba/.local/lib/python3.6/site-packages/airflow/example_dags/example_time_delta_sensor_async.py
[2022-06-17 22:40:45,724] {processor.py:652} INFO - DAG(s) dict_keys(['example_time_delta_sensor_async']) retrieved from /home/saba/.local/lib/python3.6/site-packages/airflow/example_dags/example_time_delta_sensor_async.py
[2022-06-17 22:40:45,747] {logging_mixin.py:109} INFO - [2022-06-17 22:40:45,747] {dag.py:2398} INFO - Sync 1 DAGs
[2022-06-17 22:40:45,773] {logging_mixin.py:109} INFO - [2022-06-17 22:40:45,773] {dag.py:2937} INFO - Setting next_dagrun for example_time_delta_sensor_async to None
[2022-06-17 22:40:45,796] {processor.py:171} INFO - Processing /home/saba/.local/lib/python3.6/site-packages/airflow/example_dags/example_time_delta_sensor_async.py took 0.108 seconds
[2022-06-17 22:41:29,905] {processor.py:163} INFO - Started process (PID=6962) to work on /home/saba/.local/lib/python3.6/site-packages/airflow/example_dags/example_time_delta_sensor_async.py
[2022-06-17 22:41:29,907] {processor.py:642} INFO - Processing file /home/saba/.local/lib/python3.6/site-packages/airflow/example_dags/example_time_delta_sensor_async.py for tasks to queue
[2022-06-17 22:41:29,908] {logging_mixin.py:109} INFO - [2022-06-17 22:41:29,908] {dagbag.py:500} INFO - Filling up the DagBag from /home/saba/.local/lib/python3.6/site-packages/airflow/example_dags/example_time_delta_sensor_async.py
[2022-06-17 22:41:29,932] {processor.py:652} INFO - DAG(s) dict_keys(['example_time_delta_sensor_async']) retrieved from /home/saba/.local/lib/python3.6/site-packages/airflow/example_dags/example_time_delta_sensor_async.py
[2022-06-17 22:41:29,954] {logging_mixin.py:109} INFO - [2022-06-17 22:41:29,954] {dag.py:2398} INFO - Sync 1 DAGs
[2022-06-17 22:41:29,989] {logging_mixin.py:109} INFO - [2022-06-17 22:41:29,989] {dag.py:2937} INFO - Setting next_dagrun for example_time_delta_sensor_async to None
[2022-06-17 22:41:30,017] {processor.py:171} INFO - Processing /home/saba/.local/lib/python3.6/site-packages/airflow/example_dags/example_time_delta_sensor_async.py took 0.116 seconds
[2022-06-17 22:42:08,641] {processor.py:163} INFO - Started process (PID=7574) to work on /home/saba/.local/lib/python3.6/site-packages/airflow/example_dags/example_time_delta_sensor_async.py
[2022-06-17 22:42:08,646] {processor.py:642} INFO - Processing file /home/saba/.local/lib/python3.6/site-packages/airflow/example_dags/example_time_delta_sensor_async.py for tasks to queue
[2022-06-17 22:42:08,647] {logging_mixin.py:109} INFO - [2022-06-17 22:42:08,647] {dagbag.py:500} INFO - Filling up the DagBag from /home/saba/.local/lib/python3.6/site-packages/airflow/example_dags/example_time_delta_sensor_async.py
[2022-06-17 22:42:08,700] {processor.py:652} INFO - DAG(s) dict_keys(['example_time_delta_sensor_async']) retrieved from /home/saba/.local/lib/python3.6/site-packages/airflow/example_dags/example_time_delta_sensor_async.py
[2022-06-17 22:42:08,730] {logging_mixin.py:109} INFO - [2022-06-17 22:42:08,730] {dag.py:2398} INFO - Sync 1 DAGs
[2022-06-17 22:42:08,774] {logging_mixin.py:109} INFO - [2022-06-17 22:42:08,773] {dag.py:2937} INFO - Setting next_dagrun for example_time_delta_sensor_async to None
[2022-06-17 22:42:08,800] {processor.py:171} INFO - Processing /home/saba/.local/lib/python3.6/site-packages/airflow/example_dags/example_time_delta_sensor_async.py took 0.170 seconds
[2022-06-17 22:42:59,091] {processor.py:163} INFO - Started process (PID=7917) to work on /home/saba/.local/lib/python3.6/site-packages/airflow/example_dags/example_time_delta_sensor_async.py
[2022-06-17 22:42:59,092] {processor.py:642} INFO - Processing file /home/saba/.local/lib/python3.6/site-packages/airflow/example_dags/example_time_delta_sensor_async.py for tasks to queue
[2022-06-17 22:42:59,093] {logging_mixin.py:109} INFO - [2022-06-17 22:42:59,093] {dagbag.py:500} INFO - Filling up the DagBag from /home/saba/.local/lib/python3.6/site-packages/airflow/example_dags/example_time_delta_sensor_async.py
[2022-06-17 22:42:59,109] {processor.py:652} INFO - DAG(s) dict_keys(['example_time_delta_sensor_async']) retrieved from /home/saba/.local/lib/python3.6/site-packages/airflow/example_dags/example_time_delta_sensor_async.py
[2022-06-17 22:42:59,122] {logging_mixin.py:109} INFO - [2022-06-17 22:42:59,122] {dag.py:2398} INFO - Sync 1 DAGs
[2022-06-17 22:42:59,139] {logging_mixin.py:109} INFO - [2022-06-17 22:42:59,139] {dag.py:2937} INFO - Setting next_dagrun for example_time_delta_sensor_async to None
[2022-06-17 22:42:59,155] {processor.py:171} INFO - Processing /home/saba/.local/lib/python3.6/site-packages/airflow/example_dags/example_time_delta_sensor_async.py took 0.068 seconds
[2022-06-17 22:43:44,036] {processor.py:163} INFO - Started process (PID=8276) to work on /home/saba/.local/lib/python3.6/site-packages/airflow/example_dags/example_time_delta_sensor_async.py
[2022-06-17 22:43:44,040] {processor.py:642} INFO - Processing file /home/saba/.local/lib/python3.6/site-packages/airflow/example_dags/example_time_delta_sensor_async.py for tasks to queue
[2022-06-17 22:43:44,041] {logging_mixin.py:109} INFO - [2022-06-17 22:43:44,041] {dagbag.py:500} INFO - Filling up the DagBag from /home/saba/.local/lib/python3.6/site-packages/airflow/example_dags/example_time_delta_sensor_async.py
[2022-06-17 22:43:44,080] {processor.py:652} INFO - DAG(s) dict_keys(['example_time_delta_sensor_async']) retrieved from /home/saba/.local/lib/python3.6/site-packages/airflow/example_dags/example_time_delta_sensor_async.py
[2022-06-17 22:43:44,114] {logging_mixin.py:109} INFO - [2022-06-17 22:43:44,113] {dag.py:2398} INFO - Sync 1 DAGs
[2022-06-17 22:43:44,158] {logging_mixin.py:109} INFO - [2022-06-17 22:43:44,158] {dag.py:2937} INFO - Setting next_dagrun for example_time_delta_sensor_async to None
[2022-06-17 22:43:44,183] {processor.py:171} INFO - Processing /home/saba/.local/lib/python3.6/site-packages/airflow/example_dags/example_time_delta_sensor_async.py took 0.155 seconds
[2022-06-17 22:44:57,095] {processor.py:163} INFO - Started process (PID=8539) to work on /home/saba/.local/lib/python3.6/site-packages/airflow/example_dags/example_time_delta_sensor_async.py
[2022-06-17 22:44:57,097] {processor.py:642} INFO - Processing file /home/saba/.local/lib/python3.6/site-packages/airflow/example_dags/example_time_delta_sensor_async.py for tasks to queue
[2022-06-17 22:44:57,098] {logging_mixin.py:109} INFO - [2022-06-17 22:44:57,097] {dagbag.py:500} INFO - Filling up the DagBag from /home/saba/.local/lib/python3.6/site-packages/airflow/example_dags/example_time_delta_sensor_async.py
[2022-06-17 22:44:57,117] {processor.py:652} INFO - DAG(s) dict_keys(['example_time_delta_sensor_async']) retrieved from /home/saba/.local/lib/python3.6/site-packages/airflow/example_dags/example_time_delta_sensor_async.py
[2022-06-17 22:44:57,135] {logging_mixin.py:109} INFO - [2022-06-17 22:44:57,134] {dag.py:2398} INFO - Sync 1 DAGs
[2022-06-17 22:44:57,156] {logging_mixin.py:109} INFO - [2022-06-17 22:44:57,156] {dag.py:2937} INFO - Setting next_dagrun for example_time_delta_sensor_async to None
[2022-06-17 22:44:57,175] {processor.py:171} INFO - Processing /home/saba/.local/lib/python3.6/site-packages/airflow/example_dags/example_time_delta_sensor_async.py took 0.083 seconds
[2022-06-17 22:45:43,862] {processor.py:163} INFO - Started process (PID=8895) to work on /home/saba/.local/lib/python3.6/site-packages/airflow/example_dags/example_time_delta_sensor_async.py
[2022-06-17 22:45:43,869] {processor.py:642} INFO - Processing file /home/saba/.local/lib/python3.6/site-packages/airflow/example_dags/example_time_delta_sensor_async.py for tasks to queue
[2022-06-17 22:45:43,872] {logging_mixin.py:109} INFO - [2022-06-17 22:45:43,872] {dagbag.py:500} INFO - Filling up the DagBag from /home/saba/.local/lib/python3.6/site-packages/airflow/example_dags/example_time_delta_sensor_async.py
[2022-06-17 22:45:43,922] {processor.py:652} INFO - DAG(s) dict_keys(['example_time_delta_sensor_async']) retrieved from /home/saba/.local/lib/python3.6/site-packages/airflow/example_dags/example_time_delta_sensor_async.py
[2022-06-17 22:45:43,961] {logging_mixin.py:109} INFO - [2022-06-17 22:45:43,960] {dag.py:2398} INFO - Sync 1 DAGs
[2022-06-17 22:45:44,008] {logging_mixin.py:109} INFO - [2022-06-17 22:45:44,008] {dag.py:2937} INFO - Setting next_dagrun for example_time_delta_sensor_async to None
[2022-06-17 22:45:44,043] {processor.py:171} INFO - Processing /home/saba/.local/lib/python3.6/site-packages/airflow/example_dags/example_time_delta_sensor_async.py took 0.191 seconds
[2022-06-17 22:48:06,630] {processor.py:163} INFO - Started process (PID=10398) to work on /home/saba/.local/lib/python3.6/site-packages/airflow/example_dags/example_time_delta_sensor_async.py
[2022-06-17 22:48:06,633] {processor.py:642} INFO - Processing file /home/saba/.local/lib/python3.6/site-packages/airflow/example_dags/example_time_delta_sensor_async.py for tasks to queue
[2022-06-17 22:48:06,634] {logging_mixin.py:109} INFO - [2022-06-17 22:48:06,634] {dagbag.py:500} INFO - Filling up the DagBag from /home/saba/.local/lib/python3.6/site-packages/airflow/example_dags/example_time_delta_sensor_async.py
[2022-06-17 22:48:06,661] {processor.py:652} INFO - DAG(s) dict_keys(['example_time_delta_sensor_async']) retrieved from /home/saba/.local/lib/python3.6/site-packages/airflow/example_dags/example_time_delta_sensor_async.py
[2022-06-17 22:48:06,683] {logging_mixin.py:109} INFO - [2022-06-17 22:48:06,682] {dag.py:2398} INFO - Sync 1 DAGs
[2022-06-17 22:48:06,717] {logging_mixin.py:109} INFO - [2022-06-17 22:48:06,717] {dag.py:2937} INFO - Setting next_dagrun for example_time_delta_sensor_async to None
[2022-06-17 22:48:06,738] {processor.py:171} INFO - Processing /home/saba/.local/lib/python3.6/site-packages/airflow/example_dags/example_time_delta_sensor_async.py took 0.113 seconds
[2022-06-17 22:48:52,457] {processor.py:163} INFO - Started process (PID=10605) to work on /home/saba/.local/lib/python3.6/site-packages/airflow/example_dags/example_time_delta_sensor_async.py
[2022-06-17 22:48:52,459] {processor.py:642} INFO - Processing file /home/saba/.local/lib/python3.6/site-packages/airflow/example_dags/example_time_delta_sensor_async.py for tasks to queue
[2022-06-17 22:48:52,460] {logging_mixin.py:109} INFO - [2022-06-17 22:48:52,460] {dagbag.py:500} INFO - Filling up the DagBag from /home/saba/.local/lib/python3.6/site-packages/airflow/example_dags/example_time_delta_sensor_async.py
[2022-06-17 22:48:52,477] {processor.py:652} INFO - DAG(s) dict_keys(['example_time_delta_sensor_async']) retrieved from /home/saba/.local/lib/python3.6/site-packages/airflow/example_dags/example_time_delta_sensor_async.py
[2022-06-17 22:48:52,491] {logging_mixin.py:109} INFO - [2022-06-17 22:48:52,491] {dag.py:2398} INFO - Sync 1 DAGs
[2022-06-17 22:48:52,570] {logging_mixin.py:109} INFO - [2022-06-17 22:48:52,570] {dag.py:2937} INFO - Setting next_dagrun for example_time_delta_sensor_async to None
[2022-06-17 22:48:52,588] {processor.py:171} INFO - Processing /home/saba/.local/lib/python3.6/site-packages/airflow/example_dags/example_time_delta_sensor_async.py took 0.134 seconds
[2022-06-17 22:50:09,673] {processor.py:163} INFO - Started process (PID=11134) to work on /home/saba/.local/lib/python3.6/site-packages/airflow/example_dags/example_time_delta_sensor_async.py
[2022-06-17 22:50:09,675] {processor.py:642} INFO - Processing file /home/saba/.local/lib/python3.6/site-packages/airflow/example_dags/example_time_delta_sensor_async.py for tasks to queue
[2022-06-17 22:50:09,676] {logging_mixin.py:109} INFO - [2022-06-17 22:50:09,676] {dagbag.py:500} INFO - Filling up the DagBag from /home/saba/.local/lib/python3.6/site-packages/airflow/example_dags/example_time_delta_sensor_async.py
[2022-06-17 22:50:09,706] {processor.py:652} INFO - DAG(s) dict_keys(['example_time_delta_sensor_async']) retrieved from /home/saba/.local/lib/python3.6/site-packages/airflow/example_dags/example_time_delta_sensor_async.py
[2022-06-17 22:50:09,733] {logging_mixin.py:109} INFO - [2022-06-17 22:50:09,733] {dag.py:2398} INFO - Sync 1 DAGs
[2022-06-17 22:50:09,835] {logging_mixin.py:109} INFO - [2022-06-17 22:50:09,835] {dag.py:2937} INFO - Setting next_dagrun for example_time_delta_sensor_async to None
[2022-06-17 22:50:09,855] {processor.py:171} INFO - Processing /home/saba/.local/lib/python3.6/site-packages/airflow/example_dags/example_time_delta_sensor_async.py took 0.186 seconds
[2022-06-17 22:50:52,016] {processor.py:163} INFO - Started process (PID=11358) to work on /home/saba/.local/lib/python3.6/site-packages/airflow/example_dags/example_time_delta_sensor_async.py
[2022-06-17 22:50:52,017] {processor.py:642} INFO - Processing file /home/saba/.local/lib/python3.6/site-packages/airflow/example_dags/example_time_delta_sensor_async.py for tasks to queue
[2022-06-17 22:50:52,018] {logging_mixin.py:109} INFO - [2022-06-17 22:50:52,018] {dagbag.py:500} INFO - Filling up the DagBag from /home/saba/.local/lib/python3.6/site-packages/airflow/example_dags/example_time_delta_sensor_async.py
[2022-06-17 22:50:52,033] {processor.py:652} INFO - DAG(s) dict_keys(['example_time_delta_sensor_async']) retrieved from /home/saba/.local/lib/python3.6/site-packages/airflow/example_dags/example_time_delta_sensor_async.py
[2022-06-17 22:50:52,045] {logging_mixin.py:109} INFO - [2022-06-17 22:50:52,044] {dag.py:2398} INFO - Sync 1 DAGs
[2022-06-17 22:50:52,116] {logging_mixin.py:109} INFO - [2022-06-17 22:50:52,116] {dag.py:2937} INFO - Setting next_dagrun for example_time_delta_sensor_async to None
[2022-06-17 22:50:52,133] {processor.py:171} INFO - Processing /home/saba/.local/lib/python3.6/site-packages/airflow/example_dags/example_time_delta_sensor_async.py took 0.119 seconds
[2022-06-17 22:51:50,110] {processor.py:163} INFO - Started process (PID=11568) to work on /home/saba/.local/lib/python3.6/site-packages/airflow/example_dags/example_time_delta_sensor_async.py
[2022-06-17 22:51:50,114] {processor.py:642} INFO - Processing file /home/saba/.local/lib/python3.6/site-packages/airflow/example_dags/example_time_delta_sensor_async.py for tasks to queue
[2022-06-17 22:51:50,116] {logging_mixin.py:109} INFO - [2022-06-17 22:51:50,116] {dagbag.py:500} INFO - Filling up the DagBag from /home/saba/.local/lib/python3.6/site-packages/airflow/example_dags/example_time_delta_sensor_async.py
[2022-06-17 22:51:50,171] {processor.py:652} INFO - DAG(s) dict_keys(['example_time_delta_sensor_async']) retrieved from /home/saba/.local/lib/python3.6/site-packages/airflow/example_dags/example_time_delta_sensor_async.py
[2022-06-17 22:51:50,378] {logging_mixin.py:109} INFO - [2022-06-17 22:51:50,378] {dag.py:2398} INFO - Sync 1 DAGs
[2022-06-17 22:51:50,412] {logging_mixin.py:109} INFO - [2022-06-17 22:51:50,412] {dag.py:2937} INFO - Setting next_dagrun for example_time_delta_sensor_async to None
[2022-06-17 22:51:50,462] {processor.py:171} INFO - Processing /home/saba/.local/lib/python3.6/site-packages/airflow/example_dags/example_time_delta_sensor_async.py took 0.361 seconds
[2022-06-17 22:52:35,901] {processor.py:163} INFO - Started process (PID=11769) to work on /home/saba/.local/lib/python3.6/site-packages/airflow/example_dags/example_time_delta_sensor_async.py
[2022-06-17 22:52:35,903] {processor.py:642} INFO - Processing file /home/saba/.local/lib/python3.6/site-packages/airflow/example_dags/example_time_delta_sensor_async.py for tasks to queue
[2022-06-17 22:52:35,904] {logging_mixin.py:109} INFO - [2022-06-17 22:52:35,904] {dagbag.py:500} INFO - Filling up the DagBag from /home/saba/.local/lib/python3.6/site-packages/airflow/example_dags/example_time_delta_sensor_async.py
[2022-06-17 22:52:35,969] {processor.py:652} INFO - DAG(s) dict_keys(['example_time_delta_sensor_async']) retrieved from /home/saba/.local/lib/python3.6/site-packages/airflow/example_dags/example_time_delta_sensor_async.py
[2022-06-17 22:52:35,976] {logging_mixin.py:109} INFO - [2022-06-17 22:52:35,976] {dag.py:2398} INFO - Sync 1 DAGs
[2022-06-17 22:52:35,986] {logging_mixin.py:109} INFO - [2022-06-17 22:52:35,986] {dag.py:2937} INFO - Setting next_dagrun for example_time_delta_sensor_async to None
[2022-06-17 22:52:36,002] {processor.py:171} INFO - Processing /home/saba/.local/lib/python3.6/site-packages/airflow/example_dags/example_time_delta_sensor_async.py took 0.105 seconds
[2022-06-17 22:53:38,937] {processor.py:163} INFO - Started process (PID=12508) to work on /home/saba/.local/lib/python3.6/site-packages/airflow/example_dags/example_time_delta_sensor_async.py
[2022-06-17 22:53:38,940] {processor.py:642} INFO - Processing file /home/saba/.local/lib/python3.6/site-packages/airflow/example_dags/example_time_delta_sensor_async.py for tasks to queue
[2022-06-17 22:53:38,941] {logging_mixin.py:109} INFO - [2022-06-17 22:53:38,940] {dagbag.py:500} INFO - Filling up the DagBag from /home/saba/.local/lib/python3.6/site-packages/airflow/example_dags/example_time_delta_sensor_async.py
[2022-06-17 22:53:39,019] {processor.py:652} INFO - DAG(s) dict_keys(['example_time_delta_sensor_async']) retrieved from /home/saba/.local/lib/python3.6/site-packages/airflow/example_dags/example_time_delta_sensor_async.py
[2022-06-17 22:53:39,029] {logging_mixin.py:109} INFO - [2022-06-17 22:53:39,029] {dag.py:2398} INFO - Sync 1 DAGs
[2022-06-17 22:53:39,040] {logging_mixin.py:109} INFO - [2022-06-17 22:53:39,039] {dag.py:2937} INFO - Setting next_dagrun for example_time_delta_sensor_async to None
[2022-06-17 22:53:39,056] {processor.py:171} INFO - Processing /home/saba/.local/lib/python3.6/site-packages/airflow/example_dags/example_time_delta_sensor_async.py took 0.121 seconds
[2022-06-17 22:54:21,571] {processor.py:163} INFO - Started process (PID=12716) to work on /home/saba/.local/lib/python3.6/site-packages/airflow/example_dags/example_time_delta_sensor_async.py
[2022-06-17 22:54:21,573] {processor.py:642} INFO - Processing file /home/saba/.local/lib/python3.6/site-packages/airflow/example_dags/example_time_delta_sensor_async.py for tasks to queue
[2022-06-17 22:54:21,573] {logging_mixin.py:109} INFO - [2022-06-17 22:54:21,573] {dagbag.py:500} INFO - Filling up the DagBag from /home/saba/.local/lib/python3.6/site-packages/airflow/example_dags/example_time_delta_sensor_async.py
[2022-06-17 22:54:21,635] {processor.py:652} INFO - DAG(s) dict_keys(['example_time_delta_sensor_async']) retrieved from /home/saba/.local/lib/python3.6/site-packages/airflow/example_dags/example_time_delta_sensor_async.py
[2022-06-17 22:54:21,643] {logging_mixin.py:109} INFO - [2022-06-17 22:54:21,643] {dag.py:2398} INFO - Sync 1 DAGs
[2022-06-17 22:54:21,653] {logging_mixin.py:109} INFO - [2022-06-17 22:54:21,653] {dag.py:2937} INFO - Setting next_dagrun for example_time_delta_sensor_async to None
[2022-06-17 22:54:21,674] {processor.py:171} INFO - Processing /home/saba/.local/lib/python3.6/site-packages/airflow/example_dags/example_time_delta_sensor_async.py took 0.105 seconds
[2022-06-17 22:55:01,756] {processor.py:163} INFO - Started process (PID=12923) to work on /home/saba/.local/lib/python3.6/site-packages/airflow/example_dags/example_time_delta_sensor_async.py
[2022-06-17 22:55:01,758] {processor.py:642} INFO - Processing file /home/saba/.local/lib/python3.6/site-packages/airflow/example_dags/example_time_delta_sensor_async.py for tasks to queue
[2022-06-17 22:55:01,758] {logging_mixin.py:109} INFO - [2022-06-17 22:55:01,758] {dagbag.py:500} INFO - Filling up the DagBag from /home/saba/.local/lib/python3.6/site-packages/airflow/example_dags/example_time_delta_sensor_async.py
[2022-06-17 22:55:01,772] {processor.py:652} INFO - DAG(s) dict_keys(['example_time_delta_sensor_async']) retrieved from /home/saba/.local/lib/python3.6/site-packages/airflow/example_dags/example_time_delta_sensor_async.py
[2022-06-17 22:55:01,784] {logging_mixin.py:109} INFO - [2022-06-17 22:55:01,784] {dag.py:2398} INFO - Sync 1 DAGs
[2022-06-17 22:55:01,797] {logging_mixin.py:109} INFO - [2022-06-17 22:55:01,797] {dag.py:2937} INFO - Setting next_dagrun for example_time_delta_sensor_async to None
[2022-06-17 22:55:01,816] {processor.py:171} INFO - Processing /home/saba/.local/lib/python3.6/site-packages/airflow/example_dags/example_time_delta_sensor_async.py took 0.062 seconds
