[2022-06-17 22:07:21,637] {processor.py:163} INFO - Started process (PID=1689) to work on /home/saba/.local/lib/python3.6/site-packages/airflow/example_dags/example_kubernetes_executor.py
[2022-06-17 22:07:21,639] {processor.py:642} INFO - Processing file /home/saba/.local/lib/python3.6/site-packages/airflow/example_dags/example_kubernetes_executor.py for tasks to queue
[2022-06-17 22:07:21,640] {logging_mixin.py:109} INFO - [2022-06-17 22:07:21,640] {dagbag.py:500} INFO - Filling up the DagBag from /home/saba/.local/lib/python3.6/site-packages/airflow/example_dags/example_kubernetes_executor.py
[2022-06-17 22:07:21,657] {logging_mixin.py:109} INFO - [2022-06-17 22:07:21,657] {example_kubernetes_executor.py:40} WARNING - The example_kubernetes_executor example DAG requires the kubernetes provider. Please install it with: pip install apache-airflow[cncf.kubernetes]
[2022-06-17 22:07:21,657] {processor.py:654} WARNING - No viable dags retrieved from /home/saba/.local/lib/python3.6/site-packages/airflow/example_dags/example_kubernetes_executor.py
[2022-06-17 22:07:21,668] {processor.py:171} INFO - Processing /home/saba/.local/lib/python3.6/site-packages/airflow/example_dags/example_kubernetes_executor.py took 0.035 seconds
[2022-06-17 22:08:14,545] {processor.py:163} INFO - Started process (PID=1935) to work on /home/saba/.local/lib/python3.6/site-packages/airflow/example_dags/example_kubernetes_executor.py
[2022-06-17 22:08:14,548] {processor.py:642} INFO - Processing file /home/saba/.local/lib/python3.6/site-packages/airflow/example_dags/example_kubernetes_executor.py for tasks to queue
[2022-06-17 22:08:14,550] {logging_mixin.py:109} INFO - [2022-06-17 22:08:14,549] {dagbag.py:500} INFO - Filling up the DagBag from /home/saba/.local/lib/python3.6/site-packages/airflow/example_dags/example_kubernetes_executor.py
[2022-06-17 22:08:14,571] {logging_mixin.py:109} INFO - [2022-06-17 22:08:14,571] {example_kubernetes_executor.py:40} WARNING - The example_kubernetes_executor example DAG requires the kubernetes provider. Please install it with: pip install apache-airflow[cncf.kubernetes]
[2022-06-17 22:08:14,571] {processor.py:654} WARNING - No viable dags retrieved from /home/saba/.local/lib/python3.6/site-packages/airflow/example_dags/example_kubernetes_executor.py
[2022-06-17 22:08:14,584] {processor.py:171} INFO - Processing /home/saba/.local/lib/python3.6/site-packages/airflow/example_dags/example_kubernetes_executor.py took 0.045 seconds
[2022-06-17 22:09:02,947] {processor.py:163} INFO - Started process (PID=2160) to work on /home/saba/.local/lib/python3.6/site-packages/airflow/example_dags/example_kubernetes_executor.py
[2022-06-17 22:09:02,951] {processor.py:642} INFO - Processing file /home/saba/.local/lib/python3.6/site-packages/airflow/example_dags/example_kubernetes_executor.py for tasks to queue
[2022-06-17 22:09:02,953] {logging_mixin.py:109} INFO - [2022-06-17 22:09:02,953] {dagbag.py:500} INFO - Filling up the DagBag from /home/saba/.local/lib/python3.6/site-packages/airflow/example_dags/example_kubernetes_executor.py
[2022-06-17 22:09:03,000] {logging_mixin.py:109} INFO - [2022-06-17 22:09:02,999] {example_kubernetes_executor.py:40} WARNING - The example_kubernetes_executor example DAG requires the kubernetes provider. Please install it with: pip install apache-airflow[cncf.kubernetes]
[2022-06-17 22:09:03,000] {processor.py:654} WARNING - No viable dags retrieved from /home/saba/.local/lib/python3.6/site-packages/airflow/example_dags/example_kubernetes_executor.py
[2022-06-17 22:09:03,024] {processor.py:171} INFO - Processing /home/saba/.local/lib/python3.6/site-packages/airflow/example_dags/example_kubernetes_executor.py took 0.086 seconds
[2022-06-17 22:10:05,256] {processor.py:163} INFO - Started process (PID=2435) to work on /home/saba/.local/lib/python3.6/site-packages/airflow/example_dags/example_kubernetes_executor.py
[2022-06-17 22:10:05,261] {processor.py:642} INFO - Processing file /home/saba/.local/lib/python3.6/site-packages/airflow/example_dags/example_kubernetes_executor.py for tasks to queue
[2022-06-17 22:10:05,263] {logging_mixin.py:109} INFO - [2022-06-17 22:10:05,263] {dagbag.py:500} INFO - Filling up the DagBag from /home/saba/.local/lib/python3.6/site-packages/airflow/example_dags/example_kubernetes_executor.py
[2022-06-17 22:10:05,291] {logging_mixin.py:109} INFO - [2022-06-17 22:10:05,290] {example_kubernetes_executor.py:40} WARNING - The example_kubernetes_executor example DAG requires the kubernetes provider. Please install it with: pip install apache-airflow[cncf.kubernetes]
[2022-06-17 22:10:05,291] {processor.py:654} WARNING - No viable dags retrieved from /home/saba/.local/lib/python3.6/site-packages/airflow/example_dags/example_kubernetes_executor.py
[2022-06-17 22:10:05,311] {processor.py:171} INFO - Processing /home/saba/.local/lib/python3.6/site-packages/airflow/example_dags/example_kubernetes_executor.py took 0.064 seconds
[2022-06-17 22:18:15,875] {processor.py:163} INFO - Started process (PID=175) to work on /home/saba/.local/lib/python3.6/site-packages/airflow/example_dags/example_kubernetes_executor.py
[2022-06-17 22:18:15,876] {processor.py:642} INFO - Processing file /home/saba/.local/lib/python3.6/site-packages/airflow/example_dags/example_kubernetes_executor.py for tasks to queue
[2022-06-17 22:18:15,877] {logging_mixin.py:109} INFO - [2022-06-17 22:18:15,877] {dagbag.py:500} INFO - Filling up the DagBag from /home/saba/.local/lib/python3.6/site-packages/airflow/example_dags/example_kubernetes_executor.py
[2022-06-17 22:18:15,884] {logging_mixin.py:109} INFO - [2022-06-17 22:18:15,884] {example_kubernetes_executor.py:40} WARNING - The example_kubernetes_executor example DAG requires the kubernetes provider. Please install it with: pip install apache-airflow[cncf.kubernetes]
[2022-06-17 22:18:15,884] {processor.py:654} WARNING - No viable dags retrieved from /home/saba/.local/lib/python3.6/site-packages/airflow/example_dags/example_kubernetes_executor.py
[2022-06-17 22:18:15,891] {processor.py:171} INFO - Processing /home/saba/.local/lib/python3.6/site-packages/airflow/example_dags/example_kubernetes_executor.py took 0.018 seconds
[2022-06-17 22:19:05,240] {processor.py:163} INFO - Started process (PID=347) to work on /home/saba/.local/lib/python3.6/site-packages/airflow/example_dags/example_kubernetes_executor.py
[2022-06-17 22:19:05,245] {processor.py:642} INFO - Processing file /home/saba/.local/lib/python3.6/site-packages/airflow/example_dags/example_kubernetes_executor.py for tasks to queue
[2022-06-17 22:19:05,248] {logging_mixin.py:109} INFO - [2022-06-17 22:19:05,247] {dagbag.py:500} INFO - Filling up the DagBag from /home/saba/.local/lib/python3.6/site-packages/airflow/example_dags/example_kubernetes_executor.py
[2022-06-17 22:19:05,305] {logging_mixin.py:109} INFO - [2022-06-17 22:19:05,305] {example_kubernetes_executor.py:40} WARNING - The example_kubernetes_executor example DAG requires the kubernetes provider. Please install it with: pip install apache-airflow[cncf.kubernetes]
[2022-06-17 22:19:05,306] {processor.py:654} WARNING - No viable dags retrieved from /home/saba/.local/lib/python3.6/site-packages/airflow/example_dags/example_kubernetes_executor.py
[2022-06-17 22:19:05,340] {processor.py:171} INFO - Processing /home/saba/.local/lib/python3.6/site-packages/airflow/example_dags/example_kubernetes_executor.py took 0.118 seconds
[2022-06-17 22:19:55,664] {processor.py:163} INFO - Started process (PID=3503) to work on /home/saba/.local/lib/python3.6/site-packages/airflow/example_dags/example_kubernetes_executor.py
[2022-06-17 22:19:55,666] {processor.py:642} INFO - Processing file /home/saba/.local/lib/python3.6/site-packages/airflow/example_dags/example_kubernetes_executor.py for tasks to queue
[2022-06-17 22:19:55,667] {logging_mixin.py:109} INFO - [2022-06-17 22:19:55,666] {dagbag.py:500} INFO - Filling up the DagBag from /home/saba/.local/lib/python3.6/site-packages/airflow/example_dags/example_kubernetes_executor.py
[2022-06-17 22:19:55,682] {logging_mixin.py:109} INFO - [2022-06-17 22:19:55,682] {example_kubernetes_executor.py:40} WARNING - The example_kubernetes_executor example DAG requires the kubernetes provider. Please install it with: pip install apache-airflow[cncf.kubernetes]
[2022-06-17 22:19:55,682] {processor.py:654} WARNING - No viable dags retrieved from /home/saba/.local/lib/python3.6/site-packages/airflow/example_dags/example_kubernetes_executor.py
[2022-06-17 22:19:55,690] {processor.py:171} INFO - Processing /home/saba/.local/lib/python3.6/site-packages/airflow/example_dags/example_kubernetes_executor.py took 0.030 seconds
[2022-06-17 22:20:34,713] {processor.py:163} INFO - Started process (PID=3557) to work on /home/saba/.local/lib/python3.6/site-packages/airflow/example_dags/example_kubernetes_executor.py
[2022-06-17 22:20:34,715] {processor.py:642} INFO - Processing file /home/saba/.local/lib/python3.6/site-packages/airflow/example_dags/example_kubernetes_executor.py for tasks to queue
[2022-06-17 22:20:34,715] {logging_mixin.py:109} INFO - [2022-06-17 22:20:34,715] {dagbag.py:500} INFO - Filling up the DagBag from /home/saba/.local/lib/python3.6/site-packages/airflow/example_dags/example_kubernetes_executor.py
[2022-06-17 22:20:34,733] {logging_mixin.py:109} INFO - [2022-06-17 22:20:34,733] {example_kubernetes_executor.py:40} WARNING - The example_kubernetes_executor example DAG requires the kubernetes provider. Please install it with: pip install apache-airflow[cncf.kubernetes]
[2022-06-17 22:20:34,733] {processor.py:654} WARNING - No viable dags retrieved from /home/saba/.local/lib/python3.6/site-packages/airflow/example_dags/example_kubernetes_executor.py
[2022-06-17 22:20:34,742] {processor.py:171} INFO - Processing /home/saba/.local/lib/python3.6/site-packages/airflow/example_dags/example_kubernetes_executor.py took 0.033 seconds
[2022-06-17 22:21:11,713] {processor.py:163} INFO - Started process (PID=3609) to work on /home/saba/.local/lib/python3.6/site-packages/airflow/example_dags/example_kubernetes_executor.py
[2022-06-17 22:21:11,715] {processor.py:642} INFO - Processing file /home/saba/.local/lib/python3.6/site-packages/airflow/example_dags/example_kubernetes_executor.py for tasks to queue
[2022-06-17 22:21:11,716] {logging_mixin.py:109} INFO - [2022-06-17 22:21:11,716] {dagbag.py:500} INFO - Filling up the DagBag from /home/saba/.local/lib/python3.6/site-packages/airflow/example_dags/example_kubernetes_executor.py
[2022-06-17 22:21:11,733] {logging_mixin.py:109} INFO - [2022-06-17 22:21:11,733] {example_kubernetes_executor.py:40} WARNING - The example_kubernetes_executor example DAG requires the kubernetes provider. Please install it with: pip install apache-airflow[cncf.kubernetes]
[2022-06-17 22:21:11,733] {processor.py:654} WARNING - No viable dags retrieved from /home/saba/.local/lib/python3.6/site-packages/airflow/example_dags/example_kubernetes_executor.py
[2022-06-17 22:21:11,741] {processor.py:171} INFO - Processing /home/saba/.local/lib/python3.6/site-packages/airflow/example_dags/example_kubernetes_executor.py took 0.031 seconds
[2022-06-17 22:21:47,688] {processor.py:163} INFO - Started process (PID=3671) to work on /home/saba/.local/lib/python3.6/site-packages/airflow/example_dags/example_kubernetes_executor.py
[2022-06-17 22:21:47,689] {processor.py:642} INFO - Processing file /home/saba/.local/lib/python3.6/site-packages/airflow/example_dags/example_kubernetes_executor.py for tasks to queue
[2022-06-17 22:21:47,690] {logging_mixin.py:109} INFO - [2022-06-17 22:21:47,690] {dagbag.py:500} INFO - Filling up the DagBag from /home/saba/.local/lib/python3.6/site-packages/airflow/example_dags/example_kubernetes_executor.py
[2022-06-17 22:21:47,702] {logging_mixin.py:109} INFO - [2022-06-17 22:21:47,702] {example_kubernetes_executor.py:40} WARNING - The example_kubernetes_executor example DAG requires the kubernetes provider. Please install it with: pip install apache-airflow[cncf.kubernetes]
[2022-06-17 22:21:47,702] {processor.py:654} WARNING - No viable dags retrieved from /home/saba/.local/lib/python3.6/site-packages/airflow/example_dags/example_kubernetes_executor.py
[2022-06-17 22:21:47,710] {processor.py:171} INFO - Processing /home/saba/.local/lib/python3.6/site-packages/airflow/example_dags/example_kubernetes_executor.py took 0.026 seconds
[2022-06-17 22:22:23,261] {processor.py:163} INFO - Started process (PID=3729) to work on /home/saba/.local/lib/python3.6/site-packages/airflow/example_dags/example_kubernetes_executor.py
[2022-06-17 22:22:23,263] {processor.py:642} INFO - Processing file /home/saba/.local/lib/python3.6/site-packages/airflow/example_dags/example_kubernetes_executor.py for tasks to queue
[2022-06-17 22:22:23,264] {logging_mixin.py:109} INFO - [2022-06-17 22:22:23,264] {dagbag.py:500} INFO - Filling up the DagBag from /home/saba/.local/lib/python3.6/site-packages/airflow/example_dags/example_kubernetes_executor.py
[2022-06-17 22:22:23,280] {logging_mixin.py:109} INFO - [2022-06-17 22:22:23,280] {example_kubernetes_executor.py:40} WARNING - The example_kubernetes_executor example DAG requires the kubernetes provider. Please install it with: pip install apache-airflow[cncf.kubernetes]
[2022-06-17 22:22:23,281] {processor.py:654} WARNING - No viable dags retrieved from /home/saba/.local/lib/python3.6/site-packages/airflow/example_dags/example_kubernetes_executor.py
[2022-06-17 22:22:23,294] {processor.py:171} INFO - Processing /home/saba/.local/lib/python3.6/site-packages/airflow/example_dags/example_kubernetes_executor.py took 0.038 seconds
[2022-06-17 22:23:00,294] {processor.py:163} INFO - Started process (PID=3780) to work on /home/saba/.local/lib/python3.6/site-packages/airflow/example_dags/example_kubernetes_executor.py
[2022-06-17 22:23:00,295] {processor.py:642} INFO - Processing file /home/saba/.local/lib/python3.6/site-packages/airflow/example_dags/example_kubernetes_executor.py for tasks to queue
[2022-06-17 22:23:00,296] {logging_mixin.py:109} INFO - [2022-06-17 22:23:00,296] {dagbag.py:500} INFO - Filling up the DagBag from /home/saba/.local/lib/python3.6/site-packages/airflow/example_dags/example_kubernetes_executor.py
[2022-06-17 22:23:00,307] {logging_mixin.py:109} INFO - [2022-06-17 22:23:00,307] {example_kubernetes_executor.py:40} WARNING - The example_kubernetes_executor example DAG requires the kubernetes provider. Please install it with: pip install apache-airflow[cncf.kubernetes]
[2022-06-17 22:23:00,307] {processor.py:654} WARNING - No viable dags retrieved from /home/saba/.local/lib/python3.6/site-packages/airflow/example_dags/example_kubernetes_executor.py
[2022-06-17 22:23:00,315] {processor.py:171} INFO - Processing /home/saba/.local/lib/python3.6/site-packages/airflow/example_dags/example_kubernetes_executor.py took 0.024 seconds
[2022-06-17 22:23:35,994] {processor.py:163} INFO - Started process (PID=3833) to work on /home/saba/.local/lib/python3.6/site-packages/airflow/example_dags/example_kubernetes_executor.py
[2022-06-17 22:23:35,996] {processor.py:642} INFO - Processing file /home/saba/.local/lib/python3.6/site-packages/airflow/example_dags/example_kubernetes_executor.py for tasks to queue
[2022-06-17 22:23:35,997] {logging_mixin.py:109} INFO - [2022-06-17 22:23:35,997] {dagbag.py:500} INFO - Filling up the DagBag from /home/saba/.local/lib/python3.6/site-packages/airflow/example_dags/example_kubernetes_executor.py
[2022-06-17 22:23:36,014] {logging_mixin.py:109} INFO - [2022-06-17 22:23:36,014] {example_kubernetes_executor.py:40} WARNING - The example_kubernetes_executor example DAG requires the kubernetes provider. Please install it with: pip install apache-airflow[cncf.kubernetes]
[2022-06-17 22:23:36,014] {processor.py:654} WARNING - No viable dags retrieved from /home/saba/.local/lib/python3.6/site-packages/airflow/example_dags/example_kubernetes_executor.py
[2022-06-17 22:23:36,025] {processor.py:171} INFO - Processing /home/saba/.local/lib/python3.6/site-packages/airflow/example_dags/example_kubernetes_executor.py took 0.035 seconds
[2022-06-17 22:24:14,439] {processor.py:163} INFO - Started process (PID=3945) to work on /home/saba/.local/lib/python3.6/site-packages/airflow/example_dags/example_kubernetes_executor.py
[2022-06-17 22:24:14,441] {processor.py:642} INFO - Processing file /home/saba/.local/lib/python3.6/site-packages/airflow/example_dags/example_kubernetes_executor.py for tasks to queue
[2022-06-17 22:24:14,442] {logging_mixin.py:109} INFO - [2022-06-17 22:24:14,441] {dagbag.py:500} INFO - Filling up the DagBag from /home/saba/.local/lib/python3.6/site-packages/airflow/example_dags/example_kubernetes_executor.py
[2022-06-17 22:24:14,454] {logging_mixin.py:109} INFO - [2022-06-17 22:24:14,454] {example_kubernetes_executor.py:40} WARNING - The example_kubernetes_executor example DAG requires the kubernetes provider. Please install it with: pip install apache-airflow[cncf.kubernetes]
[2022-06-17 22:24:14,455] {processor.py:654} WARNING - No viable dags retrieved from /home/saba/.local/lib/python3.6/site-packages/airflow/example_dags/example_kubernetes_executor.py
[2022-06-17 22:24:14,464] {processor.py:171} INFO - Processing /home/saba/.local/lib/python3.6/site-packages/airflow/example_dags/example_kubernetes_executor.py took 0.029 seconds
[2022-06-17 22:24:49,418] {processor.py:163} INFO - Started process (PID=3998) to work on /home/saba/.local/lib/python3.6/site-packages/airflow/example_dags/example_kubernetes_executor.py
[2022-06-17 22:24:49,420] {processor.py:642} INFO - Processing file /home/saba/.local/lib/python3.6/site-packages/airflow/example_dags/example_kubernetes_executor.py for tasks to queue
[2022-06-17 22:24:49,420] {logging_mixin.py:109} INFO - [2022-06-17 22:24:49,420] {dagbag.py:500} INFO - Filling up the DagBag from /home/saba/.local/lib/python3.6/site-packages/airflow/example_dags/example_kubernetes_executor.py
[2022-06-17 22:24:49,434] {logging_mixin.py:109} INFO - [2022-06-17 22:24:49,434] {example_kubernetes_executor.py:40} WARNING - The example_kubernetes_executor example DAG requires the kubernetes provider. Please install it with: pip install apache-airflow[cncf.kubernetes]
[2022-06-17 22:24:49,435] {processor.py:654} WARNING - No viable dags retrieved from /home/saba/.local/lib/python3.6/site-packages/airflow/example_dags/example_kubernetes_executor.py
[2022-06-17 22:24:49,444] {processor.py:171} INFO - Processing /home/saba/.local/lib/python3.6/site-packages/airflow/example_dags/example_kubernetes_executor.py took 0.030 seconds
[2022-06-17 22:25:37,774] {processor.py:163} INFO - Started process (PID=4242) to work on /home/saba/.local/lib/python3.6/site-packages/airflow/example_dags/example_kubernetes_executor.py
[2022-06-17 22:25:37,781] {processor.py:642} INFO - Processing file /home/saba/.local/lib/python3.6/site-packages/airflow/example_dags/example_kubernetes_executor.py for tasks to queue
[2022-06-17 22:25:37,784] {logging_mixin.py:109} INFO - [2022-06-17 22:25:37,783] {dagbag.py:500} INFO - Filling up the DagBag from /home/saba/.local/lib/python3.6/site-packages/airflow/example_dags/example_kubernetes_executor.py
[2022-06-17 22:25:37,853] {logging_mixin.py:109} INFO - [2022-06-17 22:25:37,852] {example_kubernetes_executor.py:40} WARNING - The example_kubernetes_executor example DAG requires the kubernetes provider. Please install it with: pip install apache-airflow[cncf.kubernetes]
[2022-06-17 22:25:37,857] {processor.py:654} WARNING - No viable dags retrieved from /home/saba/.local/lib/python3.6/site-packages/airflow/example_dags/example_kubernetes_executor.py
[2022-06-17 22:25:37,936] {processor.py:171} INFO - Processing /home/saba/.local/lib/python3.6/site-packages/airflow/example_dags/example_kubernetes_executor.py took 0.176 seconds
[2022-06-17 22:26:31,988] {processor.py:163} INFO - Started process (PID=4417) to work on /home/saba/.local/lib/python3.6/site-packages/airflow/example_dags/example_kubernetes_executor.py
[2022-06-17 22:26:31,999] {processor.py:642} INFO - Processing file /home/saba/.local/lib/python3.6/site-packages/airflow/example_dags/example_kubernetes_executor.py for tasks to queue
[2022-06-17 22:26:32,002] {logging_mixin.py:109} INFO - [2022-06-17 22:26:32,001] {dagbag.py:500} INFO - Filling up the DagBag from /home/saba/.local/lib/python3.6/site-packages/airflow/example_dags/example_kubernetes_executor.py
[2022-06-17 22:26:32,053] {logging_mixin.py:109} INFO - [2022-06-17 22:26:32,053] {example_kubernetes_executor.py:40} WARNING - The example_kubernetes_executor example DAG requires the kubernetes provider. Please install it with: pip install apache-airflow[cncf.kubernetes]
[2022-06-17 22:26:32,055] {processor.py:654} WARNING - No viable dags retrieved from /home/saba/.local/lib/python3.6/site-packages/airflow/example_dags/example_kubernetes_executor.py
[2022-06-17 22:26:32,078] {processor.py:171} INFO - Processing /home/saba/.local/lib/python3.6/site-packages/airflow/example_dags/example_kubernetes_executor.py took 0.099 seconds
[2022-06-17 22:27:26,081] {processor.py:163} INFO - Started process (PID=4494) to work on /home/saba/.local/lib/python3.6/site-packages/airflow/example_dags/example_kubernetes_executor.py
[2022-06-17 22:27:26,084] {processor.py:642} INFO - Processing file /home/saba/.local/lib/python3.6/site-packages/airflow/example_dags/example_kubernetes_executor.py for tasks to queue
[2022-06-17 22:27:26,085] {logging_mixin.py:109} INFO - [2022-06-17 22:27:26,085] {dagbag.py:500} INFO - Filling up the DagBag from /home/saba/.local/lib/python3.6/site-packages/airflow/example_dags/example_kubernetes_executor.py
[2022-06-17 22:27:26,107] {logging_mixin.py:109} INFO - [2022-06-17 22:27:26,106] {example_kubernetes_executor.py:40} WARNING - The example_kubernetes_executor example DAG requires the kubernetes provider. Please install it with: pip install apache-airflow[cncf.kubernetes]
[2022-06-17 22:27:26,107] {processor.py:654} WARNING - No viable dags retrieved from /home/saba/.local/lib/python3.6/site-packages/airflow/example_dags/example_kubernetes_executor.py
[2022-06-17 22:27:26,125] {processor.py:171} INFO - Processing /home/saba/.local/lib/python3.6/site-packages/airflow/example_dags/example_kubernetes_executor.py took 0.050 seconds
[2022-06-17 22:28:30,724] {processor.py:163} INFO - Started process (PID=4569) to work on /home/saba/.local/lib/python3.6/site-packages/airflow/example_dags/example_kubernetes_executor.py
[2022-06-17 22:28:30,731] {processor.py:642} INFO - Processing file /home/saba/.local/lib/python3.6/site-packages/airflow/example_dags/example_kubernetes_executor.py for tasks to queue
[2022-06-17 22:28:30,735] {logging_mixin.py:109} INFO - [2022-06-17 22:28:30,734] {dagbag.py:500} INFO - Filling up the DagBag from /home/saba/.local/lib/python3.6/site-packages/airflow/example_dags/example_kubernetes_executor.py
[2022-06-17 22:28:30,815] {logging_mixin.py:109} INFO - [2022-06-17 22:28:30,811] {example_kubernetes_executor.py:40} WARNING - The example_kubernetes_executor example DAG requires the kubernetes provider. Please install it with: pip install apache-airflow[cncf.kubernetes]
[2022-06-17 22:28:30,822] {processor.py:654} WARNING - No viable dags retrieved from /home/saba/.local/lib/python3.6/site-packages/airflow/example_dags/example_kubernetes_executor.py
[2022-06-17 22:28:30,869] {processor.py:171} INFO - Processing /home/saba/.local/lib/python3.6/site-packages/airflow/example_dags/example_kubernetes_executor.py took 0.170 seconds
[2022-06-17 22:29:34,300] {processor.py:163} INFO - Started process (PID=4628) to work on /home/saba/.local/lib/python3.6/site-packages/airflow/example_dags/example_kubernetes_executor.py
[2022-06-17 22:29:34,307] {processor.py:642} INFO - Processing file /home/saba/.local/lib/python3.6/site-packages/airflow/example_dags/example_kubernetes_executor.py for tasks to queue
[2022-06-17 22:29:34,310] {logging_mixin.py:109} INFO - [2022-06-17 22:29:34,309] {dagbag.py:500} INFO - Filling up the DagBag from /home/saba/.local/lib/python3.6/site-packages/airflow/example_dags/example_kubernetes_executor.py
[2022-06-17 22:29:34,396] {logging_mixin.py:109} INFO - [2022-06-17 22:29:34,396] {example_kubernetes_executor.py:40} WARNING - The example_kubernetes_executor example DAG requires the kubernetes provider. Please install it with: pip install apache-airflow[cncf.kubernetes]
[2022-06-17 22:29:34,397] {processor.py:654} WARNING - No viable dags retrieved from /home/saba/.local/lib/python3.6/site-packages/airflow/example_dags/example_kubernetes_executor.py
[2022-06-17 22:29:34,474] {processor.py:171} INFO - Processing /home/saba/.local/lib/python3.6/site-packages/airflow/example_dags/example_kubernetes_executor.py took 0.190 seconds
[2022-06-17 22:30:29,870] {processor.py:163} INFO - Started process (PID=4972) to work on /home/saba/.local/lib/python3.6/site-packages/airflow/example_dags/example_kubernetes_executor.py
[2022-06-17 22:30:29,875] {processor.py:642} INFO - Processing file /home/saba/.local/lib/python3.6/site-packages/airflow/example_dags/example_kubernetes_executor.py for tasks to queue
[2022-06-17 22:30:29,878] {logging_mixin.py:109} INFO - [2022-06-17 22:30:29,878] {dagbag.py:500} INFO - Filling up the DagBag from /home/saba/.local/lib/python3.6/site-packages/airflow/example_dags/example_kubernetes_executor.py
[2022-06-17 22:30:29,927] {logging_mixin.py:109} INFO - [2022-06-17 22:30:29,926] {example_kubernetes_executor.py:40} WARNING - The example_kubernetes_executor example DAG requires the kubernetes provider. Please install it with: pip install apache-airflow[cncf.kubernetes]
[2022-06-17 22:30:29,928] {processor.py:654} WARNING - No viable dags retrieved from /home/saba/.local/lib/python3.6/site-packages/airflow/example_dags/example_kubernetes_executor.py
[2022-06-17 22:30:29,957] {processor.py:171} INFO - Processing /home/saba/.local/lib/python3.6/site-packages/airflow/example_dags/example_kubernetes_executor.py took 0.101 seconds
[2022-06-17 22:31:13,582] {processor.py:163} INFO - Started process (PID=5059) to work on /home/saba/.local/lib/python3.6/site-packages/airflow/example_dags/example_kubernetes_executor.py
[2022-06-17 22:31:13,585] {processor.py:642} INFO - Processing file /home/saba/.local/lib/python3.6/site-packages/airflow/example_dags/example_kubernetes_executor.py for tasks to queue
[2022-06-17 22:31:13,586] {logging_mixin.py:109} INFO - [2022-06-17 22:31:13,586] {dagbag.py:500} INFO - Filling up the DagBag from /home/saba/.local/lib/python3.6/site-packages/airflow/example_dags/example_kubernetes_executor.py
[2022-06-17 22:31:13,612] {logging_mixin.py:109} INFO - [2022-06-17 22:31:13,612] {example_kubernetes_executor.py:40} WARNING - The example_kubernetes_executor example DAG requires the kubernetes provider. Please install it with: pip install apache-airflow[cncf.kubernetes]
[2022-06-17 22:31:13,612] {processor.py:654} WARNING - No viable dags retrieved from /home/saba/.local/lib/python3.6/site-packages/airflow/example_dags/example_kubernetes_executor.py
[2022-06-17 22:31:13,629] {processor.py:171} INFO - Processing /home/saba/.local/lib/python3.6/site-packages/airflow/example_dags/example_kubernetes_executor.py took 0.054 seconds
[2022-06-17 22:32:02,432] {processor.py:163} INFO - Started process (PID=5103) to work on /home/saba/.local/lib/python3.6/site-packages/airflow/example_dags/example_kubernetes_executor.py
[2022-06-17 22:32:02,440] {processor.py:642} INFO - Processing file /home/saba/.local/lib/python3.6/site-packages/airflow/example_dags/example_kubernetes_executor.py for tasks to queue
[2022-06-17 22:32:02,444] {logging_mixin.py:109} INFO - [2022-06-17 22:32:02,443] {dagbag.py:500} INFO - Filling up the DagBag from /home/saba/.local/lib/python3.6/site-packages/airflow/example_dags/example_kubernetes_executor.py
[2022-06-17 22:32:02,525] {logging_mixin.py:109} INFO - [2022-06-17 22:32:02,524] {example_kubernetes_executor.py:40} WARNING - The example_kubernetes_executor example DAG requires the kubernetes provider. Please install it with: pip install apache-airflow[cncf.kubernetes]
[2022-06-17 22:32:02,527] {processor.py:654} WARNING - No viable dags retrieved from /home/saba/.local/lib/python3.6/site-packages/airflow/example_dags/example_kubernetes_executor.py
[2022-06-17 22:32:02,569] {processor.py:171} INFO - Processing /home/saba/.local/lib/python3.6/site-packages/airflow/example_dags/example_kubernetes_executor.py took 0.150 seconds
[2022-06-17 22:32:50,444] {processor.py:163} INFO - Started process (PID=5353) to work on /home/saba/.local/lib/python3.6/site-packages/airflow/example_dags/example_kubernetes_executor.py
[2022-06-17 22:32:50,448] {processor.py:642} INFO - Processing file /home/saba/.local/lib/python3.6/site-packages/airflow/example_dags/example_kubernetes_executor.py for tasks to queue
[2022-06-17 22:32:50,450] {logging_mixin.py:109} INFO - [2022-06-17 22:32:50,450] {dagbag.py:500} INFO - Filling up the DagBag from /home/saba/.local/lib/python3.6/site-packages/airflow/example_dags/example_kubernetes_executor.py
[2022-06-17 22:32:50,499] {logging_mixin.py:109} INFO - [2022-06-17 22:32:50,498] {example_kubernetes_executor.py:40} WARNING - The example_kubernetes_executor example DAG requires the kubernetes provider. Please install it with: pip install apache-airflow[cncf.kubernetes]
[2022-06-17 22:32:50,499] {processor.py:654} WARNING - No viable dags retrieved from /home/saba/.local/lib/python3.6/site-packages/airflow/example_dags/example_kubernetes_executor.py
[2022-06-17 22:32:50,527] {processor.py:171} INFO - Processing /home/saba/.local/lib/python3.6/site-packages/airflow/example_dags/example_kubernetes_executor.py took 0.099 seconds
[2022-06-17 22:33:34,581] {processor.py:163} INFO - Started process (PID=5620) to work on /home/saba/.local/lib/python3.6/site-packages/airflow/example_dags/example_kubernetes_executor.py
[2022-06-17 22:33:34,583] {processor.py:642} INFO - Processing file /home/saba/.local/lib/python3.6/site-packages/airflow/example_dags/example_kubernetes_executor.py for tasks to queue
[2022-06-17 22:33:34,584] {logging_mixin.py:109} INFO - [2022-06-17 22:33:34,584] {dagbag.py:500} INFO - Filling up the DagBag from /home/saba/.local/lib/python3.6/site-packages/airflow/example_dags/example_kubernetes_executor.py
[2022-06-17 22:33:34,596] {logging_mixin.py:109} INFO - [2022-06-17 22:33:34,596] {example_kubernetes_executor.py:40} WARNING - The example_kubernetes_executor example DAG requires the kubernetes provider. Please install it with: pip install apache-airflow[cncf.kubernetes]
[2022-06-17 22:33:34,597] {processor.py:654} WARNING - No viable dags retrieved from /home/saba/.local/lib/python3.6/site-packages/airflow/example_dags/example_kubernetes_executor.py
[2022-06-17 22:33:34,605] {processor.py:171} INFO - Processing /home/saba/.local/lib/python3.6/site-packages/airflow/example_dags/example_kubernetes_executor.py took 0.027 seconds
[2022-06-17 22:34:16,197] {processor.py:163} INFO - Started process (PID=5676) to work on /home/saba/.local/lib/python3.6/site-packages/airflow/example_dags/example_kubernetes_executor.py
[2022-06-17 22:34:16,200] {processor.py:642} INFO - Processing file /home/saba/.local/lib/python3.6/site-packages/airflow/example_dags/example_kubernetes_executor.py for tasks to queue
[2022-06-17 22:34:16,202] {logging_mixin.py:109} INFO - [2022-06-17 22:34:16,202] {dagbag.py:500} INFO - Filling up the DagBag from /home/saba/.local/lib/python3.6/site-packages/airflow/example_dags/example_kubernetes_executor.py
[2022-06-17 22:34:16,247] {logging_mixin.py:109} INFO - [2022-06-17 22:34:16,246] {example_kubernetes_executor.py:40} WARNING - The example_kubernetes_executor example DAG requires the kubernetes provider. Please install it with: pip install apache-airflow[cncf.kubernetes]
[2022-06-17 22:34:16,247] {processor.py:654} WARNING - No viable dags retrieved from /home/saba/.local/lib/python3.6/site-packages/airflow/example_dags/example_kubernetes_executor.py
[2022-06-17 22:34:16,266] {processor.py:171} INFO - Processing /home/saba/.local/lib/python3.6/site-packages/airflow/example_dags/example_kubernetes_executor.py took 0.075 seconds
[2022-06-17 22:35:04,497] {processor.py:163} INFO - Started process (PID=5729) to work on /home/saba/.local/lib/python3.6/site-packages/airflow/example_dags/example_kubernetes_executor.py
[2022-06-17 22:35:04,500] {processor.py:642} INFO - Processing file /home/saba/.local/lib/python3.6/site-packages/airflow/example_dags/example_kubernetes_executor.py for tasks to queue
[2022-06-17 22:35:04,502] {logging_mixin.py:109} INFO - [2022-06-17 22:35:04,502] {dagbag.py:500} INFO - Filling up the DagBag from /home/saba/.local/lib/python3.6/site-packages/airflow/example_dags/example_kubernetes_executor.py
[2022-06-17 22:35:04,528] {logging_mixin.py:109} INFO - [2022-06-17 22:35:04,528] {example_kubernetes_executor.py:40} WARNING - The example_kubernetes_executor example DAG requires the kubernetes provider. Please install it with: pip install apache-airflow[cncf.kubernetes]
[2022-06-17 22:35:04,529] {processor.py:654} WARNING - No viable dags retrieved from /home/saba/.local/lib/python3.6/site-packages/airflow/example_dags/example_kubernetes_executor.py
[2022-06-17 22:35:04,546] {processor.py:171} INFO - Processing /home/saba/.local/lib/python3.6/site-packages/airflow/example_dags/example_kubernetes_executor.py took 0.057 seconds
[2022-06-17 22:35:48,151] {processor.py:163} INFO - Started process (PID=5784) to work on /home/saba/.local/lib/python3.6/site-packages/airflow/example_dags/example_kubernetes_executor.py
[2022-06-17 22:35:48,161] {processor.py:642} INFO - Processing file /home/saba/.local/lib/python3.6/site-packages/airflow/example_dags/example_kubernetes_executor.py for tasks to queue
[2022-06-17 22:35:48,172] {logging_mixin.py:109} INFO - [2022-06-17 22:35:48,164] {dagbag.py:500} INFO - Filling up the DagBag from /home/saba/.local/lib/python3.6/site-packages/airflow/example_dags/example_kubernetes_executor.py
[2022-06-17 22:35:48,218] {logging_mixin.py:109} INFO - [2022-06-17 22:35:48,218] {example_kubernetes_executor.py:40} WARNING - The example_kubernetes_executor example DAG requires the kubernetes provider. Please install it with: pip install apache-airflow[cncf.kubernetes]
[2022-06-17 22:35:48,219] {processor.py:654} WARNING - No viable dags retrieved from /home/saba/.local/lib/python3.6/site-packages/airflow/example_dags/example_kubernetes_executor.py
[2022-06-17 22:35:48,272] {processor.py:171} INFO - Processing /home/saba/.local/lib/python3.6/site-packages/airflow/example_dags/example_kubernetes_executor.py took 0.132 seconds
[2022-06-17 22:36:27,412] {processor.py:163} INFO - Started process (PID=5839) to work on /home/saba/.local/lib/python3.6/site-packages/airflow/example_dags/example_kubernetes_executor.py
[2022-06-17 22:36:27,424] {processor.py:642} INFO - Processing file /home/saba/.local/lib/python3.6/site-packages/airflow/example_dags/example_kubernetes_executor.py for tasks to queue
[2022-06-17 22:36:27,425] {logging_mixin.py:109} INFO - [2022-06-17 22:36:27,425] {dagbag.py:500} INFO - Filling up the DagBag from /home/saba/.local/lib/python3.6/site-packages/airflow/example_dags/example_kubernetes_executor.py
[2022-06-17 22:36:27,450] {logging_mixin.py:109} INFO - [2022-06-17 22:36:27,449] {example_kubernetes_executor.py:40} WARNING - The example_kubernetes_executor example DAG requires the kubernetes provider. Please install it with: pip install apache-airflow[cncf.kubernetes]
[2022-06-17 22:36:27,450] {processor.py:654} WARNING - No viable dags retrieved from /home/saba/.local/lib/python3.6/site-packages/airflow/example_dags/example_kubernetes_executor.py
[2022-06-17 22:36:27,469] {processor.py:171} INFO - Processing /home/saba/.local/lib/python3.6/site-packages/airflow/example_dags/example_kubernetes_executor.py took 0.065 seconds
[2022-06-17 22:37:10,833] {processor.py:163} INFO - Started process (PID=5893) to work on /home/saba/.local/lib/python3.6/site-packages/airflow/example_dags/example_kubernetes_executor.py
[2022-06-17 22:37:10,842] {processor.py:642} INFO - Processing file /home/saba/.local/lib/python3.6/site-packages/airflow/example_dags/example_kubernetes_executor.py for tasks to queue
[2022-06-17 22:37:10,844] {logging_mixin.py:109} INFO - [2022-06-17 22:37:10,843] {dagbag.py:500} INFO - Filling up the DagBag from /home/saba/.local/lib/python3.6/site-packages/airflow/example_dags/example_kubernetes_executor.py
[2022-06-17 22:37:10,870] {logging_mixin.py:109} INFO - [2022-06-17 22:37:10,870] {example_kubernetes_executor.py:40} WARNING - The example_kubernetes_executor example DAG requires the kubernetes provider. Please install it with: pip install apache-airflow[cncf.kubernetes]
[2022-06-17 22:37:10,870] {processor.py:654} WARNING - No viable dags retrieved from /home/saba/.local/lib/python3.6/site-packages/airflow/example_dags/example_kubernetes_executor.py
[2022-06-17 22:37:10,888] {processor.py:171} INFO - Processing /home/saba/.local/lib/python3.6/site-packages/airflow/example_dags/example_kubernetes_executor.py took 0.060 seconds
[2022-06-17 22:38:00,724] {processor.py:163} INFO - Started process (PID=5946) to work on /home/saba/.local/lib/python3.6/site-packages/airflow/example_dags/example_kubernetes_executor.py
[2022-06-17 22:38:00,727] {processor.py:642} INFO - Processing file /home/saba/.local/lib/python3.6/site-packages/airflow/example_dags/example_kubernetes_executor.py for tasks to queue
[2022-06-17 22:38:00,729] {logging_mixin.py:109} INFO - [2022-06-17 22:38:00,728] {dagbag.py:500} INFO - Filling up the DagBag from /home/saba/.local/lib/python3.6/site-packages/airflow/example_dags/example_kubernetes_executor.py
[2022-06-17 22:38:00,757] {logging_mixin.py:109} INFO - [2022-06-17 22:38:00,757] {example_kubernetes_executor.py:40} WARNING - The example_kubernetes_executor example DAG requires the kubernetes provider. Please install it with: pip install apache-airflow[cncf.kubernetes]
[2022-06-17 22:38:00,758] {processor.py:654} WARNING - No viable dags retrieved from /home/saba/.local/lib/python3.6/site-packages/airflow/example_dags/example_kubernetes_executor.py
[2022-06-17 22:38:00,773] {processor.py:171} INFO - Processing /home/saba/.local/lib/python3.6/site-packages/airflow/example_dags/example_kubernetes_executor.py took 0.055 seconds
[2022-06-17 22:38:43,505] {processor.py:163} INFO - Started process (PID=6000) to work on /home/saba/.local/lib/python3.6/site-packages/airflow/example_dags/example_kubernetes_executor.py
[2022-06-17 22:38:43,509] {processor.py:642} INFO - Processing file /home/saba/.local/lib/python3.6/site-packages/airflow/example_dags/example_kubernetes_executor.py for tasks to queue
[2022-06-17 22:38:43,512] {logging_mixin.py:109} INFO - [2022-06-17 22:38:43,511] {dagbag.py:500} INFO - Filling up the DagBag from /home/saba/.local/lib/python3.6/site-packages/airflow/example_dags/example_kubernetes_executor.py
[2022-06-17 22:38:43,566] {logging_mixin.py:109} INFO - [2022-06-17 22:38:43,566] {example_kubernetes_executor.py:40} WARNING - The example_kubernetes_executor example DAG requires the kubernetes provider. Please install it with: pip install apache-airflow[cncf.kubernetes]
[2022-06-17 22:38:43,567] {processor.py:654} WARNING - No viable dags retrieved from /home/saba/.local/lib/python3.6/site-packages/airflow/example_dags/example_kubernetes_executor.py
[2022-06-17 22:38:43,598] {processor.py:171} INFO - Processing /home/saba/.local/lib/python3.6/site-packages/airflow/example_dags/example_kubernetes_executor.py took 0.104 seconds
[2022-06-17 22:39:25,993] {processor.py:163} INFO - Started process (PID=6379) to work on /home/saba/.local/lib/python3.6/site-packages/airflow/example_dags/example_kubernetes_executor.py
[2022-06-17 22:39:25,999] {processor.py:642} INFO - Processing file /home/saba/.local/lib/python3.6/site-packages/airflow/example_dags/example_kubernetes_executor.py for tasks to queue
[2022-06-17 22:39:26,001] {logging_mixin.py:109} INFO - [2022-06-17 22:39:26,001] {dagbag.py:500} INFO - Filling up the DagBag from /home/saba/.local/lib/python3.6/site-packages/airflow/example_dags/example_kubernetes_executor.py
[2022-06-17 22:39:26,050] {logging_mixin.py:109} INFO - [2022-06-17 22:39:26,049] {example_kubernetes_executor.py:40} WARNING - The example_kubernetes_executor example DAG requires the kubernetes provider. Please install it with: pip install apache-airflow[cncf.kubernetes]
[2022-06-17 22:39:26,051] {processor.py:654} WARNING - No viable dags retrieved from /home/saba/.local/lib/python3.6/site-packages/airflow/example_dags/example_kubernetes_executor.py
[2022-06-17 22:39:26,080] {processor.py:171} INFO - Processing /home/saba/.local/lib/python3.6/site-packages/airflow/example_dags/example_kubernetes_executor.py took 0.101 seconds
[2022-06-17 22:40:17,925] {processor.py:163} INFO - Started process (PID=6819) to work on /home/saba/.local/lib/python3.6/site-packages/airflow/example_dags/example_kubernetes_executor.py
[2022-06-17 22:40:17,936] {processor.py:642} INFO - Processing file /home/saba/.local/lib/python3.6/site-packages/airflow/example_dags/example_kubernetes_executor.py for tasks to queue
[2022-06-17 22:40:17,937] {logging_mixin.py:109} INFO - [2022-06-17 22:40:17,936] {dagbag.py:500} INFO - Filling up the DagBag from /home/saba/.local/lib/python3.6/site-packages/airflow/example_dags/example_kubernetes_executor.py
[2022-06-17 22:40:17,951] {logging_mixin.py:109} INFO - [2022-06-17 22:40:17,951] {example_kubernetes_executor.py:40} WARNING - The example_kubernetes_executor example DAG requires the kubernetes provider. Please install it with: pip install apache-airflow[cncf.kubernetes]
[2022-06-17 22:40:17,951] {processor.py:654} WARNING - No viable dags retrieved from /home/saba/.local/lib/python3.6/site-packages/airflow/example_dags/example_kubernetes_executor.py
[2022-06-17 22:40:17,960] {processor.py:171} INFO - Processing /home/saba/.local/lib/python3.6/site-packages/airflow/example_dags/example_kubernetes_executor.py took 0.040 seconds
[2022-06-17 22:41:05,053] {processor.py:163} INFO - Started process (PID=6920) to work on /home/saba/.local/lib/python3.6/site-packages/airflow/example_dags/example_kubernetes_executor.py
[2022-06-17 22:41:05,055] {processor.py:642} INFO - Processing file /home/saba/.local/lib/python3.6/site-packages/airflow/example_dags/example_kubernetes_executor.py for tasks to queue
[2022-06-17 22:41:05,055] {logging_mixin.py:109} INFO - [2022-06-17 22:41:05,055] {dagbag.py:500} INFO - Filling up the DagBag from /home/saba/.local/lib/python3.6/site-packages/airflow/example_dags/example_kubernetes_executor.py
[2022-06-17 22:41:05,069] {logging_mixin.py:109} INFO - [2022-06-17 22:41:05,069] {example_kubernetes_executor.py:40} WARNING - The example_kubernetes_executor example DAG requires the kubernetes provider. Please install it with: pip install apache-airflow[cncf.kubernetes]
[2022-06-17 22:41:05,069] {processor.py:654} WARNING - No viable dags retrieved from /home/saba/.local/lib/python3.6/site-packages/airflow/example_dags/example_kubernetes_executor.py
[2022-06-17 22:41:05,078] {processor.py:171} INFO - Processing /home/saba/.local/lib/python3.6/site-packages/airflow/example_dags/example_kubernetes_executor.py took 0.029 seconds
[2022-06-17 22:41:42,374] {processor.py:163} INFO - Started process (PID=6982) to work on /home/saba/.local/lib/python3.6/site-packages/airflow/example_dags/example_kubernetes_executor.py
[2022-06-17 22:41:42,376] {processor.py:642} INFO - Processing file /home/saba/.local/lib/python3.6/site-packages/airflow/example_dags/example_kubernetes_executor.py for tasks to queue
[2022-06-17 22:41:42,377] {logging_mixin.py:109} INFO - [2022-06-17 22:41:42,377] {dagbag.py:500} INFO - Filling up the DagBag from /home/saba/.local/lib/python3.6/site-packages/airflow/example_dags/example_kubernetes_executor.py
[2022-06-17 22:41:42,395] {logging_mixin.py:109} INFO - [2022-06-17 22:41:42,395] {example_kubernetes_executor.py:40} WARNING - The example_kubernetes_executor example DAG requires the kubernetes provider. Please install it with: pip install apache-airflow[cncf.kubernetes]
[2022-06-17 22:41:42,395] {processor.py:654} WARNING - No viable dags retrieved from /home/saba/.local/lib/python3.6/site-packages/airflow/example_dags/example_kubernetes_executor.py
[2022-06-17 22:41:42,409] {processor.py:171} INFO - Processing /home/saba/.local/lib/python3.6/site-packages/airflow/example_dags/example_kubernetes_executor.py took 0.041 seconds
[2022-06-17 22:42:21,345] {processor.py:163} INFO - Started process (PID=7584) to work on /home/saba/.local/lib/python3.6/site-packages/airflow/example_dags/example_kubernetes_executor.py
[2022-06-17 22:42:21,347] {processor.py:642} INFO - Processing file /home/saba/.local/lib/python3.6/site-packages/airflow/example_dags/example_kubernetes_executor.py for tasks to queue
[2022-06-17 22:42:21,348] {logging_mixin.py:109} INFO - [2022-06-17 22:42:21,348] {dagbag.py:500} INFO - Filling up the DagBag from /home/saba/.local/lib/python3.6/site-packages/airflow/example_dags/example_kubernetes_executor.py
[2022-06-17 22:42:21,365] {logging_mixin.py:109} INFO - [2022-06-17 22:42:21,365] {example_kubernetes_executor.py:40} WARNING - The example_kubernetes_executor example DAG requires the kubernetes provider. Please install it with: pip install apache-airflow[cncf.kubernetes]
[2022-06-17 22:42:21,366] {processor.py:654} WARNING - No viable dags retrieved from /home/saba/.local/lib/python3.6/site-packages/airflow/example_dags/example_kubernetes_executor.py
[2022-06-17 22:42:21,380] {processor.py:171} INFO - Processing /home/saba/.local/lib/python3.6/site-packages/airflow/example_dags/example_kubernetes_executor.py took 0.041 seconds
[2022-06-17 22:43:12,305] {processor.py:163} INFO - Started process (PID=8050) to work on /home/saba/.local/lib/python3.6/site-packages/airflow/example_dags/example_kubernetes_executor.py
[2022-06-17 22:43:12,319] {processor.py:642} INFO - Processing file /home/saba/.local/lib/python3.6/site-packages/airflow/example_dags/example_kubernetes_executor.py for tasks to queue
[2022-06-17 22:43:12,333] {logging_mixin.py:109} INFO - [2022-06-17 22:43:12,333] {dagbag.py:500} INFO - Filling up the DagBag from /home/saba/.local/lib/python3.6/site-packages/airflow/example_dags/example_kubernetes_executor.py
[2022-06-17 22:43:12,400] {logging_mixin.py:109} INFO - [2022-06-17 22:43:12,399] {example_kubernetes_executor.py:40} WARNING - The example_kubernetes_executor example DAG requires the kubernetes provider. Please install it with: pip install apache-airflow[cncf.kubernetes]
[2022-06-17 22:43:12,400] {processor.py:654} WARNING - No viable dags retrieved from /home/saba/.local/lib/python3.6/site-packages/airflow/example_dags/example_kubernetes_executor.py
[2022-06-17 22:43:12,439] {processor.py:171} INFO - Processing /home/saba/.local/lib/python3.6/site-packages/airflow/example_dags/example_kubernetes_executor.py took 0.154 seconds
[2022-06-17 22:43:59,211] {processor.py:163} INFO - Started process (PID=8399) to work on /home/saba/.local/lib/python3.6/site-packages/airflow/example_dags/example_kubernetes_executor.py
[2022-06-17 22:43:59,213] {processor.py:642} INFO - Processing file /home/saba/.local/lib/python3.6/site-packages/airflow/example_dags/example_kubernetes_executor.py for tasks to queue
[2022-06-17 22:43:59,215] {logging_mixin.py:109} INFO - [2022-06-17 22:43:59,214] {dagbag.py:500} INFO - Filling up the DagBag from /home/saba/.local/lib/python3.6/site-packages/airflow/example_dags/example_kubernetes_executor.py
[2022-06-17 22:43:59,230] {logging_mixin.py:109} INFO - [2022-06-17 22:43:59,230] {example_kubernetes_executor.py:40} WARNING - The example_kubernetes_executor example DAG requires the kubernetes provider. Please install it with: pip install apache-airflow[cncf.kubernetes]
[2022-06-17 22:43:59,230] {processor.py:654} WARNING - No viable dags retrieved from /home/saba/.local/lib/python3.6/site-packages/airflow/example_dags/example_kubernetes_executor.py
[2022-06-17 22:43:59,241] {processor.py:171} INFO - Processing /home/saba/.local/lib/python3.6/site-packages/airflow/example_dags/example_kubernetes_executor.py took 0.035 seconds
[2022-06-17 22:45:11,658] {processor.py:163} INFO - Started process (PID=8549) to work on /home/saba/.local/lib/python3.6/site-packages/airflow/example_dags/example_kubernetes_executor.py
[2022-06-17 22:45:11,663] {processor.py:642} INFO - Processing file /home/saba/.local/lib/python3.6/site-packages/airflow/example_dags/example_kubernetes_executor.py for tasks to queue
[2022-06-17 22:45:11,666] {logging_mixin.py:109} INFO - [2022-06-17 22:45:11,666] {dagbag.py:500} INFO - Filling up the DagBag from /home/saba/.local/lib/python3.6/site-packages/airflow/example_dags/example_kubernetes_executor.py
[2022-06-17 22:45:11,711] {logging_mixin.py:109} INFO - [2022-06-17 22:45:11,711] {example_kubernetes_executor.py:40} WARNING - The example_kubernetes_executor example DAG requires the kubernetes provider. Please install it with: pip install apache-airflow[cncf.kubernetes]
[2022-06-17 22:45:11,713] {processor.py:654} WARNING - No viable dags retrieved from /home/saba/.local/lib/python3.6/site-packages/airflow/example_dags/example_kubernetes_executor.py
[2022-06-17 22:45:11,758] {processor.py:171} INFO - Processing /home/saba/.local/lib/python3.6/site-packages/airflow/example_dags/example_kubernetes_executor.py took 0.116 seconds
[2022-06-17 22:46:25,982] {processor.py:163} INFO - Started process (PID=9457) to work on /home/saba/.local/lib/python3.6/site-packages/airflow/example_dags/example_kubernetes_executor.py
[2022-06-17 22:46:25,983] {processor.py:642} INFO - Processing file /home/saba/.local/lib/python3.6/site-packages/airflow/example_dags/example_kubernetes_executor.py for tasks to queue
[2022-06-17 22:46:25,984] {logging_mixin.py:109} INFO - [2022-06-17 22:46:25,984] {dagbag.py:500} INFO - Filling up the DagBag from /home/saba/.local/lib/python3.6/site-packages/airflow/example_dags/example_kubernetes_executor.py
[2022-06-17 22:46:25,995] {logging_mixin.py:109} INFO - [2022-06-17 22:46:25,995] {example_kubernetes_executor.py:40} WARNING - The example_kubernetes_executor example DAG requires the kubernetes provider. Please install it with: pip install apache-airflow[cncf.kubernetes]
[2022-06-17 22:46:25,996] {processor.py:654} WARNING - No viable dags retrieved from /home/saba/.local/lib/python3.6/site-packages/airflow/example_dags/example_kubernetes_executor.py
[2022-06-17 22:46:26,003] {processor.py:171} INFO - Processing /home/saba/.local/lib/python3.6/site-packages/airflow/example_dags/example_kubernetes_executor.py took 0.024 seconds
[2022-06-17 22:48:19,580] {processor.py:163} INFO - Started process (PID=10408) to work on /home/saba/.local/lib/python3.6/site-packages/airflow/example_dags/example_kubernetes_executor.py
[2022-06-17 22:48:19,582] {processor.py:642} INFO - Processing file /home/saba/.local/lib/python3.6/site-packages/airflow/example_dags/example_kubernetes_executor.py for tasks to queue
[2022-06-17 22:48:19,583] {logging_mixin.py:109} INFO - [2022-06-17 22:48:19,583] {dagbag.py:500} INFO - Filling up the DagBag from /home/saba/.local/lib/python3.6/site-packages/airflow/example_dags/example_kubernetes_executor.py
[2022-06-17 22:48:19,598] {logging_mixin.py:109} INFO - [2022-06-17 22:48:19,598] {example_kubernetes_executor.py:40} WARNING - The example_kubernetes_executor example DAG requires the kubernetes provider. Please install it with: pip install apache-airflow[cncf.kubernetes]
[2022-06-17 22:48:19,599] {processor.py:654} WARNING - No viable dags retrieved from /home/saba/.local/lib/python3.6/site-packages/airflow/example_dags/example_kubernetes_executor.py
[2022-06-17 22:48:19,608] {processor.py:171} INFO - Processing /home/saba/.local/lib/python3.6/site-packages/airflow/example_dags/example_kubernetes_executor.py took 0.031 seconds
[2022-06-17 22:49:04,357] {processor.py:163} INFO - Started process (PID=10615) to work on /home/saba/.local/lib/python3.6/site-packages/airflow/example_dags/example_kubernetes_executor.py
[2022-06-17 22:49:04,360] {processor.py:642} INFO - Processing file /home/saba/.local/lib/python3.6/site-packages/airflow/example_dags/example_kubernetes_executor.py for tasks to queue
[2022-06-17 22:49:04,360] {logging_mixin.py:109} INFO - [2022-06-17 22:49:04,360] {dagbag.py:500} INFO - Filling up the DagBag from /home/saba/.local/lib/python3.6/site-packages/airflow/example_dags/example_kubernetes_executor.py
[2022-06-17 22:49:04,375] {logging_mixin.py:109} INFO - [2022-06-17 22:49:04,375] {example_kubernetes_executor.py:40} WARNING - The example_kubernetes_executor example DAG requires the kubernetes provider. Please install it with: pip install apache-airflow[cncf.kubernetes]
[2022-06-17 22:49:04,376] {processor.py:654} WARNING - No viable dags retrieved from /home/saba/.local/lib/python3.6/site-packages/airflow/example_dags/example_kubernetes_executor.py
[2022-06-17 22:49:04,386] {processor.py:171} INFO - Processing /home/saba/.local/lib/python3.6/site-packages/airflow/example_dags/example_kubernetes_executor.py took 0.033 seconds
[2022-06-17 22:50:21,227] {processor.py:163} INFO - Started process (PID=11170) to work on /home/saba/.local/lib/python3.6/site-packages/airflow/example_dags/example_kubernetes_executor.py
[2022-06-17 22:50:21,229] {processor.py:642} INFO - Processing file /home/saba/.local/lib/python3.6/site-packages/airflow/example_dags/example_kubernetes_executor.py for tasks to queue
[2022-06-17 22:50:21,229] {logging_mixin.py:109} INFO - [2022-06-17 22:50:21,229] {dagbag.py:500} INFO - Filling up the DagBag from /home/saba/.local/lib/python3.6/site-packages/airflow/example_dags/example_kubernetes_executor.py
[2022-06-17 22:50:21,236] {logging_mixin.py:109} INFO - [2022-06-17 22:50:21,236] {example_kubernetes_executor.py:40} WARNING - The example_kubernetes_executor example DAG requires the kubernetes provider. Please install it with: pip install apache-airflow[cncf.kubernetes]
[2022-06-17 22:50:21,236] {processor.py:654} WARNING - No viable dags retrieved from /home/saba/.local/lib/python3.6/site-packages/airflow/example_dags/example_kubernetes_executor.py
[2022-06-17 22:50:21,241] {processor.py:171} INFO - Processing /home/saba/.local/lib/python3.6/site-packages/airflow/example_dags/example_kubernetes_executor.py took 0.016 seconds
[2022-06-17 22:51:03,765] {processor.py:163} INFO - Started process (PID=11368) to work on /home/saba/.local/lib/python3.6/site-packages/airflow/example_dags/example_kubernetes_executor.py
[2022-06-17 22:51:03,767] {processor.py:642} INFO - Processing file /home/saba/.local/lib/python3.6/site-packages/airflow/example_dags/example_kubernetes_executor.py for tasks to queue
[2022-06-17 22:51:03,767] {logging_mixin.py:109} INFO - [2022-06-17 22:51:03,767] {dagbag.py:500} INFO - Filling up the DagBag from /home/saba/.local/lib/python3.6/site-packages/airflow/example_dags/example_kubernetes_executor.py
[2022-06-17 22:51:03,778] {logging_mixin.py:109} INFO - [2022-06-17 22:51:03,778] {example_kubernetes_executor.py:40} WARNING - The example_kubernetes_executor example DAG requires the kubernetes provider. Please install it with: pip install apache-airflow[cncf.kubernetes]
[2022-06-17 22:51:03,778] {processor.py:654} WARNING - No viable dags retrieved from /home/saba/.local/lib/python3.6/site-packages/airflow/example_dags/example_kubernetes_executor.py
[2022-06-17 22:51:03,785] {processor.py:171} INFO - Processing /home/saba/.local/lib/python3.6/site-packages/airflow/example_dags/example_kubernetes_executor.py took 0.023 seconds
[2022-06-17 22:52:03,345] {processor.py:163} INFO - Started process (PID=11578) to work on /home/saba/.local/lib/python3.6/site-packages/airflow/example_dags/example_kubernetes_executor.py
[2022-06-17 22:52:03,349] {processor.py:642} INFO - Processing file /home/saba/.local/lib/python3.6/site-packages/airflow/example_dags/example_kubernetes_executor.py for tasks to queue
[2022-06-17 22:52:03,350] {logging_mixin.py:109} INFO - [2022-06-17 22:52:03,349] {dagbag.py:500} INFO - Filling up the DagBag from /home/saba/.local/lib/python3.6/site-packages/airflow/example_dags/example_kubernetes_executor.py
[2022-06-17 22:52:03,356] {logging_mixin.py:109} INFO - [2022-06-17 22:52:03,356] {example_kubernetes_executor.py:40} WARNING - The example_kubernetes_executor example DAG requires the kubernetes provider. Please install it with: pip install apache-airflow[cncf.kubernetes]
[2022-06-17 22:52:03,356] {processor.py:654} WARNING - No viable dags retrieved from /home/saba/.local/lib/python3.6/site-packages/airflow/example_dags/example_kubernetes_executor.py
[2022-06-17 22:52:03,361] {processor.py:171} INFO - Processing /home/saba/.local/lib/python3.6/site-packages/airflow/example_dags/example_kubernetes_executor.py took 0.017 seconds
[2022-06-17 22:53:05,021] {processor.py:163} INFO - Started process (PID=11955) to work on /home/saba/.local/lib/python3.6/site-packages/airflow/example_dags/example_kubernetes_executor.py
[2022-06-17 22:53:05,023] {processor.py:642} INFO - Processing file /home/saba/.local/lib/python3.6/site-packages/airflow/example_dags/example_kubernetes_executor.py for tasks to queue
[2022-06-17 22:53:05,023] {logging_mixin.py:109} INFO - [2022-06-17 22:53:05,023] {dagbag.py:500} INFO - Filling up the DagBag from /home/saba/.local/lib/python3.6/site-packages/airflow/example_dags/example_kubernetes_executor.py
[2022-06-17 22:53:05,031] {logging_mixin.py:109} INFO - [2022-06-17 22:53:05,031] {example_kubernetes_executor.py:40} WARNING - The example_kubernetes_executor example DAG requires the kubernetes provider. Please install it with: pip install apache-airflow[cncf.kubernetes]
[2022-06-17 22:53:05,031] {processor.py:654} WARNING - No viable dags retrieved from /home/saba/.local/lib/python3.6/site-packages/airflow/example_dags/example_kubernetes_executor.py
[2022-06-17 22:53:05,036] {processor.py:171} INFO - Processing /home/saba/.local/lib/python3.6/site-packages/airflow/example_dags/example_kubernetes_executor.py took 0.017 seconds
[2022-06-17 22:53:50,741] {processor.py:163} INFO - Started process (PID=12520) to work on /home/saba/.local/lib/python3.6/site-packages/airflow/example_dags/example_kubernetes_executor.py
[2022-06-17 22:53:50,752] {processor.py:642} INFO - Processing file /home/saba/.local/lib/python3.6/site-packages/airflow/example_dags/example_kubernetes_executor.py for tasks to queue
[2022-06-17 22:53:50,753] {logging_mixin.py:109} INFO - [2022-06-17 22:53:50,753] {dagbag.py:500} INFO - Filling up the DagBag from /home/saba/.local/lib/python3.6/site-packages/airflow/example_dags/example_kubernetes_executor.py
[2022-06-17 22:53:50,816] {logging_mixin.py:109} INFO - [2022-06-17 22:53:50,816] {example_kubernetes_executor.py:40} WARNING - The example_kubernetes_executor example DAG requires the kubernetes provider. Please install it with: pip install apache-airflow[cncf.kubernetes]
[2022-06-17 22:53:50,816] {processor.py:654} WARNING - No viable dags retrieved from /home/saba/.local/lib/python3.6/site-packages/airflow/example_dags/example_kubernetes_executor.py
[2022-06-17 22:53:50,821] {processor.py:171} INFO - Processing /home/saba/.local/lib/python3.6/site-packages/airflow/example_dags/example_kubernetes_executor.py took 0.082 seconds
[2022-06-17 22:54:33,133] {processor.py:163} INFO - Started process (PID=12728) to work on /home/saba/.local/lib/python3.6/site-packages/airflow/example_dags/example_kubernetes_executor.py
[2022-06-17 22:54:33,144] {processor.py:642} INFO - Processing file /home/saba/.local/lib/python3.6/site-packages/airflow/example_dags/example_kubernetes_executor.py for tasks to queue
[2022-06-17 22:54:33,144] {logging_mixin.py:109} INFO - [2022-06-17 22:54:33,144] {dagbag.py:500} INFO - Filling up the DagBag from /home/saba/.local/lib/python3.6/site-packages/airflow/example_dags/example_kubernetes_executor.py
[2022-06-17 22:54:33,198] {logging_mixin.py:109} INFO - [2022-06-17 22:54:33,198] {example_kubernetes_executor.py:40} WARNING - The example_kubernetes_executor example DAG requires the kubernetes provider. Please install it with: pip install apache-airflow[cncf.kubernetes]
[2022-06-17 22:54:33,198] {processor.py:654} WARNING - No viable dags retrieved from /home/saba/.local/lib/python3.6/site-packages/airflow/example_dags/example_kubernetes_executor.py
[2022-06-17 22:54:33,201] {processor.py:171} INFO - Processing /home/saba/.local/lib/python3.6/site-packages/airflow/example_dags/example_kubernetes_executor.py took 0.071 seconds
[2022-06-17 22:55:13,397] {processor.py:163} INFO - Started process (PID=13333) to work on /home/saba/.local/lib/python3.6/site-packages/airflow/example_dags/example_kubernetes_executor.py
[2022-06-17 22:55:13,401] {processor.py:642} INFO - Processing file /home/saba/.local/lib/python3.6/site-packages/airflow/example_dags/example_kubernetes_executor.py for tasks to queue
[2022-06-17 22:55:13,404] {logging_mixin.py:109} INFO - [2022-06-17 22:55:13,403] {dagbag.py:500} INFO - Filling up the DagBag from /home/saba/.local/lib/python3.6/site-packages/airflow/example_dags/example_kubernetes_executor.py
[2022-06-17 22:55:13,456] {logging_mixin.py:109} INFO - [2022-06-17 22:55:13,456] {example_kubernetes_executor.py:40} WARNING - The example_kubernetes_executor example DAG requires the kubernetes provider. Please install it with: pip install apache-airflow[cncf.kubernetes]
[2022-06-17 22:55:13,457] {processor.py:654} WARNING - No viable dags retrieved from /home/saba/.local/lib/python3.6/site-packages/airflow/example_dags/example_kubernetes_executor.py
[2022-06-17 22:55:13,489] {processor.py:171} INFO - Processing /home/saba/.local/lib/python3.6/site-packages/airflow/example_dags/example_kubernetes_executor.py took 0.102 seconds
