[2022-06-17 22:07:20,318] {processor.py:163} INFO - Started process (PID=1680) to work on /home/saba/.local/lib/python3.6/site-packages/airflow/example_dags/example_short_circuit_operator.py
[2022-06-17 22:07:20,321] {processor.py:642} INFO - Processing file /home/saba/.local/lib/python3.6/site-packages/airflow/example_dags/example_short_circuit_operator.py for tasks to queue
[2022-06-17 22:07:20,322] {logging_mixin.py:109} INFO - [2022-06-17 22:07:20,322] {dagbag.py:500} INFO - Filling up the DagBag from /home/saba/.local/lib/python3.6/site-packages/airflow/example_dags/example_short_circuit_operator.py
[2022-06-17 22:07:20,369] {processor.py:652} INFO - DAG(s) dict_keys(['example_short_circuit_operator']) retrieved from /home/saba/.local/lib/python3.6/site-packages/airflow/example_dags/example_short_circuit_operator.py
[2022-06-17 22:07:20,392] {logging_mixin.py:109} INFO - [2022-06-17 22:07:20,392] {dag.py:2398} INFO - Sync 1 DAGs
[2022-06-17 22:07:20,433] {logging_mixin.py:109} INFO - [2022-06-17 22:07:20,433] {dag.py:2937} INFO - Setting next_dagrun for example_short_circuit_operator to 2022-06-16T20:07:20.432419+00:00
[2022-06-17 22:07:20,464] {processor.py:171} INFO - Processing /home/saba/.local/lib/python3.6/site-packages/airflow/example_dags/example_short_circuit_operator.py took 0.152 seconds
[2022-06-17 22:08:13,231] {processor.py:163} INFO - Started process (PID=1928) to work on /home/saba/.local/lib/python3.6/site-packages/airflow/example_dags/example_short_circuit_operator.py
[2022-06-17 22:08:13,233] {processor.py:642} INFO - Processing file /home/saba/.local/lib/python3.6/site-packages/airflow/example_dags/example_short_circuit_operator.py for tasks to queue
[2022-06-17 22:08:13,234] {logging_mixin.py:109} INFO - [2022-06-17 22:08:13,234] {dagbag.py:500} INFO - Filling up the DagBag from /home/saba/.local/lib/python3.6/site-packages/airflow/example_dags/example_short_circuit_operator.py
[2022-06-17 22:08:13,275] {processor.py:652} INFO - DAG(s) dict_keys(['example_short_circuit_operator']) retrieved from /home/saba/.local/lib/python3.6/site-packages/airflow/example_dags/example_short_circuit_operator.py
[2022-06-17 22:08:13,303] {logging_mixin.py:109} INFO - [2022-06-17 22:08:13,303] {dag.py:2398} INFO - Sync 1 DAGs
[2022-06-17 22:08:13,336] {logging_mixin.py:109} INFO - [2022-06-17 22:08:13,336] {dag.py:2937} INFO - Setting next_dagrun for example_short_circuit_operator to 2022-06-16T20:08:13.335604+00:00
[2022-06-17 22:08:13,362] {processor.py:171} INFO - Processing /home/saba/.local/lib/python3.6/site-packages/airflow/example_dags/example_short_circuit_operator.py took 0.137 seconds
[2022-06-17 22:09:01,404] {processor.py:163} INFO - Started process (PID=2155) to work on /home/saba/.local/lib/python3.6/site-packages/airflow/example_dags/example_short_circuit_operator.py
[2022-06-17 22:09:01,408] {processor.py:642} INFO - Processing file /home/saba/.local/lib/python3.6/site-packages/airflow/example_dags/example_short_circuit_operator.py for tasks to queue
[2022-06-17 22:09:01,410] {logging_mixin.py:109} INFO - [2022-06-17 22:09:01,409] {dagbag.py:500} INFO - Filling up the DagBag from /home/saba/.local/lib/python3.6/site-packages/airflow/example_dags/example_short_circuit_operator.py
[2022-06-17 22:09:01,473] {processor.py:652} INFO - DAG(s) dict_keys(['example_short_circuit_operator']) retrieved from /home/saba/.local/lib/python3.6/site-packages/airflow/example_dags/example_short_circuit_operator.py
[2022-06-17 22:09:01,518] {logging_mixin.py:109} INFO - [2022-06-17 22:09:01,518] {dag.py:2398} INFO - Sync 1 DAGs
[2022-06-17 22:09:01,576] {logging_mixin.py:109} INFO - [2022-06-17 22:09:01,576] {dag.py:2937} INFO - Setting next_dagrun for example_short_circuit_operator to 2022-06-16T20:09:01.575548+00:00
[2022-06-17 22:09:01,618] {processor.py:171} INFO - Processing /home/saba/.local/lib/python3.6/site-packages/airflow/example_dags/example_short_circuit_operator.py took 0.223 seconds
[2022-06-17 22:10:04,627] {processor.py:163} INFO - Started process (PID=2431) to work on /home/saba/.local/lib/python3.6/site-packages/airflow/example_dags/example_short_circuit_operator.py
[2022-06-17 22:10:04,634] {processor.py:642} INFO - Processing file /home/saba/.local/lib/python3.6/site-packages/airflow/example_dags/example_short_circuit_operator.py for tasks to queue
[2022-06-17 22:10:04,638] {logging_mixin.py:109} INFO - [2022-06-17 22:10:04,637] {dagbag.py:500} INFO - Filling up the DagBag from /home/saba/.local/lib/python3.6/site-packages/airflow/example_dags/example_short_circuit_operator.py
[2022-06-17 22:10:04,777] {processor.py:652} INFO - DAG(s) dict_keys(['example_short_circuit_operator']) retrieved from /home/saba/.local/lib/python3.6/site-packages/airflow/example_dags/example_short_circuit_operator.py
[2022-06-17 22:10:04,850] {logging_mixin.py:109} INFO - [2022-06-17 22:10:04,849] {dag.py:2398} INFO - Sync 1 DAGs
[2022-06-17 22:10:04,934] {logging_mixin.py:109} INFO - [2022-06-17 22:10:04,933] {dag.py:2937} INFO - Setting next_dagrun for example_short_circuit_operator to 2022-06-16T20:10:04.932534+00:00
[2022-06-17 22:10:04,987] {processor.py:171} INFO - Processing /home/saba/.local/lib/python3.6/site-packages/airflow/example_dags/example_short_circuit_operator.py took 0.376 seconds
[2022-06-17 22:18:15,283] {processor.py:163} INFO - Started process (PID=174) to work on /home/saba/.local/lib/python3.6/site-packages/airflow/example_dags/example_short_circuit_operator.py
[2022-06-17 22:18:15,284] {processor.py:642} INFO - Processing file /home/saba/.local/lib/python3.6/site-packages/airflow/example_dags/example_short_circuit_operator.py for tasks to queue
[2022-06-17 22:18:15,285] {logging_mixin.py:109} INFO - [2022-06-17 22:18:15,285] {dagbag.py:500} INFO - Filling up the DagBag from /home/saba/.local/lib/python3.6/site-packages/airflow/example_dags/example_short_circuit_operator.py
[2022-06-17 22:18:15,301] {processor.py:652} INFO - DAG(s) dict_keys(['example_short_circuit_operator']) retrieved from /home/saba/.local/lib/python3.6/site-packages/airflow/example_dags/example_short_circuit_operator.py
[2022-06-17 22:18:15,311] {logging_mixin.py:109} INFO - [2022-06-17 22:18:15,311] {dag.py:2398} INFO - Sync 1 DAGs
[2022-06-17 22:18:15,323] {logging_mixin.py:109} INFO - [2022-06-17 22:18:15,322] {dag.py:2937} INFO - Setting next_dagrun for example_short_circuit_operator to 2022-06-16T20:18:15.322725+00:00
[2022-06-17 22:18:15,338] {processor.py:171} INFO - Processing /home/saba/.local/lib/python3.6/site-packages/airflow/example_dags/example_short_circuit_operator.py took 0.057 seconds
[2022-06-17 22:19:03,301] {processor.py:163} INFO - Started process (PID=316) to work on /home/saba/.local/lib/python3.6/site-packages/airflow/example_dags/example_short_circuit_operator.py
[2022-06-17 22:19:03,306] {processor.py:642} INFO - Processing file /home/saba/.local/lib/python3.6/site-packages/airflow/example_dags/example_short_circuit_operator.py for tasks to queue
[2022-06-17 22:19:03,308] {logging_mixin.py:109} INFO - [2022-06-17 22:19:03,308] {dagbag.py:500} INFO - Filling up the DagBag from /home/saba/.local/lib/python3.6/site-packages/airflow/example_dags/example_short_circuit_operator.py
[2022-06-17 22:19:03,433] {processor.py:652} INFO - DAG(s) dict_keys(['example_short_circuit_operator']) retrieved from /home/saba/.local/lib/python3.6/site-packages/airflow/example_dags/example_short_circuit_operator.py
[2022-06-17 22:19:03,519] {logging_mixin.py:109} INFO - [2022-06-17 22:19:03,519] {dag.py:2398} INFO - Sync 1 DAGs
[2022-06-17 22:19:03,669] {logging_mixin.py:109} INFO - [2022-06-17 22:19:03,669] {dag.py:2937} INFO - Setting next_dagrun for example_short_circuit_operator to 2022-06-16T20:19:03.668518+00:00
[2022-06-17 22:19:03,733] {processor.py:171} INFO - Processing /home/saba/.local/lib/python3.6/site-packages/airflow/example_dags/example_short_circuit_operator.py took 0.446 seconds
[2022-06-17 22:19:55,126] {processor.py:163} INFO - Started process (PID=3502) to work on /home/saba/.local/lib/python3.6/site-packages/airflow/example_dags/example_short_circuit_operator.py
[2022-06-17 22:19:55,127] {processor.py:642} INFO - Processing file /home/saba/.local/lib/python3.6/site-packages/airflow/example_dags/example_short_circuit_operator.py for tasks to queue
[2022-06-17 22:19:55,128] {logging_mixin.py:109} INFO - [2022-06-17 22:19:55,128] {dagbag.py:500} INFO - Filling up the DagBag from /home/saba/.local/lib/python3.6/site-packages/airflow/example_dags/example_short_circuit_operator.py
[2022-06-17 22:19:55,151] {processor.py:652} INFO - DAG(s) dict_keys(['example_short_circuit_operator']) retrieved from /home/saba/.local/lib/python3.6/site-packages/airflow/example_dags/example_short_circuit_operator.py
[2022-06-17 22:19:55,166] {logging_mixin.py:109} INFO - [2022-06-17 22:19:55,166] {dag.py:2398} INFO - Sync 1 DAGs
[2022-06-17 22:19:55,184] {logging_mixin.py:109} INFO - [2022-06-17 22:19:55,184] {dag.py:2937} INFO - Setting next_dagrun for example_short_circuit_operator to 2022-06-16T20:19:55.184086+00:00
[2022-06-17 22:19:55,201] {processor.py:171} INFO - Processing /home/saba/.local/lib/python3.6/site-packages/airflow/example_dags/example_short_circuit_operator.py took 0.078 seconds
[2022-06-17 22:20:33,463] {processor.py:163} INFO - Started process (PID=3556) to work on /home/saba/.local/lib/python3.6/site-packages/airflow/example_dags/example_short_circuit_operator.py
[2022-06-17 22:20:33,466] {processor.py:642} INFO - Processing file /home/saba/.local/lib/python3.6/site-packages/airflow/example_dags/example_short_circuit_operator.py for tasks to queue
[2022-06-17 22:20:33,467] {logging_mixin.py:109} INFO - [2022-06-17 22:20:33,467] {dagbag.py:500} INFO - Filling up the DagBag from /home/saba/.local/lib/python3.6/site-packages/airflow/example_dags/example_short_circuit_operator.py
[2022-06-17 22:20:33,512] {processor.py:652} INFO - DAG(s) dict_keys(['example_short_circuit_operator']) retrieved from /home/saba/.local/lib/python3.6/site-packages/airflow/example_dags/example_short_circuit_operator.py
[2022-06-17 22:20:33,536] {logging_mixin.py:109} INFO - [2022-06-17 22:20:33,535] {dag.py:2398} INFO - Sync 1 DAGs
[2022-06-17 22:20:33,562] {logging_mixin.py:109} INFO - [2022-06-17 22:20:33,562] {dag.py:2937} INFO - Setting next_dagrun for example_short_circuit_operator to 2022-06-16T20:20:33.562209+00:00
[2022-06-17 22:20:33,590] {processor.py:171} INFO - Processing /home/saba/.local/lib/python3.6/site-packages/airflow/example_dags/example_short_circuit_operator.py took 0.131 seconds
[2022-06-17 22:21:10,559] {processor.py:163} INFO - Started process (PID=3608) to work on /home/saba/.local/lib/python3.6/site-packages/airflow/example_dags/example_short_circuit_operator.py
[2022-06-17 22:21:10,560] {processor.py:642} INFO - Processing file /home/saba/.local/lib/python3.6/site-packages/airflow/example_dags/example_short_circuit_operator.py for tasks to queue
[2022-06-17 22:21:10,561] {logging_mixin.py:109} INFO - [2022-06-17 22:21:10,561] {dagbag.py:500} INFO - Filling up the DagBag from /home/saba/.local/lib/python3.6/site-packages/airflow/example_dags/example_short_circuit_operator.py
[2022-06-17 22:21:10,585] {processor.py:652} INFO - DAG(s) dict_keys(['example_short_circuit_operator']) retrieved from /home/saba/.local/lib/python3.6/site-packages/airflow/example_dags/example_short_circuit_operator.py
[2022-06-17 22:21:10,601] {logging_mixin.py:109} INFO - [2022-06-17 22:21:10,601] {dag.py:2398} INFO - Sync 1 DAGs
[2022-06-17 22:21:10,620] {logging_mixin.py:109} INFO - [2022-06-17 22:21:10,620] {dag.py:2937} INFO - Setting next_dagrun for example_short_circuit_operator to 2022-06-16T20:21:10.620062+00:00
[2022-06-17 22:21:10,638] {processor.py:171} INFO - Processing /home/saba/.local/lib/python3.6/site-packages/airflow/example_dags/example_short_circuit_operator.py took 0.082 seconds
[2022-06-17 22:21:46,527] {processor.py:163} INFO - Started process (PID=3670) to work on /home/saba/.local/lib/python3.6/site-packages/airflow/example_dags/example_short_circuit_operator.py
[2022-06-17 22:21:46,528] {processor.py:642} INFO - Processing file /home/saba/.local/lib/python3.6/site-packages/airflow/example_dags/example_short_circuit_operator.py for tasks to queue
[2022-06-17 22:21:46,529] {logging_mixin.py:109} INFO - [2022-06-17 22:21:46,529] {dagbag.py:500} INFO - Filling up the DagBag from /home/saba/.local/lib/python3.6/site-packages/airflow/example_dags/example_short_circuit_operator.py
[2022-06-17 22:21:46,548] {processor.py:652} INFO - DAG(s) dict_keys(['example_short_circuit_operator']) retrieved from /home/saba/.local/lib/python3.6/site-packages/airflow/example_dags/example_short_circuit_operator.py
[2022-06-17 22:21:46,563] {logging_mixin.py:109} INFO - [2022-06-17 22:21:46,563] {dag.py:2398} INFO - Sync 1 DAGs
[2022-06-17 22:21:46,581] {logging_mixin.py:109} INFO - [2022-06-17 22:21:46,581] {dag.py:2937} INFO - Setting next_dagrun for example_short_circuit_operator to 2022-06-16T20:21:46.580930+00:00
[2022-06-17 22:21:46,597] {processor.py:171} INFO - Processing /home/saba/.local/lib/python3.6/site-packages/airflow/example_dags/example_short_circuit_operator.py took 0.073 seconds
[2022-06-17 22:22:22,810] {processor.py:163} INFO - Started process (PID=3728) to work on /home/saba/.local/lib/python3.6/site-packages/airflow/example_dags/example_short_circuit_operator.py
[2022-06-17 22:22:22,812] {processor.py:642} INFO - Processing file /home/saba/.local/lib/python3.6/site-packages/airflow/example_dags/example_short_circuit_operator.py for tasks to queue
[2022-06-17 22:22:22,813] {logging_mixin.py:109} INFO - [2022-06-17 22:22:22,813] {dagbag.py:500} INFO - Filling up the DagBag from /home/saba/.local/lib/python3.6/site-packages/airflow/example_dags/example_short_circuit_operator.py
[2022-06-17 22:22:22,839] {processor.py:652} INFO - DAG(s) dict_keys(['example_short_circuit_operator']) retrieved from /home/saba/.local/lib/python3.6/site-packages/airflow/example_dags/example_short_circuit_operator.py
[2022-06-17 22:22:22,862] {logging_mixin.py:109} INFO - [2022-06-17 22:22:22,862] {dag.py:2398} INFO - Sync 1 DAGs
[2022-06-17 22:22:22,889] {logging_mixin.py:109} INFO - [2022-06-17 22:22:22,889] {dag.py:2937} INFO - Setting next_dagrun for example_short_circuit_operator to 2022-06-16T20:22:22.888841+00:00
[2022-06-17 22:22:22,911] {processor.py:171} INFO - Processing /home/saba/.local/lib/python3.6/site-packages/airflow/example_dags/example_short_circuit_operator.py took 0.105 seconds
[2022-06-17 22:22:59,153] {processor.py:163} INFO - Started process (PID=3779) to work on /home/saba/.local/lib/python3.6/site-packages/airflow/example_dags/example_short_circuit_operator.py
[2022-06-17 22:22:59,154] {processor.py:642} INFO - Processing file /home/saba/.local/lib/python3.6/site-packages/airflow/example_dags/example_short_circuit_operator.py for tasks to queue
[2022-06-17 22:22:59,155] {logging_mixin.py:109} INFO - [2022-06-17 22:22:59,155] {dagbag.py:500} INFO - Filling up the DagBag from /home/saba/.local/lib/python3.6/site-packages/airflow/example_dags/example_short_circuit_operator.py
[2022-06-17 22:22:59,174] {processor.py:652} INFO - DAG(s) dict_keys(['example_short_circuit_operator']) retrieved from /home/saba/.local/lib/python3.6/site-packages/airflow/example_dags/example_short_circuit_operator.py
[2022-06-17 22:22:59,189] {logging_mixin.py:109} INFO - [2022-06-17 22:22:59,189] {dag.py:2398} INFO - Sync 1 DAGs
[2022-06-17 22:22:59,207] {logging_mixin.py:109} INFO - [2022-06-17 22:22:59,207] {dag.py:2937} INFO - Setting next_dagrun for example_short_circuit_operator to 2022-06-16T20:22:59.206958+00:00
[2022-06-17 22:22:59,223] {processor.py:171} INFO - Processing /home/saba/.local/lib/python3.6/site-packages/airflow/example_dags/example_short_circuit_operator.py took 0.073 seconds
[2022-06-17 22:23:34,738] {processor.py:163} INFO - Started process (PID=3832) to work on /home/saba/.local/lib/python3.6/site-packages/airflow/example_dags/example_short_circuit_operator.py
[2022-06-17 22:23:34,739] {processor.py:642} INFO - Processing file /home/saba/.local/lib/python3.6/site-packages/airflow/example_dags/example_short_circuit_operator.py for tasks to queue
[2022-06-17 22:23:34,740] {logging_mixin.py:109} INFO - [2022-06-17 22:23:34,740] {dagbag.py:500} INFO - Filling up the DagBag from /home/saba/.local/lib/python3.6/site-packages/airflow/example_dags/example_short_circuit_operator.py
[2022-06-17 22:23:34,763] {processor.py:652} INFO - DAG(s) dict_keys(['example_short_circuit_operator']) retrieved from /home/saba/.local/lib/python3.6/site-packages/airflow/example_dags/example_short_circuit_operator.py
[2022-06-17 22:23:34,789] {logging_mixin.py:109} INFO - [2022-06-17 22:23:34,789] {dag.py:2398} INFO - Sync 1 DAGs
[2022-06-17 22:23:34,816] {logging_mixin.py:109} INFO - [2022-06-17 22:23:34,816] {dag.py:2937} INFO - Setting next_dagrun for example_short_circuit_operator to 2022-06-16T20:23:34.815716+00:00
[2022-06-17 22:23:34,833] {processor.py:171} INFO - Processing /home/saba/.local/lib/python3.6/site-packages/airflow/example_dags/example_short_circuit_operator.py took 0.099 seconds
[2022-06-17 22:24:13,286] {processor.py:163} INFO - Started process (PID=3943) to work on /home/saba/.local/lib/python3.6/site-packages/airflow/example_dags/example_short_circuit_operator.py
[2022-06-17 22:24:13,288] {processor.py:642} INFO - Processing file /home/saba/.local/lib/python3.6/site-packages/airflow/example_dags/example_short_circuit_operator.py for tasks to queue
[2022-06-17 22:24:13,289] {logging_mixin.py:109} INFO - [2022-06-17 22:24:13,288] {dagbag.py:500} INFO - Filling up the DagBag from /home/saba/.local/lib/python3.6/site-packages/airflow/example_dags/example_short_circuit_operator.py
[2022-06-17 22:24:13,309] {processor.py:652} INFO - DAG(s) dict_keys(['example_short_circuit_operator']) retrieved from /home/saba/.local/lib/python3.6/site-packages/airflow/example_dags/example_short_circuit_operator.py
[2022-06-17 22:24:13,324] {logging_mixin.py:109} INFO - [2022-06-17 22:24:13,324] {dag.py:2398} INFO - Sync 1 DAGs
[2022-06-17 22:24:13,342] {logging_mixin.py:109} INFO - [2022-06-17 22:24:13,342] {dag.py:2937} INFO - Setting next_dagrun for example_short_circuit_operator to 2022-06-16T20:24:13.342123+00:00
[2022-06-17 22:24:13,362] {processor.py:171} INFO - Processing /home/saba/.local/lib/python3.6/site-packages/airflow/example_dags/example_short_circuit_operator.py took 0.079 seconds
[2022-06-17 22:24:48,974] {processor.py:163} INFO - Started process (PID=3997) to work on /home/saba/.local/lib/python3.6/site-packages/airflow/example_dags/example_short_circuit_operator.py
[2022-06-17 22:24:48,976] {processor.py:642} INFO - Processing file /home/saba/.local/lib/python3.6/site-packages/airflow/example_dags/example_short_circuit_operator.py for tasks to queue
[2022-06-17 22:24:48,978] {logging_mixin.py:109} INFO - [2022-06-17 22:24:48,977] {dagbag.py:500} INFO - Filling up the DagBag from /home/saba/.local/lib/python3.6/site-packages/airflow/example_dags/example_short_circuit_operator.py
[2022-06-17 22:24:49,005] {processor.py:652} INFO - DAG(s) dict_keys(['example_short_circuit_operator']) retrieved from /home/saba/.local/lib/python3.6/site-packages/airflow/example_dags/example_short_circuit_operator.py
[2022-06-17 22:24:49,026] {logging_mixin.py:109} INFO - [2022-06-17 22:24:49,026] {dag.py:2398} INFO - Sync 1 DAGs
[2022-06-17 22:24:49,050] {logging_mixin.py:109} INFO - [2022-06-17 22:24:49,050] {dag.py:2937} INFO - Setting next_dagrun for example_short_circuit_operator to 2022-06-16T20:24:49.049804+00:00
[2022-06-17 22:24:49,070] {processor.py:171} INFO - Processing /home/saba/.local/lib/python3.6/site-packages/airflow/example_dags/example_short_circuit_operator.py took 0.100 seconds
[2022-06-17 22:25:35,786] {processor.py:163} INFO - Started process (PID=4195) to work on /home/saba/.local/lib/python3.6/site-packages/airflow/example_dags/example_short_circuit_operator.py
[2022-06-17 22:25:35,797] {processor.py:642} INFO - Processing file /home/saba/.local/lib/python3.6/site-packages/airflow/example_dags/example_short_circuit_operator.py for tasks to queue
[2022-06-17 22:25:35,799] {logging_mixin.py:109} INFO - [2022-06-17 22:25:35,799] {dagbag.py:500} INFO - Filling up the DagBag from /home/saba/.local/lib/python3.6/site-packages/airflow/example_dags/example_short_circuit_operator.py
[2022-06-17 22:25:35,912] {processor.py:652} INFO - DAG(s) dict_keys(['example_short_circuit_operator']) retrieved from /home/saba/.local/lib/python3.6/site-packages/airflow/example_dags/example_short_circuit_operator.py
[2022-06-17 22:25:36,023] {logging_mixin.py:109} INFO - [2022-06-17 22:25:36,022] {dag.py:2398} INFO - Sync 1 DAGs
[2022-06-17 22:25:36,206] {logging_mixin.py:109} INFO - [2022-06-17 22:25:36,206] {dag.py:2937} INFO - Setting next_dagrun for example_short_circuit_operator to 2022-06-16T20:25:36.204252+00:00
[2022-06-17 22:25:36,325] {processor.py:171} INFO - Processing /home/saba/.local/lib/python3.6/site-packages/airflow/example_dags/example_short_circuit_operator.py took 0.552 seconds
[2022-06-17 22:26:30,436] {processor.py:163} INFO - Started process (PID=4416) to work on /home/saba/.local/lib/python3.6/site-packages/airflow/example_dags/example_short_circuit_operator.py
[2022-06-17 22:26:30,440] {processor.py:642} INFO - Processing file /home/saba/.local/lib/python3.6/site-packages/airflow/example_dags/example_short_circuit_operator.py for tasks to queue
[2022-06-17 22:26:30,442] {logging_mixin.py:109} INFO - [2022-06-17 22:26:30,441] {dagbag.py:500} INFO - Filling up the DagBag from /home/saba/.local/lib/python3.6/site-packages/airflow/example_dags/example_short_circuit_operator.py
[2022-06-17 22:26:30,536] {processor.py:652} INFO - DAG(s) dict_keys(['example_short_circuit_operator']) retrieved from /home/saba/.local/lib/python3.6/site-packages/airflow/example_dags/example_short_circuit_operator.py
[2022-06-17 22:26:30,598] {logging_mixin.py:109} INFO - [2022-06-17 22:26:30,598] {dag.py:2398} INFO - Sync 1 DAGs
[2022-06-17 22:26:30,664] {logging_mixin.py:109} INFO - [2022-06-17 22:26:30,664] {dag.py:2937} INFO - Setting next_dagrun for example_short_circuit_operator to 2022-06-16T20:26:30.663428+00:00
[2022-06-17 22:26:30,708] {processor.py:171} INFO - Processing /home/saba/.local/lib/python3.6/site-packages/airflow/example_dags/example_short_circuit_operator.py took 0.282 seconds
[2022-06-17 22:27:24,747] {processor.py:163} INFO - Started process (PID=4493) to work on /home/saba/.local/lib/python3.6/site-packages/airflow/example_dags/example_short_circuit_operator.py
[2022-06-17 22:27:24,751] {processor.py:642} INFO - Processing file /home/saba/.local/lib/python3.6/site-packages/airflow/example_dags/example_short_circuit_operator.py for tasks to queue
[2022-06-17 22:27:24,752] {logging_mixin.py:109} INFO - [2022-06-17 22:27:24,752] {dagbag.py:500} INFO - Filling up the DagBag from /home/saba/.local/lib/python3.6/site-packages/airflow/example_dags/example_short_circuit_operator.py
[2022-06-17 22:27:24,790] {processor.py:652} INFO - DAG(s) dict_keys(['example_short_circuit_operator']) retrieved from /home/saba/.local/lib/python3.6/site-packages/airflow/example_dags/example_short_circuit_operator.py
[2022-06-17 22:27:24,823] {logging_mixin.py:109} INFO - [2022-06-17 22:27:24,823] {dag.py:2398} INFO - Sync 1 DAGs
[2022-06-17 22:27:24,874] {logging_mixin.py:109} INFO - [2022-06-17 22:27:24,873] {dag.py:2937} INFO - Setting next_dagrun for example_short_circuit_operator to 2022-06-16T20:27:24.872714+00:00
[2022-06-17 22:27:24,903] {processor.py:171} INFO - Processing /home/saba/.local/lib/python3.6/site-packages/airflow/example_dags/example_short_circuit_operator.py took 0.162 seconds
[2022-06-17 22:28:29,228] {processor.py:163} INFO - Started process (PID=4568) to work on /home/saba/.local/lib/python3.6/site-packages/airflow/example_dags/example_short_circuit_operator.py
[2022-06-17 22:28:29,232] {processor.py:642} INFO - Processing file /home/saba/.local/lib/python3.6/site-packages/airflow/example_dags/example_short_circuit_operator.py for tasks to queue
[2022-06-17 22:28:29,235] {logging_mixin.py:109} INFO - [2022-06-17 22:28:29,234] {dagbag.py:500} INFO - Filling up the DagBag from /home/saba/.local/lib/python3.6/site-packages/airflow/example_dags/example_short_circuit_operator.py
[2022-06-17 22:28:29,300] {processor.py:652} INFO - DAG(s) dict_keys(['example_short_circuit_operator']) retrieved from /home/saba/.local/lib/python3.6/site-packages/airflow/example_dags/example_short_circuit_operator.py
[2022-06-17 22:28:29,343] {logging_mixin.py:109} INFO - [2022-06-17 22:28:29,342] {dag.py:2398} INFO - Sync 1 DAGs
[2022-06-17 22:28:29,403] {logging_mixin.py:109} INFO - [2022-06-17 22:28:29,402] {dag.py:2937} INFO - Setting next_dagrun for example_short_circuit_operator to 2022-06-16T20:28:29.402093+00:00
[2022-06-17 22:28:29,436] {processor.py:171} INFO - Processing /home/saba/.local/lib/python3.6/site-packages/airflow/example_dags/example_short_circuit_operator.py took 0.218 seconds
[2022-06-17 22:29:32,374] {processor.py:163} INFO - Started process (PID=4627) to work on /home/saba/.local/lib/python3.6/site-packages/airflow/example_dags/example_short_circuit_operator.py
[2022-06-17 22:29:32,380] {processor.py:642} INFO - Processing file /home/saba/.local/lib/python3.6/site-packages/airflow/example_dags/example_short_circuit_operator.py for tasks to queue
[2022-06-17 22:29:32,384] {logging_mixin.py:109} INFO - [2022-06-17 22:29:32,383] {dagbag.py:500} INFO - Filling up the DagBag from /home/saba/.local/lib/python3.6/site-packages/airflow/example_dags/example_short_circuit_operator.py
[2022-06-17 22:29:32,505] {processor.py:652} INFO - DAG(s) dict_keys(['example_short_circuit_operator']) retrieved from /home/saba/.local/lib/python3.6/site-packages/airflow/example_dags/example_short_circuit_operator.py
[2022-06-17 22:29:32,619] {logging_mixin.py:109} INFO - [2022-06-17 22:29:32,618] {dag.py:2398} INFO - Sync 1 DAGs
[2022-06-17 22:29:32,807] {logging_mixin.py:109} INFO - [2022-06-17 22:29:32,803] {dag.py:2937} INFO - Setting next_dagrun for example_short_circuit_operator to 2022-06-16T20:29:32.802109+00:00
[2022-06-17 22:29:32,923] {processor.py:171} INFO - Processing /home/saba/.local/lib/python3.6/site-packages/airflow/example_dags/example_short_circuit_operator.py took 0.565 seconds
[2022-06-17 22:30:28,928] {processor.py:163} INFO - Started process (PID=4971) to work on /home/saba/.local/lib/python3.6/site-packages/airflow/example_dags/example_short_circuit_operator.py
[2022-06-17 22:30:28,933] {processor.py:642} INFO - Processing file /home/saba/.local/lib/python3.6/site-packages/airflow/example_dags/example_short_circuit_operator.py for tasks to queue
[2022-06-17 22:30:28,935] {logging_mixin.py:109} INFO - [2022-06-17 22:30:28,935] {dagbag.py:500} INFO - Filling up the DagBag from /home/saba/.local/lib/python3.6/site-packages/airflow/example_dags/example_short_circuit_operator.py
[2022-06-17 22:30:29,043] {processor.py:652} INFO - DAG(s) dict_keys(['example_short_circuit_operator']) retrieved from /home/saba/.local/lib/python3.6/site-packages/airflow/example_dags/example_short_circuit_operator.py
[2022-06-17 22:30:29,152] {logging_mixin.py:109} INFO - [2022-06-17 22:30:29,146] {dag.py:2398} INFO - Sync 1 DAGs
[2022-06-17 22:30:29,237] {logging_mixin.py:109} INFO - [2022-06-17 22:30:29,236] {dag.py:2937} INFO - Setting next_dagrun for example_short_circuit_operator to 2022-06-16T20:30:29.235864+00:00
[2022-06-17 22:30:29,297] {processor.py:171} INFO - Processing /home/saba/.local/lib/python3.6/site-packages/airflow/example_dags/example_short_circuit_operator.py took 0.379 seconds
[2022-06-17 22:31:13,221] {processor.py:163} INFO - Started process (PID=5058) to work on /home/saba/.local/lib/python3.6/site-packages/airflow/example_dags/example_short_circuit_operator.py
[2022-06-17 22:31:13,225] {processor.py:642} INFO - Processing file /home/saba/.local/lib/python3.6/site-packages/airflow/example_dags/example_short_circuit_operator.py for tasks to queue
[2022-06-17 22:31:13,226] {logging_mixin.py:109} INFO - [2022-06-17 22:31:13,226] {dagbag.py:500} INFO - Filling up the DagBag from /home/saba/.local/lib/python3.6/site-packages/airflow/example_dags/example_short_circuit_operator.py
[2022-06-17 22:31:13,263] {processor.py:652} INFO - DAG(s) dict_keys(['example_short_circuit_operator']) retrieved from /home/saba/.local/lib/python3.6/site-packages/airflow/example_dags/example_short_circuit_operator.py
[2022-06-17 22:31:13,290] {logging_mixin.py:109} INFO - [2022-06-17 22:31:13,290] {dag.py:2398} INFO - Sync 1 DAGs
[2022-06-17 22:31:13,328] {logging_mixin.py:109} INFO - [2022-06-17 22:31:13,328] {dag.py:2937} INFO - Setting next_dagrun for example_short_circuit_operator to 2022-06-16T20:31:13.327565+00:00
[2022-06-17 22:31:13,353] {processor.py:171} INFO - Processing /home/saba/.local/lib/python3.6/site-packages/airflow/example_dags/example_short_circuit_operator.py took 0.137 seconds
[2022-06-17 22:32:00,806] {processor.py:163} INFO - Started process (PID=5102) to work on /home/saba/.local/lib/python3.6/site-packages/airflow/example_dags/example_short_circuit_operator.py
[2022-06-17 22:32:00,811] {processor.py:642} INFO - Processing file /home/saba/.local/lib/python3.6/site-packages/airflow/example_dags/example_short_circuit_operator.py for tasks to queue
[2022-06-17 22:32:00,814] {logging_mixin.py:109} INFO - [2022-06-17 22:32:00,813] {dagbag.py:500} INFO - Filling up the DagBag from /home/saba/.local/lib/python3.6/site-packages/airflow/example_dags/example_short_circuit_operator.py
[2022-06-17 22:32:00,917] {processor.py:652} INFO - DAG(s) dict_keys(['example_short_circuit_operator']) retrieved from /home/saba/.local/lib/python3.6/site-packages/airflow/example_dags/example_short_circuit_operator.py
[2022-06-17 22:32:01,004] {logging_mixin.py:109} INFO - [2022-06-17 22:32:01,003] {dag.py:2398} INFO - Sync 1 DAGs
[2022-06-17 22:32:01,096] {logging_mixin.py:109} INFO - [2022-06-17 22:32:01,096] {dag.py:2937} INFO - Setting next_dagrun for example_short_circuit_operator to 2022-06-16T20:32:01.094510+00:00
[2022-06-17 22:32:01,149] {processor.py:171} INFO - Processing /home/saba/.local/lib/python3.6/site-packages/airflow/example_dags/example_short_circuit_operator.py took 0.353 seconds
[2022-06-17 22:32:48,867] {processor.py:163} INFO - Started process (PID=5352) to work on /home/saba/.local/lib/python3.6/site-packages/airflow/example_dags/example_short_circuit_operator.py
[2022-06-17 22:32:48,875] {processor.py:642} INFO - Processing file /home/saba/.local/lib/python3.6/site-packages/airflow/example_dags/example_short_circuit_operator.py for tasks to queue
[2022-06-17 22:32:48,877] {logging_mixin.py:109} INFO - [2022-06-17 22:32:48,877] {dagbag.py:500} INFO - Filling up the DagBag from /home/saba/.local/lib/python3.6/site-packages/airflow/example_dags/example_short_circuit_operator.py
[2022-06-17 22:32:48,958] {processor.py:652} INFO - DAG(s) dict_keys(['example_short_circuit_operator']) retrieved from /home/saba/.local/lib/python3.6/site-packages/airflow/example_dags/example_short_circuit_operator.py
[2022-06-17 22:32:49,005] {logging_mixin.py:109} INFO - [2022-06-17 22:32:49,004] {dag.py:2398} INFO - Sync 1 DAGs
[2022-06-17 22:32:49,057] {logging_mixin.py:109} INFO - [2022-06-17 22:32:49,057] {dag.py:2937} INFO - Setting next_dagrun for example_short_circuit_operator to 2022-06-16T20:32:49.056756+00:00
[2022-06-17 22:32:49,089] {processor.py:171} INFO - Processing /home/saba/.local/lib/python3.6/site-packages/airflow/example_dags/example_short_circuit_operator.py took 0.233 seconds
[2022-06-17 22:33:33,299] {processor.py:163} INFO - Started process (PID=5619) to work on /home/saba/.local/lib/python3.6/site-packages/airflow/example_dags/example_short_circuit_operator.py
[2022-06-17 22:33:33,302] {processor.py:642} INFO - Processing file /home/saba/.local/lib/python3.6/site-packages/airflow/example_dags/example_short_circuit_operator.py for tasks to queue
[2022-06-17 22:33:33,303] {logging_mixin.py:109} INFO - [2022-06-17 22:33:33,303] {dagbag.py:500} INFO - Filling up the DagBag from /home/saba/.local/lib/python3.6/site-packages/airflow/example_dags/example_short_circuit_operator.py
[2022-06-17 22:33:33,341] {processor.py:652} INFO - DAG(s) dict_keys(['example_short_circuit_operator']) retrieved from /home/saba/.local/lib/python3.6/site-packages/airflow/example_dags/example_short_circuit_operator.py
[2022-06-17 22:33:33,371] {logging_mixin.py:109} INFO - [2022-06-17 22:33:33,371] {dag.py:2398} INFO - Sync 1 DAGs
[2022-06-17 22:33:33,409] {logging_mixin.py:109} INFO - [2022-06-17 22:33:33,409] {dag.py:2937} INFO - Setting next_dagrun for example_short_circuit_operator to 2022-06-16T20:33:33.408888+00:00
[2022-06-17 22:33:33,438] {processor.py:171} INFO - Processing /home/saba/.local/lib/python3.6/site-packages/airflow/example_dags/example_short_circuit_operator.py took 0.146 seconds
[2022-06-17 22:34:15,818] {processor.py:163} INFO - Started process (PID=5675) to work on /home/saba/.local/lib/python3.6/site-packages/airflow/example_dags/example_short_circuit_operator.py
[2022-06-17 22:34:15,820] {processor.py:642} INFO - Processing file /home/saba/.local/lib/python3.6/site-packages/airflow/example_dags/example_short_circuit_operator.py for tasks to queue
[2022-06-17 22:34:15,821] {logging_mixin.py:109} INFO - [2022-06-17 22:34:15,821] {dagbag.py:500} INFO - Filling up the DagBag from /home/saba/.local/lib/python3.6/site-packages/airflow/example_dags/example_short_circuit_operator.py
[2022-06-17 22:34:15,849] {processor.py:652} INFO - DAG(s) dict_keys(['example_short_circuit_operator']) retrieved from /home/saba/.local/lib/python3.6/site-packages/airflow/example_dags/example_short_circuit_operator.py
[2022-06-17 22:34:15,869] {logging_mixin.py:109} INFO - [2022-06-17 22:34:15,869] {dag.py:2398} INFO - Sync 1 DAGs
[2022-06-17 22:34:15,902] {logging_mixin.py:109} INFO - [2022-06-17 22:34:15,902] {dag.py:2937} INFO - Setting next_dagrun for example_short_circuit_operator to 2022-06-16T20:34:15.901288+00:00
[2022-06-17 22:34:15,924] {processor.py:171} INFO - Processing /home/saba/.local/lib/python3.6/site-packages/airflow/example_dags/example_short_circuit_operator.py took 0.110 seconds
[2022-06-17 22:35:03,125] {processor.py:163} INFO - Started process (PID=5728) to work on /home/saba/.local/lib/python3.6/site-packages/airflow/example_dags/example_short_circuit_operator.py
[2022-06-17 22:35:03,128] {processor.py:642} INFO - Processing file /home/saba/.local/lib/python3.6/site-packages/airflow/example_dags/example_short_circuit_operator.py for tasks to queue
[2022-06-17 22:35:03,131] {logging_mixin.py:109} INFO - [2022-06-17 22:35:03,130] {dagbag.py:500} INFO - Filling up the DagBag from /home/saba/.local/lib/python3.6/site-packages/airflow/example_dags/example_short_circuit_operator.py
[2022-06-17 22:35:03,193] {processor.py:652} INFO - DAG(s) dict_keys(['example_short_circuit_operator']) retrieved from /home/saba/.local/lib/python3.6/site-packages/airflow/example_dags/example_short_circuit_operator.py
[2022-06-17 22:35:03,242] {logging_mixin.py:109} INFO - [2022-06-17 22:35:03,242] {dag.py:2398} INFO - Sync 1 DAGs
[2022-06-17 22:35:03,291] {logging_mixin.py:109} INFO - [2022-06-17 22:35:03,291] {dag.py:2937} INFO - Setting next_dagrun for example_short_circuit_operator to 2022-06-16T20:35:03.290656+00:00
[2022-06-17 22:35:03,328] {processor.py:171} INFO - Processing /home/saba/.local/lib/python3.6/site-packages/airflow/example_dags/example_short_circuit_operator.py took 0.211 seconds
[2022-06-17 22:35:46,582] {processor.py:163} INFO - Started process (PID=5781) to work on /home/saba/.local/lib/python3.6/site-packages/airflow/example_dags/example_short_circuit_operator.py
[2022-06-17 22:35:46,595] {processor.py:642} INFO - Processing file /home/saba/.local/lib/python3.6/site-packages/airflow/example_dags/example_short_circuit_operator.py for tasks to queue
[2022-06-17 22:35:46,596] {logging_mixin.py:109} INFO - [2022-06-17 22:35:46,596] {dagbag.py:500} INFO - Filling up the DagBag from /home/saba/.local/lib/python3.6/site-packages/airflow/example_dags/example_short_circuit_operator.py
[2022-06-17 22:35:46,650] {processor.py:652} INFO - DAG(s) dict_keys(['example_short_circuit_operator']) retrieved from /home/saba/.local/lib/python3.6/site-packages/airflow/example_dags/example_short_circuit_operator.py
[2022-06-17 22:35:46,688] {logging_mixin.py:109} INFO - [2022-06-17 22:35:46,688] {dag.py:2398} INFO - Sync 1 DAGs
[2022-06-17 22:35:46,726] {logging_mixin.py:109} INFO - [2022-06-17 22:35:46,726] {dag.py:2937} INFO - Setting next_dagrun for example_short_circuit_operator to 2022-06-16T20:35:46.726119+00:00
[2022-06-17 22:35:46,771] {processor.py:171} INFO - Processing /home/saba/.local/lib/python3.6/site-packages/airflow/example_dags/example_short_circuit_operator.py took 0.199 seconds
[2022-06-17 22:36:26,255] {processor.py:163} INFO - Started process (PID=5838) to work on /home/saba/.local/lib/python3.6/site-packages/airflow/example_dags/example_short_circuit_operator.py
[2022-06-17 22:36:26,257] {processor.py:642} INFO - Processing file /home/saba/.local/lib/python3.6/site-packages/airflow/example_dags/example_short_circuit_operator.py for tasks to queue
[2022-06-17 22:36:26,257] {logging_mixin.py:109} INFO - [2022-06-17 22:36:26,257] {dagbag.py:500} INFO - Filling up the DagBag from /home/saba/.local/lib/python3.6/site-packages/airflow/example_dags/example_short_circuit_operator.py
[2022-06-17 22:36:26,280] {processor.py:652} INFO - DAG(s) dict_keys(['example_short_circuit_operator']) retrieved from /home/saba/.local/lib/python3.6/site-packages/airflow/example_dags/example_short_circuit_operator.py
[2022-06-17 22:36:26,297] {logging_mixin.py:109} INFO - [2022-06-17 22:36:26,297] {dag.py:2398} INFO - Sync 1 DAGs
[2022-06-17 22:36:26,317] {logging_mixin.py:109} INFO - [2022-06-17 22:36:26,317] {dag.py:2937} INFO - Setting next_dagrun for example_short_circuit_operator to 2022-06-16T20:36:26.316858+00:00
[2022-06-17 22:36:26,334] {processor.py:171} INFO - Processing /home/saba/.local/lib/python3.6/site-packages/airflow/example_dags/example_short_circuit_operator.py took 0.083 seconds
[2022-06-17 22:37:09,558] {processor.py:163} INFO - Started process (PID=5892) to work on /home/saba/.local/lib/python3.6/site-packages/airflow/example_dags/example_short_circuit_operator.py
[2022-06-17 22:37:09,564] {processor.py:642} INFO - Processing file /home/saba/.local/lib/python3.6/site-packages/airflow/example_dags/example_short_circuit_operator.py for tasks to queue
[2022-06-17 22:37:09,566] {logging_mixin.py:109} INFO - [2022-06-17 22:37:09,566] {dagbag.py:500} INFO - Filling up the DagBag from /home/saba/.local/lib/python3.6/site-packages/airflow/example_dags/example_short_circuit_operator.py
[2022-06-17 22:37:09,626] {processor.py:652} INFO - DAG(s) dict_keys(['example_short_circuit_operator']) retrieved from /home/saba/.local/lib/python3.6/site-packages/airflow/example_dags/example_short_circuit_operator.py
[2022-06-17 22:37:09,671] {logging_mixin.py:109} INFO - [2022-06-17 22:37:09,670] {dag.py:2398} INFO - Sync 1 DAGs
[2022-06-17 22:37:09,712] {logging_mixin.py:109} INFO - [2022-06-17 22:37:09,712] {dag.py:2937} INFO - Setting next_dagrun for example_short_circuit_operator to 2022-06-16T20:37:09.712137+00:00
[2022-06-17 22:37:09,735] {processor.py:171} INFO - Processing /home/saba/.local/lib/python3.6/site-packages/airflow/example_dags/example_short_circuit_operator.py took 0.188 seconds
[2022-06-17 22:37:59,891] {processor.py:163} INFO - Started process (PID=5945) to work on /home/saba/.local/lib/python3.6/site-packages/airflow/example_dags/example_short_circuit_operator.py
[2022-06-17 22:37:59,895] {processor.py:642} INFO - Processing file /home/saba/.local/lib/python3.6/site-packages/airflow/example_dags/example_short_circuit_operator.py for tasks to queue
[2022-06-17 22:37:59,897] {logging_mixin.py:109} INFO - [2022-06-17 22:37:59,897] {dagbag.py:500} INFO - Filling up the DagBag from /home/saba/.local/lib/python3.6/site-packages/airflow/example_dags/example_short_circuit_operator.py
[2022-06-17 22:37:59,954] {processor.py:652} INFO - DAG(s) dict_keys(['example_short_circuit_operator']) retrieved from /home/saba/.local/lib/python3.6/site-packages/airflow/example_dags/example_short_circuit_operator.py
[2022-06-17 22:37:59,994] {logging_mixin.py:109} INFO - [2022-06-17 22:37:59,994] {dag.py:2398} INFO - Sync 1 DAGs
[2022-06-17 22:38:00,046] {logging_mixin.py:109} INFO - [2022-06-17 22:38:00,045] {dag.py:2937} INFO - Setting next_dagrun for example_short_circuit_operator to 2022-06-16T20:38:00.045338+00:00
[2022-06-17 22:38:00,073] {processor.py:171} INFO - Processing /home/saba/.local/lib/python3.6/site-packages/airflow/example_dags/example_short_circuit_operator.py took 0.191 seconds
[2022-06-17 22:38:42,326] {processor.py:163} INFO - Started process (PID=5999) to work on /home/saba/.local/lib/python3.6/site-packages/airflow/example_dags/example_short_circuit_operator.py
[2022-06-17 22:38:42,331] {processor.py:642} INFO - Processing file /home/saba/.local/lib/python3.6/site-packages/airflow/example_dags/example_short_circuit_operator.py for tasks to queue
[2022-06-17 22:38:42,334] {logging_mixin.py:109} INFO - [2022-06-17 22:38:42,333] {dagbag.py:500} INFO - Filling up the DagBag from /home/saba/.local/lib/python3.6/site-packages/airflow/example_dags/example_short_circuit_operator.py
[2022-06-17 22:38:42,406] {processor.py:652} INFO - DAG(s) dict_keys(['example_short_circuit_operator']) retrieved from /home/saba/.local/lib/python3.6/site-packages/airflow/example_dags/example_short_circuit_operator.py
[2022-06-17 22:38:42,480] {logging_mixin.py:109} INFO - [2022-06-17 22:38:42,480] {dag.py:2398} INFO - Sync 1 DAGs
[2022-06-17 22:38:42,537] {logging_mixin.py:109} INFO - [2022-06-17 22:38:42,536] {dag.py:2937} INFO - Setting next_dagrun for example_short_circuit_operator to 2022-06-16T20:38:42.535808+00:00
[2022-06-17 22:38:42,594] {processor.py:171} INFO - Processing /home/saba/.local/lib/python3.6/site-packages/airflow/example_dags/example_short_circuit_operator.py took 0.279 seconds
[2022-06-17 22:39:24,831] {processor.py:163} INFO - Started process (PID=6378) to work on /home/saba/.local/lib/python3.6/site-packages/airflow/example_dags/example_short_circuit_operator.py
[2022-06-17 22:39:24,834] {processor.py:642} INFO - Processing file /home/saba/.local/lib/python3.6/site-packages/airflow/example_dags/example_short_circuit_operator.py for tasks to queue
[2022-06-17 22:39:24,835] {logging_mixin.py:109} INFO - [2022-06-17 22:39:24,835] {dagbag.py:500} INFO - Filling up the DagBag from /home/saba/.local/lib/python3.6/site-packages/airflow/example_dags/example_short_circuit_operator.py
[2022-06-17 22:39:24,877] {processor.py:652} INFO - DAG(s) dict_keys(['example_short_circuit_operator']) retrieved from /home/saba/.local/lib/python3.6/site-packages/airflow/example_dags/example_short_circuit_operator.py
[2022-06-17 22:39:24,906] {logging_mixin.py:109} INFO - [2022-06-17 22:39:24,905] {dag.py:2398} INFO - Sync 1 DAGs
[2022-06-17 22:39:24,941] {logging_mixin.py:109} INFO - [2022-06-17 22:39:24,941] {dag.py:2937} INFO - Setting next_dagrun for example_short_circuit_operator to 2022-06-16T20:39:24.940969+00:00
[2022-06-17 22:39:24,976] {processor.py:171} INFO - Processing /home/saba/.local/lib/python3.6/site-packages/airflow/example_dags/example_short_circuit_operator.py took 0.151 seconds
[2022-06-17 22:40:16,748] {processor.py:163} INFO - Started process (PID=6817) to work on /home/saba/.local/lib/python3.6/site-packages/airflow/example_dags/example_short_circuit_operator.py
[2022-06-17 22:40:16,750] {processor.py:642} INFO - Processing file /home/saba/.local/lib/python3.6/site-packages/airflow/example_dags/example_short_circuit_operator.py for tasks to queue
[2022-06-17 22:40:16,751] {logging_mixin.py:109} INFO - [2022-06-17 22:40:16,751] {dagbag.py:500} INFO - Filling up the DagBag from /home/saba/.local/lib/python3.6/site-packages/airflow/example_dags/example_short_circuit_operator.py
[2022-06-17 22:40:16,772] {processor.py:652} INFO - DAG(s) dict_keys(['example_short_circuit_operator']) retrieved from /home/saba/.local/lib/python3.6/site-packages/airflow/example_dags/example_short_circuit_operator.py
[2022-06-17 22:40:16,790] {logging_mixin.py:109} INFO - [2022-06-17 22:40:16,790] {dag.py:2398} INFO - Sync 1 DAGs
[2022-06-17 22:40:16,811] {logging_mixin.py:109} INFO - [2022-06-17 22:40:16,811] {dag.py:2937} INFO - Setting next_dagrun for example_short_circuit_operator to 2022-06-16T20:40:16.810990+00:00
[2022-06-17 22:40:16,829] {processor.py:171} INFO - Processing /home/saba/.local/lib/python3.6/site-packages/airflow/example_dags/example_short_circuit_operator.py took 0.084 seconds
[2022-06-17 22:41:03,769] {processor.py:163} INFO - Started process (PID=6919) to work on /home/saba/.local/lib/python3.6/site-packages/airflow/example_dags/example_short_circuit_operator.py
[2022-06-17 22:41:03,772] {processor.py:642} INFO - Processing file /home/saba/.local/lib/python3.6/site-packages/airflow/example_dags/example_short_circuit_operator.py for tasks to queue
[2022-06-17 22:41:03,774] {logging_mixin.py:109} INFO - [2022-06-17 22:41:03,773] {dagbag.py:500} INFO - Filling up the DagBag from /home/saba/.local/lib/python3.6/site-packages/airflow/example_dags/example_short_circuit_operator.py
[2022-06-17 22:41:03,811] {processor.py:652} INFO - DAG(s) dict_keys(['example_short_circuit_operator']) retrieved from /home/saba/.local/lib/python3.6/site-packages/airflow/example_dags/example_short_circuit_operator.py
[2022-06-17 22:41:03,837] {logging_mixin.py:109} INFO - [2022-06-17 22:41:03,837] {dag.py:2398} INFO - Sync 1 DAGs
[2022-06-17 22:41:03,866] {logging_mixin.py:109} INFO - [2022-06-17 22:41:03,866] {dag.py:2937} INFO - Setting next_dagrun for example_short_circuit_operator to 2022-06-16T20:41:03.866006+00:00
[2022-06-17 22:41:03,889] {processor.py:171} INFO - Processing /home/saba/.local/lib/python3.6/site-packages/airflow/example_dags/example_short_circuit_operator.py took 0.125 seconds
[2022-06-17 22:41:41,091] {processor.py:163} INFO - Started process (PID=6981) to work on /home/saba/.local/lib/python3.6/site-packages/airflow/example_dags/example_short_circuit_operator.py
[2022-06-17 22:41:41,093] {processor.py:642} INFO - Processing file /home/saba/.local/lib/python3.6/site-packages/airflow/example_dags/example_short_circuit_operator.py for tasks to queue
[2022-06-17 22:41:41,094] {logging_mixin.py:109} INFO - [2022-06-17 22:41:41,094] {dagbag.py:500} INFO - Filling up the DagBag from /home/saba/.local/lib/python3.6/site-packages/airflow/example_dags/example_short_circuit_operator.py
[2022-06-17 22:41:41,122] {processor.py:652} INFO - DAG(s) dict_keys(['example_short_circuit_operator']) retrieved from /home/saba/.local/lib/python3.6/site-packages/airflow/example_dags/example_short_circuit_operator.py
[2022-06-17 22:41:41,143] {logging_mixin.py:109} INFO - [2022-06-17 22:41:41,143] {dag.py:2398} INFO - Sync 1 DAGs
[2022-06-17 22:41:41,168] {logging_mixin.py:109} INFO - [2022-06-17 22:41:41,168] {dag.py:2937} INFO - Setting next_dagrun for example_short_circuit_operator to 2022-06-16T20:41:41.167987+00:00
[2022-06-17 22:41:41,189] {processor.py:171} INFO - Processing /home/saba/.local/lib/python3.6/site-packages/airflow/example_dags/example_short_circuit_operator.py took 0.102 seconds
[2022-06-17 22:42:20,059] {processor.py:163} INFO - Started process (PID=7583) to work on /home/saba/.local/lib/python3.6/site-packages/airflow/example_dags/example_short_circuit_operator.py
[2022-06-17 22:42:20,061] {processor.py:642} INFO - Processing file /home/saba/.local/lib/python3.6/site-packages/airflow/example_dags/example_short_circuit_operator.py for tasks to queue
[2022-06-17 22:42:20,062] {logging_mixin.py:109} INFO - [2022-06-17 22:42:20,062] {dagbag.py:500} INFO - Filling up the DagBag from /home/saba/.local/lib/python3.6/site-packages/airflow/example_dags/example_short_circuit_operator.py
[2022-06-17 22:42:20,088] {processor.py:652} INFO - DAG(s) dict_keys(['example_short_circuit_operator']) retrieved from /home/saba/.local/lib/python3.6/site-packages/airflow/example_dags/example_short_circuit_operator.py
[2022-06-17 22:42:20,108] {logging_mixin.py:109} INFO - [2022-06-17 22:42:20,108] {dag.py:2398} INFO - Sync 1 DAGs
[2022-06-17 22:42:20,133] {logging_mixin.py:109} INFO - [2022-06-17 22:42:20,133] {dag.py:2937} INFO - Setting next_dagrun for example_short_circuit_operator to 2022-06-16T20:42:20.132605+00:00
[2022-06-17 22:42:20,155] {processor.py:171} INFO - Processing /home/saba/.local/lib/python3.6/site-packages/airflow/example_dags/example_short_circuit_operator.py took 0.100 seconds
[2022-06-17 22:43:10,788] {processor.py:163} INFO - Started process (PID=8049) to work on /home/saba/.local/lib/python3.6/site-packages/airflow/example_dags/example_short_circuit_operator.py
[2022-06-17 22:43:10,791] {processor.py:642} INFO - Processing file /home/saba/.local/lib/python3.6/site-packages/airflow/example_dags/example_short_circuit_operator.py for tasks to queue
[2022-06-17 22:43:10,793] {logging_mixin.py:109} INFO - [2022-06-17 22:43:10,792] {dagbag.py:500} INFO - Filling up the DagBag from /home/saba/.local/lib/python3.6/site-packages/airflow/example_dags/example_short_circuit_operator.py
[2022-06-17 22:43:10,838] {processor.py:652} INFO - DAG(s) dict_keys(['example_short_circuit_operator']) retrieved from /home/saba/.local/lib/python3.6/site-packages/airflow/example_dags/example_short_circuit_operator.py
[2022-06-17 22:43:10,875] {logging_mixin.py:109} INFO - [2022-06-17 22:43:10,874] {dag.py:2398} INFO - Sync 1 DAGs
[2022-06-17 22:43:10,927] {logging_mixin.py:109} INFO - [2022-06-17 22:43:10,926] {dag.py:2937} INFO - Setting next_dagrun for example_short_circuit_operator to 2022-06-16T20:43:10.926181+00:00
[2022-06-17 22:43:10,956] {processor.py:171} INFO - Processing /home/saba/.local/lib/python3.6/site-packages/airflow/example_dags/example_short_circuit_operator.py took 0.175 seconds
[2022-06-17 22:43:57,910] {processor.py:163} INFO - Started process (PID=8398) to work on /home/saba/.local/lib/python3.6/site-packages/airflow/example_dags/example_short_circuit_operator.py
[2022-06-17 22:43:57,913] {processor.py:642} INFO - Processing file /home/saba/.local/lib/python3.6/site-packages/airflow/example_dags/example_short_circuit_operator.py for tasks to queue
[2022-06-17 22:43:57,914] {logging_mixin.py:109} INFO - [2022-06-17 22:43:57,914] {dagbag.py:500} INFO - Filling up the DagBag from /home/saba/.local/lib/python3.6/site-packages/airflow/example_dags/example_short_circuit_operator.py
[2022-06-17 22:43:57,946] {processor.py:652} INFO - DAG(s) dict_keys(['example_short_circuit_operator']) retrieved from /home/saba/.local/lib/python3.6/site-packages/airflow/example_dags/example_short_circuit_operator.py
[2022-06-17 22:43:57,971] {logging_mixin.py:109} INFO - [2022-06-17 22:43:57,971] {dag.py:2398} INFO - Sync 1 DAGs
[2022-06-17 22:43:58,001] {logging_mixin.py:109} INFO - [2022-06-17 22:43:58,001] {dag.py:2937} INFO - Setting next_dagrun for example_short_circuit_operator to 2022-06-16T20:43:58.000988+00:00
[2022-06-17 22:43:58,024] {processor.py:171} INFO - Processing /home/saba/.local/lib/python3.6/site-packages/airflow/example_dags/example_short_circuit_operator.py took 0.118 seconds
[2022-06-17 22:45:09,713] {processor.py:163} INFO - Started process (PID=8548) to work on /home/saba/.local/lib/python3.6/site-packages/airflow/example_dags/example_short_circuit_operator.py
[2022-06-17 22:45:09,720] {processor.py:642} INFO - Processing file /home/saba/.local/lib/python3.6/site-packages/airflow/example_dags/example_short_circuit_operator.py for tasks to queue
[2022-06-17 22:45:09,724] {logging_mixin.py:109} INFO - [2022-06-17 22:45:09,723] {dagbag.py:500} INFO - Filling up the DagBag from /home/saba/.local/lib/python3.6/site-packages/airflow/example_dags/example_short_circuit_operator.py
[2022-06-17 22:45:09,809] {processor.py:652} INFO - DAG(s) dict_keys(['example_short_circuit_operator']) retrieved from /home/saba/.local/lib/python3.6/site-packages/airflow/example_dags/example_short_circuit_operator.py
[2022-06-17 22:45:09,862] {logging_mixin.py:109} INFO - [2022-06-17 22:45:09,862] {dag.py:2398} INFO - Sync 1 DAGs
[2022-06-17 22:45:10,023] {logging_mixin.py:109} INFO - [2022-06-17 22:45:10,022] {dag.py:2937} INFO - Setting next_dagrun for example_short_circuit_operator to 2022-06-16T20:45:10.021356+00:00
[2022-06-17 22:45:10,116] {processor.py:171} INFO - Processing /home/saba/.local/lib/python3.6/site-packages/airflow/example_dags/example_short_circuit_operator.py took 0.417 seconds
[2022-06-17 22:46:24,647] {processor.py:163} INFO - Started process (PID=9435) to work on /home/saba/.local/lib/python3.6/site-packages/airflow/example_dags/example_short_circuit_operator.py
[2022-06-17 22:46:24,649] {processor.py:642} INFO - Processing file /home/saba/.local/lib/python3.6/site-packages/airflow/example_dags/example_short_circuit_operator.py for tasks to queue
[2022-06-17 22:46:24,650] {logging_mixin.py:109} INFO - [2022-06-17 22:46:24,649] {dagbag.py:500} INFO - Filling up the DagBag from /home/saba/.local/lib/python3.6/site-packages/airflow/example_dags/example_short_circuit_operator.py
[2022-06-17 22:46:24,679] {processor.py:652} INFO - DAG(s) dict_keys(['example_short_circuit_operator']) retrieved from /home/saba/.local/lib/python3.6/site-packages/airflow/example_dags/example_short_circuit_operator.py
[2022-06-17 22:46:24,701] {logging_mixin.py:109} INFO - [2022-06-17 22:46:24,700] {dag.py:2398} INFO - Sync 1 DAGs
[2022-06-17 22:46:24,729] {logging_mixin.py:109} INFO - [2022-06-17 22:46:24,728] {dag.py:2937} INFO - Setting next_dagrun for example_short_circuit_operator to 2022-06-16T20:46:24.728395+00:00
[2022-06-17 22:46:24,750] {processor.py:171} INFO - Processing /home/saba/.local/lib/python3.6/site-packages/airflow/example_dags/example_short_circuit_operator.py took 0.107 seconds
[2022-06-17 22:48:18,241] {processor.py:163} INFO - Started process (PID=10407) to work on /home/saba/.local/lib/python3.6/site-packages/airflow/example_dags/example_short_circuit_operator.py
[2022-06-17 22:48:18,243] {processor.py:642} INFO - Processing file /home/saba/.local/lib/python3.6/site-packages/airflow/example_dags/example_short_circuit_operator.py for tasks to queue
[2022-06-17 22:48:18,244] {logging_mixin.py:109} INFO - [2022-06-17 22:48:18,244] {dagbag.py:500} INFO - Filling up the DagBag from /home/saba/.local/lib/python3.6/site-packages/airflow/example_dags/example_short_circuit_operator.py
[2022-06-17 22:48:18,266] {processor.py:652} INFO - DAG(s) dict_keys(['example_short_circuit_operator']) retrieved from /home/saba/.local/lib/python3.6/site-packages/airflow/example_dags/example_short_circuit_operator.py
[2022-06-17 22:48:18,285] {logging_mixin.py:109} INFO - [2022-06-17 22:48:18,285] {dag.py:2398} INFO - Sync 1 DAGs
[2022-06-17 22:48:18,308] {logging_mixin.py:109} INFO - [2022-06-17 22:48:18,308] {dag.py:2937} INFO - Setting next_dagrun for example_short_circuit_operator to 2022-06-16T20:48:18.307621+00:00
[2022-06-17 22:48:18,406] {processor.py:171} INFO - Processing /home/saba/.local/lib/python3.6/site-packages/airflow/example_dags/example_short_circuit_operator.py took 0.168 seconds
[2022-06-17 22:49:03,066] {processor.py:163} INFO - Started process (PID=10614) to work on /home/saba/.local/lib/python3.6/site-packages/airflow/example_dags/example_short_circuit_operator.py
[2022-06-17 22:49:03,068] {processor.py:642} INFO - Processing file /home/saba/.local/lib/python3.6/site-packages/airflow/example_dags/example_short_circuit_operator.py for tasks to queue
[2022-06-17 22:49:03,068] {logging_mixin.py:109} INFO - [2022-06-17 22:49:03,068] {dagbag.py:500} INFO - Filling up the DagBag from /home/saba/.local/lib/python3.6/site-packages/airflow/example_dags/example_short_circuit_operator.py
[2022-06-17 22:49:03,087] {processor.py:652} INFO - DAG(s) dict_keys(['example_short_circuit_operator']) retrieved from /home/saba/.local/lib/python3.6/site-packages/airflow/example_dags/example_short_circuit_operator.py
[2022-06-17 22:49:03,102] {logging_mixin.py:109} INFO - [2022-06-17 22:49:03,102] {dag.py:2398} INFO - Sync 1 DAGs
[2022-06-17 22:49:03,181] {logging_mixin.py:109} INFO - [2022-06-17 22:49:03,181] {dag.py:2937} INFO - Setting next_dagrun for example_short_circuit_operator to 2022-06-16T20:49:03.181488+00:00
[2022-06-17 22:49:03,197] {processor.py:171} INFO - Processing /home/saba/.local/lib/python3.6/site-packages/airflow/example_dags/example_short_circuit_operator.py took 0.134 seconds
[2022-06-17 22:50:19,950] {processor.py:163} INFO - Started process (PID=11169) to work on /home/saba/.local/lib/python3.6/site-packages/airflow/example_dags/example_short_circuit_operator.py
[2022-06-17 22:50:19,952] {processor.py:642} INFO - Processing file /home/saba/.local/lib/python3.6/site-packages/airflow/example_dags/example_short_circuit_operator.py for tasks to queue
[2022-06-17 22:50:19,952] {logging_mixin.py:109} INFO - [2022-06-17 22:50:19,952] {dagbag.py:500} INFO - Filling up the DagBag from /home/saba/.local/lib/python3.6/site-packages/airflow/example_dags/example_short_circuit_operator.py
[2022-06-17 22:50:19,969] {processor.py:652} INFO - DAG(s) dict_keys(['example_short_circuit_operator']) retrieved from /home/saba/.local/lib/python3.6/site-packages/airflow/example_dags/example_short_circuit_operator.py
[2022-06-17 22:50:19,982] {logging_mixin.py:109} INFO - [2022-06-17 22:50:19,982] {dag.py:2398} INFO - Sync 1 DAGs
[2022-06-17 22:50:20,047] {logging_mixin.py:109} INFO - [2022-06-17 22:50:20,047] {dag.py:2937} INFO - Setting next_dagrun for example_short_circuit_operator to 2022-06-16T20:50:20.046857+00:00
[2022-06-17 22:50:20,062] {processor.py:171} INFO - Processing /home/saba/.local/lib/python3.6/site-packages/airflow/example_dags/example_short_circuit_operator.py took 0.114 seconds
[2022-06-17 22:51:02,499] {processor.py:163} INFO - Started process (PID=11367) to work on /home/saba/.local/lib/python3.6/site-packages/airflow/example_dags/example_short_circuit_operator.py
[2022-06-17 22:51:02,501] {processor.py:642} INFO - Processing file /home/saba/.local/lib/python3.6/site-packages/airflow/example_dags/example_short_circuit_operator.py for tasks to queue
[2022-06-17 22:51:02,502] {logging_mixin.py:109} INFO - [2022-06-17 22:51:02,502] {dagbag.py:500} INFO - Filling up the DagBag from /home/saba/.local/lib/python3.6/site-packages/airflow/example_dags/example_short_circuit_operator.py
[2022-06-17 22:51:02,522] {processor.py:652} INFO - DAG(s) dict_keys(['example_short_circuit_operator']) retrieved from /home/saba/.local/lib/python3.6/site-packages/airflow/example_dags/example_short_circuit_operator.py
[2022-06-17 22:51:02,603] {logging_mixin.py:109} INFO - [2022-06-17 22:51:02,603] {dag.py:2398} INFO - Sync 1 DAGs
[2022-06-17 22:51:02,618] {logging_mixin.py:109} INFO - [2022-06-17 22:51:02,618] {dag.py:2937} INFO - Setting next_dagrun for example_short_circuit_operator to 2022-06-16T20:51:02.617816+00:00
[2022-06-17 22:51:02,639] {processor.py:171} INFO - Processing /home/saba/.local/lib/python3.6/site-packages/airflow/example_dags/example_short_circuit_operator.py took 0.144 seconds
[2022-06-17 22:52:02,078] {processor.py:163} INFO - Started process (PID=11577) to work on /home/saba/.local/lib/python3.6/site-packages/airflow/example_dags/example_short_circuit_operator.py
[2022-06-17 22:52:02,080] {processor.py:642} INFO - Processing file /home/saba/.local/lib/python3.6/site-packages/airflow/example_dags/example_short_circuit_operator.py for tasks to queue
[2022-06-17 22:52:02,080] {logging_mixin.py:109} INFO - [2022-06-17 22:52:02,080] {dagbag.py:500} INFO - Filling up the DagBag from /home/saba/.local/lib/python3.6/site-packages/airflow/example_dags/example_short_circuit_operator.py
[2022-06-17 22:52:02,093] {processor.py:652} INFO - DAG(s) dict_keys(['example_short_circuit_operator']) retrieved from /home/saba/.local/lib/python3.6/site-packages/airflow/example_dags/example_short_circuit_operator.py
[2022-06-17 22:52:02,166] {logging_mixin.py:109} INFO - [2022-06-17 22:52:02,166] {dag.py:2398} INFO - Sync 1 DAGs
[2022-06-17 22:52:02,185] {logging_mixin.py:109} INFO - [2022-06-17 22:52:02,185] {dag.py:2937} INFO - Setting next_dagrun for example_short_circuit_operator to 2022-06-16T20:52:02.184919+00:00
[2022-06-17 22:52:02,205] {processor.py:171} INFO - Processing /home/saba/.local/lib/python3.6/site-packages/airflow/example_dags/example_short_circuit_operator.py took 0.129 seconds
[2022-06-17 22:53:03,786] {processor.py:163} INFO - Started process (PID=11954) to work on /home/saba/.local/lib/python3.6/site-packages/airflow/example_dags/example_short_circuit_operator.py
[2022-06-17 22:53:03,787] {processor.py:642} INFO - Processing file /home/saba/.local/lib/python3.6/site-packages/airflow/example_dags/example_short_circuit_operator.py for tasks to queue
[2022-06-17 22:53:03,788] {logging_mixin.py:109} INFO - [2022-06-17 22:53:03,788] {dagbag.py:500} INFO - Filling up the DagBag from /home/saba/.local/lib/python3.6/site-packages/airflow/example_dags/example_short_circuit_operator.py
[2022-06-17 22:53:03,880] {processor.py:652} INFO - DAG(s) dict_keys(['example_short_circuit_operator']) retrieved from /home/saba/.local/lib/python3.6/site-packages/airflow/example_dags/example_short_circuit_operator.py
[2022-06-17 22:53:03,892] {logging_mixin.py:109} INFO - [2022-06-17 22:53:03,892] {dag.py:2398} INFO - Sync 1 DAGs
[2022-06-17 22:53:03,905] {logging_mixin.py:109} INFO - [2022-06-17 22:53:03,905] {dag.py:2937} INFO - Setting next_dagrun for example_short_circuit_operator to 2022-06-16T20:53:03.905033+00:00
[2022-06-17 22:53:03,924] {processor.py:171} INFO - Processing /home/saba/.local/lib/python3.6/site-packages/airflow/example_dags/example_short_circuit_operator.py took 0.142 seconds
[2022-06-17 22:53:49,500] {processor.py:163} INFO - Started process (PID=12519) to work on /home/saba/.local/lib/python3.6/site-packages/airflow/example_dags/example_short_circuit_operator.py
[2022-06-17 22:53:49,503] {processor.py:642} INFO - Processing file /home/saba/.local/lib/python3.6/site-packages/airflow/example_dags/example_short_circuit_operator.py for tasks to queue
[2022-06-17 22:53:49,503] {logging_mixin.py:109} INFO - [2022-06-17 22:53:49,503] {dagbag.py:500} INFO - Filling up the DagBag from /home/saba/.local/lib/python3.6/site-packages/airflow/example_dags/example_short_circuit_operator.py
[2022-06-17 22:53:49,606] {processor.py:652} INFO - DAG(s) dict_keys(['example_short_circuit_operator']) retrieved from /home/saba/.local/lib/python3.6/site-packages/airflow/example_dags/example_short_circuit_operator.py
[2022-06-17 22:53:49,622] {logging_mixin.py:109} INFO - [2022-06-17 22:53:49,621] {dag.py:2398} INFO - Sync 1 DAGs
[2022-06-17 22:53:49,639] {logging_mixin.py:109} INFO - [2022-06-17 22:53:49,638] {dag.py:2937} INFO - Setting next_dagrun for example_short_circuit_operator to 2022-06-16T20:53:49.638492+00:00
[2022-06-17 22:53:49,656] {processor.py:171} INFO - Processing /home/saba/.local/lib/python3.6/site-packages/airflow/example_dags/example_short_circuit_operator.py took 0.159 seconds
[2022-06-17 22:54:31,902] {processor.py:163} INFO - Started process (PID=12727) to work on /home/saba/.local/lib/python3.6/site-packages/airflow/example_dags/example_short_circuit_operator.py
[2022-06-17 22:54:31,913] {processor.py:642} INFO - Processing file /home/saba/.local/lib/python3.6/site-packages/airflow/example_dags/example_short_circuit_operator.py for tasks to queue
[2022-06-17 22:54:31,913] {logging_mixin.py:109} INFO - [2022-06-17 22:54:31,913] {dagbag.py:500} INFO - Filling up the DagBag from /home/saba/.local/lib/python3.6/site-packages/airflow/example_dags/example_short_circuit_operator.py
[2022-06-17 22:54:31,976] {processor.py:652} INFO - DAG(s) dict_keys(['example_short_circuit_operator']) retrieved from /home/saba/.local/lib/python3.6/site-packages/airflow/example_dags/example_short_circuit_operator.py
[2022-06-17 22:54:31,985] {logging_mixin.py:109} INFO - [2022-06-17 22:54:31,985] {dag.py:2398} INFO - Sync 1 DAGs
[2022-06-17 22:54:31,994] {logging_mixin.py:109} INFO - [2022-06-17 22:54:31,994] {dag.py:2937} INFO - Setting next_dagrun for example_short_circuit_operator to 2022-06-16T20:54:31.994537+00:00
[2022-06-17 22:54:32,009] {processor.py:171} INFO - Processing /home/saba/.local/lib/python3.6/site-packages/airflow/example_dags/example_short_circuit_operator.py took 0.110 seconds
