[2022-06-17 22:06:51,032] {processor.py:163} INFO - Started process (PID=1593) to work on /home/saba/.local/lib/python3.6/site-packages/airflow/example_dags/example_task_group.py
[2022-06-17 22:06:51,037] {processor.py:642} INFO - Processing file /home/saba/.local/lib/python3.6/site-packages/airflow/example_dags/example_task_group.py for tasks to queue
[2022-06-17 22:06:51,040] {logging_mixin.py:109} INFO - [2022-06-17 22:06:51,039] {dagbag.py:500} INFO - Filling up the DagBag from /home/saba/.local/lib/python3.6/site-packages/airflow/example_dags/example_task_group.py
[2022-06-17 22:06:51,181] {processor.py:652} INFO - DAG(s) dict_keys(['example_task_group']) retrieved from /home/saba/.local/lib/python3.6/site-packages/airflow/example_dags/example_task_group.py
[2022-06-17 22:06:51,365] {logging_mixin.py:109} INFO - [2022-06-17 22:06:51,365] {dag.py:2398} INFO - Sync 1 DAGs
[2022-06-17 22:06:51,581] {logging_mixin.py:109} INFO - [2022-06-17 22:06:51,580] {dag.py:2937} INFO - Setting next_dagrun for example_task_group to 2022-06-16T20:06:51.578687+00:00
[2022-06-17 22:06:51,654] {processor.py:171} INFO - Processing /home/saba/.local/lib/python3.6/site-packages/airflow/example_dags/example_task_group.py took 0.640 seconds
[2022-06-17 22:07:51,823] {processor.py:163} INFO - Started process (PID=1824) to work on /home/saba/.local/lib/python3.6/site-packages/airflow/example_dags/example_task_group.py
[2022-06-17 22:07:51,841] {processor.py:642} INFO - Processing file /home/saba/.local/lib/python3.6/site-packages/airflow/example_dags/example_task_group.py for tasks to queue
[2022-06-17 22:07:51,845] {logging_mixin.py:109} INFO - [2022-06-17 22:07:51,844] {dagbag.py:500} INFO - Filling up the DagBag from /home/saba/.local/lib/python3.6/site-packages/airflow/example_dags/example_task_group.py
[2022-06-17 22:07:52,015] {processor.py:652} INFO - DAG(s) dict_keys(['example_task_group']) retrieved from /home/saba/.local/lib/python3.6/site-packages/airflow/example_dags/example_task_group.py
[2022-06-17 22:07:52,234] {logging_mixin.py:109} INFO - [2022-06-17 22:07:52,234] {dag.py:2398} INFO - Sync 1 DAGs
[2022-06-17 22:07:52,489] {logging_mixin.py:109} INFO - [2022-06-17 22:07:52,478] {dag.py:2937} INFO - Setting next_dagrun for example_task_group to 2022-06-16T20:07:52.476885+00:00
[2022-06-17 22:07:52,701] {processor.py:171} INFO - Processing /home/saba/.local/lib/python3.6/site-packages/airflow/example_dags/example_task_group.py took 0.898 seconds
[2022-06-17 22:08:37,698] {processor.py:163} INFO - Started process (PID=2054) to work on /home/saba/.local/lib/python3.6/site-packages/airflow/example_dags/example_task_group.py
[2022-06-17 22:08:37,705] {processor.py:642} INFO - Processing file /home/saba/.local/lib/python3.6/site-packages/airflow/example_dags/example_task_group.py for tasks to queue
[2022-06-17 22:08:37,708] {logging_mixin.py:109} INFO - [2022-06-17 22:08:37,707] {dagbag.py:500} INFO - Filling up the DagBag from /home/saba/.local/lib/python3.6/site-packages/airflow/example_dags/example_task_group.py
[2022-06-17 22:08:37,805] {processor.py:652} INFO - DAG(s) dict_keys(['example_task_group']) retrieved from /home/saba/.local/lib/python3.6/site-packages/airflow/example_dags/example_task_group.py
[2022-06-17 22:08:37,861] {logging_mixin.py:109} INFO - [2022-06-17 22:08:37,860] {dag.py:2398} INFO - Sync 1 DAGs
[2022-06-17 22:08:37,934] {logging_mixin.py:109} INFO - [2022-06-17 22:08:37,933] {dag.py:2937} INFO - Setting next_dagrun for example_task_group to 2022-06-16T20:08:37.932597+00:00
[2022-06-17 22:08:37,979] {processor.py:171} INFO - Processing /home/saba/.local/lib/python3.6/site-packages/airflow/example_dags/example_task_group.py took 0.291 seconds
[2022-06-17 22:09:39,519] {processor.py:163} INFO - Started process (PID=2351) to work on /home/saba/.local/lib/python3.6/site-packages/airflow/example_dags/example_task_group.py
[2022-06-17 22:09:39,527] {processor.py:642} INFO - Processing file /home/saba/.local/lib/python3.6/site-packages/airflow/example_dags/example_task_group.py for tasks to queue
[2022-06-17 22:09:39,530] {logging_mixin.py:109} INFO - [2022-06-17 22:09:39,530] {dagbag.py:500} INFO - Filling up the DagBag from /home/saba/.local/lib/python3.6/site-packages/airflow/example_dags/example_task_group.py
[2022-06-17 22:09:39,618] {processor.py:652} INFO - DAG(s) dict_keys(['example_task_group']) retrieved from /home/saba/.local/lib/python3.6/site-packages/airflow/example_dags/example_task_group.py
[2022-06-17 22:09:39,691] {logging_mixin.py:109} INFO - [2022-06-17 22:09:39,691] {dag.py:2398} INFO - Sync 1 DAGs
[2022-06-17 22:09:39,760] {logging_mixin.py:109} INFO - [2022-06-17 22:09:39,760] {dag.py:2937} INFO - Setting next_dagrun for example_task_group to 2022-06-16T20:09:39.758972+00:00
[2022-06-17 22:09:39,811] {processor.py:171} INFO - Processing /home/saba/.local/lib/python3.6/site-packages/airflow/example_dags/example_task_group.py took 0.305 seconds
[2022-06-17 22:10:45,458] {processor.py:163} INFO - Started process (PID=2549) to work on /home/saba/.local/lib/python3.6/site-packages/airflow/example_dags/example_task_group.py
[2022-06-17 22:10:45,463] {processor.py:642} INFO - Processing file /home/saba/.local/lib/python3.6/site-packages/airflow/example_dags/example_task_group.py for tasks to queue
[2022-06-17 22:10:45,465] {logging_mixin.py:109} INFO - [2022-06-17 22:10:45,464] {dagbag.py:500} INFO - Filling up the DagBag from /home/saba/.local/lib/python3.6/site-packages/airflow/example_dags/example_task_group.py
[2022-06-17 22:10:45,563] {processor.py:652} INFO - DAG(s) dict_keys(['example_task_group']) retrieved from /home/saba/.local/lib/python3.6/site-packages/airflow/example_dags/example_task_group.py
[2022-06-17 22:10:45,630] {logging_mixin.py:109} INFO - [2022-06-17 22:10:45,630] {dag.py:2398} INFO - Sync 1 DAGs
[2022-06-17 22:10:45,718] {logging_mixin.py:109} INFO - [2022-06-17 22:10:45,717] {dag.py:2937} INFO - Setting next_dagrun for example_task_group to 2022-06-16T20:10:45.716771+00:00
[2022-06-17 22:10:45,792] {processor.py:171} INFO - Processing /home/saba/.local/lib/python3.6/site-packages/airflow/example_dags/example_task_group.py took 0.345 seconds
[2022-06-17 22:17:53,950] {processor.py:163} INFO - Started process (PID=110) to work on /home/saba/.local/lib/python3.6/site-packages/airflow/example_dags/example_task_group.py
[2022-06-17 22:17:53,952] {processor.py:642} INFO - Processing file /home/saba/.local/lib/python3.6/site-packages/airflow/example_dags/example_task_group.py for tasks to queue
[2022-06-17 22:17:53,953] {logging_mixin.py:109} INFO - [2022-06-17 22:17:53,952] {dagbag.py:500} INFO - Filling up the DagBag from /home/saba/.local/lib/python3.6/site-packages/airflow/example_dags/example_task_group.py
[2022-06-17 22:17:53,973] {processor.py:652} INFO - DAG(s) dict_keys(['example_task_group']) retrieved from /home/saba/.local/lib/python3.6/site-packages/airflow/example_dags/example_task_group.py
[2022-06-17 22:17:53,995] {logging_mixin.py:109} INFO - [2022-06-17 22:17:53,995] {dag.py:2398} INFO - Sync 1 DAGs
[2022-06-17 22:17:54,012] {logging_mixin.py:109} INFO - [2022-06-17 22:17:54,012] {dag.py:2937} INFO - Setting next_dagrun for example_task_group to 2022-06-16T20:17:54.012477+00:00
[2022-06-17 22:17:54,030] {processor.py:171} INFO - Processing /home/saba/.local/lib/python3.6/site-packages/airflow/example_dags/example_task_group.py took 0.082 seconds
[2022-06-17 22:18:37,600] {processor.py:163} INFO - Started process (PID=214) to work on /home/saba/.local/lib/python3.6/site-packages/airflow/example_dags/example_task_group.py
[2022-06-17 22:18:37,602] {processor.py:642} INFO - Processing file /home/saba/.local/lib/python3.6/site-packages/airflow/example_dags/example_task_group.py for tasks to queue
[2022-06-17 22:18:37,603] {logging_mixin.py:109} INFO - [2022-06-17 22:18:37,602] {dagbag.py:500} INFO - Filling up the DagBag from /home/saba/.local/lib/python3.6/site-packages/airflow/example_dags/example_task_group.py
[2022-06-17 22:18:37,625] {processor.py:652} INFO - DAG(s) dict_keys(['example_task_group']) retrieved from /home/saba/.local/lib/python3.6/site-packages/airflow/example_dags/example_task_group.py
[2022-06-17 22:18:37,639] {logging_mixin.py:109} INFO - [2022-06-17 22:18:37,639] {dag.py:2398} INFO - Sync 1 DAGs
[2022-06-17 22:18:37,659] {logging_mixin.py:109} INFO - [2022-06-17 22:18:37,659] {dag.py:2937} INFO - Setting next_dagrun for example_task_group to 2022-06-16T20:18:37.658844+00:00
[2022-06-17 22:18:37,676] {processor.py:171} INFO - Processing /home/saba/.local/lib/python3.6/site-packages/airflow/example_dags/example_task_group.py took 0.078 seconds
[2022-06-17 22:19:30,370] {processor.py:163} INFO - Started process (PID=3124) to work on /home/saba/.local/lib/python3.6/site-packages/airflow/example_dags/example_task_group.py
[2022-06-17 22:19:30,374] {processor.py:642} INFO - Processing file /home/saba/.local/lib/python3.6/site-packages/airflow/example_dags/example_task_group.py for tasks to queue
[2022-06-17 22:19:30,376] {logging_mixin.py:109} INFO - [2022-06-17 22:19:30,376] {dagbag.py:500} INFO - Filling up the DagBag from /home/saba/.local/lib/python3.6/site-packages/airflow/example_dags/example_task_group.py
[2022-06-17 22:19:30,444] {processor.py:652} INFO - DAG(s) dict_keys(['example_task_group']) retrieved from /home/saba/.local/lib/python3.6/site-packages/airflow/example_dags/example_task_group.py
[2022-06-17 22:19:30,483] {logging_mixin.py:109} INFO - [2022-06-17 22:19:30,483] {dag.py:2398} INFO - Sync 1 DAGs
[2022-06-17 22:19:30,540] {logging_mixin.py:109} INFO - [2022-06-17 22:19:30,539] {dag.py:2937} INFO - Setting next_dagrun for example_task_group to 2022-06-16T20:19:30.538946+00:00
[2022-06-17 22:19:30,584] {processor.py:171} INFO - Processing /home/saba/.local/lib/python3.6/site-packages/airflow/example_dags/example_task_group.py took 0.222 seconds
[2022-06-17 22:20:14,340] {processor.py:163} INFO - Started process (PID=3540) to work on /home/saba/.local/lib/python3.6/site-packages/airflow/example_dags/example_task_group.py
[2022-06-17 22:20:14,342] {processor.py:642} INFO - Processing file /home/saba/.local/lib/python3.6/site-packages/airflow/example_dags/example_task_group.py for tasks to queue
[2022-06-17 22:20:14,343] {logging_mixin.py:109} INFO - [2022-06-17 22:20:14,343] {dagbag.py:500} INFO - Filling up the DagBag from /home/saba/.local/lib/python3.6/site-packages/airflow/example_dags/example_task_group.py
[2022-06-17 22:20:14,377] {processor.py:652} INFO - DAG(s) dict_keys(['example_task_group']) retrieved from /home/saba/.local/lib/python3.6/site-packages/airflow/example_dags/example_task_group.py
[2022-06-17 22:20:14,401] {logging_mixin.py:109} INFO - [2022-06-17 22:20:14,401] {dag.py:2398} INFO - Sync 1 DAGs
[2022-06-17 22:20:14,427] {logging_mixin.py:109} INFO - [2022-06-17 22:20:14,427] {dag.py:2937} INFO - Setting next_dagrun for example_task_group to 2022-06-16T20:20:14.427071+00:00
[2022-06-17 22:20:14,448] {processor.py:171} INFO - Processing /home/saba/.local/lib/python3.6/site-packages/airflow/example_dags/example_task_group.py took 0.112 seconds
[2022-06-17 22:20:51,325] {processor.py:163} INFO - Started process (PID=3592) to work on /home/saba/.local/lib/python3.6/site-packages/airflow/example_dags/example_task_group.py
[2022-06-17 22:20:51,327] {processor.py:642} INFO - Processing file /home/saba/.local/lib/python3.6/site-packages/airflow/example_dags/example_task_group.py for tasks to queue
[2022-06-17 22:20:51,328] {logging_mixin.py:109} INFO - [2022-06-17 22:20:51,327] {dagbag.py:500} INFO - Filling up the DagBag from /home/saba/.local/lib/python3.6/site-packages/airflow/example_dags/example_task_group.py
[2022-06-17 22:20:51,356] {processor.py:652} INFO - DAG(s) dict_keys(['example_task_group']) retrieved from /home/saba/.local/lib/python3.6/site-packages/airflow/example_dags/example_task_group.py
[2022-06-17 22:20:51,374] {logging_mixin.py:109} INFO - [2022-06-17 22:20:51,373] {dag.py:2398} INFO - Sync 1 DAGs
[2022-06-17 22:20:51,394] {logging_mixin.py:109} INFO - [2022-06-17 22:20:51,394] {dag.py:2937} INFO - Setting next_dagrun for example_task_group to 2022-06-16T20:20:51.393904+00:00
[2022-06-17 22:20:51,412] {processor.py:171} INFO - Processing /home/saba/.local/lib/python3.6/site-packages/airflow/example_dags/example_task_group.py took 0.091 seconds
[2022-06-17 22:21:28,292] {processor.py:163} INFO - Started process (PID=3648) to work on /home/saba/.local/lib/python3.6/site-packages/airflow/example_dags/example_task_group.py
[2022-06-17 22:21:28,294] {processor.py:642} INFO - Processing file /home/saba/.local/lib/python3.6/site-packages/airflow/example_dags/example_task_group.py for tasks to queue
[2022-06-17 22:21:28,295] {logging_mixin.py:109} INFO - [2022-06-17 22:21:28,295] {dagbag.py:500} INFO - Filling up the DagBag from /home/saba/.local/lib/python3.6/site-packages/airflow/example_dags/example_task_group.py
[2022-06-17 22:21:28,325] {processor.py:652} INFO - DAG(s) dict_keys(['example_task_group']) retrieved from /home/saba/.local/lib/python3.6/site-packages/airflow/example_dags/example_task_group.py
[2022-06-17 22:21:28,349] {logging_mixin.py:109} INFO - [2022-06-17 22:21:28,349] {dag.py:2398} INFO - Sync 1 DAGs
[2022-06-17 22:21:28,376] {logging_mixin.py:109} INFO - [2022-06-17 22:21:28,376] {dag.py:2937} INFO - Setting next_dagrun for example_task_group to 2022-06-16T20:21:28.376345+00:00
[2022-06-17 22:21:28,402] {processor.py:171} INFO - Processing /home/saba/.local/lib/python3.6/site-packages/airflow/example_dags/example_task_group.py took 0.115 seconds
[2022-06-17 22:22:02,012] {processor.py:163} INFO - Started process (PID=3712) to work on /home/saba/.local/lib/python3.6/site-packages/airflow/example_dags/example_task_group.py
[2022-06-17 22:22:02,015] {processor.py:642} INFO - Processing file /home/saba/.local/lib/python3.6/site-packages/airflow/example_dags/example_task_group.py for tasks to queue
[2022-06-17 22:22:02,016] {logging_mixin.py:109} INFO - [2022-06-17 22:22:02,016] {dagbag.py:500} INFO - Filling up the DagBag from /home/saba/.local/lib/python3.6/site-packages/airflow/example_dags/example_task_group.py
[2022-06-17 22:22:02,053] {processor.py:652} INFO - DAG(s) dict_keys(['example_task_group']) retrieved from /home/saba/.local/lib/python3.6/site-packages/airflow/example_dags/example_task_group.py
[2022-06-17 22:22:02,081] {logging_mixin.py:109} INFO - [2022-06-17 22:22:02,081] {dag.py:2398} INFO - Sync 1 DAGs
[2022-06-17 22:22:02,116] {logging_mixin.py:109} INFO - [2022-06-17 22:22:02,116] {dag.py:2937} INFO - Setting next_dagrun for example_task_group to 2022-06-16T20:22:02.115843+00:00
[2022-06-17 22:22:02,150] {processor.py:171} INFO - Processing /home/saba/.local/lib/python3.6/site-packages/airflow/example_dags/example_task_group.py took 0.143 seconds
[2022-06-17 22:22:40,695] {processor.py:163} INFO - Started process (PID=3763) to work on /home/saba/.local/lib/python3.6/site-packages/airflow/example_dags/example_task_group.py
[2022-06-17 22:22:40,697] {processor.py:642} INFO - Processing file /home/saba/.local/lib/python3.6/site-packages/airflow/example_dags/example_task_group.py for tasks to queue
[2022-06-17 22:22:40,698] {logging_mixin.py:109} INFO - [2022-06-17 22:22:40,698] {dagbag.py:500} INFO - Filling up the DagBag from /home/saba/.local/lib/python3.6/site-packages/airflow/example_dags/example_task_group.py
[2022-06-17 22:22:40,740] {processor.py:652} INFO - DAG(s) dict_keys(['example_task_group']) retrieved from /home/saba/.local/lib/python3.6/site-packages/airflow/example_dags/example_task_group.py
[2022-06-17 22:22:40,775] {logging_mixin.py:109} INFO - [2022-06-17 22:22:40,775] {dag.py:2398} INFO - Sync 1 DAGs
[2022-06-17 22:22:40,812] {logging_mixin.py:109} INFO - [2022-06-17 22:22:40,811] {dag.py:2937} INFO - Setting next_dagrun for example_task_group to 2022-06-16T20:22:40.811223+00:00
[2022-06-17 22:22:40,835] {processor.py:171} INFO - Processing /home/saba/.local/lib/python3.6/site-packages/airflow/example_dags/example_task_group.py took 0.144 seconds
[2022-06-17 22:23:15,317] {processor.py:163} INFO - Started process (PID=3816) to work on /home/saba/.local/lib/python3.6/site-packages/airflow/example_dags/example_task_group.py
[2022-06-17 22:23:15,319] {processor.py:642} INFO - Processing file /home/saba/.local/lib/python3.6/site-packages/airflow/example_dags/example_task_group.py for tasks to queue
[2022-06-17 22:23:15,319] {logging_mixin.py:109} INFO - [2022-06-17 22:23:15,319] {dagbag.py:500} INFO - Filling up the DagBag from /home/saba/.local/lib/python3.6/site-packages/airflow/example_dags/example_task_group.py
[2022-06-17 22:23:15,354] {processor.py:652} INFO - DAG(s) dict_keys(['example_task_group']) retrieved from /home/saba/.local/lib/python3.6/site-packages/airflow/example_dags/example_task_group.py
[2022-06-17 22:23:15,377] {logging_mixin.py:109} INFO - [2022-06-17 22:23:15,377] {dag.py:2398} INFO - Sync 1 DAGs
[2022-06-17 22:23:15,402] {logging_mixin.py:109} INFO - [2022-06-17 22:23:15,402] {dag.py:2937} INFO - Setting next_dagrun for example_task_group to 2022-06-16T20:23:15.401888+00:00
[2022-06-17 22:23:15,421] {processor.py:171} INFO - Processing /home/saba/.local/lib/python3.6/site-packages/airflow/example_dags/example_task_group.py took 0.108 seconds
[2022-06-17 22:23:51,138] {processor.py:163} INFO - Started process (PID=3876) to work on /home/saba/.local/lib/python3.6/site-packages/airflow/example_dags/example_task_group.py
[2022-06-17 22:23:51,140] {processor.py:642} INFO - Processing file /home/saba/.local/lib/python3.6/site-packages/airflow/example_dags/example_task_group.py for tasks to queue
[2022-06-17 22:23:51,140] {logging_mixin.py:109} INFO - [2022-06-17 22:23:51,140] {dagbag.py:500} INFO - Filling up the DagBag from /home/saba/.local/lib/python3.6/site-packages/airflow/example_dags/example_task_group.py
[2022-06-17 22:23:51,156] {processor.py:652} INFO - DAG(s) dict_keys(['example_task_group']) retrieved from /home/saba/.local/lib/python3.6/site-packages/airflow/example_dags/example_task_group.py
[2022-06-17 22:23:51,167] {logging_mixin.py:109} INFO - [2022-06-17 22:23:51,167] {dag.py:2398} INFO - Sync 1 DAGs
[2022-06-17 22:23:51,181] {logging_mixin.py:109} INFO - [2022-06-17 22:23:51,181] {dag.py:2937} INFO - Setting next_dagrun for example_task_group to 2022-06-16T20:23:51.180791+00:00
[2022-06-17 22:23:51,200] {processor.py:171} INFO - Processing /home/saba/.local/lib/python3.6/site-packages/airflow/example_dags/example_task_group.py took 0.063 seconds
[2022-06-17 22:24:30,006] {processor.py:163} INFO - Started process (PID=3980) to work on /home/saba/.local/lib/python3.6/site-packages/airflow/example_dags/example_task_group.py
[2022-06-17 22:24:30,007] {processor.py:642} INFO - Processing file /home/saba/.local/lib/python3.6/site-packages/airflow/example_dags/example_task_group.py for tasks to queue
[2022-06-17 22:24:30,008] {logging_mixin.py:109} INFO - [2022-06-17 22:24:30,008] {dagbag.py:500} INFO - Filling up the DagBag from /home/saba/.local/lib/python3.6/site-packages/airflow/example_dags/example_task_group.py
[2022-06-17 22:24:30,029] {processor.py:652} INFO - DAG(s) dict_keys(['example_task_group']) retrieved from /home/saba/.local/lib/python3.6/site-packages/airflow/example_dags/example_task_group.py
[2022-06-17 22:24:30,045] {logging_mixin.py:109} INFO - [2022-06-17 22:24:30,045] {dag.py:2398} INFO - Sync 1 DAGs
[2022-06-17 22:24:30,063] {logging_mixin.py:109} INFO - [2022-06-17 22:24:30,063] {dag.py:2937} INFO - Setting next_dagrun for example_task_group to 2022-06-16T20:24:30.063031+00:00
[2022-06-17 22:24:30,080] {processor.py:171} INFO - Processing /home/saba/.local/lib/python3.6/site-packages/airflow/example_dags/example_task_group.py took 0.077 seconds
[2022-06-17 22:25:08,190] {processor.py:163} INFO - Started process (PID=4034) to work on /home/saba/.local/lib/python3.6/site-packages/airflow/example_dags/example_task_group.py
[2022-06-17 22:25:08,194] {processor.py:642} INFO - Processing file /home/saba/.local/lib/python3.6/site-packages/airflow/example_dags/example_task_group.py for tasks to queue
[2022-06-17 22:25:08,196] {logging_mixin.py:109} INFO - [2022-06-17 22:25:08,196] {dagbag.py:500} INFO - Filling up the DagBag from /home/saba/.local/lib/python3.6/site-packages/airflow/example_dags/example_task_group.py
[2022-06-17 22:25:08,297] {processor.py:652} INFO - DAG(s) dict_keys(['example_task_group']) retrieved from /home/saba/.local/lib/python3.6/site-packages/airflow/example_dags/example_task_group.py
[2022-06-17 22:25:08,347] {logging_mixin.py:109} INFO - [2022-06-17 22:25:08,347] {dag.py:2398} INFO - Sync 1 DAGs
[2022-06-17 22:25:08,430] {logging_mixin.py:109} INFO - [2022-06-17 22:25:08,430] {dag.py:2937} INFO - Setting next_dagrun for example_task_group to 2022-06-16T20:25:08.429224+00:00
[2022-06-17 22:25:08,470] {processor.py:171} INFO - Processing /home/saba/.local/lib/python3.6/site-packages/airflow/example_dags/example_task_group.py took 0.292 seconds
[2022-06-17 22:26:03,561] {processor.py:163} INFO - Started process (PID=4393) to work on /home/saba/.local/lib/python3.6/site-packages/airflow/example_dags/example_task_group.py
[2022-06-17 22:26:03,564] {processor.py:642} INFO - Processing file /home/saba/.local/lib/python3.6/site-packages/airflow/example_dags/example_task_group.py for tasks to queue
[2022-06-17 22:26:03,565] {logging_mixin.py:109} INFO - [2022-06-17 22:26:03,565] {dagbag.py:500} INFO - Filling up the DagBag from /home/saba/.local/lib/python3.6/site-packages/airflow/example_dags/example_task_group.py
[2022-06-17 22:26:03,611] {processor.py:652} INFO - DAG(s) dict_keys(['example_task_group']) retrieved from /home/saba/.local/lib/python3.6/site-packages/airflow/example_dags/example_task_group.py
[2022-06-17 22:26:03,650] {logging_mixin.py:109} INFO - [2022-06-17 22:26:03,649] {dag.py:2398} INFO - Sync 1 DAGs
[2022-06-17 22:26:03,696] {logging_mixin.py:109} INFO - [2022-06-17 22:26:03,696] {dag.py:2937} INFO - Setting next_dagrun for example_task_group to 2022-06-16T20:26:03.696168+00:00
[2022-06-17 22:26:03,726] {processor.py:171} INFO - Processing /home/saba/.local/lib/python3.6/site-packages/airflow/example_dags/example_task_group.py took 0.170 seconds
[2022-06-17 22:26:58,313] {processor.py:163} INFO - Started process (PID=4458) to work on /home/saba/.local/lib/python3.6/site-packages/airflow/example_dags/example_task_group.py
[2022-06-17 22:26:58,318] {processor.py:642} INFO - Processing file /home/saba/.local/lib/python3.6/site-packages/airflow/example_dags/example_task_group.py for tasks to queue
[2022-06-17 22:26:58,320] {logging_mixin.py:109} INFO - [2022-06-17 22:26:58,320] {dagbag.py:500} INFO - Filling up the DagBag from /home/saba/.local/lib/python3.6/site-packages/airflow/example_dags/example_task_group.py
[2022-06-17 22:26:58,403] {processor.py:652} INFO - DAG(s) dict_keys(['example_task_group']) retrieved from /home/saba/.local/lib/python3.6/site-packages/airflow/example_dags/example_task_group.py
[2022-06-17 22:26:58,452] {logging_mixin.py:109} INFO - [2022-06-17 22:26:58,452] {dag.py:2398} INFO - Sync 1 DAGs
[2022-06-17 22:26:58,505] {logging_mixin.py:109} INFO - [2022-06-17 22:26:58,505] {dag.py:2937} INFO - Setting next_dagrun for example_task_group to 2022-06-16T20:26:58.503977+00:00
[2022-06-17 22:26:58,544] {processor.py:171} INFO - Processing /home/saba/.local/lib/python3.6/site-packages/airflow/example_dags/example_task_group.py took 0.244 seconds
[2022-06-17 22:27:58,195] {processor.py:163} INFO - Started process (PID=4531) to work on /home/saba/.local/lib/python3.6/site-packages/airflow/example_dags/example_task_group.py
[2022-06-17 22:27:58,202] {processor.py:642} INFO - Processing file /home/saba/.local/lib/python3.6/site-packages/airflow/example_dags/example_task_group.py for tasks to queue
[2022-06-17 22:27:58,205] {logging_mixin.py:109} INFO - [2022-06-17 22:27:58,204] {dagbag.py:500} INFO - Filling up the DagBag from /home/saba/.local/lib/python3.6/site-packages/airflow/example_dags/example_task_group.py
[2022-06-17 22:27:58,374] {processor.py:652} INFO - DAG(s) dict_keys(['example_task_group']) retrieved from /home/saba/.local/lib/python3.6/site-packages/airflow/example_dags/example_task_group.py
[2022-06-17 22:27:58,467] {logging_mixin.py:109} INFO - [2022-06-17 22:27:58,467] {dag.py:2398} INFO - Sync 1 DAGs
[2022-06-17 22:27:58,559] {logging_mixin.py:109} INFO - [2022-06-17 22:27:58,558] {dag.py:2937} INFO - Setting next_dagrun for example_task_group to 2022-06-16T20:27:58.557599+00:00
[2022-06-17 22:27:58,620] {processor.py:171} INFO - Processing /home/saba/.local/lib/python3.6/site-packages/airflow/example_dags/example_task_group.py took 0.447 seconds
[2022-06-17 22:28:59,686] {processor.py:163} INFO - Started process (PID=4609) to work on /home/saba/.local/lib/python3.6/site-packages/airflow/example_dags/example_task_group.py
[2022-06-17 22:28:59,692] {processor.py:642} INFO - Processing file /home/saba/.local/lib/python3.6/site-packages/airflow/example_dags/example_task_group.py for tasks to queue
[2022-06-17 22:28:59,699] {logging_mixin.py:109} INFO - [2022-06-17 22:28:59,698] {dagbag.py:500} INFO - Filling up the DagBag from /home/saba/.local/lib/python3.6/site-packages/airflow/example_dags/example_task_group.py
[2022-06-17 22:28:59,808] {processor.py:652} INFO - DAG(s) dict_keys(['example_task_group']) retrieved from /home/saba/.local/lib/python3.6/site-packages/airflow/example_dags/example_task_group.py
[2022-06-17 22:28:59,879] {logging_mixin.py:109} INFO - [2022-06-17 22:28:59,879] {dag.py:2398} INFO - Sync 1 DAGs
[2022-06-17 22:28:59,955] {logging_mixin.py:109} INFO - [2022-06-17 22:28:59,955] {dag.py:2937} INFO - Setting next_dagrun for example_task_group to 2022-06-16T20:28:59.953929+00:00
[2022-06-17 22:29:00,000] {processor.py:171} INFO - Processing /home/saba/.local/lib/python3.6/site-packages/airflow/example_dags/example_task_group.py took 0.330 seconds
[2022-06-17 22:30:01,849] {processor.py:163} INFO - Started process (PID=4846) to work on /home/saba/.local/lib/python3.6/site-packages/airflow/example_dags/example_task_group.py
[2022-06-17 22:30:01,856] {processor.py:642} INFO - Processing file /home/saba/.local/lib/python3.6/site-packages/airflow/example_dags/example_task_group.py for tasks to queue
[2022-06-17 22:30:01,859] {logging_mixin.py:109} INFO - [2022-06-17 22:30:01,858] {dagbag.py:500} INFO - Filling up the DagBag from /home/saba/.local/lib/python3.6/site-packages/airflow/example_dags/example_task_group.py
[2022-06-17 22:30:02,000] {processor.py:652} INFO - DAG(s) dict_keys(['example_task_group']) retrieved from /home/saba/.local/lib/python3.6/site-packages/airflow/example_dags/example_task_group.py
[2022-06-17 22:30:02,087] {logging_mixin.py:109} INFO - [2022-06-17 22:30:02,087] {dag.py:2398} INFO - Sync 1 DAGs
[2022-06-17 22:30:02,215] {logging_mixin.py:109} INFO - [2022-06-17 22:30:02,214] {dag.py:2937} INFO - Setting next_dagrun for example_task_group to 2022-06-16T20:30:02.213741+00:00
[2022-06-17 22:30:02,279] {processor.py:171} INFO - Processing /home/saba/.local/lib/python3.6/site-packages/airflow/example_dags/example_task_group.py took 0.443 seconds
[2022-06-17 22:30:51,068] {processor.py:163} INFO - Started process (PID=4997) to work on /home/saba/.local/lib/python3.6/site-packages/airflow/example_dags/example_task_group.py
[2022-06-17 22:30:51,071] {processor.py:642} INFO - Processing file /home/saba/.local/lib/python3.6/site-packages/airflow/example_dags/example_task_group.py for tasks to queue
[2022-06-17 22:30:51,073] {logging_mixin.py:109} INFO - [2022-06-17 22:30:51,073] {dagbag.py:500} INFO - Filling up the DagBag from /home/saba/.local/lib/python3.6/site-packages/airflow/example_dags/example_task_group.py
[2022-06-17 22:30:51,136] {processor.py:652} INFO - DAG(s) dict_keys(['example_task_group']) retrieved from /home/saba/.local/lib/python3.6/site-packages/airflow/example_dags/example_task_group.py
[2022-06-17 22:30:51,183] {logging_mixin.py:109} INFO - [2022-06-17 22:30:51,183] {dag.py:2398} INFO - Sync 1 DAGs
[2022-06-17 22:30:51,239] {logging_mixin.py:109} INFO - [2022-06-17 22:30:51,238] {dag.py:2937} INFO - Setting next_dagrun for example_task_group to 2022-06-16T20:30:51.238151+00:00
[2022-06-17 22:30:51,274] {processor.py:171} INFO - Processing /home/saba/.local/lib/python3.6/site-packages/airflow/example_dags/example_task_group.py took 0.216 seconds
[2022-06-17 22:31:31,180] {processor.py:163} INFO - Started process (PID=5084) to work on /home/saba/.local/lib/python3.6/site-packages/airflow/example_dags/example_task_group.py
[2022-06-17 22:31:31,184] {processor.py:642} INFO - Processing file /home/saba/.local/lib/python3.6/site-packages/airflow/example_dags/example_task_group.py for tasks to queue
[2022-06-17 22:31:31,185] {logging_mixin.py:109} INFO - [2022-06-17 22:31:31,185] {dagbag.py:500} INFO - Filling up the DagBag from /home/saba/.local/lib/python3.6/site-packages/airflow/example_dags/example_task_group.py
[2022-06-17 22:31:31,257] {processor.py:652} INFO - DAG(s) dict_keys(['example_task_group']) retrieved from /home/saba/.local/lib/python3.6/site-packages/airflow/example_dags/example_task_group.py
[2022-06-17 22:31:31,315] {logging_mixin.py:109} INFO - [2022-06-17 22:31:31,314] {dag.py:2398} INFO - Sync 1 DAGs
[2022-06-17 22:31:31,386] {logging_mixin.py:109} INFO - [2022-06-17 22:31:31,386] {dag.py:2937} INFO - Setting next_dagrun for example_task_group to 2022-06-16T20:31:31.385329+00:00
[2022-06-17 22:31:31,434] {processor.py:171} INFO - Processing /home/saba/.local/lib/python3.6/site-packages/airflow/example_dags/example_task_group.py took 0.263 seconds
[2022-06-17 22:32:24,139] {processor.py:163} INFO - Started process (PID=5127) to work on /home/saba/.local/lib/python3.6/site-packages/airflow/example_dags/example_task_group.py
[2022-06-17 22:32:24,143] {processor.py:642} INFO - Processing file /home/saba/.local/lib/python3.6/site-packages/airflow/example_dags/example_task_group.py for tasks to queue
[2022-06-17 22:32:24,145] {logging_mixin.py:109} INFO - [2022-06-17 22:32:24,145] {dagbag.py:500} INFO - Filling up the DagBag from /home/saba/.local/lib/python3.6/site-packages/airflow/example_dags/example_task_group.py
[2022-06-17 22:32:24,199] {processor.py:652} INFO - DAG(s) dict_keys(['example_task_group']) retrieved from /home/saba/.local/lib/python3.6/site-packages/airflow/example_dags/example_task_group.py
[2022-06-17 22:32:24,231] {logging_mixin.py:109} INFO - [2022-06-17 22:32:24,231] {dag.py:2398} INFO - Sync 1 DAGs
[2022-06-17 22:32:24,265] {logging_mixin.py:109} INFO - [2022-06-17 22:32:24,265] {dag.py:2937} INFO - Setting next_dagrun for example_task_group to 2022-06-16T20:32:24.264594+00:00
[2022-06-17 22:32:24,293] {processor.py:171} INFO - Processing /home/saba/.local/lib/python3.6/site-packages/airflow/example_dags/example_task_group.py took 0.161 seconds
[2022-06-17 22:33:08,054] {processor.py:163} INFO - Started process (PID=5378) to work on /home/saba/.local/lib/python3.6/site-packages/airflow/example_dags/example_task_group.py
[2022-06-17 22:33:08,057] {processor.py:642} INFO - Processing file /home/saba/.local/lib/python3.6/site-packages/airflow/example_dags/example_task_group.py for tasks to queue
[2022-06-17 22:33:08,059] {logging_mixin.py:109} INFO - [2022-06-17 22:33:08,058] {dagbag.py:500} INFO - Filling up the DagBag from /home/saba/.local/lib/python3.6/site-packages/airflow/example_dags/example_task_group.py
[2022-06-17 22:33:08,104] {processor.py:652} INFO - DAG(s) dict_keys(['example_task_group']) retrieved from /home/saba/.local/lib/python3.6/site-packages/airflow/example_dags/example_task_group.py
[2022-06-17 22:33:08,130] {logging_mixin.py:109} INFO - [2022-06-17 22:33:08,129] {dag.py:2398} INFO - Sync 1 DAGs
[2022-06-17 22:33:08,171] {logging_mixin.py:109} INFO - [2022-06-17 22:33:08,170] {dag.py:2937} INFO - Setting next_dagrun for example_task_group to 2022-06-16T20:33:08.170149+00:00
[2022-06-17 22:33:08,195] {processor.py:171} INFO - Processing /home/saba/.local/lib/python3.6/site-packages/airflow/example_dags/example_task_group.py took 0.149 seconds
[2022-06-17 22:33:54,473] {processor.py:163} INFO - Started process (PID=5658) to work on /home/saba/.local/lib/python3.6/site-packages/airflow/example_dags/example_task_group.py
[2022-06-17 22:33:54,476] {processor.py:642} INFO - Processing file /home/saba/.local/lib/python3.6/site-packages/airflow/example_dags/example_task_group.py for tasks to queue
[2022-06-17 22:33:54,477] {logging_mixin.py:109} INFO - [2022-06-17 22:33:54,477] {dagbag.py:500} INFO - Filling up the DagBag from /home/saba/.local/lib/python3.6/site-packages/airflow/example_dags/example_task_group.py
[2022-06-17 22:33:54,525] {processor.py:652} INFO - DAG(s) dict_keys(['example_task_group']) retrieved from /home/saba/.local/lib/python3.6/site-packages/airflow/example_dags/example_task_group.py
[2022-06-17 22:33:54,552] {logging_mixin.py:109} INFO - [2022-06-17 22:33:54,552] {dag.py:2398} INFO - Sync 1 DAGs
[2022-06-17 22:33:54,584] {logging_mixin.py:109} INFO - [2022-06-17 22:33:54,584] {dag.py:2937} INFO - Setting next_dagrun for example_task_group to 2022-06-16T20:33:54.584063+00:00
[2022-06-17 22:33:54,609] {processor.py:171} INFO - Processing /home/saba/.local/lib/python3.6/site-packages/airflow/example_dags/example_task_group.py took 0.143 seconds
[2022-06-17 22:34:39,275] {processor.py:163} INFO - Started process (PID=5712) to work on /home/saba/.local/lib/python3.6/site-packages/airflow/example_dags/example_task_group.py
[2022-06-17 22:34:39,288] {processor.py:642} INFO - Processing file /home/saba/.local/lib/python3.6/site-packages/airflow/example_dags/example_task_group.py for tasks to queue
[2022-06-17 22:34:39,289] {logging_mixin.py:109} INFO - [2022-06-17 22:34:39,289] {dagbag.py:500} INFO - Filling up the DagBag from /home/saba/.local/lib/python3.6/site-packages/airflow/example_dags/example_task_group.py
[2022-06-17 22:34:39,367] {processor.py:652} INFO - DAG(s) dict_keys(['example_task_group']) retrieved from /home/saba/.local/lib/python3.6/site-packages/airflow/example_dags/example_task_group.py
[2022-06-17 22:34:39,418] {logging_mixin.py:109} INFO - [2022-06-17 22:34:39,418] {dag.py:2398} INFO - Sync 1 DAGs
[2022-06-17 22:34:39,470] {logging_mixin.py:109} INFO - [2022-06-17 22:34:39,469] {dag.py:2937} INFO - Setting next_dagrun for example_task_group to 2022-06-16T20:34:39.468792+00:00
[2022-06-17 22:34:39,509] {processor.py:171} INFO - Processing /home/saba/.local/lib/python3.6/site-packages/airflow/example_dags/example_task_group.py took 0.244 seconds
[2022-06-17 22:35:26,383] {processor.py:163} INFO - Started process (PID=5765) to work on /home/saba/.local/lib/python3.6/site-packages/airflow/example_dags/example_task_group.py
[2022-06-17 22:35:26,387] {processor.py:642} INFO - Processing file /home/saba/.local/lib/python3.6/site-packages/airflow/example_dags/example_task_group.py for tasks to queue
[2022-06-17 22:35:26,388] {logging_mixin.py:109} INFO - [2022-06-17 22:35:26,388] {dagbag.py:500} INFO - Filling up the DagBag from /home/saba/.local/lib/python3.6/site-packages/airflow/example_dags/example_task_group.py
[2022-06-17 22:35:26,419] {processor.py:652} INFO - DAG(s) dict_keys(['example_task_group']) retrieved from /home/saba/.local/lib/python3.6/site-packages/airflow/example_dags/example_task_group.py
[2022-06-17 22:35:26,459] {logging_mixin.py:109} INFO - [2022-06-17 22:35:26,459] {dag.py:2398} INFO - Sync 1 DAGs
[2022-06-17 22:35:26,497] {logging_mixin.py:109} INFO - [2022-06-17 22:35:26,497] {dag.py:2937} INFO - Setting next_dagrun for example_task_group to 2022-06-16T20:35:26.496526+00:00
[2022-06-17 22:35:26,555] {processor.py:171} INFO - Processing /home/saba/.local/lib/python3.6/site-packages/airflow/example_dags/example_task_group.py took 0.176 seconds
[2022-06-17 22:36:06,015] {processor.py:163} INFO - Started process (PID=5820) to work on /home/saba/.local/lib/python3.6/site-packages/airflow/example_dags/example_task_group.py
[2022-06-17 22:36:06,017] {processor.py:642} INFO - Processing file /home/saba/.local/lib/python3.6/site-packages/airflow/example_dags/example_task_group.py for tasks to queue
[2022-06-17 22:36:06,018] {logging_mixin.py:109} INFO - [2022-06-17 22:36:06,017] {dagbag.py:500} INFO - Filling up the DagBag from /home/saba/.local/lib/python3.6/site-packages/airflow/example_dags/example_task_group.py
[2022-06-17 22:36:06,039] {processor.py:652} INFO - DAG(s) dict_keys(['example_task_group']) retrieved from /home/saba/.local/lib/python3.6/site-packages/airflow/example_dags/example_task_group.py
[2022-06-17 22:36:06,054] {logging_mixin.py:109} INFO - [2022-06-17 22:36:06,054] {dag.py:2398} INFO - Sync 1 DAGs
[2022-06-17 22:36:06,073] {logging_mixin.py:109} INFO - [2022-06-17 22:36:06,073] {dag.py:2937} INFO - Setting next_dagrun for example_task_group to 2022-06-16T20:36:06.073297+00:00
[2022-06-17 22:36:06,096] {processor.py:171} INFO - Processing /home/saba/.local/lib/python3.6/site-packages/airflow/example_dags/example_task_group.py took 0.083 seconds
[2022-06-17 22:36:46,771] {processor.py:163} INFO - Started process (PID=5874) to work on /home/saba/.local/lib/python3.6/site-packages/airflow/example_dags/example_task_group.py
[2022-06-17 22:36:46,773] {processor.py:642} INFO - Processing file /home/saba/.local/lib/python3.6/site-packages/airflow/example_dags/example_task_group.py for tasks to queue
[2022-06-17 22:36:46,774] {logging_mixin.py:109} INFO - [2022-06-17 22:36:46,774] {dagbag.py:500} INFO - Filling up the DagBag from /home/saba/.local/lib/python3.6/site-packages/airflow/example_dags/example_task_group.py
[2022-06-17 22:36:46,805] {processor.py:652} INFO - DAG(s) dict_keys(['example_task_group']) retrieved from /home/saba/.local/lib/python3.6/site-packages/airflow/example_dags/example_task_group.py
[2022-06-17 22:36:46,827] {logging_mixin.py:109} INFO - [2022-06-17 22:36:46,827] {dag.py:2398} INFO - Sync 1 DAGs
[2022-06-17 22:36:46,853] {logging_mixin.py:109} INFO - [2022-06-17 22:36:46,853] {dag.py:2937} INFO - Setting next_dagrun for example_task_group to 2022-06-16T20:36:46.852775+00:00
[2022-06-17 22:36:46,875] {processor.py:171} INFO - Processing /home/saba/.local/lib/python3.6/site-packages/airflow/example_dags/example_task_group.py took 0.108 seconds
[2022-06-17 22:37:36,206] {processor.py:163} INFO - Started process (PID=5929) to work on /home/saba/.local/lib/python3.6/site-packages/airflow/example_dags/example_task_group.py
[2022-06-17 22:37:36,213] {processor.py:642} INFO - Processing file /home/saba/.local/lib/python3.6/site-packages/airflow/example_dags/example_task_group.py for tasks to queue
[2022-06-17 22:37:36,215] {logging_mixin.py:109} INFO - [2022-06-17 22:37:36,214] {dagbag.py:500} INFO - Filling up the DagBag from /home/saba/.local/lib/python3.6/site-packages/airflow/example_dags/example_task_group.py
[2022-06-17 22:37:36,290] {processor.py:652} INFO - DAG(s) dict_keys(['example_task_group']) retrieved from /home/saba/.local/lib/python3.6/site-packages/airflow/example_dags/example_task_group.py
[2022-06-17 22:37:36,348] {logging_mixin.py:109} INFO - [2022-06-17 22:37:36,348] {dag.py:2398} INFO - Sync 1 DAGs
[2022-06-17 22:37:36,415] {logging_mixin.py:109} INFO - [2022-06-17 22:37:36,414] {dag.py:2937} INFO - Setting next_dagrun for example_task_group to 2022-06-16T20:37:36.413675+00:00
[2022-06-17 22:37:36,458] {processor.py:171} INFO - Processing /home/saba/.local/lib/python3.6/site-packages/airflow/example_dags/example_task_group.py took 0.261 seconds
[2022-06-17 22:38:22,130] {processor.py:163} INFO - Started process (PID=5983) to work on /home/saba/.local/lib/python3.6/site-packages/airflow/example_dags/example_task_group.py
[2022-06-17 22:38:22,135] {processor.py:642} INFO - Processing file /home/saba/.local/lib/python3.6/site-packages/airflow/example_dags/example_task_group.py for tasks to queue
[2022-06-17 22:38:22,138] {logging_mixin.py:109} INFO - [2022-06-17 22:38:22,138] {dagbag.py:500} INFO - Filling up the DagBag from /home/saba/.local/lib/python3.6/site-packages/airflow/example_dags/example_task_group.py
[2022-06-17 22:38:22,210] {processor.py:652} INFO - DAG(s) dict_keys(['example_task_group']) retrieved from /home/saba/.local/lib/python3.6/site-packages/airflow/example_dags/example_task_group.py
[2022-06-17 22:38:22,252] {logging_mixin.py:109} INFO - [2022-06-17 22:38:22,252] {dag.py:2398} INFO - Sync 1 DAGs
[2022-06-17 22:38:22,304] {logging_mixin.py:109} INFO - [2022-06-17 22:38:22,304] {dag.py:2937} INFO - Setting next_dagrun for example_task_group to 2022-06-16T20:38:22.303699+00:00
[2022-06-17 22:38:22,343] {processor.py:171} INFO - Processing /home/saba/.local/lib/python3.6/site-packages/airflow/example_dags/example_task_group.py took 0.224 seconds
[2022-06-17 22:39:04,396] {processor.py:163} INFO - Started process (PID=6036) to work on /home/saba/.local/lib/python3.6/site-packages/airflow/example_dags/example_task_group.py
[2022-06-17 22:39:04,399] {processor.py:642} INFO - Processing file /home/saba/.local/lib/python3.6/site-packages/airflow/example_dags/example_task_group.py for tasks to queue
[2022-06-17 22:39:04,399] {logging_mixin.py:109} INFO - [2022-06-17 22:39:04,399] {dagbag.py:500} INFO - Filling up the DagBag from /home/saba/.local/lib/python3.6/site-packages/airflow/example_dags/example_task_group.py
[2022-06-17 22:39:04,427] {processor.py:652} INFO - DAG(s) dict_keys(['example_task_group']) retrieved from /home/saba/.local/lib/python3.6/site-packages/airflow/example_dags/example_task_group.py
[2022-06-17 22:39:04,447] {logging_mixin.py:109} INFO - [2022-06-17 22:39:04,447] {dag.py:2398} INFO - Sync 1 DAGs
[2022-06-17 22:39:04,470] {logging_mixin.py:109} INFO - [2022-06-17 22:39:04,470] {dag.py:2937} INFO - Setting next_dagrun for example_task_group to 2022-06-16T20:39:04.470198+00:00
[2022-06-17 22:39:04,496] {processor.py:171} INFO - Processing /home/saba/.local/lib/python3.6/site-packages/airflow/example_dags/example_task_group.py took 0.104 seconds
[2022-06-17 22:39:56,976] {processor.py:163} INFO - Started process (PID=6634) to work on /home/saba/.local/lib/python3.6/site-packages/airflow/example_dags/example_task_group.py
[2022-06-17 22:39:56,992] {processor.py:642} INFO - Processing file /home/saba/.local/lib/python3.6/site-packages/airflow/example_dags/example_task_group.py for tasks to queue
[2022-06-17 22:39:57,008] {logging_mixin.py:109} INFO - [2022-06-17 22:39:57,007] {dagbag.py:500} INFO - Filling up the DagBag from /home/saba/.local/lib/python3.6/site-packages/airflow/example_dags/example_task_group.py
[2022-06-17 22:39:57,245] {processor.py:652} INFO - DAG(s) dict_keys(['example_task_group']) retrieved from /home/saba/.local/lib/python3.6/site-packages/airflow/example_dags/example_task_group.py
[2022-06-17 22:39:57,361] {logging_mixin.py:109} INFO - [2022-06-17 22:39:57,361] {dag.py:2398} INFO - Sync 1 DAGs
[2022-06-17 22:39:57,524] {logging_mixin.py:109} INFO - [2022-06-17 22:39:57,524] {dag.py:2937} INFO - Setting next_dagrun for example_task_group to 2022-06-16T20:39:57.522780+00:00
[2022-06-17 22:39:57,619] {processor.py:171} INFO - Processing /home/saba/.local/lib/python3.6/site-packages/airflow/example_dags/example_task_group.py took 0.681 seconds
[2022-06-17 22:40:33,981] {processor.py:163} INFO - Started process (PID=6855) to work on /home/saba/.local/lib/python3.6/site-packages/airflow/example_dags/example_task_group.py
[2022-06-17 22:40:33,984] {processor.py:642} INFO - Processing file /home/saba/.local/lib/python3.6/site-packages/airflow/example_dags/example_task_group.py for tasks to queue
[2022-06-17 22:40:33,986] {logging_mixin.py:109} INFO - [2022-06-17 22:40:33,986] {dagbag.py:500} INFO - Filling up the DagBag from /home/saba/.local/lib/python3.6/site-packages/airflow/example_dags/example_task_group.py
[2022-06-17 22:40:34,047] {processor.py:652} INFO - DAG(s) dict_keys(['example_task_group']) retrieved from /home/saba/.local/lib/python3.6/site-packages/airflow/example_dags/example_task_group.py
[2022-06-17 22:40:34,095] {logging_mixin.py:109} INFO - [2022-06-17 22:40:34,095] {dag.py:2398} INFO - Sync 1 DAGs
[2022-06-17 22:40:34,148] {logging_mixin.py:109} INFO - [2022-06-17 22:40:34,148] {dag.py:2937} INFO - Setting next_dagrun for example_task_group to 2022-06-16T20:40:34.147405+00:00
[2022-06-17 22:40:34,181] {processor.py:171} INFO - Processing /home/saba/.local/lib/python3.6/site-packages/airflow/example_dags/example_task_group.py took 0.210 seconds
[2022-06-17 22:41:20,473] {processor.py:163} INFO - Started process (PID=6955) to work on /home/saba/.local/lib/python3.6/site-packages/airflow/example_dags/example_task_group.py
[2022-06-17 22:41:20,475] {processor.py:642} INFO - Processing file /home/saba/.local/lib/python3.6/site-packages/airflow/example_dags/example_task_group.py for tasks to queue
[2022-06-17 22:41:20,476] {logging_mixin.py:109} INFO - [2022-06-17 22:41:20,476] {dagbag.py:500} INFO - Filling up the DagBag from /home/saba/.local/lib/python3.6/site-packages/airflow/example_dags/example_task_group.py
[2022-06-17 22:41:20,506] {processor.py:652} INFO - DAG(s) dict_keys(['example_task_group']) retrieved from /home/saba/.local/lib/python3.6/site-packages/airflow/example_dags/example_task_group.py
[2022-06-17 22:41:20,529] {logging_mixin.py:109} INFO - [2022-06-17 22:41:20,529] {dag.py:2398} INFO - Sync 1 DAGs
[2022-06-17 22:41:20,555] {logging_mixin.py:109} INFO - [2022-06-17 22:41:20,555] {dag.py:2937} INFO - Setting next_dagrun for example_task_group to 2022-06-16T20:41:20.554783+00:00
[2022-06-17 22:41:20,577] {processor.py:171} INFO - Processing /home/saba/.local/lib/python3.6/site-packages/airflow/example_dags/example_task_group.py took 0.108 seconds
[2022-06-17 22:41:59,536] {processor.py:163} INFO - Started process (PID=7395) to work on /home/saba/.local/lib/python3.6/site-packages/airflow/example_dags/example_task_group.py
[2022-06-17 22:41:59,538] {processor.py:642} INFO - Processing file /home/saba/.local/lib/python3.6/site-packages/airflow/example_dags/example_task_group.py for tasks to queue
[2022-06-17 22:41:59,538] {logging_mixin.py:109} INFO - [2022-06-17 22:41:59,538] {dagbag.py:500} INFO - Filling up the DagBag from /home/saba/.local/lib/python3.6/site-packages/airflow/example_dags/example_task_group.py
[2022-06-17 22:41:59,563] {processor.py:652} INFO - DAG(s) dict_keys(['example_task_group']) retrieved from /home/saba/.local/lib/python3.6/site-packages/airflow/example_dags/example_task_group.py
[2022-06-17 22:41:59,582] {logging_mixin.py:109} INFO - [2022-06-17 22:41:59,582] {dag.py:2398} INFO - Sync 1 DAGs
[2022-06-17 22:41:59,602] {logging_mixin.py:109} INFO - [2022-06-17 22:41:59,602] {dag.py:2937} INFO - Setting next_dagrun for example_task_group to 2022-06-16T20:41:59.602283+00:00
[2022-06-17 22:41:59,622] {processor.py:171} INFO - Processing /home/saba/.local/lib/python3.6/site-packages/airflow/example_dags/example_task_group.py took 0.090 seconds
[2022-06-17 22:42:48,585] {processor.py:163} INFO - Started process (PID=7668) to work on /home/saba/.local/lib/python3.6/site-packages/airflow/example_dags/example_task_group.py
[2022-06-17 22:42:48,587] {processor.py:642} INFO - Processing file /home/saba/.local/lib/python3.6/site-packages/airflow/example_dags/example_task_group.py for tasks to queue
[2022-06-17 22:42:48,588] {logging_mixin.py:109} INFO - [2022-06-17 22:42:48,588] {dagbag.py:500} INFO - Filling up the DagBag from /home/saba/.local/lib/python3.6/site-packages/airflow/example_dags/example_task_group.py
[2022-06-17 22:42:48,627] {processor.py:652} INFO - DAG(s) dict_keys(['example_task_group']) retrieved from /home/saba/.local/lib/python3.6/site-packages/airflow/example_dags/example_task_group.py
[2022-06-17 22:42:48,673] {logging_mixin.py:109} INFO - [2022-06-17 22:42:48,673] {dag.py:2398} INFO - Sync 1 DAGs
[2022-06-17 22:42:48,711] {logging_mixin.py:109} INFO - [2022-06-17 22:42:48,711] {dag.py:2937} INFO - Setting next_dagrun for example_task_group to 2022-06-16T20:42:48.710531+00:00
[2022-06-17 22:42:48,741] {processor.py:171} INFO - Processing /home/saba/.local/lib/python3.6/site-packages/airflow/example_dags/example_task_group.py took 0.160 seconds
[2022-06-17 22:43:32,950] {processor.py:163} INFO - Started process (PID=8086) to work on /home/saba/.local/lib/python3.6/site-packages/airflow/example_dags/example_task_group.py
[2022-06-17 22:43:32,953] {processor.py:642} INFO - Processing file /home/saba/.local/lib/python3.6/site-packages/airflow/example_dags/example_task_group.py for tasks to queue
[2022-06-17 22:43:32,954] {logging_mixin.py:109} INFO - [2022-06-17 22:43:32,954] {dagbag.py:500} INFO - Filling up the DagBag from /home/saba/.local/lib/python3.6/site-packages/airflow/example_dags/example_task_group.py
[2022-06-17 22:43:33,016] {processor.py:652} INFO - DAG(s) dict_keys(['example_task_group']) retrieved from /home/saba/.local/lib/python3.6/site-packages/airflow/example_dags/example_task_group.py
[2022-06-17 22:43:33,062] {logging_mixin.py:109} INFO - [2022-06-17 22:43:33,062] {dag.py:2398} INFO - Sync 1 DAGs
[2022-06-17 22:43:33,146] {logging_mixin.py:109} INFO - [2022-06-17 22:43:33,146] {dag.py:2937} INFO - Setting next_dagrun for example_task_group to 2022-06-16T20:43:33.144765+00:00
[2022-06-17 22:43:33,202] {processor.py:171} INFO - Processing /home/saba/.local/lib/python3.6/site-packages/airflow/example_dags/example_task_group.py took 0.257 seconds
[2022-06-17 22:44:48,782] {processor.py:163} INFO - Started process (PID=8532) to work on /home/saba/.local/lib/python3.6/site-packages/airflow/example_dags/example_task_group.py
[2022-06-17 22:44:48,784] {processor.py:642} INFO - Processing file /home/saba/.local/lib/python3.6/site-packages/airflow/example_dags/example_task_group.py for tasks to queue
[2022-06-17 22:44:48,785] {logging_mixin.py:109} INFO - [2022-06-17 22:44:48,785] {dagbag.py:500} INFO - Filling up the DagBag from /home/saba/.local/lib/python3.6/site-packages/airflow/example_dags/example_task_group.py
[2022-06-17 22:44:48,814] {processor.py:652} INFO - DAG(s) dict_keys(['example_task_group']) retrieved from /home/saba/.local/lib/python3.6/site-packages/airflow/example_dags/example_task_group.py
[2022-06-17 22:44:48,837] {logging_mixin.py:109} INFO - [2022-06-17 22:44:48,836] {dag.py:2398} INFO - Sync 1 DAGs
[2022-06-17 22:44:48,863] {logging_mixin.py:109} INFO - [2022-06-17 22:44:48,863] {dag.py:2937} INFO - Setting next_dagrun for example_task_group to 2022-06-16T20:44:48.863308+00:00
[2022-06-17 22:44:48,885] {processor.py:171} INFO - Processing /home/saba/.local/lib/python3.6/site-packages/airflow/example_dags/example_task_group.py took 0.107 seconds
[2022-06-17 22:45:33,201] {processor.py:163} INFO - Started process (PID=8587) to work on /home/saba/.local/lib/python3.6/site-packages/airflow/example_dags/example_task_group.py
[2022-06-17 22:45:33,203] {processor.py:642} INFO - Processing file /home/saba/.local/lib/python3.6/site-packages/airflow/example_dags/example_task_group.py for tasks to queue
[2022-06-17 22:45:33,204] {logging_mixin.py:109} INFO - [2022-06-17 22:45:33,204] {dagbag.py:500} INFO - Filling up the DagBag from /home/saba/.local/lib/python3.6/site-packages/airflow/example_dags/example_task_group.py
[2022-06-17 22:45:33,229] {processor.py:652} INFO - DAG(s) dict_keys(['example_task_group']) retrieved from /home/saba/.local/lib/python3.6/site-packages/airflow/example_dags/example_task_group.py
[2022-06-17 22:45:33,249] {logging_mixin.py:109} INFO - [2022-06-17 22:45:33,249] {dag.py:2398} INFO - Sync 1 DAGs
[2022-06-17 22:45:33,271] {logging_mixin.py:109} INFO - [2022-06-17 22:45:33,271] {dag.py:2937} INFO - Setting next_dagrun for example_task_group to 2022-06-16T20:45:33.270721+00:00
[2022-06-17 22:45:33,294] {processor.py:171} INFO - Processing /home/saba/.local/lib/python3.6/site-packages/airflow/example_dags/example_task_group.py took 0.096 seconds
[2022-06-17 22:47:36,818] {processor.py:163} INFO - Started process (PID=10189) to work on /home/saba/.local/lib/python3.6/site-packages/airflow/example_dags/example_task_group.py
[2022-06-17 22:47:36,821] {processor.py:642} INFO - Processing file /home/saba/.local/lib/python3.6/site-packages/airflow/example_dags/example_task_group.py for tasks to queue
[2022-06-17 22:47:36,822] {logging_mixin.py:109} INFO - [2022-06-17 22:47:36,822] {dagbag.py:500} INFO - Filling up the DagBag from /home/saba/.local/lib/python3.6/site-packages/airflow/example_dags/example_task_group.py
[2022-06-17 22:47:36,860] {processor.py:652} INFO - DAG(s) dict_keys(['example_task_group']) retrieved from /home/saba/.local/lib/python3.6/site-packages/airflow/example_dags/example_task_group.py
[2022-06-17 22:47:36,894] {logging_mixin.py:109} INFO - [2022-06-17 22:47:36,894] {dag.py:2398} INFO - Sync 1 DAGs
[2022-06-17 22:47:36,927] {logging_mixin.py:109} INFO - [2022-06-17 22:47:36,927] {dag.py:2937} INFO - Setting next_dagrun for example_task_group to 2022-06-16T20:47:36.926890+00:00
[2022-06-17 22:47:36,950] {processor.py:171} INFO - Processing /home/saba/.local/lib/python3.6/site-packages/airflow/example_dags/example_task_group.py took 0.137 seconds
[2022-06-17 22:48:44,238] {processor.py:163} INFO - Started process (PID=10597) to work on /home/saba/.local/lib/python3.6/site-packages/airflow/example_dags/example_task_group.py
[2022-06-17 22:48:44,240] {processor.py:642} INFO - Processing file /home/saba/.local/lib/python3.6/site-packages/airflow/example_dags/example_task_group.py for tasks to queue
[2022-06-17 22:48:44,240] {logging_mixin.py:109} INFO - [2022-06-17 22:48:44,240] {dagbag.py:500} INFO - Filling up the DagBag from /home/saba/.local/lib/python3.6/site-packages/airflow/example_dags/example_task_group.py
[2022-06-17 22:48:44,254] {processor.py:652} INFO - DAG(s) dict_keys(['example_task_group']) retrieved from /home/saba/.local/lib/python3.6/site-packages/airflow/example_dags/example_task_group.py
[2022-06-17 22:48:44,265] {logging_mixin.py:109} INFO - [2022-06-17 22:48:44,265] {dag.py:2398} INFO - Sync 1 DAGs
[2022-06-17 22:48:44,277] {logging_mixin.py:109} INFO - [2022-06-17 22:48:44,277] {dag.py:2937} INFO - Setting next_dagrun for example_task_group to 2022-06-16T20:48:44.277568+00:00
[2022-06-17 22:48:44,337] {processor.py:171} INFO - Processing /home/saba/.local/lib/python3.6/site-packages/airflow/example_dags/example_task_group.py took 0.101 seconds
[2022-06-17 22:49:30,007] {processor.py:163} INFO - Started process (PID=10801) to work on /home/saba/.local/lib/python3.6/site-packages/airflow/example_dags/example_task_group.py
[2022-06-17 22:49:30,009] {processor.py:642} INFO - Processing file /home/saba/.local/lib/python3.6/site-packages/airflow/example_dags/example_task_group.py for tasks to queue
[2022-06-17 22:49:30,010] {logging_mixin.py:109} INFO - [2022-06-17 22:49:30,009] {dagbag.py:500} INFO - Filling up the DagBag from /home/saba/.local/lib/python3.6/site-packages/airflow/example_dags/example_task_group.py
[2022-06-17 22:49:30,031] {processor.py:652} INFO - DAG(s) dict_keys(['example_task_group']) retrieved from /home/saba/.local/lib/python3.6/site-packages/airflow/example_dags/example_task_group.py
[2022-06-17 22:49:30,047] {logging_mixin.py:109} INFO - [2022-06-17 22:49:30,047] {dag.py:2398} INFO - Sync 1 DAGs
[2022-06-17 22:49:30,123] {logging_mixin.py:109} INFO - [2022-06-17 22:49:30,122] {dag.py:2937} INFO - Setting next_dagrun for example_task_group to 2022-06-16T20:49:30.122774+00:00
[2022-06-17 22:49:30,139] {processor.py:171} INFO - Processing /home/saba/.local/lib/python3.6/site-packages/airflow/example_dags/example_task_group.py took 0.135 seconds
[2022-06-17 22:50:42,761] {processor.py:163} INFO - Started process (PID=11351) to work on /home/saba/.local/lib/python3.6/site-packages/airflow/example_dags/example_task_group.py
[2022-06-17 22:50:42,764] {processor.py:642} INFO - Processing file /home/saba/.local/lib/python3.6/site-packages/airflow/example_dags/example_task_group.py for tasks to queue
[2022-06-17 22:50:42,765] {logging_mixin.py:109} INFO - [2022-06-17 22:50:42,765] {dagbag.py:500} INFO - Filling up the DagBag from /home/saba/.local/lib/python3.6/site-packages/airflow/example_dags/example_task_group.py
[2022-06-17 22:50:42,797] {processor.py:652} INFO - DAG(s) dict_keys(['example_task_group']) retrieved from /home/saba/.local/lib/python3.6/site-packages/airflow/example_dags/example_task_group.py
[2022-06-17 22:50:42,907] {logging_mixin.py:109} INFO - [2022-06-17 22:50:42,907] {dag.py:2398} INFO - Sync 1 DAGs
[2022-06-17 22:50:42,927] {logging_mixin.py:109} INFO - [2022-06-17 22:50:42,927] {dag.py:2937} INFO - Setting next_dagrun for example_task_group to 2022-06-16T20:50:42.927297+00:00
[2022-06-17 22:50:42,948] {processor.py:171} INFO - Processing /home/saba/.local/lib/python3.6/site-packages/airflow/example_dags/example_task_group.py took 0.191 seconds
[2022-06-17 22:51:39,120] {processor.py:163} INFO - Started process (PID=11561) to work on /home/saba/.local/lib/python3.6/site-packages/airflow/example_dags/example_task_group.py
[2022-06-17 22:51:39,126] {processor.py:642} INFO - Processing file /home/saba/.local/lib/python3.6/site-packages/airflow/example_dags/example_task_group.py for tasks to queue
[2022-06-17 22:51:39,129] {logging_mixin.py:109} INFO - [2022-06-17 22:51:39,128] {dagbag.py:500} INFO - Filling up the DagBag from /home/saba/.local/lib/python3.6/site-packages/airflow/example_dags/example_task_group.py
[2022-06-17 22:51:39,216] {processor.py:652} INFO - DAG(s) dict_keys(['example_task_group']) retrieved from /home/saba/.local/lib/python3.6/site-packages/airflow/example_dags/example_task_group.py
[2022-06-17 22:51:39,442] {logging_mixin.py:109} INFO - [2022-06-17 22:51:39,442] {dag.py:2398} INFO - Sync 1 DAGs
[2022-06-17 22:51:39,490] {logging_mixin.py:109} INFO - [2022-06-17 22:51:39,489] {dag.py:2937} INFO - Setting next_dagrun for example_task_group to 2022-06-16T20:51:39.488860+00:00
[2022-06-17 22:51:39,526] {processor.py:171} INFO - Processing /home/saba/.local/lib/python3.6/site-packages/airflow/example_dags/example_task_group.py took 0.417 seconds
[2022-06-17 22:52:27,120] {processor.py:163} INFO - Started process (PID=11762) to work on /home/saba/.local/lib/python3.6/site-packages/airflow/example_dags/example_task_group.py
[2022-06-17 22:52:27,123] {processor.py:642} INFO - Processing file /home/saba/.local/lib/python3.6/site-packages/airflow/example_dags/example_task_group.py for tasks to queue
[2022-06-17 22:52:27,124] {logging_mixin.py:109} INFO - [2022-06-17 22:52:27,124] {dagbag.py:500} INFO - Filling up the DagBag from /home/saba/.local/lib/python3.6/site-packages/airflow/example_dags/example_task_group.py
[2022-06-17 22:52:27,234] {processor.py:652} INFO - DAG(s) dict_keys(['example_task_group']) retrieved from /home/saba/.local/lib/python3.6/site-packages/airflow/example_dags/example_task_group.py
[2022-06-17 22:52:27,254] {logging_mixin.py:109} INFO - [2022-06-17 22:52:27,254] {dag.py:2398} INFO - Sync 1 DAGs
[2022-06-17 22:52:27,275] {logging_mixin.py:109} INFO - [2022-06-17 22:52:27,275] {dag.py:2937} INFO - Setting next_dagrun for example_task_group to 2022-06-16T20:52:27.275144+00:00
[2022-06-17 22:52:27,292] {processor.py:171} INFO - Processing /home/saba/.local/lib/python3.6/site-packages/airflow/example_dags/example_task_group.py took 0.174 seconds
[2022-06-17 22:53:30,353] {processor.py:163} INFO - Started process (PID=12501) to work on /home/saba/.local/lib/python3.6/site-packages/airflow/example_dags/example_task_group.py
[2022-06-17 22:53:30,364] {processor.py:642} INFO - Processing file /home/saba/.local/lib/python3.6/site-packages/airflow/example_dags/example_task_group.py for tasks to queue
[2022-06-17 22:53:30,365] {logging_mixin.py:109} INFO - [2022-06-17 22:53:30,365] {dagbag.py:500} INFO - Filling up the DagBag from /home/saba/.local/lib/python3.6/site-packages/airflow/example_dags/example_task_group.py
[2022-06-17 22:53:30,431] {processor.py:652} INFO - DAG(s) dict_keys(['example_task_group']) retrieved from /home/saba/.local/lib/python3.6/site-packages/airflow/example_dags/example_task_group.py
[2022-06-17 22:53:30,440] {logging_mixin.py:109} INFO - [2022-06-17 22:53:30,440] {dag.py:2398} INFO - Sync 1 DAGs
[2022-06-17 22:53:30,451] {logging_mixin.py:109} INFO - [2022-06-17 22:53:30,451] {dag.py:2937} INFO - Setting next_dagrun for example_task_group to 2022-06-16T20:53:30.451428+00:00
[2022-06-17 22:53:30,466] {processor.py:171} INFO - Processing /home/saba/.local/lib/python3.6/site-packages/airflow/example_dags/example_task_group.py took 0.115 seconds
[2022-06-17 22:54:13,502] {processor.py:163} INFO - Started process (PID=12707) to work on /home/saba/.local/lib/python3.6/site-packages/airflow/example_dags/example_task_group.py
[2022-06-17 22:54:13,504] {processor.py:642} INFO - Processing file /home/saba/.local/lib/python3.6/site-packages/airflow/example_dags/example_task_group.py for tasks to queue
[2022-06-17 22:54:13,505] {logging_mixin.py:109} INFO - [2022-06-17 22:54:13,505] {dagbag.py:500} INFO - Filling up the DagBag from /home/saba/.local/lib/python3.6/site-packages/airflow/example_dags/example_task_group.py
[2022-06-17 22:54:13,623] {processor.py:652} INFO - DAG(s) dict_keys(['example_task_group']) retrieved from /home/saba/.local/lib/python3.6/site-packages/airflow/example_dags/example_task_group.py
[2022-06-17 22:54:13,641] {logging_mixin.py:109} INFO - [2022-06-17 22:54:13,641] {dag.py:2398} INFO - Sync 1 DAGs
[2022-06-17 22:54:13,659] {logging_mixin.py:109} INFO - [2022-06-17 22:54:13,659] {dag.py:2937} INFO - Setting next_dagrun for example_task_group to 2022-06-16T20:54:13.658732+00:00
[2022-06-17 22:54:13,676] {processor.py:171} INFO - Processing /home/saba/.local/lib/python3.6/site-packages/airflow/example_dags/example_task_group.py took 0.178 seconds
[2022-06-17 22:54:54,744] {processor.py:163} INFO - Started process (PID=12912) to work on /home/saba/.local/lib/python3.6/site-packages/airflow/example_dags/example_task_group.py
[2022-06-17 22:54:54,746] {processor.py:642} INFO - Processing file /home/saba/.local/lib/python3.6/site-packages/airflow/example_dags/example_task_group.py for tasks to queue
[2022-06-17 22:54:54,747] {logging_mixin.py:109} INFO - [2022-06-17 22:54:54,747] {dagbag.py:500} INFO - Filling up the DagBag from /home/saba/.local/lib/python3.6/site-packages/airflow/example_dags/example_task_group.py
[2022-06-17 22:54:54,768] {processor.py:652} INFO - DAG(s) dict_keys(['example_task_group']) retrieved from /home/saba/.local/lib/python3.6/site-packages/airflow/example_dags/example_task_group.py
[2022-06-17 22:54:54,784] {logging_mixin.py:109} INFO - [2022-06-17 22:54:54,784] {dag.py:2398} INFO - Sync 1 DAGs
[2022-06-17 22:54:54,802] {logging_mixin.py:109} INFO - [2022-06-17 22:54:54,802] {dag.py:2937} INFO - Setting next_dagrun for example_task_group to 2022-06-16T20:54:54.802192+00:00
[2022-06-17 22:54:54,819] {processor.py:171} INFO - Processing /home/saba/.local/lib/python3.6/site-packages/airflow/example_dags/example_task_group.py took 0.077 seconds
