[2022-06-17 22:07:26,929] {processor.py:163} INFO - Started process (PID=1723) to work on /home/saba/.local/lib/python3.6/site-packages/airflow/example_dags/example_branch_day_of_week_operator.py
[2022-06-17 22:07:26,932] {processor.py:642} INFO - Processing file /home/saba/.local/lib/python3.6/site-packages/airflow/example_dags/example_branch_day_of_week_operator.py for tasks to queue
[2022-06-17 22:07:26,935] {logging_mixin.py:109} INFO - [2022-06-17 22:07:26,934] {dagbag.py:500} INFO - Filling up the DagBag from /home/saba/.local/lib/python3.6/site-packages/airflow/example_dags/example_branch_day_of_week_operator.py
[2022-06-17 22:07:27,061] {processor.py:652} INFO - DAG(s) dict_keys(['example_weekday_branch_operator']) retrieved from /home/saba/.local/lib/python3.6/site-packages/airflow/example_dags/example_branch_day_of_week_operator.py
[2022-06-17 22:07:27,158] {logging_mixin.py:109} INFO - [2022-06-17 22:07:27,158] {dag.py:2398} INFO - Sync 1 DAGs
[2022-06-17 22:07:27,332] {logging_mixin.py:109} INFO - [2022-06-17 22:07:27,331] {dag.py:2937} INFO - Setting next_dagrun for example_weekday_branch_operator to 2022-06-16 00:00:00+00:00
[2022-06-17 22:07:27,493] {processor.py:171} INFO - Processing /home/saba/.local/lib/python3.6/site-packages/airflow/example_dags/example_branch_day_of_week_operator.py took 0.575 seconds
[2022-06-17 22:08:19,791] {processor.py:163} INFO - Started process (PID=1964) to work on /home/saba/.local/lib/python3.6/site-packages/airflow/example_dags/example_branch_day_of_week_operator.py
[2022-06-17 22:08:19,794] {processor.py:642} INFO - Processing file /home/saba/.local/lib/python3.6/site-packages/airflow/example_dags/example_branch_day_of_week_operator.py for tasks to queue
[2022-06-17 22:08:19,795] {logging_mixin.py:109} INFO - [2022-06-17 22:08:19,795] {dagbag.py:500} INFO - Filling up the DagBag from /home/saba/.local/lib/python3.6/site-packages/airflow/example_dags/example_branch_day_of_week_operator.py
[2022-06-17 22:08:19,838] {processor.py:652} INFO - DAG(s) dict_keys(['example_weekday_branch_operator']) retrieved from /home/saba/.local/lib/python3.6/site-packages/airflow/example_dags/example_branch_day_of_week_operator.py
[2022-06-17 22:08:19,869] {logging_mixin.py:109} INFO - [2022-06-17 22:08:19,869] {dag.py:2398} INFO - Sync 1 DAGs
[2022-06-17 22:08:19,921] {logging_mixin.py:109} INFO - [2022-06-17 22:08:19,920] {dag.py:2937} INFO - Setting next_dagrun for example_weekday_branch_operator to 2022-06-16 00:00:00+00:00
[2022-06-17 22:08:19,953] {processor.py:171} INFO - Processing /home/saba/.local/lib/python3.6/site-packages/airflow/example_dags/example_branch_day_of_week_operator.py took 0.168 seconds
[2022-06-17 22:10:13,659] {processor.py:163} INFO - Started process (PID=2457) to work on /home/saba/.local/lib/python3.6/site-packages/airflow/example_dags/example_branch_day_of_week_operator.py
[2022-06-17 22:10:13,664] {processor.py:642} INFO - Processing file /home/saba/.local/lib/python3.6/site-packages/airflow/example_dags/example_branch_day_of_week_operator.py for tasks to queue
[2022-06-17 22:10:13,667] {logging_mixin.py:109} INFO - [2022-06-17 22:10:13,666] {dagbag.py:500} INFO - Filling up the DagBag from /home/saba/.local/lib/python3.6/site-packages/airflow/example_dags/example_branch_day_of_week_operator.py
[2022-06-17 22:10:13,733] {processor.py:652} INFO - DAG(s) dict_keys(['example_weekday_branch_operator']) retrieved from /home/saba/.local/lib/python3.6/site-packages/airflow/example_dags/example_branch_day_of_week_operator.py
[2022-06-17 22:10:13,779] {logging_mixin.py:109} INFO - [2022-06-17 22:10:13,779] {dag.py:2398} INFO - Sync 1 DAGs
[2022-06-17 22:10:13,859] {logging_mixin.py:109} INFO - [2022-06-17 22:10:13,859] {dag.py:2937} INFO - Setting next_dagrun for example_weekday_branch_operator to 2022-06-16 00:00:00+00:00
[2022-06-17 22:10:13,993] {processor.py:171} INFO - Processing /home/saba/.local/lib/python3.6/site-packages/airflow/example_dags/example_branch_day_of_week_operator.py took 0.341 seconds
[2022-06-17 22:18:20,634] {processor.py:163} INFO - Started process (PID=179) to work on /home/saba/.local/lib/python3.6/site-packages/airflow/example_dags/example_branch_day_of_week_operator.py
[2022-06-17 22:18:20,636] {processor.py:642} INFO - Processing file /home/saba/.local/lib/python3.6/site-packages/airflow/example_dags/example_branch_day_of_week_operator.py for tasks to queue
[2022-06-17 22:18:20,637] {logging_mixin.py:109} INFO - [2022-06-17 22:18:20,637] {dagbag.py:500} INFO - Filling up the DagBag from /home/saba/.local/lib/python3.6/site-packages/airflow/example_dags/example_branch_day_of_week_operator.py
[2022-06-17 22:18:20,657] {processor.py:652} INFO - DAG(s) dict_keys(['example_weekday_branch_operator']) retrieved from /home/saba/.local/lib/python3.6/site-packages/airflow/example_dags/example_branch_day_of_week_operator.py
[2022-06-17 22:18:20,675] {logging_mixin.py:109} INFO - [2022-06-17 22:18:20,674] {dag.py:2398} INFO - Sync 1 DAGs
[2022-06-17 22:18:20,696] {logging_mixin.py:109} INFO - [2022-06-17 22:18:20,696] {dag.py:2937} INFO - Setting next_dagrun for example_weekday_branch_operator to 2022-06-16 00:00:00+00:00
[2022-06-17 22:18:20,714] {processor.py:171} INFO - Processing /home/saba/.local/lib/python3.6/site-packages/airflow/example_dags/example_branch_day_of_week_operator.py took 0.084 seconds
[2022-06-17 22:19:11,643] {processor.py:163} INFO - Started process (PID=1724) to work on /home/saba/.local/lib/python3.6/site-packages/airflow/example_dags/example_branch_day_of_week_operator.py
[2022-06-17 22:19:11,647] {processor.py:642} INFO - Processing file /home/saba/.local/lib/python3.6/site-packages/airflow/example_dags/example_branch_day_of_week_operator.py for tasks to queue
[2022-06-17 22:19:11,649] {logging_mixin.py:109} INFO - [2022-06-17 22:19:11,648] {dagbag.py:500} INFO - Filling up the DagBag from /home/saba/.local/lib/python3.6/site-packages/airflow/example_dags/example_branch_day_of_week_operator.py
[2022-06-17 22:19:11,747] {processor.py:652} INFO - DAG(s) dict_keys(['example_weekday_branch_operator']) retrieved from /home/saba/.local/lib/python3.6/site-packages/airflow/example_dags/example_branch_day_of_week_operator.py
[2022-06-17 22:19:11,804] {logging_mixin.py:109} INFO - [2022-06-17 22:19:11,803] {dag.py:2398} INFO - Sync 1 DAGs
[2022-06-17 22:19:11,883] {logging_mixin.py:109} INFO - [2022-06-17 22:19:11,882] {dag.py:2937} INFO - Setting next_dagrun for example_weekday_branch_operator to 2022-06-16 00:00:00+00:00
[2022-06-17 22:19:11,924] {processor.py:171} INFO - Processing /home/saba/.local/lib/python3.6/site-packages/airflow/example_dags/example_branch_day_of_week_operator.py took 0.290 seconds
[2022-06-17 22:20:00,788] {processor.py:163} INFO - Started process (PID=3507) to work on /home/saba/.local/lib/python3.6/site-packages/airflow/example_dags/example_branch_day_of_week_operator.py
[2022-06-17 22:20:00,792] {processor.py:642} INFO - Processing file /home/saba/.local/lib/python3.6/site-packages/airflow/example_dags/example_branch_day_of_week_operator.py for tasks to queue
[2022-06-17 22:20:00,794] {logging_mixin.py:109} INFO - [2022-06-17 22:20:00,794] {dagbag.py:500} INFO - Filling up the DagBag from /home/saba/.local/lib/python3.6/site-packages/airflow/example_dags/example_branch_day_of_week_operator.py
[2022-06-17 22:20:00,828] {processor.py:652} INFO - DAG(s) dict_keys(['example_weekday_branch_operator']) retrieved from /home/saba/.local/lib/python3.6/site-packages/airflow/example_dags/example_branch_day_of_week_operator.py
[2022-06-17 22:20:00,859] {logging_mixin.py:109} INFO - [2022-06-17 22:20:00,859] {dag.py:2398} INFO - Sync 1 DAGs
[2022-06-17 22:20:00,904] {logging_mixin.py:109} INFO - [2022-06-17 22:20:00,903] {dag.py:2937} INFO - Setting next_dagrun for example_weekday_branch_operator to 2022-06-16 00:00:00+00:00
[2022-06-17 22:20:00,930] {processor.py:171} INFO - Processing /home/saba/.local/lib/python3.6/site-packages/airflow/example_dags/example_branch_day_of_week_operator.py took 0.147 seconds
[2022-06-17 22:20:39,919] {processor.py:163} INFO - Started process (PID=3561) to work on /home/saba/.local/lib/python3.6/site-packages/airflow/example_dags/example_branch_day_of_week_operator.py
[2022-06-17 22:20:39,921] {processor.py:642} INFO - Processing file /home/saba/.local/lib/python3.6/site-packages/airflow/example_dags/example_branch_day_of_week_operator.py for tasks to queue
[2022-06-17 22:20:39,922] {logging_mixin.py:109} INFO - [2022-06-17 22:20:39,922] {dagbag.py:500} INFO - Filling up the DagBag from /home/saba/.local/lib/python3.6/site-packages/airflow/example_dags/example_branch_day_of_week_operator.py
[2022-06-17 22:20:39,943] {processor.py:652} INFO - DAG(s) dict_keys(['example_weekday_branch_operator']) retrieved from /home/saba/.local/lib/python3.6/site-packages/airflow/example_dags/example_branch_day_of_week_operator.py
[2022-06-17 22:20:39,959] {logging_mixin.py:109} INFO - [2022-06-17 22:20:39,959] {dag.py:2398} INFO - Sync 1 DAGs
[2022-06-17 22:20:39,978] {logging_mixin.py:109} INFO - [2022-06-17 22:20:39,978] {dag.py:2937} INFO - Setting next_dagrun for example_weekday_branch_operator to 2022-06-16 00:00:00+00:00
[2022-06-17 22:20:39,995] {processor.py:171} INFO - Processing /home/saba/.local/lib/python3.6/site-packages/airflow/example_dags/example_branch_day_of_week_operator.py took 0.078 seconds
[2022-06-17 22:21:16,748] {processor.py:163} INFO - Started process (PID=3613) to work on /home/saba/.local/lib/python3.6/site-packages/airflow/example_dags/example_branch_day_of_week_operator.py
[2022-06-17 22:21:16,749] {processor.py:642} INFO - Processing file /home/saba/.local/lib/python3.6/site-packages/airflow/example_dags/example_branch_day_of_week_operator.py for tasks to queue
[2022-06-17 22:21:16,750] {logging_mixin.py:109} INFO - [2022-06-17 22:21:16,750] {dagbag.py:500} INFO - Filling up the DagBag from /home/saba/.local/lib/python3.6/site-packages/airflow/example_dags/example_branch_day_of_week_operator.py
[2022-06-17 22:21:16,769] {processor.py:652} INFO - DAG(s) dict_keys(['example_weekday_branch_operator']) retrieved from /home/saba/.local/lib/python3.6/site-packages/airflow/example_dags/example_branch_day_of_week_operator.py
[2022-06-17 22:21:16,785] {logging_mixin.py:109} INFO - [2022-06-17 22:21:16,785] {dag.py:2398} INFO - Sync 1 DAGs
[2022-06-17 22:21:16,806] {logging_mixin.py:109} INFO - [2022-06-17 22:21:16,806] {dag.py:2937} INFO - Setting next_dagrun for example_weekday_branch_operator to 2022-06-16 00:00:00+00:00
[2022-06-17 22:21:16,829] {processor.py:171} INFO - Processing /home/saba/.local/lib/python3.6/site-packages/airflow/example_dags/example_branch_day_of_week_operator.py took 0.084 seconds
[2022-06-17 22:21:51,688] {processor.py:163} INFO - Started process (PID=3681) to work on /home/saba/.local/lib/python3.6/site-packages/airflow/example_dags/example_branch_day_of_week_operator.py
[2022-06-17 22:21:51,689] {processor.py:642} INFO - Processing file /home/saba/.local/lib/python3.6/site-packages/airflow/example_dags/example_branch_day_of_week_operator.py for tasks to queue
[2022-06-17 22:21:51,690] {logging_mixin.py:109} INFO - [2022-06-17 22:21:51,690] {dagbag.py:500} INFO - Filling up the DagBag from /home/saba/.local/lib/python3.6/site-packages/airflow/example_dags/example_branch_day_of_week_operator.py
[2022-06-17 22:21:51,712] {processor.py:652} INFO - DAG(s) dict_keys(['example_weekday_branch_operator']) retrieved from /home/saba/.local/lib/python3.6/site-packages/airflow/example_dags/example_branch_day_of_week_operator.py
[2022-06-17 22:21:51,730] {logging_mixin.py:109} INFO - [2022-06-17 22:21:51,730] {dag.py:2398} INFO - Sync 1 DAGs
[2022-06-17 22:21:51,753] {logging_mixin.py:109} INFO - [2022-06-17 22:21:51,753] {dag.py:2937} INFO - Setting next_dagrun for example_weekday_branch_operator to 2022-06-16 00:00:00+00:00
[2022-06-17 22:21:51,773] {processor.py:171} INFO - Processing /home/saba/.local/lib/python3.6/site-packages/airflow/example_dags/example_branch_day_of_week_operator.py took 0.089 seconds
[2022-06-17 22:22:28,444] {processor.py:163} INFO - Started process (PID=3733) to work on /home/saba/.local/lib/python3.6/site-packages/airflow/example_dags/example_branch_day_of_week_operator.py
[2022-06-17 22:22:28,446] {processor.py:642} INFO - Processing file /home/saba/.local/lib/python3.6/site-packages/airflow/example_dags/example_branch_day_of_week_operator.py for tasks to queue
[2022-06-17 22:22:28,447] {logging_mixin.py:109} INFO - [2022-06-17 22:22:28,447] {dagbag.py:500} INFO - Filling up the DagBag from /home/saba/.local/lib/python3.6/site-packages/airflow/example_dags/example_branch_day_of_week_operator.py
[2022-06-17 22:22:28,475] {processor.py:652} INFO - DAG(s) dict_keys(['example_weekday_branch_operator']) retrieved from /home/saba/.local/lib/python3.6/site-packages/airflow/example_dags/example_branch_day_of_week_operator.py
[2022-06-17 22:22:28,500] {logging_mixin.py:109} INFO - [2022-06-17 22:22:28,500] {dag.py:2398} INFO - Sync 1 DAGs
[2022-06-17 22:22:28,536] {logging_mixin.py:109} INFO - [2022-06-17 22:22:28,536] {dag.py:2937} INFO - Setting next_dagrun for example_weekday_branch_operator to 2022-06-16 00:00:00+00:00
[2022-06-17 22:22:28,560] {processor.py:171} INFO - Processing /home/saba/.local/lib/python3.6/site-packages/airflow/example_dags/example_branch_day_of_week_operator.py took 0.121 seconds
[2022-06-17 22:23:04,323] {processor.py:163} INFO - Started process (PID=3784) to work on /home/saba/.local/lib/python3.6/site-packages/airflow/example_dags/example_branch_day_of_week_operator.py
[2022-06-17 22:23:04,324] {processor.py:642} INFO - Processing file /home/saba/.local/lib/python3.6/site-packages/airflow/example_dags/example_branch_day_of_week_operator.py for tasks to queue
[2022-06-17 22:23:04,325] {logging_mixin.py:109} INFO - [2022-06-17 22:23:04,325] {dagbag.py:500} INFO - Filling up the DagBag from /home/saba/.local/lib/python3.6/site-packages/airflow/example_dags/example_branch_day_of_week_operator.py
[2022-06-17 22:23:04,342] {processor.py:652} INFO - DAG(s) dict_keys(['example_weekday_branch_operator']) retrieved from /home/saba/.local/lib/python3.6/site-packages/airflow/example_dags/example_branch_day_of_week_operator.py
[2022-06-17 22:23:04,356] {logging_mixin.py:109} INFO - [2022-06-17 22:23:04,356] {dag.py:2398} INFO - Sync 1 DAGs
[2022-06-17 22:23:04,374] {logging_mixin.py:109} INFO - [2022-06-17 22:23:04,374] {dag.py:2937} INFO - Setting next_dagrun for example_weekday_branch_operator to 2022-06-16 00:00:00+00:00
[2022-06-17 22:23:04,390] {processor.py:171} INFO - Processing /home/saba/.local/lib/python3.6/site-packages/airflow/example_dags/example_branch_day_of_week_operator.py took 0.070 seconds
[2022-06-17 22:23:40,097] {processor.py:163} INFO - Started process (PID=3844) to work on /home/saba/.local/lib/python3.6/site-packages/airflow/example_dags/example_branch_day_of_week_operator.py
[2022-06-17 22:23:40,102] {processor.py:642} INFO - Processing file /home/saba/.local/lib/python3.6/site-packages/airflow/example_dags/example_branch_day_of_week_operator.py for tasks to queue
[2022-06-17 22:23:40,103] {logging_mixin.py:109} INFO - [2022-06-17 22:23:40,102] {dagbag.py:500} INFO - Filling up the DagBag from /home/saba/.local/lib/python3.6/site-packages/airflow/example_dags/example_branch_day_of_week_operator.py
[2022-06-17 22:23:40,130] {processor.py:652} INFO - DAG(s) dict_keys(['example_weekday_branch_operator']) retrieved from /home/saba/.local/lib/python3.6/site-packages/airflow/example_dags/example_branch_day_of_week_operator.py
[2022-06-17 22:23:40,149] {logging_mixin.py:109} INFO - [2022-06-17 22:23:40,149] {dag.py:2398} INFO - Sync 1 DAGs
[2022-06-17 22:23:40,172] {logging_mixin.py:109} INFO - [2022-06-17 22:23:40,171] {dag.py:2937} INFO - Setting next_dagrun for example_weekday_branch_operator to 2022-06-16 00:00:00+00:00
[2022-06-17 22:23:40,189] {processor.py:171} INFO - Processing /home/saba/.local/lib/python3.6/site-packages/airflow/example_dags/example_branch_day_of_week_operator.py took 0.095 seconds
[2022-06-17 22:24:19,048] {processor.py:163} INFO - Started process (PID=3949) to work on /home/saba/.local/lib/python3.6/site-packages/airflow/example_dags/example_branch_day_of_week_operator.py
[2022-06-17 22:24:19,050] {processor.py:642} INFO - Processing file /home/saba/.local/lib/python3.6/site-packages/airflow/example_dags/example_branch_day_of_week_operator.py for tasks to queue
[2022-06-17 22:24:19,050] {logging_mixin.py:109} INFO - [2022-06-17 22:24:19,050] {dagbag.py:500} INFO - Filling up the DagBag from /home/saba/.local/lib/python3.6/site-packages/airflow/example_dags/example_branch_day_of_week_operator.py
[2022-06-17 22:24:19,074] {processor.py:652} INFO - DAG(s) dict_keys(['example_weekday_branch_operator']) retrieved from /home/saba/.local/lib/python3.6/site-packages/airflow/example_dags/example_branch_day_of_week_operator.py
[2022-06-17 22:24:19,094] {logging_mixin.py:109} INFO - [2022-06-17 22:24:19,094] {dag.py:2398} INFO - Sync 1 DAGs
[2022-06-17 22:24:19,120] {logging_mixin.py:109} INFO - [2022-06-17 22:24:19,120] {dag.py:2937} INFO - Setting next_dagrun for example_weekday_branch_operator to 2022-06-16 00:00:00+00:00
[2022-06-17 22:24:19,141] {processor.py:171} INFO - Processing /home/saba/.local/lib/python3.6/site-packages/airflow/example_dags/example_branch_day_of_week_operator.py took 0.098 seconds
[2022-06-17 22:24:54,558] {processor.py:163} INFO - Started process (PID=4002) to work on /home/saba/.local/lib/python3.6/site-packages/airflow/example_dags/example_branch_day_of_week_operator.py
[2022-06-17 22:24:54,560] {processor.py:642} INFO - Processing file /home/saba/.local/lib/python3.6/site-packages/airflow/example_dags/example_branch_day_of_week_operator.py for tasks to queue
[2022-06-17 22:24:54,561] {logging_mixin.py:109} INFO - [2022-06-17 22:24:54,561] {dagbag.py:500} INFO - Filling up the DagBag from /home/saba/.local/lib/python3.6/site-packages/airflow/example_dags/example_branch_day_of_week_operator.py
[2022-06-17 22:24:54,587] {processor.py:652} INFO - DAG(s) dict_keys(['example_weekday_branch_operator']) retrieved from /home/saba/.local/lib/python3.6/site-packages/airflow/example_dags/example_branch_day_of_week_operator.py
[2022-06-17 22:24:54,606] {logging_mixin.py:109} INFO - [2022-06-17 22:24:54,606] {dag.py:2398} INFO - Sync 1 DAGs
[2022-06-17 22:24:54,631] {logging_mixin.py:109} INFO - [2022-06-17 22:24:54,631] {dag.py:2937} INFO - Setting next_dagrun for example_weekday_branch_operator to 2022-06-16 00:00:00+00:00
[2022-06-17 22:24:54,648] {processor.py:171} INFO - Processing /home/saba/.local/lib/python3.6/site-packages/airflow/example_dags/example_branch_day_of_week_operator.py took 0.094 seconds
[2022-06-17 22:25:47,092] {processor.py:163} INFO - Started process (PID=4342) to work on /home/saba/.local/lib/python3.6/site-packages/airflow/example_dags/example_branch_day_of_week_operator.py
[2022-06-17 22:25:47,096] {processor.py:642} INFO - Processing file /home/saba/.local/lib/python3.6/site-packages/airflow/example_dags/example_branch_day_of_week_operator.py for tasks to queue
[2022-06-17 22:25:47,099] {logging_mixin.py:109} INFO - [2022-06-17 22:25:47,098] {dagbag.py:500} INFO - Filling up the DagBag from /home/saba/.local/lib/python3.6/site-packages/airflow/example_dags/example_branch_day_of_week_operator.py
[2022-06-17 22:25:47,178] {processor.py:652} INFO - DAG(s) dict_keys(['example_weekday_branch_operator']) retrieved from /home/saba/.local/lib/python3.6/site-packages/airflow/example_dags/example_branch_day_of_week_operator.py
[2022-06-17 22:25:47,261] {logging_mixin.py:109} INFO - [2022-06-17 22:25:47,260] {dag.py:2398} INFO - Sync 1 DAGs
[2022-06-17 22:25:47,424] {logging_mixin.py:109} INFO - [2022-06-17 22:25:47,423] {dag.py:2937} INFO - Setting next_dagrun for example_weekday_branch_operator to 2022-06-16 00:00:00+00:00
[2022-06-17 22:25:47,498] {processor.py:171} INFO - Processing /home/saba/.local/lib/python3.6/site-packages/airflow/example_dags/example_branch_day_of_week_operator.py took 0.415 seconds
[2022-06-17 22:26:40,733] {processor.py:163} INFO - Started process (PID=4426) to work on /home/saba/.local/lib/python3.6/site-packages/airflow/example_dags/example_branch_day_of_week_operator.py
[2022-06-17 22:26:40,737] {processor.py:642} INFO - Processing file /home/saba/.local/lib/python3.6/site-packages/airflow/example_dags/example_branch_day_of_week_operator.py for tasks to queue
[2022-06-17 22:26:40,738] {logging_mixin.py:109} INFO - [2022-06-17 22:26:40,738] {dagbag.py:500} INFO - Filling up the DagBag from /home/saba/.local/lib/python3.6/site-packages/airflow/example_dags/example_branch_day_of_week_operator.py
[2022-06-17 22:26:40,788] {processor.py:652} INFO - DAG(s) dict_keys(['example_weekday_branch_operator']) retrieved from /home/saba/.local/lib/python3.6/site-packages/airflow/example_dags/example_branch_day_of_week_operator.py
[2022-06-17 22:26:40,829] {logging_mixin.py:109} INFO - [2022-06-17 22:26:40,829] {dag.py:2398} INFO - Sync 1 DAGs
[2022-06-17 22:26:40,966] {logging_mixin.py:109} INFO - [2022-06-17 22:26:40,965] {dag.py:2937} INFO - Setting next_dagrun for example_weekday_branch_operator to 2022-06-16 00:00:00+00:00
[2022-06-17 22:26:41,014] {processor.py:171} INFO - Processing /home/saba/.local/lib/python3.6/site-packages/airflow/example_dags/example_branch_day_of_week_operator.py took 0.290 seconds
[2022-06-17 22:27:33,066] {processor.py:163} INFO - Started process (PID=4498) to work on /home/saba/.local/lib/python3.6/site-packages/airflow/example_dags/example_branch_day_of_week_operator.py
[2022-06-17 22:27:33,069] {processor.py:642} INFO - Processing file /home/saba/.local/lib/python3.6/site-packages/airflow/example_dags/example_branch_day_of_week_operator.py for tasks to queue
[2022-06-17 22:27:33,071] {logging_mixin.py:109} INFO - [2022-06-17 22:27:33,071] {dagbag.py:500} INFO - Filling up the DagBag from /home/saba/.local/lib/python3.6/site-packages/airflow/example_dags/example_branch_day_of_week_operator.py
[2022-06-17 22:27:33,124] {processor.py:652} INFO - DAG(s) dict_keys(['example_weekday_branch_operator']) retrieved from /home/saba/.local/lib/python3.6/site-packages/airflow/example_dags/example_branch_day_of_week_operator.py
[2022-06-17 22:27:33,173] {logging_mixin.py:109} INFO - [2022-06-17 22:27:33,173] {dag.py:2398} INFO - Sync 1 DAGs
[2022-06-17 22:27:33,237] {logging_mixin.py:109} INFO - [2022-06-17 22:27:33,236] {dag.py:2937} INFO - Setting next_dagrun for example_weekday_branch_operator to 2022-06-16 00:00:00+00:00
[2022-06-17 22:27:33,298] {processor.py:171} INFO - Processing /home/saba/.local/lib/python3.6/site-packages/airflow/example_dags/example_branch_day_of_week_operator.py took 0.239 seconds
[2022-06-17 22:28:37,877] {processor.py:163} INFO - Started process (PID=4574) to work on /home/saba/.local/lib/python3.6/site-packages/airflow/example_dags/example_branch_day_of_week_operator.py
[2022-06-17 22:28:37,889] {processor.py:642} INFO - Processing file /home/saba/.local/lib/python3.6/site-packages/airflow/example_dags/example_branch_day_of_week_operator.py for tasks to queue
[2022-06-17 22:28:37,892] {logging_mixin.py:109} INFO - [2022-06-17 22:28:37,892] {dagbag.py:500} INFO - Filling up the DagBag from /home/saba/.local/lib/python3.6/site-packages/airflow/example_dags/example_branch_day_of_week_operator.py
[2022-06-17 22:28:38,006] {processor.py:652} INFO - DAG(s) dict_keys(['example_weekday_branch_operator']) retrieved from /home/saba/.local/lib/python3.6/site-packages/airflow/example_dags/example_branch_day_of_week_operator.py
[2022-06-17 22:28:38,066] {logging_mixin.py:109} INFO - [2022-06-17 22:28:38,066] {dag.py:2398} INFO - Sync 1 DAGs
[2022-06-17 22:28:38,167] {logging_mixin.py:109} INFO - [2022-06-17 22:28:38,167] {dag.py:2937} INFO - Setting next_dagrun for example_weekday_branch_operator to 2022-06-16 00:00:00+00:00
[2022-06-17 22:28:38,199] {processor.py:171} INFO - Processing /home/saba/.local/lib/python3.6/site-packages/airflow/example_dags/example_branch_day_of_week_operator.py took 0.359 seconds
[2022-06-17 22:29:42,978] {processor.py:163} INFO - Started process (PID=4632) to work on /home/saba/.local/lib/python3.6/site-packages/airflow/example_dags/example_branch_day_of_week_operator.py
[2022-06-17 22:29:42,991] {processor.py:642} INFO - Processing file /home/saba/.local/lib/python3.6/site-packages/airflow/example_dags/example_branch_day_of_week_operator.py for tasks to queue
[2022-06-17 22:29:42,994] {logging_mixin.py:109} INFO - [2022-06-17 22:29:42,994] {dagbag.py:500} INFO - Filling up the DagBag from /home/saba/.local/lib/python3.6/site-packages/airflow/example_dags/example_branch_day_of_week_operator.py
[2022-06-17 22:29:43,115] {processor.py:652} INFO - DAG(s) dict_keys(['example_weekday_branch_operator']) retrieved from /home/saba/.local/lib/python3.6/site-packages/airflow/example_dags/example_branch_day_of_week_operator.py
[2022-06-17 22:29:43,224] {logging_mixin.py:109} INFO - [2022-06-17 22:29:43,223] {dag.py:2398} INFO - Sync 1 DAGs
[2022-06-17 22:29:43,352] {logging_mixin.py:109} INFO - [2022-06-17 22:29:43,351] {dag.py:2937} INFO - Setting next_dagrun for example_weekday_branch_operator to 2022-06-16 00:00:00+00:00
[2022-06-17 22:29:43,422] {processor.py:171} INFO - Processing /home/saba/.local/lib/python3.6/site-packages/airflow/example_dags/example_branch_day_of_week_operator.py took 0.460 seconds
[2022-06-17 22:30:35,215] {processor.py:163} INFO - Started process (PID=4976) to work on /home/saba/.local/lib/python3.6/site-packages/airflow/example_dags/example_branch_day_of_week_operator.py
[2022-06-17 22:30:35,219] {processor.py:642} INFO - Processing file /home/saba/.local/lib/python3.6/site-packages/airflow/example_dags/example_branch_day_of_week_operator.py for tasks to queue
[2022-06-17 22:30:35,222] {logging_mixin.py:109} INFO - [2022-06-17 22:30:35,221] {dagbag.py:500} INFO - Filling up the DagBag from /home/saba/.local/lib/python3.6/site-packages/airflow/example_dags/example_branch_day_of_week_operator.py
[2022-06-17 22:30:35,274] {processor.py:652} INFO - DAG(s) dict_keys(['example_weekday_branch_operator']) retrieved from /home/saba/.local/lib/python3.6/site-packages/airflow/example_dags/example_branch_day_of_week_operator.py
[2022-06-17 22:30:35,317] {logging_mixin.py:109} INFO - [2022-06-17 22:30:35,317] {dag.py:2398} INFO - Sync 1 DAGs
[2022-06-17 22:30:35,382] {logging_mixin.py:109} INFO - [2022-06-17 22:30:35,381] {dag.py:2937} INFO - Setting next_dagrun for example_weekday_branch_operator to 2022-06-16 00:00:00+00:00
[2022-06-17 22:30:35,424] {processor.py:171} INFO - Processing /home/saba/.local/lib/python3.6/site-packages/airflow/example_dags/example_branch_day_of_week_operator.py took 0.218 seconds
[2022-06-17 22:31:18,412] {processor.py:163} INFO - Started process (PID=5063) to work on /home/saba/.local/lib/python3.6/site-packages/airflow/example_dags/example_branch_day_of_week_operator.py
[2022-06-17 22:31:18,415] {processor.py:642} INFO - Processing file /home/saba/.local/lib/python3.6/site-packages/airflow/example_dags/example_branch_day_of_week_operator.py for tasks to queue
[2022-06-17 22:31:18,416] {logging_mixin.py:109} INFO - [2022-06-17 22:31:18,416] {dagbag.py:500} INFO - Filling up the DagBag from /home/saba/.local/lib/python3.6/site-packages/airflow/example_dags/example_branch_day_of_week_operator.py
[2022-06-17 22:31:18,452] {processor.py:652} INFO - DAG(s) dict_keys(['example_weekday_branch_operator']) retrieved from /home/saba/.local/lib/python3.6/site-packages/airflow/example_dags/example_branch_day_of_week_operator.py
[2022-06-17 22:31:18,480] {logging_mixin.py:109} INFO - [2022-06-17 22:31:18,480] {dag.py:2398} INFO - Sync 1 DAGs
[2022-06-17 22:31:18,522] {logging_mixin.py:109} INFO - [2022-06-17 22:31:18,522] {dag.py:2937} INFO - Setting next_dagrun for example_weekday_branch_operator to 2022-06-16 00:00:00+00:00
[2022-06-17 22:31:18,546] {processor.py:171} INFO - Processing /home/saba/.local/lib/python3.6/site-packages/airflow/example_dags/example_branch_day_of_week_operator.py took 0.139 seconds
[2022-06-17 22:32:10,148] {processor.py:163} INFO - Started process (PID=5107) to work on /home/saba/.local/lib/python3.6/site-packages/airflow/example_dags/example_branch_day_of_week_operator.py
[2022-06-17 22:32:10,152] {processor.py:642} INFO - Processing file /home/saba/.local/lib/python3.6/site-packages/airflow/example_dags/example_branch_day_of_week_operator.py for tasks to queue
[2022-06-17 22:32:10,154] {logging_mixin.py:109} INFO - [2022-06-17 22:32:10,154] {dagbag.py:500} INFO - Filling up the DagBag from /home/saba/.local/lib/python3.6/site-packages/airflow/example_dags/example_branch_day_of_week_operator.py
[2022-06-17 22:32:10,201] {processor.py:652} INFO - DAG(s) dict_keys(['example_weekday_branch_operator']) retrieved from /home/saba/.local/lib/python3.6/site-packages/airflow/example_dags/example_branch_day_of_week_operator.py
[2022-06-17 22:32:10,245] {logging_mixin.py:109} INFO - [2022-06-17 22:32:10,245] {dag.py:2398} INFO - Sync 1 DAGs
[2022-06-17 22:32:10,307] {logging_mixin.py:109} INFO - [2022-06-17 22:32:10,307] {dag.py:2937} INFO - Setting next_dagrun for example_weekday_branch_operator to 2022-06-16 00:00:00+00:00
[2022-06-17 22:32:10,362] {processor.py:171} INFO - Processing /home/saba/.local/lib/python3.6/site-packages/airflow/example_dags/example_branch_day_of_week_operator.py took 0.223 seconds
[2022-06-17 22:32:55,636] {processor.py:163} INFO - Started process (PID=5357) to work on /home/saba/.local/lib/python3.6/site-packages/airflow/example_dags/example_branch_day_of_week_operator.py
[2022-06-17 22:32:55,648] {processor.py:642} INFO - Processing file /home/saba/.local/lib/python3.6/site-packages/airflow/example_dags/example_branch_day_of_week_operator.py for tasks to queue
[2022-06-17 22:32:55,652] {logging_mixin.py:109} INFO - [2022-06-17 22:32:55,652] {dagbag.py:500} INFO - Filling up the DagBag from /home/saba/.local/lib/python3.6/site-packages/airflow/example_dags/example_branch_day_of_week_operator.py
[2022-06-17 22:32:55,795] {processor.py:652} INFO - DAG(s) dict_keys(['example_weekday_branch_operator']) retrieved from /home/saba/.local/lib/python3.6/site-packages/airflow/example_dags/example_branch_day_of_week_operator.py
[2022-06-17 22:32:55,873] {logging_mixin.py:109} INFO - [2022-06-17 22:32:55,872] {dag.py:2398} INFO - Sync 1 DAGs
[2022-06-17 22:32:55,989] {logging_mixin.py:109} INFO - [2022-06-17 22:32:55,988] {dag.py:2937} INFO - Setting next_dagrun for example_weekday_branch_operator to 2022-06-16 00:00:00+00:00
[2022-06-17 22:32:56,043] {processor.py:171} INFO - Processing /home/saba/.local/lib/python3.6/site-packages/airflow/example_dags/example_branch_day_of_week_operator.py took 0.435 seconds
[2022-06-17 22:33:39,401] {processor.py:163} INFO - Started process (PID=5624) to work on /home/saba/.local/lib/python3.6/site-packages/airflow/example_dags/example_branch_day_of_week_operator.py
[2022-06-17 22:33:39,403] {processor.py:642} INFO - Processing file /home/saba/.local/lib/python3.6/site-packages/airflow/example_dags/example_branch_day_of_week_operator.py for tasks to queue
[2022-06-17 22:33:39,404] {logging_mixin.py:109} INFO - [2022-06-17 22:33:39,404] {dagbag.py:500} INFO - Filling up the DagBag from /home/saba/.local/lib/python3.6/site-packages/airflow/example_dags/example_branch_day_of_week_operator.py
[2022-06-17 22:33:39,430] {processor.py:652} INFO - DAG(s) dict_keys(['example_weekday_branch_operator']) retrieved from /home/saba/.local/lib/python3.6/site-packages/airflow/example_dags/example_branch_day_of_week_operator.py
[2022-06-17 22:33:39,464] {logging_mixin.py:109} INFO - [2022-06-17 22:33:39,463] {dag.py:2398} INFO - Sync 1 DAGs
[2022-06-17 22:33:39,496] {logging_mixin.py:109} INFO - [2022-06-17 22:33:39,496] {dag.py:2937} INFO - Setting next_dagrun for example_weekday_branch_operator to 2022-06-16 00:00:00+00:00
[2022-06-17 22:33:39,518] {processor.py:171} INFO - Processing /home/saba/.local/lib/python3.6/site-packages/airflow/example_dags/example_branch_day_of_week_operator.py took 0.122 seconds
[2022-06-17 22:34:23,262] {processor.py:163} INFO - Started process (PID=5680) to work on /home/saba/.local/lib/python3.6/site-packages/airflow/example_dags/example_branch_day_of_week_operator.py
[2022-06-17 22:34:23,268] {processor.py:642} INFO - Processing file /home/saba/.local/lib/python3.6/site-packages/airflow/example_dags/example_branch_day_of_week_operator.py for tasks to queue
[2022-06-17 22:34:23,270] {logging_mixin.py:109} INFO - [2022-06-17 22:34:23,270] {dagbag.py:500} INFO - Filling up the DagBag from /home/saba/.local/lib/python3.6/site-packages/airflow/example_dags/example_branch_day_of_week_operator.py
[2022-06-17 22:34:23,315] {processor.py:652} INFO - DAG(s) dict_keys(['example_weekday_branch_operator']) retrieved from /home/saba/.local/lib/python3.6/site-packages/airflow/example_dags/example_branch_day_of_week_operator.py
[2022-06-17 22:34:23,355] {logging_mixin.py:109} INFO - [2022-06-17 22:34:23,354] {dag.py:2398} INFO - Sync 1 DAGs
[2022-06-17 22:34:23,416] {logging_mixin.py:109} INFO - [2022-06-17 22:34:23,415] {dag.py:2937} INFO - Setting next_dagrun for example_weekday_branch_operator to 2022-06-16 00:00:00+00:00
[2022-06-17 22:34:23,449] {processor.py:171} INFO - Processing /home/saba/.local/lib/python3.6/site-packages/airflow/example_dags/example_branch_day_of_week_operator.py took 0.194 seconds
[2022-06-17 22:35:10,819] {processor.py:163} INFO - Started process (PID=5733) to work on /home/saba/.local/lib/python3.6/site-packages/airflow/example_dags/example_branch_day_of_week_operator.py
[2022-06-17 22:35:10,830] {processor.py:642} INFO - Processing file /home/saba/.local/lib/python3.6/site-packages/airflow/example_dags/example_branch_day_of_week_operator.py for tasks to queue
[2022-06-17 22:35:10,831] {logging_mixin.py:109} INFO - [2022-06-17 22:35:10,830] {dagbag.py:500} INFO - Filling up the DagBag from /home/saba/.local/lib/python3.6/site-packages/airflow/example_dags/example_branch_day_of_week_operator.py
[2022-06-17 22:35:10,860] {processor.py:652} INFO - DAG(s) dict_keys(['example_weekday_branch_operator']) retrieved from /home/saba/.local/lib/python3.6/site-packages/airflow/example_dags/example_branch_day_of_week_operator.py
[2022-06-17 22:35:10,887] {logging_mixin.py:109} INFO - [2022-06-17 22:35:10,887] {dag.py:2398} INFO - Sync 1 DAGs
[2022-06-17 22:35:10,925] {logging_mixin.py:109} INFO - [2022-06-17 22:35:10,925] {dag.py:2937} INFO - Setting next_dagrun for example_weekday_branch_operator to 2022-06-16 00:00:00+00:00
[2022-06-17 22:35:10,954] {processor.py:171} INFO - Processing /home/saba/.local/lib/python3.6/site-packages/airflow/example_dags/example_branch_day_of_week_operator.py took 0.140 seconds
[2022-06-17 22:35:54,762] {processor.py:163} INFO - Started process (PID=5789) to work on /home/saba/.local/lib/python3.6/site-packages/airflow/example_dags/example_branch_day_of_week_operator.py
[2022-06-17 22:35:54,764] {processor.py:642} INFO - Processing file /home/saba/.local/lib/python3.6/site-packages/airflow/example_dags/example_branch_day_of_week_operator.py for tasks to queue
[2022-06-17 22:35:54,765] {logging_mixin.py:109} INFO - [2022-06-17 22:35:54,764] {dagbag.py:500} INFO - Filling up the DagBag from /home/saba/.local/lib/python3.6/site-packages/airflow/example_dags/example_branch_day_of_week_operator.py
[2022-06-17 22:35:54,784] {processor.py:652} INFO - DAG(s) dict_keys(['example_weekday_branch_operator']) retrieved from /home/saba/.local/lib/python3.6/site-packages/airflow/example_dags/example_branch_day_of_week_operator.py
[2022-06-17 22:35:54,800] {logging_mixin.py:109} INFO - [2022-06-17 22:35:54,800] {dag.py:2398} INFO - Sync 1 DAGs
[2022-06-17 22:35:54,821] {logging_mixin.py:109} INFO - [2022-06-17 22:35:54,821] {dag.py:2937} INFO - Setting next_dagrun for example_weekday_branch_operator to 2022-06-16 00:00:00+00:00
[2022-06-17 22:35:54,837] {processor.py:171} INFO - Processing /home/saba/.local/lib/python3.6/site-packages/airflow/example_dags/example_branch_day_of_week_operator.py took 0.078 seconds
[2022-06-17 22:36:33,393] {processor.py:163} INFO - Started process (PID=5843) to work on /home/saba/.local/lib/python3.6/site-packages/airflow/example_dags/example_branch_day_of_week_operator.py
[2022-06-17 22:36:33,395] {processor.py:642} INFO - Processing file /home/saba/.local/lib/python3.6/site-packages/airflow/example_dags/example_branch_day_of_week_operator.py for tasks to queue
[2022-06-17 22:36:33,396] {logging_mixin.py:109} INFO - [2022-06-17 22:36:33,396] {dagbag.py:500} INFO - Filling up the DagBag from /home/saba/.local/lib/python3.6/site-packages/airflow/example_dags/example_branch_day_of_week_operator.py
[2022-06-17 22:36:33,426] {processor.py:652} INFO - DAG(s) dict_keys(['example_weekday_branch_operator']) retrieved from /home/saba/.local/lib/python3.6/site-packages/airflow/example_dags/example_branch_day_of_week_operator.py
[2022-06-17 22:36:33,453] {logging_mixin.py:109} INFO - [2022-06-17 22:36:33,452] {dag.py:2398} INFO - Sync 1 DAGs
[2022-06-17 22:36:33,486] {logging_mixin.py:109} INFO - [2022-06-17 22:36:33,486] {dag.py:2937} INFO - Setting next_dagrun for example_weekday_branch_operator to 2022-06-16 00:00:00+00:00
[2022-06-17 22:36:33,517] {processor.py:171} INFO - Processing /home/saba/.local/lib/python3.6/site-packages/airflow/example_dags/example_branch_day_of_week_operator.py took 0.127 seconds
[2022-06-17 22:37:17,617] {processor.py:163} INFO - Started process (PID=5897) to work on /home/saba/.local/lib/python3.6/site-packages/airflow/example_dags/example_branch_day_of_week_operator.py
[2022-06-17 22:37:17,622] {processor.py:642} INFO - Processing file /home/saba/.local/lib/python3.6/site-packages/airflow/example_dags/example_branch_day_of_week_operator.py for tasks to queue
[2022-06-17 22:37:17,624] {logging_mixin.py:109} INFO - [2022-06-17 22:37:17,623] {dagbag.py:500} INFO - Filling up the DagBag from /home/saba/.local/lib/python3.6/site-packages/airflow/example_dags/example_branch_day_of_week_operator.py
[2022-06-17 22:37:17,674] {processor.py:652} INFO - DAG(s) dict_keys(['example_weekday_branch_operator']) retrieved from /home/saba/.local/lib/python3.6/site-packages/airflow/example_dags/example_branch_day_of_week_operator.py
[2022-06-17 22:37:17,717] {logging_mixin.py:109} INFO - [2022-06-17 22:37:17,716] {dag.py:2398} INFO - Sync 1 DAGs
[2022-06-17 22:37:17,783] {logging_mixin.py:109} INFO - [2022-06-17 22:37:17,783] {dag.py:2937} INFO - Setting next_dagrun for example_weekday_branch_operator to 2022-06-16 00:00:00+00:00
[2022-06-17 22:37:17,814] {processor.py:171} INFO - Processing /home/saba/.local/lib/python3.6/site-packages/airflow/example_dags/example_branch_day_of_week_operator.py took 0.205 seconds
[2022-06-17 22:38:06,768] {processor.py:163} INFO - Started process (PID=5952) to work on /home/saba/.local/lib/python3.6/site-packages/airflow/example_dags/example_branch_day_of_week_operator.py
[2022-06-17 22:38:06,777] {processor.py:642} INFO - Processing file /home/saba/.local/lib/python3.6/site-packages/airflow/example_dags/example_branch_day_of_week_operator.py for tasks to queue
[2022-06-17 22:38:06,779] {logging_mixin.py:109} INFO - [2022-06-17 22:38:06,779] {dagbag.py:500} INFO - Filling up the DagBag from /home/saba/.local/lib/python3.6/site-packages/airflow/example_dags/example_branch_day_of_week_operator.py
[2022-06-17 22:38:06,839] {processor.py:652} INFO - DAG(s) dict_keys(['example_weekday_branch_operator']) retrieved from /home/saba/.local/lib/python3.6/site-packages/airflow/example_dags/example_branch_day_of_week_operator.py
[2022-06-17 22:38:06,886] {logging_mixin.py:109} INFO - [2022-06-17 22:38:06,885] {dag.py:2398} INFO - Sync 1 DAGs
[2022-06-17 22:38:06,941] {logging_mixin.py:109} INFO - [2022-06-17 22:38:06,940] {dag.py:2937} INFO - Setting next_dagrun for example_weekday_branch_operator to 2022-06-16 00:00:00+00:00
[2022-06-17 22:38:06,974] {processor.py:171} INFO - Processing /home/saba/.local/lib/python3.6/site-packages/airflow/example_dags/example_branch_day_of_week_operator.py took 0.217 seconds
[2022-06-17 22:38:49,034] {processor.py:163} INFO - Started process (PID=6004) to work on /home/saba/.local/lib/python3.6/site-packages/airflow/example_dags/example_branch_day_of_week_operator.py
[2022-06-17 22:38:49,037] {processor.py:642} INFO - Processing file /home/saba/.local/lib/python3.6/site-packages/airflow/example_dags/example_branch_day_of_week_operator.py for tasks to queue
[2022-06-17 22:38:49,038] {logging_mixin.py:109} INFO - [2022-06-17 22:38:49,038] {dagbag.py:500} INFO - Filling up the DagBag from /home/saba/.local/lib/python3.6/site-packages/airflow/example_dags/example_branch_day_of_week_operator.py
[2022-06-17 22:38:49,085] {processor.py:652} INFO - DAG(s) dict_keys(['example_weekday_branch_operator']) retrieved from /home/saba/.local/lib/python3.6/site-packages/airflow/example_dags/example_branch_day_of_week_operator.py
[2022-06-17 22:38:49,122] {logging_mixin.py:109} INFO - [2022-06-17 22:38:49,121] {dag.py:2398} INFO - Sync 1 DAGs
[2022-06-17 22:38:49,172] {logging_mixin.py:109} INFO - [2022-06-17 22:38:49,172] {dag.py:2937} INFO - Setting next_dagrun for example_weekday_branch_operator to 2022-06-16 00:00:00+00:00
[2022-06-17 22:38:49,201] {processor.py:171} INFO - Processing /home/saba/.local/lib/python3.6/site-packages/airflow/example_dags/example_branch_day_of_week_operator.py took 0.176 seconds
[2022-06-17 22:39:34,600] {processor.py:163} INFO - Started process (PID=6386) to work on /home/saba/.local/lib/python3.6/site-packages/airflow/example_dags/example_branch_day_of_week_operator.py
[2022-06-17 22:39:34,610] {processor.py:642} INFO - Processing file /home/saba/.local/lib/python3.6/site-packages/airflow/example_dags/example_branch_day_of_week_operator.py for tasks to queue
[2022-06-17 22:39:34,613] {logging_mixin.py:109} INFO - [2022-06-17 22:39:34,612] {dagbag.py:500} INFO - Filling up the DagBag from /home/saba/.local/lib/python3.6/site-packages/airflow/example_dags/example_branch_day_of_week_operator.py
[2022-06-17 22:39:34,684] {processor.py:652} INFO - DAG(s) dict_keys(['example_weekday_branch_operator']) retrieved from /home/saba/.local/lib/python3.6/site-packages/airflow/example_dags/example_branch_day_of_week_operator.py
[2022-06-17 22:39:34,753] {logging_mixin.py:109} INFO - [2022-06-17 22:39:34,753] {dag.py:2398} INFO - Sync 1 DAGs
[2022-06-17 22:39:34,880] {logging_mixin.py:109} INFO - [2022-06-17 22:39:34,879] {dag.py:2937} INFO - Setting next_dagrun for example_weekday_branch_operator to 2022-06-16 00:00:00+00:00
[2022-06-17 22:39:34,989] {processor.py:171} INFO - Processing /home/saba/.local/lib/python3.6/site-packages/airflow/example_dags/example_branch_day_of_week_operator.py took 0.406 seconds
[2022-06-17 22:40:21,910] {processor.py:163} INFO - Started process (PID=6823) to work on /home/saba/.local/lib/python3.6/site-packages/airflow/example_dags/example_branch_day_of_week_operator.py
[2022-06-17 22:40:21,912] {processor.py:642} INFO - Processing file /home/saba/.local/lib/python3.6/site-packages/airflow/example_dags/example_branch_day_of_week_operator.py for tasks to queue
[2022-06-17 22:40:21,913] {logging_mixin.py:109} INFO - [2022-06-17 22:40:21,912] {dagbag.py:500} INFO - Filling up the DagBag from /home/saba/.local/lib/python3.6/site-packages/airflow/example_dags/example_branch_day_of_week_operator.py
[2022-06-17 22:40:21,931] {processor.py:652} INFO - DAG(s) dict_keys(['example_weekday_branch_operator']) retrieved from /home/saba/.local/lib/python3.6/site-packages/airflow/example_dags/example_branch_day_of_week_operator.py
[2022-06-17 22:40:21,948] {logging_mixin.py:109} INFO - [2022-06-17 22:40:21,948] {dag.py:2398} INFO - Sync 1 DAGs
[2022-06-17 22:40:21,970] {logging_mixin.py:109} INFO - [2022-06-17 22:40:21,969] {dag.py:2937} INFO - Setting next_dagrun for example_weekday_branch_operator to 2022-06-16 00:00:00+00:00
[2022-06-17 22:40:21,986] {processor.py:171} INFO - Processing /home/saba/.local/lib/python3.6/site-packages/airflow/example_dags/example_branch_day_of_week_operator.py took 0.079 seconds
[2022-06-17 22:41:09,233] {processor.py:163} INFO - Started process (PID=6924) to work on /home/saba/.local/lib/python3.6/site-packages/airflow/example_dags/example_branch_day_of_week_operator.py
[2022-06-17 22:41:09,235] {processor.py:642} INFO - Processing file /home/saba/.local/lib/python3.6/site-packages/airflow/example_dags/example_branch_day_of_week_operator.py for tasks to queue
[2022-06-17 22:41:09,235] {logging_mixin.py:109} INFO - [2022-06-17 22:41:09,235] {dagbag.py:500} INFO - Filling up the DagBag from /home/saba/.local/lib/python3.6/site-packages/airflow/example_dags/example_branch_day_of_week_operator.py
[2022-06-17 22:41:09,253] {processor.py:652} INFO - DAG(s) dict_keys(['example_weekday_branch_operator']) retrieved from /home/saba/.local/lib/python3.6/site-packages/airflow/example_dags/example_branch_day_of_week_operator.py
[2022-06-17 22:41:09,268] {logging_mixin.py:109} INFO - [2022-06-17 22:41:09,268] {dag.py:2398} INFO - Sync 1 DAGs
[2022-06-17 22:41:09,288] {logging_mixin.py:109} INFO - [2022-06-17 22:41:09,288] {dag.py:2937} INFO - Setting next_dagrun for example_weekday_branch_operator to 2022-06-16 00:00:00+00:00
[2022-06-17 22:41:09,305] {processor.py:171} INFO - Processing /home/saba/.local/lib/python3.6/site-packages/airflow/example_dags/example_branch_day_of_week_operator.py took 0.075 seconds
[2022-06-17 22:41:47,133] {processor.py:163} INFO - Started process (PID=6986) to work on /home/saba/.local/lib/python3.6/site-packages/airflow/example_dags/example_branch_day_of_week_operator.py
[2022-06-17 22:41:47,135] {processor.py:642} INFO - Processing file /home/saba/.local/lib/python3.6/site-packages/airflow/example_dags/example_branch_day_of_week_operator.py for tasks to queue
[2022-06-17 22:41:47,135] {logging_mixin.py:109} INFO - [2022-06-17 22:41:47,135] {dagbag.py:500} INFO - Filling up the DagBag from /home/saba/.local/lib/python3.6/site-packages/airflow/example_dags/example_branch_day_of_week_operator.py
[2022-06-17 22:41:47,154] {processor.py:652} INFO - DAG(s) dict_keys(['example_weekday_branch_operator']) retrieved from /home/saba/.local/lib/python3.6/site-packages/airflow/example_dags/example_branch_day_of_week_operator.py
[2022-06-17 22:41:47,171] {logging_mixin.py:109} INFO - [2022-06-17 22:41:47,171] {dag.py:2398} INFO - Sync 1 DAGs
[2022-06-17 22:41:47,192] {logging_mixin.py:109} INFO - [2022-06-17 22:41:47,192] {dag.py:2937} INFO - Setting next_dagrun for example_weekday_branch_operator to 2022-06-16 00:00:00+00:00
[2022-06-17 22:41:47,209] {processor.py:171} INFO - Processing /home/saba/.local/lib/python3.6/site-packages/airflow/example_dags/example_branch_day_of_week_operator.py took 0.079 seconds
[2022-06-17 22:42:37,951] {processor.py:163} INFO - Started process (PID=7637) to work on /home/saba/.local/lib/python3.6/site-packages/airflow/example_dags/example_branch_day_of_week_operator.py
[2022-06-17 22:42:37,953] {processor.py:642} INFO - Processing file /home/saba/.local/lib/python3.6/site-packages/airflow/example_dags/example_branch_day_of_week_operator.py for tasks to queue
[2022-06-17 22:42:37,954] {logging_mixin.py:109} INFO - [2022-06-17 22:42:37,954] {dagbag.py:500} INFO - Filling up the DagBag from /home/saba/.local/lib/python3.6/site-packages/airflow/example_dags/example_branch_day_of_week_operator.py
[2022-06-17 22:42:37,977] {processor.py:652} INFO - DAG(s) dict_keys(['example_weekday_branch_operator']) retrieved from /home/saba/.local/lib/python3.6/site-packages/airflow/example_dags/example_branch_day_of_week_operator.py
[2022-06-17 22:42:37,995] {logging_mixin.py:109} INFO - [2022-06-17 22:42:37,995] {dag.py:2398} INFO - Sync 1 DAGs
[2022-06-17 22:42:38,020] {logging_mixin.py:109} INFO - [2022-06-17 22:42:38,019] {dag.py:2937} INFO - Setting next_dagrun for example_weekday_branch_operator to 2022-06-16 00:00:00+00:00
[2022-06-17 22:42:38,039] {processor.py:171} INFO - Processing /home/saba/.local/lib/python3.6/site-packages/airflow/example_dags/example_branch_day_of_week_operator.py took 0.092 seconds
[2022-06-17 22:43:18,853] {processor.py:163} INFO - Started process (PID=8054) to work on /home/saba/.local/lib/python3.6/site-packages/airflow/example_dags/example_branch_day_of_week_operator.py
[2022-06-17 22:43:18,857] {processor.py:642} INFO - Processing file /home/saba/.local/lib/python3.6/site-packages/airflow/example_dags/example_branch_day_of_week_operator.py for tasks to queue
[2022-06-17 22:43:18,859] {logging_mixin.py:109} INFO - [2022-06-17 22:43:18,859] {dagbag.py:500} INFO - Filling up the DagBag from /home/saba/.local/lib/python3.6/site-packages/airflow/example_dags/example_branch_day_of_week_operator.py
[2022-06-17 22:43:18,944] {processor.py:652} INFO - DAG(s) dict_keys(['example_weekday_branch_operator']) retrieved from /home/saba/.local/lib/python3.6/site-packages/airflow/example_dags/example_branch_day_of_week_operator.py
[2022-06-17 22:43:19,006] {logging_mixin.py:109} INFO - [2022-06-17 22:43:19,005] {dag.py:2398} INFO - Sync 1 DAGs
[2022-06-17 22:43:19,164] {logging_mixin.py:109} INFO - [2022-06-17 22:43:19,163] {dag.py:2937} INFO - Setting next_dagrun for example_weekday_branch_operator to 2022-06-16 00:00:00+00:00
[2022-06-17 22:43:19,234] {processor.py:171} INFO - Processing /home/saba/.local/lib/python3.6/site-packages/airflow/example_dags/example_branch_day_of_week_operator.py took 0.395 seconds
[2022-06-17 22:44:03,702] {processor.py:163} INFO - Started process (PID=8403) to work on /home/saba/.local/lib/python3.6/site-packages/airflow/example_dags/example_branch_day_of_week_operator.py
[2022-06-17 22:44:03,705] {processor.py:642} INFO - Processing file /home/saba/.local/lib/python3.6/site-packages/airflow/example_dags/example_branch_day_of_week_operator.py for tasks to queue
[2022-06-17 22:44:03,706] {logging_mixin.py:109} INFO - [2022-06-17 22:44:03,706] {dagbag.py:500} INFO - Filling up the DagBag from /home/saba/.local/lib/python3.6/site-packages/airflow/example_dags/example_branch_day_of_week_operator.py
[2022-06-17 22:44:03,739] {processor.py:652} INFO - DAG(s) dict_keys(['example_weekday_branch_operator']) retrieved from /home/saba/.local/lib/python3.6/site-packages/airflow/example_dags/example_branch_day_of_week_operator.py
[2022-06-17 22:44:03,768] {logging_mixin.py:109} INFO - [2022-06-17 22:44:03,768] {dag.py:2398} INFO - Sync 1 DAGs
[2022-06-17 22:44:03,817] {logging_mixin.py:109} INFO - [2022-06-17 22:44:03,817] {dag.py:2937} INFO - Setting next_dagrun for example_weekday_branch_operator to 2022-06-16 00:00:00+00:00
[2022-06-17 22:44:03,841] {processor.py:171} INFO - Processing /home/saba/.local/lib/python3.6/site-packages/airflow/example_dags/example_branch_day_of_week_operator.py took 0.144 seconds
[2022-06-17 22:45:16,850] {processor.py:163} INFO - Started process (PID=8553) to work on /home/saba/.local/lib/python3.6/site-packages/airflow/example_dags/example_branch_day_of_week_operator.py
[2022-06-17 22:45:16,853] {processor.py:642} INFO - Processing file /home/saba/.local/lib/python3.6/site-packages/airflow/example_dags/example_branch_day_of_week_operator.py for tasks to queue
[2022-06-17 22:45:16,854] {logging_mixin.py:109} INFO - [2022-06-17 22:45:16,854] {dagbag.py:500} INFO - Filling up the DagBag from /home/saba/.local/lib/python3.6/site-packages/airflow/example_dags/example_branch_day_of_week_operator.py
[2022-06-17 22:45:16,881] {processor.py:652} INFO - DAG(s) dict_keys(['example_weekday_branch_operator']) retrieved from /home/saba/.local/lib/python3.6/site-packages/airflow/example_dags/example_branch_day_of_week_operator.py
[2022-06-17 22:45:16,900] {logging_mixin.py:109} INFO - [2022-06-17 22:45:16,899] {dag.py:2398} INFO - Sync 1 DAGs
[2022-06-17 22:45:16,925] {logging_mixin.py:109} INFO - [2022-06-17 22:45:16,925] {dag.py:2937} INFO - Setting next_dagrun for example_weekday_branch_operator to 2022-06-16 00:00:00+00:00
[2022-06-17 22:45:16,945] {processor.py:171} INFO - Processing /home/saba/.local/lib/python3.6/site-packages/airflow/example_dags/example_branch_day_of_week_operator.py took 0.100 seconds
[2022-06-17 22:46:30,943] {processor.py:163} INFO - Started process (PID=9461) to work on /home/saba/.local/lib/python3.6/site-packages/airflow/example_dags/example_branch_day_of_week_operator.py
[2022-06-17 22:46:30,945] {processor.py:642} INFO - Processing file /home/saba/.local/lib/python3.6/site-packages/airflow/example_dags/example_branch_day_of_week_operator.py for tasks to queue
[2022-06-17 22:46:30,945] {logging_mixin.py:109} INFO - [2022-06-17 22:46:30,945] {dagbag.py:500} INFO - Filling up the DagBag from /home/saba/.local/lib/python3.6/site-packages/airflow/example_dags/example_branch_day_of_week_operator.py
[2022-06-17 22:46:30,965] {processor.py:652} INFO - DAG(s) dict_keys(['example_weekday_branch_operator']) retrieved from /home/saba/.local/lib/python3.6/site-packages/airflow/example_dags/example_branch_day_of_week_operator.py
[2022-06-17 22:46:30,981] {logging_mixin.py:109} INFO - [2022-06-17 22:46:30,981] {dag.py:2398} INFO - Sync 1 DAGs
[2022-06-17 22:46:31,002] {logging_mixin.py:109} INFO - [2022-06-17 22:46:31,002] {dag.py:2937} INFO - Setting next_dagrun for example_weekday_branch_operator to 2022-06-16 00:00:00+00:00
[2022-06-17 22:46:31,020] {processor.py:171} INFO - Processing /home/saba/.local/lib/python3.6/site-packages/airflow/example_dags/example_branch_day_of_week_operator.py took 0.080 seconds
[2022-06-17 22:48:24,798] {processor.py:163} INFO - Started process (PID=10412) to work on /home/saba/.local/lib/python3.6/site-packages/airflow/example_dags/example_branch_day_of_week_operator.py
[2022-06-17 22:48:24,802] {processor.py:642} INFO - Processing file /home/saba/.local/lib/python3.6/site-packages/airflow/example_dags/example_branch_day_of_week_operator.py for tasks to queue
[2022-06-17 22:48:24,803] {logging_mixin.py:109} INFO - [2022-06-17 22:48:24,803] {dagbag.py:500} INFO - Filling up the DagBag from /home/saba/.local/lib/python3.6/site-packages/airflow/example_dags/example_branch_day_of_week_operator.py
[2022-06-17 22:48:24,840] {processor.py:652} INFO - DAG(s) dict_keys(['example_weekday_branch_operator']) retrieved from /home/saba/.local/lib/python3.6/site-packages/airflow/example_dags/example_branch_day_of_week_operator.py
[2022-06-17 22:48:24,883] {logging_mixin.py:109} INFO - [2022-06-17 22:48:24,883] {dag.py:2398} INFO - Sync 1 DAGs
[2022-06-17 22:48:24,929] {logging_mixin.py:109} INFO - [2022-06-17 22:48:24,929] {dag.py:2937} INFO - Setting next_dagrun for example_weekday_branch_operator to 2022-06-16 00:00:00+00:00
[2022-06-17 22:48:25,088] {processor.py:171} INFO - Processing /home/saba/.local/lib/python3.6/site-packages/airflow/example_dags/example_branch_day_of_week_operator.py took 0.295 seconds
[2022-06-17 22:49:10,123] {processor.py:163} INFO - Started process (PID=10619) to work on /home/saba/.local/lib/python3.6/site-packages/airflow/example_dags/example_branch_day_of_week_operator.py
[2022-06-17 22:49:10,126] {processor.py:642} INFO - Processing file /home/saba/.local/lib/python3.6/site-packages/airflow/example_dags/example_branch_day_of_week_operator.py for tasks to queue
[2022-06-17 22:49:10,126] {logging_mixin.py:109} INFO - [2022-06-17 22:49:10,126] {dagbag.py:500} INFO - Filling up the DagBag from /home/saba/.local/lib/python3.6/site-packages/airflow/example_dags/example_branch_day_of_week_operator.py
[2022-06-17 22:49:10,154] {processor.py:652} INFO - DAG(s) dict_keys(['example_weekday_branch_operator']) retrieved from /home/saba/.local/lib/python3.6/site-packages/airflow/example_dags/example_branch_day_of_week_operator.py
[2022-06-17 22:49:10,179] {logging_mixin.py:109} INFO - [2022-06-17 22:49:10,179] {dag.py:2398} INFO - Sync 1 DAGs
[2022-06-17 22:49:10,305] {logging_mixin.py:109} INFO - [2022-06-17 22:49:10,305] {dag.py:2937} INFO - Setting next_dagrun for example_weekday_branch_operator to 2022-06-16 00:00:00+00:00
[2022-06-17 22:49:10,326] {processor.py:171} INFO - Processing /home/saba/.local/lib/python3.6/site-packages/airflow/example_dags/example_branch_day_of_week_operator.py took 0.207 seconds
[2022-06-17 22:50:25,228] {processor.py:163} INFO - Started process (PID=11174) to work on /home/saba/.local/lib/python3.6/site-packages/airflow/example_dags/example_branch_day_of_week_operator.py
[2022-06-17 22:50:25,229] {processor.py:642} INFO - Processing file /home/saba/.local/lib/python3.6/site-packages/airflow/example_dags/example_branch_day_of_week_operator.py for tasks to queue
[2022-06-17 22:50:25,230] {logging_mixin.py:109} INFO - [2022-06-17 22:50:25,229] {dagbag.py:500} INFO - Filling up the DagBag from /home/saba/.local/lib/python3.6/site-packages/airflow/example_dags/example_branch_day_of_week_operator.py
[2022-06-17 22:50:25,245] {processor.py:652} INFO - DAG(s) dict_keys(['example_weekday_branch_operator']) retrieved from /home/saba/.local/lib/python3.6/site-packages/airflow/example_dags/example_branch_day_of_week_operator.py
[2022-06-17 22:50:25,259] {logging_mixin.py:109} INFO - [2022-06-17 22:50:25,259] {dag.py:2398} INFO - Sync 1 DAGs
[2022-06-17 22:50:25,337] {logging_mixin.py:109} INFO - [2022-06-17 22:50:25,337] {dag.py:2937} INFO - Setting next_dagrun for example_weekday_branch_operator to 2022-06-16 00:00:00+00:00
[2022-06-17 22:50:25,352] {processor.py:171} INFO - Processing /home/saba/.local/lib/python3.6/site-packages/airflow/example_dags/example_branch_day_of_week_operator.py took 0.128 seconds
[2022-06-17 22:51:07,962] {processor.py:163} INFO - Started process (PID=11372) to work on /home/saba/.local/lib/python3.6/site-packages/airflow/example_dags/example_branch_day_of_week_operator.py
[2022-06-17 22:51:07,964] {processor.py:642} INFO - Processing file /home/saba/.local/lib/python3.6/site-packages/airflow/example_dags/example_branch_day_of_week_operator.py for tasks to queue
[2022-06-17 22:51:07,965] {logging_mixin.py:109} INFO - [2022-06-17 22:51:07,964] {dagbag.py:500} INFO - Filling up the DagBag from /home/saba/.local/lib/python3.6/site-packages/airflow/example_dags/example_branch_day_of_week_operator.py
[2022-06-17 22:51:07,983] {processor.py:652} INFO - DAG(s) dict_keys(['example_weekday_branch_operator']) retrieved from /home/saba/.local/lib/python3.6/site-packages/airflow/example_dags/example_branch_day_of_week_operator.py
[2022-06-17 22:51:07,998] {logging_mixin.py:109} INFO - [2022-06-17 22:51:07,998] {dag.py:2398} INFO - Sync 1 DAGs
[2022-06-17 22:51:08,079] {logging_mixin.py:109} INFO - [2022-06-17 22:51:08,079] {dag.py:2937} INFO - Setting next_dagrun for example_weekday_branch_operator to 2022-06-16 00:00:00+00:00
[2022-06-17 22:51:08,096] {processor.py:171} INFO - Processing /home/saba/.local/lib/python3.6/site-packages/airflow/example_dags/example_branch_day_of_week_operator.py took 0.137 seconds
[2022-06-17 22:52:08,525] {processor.py:163} INFO - Started process (PID=11582) to work on /home/saba/.local/lib/python3.6/site-packages/airflow/example_dags/example_branch_day_of_week_operator.py
[2022-06-17 22:52:08,528] {processor.py:642} INFO - Processing file /home/saba/.local/lib/python3.6/site-packages/airflow/example_dags/example_branch_day_of_week_operator.py for tasks to queue
[2022-06-17 22:52:08,529] {logging_mixin.py:109} INFO - [2022-06-17 22:52:08,529] {dagbag.py:500} INFO - Filling up the DagBag from /home/saba/.local/lib/python3.6/site-packages/airflow/example_dags/example_branch_day_of_week_operator.py
[2022-06-17 22:52:08,553] {processor.py:652} INFO - DAG(s) dict_keys(['example_weekday_branch_operator']) retrieved from /home/saba/.local/lib/python3.6/site-packages/airflow/example_dags/example_branch_day_of_week_operator.py
[2022-06-17 22:52:08,629] {logging_mixin.py:109} INFO - [2022-06-17 22:52:08,629] {dag.py:2398} INFO - Sync 1 DAGs
[2022-06-17 22:52:08,641] {logging_mixin.py:109} INFO - [2022-06-17 22:52:08,641] {dag.py:2937} INFO - Setting next_dagrun for example_weekday_branch_operator to 2022-06-16 00:00:00+00:00
[2022-06-17 22:52:08,658] {processor.py:171} INFO - Processing /home/saba/.local/lib/python3.6/site-packages/airflow/example_dags/example_branch_day_of_week_operator.py took 0.136 seconds
[2022-06-17 22:53:09,213] {processor.py:163} INFO - Started process (PID=11959) to work on /home/saba/.local/lib/python3.6/site-packages/airflow/example_dags/example_branch_day_of_week_operator.py
[2022-06-17 22:53:09,214] {processor.py:642} INFO - Processing file /home/saba/.local/lib/python3.6/site-packages/airflow/example_dags/example_branch_day_of_week_operator.py for tasks to queue
[2022-06-17 22:53:09,215] {logging_mixin.py:109} INFO - [2022-06-17 22:53:09,215] {dagbag.py:500} INFO - Filling up the DagBag from /home/saba/.local/lib/python3.6/site-packages/airflow/example_dags/example_branch_day_of_week_operator.py
[2022-06-17 22:53:09,272] {processor.py:652} INFO - DAG(s) dict_keys(['example_weekday_branch_operator']) retrieved from /home/saba/.local/lib/python3.6/site-packages/airflow/example_dags/example_branch_day_of_week_operator.py
[2022-06-17 22:53:09,280] {logging_mixin.py:109} INFO - [2022-06-17 22:53:09,280] {dag.py:2398} INFO - Sync 1 DAGs
[2022-06-17 22:53:09,290] {logging_mixin.py:109} INFO - [2022-06-17 22:53:09,290] {dag.py:2937} INFO - Setting next_dagrun for example_weekday_branch_operator to 2022-06-16 00:00:00+00:00
[2022-06-17 22:53:09,305] {processor.py:171} INFO - Processing /home/saba/.local/lib/python3.6/site-packages/airflow/example_dags/example_branch_day_of_week_operator.py took 0.094 seconds
[2022-06-17 22:53:55,800] {processor.py:163} INFO - Started process (PID=12529) to work on /home/saba/.local/lib/python3.6/site-packages/airflow/example_dags/example_branch_day_of_week_operator.py
[2022-06-17 22:53:55,802] {processor.py:642} INFO - Processing file /home/saba/.local/lib/python3.6/site-packages/airflow/example_dags/example_branch_day_of_week_operator.py for tasks to queue
[2022-06-17 22:53:55,802] {logging_mixin.py:109} INFO - [2022-06-17 22:53:55,802] {dagbag.py:500} INFO - Filling up the DagBag from /home/saba/.local/lib/python3.6/site-packages/airflow/example_dags/example_branch_day_of_week_operator.py
[2022-06-17 22:53:55,874] {processor.py:652} INFO - DAG(s) dict_keys(['example_weekday_branch_operator']) retrieved from /home/saba/.local/lib/python3.6/site-packages/airflow/example_dags/example_branch_day_of_week_operator.py
[2022-06-17 22:53:55,884] {logging_mixin.py:109} INFO - [2022-06-17 22:53:55,883] {dag.py:2398} INFO - Sync 1 DAGs
[2022-06-17 22:53:55,896] {logging_mixin.py:109} INFO - [2022-06-17 22:53:55,896] {dag.py:2937} INFO - Setting next_dagrun for example_weekday_branch_operator to 2022-06-16 00:00:00+00:00
[2022-06-17 22:53:55,914] {processor.py:171} INFO - Processing /home/saba/.local/lib/python3.6/site-packages/airflow/example_dags/example_branch_day_of_week_operator.py took 0.115 seconds
[2022-06-17 22:54:37,145] {processor.py:163} INFO - Started process (PID=12732) to work on /home/saba/.local/lib/python3.6/site-packages/airflow/example_dags/example_branch_day_of_week_operator.py
[2022-06-17 22:54:37,148] {processor.py:642} INFO - Processing file /home/saba/.local/lib/python3.6/site-packages/airflow/example_dags/example_branch_day_of_week_operator.py for tasks to queue
[2022-06-17 22:54:37,149] {logging_mixin.py:109} INFO - [2022-06-17 22:54:37,149] {dagbag.py:500} INFO - Filling up the DagBag from /home/saba/.local/lib/python3.6/site-packages/airflow/example_dags/example_branch_day_of_week_operator.py
[2022-06-17 22:54:37,255] {processor.py:652} INFO - DAG(s) dict_keys(['example_weekday_branch_operator']) retrieved from /home/saba/.local/lib/python3.6/site-packages/airflow/example_dags/example_branch_day_of_week_operator.py
[2022-06-17 22:54:37,270] {logging_mixin.py:109} INFO - [2022-06-17 22:54:37,270] {dag.py:2398} INFO - Sync 1 DAGs
[2022-06-17 22:54:37,289] {logging_mixin.py:109} INFO - [2022-06-17 22:54:37,289] {dag.py:2937} INFO - Setting next_dagrun for example_weekday_branch_operator to 2022-06-16 00:00:00+00:00
[2022-06-17 22:54:37,307] {processor.py:171} INFO - Processing /home/saba/.local/lib/python3.6/site-packages/airflow/example_dags/example_branch_day_of_week_operator.py took 0.165 seconds
