[2022-06-17 22:07:13,538] {processor.py:163} INFO - Started process (PID=1656) to work on /home/saba/.local/lib/python3.6/site-packages/airflow/example_dags/example_xcomargs.py
[2022-06-17 22:07:13,541] {processor.py:642} INFO - Processing file /home/saba/.local/lib/python3.6/site-packages/airflow/example_dags/example_xcomargs.py for tasks to queue
[2022-06-17 22:07:13,544] {logging_mixin.py:109} INFO - [2022-06-17 22:07:13,543] {dagbag.py:500} INFO - Filling up the DagBag from /home/saba/.local/lib/python3.6/site-packages/airflow/example_dags/example_xcomargs.py
[2022-06-17 22:07:13,645] {processor.py:652} INFO - DAG(s) dict_keys(['example_xcom_args', 'example_xcom_args_with_operators']) retrieved from /home/saba/.local/lib/python3.6/site-packages/airflow/example_dags/example_xcomargs.py
[2022-06-17 22:07:14,790] {logging_mixin.py:109} INFO - [2022-06-17 22:07:14,789] {dag.py:2398} INFO - Sync 2 DAGs
[2022-06-17 22:07:14,914] {logging_mixin.py:109} INFO - [2022-06-17 22:07:14,914] {dag.py:2937} INFO - Setting next_dagrun for example_xcom_args to None
[2022-06-17 22:07:14,917] {logging_mixin.py:109} INFO - [2022-06-17 22:07:14,916] {dag.py:2937} INFO - Setting next_dagrun for example_xcom_args_with_operators to None
[2022-06-17 22:07:14,984] {processor.py:171} INFO - Processing /home/saba/.local/lib/python3.6/site-packages/airflow/example_dags/example_xcomargs.py took 1.459 seconds
[2022-06-17 22:08:08,598] {processor.py:163} INFO - Started process (PID=1904) to work on /home/saba/.local/lib/python3.6/site-packages/airflow/example_dags/example_xcomargs.py
[2022-06-17 22:08:08,602] {processor.py:642} INFO - Processing file /home/saba/.local/lib/python3.6/site-packages/airflow/example_dags/example_xcomargs.py for tasks to queue
[2022-06-17 22:08:08,603] {logging_mixin.py:109} INFO - [2022-06-17 22:08:08,603] {dagbag.py:500} INFO - Filling up the DagBag from /home/saba/.local/lib/python3.6/site-packages/airflow/example_dags/example_xcomargs.py
[2022-06-17 22:08:08,668] {processor.py:652} INFO - DAG(s) dict_keys(['example_xcom_args', 'example_xcom_args_with_operators']) retrieved from /home/saba/.local/lib/python3.6/site-packages/airflow/example_dags/example_xcomargs.py
[2022-06-17 22:08:09,573] {logging_mixin.py:109} INFO - [2022-06-17 22:08:09,573] {dag.py:2398} INFO - Sync 2 DAGs
[2022-06-17 22:08:09,610] {logging_mixin.py:109} INFO - [2022-06-17 22:08:09,610] {dag.py:2937} INFO - Setting next_dagrun for example_xcom_args to None
[2022-06-17 22:08:09,611] {logging_mixin.py:109} INFO - [2022-06-17 22:08:09,611] {dag.py:2937} INFO - Setting next_dagrun for example_xcom_args_with_operators to None
[2022-06-17 22:08:09,645] {processor.py:171} INFO - Processing /home/saba/.local/lib/python3.6/site-packages/airflow/example_dags/example_xcomargs.py took 1.053 seconds
[2022-06-17 22:08:55,394] {processor.py:163} INFO - Started process (PID=2126) to work on /home/saba/.local/lib/python3.6/site-packages/airflow/example_dags/example_xcomargs.py
[2022-06-17 22:08:55,397] {processor.py:642} INFO - Processing file /home/saba/.local/lib/python3.6/site-packages/airflow/example_dags/example_xcomargs.py for tasks to queue
[2022-06-17 22:08:55,399] {logging_mixin.py:109} INFO - [2022-06-17 22:08:55,398] {dagbag.py:500} INFO - Filling up the DagBag from /home/saba/.local/lib/python3.6/site-packages/airflow/example_dags/example_xcomargs.py
[2022-06-17 22:08:55,475] {processor.py:652} INFO - DAG(s) dict_keys(['example_xcom_args', 'example_xcom_args_with_operators']) retrieved from /home/saba/.local/lib/python3.6/site-packages/airflow/example_dags/example_xcomargs.py
[2022-06-17 22:08:56,322] {logging_mixin.py:109} INFO - [2022-06-17 22:08:56,322] {dag.py:2398} INFO - Sync 2 DAGs
[2022-06-17 22:08:56,365] {logging_mixin.py:109} INFO - [2022-06-17 22:08:56,365] {dag.py:2937} INFO - Setting next_dagrun for example_xcom_args to None
[2022-06-17 22:08:56,366] {logging_mixin.py:109} INFO - [2022-06-17 22:08:56,366] {dag.py:2937} INFO - Setting next_dagrun for example_xcom_args_with_operators to None
[2022-06-17 22:08:56,401] {processor.py:171} INFO - Processing /home/saba/.local/lib/python3.6/site-packages/airflow/example_dags/example_xcomargs.py took 1.014 seconds
[2022-06-17 22:09:58,588] {processor.py:163} INFO - Started process (PID=2410) to work on /home/saba/.local/lib/python3.6/site-packages/airflow/example_dags/example_xcomargs.py
[2022-06-17 22:09:58,593] {processor.py:642} INFO - Processing file /home/saba/.local/lib/python3.6/site-packages/airflow/example_dags/example_xcomargs.py for tasks to queue
[2022-06-17 22:09:58,596] {logging_mixin.py:109} INFO - [2022-06-17 22:09:58,596] {dagbag.py:500} INFO - Filling up the DagBag from /home/saba/.local/lib/python3.6/site-packages/airflow/example_dags/example_xcomargs.py
[2022-06-17 22:09:58,755] {processor.py:652} INFO - DAG(s) dict_keys(['example_xcom_args', 'example_xcom_args_with_operators']) retrieved from /home/saba/.local/lib/python3.6/site-packages/airflow/example_dags/example_xcomargs.py
[2022-06-17 22:09:59,912] {logging_mixin.py:109} INFO - [2022-06-17 22:09:59,912] {dag.py:2398} INFO - Sync 2 DAGs
[2022-06-17 22:09:59,958] {logging_mixin.py:109} INFO - [2022-06-17 22:09:59,958] {dag.py:2937} INFO - Setting next_dagrun for example_xcom_args to None
[2022-06-17 22:09:59,959] {logging_mixin.py:109} INFO - [2022-06-17 22:09:59,959] {dag.py:2937} INFO - Setting next_dagrun for example_xcom_args_with_operators to None
[2022-06-17 22:10:00,006] {processor.py:171} INFO - Processing /home/saba/.local/lib/python3.6/site-packages/airflow/example_dags/example_xcomargs.py took 1.432 seconds
[2022-06-17 22:18:10,479] {processor.py:163} INFO - Started process (PID=170) to work on /home/saba/.local/lib/python3.6/site-packages/airflow/example_dags/example_xcomargs.py
[2022-06-17 22:18:10,484] {processor.py:642} INFO - Processing file /home/saba/.local/lib/python3.6/site-packages/airflow/example_dags/example_xcomargs.py for tasks to queue
[2022-06-17 22:18:10,487] {logging_mixin.py:109} INFO - [2022-06-17 22:18:10,486] {dagbag.py:500} INFO - Filling up the DagBag from /home/saba/.local/lib/python3.6/site-packages/airflow/example_dags/example_xcomargs.py
[2022-06-17 22:18:10,565] {processor.py:652} INFO - DAG(s) dict_keys(['example_xcom_args', 'example_xcom_args_with_operators']) retrieved from /home/saba/.local/lib/python3.6/site-packages/airflow/example_dags/example_xcomargs.py
[2022-06-17 22:18:10,603] {logging_mixin.py:109} INFO - [2022-06-17 22:18:10,603] {dag.py:2398} INFO - Sync 2 DAGs
[2022-06-17 22:18:10,644] {logging_mixin.py:109} INFO - [2022-06-17 22:18:10,644] {dag.py:2937} INFO - Setting next_dagrun for example_xcom_args to None
[2022-06-17 22:18:10,645] {logging_mixin.py:109} INFO - [2022-06-17 22:18:10,644] {dag.py:2937} INFO - Setting next_dagrun for example_xcom_args_with_operators to None
[2022-06-17 22:18:10,676] {processor.py:171} INFO - Processing /home/saba/.local/lib/python3.6/site-packages/airflow/example_dags/example_xcomargs.py took 0.210 seconds
[2022-06-17 22:18:56,675] {processor.py:163} INFO - Started process (PID=265) to work on /home/saba/.local/lib/python3.6/site-packages/airflow/example_dags/example_xcomargs.py
[2022-06-17 22:18:56,678] {processor.py:642} INFO - Processing file /home/saba/.local/lib/python3.6/site-packages/airflow/example_dags/example_xcomargs.py for tasks to queue
[2022-06-17 22:18:56,680] {logging_mixin.py:109} INFO - [2022-06-17 22:18:56,679] {dagbag.py:500} INFO - Filling up the DagBag from /home/saba/.local/lib/python3.6/site-packages/airflow/example_dags/example_xcomargs.py
[2022-06-17 22:18:56,759] {processor.py:652} INFO - DAG(s) dict_keys(['example_xcom_args', 'example_xcom_args_with_operators']) retrieved from /home/saba/.local/lib/python3.6/site-packages/airflow/example_dags/example_xcomargs.py
[2022-06-17 22:18:58,099] {logging_mixin.py:109} INFO - [2022-06-17 22:18:58,098] {dag.py:2398} INFO - Sync 2 DAGs
[2022-06-17 22:18:58,178] {logging_mixin.py:109} INFO - [2022-06-17 22:18:58,178] {dag.py:2937} INFO - Setting next_dagrun for example_xcom_args to None
[2022-06-17 22:18:58,180] {logging_mixin.py:109} INFO - [2022-06-17 22:18:58,180] {dag.py:2937} INFO - Setting next_dagrun for example_xcom_args_with_operators to None
[2022-06-17 22:18:58,244] {processor.py:171} INFO - Processing /home/saba/.local/lib/python3.6/site-packages/airflow/example_dags/example_xcomargs.py took 1.577 seconds
[2022-06-17 22:19:49,887] {processor.py:163} INFO - Started process (PID=3498) to work on /home/saba/.local/lib/python3.6/site-packages/airflow/example_dags/example_xcomargs.py
[2022-06-17 22:19:49,891] {processor.py:642} INFO - Processing file /home/saba/.local/lib/python3.6/site-packages/airflow/example_dags/example_xcomargs.py for tasks to queue
[2022-06-17 22:19:49,893] {logging_mixin.py:109} INFO - [2022-06-17 22:19:49,893] {dagbag.py:500} INFO - Filling up the DagBag from /home/saba/.local/lib/python3.6/site-packages/airflow/example_dags/example_xcomargs.py
[2022-06-17 22:19:49,950] {processor.py:652} INFO - DAG(s) dict_keys(['example_xcom_args', 'example_xcom_args_with_operators']) retrieved from /home/saba/.local/lib/python3.6/site-packages/airflow/example_dags/example_xcomargs.py
[2022-06-17 22:19:50,453] {logging_mixin.py:109} INFO - [2022-06-17 22:19:50,453] {dag.py:2398} INFO - Sync 2 DAGs
[2022-06-17 22:19:50,474] {logging_mixin.py:109} INFO - [2022-06-17 22:19:50,474] {dag.py:2937} INFO - Setting next_dagrun for example_xcom_args to None
[2022-06-17 22:19:50,475] {logging_mixin.py:109} INFO - [2022-06-17 22:19:50,475] {dag.py:2937} INFO - Setting next_dagrun for example_xcom_args_with_operators to None
[2022-06-17 22:19:50,503] {processor.py:171} INFO - Processing /home/saba/.local/lib/python3.6/site-packages/airflow/example_dags/example_xcomargs.py took 0.621 seconds
[2022-06-17 22:20:28,322] {processor.py:163} INFO - Started process (PID=3552) to work on /home/saba/.local/lib/python3.6/site-packages/airflow/example_dags/example_xcomargs.py
[2022-06-17 22:20:28,324] {processor.py:642} INFO - Processing file /home/saba/.local/lib/python3.6/site-packages/airflow/example_dags/example_xcomargs.py for tasks to queue
[2022-06-17 22:20:28,325] {logging_mixin.py:109} INFO - [2022-06-17 22:20:28,325] {dagbag.py:500} INFO - Filling up the DagBag from /home/saba/.local/lib/python3.6/site-packages/airflow/example_dags/example_xcomargs.py
[2022-06-17 22:20:28,362] {processor.py:652} INFO - DAG(s) dict_keys(['example_xcom_args', 'example_xcom_args_with_operators']) retrieved from /home/saba/.local/lib/python3.6/site-packages/airflow/example_dags/example_xcomargs.py
[2022-06-17 22:20:28,753] {logging_mixin.py:109} INFO - [2022-06-17 22:20:28,753] {dag.py:2398} INFO - Sync 2 DAGs
[2022-06-17 22:20:28,770] {logging_mixin.py:109} INFO - [2022-06-17 22:20:28,770] {dag.py:2937} INFO - Setting next_dagrun for example_xcom_args to None
[2022-06-17 22:20:28,771] {logging_mixin.py:109} INFO - [2022-06-17 22:20:28,771] {dag.py:2937} INFO - Setting next_dagrun for example_xcom_args_with_operators to None
[2022-06-17 22:20:28,791] {processor.py:171} INFO - Processing /home/saba/.local/lib/python3.6/site-packages/airflow/example_dags/example_xcomargs.py took 0.472 seconds
[2022-06-17 22:21:05,482] {processor.py:163} INFO - Started process (PID=3604) to work on /home/saba/.local/lib/python3.6/site-packages/airflow/example_dags/example_xcomargs.py
[2022-06-17 22:21:05,484] {processor.py:642} INFO - Processing file /home/saba/.local/lib/python3.6/site-packages/airflow/example_dags/example_xcomargs.py for tasks to queue
[2022-06-17 22:21:05,485] {logging_mixin.py:109} INFO - [2022-06-17 22:21:05,485] {dagbag.py:500} INFO - Filling up the DagBag from /home/saba/.local/lib/python3.6/site-packages/airflow/example_dags/example_xcomargs.py
[2022-06-17 22:21:05,523] {processor.py:652} INFO - DAG(s) dict_keys(['example_xcom_args', 'example_xcom_args_with_operators']) retrieved from /home/saba/.local/lib/python3.6/site-packages/airflow/example_dags/example_xcomargs.py
[2022-06-17 22:21:05,903] {logging_mixin.py:109} INFO - [2022-06-17 22:21:05,902] {dag.py:2398} INFO - Sync 2 DAGs
[2022-06-17 22:21:05,921] {logging_mixin.py:109} INFO - [2022-06-17 22:21:05,921] {dag.py:2937} INFO - Setting next_dagrun for example_xcom_args to None
[2022-06-17 22:21:05,922] {logging_mixin.py:109} INFO - [2022-06-17 22:21:05,922] {dag.py:2937} INFO - Setting next_dagrun for example_xcom_args_with_operators to None
[2022-06-17 22:21:05,941] {processor.py:171} INFO - Processing /home/saba/.local/lib/python3.6/site-packages/airflow/example_dags/example_xcomargs.py took 0.462 seconds
[2022-06-17 22:21:42,531] {processor.py:163} INFO - Started process (PID=3666) to work on /home/saba/.local/lib/python3.6/site-packages/airflow/example_dags/example_xcomargs.py
[2022-06-17 22:21:42,533] {processor.py:642} INFO - Processing file /home/saba/.local/lib/python3.6/site-packages/airflow/example_dags/example_xcomargs.py for tasks to queue
[2022-06-17 22:21:42,534] {logging_mixin.py:109} INFO - [2022-06-17 22:21:42,533] {dagbag.py:500} INFO - Filling up the DagBag from /home/saba/.local/lib/python3.6/site-packages/airflow/example_dags/example_xcomargs.py
[2022-06-17 22:21:42,578] {processor.py:652} INFO - DAG(s) dict_keys(['example_xcom_args', 'example_xcom_args_with_operators']) retrieved from /home/saba/.local/lib/python3.6/site-packages/airflow/example_dags/example_xcomargs.py
[2022-06-17 22:21:42,982] {logging_mixin.py:109} INFO - [2022-06-17 22:21:42,982] {dag.py:2398} INFO - Sync 2 DAGs
[2022-06-17 22:21:42,999] {logging_mixin.py:109} INFO - [2022-06-17 22:21:42,999] {dag.py:2937} INFO - Setting next_dagrun for example_xcom_args to None
[2022-06-17 22:21:43,000] {logging_mixin.py:109} INFO - [2022-06-17 22:21:43,000] {dag.py:2937} INFO - Setting next_dagrun for example_xcom_args_with_operators to None
[2022-06-17 22:21:43,019] {processor.py:171} INFO - Processing /home/saba/.local/lib/python3.6/site-packages/airflow/example_dags/example_xcomargs.py took 0.492 seconds
[2022-06-17 22:22:17,569] {processor.py:163} INFO - Started process (PID=3724) to work on /home/saba/.local/lib/python3.6/site-packages/airflow/example_dags/example_xcomargs.py
[2022-06-17 22:22:17,572] {processor.py:642} INFO - Processing file /home/saba/.local/lib/python3.6/site-packages/airflow/example_dags/example_xcomargs.py for tasks to queue
[2022-06-17 22:22:17,573] {logging_mixin.py:109} INFO - [2022-06-17 22:22:17,573] {dagbag.py:500} INFO - Filling up the DagBag from /home/saba/.local/lib/python3.6/site-packages/airflow/example_dags/example_xcomargs.py
[2022-06-17 22:22:17,619] {processor.py:652} INFO - DAG(s) dict_keys(['example_xcom_args', 'example_xcom_args_with_operators']) retrieved from /home/saba/.local/lib/python3.6/site-packages/airflow/example_dags/example_xcomargs.py
[2022-06-17 22:22:18,109] {logging_mixin.py:109} INFO - [2022-06-17 22:22:18,109] {dag.py:2398} INFO - Sync 2 DAGs
[2022-06-17 22:22:18,133] {logging_mixin.py:109} INFO - [2022-06-17 22:22:18,133] {dag.py:2937} INFO - Setting next_dagrun for example_xcom_args to None
[2022-06-17 22:22:18,134] {logging_mixin.py:109} INFO - [2022-06-17 22:22:18,133] {dag.py:2937} INFO - Setting next_dagrun for example_xcom_args_with_operators to None
[2022-06-17 22:22:18,160] {processor.py:171} INFO - Processing /home/saba/.local/lib/python3.6/site-packages/airflow/example_dags/example_xcomargs.py took 0.596 seconds
[2022-06-17 22:22:54,902] {processor.py:163} INFO - Started process (PID=3775) to work on /home/saba/.local/lib/python3.6/site-packages/airflow/example_dags/example_xcomargs.py
[2022-06-17 22:22:54,903] {processor.py:642} INFO - Processing file /home/saba/.local/lib/python3.6/site-packages/airflow/example_dags/example_xcomargs.py for tasks to queue
[2022-06-17 22:22:54,904] {logging_mixin.py:109} INFO - [2022-06-17 22:22:54,904] {dagbag.py:500} INFO - Filling up the DagBag from /home/saba/.local/lib/python3.6/site-packages/airflow/example_dags/example_xcomargs.py
[2022-06-17 22:22:54,936] {processor.py:652} INFO - DAG(s) dict_keys(['example_xcom_args', 'example_xcom_args_with_operators']) retrieved from /home/saba/.local/lib/python3.6/site-packages/airflow/example_dags/example_xcomargs.py
[2022-06-17 22:22:55,390] {logging_mixin.py:109} INFO - [2022-06-17 22:22:55,389] {dag.py:2398} INFO - Sync 2 DAGs
[2022-06-17 22:22:55,422] {logging_mixin.py:109} INFO - [2022-06-17 22:22:55,422] {dag.py:2937} INFO - Setting next_dagrun for example_xcom_args to None
[2022-06-17 22:22:55,423] {logging_mixin.py:109} INFO - [2022-06-17 22:22:55,423] {dag.py:2937} INFO - Setting next_dagrun for example_xcom_args_with_operators to None
[2022-06-17 22:22:55,454] {processor.py:171} INFO - Processing /home/saba/.local/lib/python3.6/site-packages/airflow/example_dags/example_xcomargs.py took 0.556 seconds
[2022-06-17 22:23:30,287] {processor.py:163} INFO - Started process (PID=3828) to work on /home/saba/.local/lib/python3.6/site-packages/airflow/example_dags/example_xcomargs.py
[2022-06-17 22:23:30,290] {processor.py:642} INFO - Processing file /home/saba/.local/lib/python3.6/site-packages/airflow/example_dags/example_xcomargs.py for tasks to queue
[2022-06-17 22:23:30,291] {logging_mixin.py:109} INFO - [2022-06-17 22:23:30,290] {dagbag.py:500} INFO - Filling up the DagBag from /home/saba/.local/lib/python3.6/site-packages/airflow/example_dags/example_xcomargs.py
[2022-06-17 22:23:30,330] {processor.py:652} INFO - DAG(s) dict_keys(['example_xcom_args', 'example_xcom_args_with_operators']) retrieved from /home/saba/.local/lib/python3.6/site-packages/airflow/example_dags/example_xcomargs.py
[2022-06-17 22:23:30,755] {logging_mixin.py:109} INFO - [2022-06-17 22:23:30,755] {dag.py:2398} INFO - Sync 2 DAGs
[2022-06-17 22:23:30,774] {logging_mixin.py:109} INFO - [2022-06-17 22:23:30,774] {dag.py:2937} INFO - Setting next_dagrun for example_xcom_args to None
[2022-06-17 22:23:30,775] {logging_mixin.py:109} INFO - [2022-06-17 22:23:30,774] {dag.py:2937} INFO - Setting next_dagrun for example_xcom_args_with_operators to None
[2022-06-17 22:23:30,797] {processor.py:171} INFO - Processing /home/saba/.local/lib/python3.6/site-packages/airflow/example_dags/example_xcomargs.py took 0.514 seconds
[2022-06-17 22:24:08,336] {processor.py:163} INFO - Started process (PID=3939) to work on /home/saba/.local/lib/python3.6/site-packages/airflow/example_dags/example_xcomargs.py
[2022-06-17 22:24:08,338] {processor.py:642} INFO - Processing file /home/saba/.local/lib/python3.6/site-packages/airflow/example_dags/example_xcomargs.py for tasks to queue
[2022-06-17 22:24:08,339] {logging_mixin.py:109} INFO - [2022-06-17 22:24:08,338] {dagbag.py:500} INFO - Filling up the DagBag from /home/saba/.local/lib/python3.6/site-packages/airflow/example_dags/example_xcomargs.py
[2022-06-17 22:24:08,373] {processor.py:652} INFO - DAG(s) dict_keys(['example_xcom_args', 'example_xcom_args_with_operators']) retrieved from /home/saba/.local/lib/python3.6/site-packages/airflow/example_dags/example_xcomargs.py
[2022-06-17 22:24:08,808] {logging_mixin.py:109} INFO - [2022-06-17 22:24:08,808] {dag.py:2398} INFO - Sync 2 DAGs
[2022-06-17 22:24:08,826] {logging_mixin.py:109} INFO - [2022-06-17 22:24:08,826] {dag.py:2937} INFO - Setting next_dagrun for example_xcom_args to None
[2022-06-17 22:24:08,826] {logging_mixin.py:109} INFO - [2022-06-17 22:24:08,826] {dag.py:2937} INFO - Setting next_dagrun for example_xcom_args_with_operators to None
[2022-06-17 22:24:08,847] {processor.py:171} INFO - Processing /home/saba/.local/lib/python3.6/site-packages/airflow/example_dags/example_xcomargs.py took 0.515 seconds
[2022-06-17 22:24:43,848] {processor.py:163} INFO - Started process (PID=3993) to work on /home/saba/.local/lib/python3.6/site-packages/airflow/example_dags/example_xcomargs.py
[2022-06-17 22:24:43,850] {processor.py:642} INFO - Processing file /home/saba/.local/lib/python3.6/site-packages/airflow/example_dags/example_xcomargs.py for tasks to queue
[2022-06-17 22:24:43,851] {logging_mixin.py:109} INFO - [2022-06-17 22:24:43,851] {dagbag.py:500} INFO - Filling up the DagBag from /home/saba/.local/lib/python3.6/site-packages/airflow/example_dags/example_xcomargs.py
[2022-06-17 22:24:43,887] {processor.py:652} INFO - DAG(s) dict_keys(['example_xcom_args', 'example_xcom_args_with_operators']) retrieved from /home/saba/.local/lib/python3.6/site-packages/airflow/example_dags/example_xcomargs.py
[2022-06-17 22:24:44,246] {logging_mixin.py:109} INFO - [2022-06-17 22:24:44,246] {dag.py:2398} INFO - Sync 2 DAGs
[2022-06-17 22:24:44,262] {logging_mixin.py:109} INFO - [2022-06-17 22:24:44,262] {dag.py:2937} INFO - Setting next_dagrun for example_xcom_args to None
[2022-06-17 22:24:44,263] {logging_mixin.py:109} INFO - [2022-06-17 22:24:44,263] {dag.py:2937} INFO - Setting next_dagrun for example_xcom_args_with_operators to None
[2022-06-17 22:24:44,283] {processor.py:171} INFO - Processing /home/saba/.local/lib/python3.6/site-packages/airflow/example_dags/example_xcomargs.py took 0.439 seconds
[2022-06-17 22:25:28,762] {processor.py:163} INFO - Started process (PID=4046) to work on /home/saba/.local/lib/python3.6/site-packages/airflow/example_dags/example_xcomargs.py
[2022-06-17 22:25:28,766] {processor.py:642} INFO - Processing file /home/saba/.local/lib/python3.6/site-packages/airflow/example_dags/example_xcomargs.py for tasks to queue
[2022-06-17 22:25:28,769] {logging_mixin.py:109} INFO - [2022-06-17 22:25:28,768] {dagbag.py:500} INFO - Filling up the DagBag from /home/saba/.local/lib/python3.6/site-packages/airflow/example_dags/example_xcomargs.py
[2022-06-17 22:25:28,896] {processor.py:652} INFO - DAG(s) dict_keys(['example_xcom_args', 'example_xcom_args_with_operators']) retrieved from /home/saba/.local/lib/python3.6/site-packages/airflow/example_dags/example_xcomargs.py
[2022-06-17 22:25:30,328] {logging_mixin.py:109} INFO - [2022-06-17 22:25:30,327] {dag.py:2398} INFO - Sync 2 DAGs
[2022-06-17 22:25:30,390] {logging_mixin.py:109} INFO - [2022-06-17 22:25:30,389] {dag.py:2937} INFO - Setting next_dagrun for example_xcom_args to None
[2022-06-17 22:25:30,391] {logging_mixin.py:109} INFO - [2022-06-17 22:25:30,391] {dag.py:2937} INFO - Setting next_dagrun for example_xcom_args_with_operators to None
[2022-06-17 22:25:30,461] {processor.py:171} INFO - Processing /home/saba/.local/lib/python3.6/site-packages/airflow/example_dags/example_xcomargs.py took 1.709 seconds
[2022-06-17 22:26:24,181] {processor.py:163} INFO - Started process (PID=4407) to work on /home/saba/.local/lib/python3.6/site-packages/airflow/example_dags/example_xcomargs.py
[2022-06-17 22:26:24,186] {processor.py:642} INFO - Processing file /home/saba/.local/lib/python3.6/site-packages/airflow/example_dags/example_xcomargs.py for tasks to queue
[2022-06-17 22:26:24,189] {logging_mixin.py:109} INFO - [2022-06-17 22:26:24,188] {dagbag.py:500} INFO - Filling up the DagBag from /home/saba/.local/lib/python3.6/site-packages/airflow/example_dags/example_xcomargs.py
[2022-06-17 22:26:24,292] {processor.py:652} INFO - DAG(s) dict_keys(['example_xcom_args', 'example_xcom_args_with_operators']) retrieved from /home/saba/.local/lib/python3.6/site-packages/airflow/example_dags/example_xcomargs.py
[2022-06-17 22:26:25,197] {logging_mixin.py:109} INFO - [2022-06-17 22:26:25,197] {dag.py:2398} INFO - Sync 2 DAGs
[2022-06-17 22:26:25,235] {logging_mixin.py:109} INFO - [2022-06-17 22:26:25,235] {dag.py:2937} INFO - Setting next_dagrun for example_xcom_args to None
[2022-06-17 22:26:25,235] {logging_mixin.py:109} INFO - [2022-06-17 22:26:25,235] {dag.py:2937} INFO - Setting next_dagrun for example_xcom_args_with_operators to None
[2022-06-17 22:26:25,271] {processor.py:171} INFO - Processing /home/saba/.local/lib/python3.6/site-packages/airflow/example_dags/example_xcomargs.py took 1.099 seconds
[2022-06-17 22:27:18,869] {processor.py:163} INFO - Started process (PID=4489) to work on /home/saba/.local/lib/python3.6/site-packages/airflow/example_dags/example_xcomargs.py
[2022-06-17 22:27:18,873] {processor.py:642} INFO - Processing file /home/saba/.local/lib/python3.6/site-packages/airflow/example_dags/example_xcomargs.py for tasks to queue
[2022-06-17 22:27:18,875] {logging_mixin.py:109} INFO - [2022-06-17 22:27:18,875] {dagbag.py:500} INFO - Filling up the DagBag from /home/saba/.local/lib/python3.6/site-packages/airflow/example_dags/example_xcomargs.py
[2022-06-17 22:27:18,980] {processor.py:652} INFO - DAG(s) dict_keys(['example_xcom_args', 'example_xcom_args_with_operators']) retrieved from /home/saba/.local/lib/python3.6/site-packages/airflow/example_dags/example_xcomargs.py
[2022-06-17 22:27:19,110] {logging_mixin.py:109} INFO - [2022-06-17 22:27:19,109] {dag.py:2398} INFO - Sync 2 DAGs
[2022-06-17 22:27:19,259] {logging_mixin.py:109} INFO - [2022-06-17 22:27:19,259] {dag.py:2937} INFO - Setting next_dagrun for example_xcom_args to None
[2022-06-17 22:27:19,273] {logging_mixin.py:109} INFO - [2022-06-17 22:27:19,272] {dag.py:2937} INFO - Setting next_dagrun for example_xcom_args_with_operators to None
[2022-06-17 22:27:19,359] {processor.py:171} INFO - Processing /home/saba/.local/lib/python3.6/site-packages/airflow/example_dags/example_xcomargs.py took 0.502 seconds
[2022-06-17 22:28:21,831] {processor.py:163} INFO - Started process (PID=4564) to work on /home/saba/.local/lib/python3.6/site-packages/airflow/example_dags/example_xcomargs.py
[2022-06-17 22:28:21,836] {processor.py:642} INFO - Processing file /home/saba/.local/lib/python3.6/site-packages/airflow/example_dags/example_xcomargs.py for tasks to queue
[2022-06-17 22:28:21,838] {logging_mixin.py:109} INFO - [2022-06-17 22:28:21,838] {dagbag.py:500} INFO - Filling up the DagBag from /home/saba/.local/lib/python3.6/site-packages/airflow/example_dags/example_xcomargs.py
[2022-06-17 22:28:21,993] {processor.py:652} INFO - DAG(s) dict_keys(['example_xcom_args', 'example_xcom_args_with_operators']) retrieved from /home/saba/.local/lib/python3.6/site-packages/airflow/example_dags/example_xcomargs.py
[2022-06-17 22:28:23,879] {logging_mixin.py:109} INFO - [2022-06-17 22:28:23,879] {dag.py:2398} INFO - Sync 2 DAGs
[2022-06-17 22:28:23,948] {logging_mixin.py:109} INFO - [2022-06-17 22:28:23,948] {dag.py:2937} INFO - Setting next_dagrun for example_xcom_args to None
[2022-06-17 22:28:23,950] {logging_mixin.py:109} INFO - [2022-06-17 22:28:23,950] {dag.py:2937} INFO - Setting next_dagrun for example_xcom_args_with_operators to None
[2022-06-17 22:28:23,993] {processor.py:171} INFO - Processing /home/saba/.local/lib/python3.6/site-packages/airflow/example_dags/example_xcomargs.py took 2.182 seconds
[2022-06-17 22:29:22,050] {processor.py:163} INFO - Started process (PID=4621) to work on /home/saba/.local/lib/python3.6/site-packages/airflow/example_dags/example_xcomargs.py
[2022-06-17 22:29:22,056] {processor.py:642} INFO - Processing file /home/saba/.local/lib/python3.6/site-packages/airflow/example_dags/example_xcomargs.py for tasks to queue
[2022-06-17 22:29:22,060] {logging_mixin.py:109} INFO - [2022-06-17 22:29:22,059] {dagbag.py:500} INFO - Filling up the DagBag from /home/saba/.local/lib/python3.6/site-packages/airflow/example_dags/example_xcomargs.py
[2022-06-17 22:29:22,197] {processor.py:652} INFO - DAG(s) dict_keys(['example_xcom_args', 'example_xcom_args_with_operators']) retrieved from /home/saba/.local/lib/python3.6/site-packages/airflow/example_dags/example_xcomargs.py
[2022-06-17 22:29:25,285] {logging_mixin.py:109} INFO - [2022-06-17 22:29:25,285] {dag.py:2398} INFO - Sync 2 DAGs
[2022-06-17 22:29:25,470] {logging_mixin.py:109} INFO - [2022-06-17 22:29:25,469] {dag.py:2937} INFO - Setting next_dagrun for example_xcom_args to None
[2022-06-17 22:29:25,472] {logging_mixin.py:109} INFO - [2022-06-17 22:29:25,471] {dag.py:2937} INFO - Setting next_dagrun for example_xcom_args_with_operators to None
[2022-06-17 22:29:25,575] {processor.py:171} INFO - Processing /home/saba/.local/lib/python3.6/site-packages/airflow/example_dags/example_xcomargs.py took 3.542 seconds
[2022-06-17 22:30:23,320] {processor.py:163} INFO - Started process (PID=4967) to work on /home/saba/.local/lib/python3.6/site-packages/airflow/example_dags/example_xcomargs.py
[2022-06-17 22:30:23,325] {processor.py:642} INFO - Processing file /home/saba/.local/lib/python3.6/site-packages/airflow/example_dags/example_xcomargs.py for tasks to queue
[2022-06-17 22:30:23,327] {logging_mixin.py:109} INFO - [2022-06-17 22:30:23,327] {dagbag.py:500} INFO - Filling up the DagBag from /home/saba/.local/lib/python3.6/site-packages/airflow/example_dags/example_xcomargs.py
[2022-06-17 22:30:23,428] {processor.py:652} INFO - DAG(s) dict_keys(['example_xcom_args', 'example_xcom_args_with_operators']) retrieved from /home/saba/.local/lib/python3.6/site-packages/airflow/example_dags/example_xcomargs.py
[2022-06-17 22:30:24,573] {logging_mixin.py:109} INFO - [2022-06-17 22:30:24,572] {dag.py:2398} INFO - Sync 2 DAGs
[2022-06-17 22:30:24,618] {logging_mixin.py:109} INFO - [2022-06-17 22:30:24,617] {dag.py:2937} INFO - Setting next_dagrun for example_xcom_args to None
[2022-06-17 22:30:24,619] {logging_mixin.py:109} INFO - [2022-06-17 22:30:24,619] {dag.py:2937} INFO - Setting next_dagrun for example_xcom_args_with_operators to None
[2022-06-17 22:30:24,659] {processor.py:171} INFO - Processing /home/saba/.local/lib/python3.6/site-packages/airflow/example_dags/example_xcomargs.py took 1.349 seconds
[2022-06-17 22:31:07,209] {processor.py:163} INFO - Started process (PID=5030) to work on /home/saba/.local/lib/python3.6/site-packages/airflow/example_dags/example_xcomargs.py
[2022-06-17 22:31:07,221] {processor.py:642} INFO - Processing file /home/saba/.local/lib/python3.6/site-packages/airflow/example_dags/example_xcomargs.py for tasks to queue
[2022-06-17 22:31:07,224] {logging_mixin.py:109} INFO - [2022-06-17 22:31:07,223] {dagbag.py:500} INFO - Filling up the DagBag from /home/saba/.local/lib/python3.6/site-packages/airflow/example_dags/example_xcomargs.py
[2022-06-17 22:31:07,410] {processor.py:652} INFO - DAG(s) dict_keys(['example_xcom_args', 'example_xcom_args_with_operators']) retrieved from /home/saba/.local/lib/python3.6/site-packages/airflow/example_dags/example_xcomargs.py
[2022-06-17 22:31:08,408] {logging_mixin.py:109} INFO - [2022-06-17 22:31:08,408] {dag.py:2398} INFO - Sync 2 DAGs
[2022-06-17 22:31:08,432] {logging_mixin.py:109} INFO - [2022-06-17 22:31:08,431] {dag.py:2937} INFO - Setting next_dagrun for example_xcom_args to None
[2022-06-17 22:31:08,432] {logging_mixin.py:109} INFO - [2022-06-17 22:31:08,432] {dag.py:2937} INFO - Setting next_dagrun for example_xcom_args_with_operators to None
[2022-06-17 22:31:08,462] {processor.py:171} INFO - Processing /home/saba/.local/lib/python3.6/site-packages/airflow/example_dags/example_xcomargs.py took 1.264 seconds
[2022-06-17 22:31:53,666] {processor.py:163} INFO - Started process (PID=5097) to work on /home/saba/.local/lib/python3.6/site-packages/airflow/example_dags/example_xcomargs.py
[2022-06-17 22:31:53,675] {processor.py:642} INFO - Processing file /home/saba/.local/lib/python3.6/site-packages/airflow/example_dags/example_xcomargs.py for tasks to queue
[2022-06-17 22:31:53,678] {logging_mixin.py:109} INFO - [2022-06-17 22:31:53,677] {dagbag.py:500} INFO - Filling up the DagBag from /home/saba/.local/lib/python3.6/site-packages/airflow/example_dags/example_xcomargs.py
[2022-06-17 22:31:53,889] {processor.py:652} INFO - DAG(s) dict_keys(['example_xcom_args', 'example_xcom_args_with_operators']) retrieved from /home/saba/.local/lib/python3.6/site-packages/airflow/example_dags/example_xcomargs.py
[2022-06-17 22:31:55,858] {logging_mixin.py:109} INFO - [2022-06-17 22:31:55,858] {dag.py:2398} INFO - Sync 2 DAGs
[2022-06-17 22:31:55,923] {logging_mixin.py:109} INFO - [2022-06-17 22:31:55,923] {dag.py:2937} INFO - Setting next_dagrun for example_xcom_args to None
[2022-06-17 22:31:55,924] {logging_mixin.py:109} INFO - [2022-06-17 22:31:55,924] {dag.py:2937} INFO - Setting next_dagrun for example_xcom_args_with_operators to None
[2022-06-17 22:31:55,972] {processor.py:171} INFO - Processing /home/saba/.local/lib/python3.6/site-packages/airflow/example_dags/example_xcomargs.py took 2.318 seconds
[2022-06-17 22:32:41,381] {processor.py:163} INFO - Started process (PID=5143) to work on /home/saba/.local/lib/python3.6/site-packages/airflow/example_dags/example_xcomargs.py
[2022-06-17 22:32:41,387] {processor.py:642} INFO - Processing file /home/saba/.local/lib/python3.6/site-packages/airflow/example_dags/example_xcomargs.py for tasks to queue
[2022-06-17 22:32:41,389] {logging_mixin.py:109} INFO - [2022-06-17 22:32:41,389] {dagbag.py:500} INFO - Filling up the DagBag from /home/saba/.local/lib/python3.6/site-packages/airflow/example_dags/example_xcomargs.py
[2022-06-17 22:32:41,511] {processor.py:652} INFO - DAG(s) dict_keys(['example_xcom_args', 'example_xcom_args_with_operators']) retrieved from /home/saba/.local/lib/python3.6/site-packages/airflow/example_dags/example_xcomargs.py
[2022-06-17 22:32:42,986] {logging_mixin.py:109} INFO - [2022-06-17 22:32:42,985] {dag.py:2398} INFO - Sync 2 DAGs
[2022-06-17 22:32:43,206] {logging_mixin.py:109} INFO - [2022-06-17 22:32:43,204] {dag.py:2937} INFO - Setting next_dagrun for example_xcom_args to None
[2022-06-17 22:32:43,208] {logging_mixin.py:109} INFO - [2022-06-17 22:32:43,208] {dag.py:2937} INFO - Setting next_dagrun for example_xcom_args_with_operators to None
[2022-06-17 22:32:43,351] {processor.py:171} INFO - Processing /home/saba/.local/lib/python3.6/site-packages/airflow/example_dags/example_xcomargs.py took 1.982 seconds
[2022-06-17 22:33:28,041] {processor.py:163} INFO - Started process (PID=5615) to work on /home/saba/.local/lib/python3.6/site-packages/airflow/example_dags/example_xcomargs.py
[2022-06-17 22:33:28,046] {processor.py:642} INFO - Processing file /home/saba/.local/lib/python3.6/site-packages/airflow/example_dags/example_xcomargs.py for tasks to queue
[2022-06-17 22:33:28,049] {logging_mixin.py:109} INFO - [2022-06-17 22:33:28,048] {dagbag.py:500} INFO - Filling up the DagBag from /home/saba/.local/lib/python3.6/site-packages/airflow/example_dags/example_xcomargs.py
[2022-06-17 22:33:28,240] {processor.py:652} INFO - DAG(s) dict_keys(['example_xcom_args', 'example_xcom_args_with_operators']) retrieved from /home/saba/.local/lib/python3.6/site-packages/airflow/example_dags/example_xcomargs.py
[2022-06-17 22:33:29,197] {logging_mixin.py:109} INFO - [2022-06-17 22:33:29,196] {dag.py:2398} INFO - Sync 2 DAGs
[2022-06-17 22:33:29,228] {logging_mixin.py:109} INFO - [2022-06-17 22:33:29,228] {dag.py:2937} INFO - Setting next_dagrun for example_xcom_args to None
[2022-06-17 22:33:29,229] {logging_mixin.py:109} INFO - [2022-06-17 22:33:29,229] {dag.py:2937} INFO - Setting next_dagrun for example_xcom_args_with_operators to None
[2022-06-17 22:33:29,265] {processor.py:171} INFO - Processing /home/saba/.local/lib/python3.6/site-packages/airflow/example_dags/example_xcomargs.py took 1.246 seconds
[2022-06-17 22:34:09,965] {processor.py:163} INFO - Started process (PID=5671) to work on /home/saba/.local/lib/python3.6/site-packages/airflow/example_dags/example_xcomargs.py
[2022-06-17 22:34:09,969] {processor.py:642} INFO - Processing file /home/saba/.local/lib/python3.6/site-packages/airflow/example_dags/example_xcomargs.py for tasks to queue
[2022-06-17 22:34:09,971] {logging_mixin.py:109} INFO - [2022-06-17 22:34:09,970] {dagbag.py:500} INFO - Filling up the DagBag from /home/saba/.local/lib/python3.6/site-packages/airflow/example_dags/example_xcomargs.py
[2022-06-17 22:34:10,034] {processor.py:652} INFO - DAG(s) dict_keys(['example_xcom_args', 'example_xcom_args_with_operators']) retrieved from /home/saba/.local/lib/python3.6/site-packages/airflow/example_dags/example_xcomargs.py
[2022-06-17 22:34:10,959] {logging_mixin.py:109} INFO - [2022-06-17 22:34:10,958] {dag.py:2398} INFO - Sync 2 DAGs
[2022-06-17 22:34:10,983] {logging_mixin.py:109} INFO - [2022-06-17 22:34:10,983] {dag.py:2937} INFO - Setting next_dagrun for example_xcom_args to None
[2022-06-17 22:34:10,984] {logging_mixin.py:109} INFO - [2022-06-17 22:34:10,984] {dag.py:2937} INFO - Setting next_dagrun for example_xcom_args_with_operators to None
[2022-06-17 22:34:11,013] {processor.py:171} INFO - Processing /home/saba/.local/lib/python3.6/site-packages/airflow/example_dags/example_xcomargs.py took 1.053 seconds
[2022-06-17 22:34:57,865] {processor.py:163} INFO - Started process (PID=5724) to work on /home/saba/.local/lib/python3.6/site-packages/airflow/example_dags/example_xcomargs.py
[2022-06-17 22:34:57,868] {processor.py:642} INFO - Processing file /home/saba/.local/lib/python3.6/site-packages/airflow/example_dags/example_xcomargs.py for tasks to queue
[2022-06-17 22:34:57,869] {logging_mixin.py:109} INFO - [2022-06-17 22:34:57,869] {dagbag.py:500} INFO - Filling up the DagBag from /home/saba/.local/lib/python3.6/site-packages/airflow/example_dags/example_xcomargs.py
[2022-06-17 22:34:57,943] {processor.py:652} INFO - DAG(s) dict_keys(['example_xcom_args', 'example_xcom_args_with_operators']) retrieved from /home/saba/.local/lib/python3.6/site-packages/airflow/example_dags/example_xcomargs.py
[2022-06-17 22:34:57,980] {logging_mixin.py:109} INFO - [2022-06-17 22:34:57,980] {dag.py:2398} INFO - Sync 2 DAGs
[2022-06-17 22:34:58,016] {logging_mixin.py:109} INFO - [2022-06-17 22:34:58,015] {dag.py:2937} INFO - Setting next_dagrun for example_xcom_args to None
[2022-06-17 22:34:58,016] {logging_mixin.py:109} INFO - [2022-06-17 22:34:58,016] {dag.py:2937} INFO - Setting next_dagrun for example_xcom_args_with_operators to None
[2022-06-17 22:34:58,044] {processor.py:171} INFO - Processing /home/saba/.local/lib/python3.6/site-packages/airflow/example_dags/example_xcomargs.py took 0.185 seconds
[2022-06-17 22:35:41,280] {processor.py:163} INFO - Started process (PID=5777) to work on /home/saba/.local/lib/python3.6/site-packages/airflow/example_dags/example_xcomargs.py
[2022-06-17 22:35:41,283] {processor.py:642} INFO - Processing file /home/saba/.local/lib/python3.6/site-packages/airflow/example_dags/example_xcomargs.py for tasks to queue
[2022-06-17 22:35:41,285] {logging_mixin.py:109} INFO - [2022-06-17 22:35:41,285] {dagbag.py:500} INFO - Filling up the DagBag from /home/saba/.local/lib/python3.6/site-packages/airflow/example_dags/example_xcomargs.py
[2022-06-17 22:35:41,335] {processor.py:652} INFO - DAG(s) dict_keys(['example_xcom_args', 'example_xcom_args_with_operators']) retrieved from /home/saba/.local/lib/python3.6/site-packages/airflow/example_dags/example_xcomargs.py
[2022-06-17 22:35:41,800] {logging_mixin.py:109} INFO - [2022-06-17 22:35:41,800] {dag.py:2398} INFO - Sync 2 DAGs
[2022-06-17 22:35:41,819] {logging_mixin.py:109} INFO - [2022-06-17 22:35:41,819] {dag.py:2937} INFO - Setting next_dagrun for example_xcom_args to None
[2022-06-17 22:35:41,819] {logging_mixin.py:109} INFO - [2022-06-17 22:35:41,819] {dag.py:2937} INFO - Setting next_dagrun for example_xcom_args_with_operators to None
[2022-06-17 22:35:41,840] {processor.py:171} INFO - Processing /home/saba/.local/lib/python3.6/site-packages/airflow/example_dags/example_xcomargs.py took 0.565 seconds
[2022-06-17 22:36:21,715] {processor.py:163} INFO - Started process (PID=5834) to work on /home/saba/.local/lib/python3.6/site-packages/airflow/example_dags/example_xcomargs.py
[2022-06-17 22:36:21,717] {processor.py:642} INFO - Processing file /home/saba/.local/lib/python3.6/site-packages/airflow/example_dags/example_xcomargs.py for tasks to queue
[2022-06-17 22:36:21,718] {logging_mixin.py:109} INFO - [2022-06-17 22:36:21,718] {dagbag.py:500} INFO - Filling up the DagBag from /home/saba/.local/lib/python3.6/site-packages/airflow/example_dags/example_xcomargs.py
[2022-06-17 22:36:21,764] {processor.py:652} INFO - DAG(s) dict_keys(['example_xcom_args', 'example_xcom_args_with_operators']) retrieved from /home/saba/.local/lib/python3.6/site-packages/airflow/example_dags/example_xcomargs.py
[2022-06-17 22:36:22,268] {logging_mixin.py:109} INFO - [2022-06-17 22:36:22,268] {dag.py:2398} INFO - Sync 2 DAGs
[2022-06-17 22:36:22,290] {logging_mixin.py:109} INFO - [2022-06-17 22:36:22,290] {dag.py:2937} INFO - Setting next_dagrun for example_xcom_args to None
[2022-06-17 22:36:22,291] {logging_mixin.py:109} INFO - [2022-06-17 22:36:22,291] {dag.py:2937} INFO - Setting next_dagrun for example_xcom_args_with_operators to None
[2022-06-17 22:36:22,315] {processor.py:171} INFO - Processing /home/saba/.local/lib/python3.6/site-packages/airflow/example_dags/example_xcomargs.py took 0.605 seconds
[2022-06-17 22:37:03,927] {processor.py:163} INFO - Started process (PID=5887) to work on /home/saba/.local/lib/python3.6/site-packages/airflow/example_dags/example_xcomargs.py
[2022-06-17 22:37:03,930] {processor.py:642} INFO - Processing file /home/saba/.local/lib/python3.6/site-packages/airflow/example_dags/example_xcomargs.py for tasks to queue
[2022-06-17 22:37:03,931] {logging_mixin.py:109} INFO - [2022-06-17 22:37:03,931] {dagbag.py:500} INFO - Filling up the DagBag from /home/saba/.local/lib/python3.6/site-packages/airflow/example_dags/example_xcomargs.py
[2022-06-17 22:37:03,978] {processor.py:652} INFO - DAG(s) dict_keys(['example_xcom_args', 'example_xcom_args_with_operators']) retrieved from /home/saba/.local/lib/python3.6/site-packages/airflow/example_dags/example_xcomargs.py
[2022-06-17 22:37:04,409] {logging_mixin.py:109} INFO - [2022-06-17 22:37:04,409] {dag.py:2398} INFO - Sync 2 DAGs
[2022-06-17 22:37:04,427] {logging_mixin.py:109} INFO - [2022-06-17 22:37:04,427] {dag.py:2937} INFO - Setting next_dagrun for example_xcom_args to None
[2022-06-17 22:37:04,428] {logging_mixin.py:109} INFO - [2022-06-17 22:37:04,428] {dag.py:2937} INFO - Setting next_dagrun for example_xcom_args_with_operators to None
[2022-06-17 22:37:04,449] {processor.py:171} INFO - Processing /home/saba/.local/lib/python3.6/site-packages/airflow/example_dags/example_xcomargs.py took 0.527 seconds
[2022-06-17 22:37:54,087] {processor.py:163} INFO - Started process (PID=5941) to work on /home/saba/.local/lib/python3.6/site-packages/airflow/example_dags/example_xcomargs.py
[2022-06-17 22:37:54,092] {processor.py:642} INFO - Processing file /home/saba/.local/lib/python3.6/site-packages/airflow/example_dags/example_xcomargs.py for tasks to queue
[2022-06-17 22:37:54,094] {logging_mixin.py:109} INFO - [2022-06-17 22:37:54,094] {dagbag.py:500} INFO - Filling up the DagBag from /home/saba/.local/lib/python3.6/site-packages/airflow/example_dags/example_xcomargs.py
[2022-06-17 22:37:54,159] {processor.py:652} INFO - DAG(s) dict_keys(['example_xcom_args', 'example_xcom_args_with_operators']) retrieved from /home/saba/.local/lib/python3.6/site-packages/airflow/example_dags/example_xcomargs.py
[2022-06-17 22:37:54,824] {logging_mixin.py:109} INFO - [2022-06-17 22:37:54,823] {dag.py:2398} INFO - Sync 2 DAGs
[2022-06-17 22:37:54,867] {logging_mixin.py:109} INFO - [2022-06-17 22:37:54,867] {dag.py:2937} INFO - Setting next_dagrun for example_xcom_args to None
[2022-06-17 22:37:54,868] {logging_mixin.py:109} INFO - [2022-06-17 22:37:54,868] {dag.py:2937} INFO - Setting next_dagrun for example_xcom_args_with_operators to None
[2022-06-17 22:37:54,906] {processor.py:171} INFO - Processing /home/saba/.local/lib/python3.6/site-packages/airflow/example_dags/example_xcomargs.py took 0.826 seconds
[2022-06-17 22:38:36,822] {processor.py:163} INFO - Started process (PID=5995) to work on /home/saba/.local/lib/python3.6/site-packages/airflow/example_dags/example_xcomargs.py
[2022-06-17 22:38:36,825] {processor.py:642} INFO - Processing file /home/saba/.local/lib/python3.6/site-packages/airflow/example_dags/example_xcomargs.py for tasks to queue
[2022-06-17 22:38:36,827] {logging_mixin.py:109} INFO - [2022-06-17 22:38:36,826] {dagbag.py:500} INFO - Filling up the DagBag from /home/saba/.local/lib/python3.6/site-packages/airflow/example_dags/example_xcomargs.py
[2022-06-17 22:38:36,868] {processor.py:652} INFO - DAG(s) dict_keys(['example_xcom_args', 'example_xcom_args_with_operators']) retrieved from /home/saba/.local/lib/python3.6/site-packages/airflow/example_dags/example_xcomargs.py
[2022-06-17 22:38:37,313] {logging_mixin.py:109} INFO - [2022-06-17 22:38:37,313] {dag.py:2398} INFO - Sync 2 DAGs
[2022-06-17 22:38:37,343] {logging_mixin.py:109} INFO - [2022-06-17 22:38:37,343] {dag.py:2937} INFO - Setting next_dagrun for example_xcom_args to None
[2022-06-17 22:38:37,344] {logging_mixin.py:109} INFO - [2022-06-17 22:38:37,344] {dag.py:2937} INFO - Setting next_dagrun for example_xcom_args_with_operators to None
[2022-06-17 22:38:37,372] {processor.py:171} INFO - Processing /home/saba/.local/lib/python3.6/site-packages/airflow/example_dags/example_xcomargs.py took 0.554 seconds
[2022-06-17 22:39:18,402] {processor.py:163} INFO - Started process (PID=6313) to work on /home/saba/.local/lib/python3.6/site-packages/airflow/example_dags/example_xcomargs.py
[2022-06-17 22:39:18,405] {processor.py:642} INFO - Processing file /home/saba/.local/lib/python3.6/site-packages/airflow/example_dags/example_xcomargs.py for tasks to queue
[2022-06-17 22:39:18,407] {logging_mixin.py:109} INFO - [2022-06-17 22:39:18,406] {dagbag.py:500} INFO - Filling up the DagBag from /home/saba/.local/lib/python3.6/site-packages/airflow/example_dags/example_xcomargs.py
[2022-06-17 22:39:18,486] {processor.py:652} INFO - DAG(s) dict_keys(['example_xcom_args', 'example_xcom_args_with_operators']) retrieved from /home/saba/.local/lib/python3.6/site-packages/airflow/example_dags/example_xcomargs.py
[2022-06-17 22:39:19,425] {logging_mixin.py:109} INFO - [2022-06-17 22:39:19,425] {dag.py:2398} INFO - Sync 2 DAGs
[2022-06-17 22:39:19,452] {logging_mixin.py:109} INFO - [2022-06-17 22:39:19,452] {dag.py:2937} INFO - Setting next_dagrun for example_xcom_args to None
[2022-06-17 22:39:19,453] {logging_mixin.py:109} INFO - [2022-06-17 22:39:19,453] {dag.py:2937} INFO - Setting next_dagrun for example_xcom_args_with_operators to None
[2022-06-17 22:39:19,484] {processor.py:171} INFO - Processing /home/saba/.local/lib/python3.6/site-packages/airflow/example_dags/example_xcomargs.py took 1.089 seconds
[2022-06-17 22:40:12,749] {processor.py:163} INFO - Started process (PID=6813) to work on /home/saba/.local/lib/python3.6/site-packages/airflow/example_dags/example_xcomargs.py
[2022-06-17 22:40:12,753] {processor.py:642} INFO - Processing file /home/saba/.local/lib/python3.6/site-packages/airflow/example_dags/example_xcomargs.py for tasks to queue
[2022-06-17 22:40:12,754] {logging_mixin.py:109} INFO - [2022-06-17 22:40:12,753] {dagbag.py:500} INFO - Filling up the DagBag from /home/saba/.local/lib/python3.6/site-packages/airflow/example_dags/example_xcomargs.py
[2022-06-17 22:40:12,782] {processor.py:652} INFO - DAG(s) dict_keys(['example_xcom_args', 'example_xcom_args_with_operators']) retrieved from /home/saba/.local/lib/python3.6/site-packages/airflow/example_dags/example_xcomargs.py
[2022-06-17 22:40:13,075] {logging_mixin.py:109} INFO - [2022-06-17 22:40:13,075] {dag.py:2398} INFO - Sync 2 DAGs
[2022-06-17 22:40:13,089] {logging_mixin.py:109} INFO - [2022-06-17 22:40:13,089] {dag.py:2937} INFO - Setting next_dagrun for example_xcom_args to None
[2022-06-17 22:40:13,090] {logging_mixin.py:109} INFO - [2022-06-17 22:40:13,090] {dag.py:2937} INFO - Setting next_dagrun for example_xcom_args_with_operators to None
[2022-06-17 22:40:13,108] {processor.py:171} INFO - Processing /home/saba/.local/lib/python3.6/site-packages/airflow/example_dags/example_xcomargs.py took 0.362 seconds
[2022-06-17 22:40:58,549] {processor.py:163} INFO - Started process (PID=6915) to work on /home/saba/.local/lib/python3.6/site-packages/airflow/example_dags/example_xcomargs.py
[2022-06-17 22:40:58,551] {processor.py:642} INFO - Processing file /home/saba/.local/lib/python3.6/site-packages/airflow/example_dags/example_xcomargs.py for tasks to queue
[2022-06-17 22:40:58,552] {logging_mixin.py:109} INFO - [2022-06-17 22:40:58,552] {dagbag.py:500} INFO - Filling up the DagBag from /home/saba/.local/lib/python3.6/site-packages/airflow/example_dags/example_xcomargs.py
[2022-06-17 22:40:58,583] {processor.py:652} INFO - DAG(s) dict_keys(['example_xcom_args', 'example_xcom_args_with_operators']) retrieved from /home/saba/.local/lib/python3.6/site-packages/airflow/example_dags/example_xcomargs.py
[2022-06-17 22:40:58,922] {logging_mixin.py:109} INFO - [2022-06-17 22:40:58,922] {dag.py:2398} INFO - Sync 2 DAGs
[2022-06-17 22:40:58,938] {logging_mixin.py:109} INFO - [2022-06-17 22:40:58,938] {dag.py:2937} INFO - Setting next_dagrun for example_xcom_args to None
[2022-06-17 22:40:58,939] {logging_mixin.py:109} INFO - [2022-06-17 22:40:58,939] {dag.py:2937} INFO - Setting next_dagrun for example_xcom_args_with_operators to None
[2022-06-17 22:40:58,957] {processor.py:171} INFO - Processing /home/saba/.local/lib/python3.6/site-packages/airflow/example_dags/example_xcomargs.py took 0.411 seconds
[2022-06-17 22:41:36,382] {processor.py:163} INFO - Started process (PID=6971) to work on /home/saba/.local/lib/python3.6/site-packages/airflow/example_dags/example_xcomargs.py
[2022-06-17 22:41:36,384] {processor.py:642} INFO - Processing file /home/saba/.local/lib/python3.6/site-packages/airflow/example_dags/example_xcomargs.py for tasks to queue
[2022-06-17 22:41:36,384] {logging_mixin.py:109} INFO - [2022-06-17 22:41:36,384] {dagbag.py:500} INFO - Filling up the DagBag from /home/saba/.local/lib/python3.6/site-packages/airflow/example_dags/example_xcomargs.py
[2022-06-17 22:41:36,416] {processor.py:652} INFO - DAG(s) dict_keys(['example_xcom_args', 'example_xcom_args_with_operators']) retrieved from /home/saba/.local/lib/python3.6/site-packages/airflow/example_dags/example_xcomargs.py
[2022-06-17 22:41:36,809] {logging_mixin.py:109} INFO - [2022-06-17 22:41:36,809] {dag.py:2398} INFO - Sync 2 DAGs
[2022-06-17 22:41:36,840] {logging_mixin.py:109} INFO - [2022-06-17 22:41:36,839] {dag.py:2937} INFO - Setting next_dagrun for example_xcom_args to None
[2022-06-17 22:41:36,840] {logging_mixin.py:109} INFO - [2022-06-17 22:41:36,840] {dag.py:2937} INFO - Setting next_dagrun for example_xcom_args_with_operators to None
[2022-06-17 22:41:36,879] {processor.py:171} INFO - Processing /home/saba/.local/lib/python3.6/site-packages/airflow/example_dags/example_xcomargs.py took 0.500 seconds
[2022-06-17 22:42:14,403] {processor.py:163} INFO - Started process (PID=7579) to work on /home/saba/.local/lib/python3.6/site-packages/airflow/example_dags/example_xcomargs.py
[2022-06-17 22:42:14,404] {processor.py:642} INFO - Processing file /home/saba/.local/lib/python3.6/site-packages/airflow/example_dags/example_xcomargs.py for tasks to queue
[2022-06-17 22:42:14,405] {logging_mixin.py:109} INFO - [2022-06-17 22:42:14,405] {dagbag.py:500} INFO - Filling up the DagBag from /home/saba/.local/lib/python3.6/site-packages/airflow/example_dags/example_xcomargs.py
[2022-06-17 22:42:14,438] {processor.py:652} INFO - DAG(s) dict_keys(['example_xcom_args', 'example_xcom_args_with_operators']) retrieved from /home/saba/.local/lib/python3.6/site-packages/airflow/example_dags/example_xcomargs.py
[2022-06-17 22:42:14,972] {logging_mixin.py:109} INFO - [2022-06-17 22:42:14,972] {dag.py:2398} INFO - Sync 2 DAGs
[2022-06-17 22:42:15,000] {logging_mixin.py:109} INFO - [2022-06-17 22:42:14,999] {dag.py:2937} INFO - Setting next_dagrun for example_xcom_args to None
[2022-06-17 22:42:15,000] {logging_mixin.py:109} INFO - [2022-06-17 22:42:15,000] {dag.py:2937} INFO - Setting next_dagrun for example_xcom_args_with_operators to None
[2022-06-17 22:42:15,033] {processor.py:171} INFO - Processing /home/saba/.local/lib/python3.6/site-packages/airflow/example_dags/example_xcomargs.py took 0.633 seconds
[2022-06-17 22:43:05,279] {processor.py:163} INFO - Started process (PID=7922) to work on /home/saba/.local/lib/python3.6/site-packages/airflow/example_dags/example_xcomargs.py
[2022-06-17 22:43:05,280] {processor.py:642} INFO - Processing file /home/saba/.local/lib/python3.6/site-packages/airflow/example_dags/example_xcomargs.py for tasks to queue
[2022-06-17 22:43:05,281] {logging_mixin.py:109} INFO - [2022-06-17 22:43:05,281] {dagbag.py:500} INFO - Filling up the DagBag from /home/saba/.local/lib/python3.6/site-packages/airflow/example_dags/example_xcomargs.py
[2022-06-17 22:43:05,308] {processor.py:652} INFO - DAG(s) dict_keys(['example_xcom_args', 'example_xcom_args_with_operators']) retrieved from /home/saba/.local/lib/python3.6/site-packages/airflow/example_dags/example_xcomargs.py
[2022-06-17 22:43:05,584] {logging_mixin.py:109} INFO - [2022-06-17 22:43:05,584] {dag.py:2398} INFO - Sync 2 DAGs
[2022-06-17 22:43:05,598] {logging_mixin.py:109} INFO - [2022-06-17 22:43:05,598] {dag.py:2937} INFO - Setting next_dagrun for example_xcom_args to None
[2022-06-17 22:43:05,598] {logging_mixin.py:109} INFO - [2022-06-17 22:43:05,598] {dag.py:2937} INFO - Setting next_dagrun for example_xcom_args_with_operators to None
[2022-06-17 22:43:05,616] {processor.py:171} INFO - Processing /home/saba/.local/lib/python3.6/site-packages/airflow/example_dags/example_xcomargs.py took 0.341 seconds
[2022-06-17 22:43:51,373] {processor.py:163} INFO - Started process (PID=8394) to work on /home/saba/.local/lib/python3.6/site-packages/airflow/example_dags/example_xcomargs.py
[2022-06-17 22:43:51,377] {processor.py:642} INFO - Processing file /home/saba/.local/lib/python3.6/site-packages/airflow/example_dags/example_xcomargs.py for tasks to queue
[2022-06-17 22:43:51,379] {logging_mixin.py:109} INFO - [2022-06-17 22:43:51,379] {dagbag.py:500} INFO - Filling up the DagBag from /home/saba/.local/lib/python3.6/site-packages/airflow/example_dags/example_xcomargs.py
[2022-06-17 22:43:51,484] {processor.py:652} INFO - DAG(s) dict_keys(['example_xcom_args', 'example_xcom_args_with_operators']) retrieved from /home/saba/.local/lib/python3.6/site-packages/airflow/example_dags/example_xcomargs.py
[2022-06-17 22:43:53,378] {logging_mixin.py:109} INFO - [2022-06-17 22:43:53,377] {dag.py:2398} INFO - Sync 2 DAGs
[2022-06-17 22:43:53,475] {logging_mixin.py:109} INFO - [2022-06-17 22:43:53,475] {dag.py:2937} INFO - Setting next_dagrun for example_xcom_args to None
[2022-06-17 22:43:53,477] {logging_mixin.py:109} INFO - [2022-06-17 22:43:53,476] {dag.py:2937} INFO - Setting next_dagrun for example_xcom_args_with_operators to None
[2022-06-17 22:43:53,529] {processor.py:171} INFO - Processing /home/saba/.local/lib/python3.6/site-packages/airflow/example_dags/example_xcomargs.py took 2.165 seconds
[2022-06-17 22:45:03,755] {processor.py:163} INFO - Started process (PID=8544) to work on /home/saba/.local/lib/python3.6/site-packages/airflow/example_dags/example_xcomargs.py
[2022-06-17 22:45:03,757] {processor.py:642} INFO - Processing file /home/saba/.local/lib/python3.6/site-packages/airflow/example_dags/example_xcomargs.py for tasks to queue
[2022-06-17 22:45:03,758] {logging_mixin.py:109} INFO - [2022-06-17 22:45:03,758] {dagbag.py:500} INFO - Filling up the DagBag from /home/saba/.local/lib/python3.6/site-packages/airflow/example_dags/example_xcomargs.py
[2022-06-17 22:45:03,791] {processor.py:652} INFO - DAG(s) dict_keys(['example_xcom_args', 'example_xcom_args_with_operators']) retrieved from /home/saba/.local/lib/python3.6/site-packages/airflow/example_dags/example_xcomargs.py
[2022-06-17 22:45:04,310] {logging_mixin.py:109} INFO - [2022-06-17 22:45:04,309] {dag.py:2398} INFO - Sync 2 DAGs
[2022-06-17 22:45:04,337] {logging_mixin.py:109} INFO - [2022-06-17 22:45:04,336] {dag.py:2937} INFO - Setting next_dagrun for example_xcom_args to None
[2022-06-17 22:45:04,338] {logging_mixin.py:109} INFO - [2022-06-17 22:45:04,337] {dag.py:2937} INFO - Setting next_dagrun for example_xcom_args_with_operators to None
[2022-06-17 22:45:04,368] {processor.py:171} INFO - Processing /home/saba/.local/lib/python3.6/site-packages/airflow/example_dags/example_xcomargs.py took 0.617 seconds
[2022-06-17 22:45:50,771] {processor.py:163} INFO - Started process (PID=8911) to work on /home/saba/.local/lib/python3.6/site-packages/airflow/example_dags/example_xcomargs.py
[2022-06-17 22:45:50,774] {processor.py:642} INFO - Processing file /home/saba/.local/lib/python3.6/site-packages/airflow/example_dags/example_xcomargs.py for tasks to queue
[2022-06-17 22:45:50,775] {logging_mixin.py:109} INFO - [2022-06-17 22:45:50,774] {dagbag.py:500} INFO - Filling up the DagBag from /home/saba/.local/lib/python3.6/site-packages/airflow/example_dags/example_xcomargs.py
[2022-06-17 22:45:50,815] {processor.py:652} INFO - DAG(s) dict_keys(['example_xcom_args', 'example_xcom_args_with_operators']) retrieved from /home/saba/.local/lib/python3.6/site-packages/airflow/example_dags/example_xcomargs.py
[2022-06-17 22:45:51,357] {logging_mixin.py:109} INFO - [2022-06-17 22:45:51,357] {dag.py:2398} INFO - Sync 2 DAGs
[2022-06-17 22:45:51,384] {logging_mixin.py:109} INFO - [2022-06-17 22:45:51,384] {dag.py:2937} INFO - Setting next_dagrun for example_xcom_args to None
[2022-06-17 22:45:51,385] {logging_mixin.py:109} INFO - [2022-06-17 22:45:51,384] {dag.py:2937} INFO - Setting next_dagrun for example_xcom_args_with_operators to None
[2022-06-17 22:45:51,410] {processor.py:171} INFO - Processing /home/saba/.local/lib/python3.6/site-packages/airflow/example_dags/example_xcomargs.py took 0.644 seconds
[2022-06-17 22:48:13,298] {processor.py:163} INFO - Started process (PID=10403) to work on /home/saba/.local/lib/python3.6/site-packages/airflow/example_dags/example_xcomargs.py
[2022-06-17 22:48:13,300] {processor.py:642} INFO - Processing file /home/saba/.local/lib/python3.6/site-packages/airflow/example_dags/example_xcomargs.py for tasks to queue
[2022-06-17 22:48:13,301] {logging_mixin.py:109} INFO - [2022-06-17 22:48:13,301] {dagbag.py:500} INFO - Filling up the DagBag from /home/saba/.local/lib/python3.6/site-packages/airflow/example_dags/example_xcomargs.py
[2022-06-17 22:48:13,334] {processor.py:652} INFO - DAG(s) dict_keys(['example_xcom_args', 'example_xcom_args_with_operators']) retrieved from /home/saba/.local/lib/python3.6/site-packages/airflow/example_dags/example_xcomargs.py
[2022-06-17 22:48:13,675] {logging_mixin.py:109} INFO - [2022-06-17 22:48:13,675] {dag.py:2398} INFO - Sync 2 DAGs
[2022-06-17 22:48:13,691] {logging_mixin.py:109} INFO - [2022-06-17 22:48:13,690] {dag.py:2937} INFO - Setting next_dagrun for example_xcom_args to None
[2022-06-17 22:48:13,691] {logging_mixin.py:109} INFO - [2022-06-17 22:48:13,691] {dag.py:2937} INFO - Setting next_dagrun for example_xcom_args_with_operators to None
[2022-06-17 22:48:13,711] {processor.py:171} INFO - Processing /home/saba/.local/lib/python3.6/site-packages/airflow/example_dags/example_xcomargs.py took 0.416 seconds
[2022-06-17 22:48:59,029] {processor.py:163} INFO - Started process (PID=10610) to work on /home/saba/.local/lib/python3.6/site-packages/airflow/example_dags/example_xcomargs.py
[2022-06-17 22:48:59,032] {processor.py:642} INFO - Processing file /home/saba/.local/lib/python3.6/site-packages/airflow/example_dags/example_xcomargs.py for tasks to queue
[2022-06-17 22:48:59,032] {logging_mixin.py:109} INFO - [2022-06-17 22:48:59,032] {dagbag.py:500} INFO - Filling up the DagBag from /home/saba/.local/lib/python3.6/site-packages/airflow/example_dags/example_xcomargs.py
[2022-06-17 22:48:59,053] {processor.py:652} INFO - DAG(s) dict_keys(['example_xcom_args', 'example_xcom_args_with_operators']) retrieved from /home/saba/.local/lib/python3.6/site-packages/airflow/example_dags/example_xcomargs.py
[2022-06-17 22:48:59,301] {logging_mixin.py:109} INFO - [2022-06-17 22:48:59,300] {dag.py:2398} INFO - Sync 2 DAGs
[2022-06-17 22:48:59,312] {logging_mixin.py:109} INFO - [2022-06-17 22:48:59,312] {dag.py:2937} INFO - Setting next_dagrun for example_xcom_args to None
[2022-06-17 22:48:59,312] {logging_mixin.py:109} INFO - [2022-06-17 22:48:59,312] {dag.py:2937} INFO - Setting next_dagrun for example_xcom_args_with_operators to None
[2022-06-17 22:48:59,328] {processor.py:171} INFO - Processing /home/saba/.local/lib/python3.6/site-packages/airflow/example_dags/example_xcomargs.py took 0.302 seconds
[2022-06-17 22:50:15,947] {processor.py:163} INFO - Started process (PID=11165) to work on /home/saba/.local/lib/python3.6/site-packages/airflow/example_dags/example_xcomargs.py
[2022-06-17 22:50:15,957] {processor.py:642} INFO - Processing file /home/saba/.local/lib/python3.6/site-packages/airflow/example_dags/example_xcomargs.py for tasks to queue
[2022-06-17 22:50:15,958] {logging_mixin.py:109} INFO - [2022-06-17 22:50:15,958] {dagbag.py:500} INFO - Filling up the DagBag from /home/saba/.local/lib/python3.6/site-packages/airflow/example_dags/example_xcomargs.py
[2022-06-17 22:50:15,993] {processor.py:652} INFO - DAG(s) dict_keys(['example_xcom_args', 'example_xcom_args_with_operators']) retrieved from /home/saba/.local/lib/python3.6/site-packages/airflow/example_dags/example_xcomargs.py
[2022-06-17 22:50:16,088] {logging_mixin.py:109} INFO - [2022-06-17 22:50:16,087] {dag.py:2398} INFO - Sync 2 DAGs
[2022-06-17 22:50:16,104] {logging_mixin.py:109} INFO - [2022-06-17 22:50:16,104] {dag.py:2937} INFO - Setting next_dagrun for example_xcom_args to None
[2022-06-17 22:50:16,104] {logging_mixin.py:109} INFO - [2022-06-17 22:50:16,104] {dag.py:2937} INFO - Setting next_dagrun for example_xcom_args_with_operators to None
[2022-06-17 22:50:16,123] {processor.py:171} INFO - Processing /home/saba/.local/lib/python3.6/site-packages/airflow/example_dags/example_xcomargs.py took 0.180 seconds
[2022-06-17 22:50:57,811] {processor.py:163} INFO - Started process (PID=11363) to work on /home/saba/.local/lib/python3.6/site-packages/airflow/example_dags/example_xcomargs.py
[2022-06-17 22:50:57,813] {processor.py:642} INFO - Processing file /home/saba/.local/lib/python3.6/site-packages/airflow/example_dags/example_xcomargs.py for tasks to queue
[2022-06-17 22:50:57,813] {logging_mixin.py:109} INFO - [2022-06-17 22:50:57,813] {dagbag.py:500} INFO - Filling up the DagBag from /home/saba/.local/lib/python3.6/site-packages/airflow/example_dags/example_xcomargs.py
[2022-06-17 22:50:57,900] {processor.py:652} INFO - DAG(s) dict_keys(['example_xcom_args', 'example_xcom_args_with_operators']) retrieved from /home/saba/.local/lib/python3.6/site-packages/airflow/example_dags/example_xcomargs.py
[2022-06-17 22:50:58,111] {logging_mixin.py:109} INFO - [2022-06-17 22:50:58,111] {dag.py:2398} INFO - Sync 2 DAGs
[2022-06-17 22:50:58,124] {logging_mixin.py:109} INFO - [2022-06-17 22:50:58,124] {dag.py:2937} INFO - Setting next_dagrun for example_xcom_args to None
[2022-06-17 22:50:58,125] {logging_mixin.py:109} INFO - [2022-06-17 22:50:58,125] {dag.py:2937} INFO - Setting next_dagrun for example_xcom_args_with_operators to None
[2022-06-17 22:50:58,143] {processor.py:171} INFO - Processing /home/saba/.local/lib/python3.6/site-packages/airflow/example_dags/example_xcomargs.py took 0.335 seconds
[2022-06-17 22:51:57,026] {processor.py:163} INFO - Started process (PID=11573) to work on /home/saba/.local/lib/python3.6/site-packages/airflow/example_dags/example_xcomargs.py
[2022-06-17 22:51:57,030] {processor.py:642} INFO - Processing file /home/saba/.local/lib/python3.6/site-packages/airflow/example_dags/example_xcomargs.py for tasks to queue
[2022-06-17 22:51:57,030] {logging_mixin.py:109} INFO - [2022-06-17 22:51:57,030] {dagbag.py:500} INFO - Filling up the DagBag from /home/saba/.local/lib/python3.6/site-packages/airflow/example_dags/example_xcomargs.py
[2022-06-17 22:51:57,110] {processor.py:652} INFO - DAG(s) dict_keys(['example_xcom_args', 'example_xcom_args_with_operators']) retrieved from /home/saba/.local/lib/python3.6/site-packages/airflow/example_dags/example_xcomargs.py
[2022-06-17 22:51:57,326] {logging_mixin.py:109} INFO - [2022-06-17 22:51:57,325] {dag.py:2398} INFO - Sync 2 DAGs
[2022-06-17 22:51:57,340] {logging_mixin.py:109} INFO - [2022-06-17 22:51:57,340] {dag.py:2937} INFO - Setting next_dagrun for example_xcom_args to None
[2022-06-17 22:51:57,340] {logging_mixin.py:109} INFO - [2022-06-17 22:51:57,340] {dag.py:2937} INFO - Setting next_dagrun for example_xcom_args_with_operators to None
[2022-06-17 22:51:57,359] {processor.py:171} INFO - Processing /home/saba/.local/lib/python3.6/site-packages/airflow/example_dags/example_xcomargs.py took 0.335 seconds
[2022-06-17 22:52:58,908] {processor.py:163} INFO - Started process (PID=11950) to work on /home/saba/.local/lib/python3.6/site-packages/airflow/example_dags/example_xcomargs.py
[2022-06-17 22:52:58,910] {processor.py:642} INFO - Processing file /home/saba/.local/lib/python3.6/site-packages/airflow/example_dags/example_xcomargs.py for tasks to queue
[2022-06-17 22:52:58,911] {logging_mixin.py:109} INFO - [2022-06-17 22:52:58,911] {dagbag.py:500} INFO - Filling up the DagBag from /home/saba/.local/lib/python3.6/site-packages/airflow/example_dags/example_xcomargs.py
[2022-06-17 22:52:59,033] {processor.py:652} INFO - DAG(s) dict_keys(['example_xcom_args', 'example_xcom_args_with_operators']) retrieved from /home/saba/.local/lib/python3.6/site-packages/airflow/example_dags/example_xcomargs.py
[2022-06-17 22:52:59,317] {logging_mixin.py:109} INFO - [2022-06-17 22:52:59,317] {dag.py:2398} INFO - Sync 2 DAGs
[2022-06-17 22:52:59,334] {logging_mixin.py:109} INFO - [2022-06-17 22:52:59,334] {dag.py:2937} INFO - Setting next_dagrun for example_xcom_args to None
[2022-06-17 22:52:59,334] {logging_mixin.py:109} INFO - [2022-06-17 22:52:59,334] {dag.py:2937} INFO - Setting next_dagrun for example_xcom_args_with_operators to None
[2022-06-17 22:52:59,362] {processor.py:171} INFO - Processing /home/saba/.local/lib/python3.6/site-packages/airflow/example_dags/example_xcomargs.py took 0.458 seconds
[2022-06-17 22:53:44,188] {processor.py:163} INFO - Started process (PID=12515) to work on /home/saba/.local/lib/python3.6/site-packages/airflow/example_dags/example_xcomargs.py
[2022-06-17 22:53:44,190] {processor.py:642} INFO - Processing file /home/saba/.local/lib/python3.6/site-packages/airflow/example_dags/example_xcomargs.py for tasks to queue
[2022-06-17 22:53:44,191] {logging_mixin.py:109} INFO - [2022-06-17 22:53:44,191] {dagbag.py:500} INFO - Filling up the DagBag from /home/saba/.local/lib/python3.6/site-packages/airflow/example_dags/example_xcomargs.py
[2022-06-17 22:53:44,320] {processor.py:652} INFO - DAG(s) dict_keys(['example_xcom_args', 'example_xcom_args_with_operators']) retrieved from /home/saba/.local/lib/python3.6/site-packages/airflow/example_dags/example_xcomargs.py
[2022-06-17 22:53:44,656] {logging_mixin.py:109} INFO - [2022-06-17 22:53:44,656] {dag.py:2398} INFO - Sync 2 DAGs
[2022-06-17 22:53:44,673] {logging_mixin.py:109} INFO - [2022-06-17 22:53:44,673] {dag.py:2937} INFO - Setting next_dagrun for example_xcom_args to None
[2022-06-17 22:53:44,673] {logging_mixin.py:109} INFO - [2022-06-17 22:53:44,673] {dag.py:2937} INFO - Setting next_dagrun for example_xcom_args_with_operators to None
[2022-06-17 22:53:44,698] {processor.py:171} INFO - Processing /home/saba/.local/lib/python3.6/site-packages/airflow/example_dags/example_xcomargs.py took 0.513 seconds
[2022-06-17 22:54:27,498] {processor.py:163} INFO - Started process (PID=12722) to work on /home/saba/.local/lib/python3.6/site-packages/airflow/example_dags/example_xcomargs.py
[2022-06-17 22:54:27,499] {processor.py:642} INFO - Processing file /home/saba/.local/lib/python3.6/site-packages/airflow/example_dags/example_xcomargs.py for tasks to queue
[2022-06-17 22:54:27,499] {logging_mixin.py:109} INFO - [2022-06-17 22:54:27,499] {dagbag.py:500} INFO - Filling up the DagBag from /home/saba/.local/lib/python3.6/site-packages/airflow/example_dags/example_xcomargs.py
[2022-06-17 22:54:27,572] {processor.py:652} INFO - DAG(s) dict_keys(['example_xcom_args', 'example_xcom_args_with_operators']) retrieved from /home/saba/.local/lib/python3.6/site-packages/airflow/example_dags/example_xcomargs.py
[2022-06-17 22:54:27,757] {logging_mixin.py:109} INFO - [2022-06-17 22:54:27,757] {dag.py:2398} INFO - Sync 2 DAGs
[2022-06-17 22:54:27,767] {logging_mixin.py:109} INFO - [2022-06-17 22:54:27,767] {dag.py:2937} INFO - Setting next_dagrun for example_xcom_args to None
[2022-06-17 22:54:27,767] {logging_mixin.py:109} INFO - [2022-06-17 22:54:27,767] {dag.py:2937} INFO - Setting next_dagrun for example_xcom_args_with_operators to None
[2022-06-17 22:54:27,792] {processor.py:171} INFO - Processing /home/saba/.local/lib/python3.6/site-packages/airflow/example_dags/example_xcomargs.py took 0.297 seconds
[2022-06-17 22:55:07,026] {processor.py:163} INFO - Started process (PID=13042) to work on /home/saba/.local/lib/python3.6/site-packages/airflow/example_dags/example_xcomargs.py
[2022-06-17 22:55:07,028] {processor.py:642} INFO - Processing file /home/saba/.local/lib/python3.6/site-packages/airflow/example_dags/example_xcomargs.py for tasks to queue
[2022-06-17 22:55:07,029] {logging_mixin.py:109} INFO - [2022-06-17 22:55:07,029] {dagbag.py:500} INFO - Filling up the DagBag from /home/saba/.local/lib/python3.6/site-packages/airflow/example_dags/example_xcomargs.py
[2022-06-17 22:55:07,071] {processor.py:652} INFO - DAG(s) dict_keys(['example_xcom_args', 'example_xcom_args_with_operators']) retrieved from /home/saba/.local/lib/python3.6/site-packages/airflow/example_dags/example_xcomargs.py
[2022-06-17 22:55:07,463] {logging_mixin.py:109} INFO - [2022-06-17 22:55:07,463] {dag.py:2398} INFO - Sync 2 DAGs
[2022-06-17 22:55:07,487] {logging_mixin.py:109} INFO - [2022-06-17 22:55:07,487] {dag.py:2937} INFO - Setting next_dagrun for example_xcom_args to None
[2022-06-17 22:55:07,488] {logging_mixin.py:109} INFO - [2022-06-17 22:55:07,488] {dag.py:2937} INFO - Setting next_dagrun for example_xcom_args_with_operators to None
[2022-06-17 22:55:07,516] {processor.py:171} INFO - Processing /home/saba/.local/lib/python3.6/site-packages/airflow/example_dags/example_xcomargs.py took 0.495 seconds
