[2022-06-17 22:07:22,795] {processor.py:163} INFO - Started process (PID=1697) to work on /home/saba/.local/lib/python3.6/site-packages/airflow/example_dags/example_branch_labels.py
[2022-06-17 22:07:22,797] {processor.py:642} INFO - Processing file /home/saba/.local/lib/python3.6/site-packages/airflow/example_dags/example_branch_labels.py for tasks to queue
[2022-06-17 22:07:22,798] {logging_mixin.py:109} INFO - [2022-06-17 22:07:22,798] {dagbag.py:500} INFO - Filling up the DagBag from /home/saba/.local/lib/python3.6/site-packages/airflow/example_dags/example_branch_labels.py
[2022-06-17 22:07:22,828] {processor.py:652} INFO - DAG(s) dict_keys(['example_branch_labels']) retrieved from /home/saba/.local/lib/python3.6/site-packages/airflow/example_dags/example_branch_labels.py
[2022-06-17 22:07:22,854] {logging_mixin.py:109} INFO - [2022-06-17 22:07:22,854] {dag.py:2398} INFO - Sync 1 DAGs
[2022-06-17 22:07:22,887] {logging_mixin.py:109} INFO - [2022-06-17 22:07:22,886] {dag.py:2937} INFO - Setting next_dagrun for example_branch_labels to 2022-06-16 00:00:00+00:00
[2022-06-17 22:07:22,911] {processor.py:171} INFO - Processing /home/saba/.local/lib/python3.6/site-packages/airflow/example_dags/example_branch_labels.py took 0.121 seconds
[2022-06-17 22:08:15,204] {processor.py:163} INFO - Started process (PID=1939) to work on /home/saba/.local/lib/python3.6/site-packages/airflow/example_dags/example_branch_labels.py
[2022-06-17 22:08:15,208] {processor.py:642} INFO - Processing file /home/saba/.local/lib/python3.6/site-packages/airflow/example_dags/example_branch_labels.py for tasks to queue
[2022-06-17 22:08:15,209] {logging_mixin.py:109} INFO - [2022-06-17 22:08:15,209] {dagbag.py:500} INFO - Filling up the DagBag from /home/saba/.local/lib/python3.6/site-packages/airflow/example_dags/example_branch_labels.py
[2022-06-17 22:08:15,250] {processor.py:652} INFO - DAG(s) dict_keys(['example_branch_labels']) retrieved from /home/saba/.local/lib/python3.6/site-packages/airflow/example_dags/example_branch_labels.py
[2022-06-17 22:08:15,279] {logging_mixin.py:109} INFO - [2022-06-17 22:08:15,279] {dag.py:2398} INFO - Sync 1 DAGs
[2022-06-17 22:08:15,328] {logging_mixin.py:109} INFO - [2022-06-17 22:08:15,327] {dag.py:2937} INFO - Setting next_dagrun for example_branch_labels to 2022-06-16 00:00:00+00:00
[2022-06-17 22:08:15,356] {processor.py:171} INFO - Processing /home/saba/.local/lib/python3.6/site-packages/airflow/example_dags/example_branch_labels.py took 0.158 seconds
[2022-06-17 22:09:04,171] {processor.py:163} INFO - Started process (PID=2165) to work on /home/saba/.local/lib/python3.6/site-packages/airflow/example_dags/example_branch_labels.py
[2022-06-17 22:09:04,176] {processor.py:642} INFO - Processing file /home/saba/.local/lib/python3.6/site-packages/airflow/example_dags/example_branch_labels.py for tasks to queue
[2022-06-17 22:09:04,178] {logging_mixin.py:109} INFO - [2022-06-17 22:09:04,178] {dagbag.py:500} INFO - Filling up the DagBag from /home/saba/.local/lib/python3.6/site-packages/airflow/example_dags/example_branch_labels.py
[2022-06-17 22:09:04,321] {processor.py:652} INFO - DAG(s) dict_keys(['example_branch_labels']) retrieved from /home/saba/.local/lib/python3.6/site-packages/airflow/example_dags/example_branch_labels.py
[2022-06-17 22:09:04,447] {logging_mixin.py:109} INFO - [2022-06-17 22:09:04,446] {dag.py:2398} INFO - Sync 1 DAGs
[2022-06-17 22:09:04,554] {logging_mixin.py:109} INFO - [2022-06-17 22:09:04,553] {dag.py:2937} INFO - Setting next_dagrun for example_branch_labels to 2022-06-16 00:00:00+00:00
[2022-06-17 22:09:04,615] {processor.py:171} INFO - Processing /home/saba/.local/lib/python3.6/site-packages/airflow/example_dags/example_branch_labels.py took 0.453 seconds
[2022-06-17 22:10:06,518] {processor.py:163} INFO - Started process (PID=2440) to work on /home/saba/.local/lib/python3.6/site-packages/airflow/example_dags/example_branch_labels.py
[2022-06-17 22:10:06,532] {processor.py:642} INFO - Processing file /home/saba/.local/lib/python3.6/site-packages/airflow/example_dags/example_branch_labels.py for tasks to queue
[2022-06-17 22:10:06,534] {logging_mixin.py:109} INFO - [2022-06-17 22:10:06,534] {dagbag.py:500} INFO - Filling up the DagBag from /home/saba/.local/lib/python3.6/site-packages/airflow/example_dags/example_branch_labels.py
[2022-06-17 22:10:06,632] {processor.py:652} INFO - DAG(s) dict_keys(['example_branch_labels']) retrieved from /home/saba/.local/lib/python3.6/site-packages/airflow/example_dags/example_branch_labels.py
[2022-06-17 22:10:06,709] {logging_mixin.py:109} INFO - [2022-06-17 22:10:06,709] {dag.py:2398} INFO - Sync 1 DAGs
[2022-06-17 22:10:06,792] {logging_mixin.py:109} INFO - [2022-06-17 22:10:06,792] {dag.py:2937} INFO - Setting next_dagrun for example_branch_labels to 2022-06-16 00:00:00+00:00
[2022-06-17 22:10:06,829] {processor.py:171} INFO - Processing /home/saba/.local/lib/python3.6/site-packages/airflow/example_dags/example_branch_labels.py took 0.329 seconds
[2022-06-17 22:18:17,022] {processor.py:163} INFO - Started process (PID=176) to work on /home/saba/.local/lib/python3.6/site-packages/airflow/example_dags/example_branch_labels.py
[2022-06-17 22:18:17,024] {processor.py:642} INFO - Processing file /home/saba/.local/lib/python3.6/site-packages/airflow/example_dags/example_branch_labels.py for tasks to queue
[2022-06-17 22:18:17,024] {logging_mixin.py:109} INFO - [2022-06-17 22:18:17,024] {dagbag.py:500} INFO - Filling up the DagBag from /home/saba/.local/lib/python3.6/site-packages/airflow/example_dags/example_branch_labels.py
[2022-06-17 22:18:17,044] {processor.py:652} INFO - DAG(s) dict_keys(['example_branch_labels']) retrieved from /home/saba/.local/lib/python3.6/site-packages/airflow/example_dags/example_branch_labels.py
[2022-06-17 22:18:17,062] {logging_mixin.py:109} INFO - [2022-06-17 22:18:17,062] {dag.py:2398} INFO - Sync 1 DAGs
[2022-06-17 22:18:17,079] {logging_mixin.py:109} INFO - [2022-06-17 22:18:17,079] {dag.py:2937} INFO - Setting next_dagrun for example_branch_labels to 2022-06-16 00:00:00+00:00
[2022-06-17 22:18:17,097] {processor.py:171} INFO - Processing /home/saba/.local/lib/python3.6/site-packages/airflow/example_dags/example_branch_labels.py took 0.076 seconds
[2022-06-17 22:19:06,272] {processor.py:163} INFO - Started process (PID=643) to work on /home/saba/.local/lib/python3.6/site-packages/airflow/example_dags/example_branch_labels.py
[2022-06-17 22:19:06,280] {processor.py:642} INFO - Processing file /home/saba/.local/lib/python3.6/site-packages/airflow/example_dags/example_branch_labels.py for tasks to queue
[2022-06-17 22:19:06,284] {logging_mixin.py:109} INFO - [2022-06-17 22:19:06,284] {dagbag.py:500} INFO - Filling up the DagBag from /home/saba/.local/lib/python3.6/site-packages/airflow/example_dags/example_branch_labels.py
[2022-06-17 22:19:06,399] {processor.py:652} INFO - DAG(s) dict_keys(['example_branch_labels']) retrieved from /home/saba/.local/lib/python3.6/site-packages/airflow/example_dags/example_branch_labels.py
[2022-06-17 22:19:06,469] {logging_mixin.py:109} INFO - [2022-06-17 22:19:06,468] {dag.py:2398} INFO - Sync 1 DAGs
[2022-06-17 22:19:06,551] {logging_mixin.py:109} INFO - [2022-06-17 22:19:06,551] {dag.py:2937} INFO - Setting next_dagrun for example_branch_labels to 2022-06-16 00:00:00+00:00
[2022-06-17 22:19:06,598] {processor.py:171} INFO - Processing /home/saba/.local/lib/python3.6/site-packages/airflow/example_dags/example_branch_labels.py took 0.343 seconds
[2022-06-17 22:19:56,824] {processor.py:163} INFO - Started process (PID=3504) to work on /home/saba/.local/lib/python3.6/site-packages/airflow/example_dags/example_branch_labels.py
[2022-06-17 22:19:56,826] {processor.py:642} INFO - Processing file /home/saba/.local/lib/python3.6/site-packages/airflow/example_dags/example_branch_labels.py for tasks to queue
[2022-06-17 22:19:56,827] {logging_mixin.py:109} INFO - [2022-06-17 22:19:56,827] {dagbag.py:500} INFO - Filling up the DagBag from /home/saba/.local/lib/python3.6/site-packages/airflow/example_dags/example_branch_labels.py
[2022-06-17 22:19:56,850] {processor.py:652} INFO - DAG(s) dict_keys(['example_branch_labels']) retrieved from /home/saba/.local/lib/python3.6/site-packages/airflow/example_dags/example_branch_labels.py
[2022-06-17 22:19:56,867] {logging_mixin.py:109} INFO - [2022-06-17 22:19:56,867] {dag.py:2398} INFO - Sync 1 DAGs
[2022-06-17 22:19:56,890] {logging_mixin.py:109} INFO - [2022-06-17 22:19:56,890] {dag.py:2937} INFO - Setting next_dagrun for example_branch_labels to 2022-06-16 00:00:00+00:00
[2022-06-17 22:19:56,906] {processor.py:171} INFO - Processing /home/saba/.local/lib/python3.6/site-packages/airflow/example_dags/example_branch_labels.py took 0.085 seconds
[2022-06-17 22:20:35,857] {processor.py:163} INFO - Started process (PID=3558) to work on /home/saba/.local/lib/python3.6/site-packages/airflow/example_dags/example_branch_labels.py
[2022-06-17 22:20:35,859] {processor.py:642} INFO - Processing file /home/saba/.local/lib/python3.6/site-packages/airflow/example_dags/example_branch_labels.py for tasks to queue
[2022-06-17 22:20:35,860] {logging_mixin.py:109} INFO - [2022-06-17 22:20:35,860] {dagbag.py:500} INFO - Filling up the DagBag from /home/saba/.local/lib/python3.6/site-packages/airflow/example_dags/example_branch_labels.py
[2022-06-17 22:20:35,883] {processor.py:652} INFO - DAG(s) dict_keys(['example_branch_labels']) retrieved from /home/saba/.local/lib/python3.6/site-packages/airflow/example_dags/example_branch_labels.py
[2022-06-17 22:20:35,901] {logging_mixin.py:109} INFO - [2022-06-17 22:20:35,900] {dag.py:2398} INFO - Sync 1 DAGs
[2022-06-17 22:20:35,923] {logging_mixin.py:109} INFO - [2022-06-17 22:20:35,923] {dag.py:2937} INFO - Setting next_dagrun for example_branch_labels to 2022-06-16 00:00:00+00:00
[2022-06-17 22:20:35,940] {processor.py:171} INFO - Processing /home/saba/.local/lib/python3.6/site-packages/airflow/example_dags/example_branch_labels.py took 0.085 seconds
[2022-06-17 22:21:12,865] {processor.py:163} INFO - Started process (PID=3610) to work on /home/saba/.local/lib/python3.6/site-packages/airflow/example_dags/example_branch_labels.py
[2022-06-17 22:21:12,866] {processor.py:642} INFO - Processing file /home/saba/.local/lib/python3.6/site-packages/airflow/example_dags/example_branch_labels.py for tasks to queue
[2022-06-17 22:21:12,867] {logging_mixin.py:109} INFO - [2022-06-17 22:21:12,867] {dagbag.py:500} INFO - Filling up the DagBag from /home/saba/.local/lib/python3.6/site-packages/airflow/example_dags/example_branch_labels.py
[2022-06-17 22:21:12,892] {processor.py:652} INFO - DAG(s) dict_keys(['example_branch_labels']) retrieved from /home/saba/.local/lib/python3.6/site-packages/airflow/example_dags/example_branch_labels.py
[2022-06-17 22:21:12,909] {logging_mixin.py:109} INFO - [2022-06-17 22:21:12,909] {dag.py:2398} INFO - Sync 1 DAGs
[2022-06-17 22:21:12,932] {logging_mixin.py:109} INFO - [2022-06-17 22:21:12,931] {dag.py:2937} INFO - Setting next_dagrun for example_branch_labels to 2022-06-16 00:00:00+00:00
[2022-06-17 22:21:12,949] {processor.py:171} INFO - Processing /home/saba/.local/lib/python3.6/site-packages/airflow/example_dags/example_branch_labels.py took 0.088 seconds
[2022-06-17 22:21:48,831] {processor.py:163} INFO - Started process (PID=3672) to work on /home/saba/.local/lib/python3.6/site-packages/airflow/example_dags/example_branch_labels.py
[2022-06-17 22:21:48,833] {processor.py:642} INFO - Processing file /home/saba/.local/lib/python3.6/site-packages/airflow/example_dags/example_branch_labels.py for tasks to queue
[2022-06-17 22:21:48,833] {logging_mixin.py:109} INFO - [2022-06-17 22:21:48,833] {dagbag.py:500} INFO - Filling up the DagBag from /home/saba/.local/lib/python3.6/site-packages/airflow/example_dags/example_branch_labels.py
[2022-06-17 22:21:48,852] {processor.py:652} INFO - DAG(s) dict_keys(['example_branch_labels']) retrieved from /home/saba/.local/lib/python3.6/site-packages/airflow/example_dags/example_branch_labels.py
[2022-06-17 22:21:48,867] {logging_mixin.py:109} INFO - [2022-06-17 22:21:48,867] {dag.py:2398} INFO - Sync 1 DAGs
[2022-06-17 22:21:48,888] {logging_mixin.py:109} INFO - [2022-06-17 22:21:48,887] {dag.py:2937} INFO - Setting next_dagrun for example_branch_labels to 2022-06-16 00:00:00+00:00
[2022-06-17 22:21:48,904] {processor.py:171} INFO - Processing /home/saba/.local/lib/python3.6/site-packages/airflow/example_dags/example_branch_labels.py took 0.076 seconds
[2022-06-17 22:22:24,443] {processor.py:163} INFO - Started process (PID=3730) to work on /home/saba/.local/lib/python3.6/site-packages/airflow/example_dags/example_branch_labels.py
[2022-06-17 22:22:24,445] {processor.py:642} INFO - Processing file /home/saba/.local/lib/python3.6/site-packages/airflow/example_dags/example_branch_labels.py for tasks to queue
[2022-06-17 22:22:24,446] {logging_mixin.py:109} INFO - [2022-06-17 22:22:24,446] {dagbag.py:500} INFO - Filling up the DagBag from /home/saba/.local/lib/python3.6/site-packages/airflow/example_dags/example_branch_labels.py
[2022-06-17 22:22:24,470] {processor.py:652} INFO - DAG(s) dict_keys(['example_branch_labels']) retrieved from /home/saba/.local/lib/python3.6/site-packages/airflow/example_dags/example_branch_labels.py
[2022-06-17 22:22:24,490] {logging_mixin.py:109} INFO - [2022-06-17 22:22:24,489] {dag.py:2398} INFO - Sync 1 DAGs
[2022-06-17 22:22:24,516] {logging_mixin.py:109} INFO - [2022-06-17 22:22:24,515] {dag.py:2937} INFO - Setting next_dagrun for example_branch_labels to 2022-06-16 00:00:00+00:00
[2022-06-17 22:22:24,538] {processor.py:171} INFO - Processing /home/saba/.local/lib/python3.6/site-packages/airflow/example_dags/example_branch_labels.py took 0.099 seconds
[2022-06-17 22:23:00,570] {processor.py:163} INFO - Started process (PID=3781) to work on /home/saba/.local/lib/python3.6/site-packages/airflow/example_dags/example_branch_labels.py
[2022-06-17 22:23:00,571] {processor.py:642} INFO - Processing file /home/saba/.local/lib/python3.6/site-packages/airflow/example_dags/example_branch_labels.py for tasks to queue
[2022-06-17 22:23:00,572] {logging_mixin.py:109} INFO - [2022-06-17 22:23:00,572] {dagbag.py:500} INFO - Filling up the DagBag from /home/saba/.local/lib/python3.6/site-packages/airflow/example_dags/example_branch_labels.py
[2022-06-17 22:23:00,591] {processor.py:652} INFO - DAG(s) dict_keys(['example_branch_labels']) retrieved from /home/saba/.local/lib/python3.6/site-packages/airflow/example_dags/example_branch_labels.py
[2022-06-17 22:23:00,605] {logging_mixin.py:109} INFO - [2022-06-17 22:23:00,605] {dag.py:2398} INFO - Sync 1 DAGs
[2022-06-17 22:23:00,625] {logging_mixin.py:109} INFO - [2022-06-17 22:23:00,625] {dag.py:2937} INFO - Setting next_dagrun for example_branch_labels to 2022-06-16 00:00:00+00:00
[2022-06-17 22:23:00,644] {processor.py:171} INFO - Processing /home/saba/.local/lib/python3.6/site-packages/airflow/example_dags/example_branch_labels.py took 0.078 seconds
[2022-06-17 22:23:37,140] {processor.py:163} INFO - Started process (PID=3834) to work on /home/saba/.local/lib/python3.6/site-packages/airflow/example_dags/example_branch_labels.py
[2022-06-17 22:23:37,142] {processor.py:642} INFO - Processing file /home/saba/.local/lib/python3.6/site-packages/airflow/example_dags/example_branch_labels.py for tasks to queue
[2022-06-17 22:23:37,142] {logging_mixin.py:109} INFO - [2022-06-17 22:23:37,142] {dagbag.py:500} INFO - Filling up the DagBag from /home/saba/.local/lib/python3.6/site-packages/airflow/example_dags/example_branch_labels.py
[2022-06-17 22:23:37,163] {processor.py:652} INFO - DAG(s) dict_keys(['example_branch_labels']) retrieved from /home/saba/.local/lib/python3.6/site-packages/airflow/example_dags/example_branch_labels.py
[2022-06-17 22:23:37,180] {logging_mixin.py:109} INFO - [2022-06-17 22:23:37,180] {dag.py:2398} INFO - Sync 1 DAGs
[2022-06-17 22:23:37,204] {logging_mixin.py:109} INFO - [2022-06-17 22:23:37,204] {dag.py:2937} INFO - Setting next_dagrun for example_branch_labels to 2022-06-16 00:00:00+00:00
[2022-06-17 22:23:37,222] {processor.py:171} INFO - Processing /home/saba/.local/lib/python3.6/site-packages/airflow/example_dags/example_branch_labels.py took 0.085 seconds
[2022-06-17 22:24:15,591] {processor.py:163} INFO - Started process (PID=3946) to work on /home/saba/.local/lib/python3.6/site-packages/airflow/example_dags/example_branch_labels.py
[2022-06-17 22:24:15,592] {processor.py:642} INFO - Processing file /home/saba/.local/lib/python3.6/site-packages/airflow/example_dags/example_branch_labels.py for tasks to queue
[2022-06-17 22:24:15,593] {logging_mixin.py:109} INFO - [2022-06-17 22:24:15,593] {dagbag.py:500} INFO - Filling up the DagBag from /home/saba/.local/lib/python3.6/site-packages/airflow/example_dags/example_branch_labels.py
[2022-06-17 22:24:15,612] {processor.py:652} INFO - DAG(s) dict_keys(['example_branch_labels']) retrieved from /home/saba/.local/lib/python3.6/site-packages/airflow/example_dags/example_branch_labels.py
[2022-06-17 22:24:15,626] {logging_mixin.py:109} INFO - [2022-06-17 22:24:15,626] {dag.py:2398} INFO - Sync 1 DAGs
[2022-06-17 22:24:15,647] {logging_mixin.py:109} INFO - [2022-06-17 22:24:15,647] {dag.py:2937} INFO - Setting next_dagrun for example_branch_labels to 2022-06-16 00:00:00+00:00
[2022-06-17 22:24:15,663] {processor.py:171} INFO - Processing /home/saba/.local/lib/python3.6/site-packages/airflow/example_dags/example_branch_labels.py took 0.075 seconds
[2022-06-17 22:24:50,588] {processor.py:163} INFO - Started process (PID=3999) to work on /home/saba/.local/lib/python3.6/site-packages/airflow/example_dags/example_branch_labels.py
[2022-06-17 22:24:50,590] {processor.py:642} INFO - Processing file /home/saba/.local/lib/python3.6/site-packages/airflow/example_dags/example_branch_labels.py for tasks to queue
[2022-06-17 22:24:50,590] {logging_mixin.py:109} INFO - [2022-06-17 22:24:50,590] {dagbag.py:500} INFO - Filling up the DagBag from /home/saba/.local/lib/python3.6/site-packages/airflow/example_dags/example_branch_labels.py
[2022-06-17 22:24:50,611] {processor.py:652} INFO - DAG(s) dict_keys(['example_branch_labels']) retrieved from /home/saba/.local/lib/python3.6/site-packages/airflow/example_dags/example_branch_labels.py
[2022-06-17 22:24:50,628] {logging_mixin.py:109} INFO - [2022-06-17 22:24:50,627] {dag.py:2398} INFO - Sync 1 DAGs
[2022-06-17 22:24:50,650] {logging_mixin.py:109} INFO - [2022-06-17 22:24:50,650] {dag.py:2937} INFO - Setting next_dagrun for example_branch_labels to 2022-06-16 00:00:00+00:00
[2022-06-17 22:24:50,667] {processor.py:171} INFO - Processing /home/saba/.local/lib/python3.6/site-packages/airflow/example_dags/example_branch_labels.py took 0.083 seconds
[2022-06-17 22:25:39,242] {processor.py:163} INFO - Started process (PID=4245) to work on /home/saba/.local/lib/python3.6/site-packages/airflow/example_dags/example_branch_labels.py
[2022-06-17 22:25:39,246] {processor.py:642} INFO - Processing file /home/saba/.local/lib/python3.6/site-packages/airflow/example_dags/example_branch_labels.py for tasks to queue
[2022-06-17 22:25:39,249] {logging_mixin.py:109} INFO - [2022-06-17 22:25:39,249] {dagbag.py:500} INFO - Filling up the DagBag from /home/saba/.local/lib/python3.6/site-packages/airflow/example_dags/example_branch_labels.py
[2022-06-17 22:25:39,347] {processor.py:652} INFO - DAG(s) dict_keys(['example_branch_labels']) retrieved from /home/saba/.local/lib/python3.6/site-packages/airflow/example_dags/example_branch_labels.py
[2022-06-17 22:25:39,456] {logging_mixin.py:109} INFO - [2022-06-17 22:25:39,455] {dag.py:2398} INFO - Sync 1 DAGs
[2022-06-17 22:25:39,600] {logging_mixin.py:109} INFO - [2022-06-17 22:25:39,599] {dag.py:2937} INFO - Setting next_dagrun for example_branch_labels to 2022-06-16 00:00:00+00:00
[2022-06-17 22:25:39,686] {processor.py:171} INFO - Processing /home/saba/.local/lib/python3.6/site-packages/airflow/example_dags/example_branch_labels.py took 0.456 seconds
[2022-06-17 22:26:33,504] {processor.py:163} INFO - Started process (PID=4418) to work on /home/saba/.local/lib/python3.6/site-packages/airflow/example_dags/example_branch_labels.py
[2022-06-17 22:26:33,520] {processor.py:642} INFO - Processing file /home/saba/.local/lib/python3.6/site-packages/airflow/example_dags/example_branch_labels.py for tasks to queue
[2022-06-17 22:26:33,533] {logging_mixin.py:109} INFO - [2022-06-17 22:26:33,522] {dagbag.py:500} INFO - Filling up the DagBag from /home/saba/.local/lib/python3.6/site-packages/airflow/example_dags/example_branch_labels.py
[2022-06-17 22:26:33,732] {processor.py:652} INFO - DAG(s) dict_keys(['example_branch_labels']) retrieved from /home/saba/.local/lib/python3.6/site-packages/airflow/example_dags/example_branch_labels.py
[2022-06-17 22:26:33,810] {logging_mixin.py:109} INFO - [2022-06-17 22:26:33,809] {dag.py:2398} INFO - Sync 1 DAGs
[2022-06-17 22:26:33,995] {logging_mixin.py:109} INFO - [2022-06-17 22:26:33,995] {dag.py:2937} INFO - Setting next_dagrun for example_branch_labels to 2022-06-16 00:00:00+00:00
[2022-06-17 22:26:34,097] {processor.py:171} INFO - Processing /home/saba/.local/lib/python3.6/site-packages/airflow/example_dags/example_branch_labels.py took 0.615 seconds
[2022-06-17 22:27:27,268] {processor.py:163} INFO - Started process (PID=4495) to work on /home/saba/.local/lib/python3.6/site-packages/airflow/example_dags/example_branch_labels.py
[2022-06-17 22:27:27,272] {processor.py:642} INFO - Processing file /home/saba/.local/lib/python3.6/site-packages/airflow/example_dags/example_branch_labels.py for tasks to queue
[2022-06-17 22:27:27,273] {logging_mixin.py:109} INFO - [2022-06-17 22:27:27,273] {dagbag.py:500} INFO - Filling up the DagBag from /home/saba/.local/lib/python3.6/site-packages/airflow/example_dags/example_branch_labels.py
[2022-06-17 22:27:27,348] {processor.py:652} INFO - DAG(s) dict_keys(['example_branch_labels']) retrieved from /home/saba/.local/lib/python3.6/site-packages/airflow/example_dags/example_branch_labels.py
[2022-06-17 22:27:27,413] {logging_mixin.py:109} INFO - [2022-06-17 22:27:27,412] {dag.py:2398} INFO - Sync 1 DAGs
[2022-06-17 22:27:27,567] {logging_mixin.py:109} INFO - [2022-06-17 22:27:27,566] {dag.py:2937} INFO - Setting next_dagrun for example_branch_labels to 2022-06-16 00:00:00+00:00
[2022-06-17 22:27:27,641] {processor.py:171} INFO - Processing /home/saba/.local/lib/python3.6/site-packages/airflow/example_dags/example_branch_labels.py took 0.376 seconds
[2022-06-17 22:28:32,226] {processor.py:163} INFO - Started process (PID=4571) to work on /home/saba/.local/lib/python3.6/site-packages/airflow/example_dags/example_branch_labels.py
[2022-06-17 22:28:32,232] {processor.py:642} INFO - Processing file /home/saba/.local/lib/python3.6/site-packages/airflow/example_dags/example_branch_labels.py for tasks to queue
[2022-06-17 22:28:32,236] {logging_mixin.py:109} INFO - [2022-06-17 22:28:32,235] {dagbag.py:500} INFO - Filling up the DagBag from /home/saba/.local/lib/python3.6/site-packages/airflow/example_dags/example_branch_labels.py
[2022-06-17 22:28:32,345] {processor.py:652} INFO - DAG(s) dict_keys(['example_branch_labels']) retrieved from /home/saba/.local/lib/python3.6/site-packages/airflow/example_dags/example_branch_labels.py
[2022-06-17 22:28:32,410] {logging_mixin.py:109} INFO - [2022-06-17 22:28:32,410] {dag.py:2398} INFO - Sync 1 DAGs
[2022-06-17 22:28:32,499] {logging_mixin.py:109} INFO - [2022-06-17 22:28:32,499] {dag.py:2937} INFO - Setting next_dagrun for example_branch_labels to 2022-06-16 00:00:00+00:00
[2022-06-17 22:28:32,548] {processor.py:171} INFO - Processing /home/saba/.local/lib/python3.6/site-packages/airflow/example_dags/example_branch_labels.py took 0.342 seconds
[2022-06-17 22:29:35,751] {processor.py:163} INFO - Started process (PID=4629) to work on /home/saba/.local/lib/python3.6/site-packages/airflow/example_dags/example_branch_labels.py
[2022-06-17 22:29:35,765] {processor.py:642} INFO - Processing file /home/saba/.local/lib/python3.6/site-packages/airflow/example_dags/example_branch_labels.py for tasks to queue
[2022-06-17 22:29:35,770] {logging_mixin.py:109} INFO - [2022-06-17 22:29:35,769] {dagbag.py:500} INFO - Filling up the DagBag from /home/saba/.local/lib/python3.6/site-packages/airflow/example_dags/example_branch_labels.py
[2022-06-17 22:29:35,911] {processor.py:652} INFO - DAG(s) dict_keys(['example_branch_labels']) retrieved from /home/saba/.local/lib/python3.6/site-packages/airflow/example_dags/example_branch_labels.py
[2022-06-17 22:29:35,986] {logging_mixin.py:109} INFO - [2022-06-17 22:29:35,985] {dag.py:2398} INFO - Sync 1 DAGs
[2022-06-17 22:29:36,147] {logging_mixin.py:109} INFO - [2022-06-17 22:29:36,146] {dag.py:2937} INFO - Setting next_dagrun for example_branch_labels to 2022-06-16 00:00:00+00:00
[2022-06-17 22:29:36,205] {processor.py:171} INFO - Processing /home/saba/.local/lib/python3.6/site-packages/airflow/example_dags/example_branch_labels.py took 0.483 seconds
[2022-06-17 22:30:31,210] {processor.py:163} INFO - Started process (PID=4973) to work on /home/saba/.local/lib/python3.6/site-packages/airflow/example_dags/example_branch_labels.py
[2022-06-17 22:30:31,213] {processor.py:642} INFO - Processing file /home/saba/.local/lib/python3.6/site-packages/airflow/example_dags/example_branch_labels.py for tasks to queue
[2022-06-17 22:30:31,214] {logging_mixin.py:109} INFO - [2022-06-17 22:30:31,214] {dagbag.py:500} INFO - Filling up the DagBag from /home/saba/.local/lib/python3.6/site-packages/airflow/example_dags/example_branch_labels.py
[2022-06-17 22:30:31,254] {processor.py:652} INFO - DAG(s) dict_keys(['example_branch_labels']) retrieved from /home/saba/.local/lib/python3.6/site-packages/airflow/example_dags/example_branch_labels.py
[2022-06-17 22:30:31,287] {logging_mixin.py:109} INFO - [2022-06-17 22:30:31,287] {dag.py:2398} INFO - Sync 1 DAGs
[2022-06-17 22:30:31,333] {logging_mixin.py:109} INFO - [2022-06-17 22:30:31,333] {dag.py:2937} INFO - Setting next_dagrun for example_branch_labels to 2022-06-16 00:00:00+00:00
[2022-06-17 22:30:31,359] {processor.py:171} INFO - Processing /home/saba/.local/lib/python3.6/site-packages/airflow/example_dags/example_branch_labels.py took 0.155 seconds
[2022-06-17 22:31:14,785] {processor.py:163} INFO - Started process (PID=5060) to work on /home/saba/.local/lib/python3.6/site-packages/airflow/example_dags/example_branch_labels.py
[2022-06-17 22:31:14,789] {processor.py:642} INFO - Processing file /home/saba/.local/lib/python3.6/site-packages/airflow/example_dags/example_branch_labels.py for tasks to queue
[2022-06-17 22:31:14,792] {logging_mixin.py:109} INFO - [2022-06-17 22:31:14,791] {dagbag.py:500} INFO - Filling up the DagBag from /home/saba/.local/lib/python3.6/site-packages/airflow/example_dags/example_branch_labels.py
[2022-06-17 22:31:14,850] {processor.py:652} INFO - DAG(s) dict_keys(['example_branch_labels']) retrieved from /home/saba/.local/lib/python3.6/site-packages/airflow/example_dags/example_branch_labels.py
[2022-06-17 22:31:14,899] {logging_mixin.py:109} INFO - [2022-06-17 22:31:14,898] {dag.py:2398} INFO - Sync 1 DAGs
[2022-06-17 22:31:14,963] {logging_mixin.py:109} INFO - [2022-06-17 22:31:14,962] {dag.py:2937} INFO - Setting next_dagrun for example_branch_labels to 2022-06-16 00:00:00+00:00
[2022-06-17 22:31:14,991] {processor.py:171} INFO - Processing /home/saba/.local/lib/python3.6/site-packages/airflow/example_dags/example_branch_labels.py took 0.215 seconds
[2022-06-17 22:32:03,720] {processor.py:163} INFO - Started process (PID=5104) to work on /home/saba/.local/lib/python3.6/site-packages/airflow/example_dags/example_branch_labels.py
[2022-06-17 22:32:03,724] {processor.py:642} INFO - Processing file /home/saba/.local/lib/python3.6/site-packages/airflow/example_dags/example_branch_labels.py for tasks to queue
[2022-06-17 22:32:03,725] {logging_mixin.py:109} INFO - [2022-06-17 22:32:03,725] {dagbag.py:500} INFO - Filling up the DagBag from /home/saba/.local/lib/python3.6/site-packages/airflow/example_dags/example_branch_labels.py
[2022-06-17 22:32:03,818] {processor.py:652} INFO - DAG(s) dict_keys(['example_branch_labels']) retrieved from /home/saba/.local/lib/python3.6/site-packages/airflow/example_dags/example_branch_labels.py
[2022-06-17 22:32:03,900] {logging_mixin.py:109} INFO - [2022-06-17 22:32:03,900] {dag.py:2398} INFO - Sync 1 DAGs
[2022-06-17 22:32:04,043] {logging_mixin.py:109} INFO - [2022-06-17 22:32:04,042] {dag.py:2937} INFO - Setting next_dagrun for example_branch_labels to 2022-06-16 00:00:00+00:00
[2022-06-17 22:32:04,145] {processor.py:171} INFO - Processing /home/saba/.local/lib/python3.6/site-packages/airflow/example_dags/example_branch_labels.py took 0.436 seconds
[2022-06-17 22:32:51,387] {processor.py:163} INFO - Started process (PID=5354) to work on /home/saba/.local/lib/python3.6/site-packages/airflow/example_dags/example_branch_labels.py
[2022-06-17 22:32:51,392] {processor.py:642} INFO - Processing file /home/saba/.local/lib/python3.6/site-packages/airflow/example_dags/example_branch_labels.py for tasks to queue
[2022-06-17 22:32:51,398] {logging_mixin.py:109} INFO - [2022-06-17 22:32:51,398] {dagbag.py:500} INFO - Filling up the DagBag from /home/saba/.local/lib/python3.6/site-packages/airflow/example_dags/example_branch_labels.py
[2022-06-17 22:32:51,479] {processor.py:652} INFO - DAG(s) dict_keys(['example_branch_labels']) retrieved from /home/saba/.local/lib/python3.6/site-packages/airflow/example_dags/example_branch_labels.py
[2022-06-17 22:32:51,549] {logging_mixin.py:109} INFO - [2022-06-17 22:32:51,548] {dag.py:2398} INFO - Sync 1 DAGs
[2022-06-17 22:32:51,613] {logging_mixin.py:109} INFO - [2022-06-17 22:32:51,613] {dag.py:2937} INFO - Setting next_dagrun for example_branch_labels to 2022-06-16 00:00:00+00:00
[2022-06-17 22:32:51,650] {processor.py:171} INFO - Processing /home/saba/.local/lib/python3.6/site-packages/airflow/example_dags/example_branch_labels.py took 0.275 seconds
[2022-06-17 22:33:35,726] {processor.py:163} INFO - Started process (PID=5621) to work on /home/saba/.local/lib/python3.6/site-packages/airflow/example_dags/example_branch_labels.py
[2022-06-17 22:33:35,729] {processor.py:642} INFO - Processing file /home/saba/.local/lib/python3.6/site-packages/airflow/example_dags/example_branch_labels.py for tasks to queue
[2022-06-17 22:33:35,730] {logging_mixin.py:109} INFO - [2022-06-17 22:33:35,730] {dagbag.py:500} INFO - Filling up the DagBag from /home/saba/.local/lib/python3.6/site-packages/airflow/example_dags/example_branch_labels.py
[2022-06-17 22:33:35,758] {processor.py:652} INFO - DAG(s) dict_keys(['example_branch_labels']) retrieved from /home/saba/.local/lib/python3.6/site-packages/airflow/example_dags/example_branch_labels.py
[2022-06-17 22:33:35,781] {logging_mixin.py:109} INFO - [2022-06-17 22:33:35,780] {dag.py:2398} INFO - Sync 1 DAGs
[2022-06-17 22:33:35,834] {logging_mixin.py:109} INFO - [2022-06-17 22:33:35,834] {dag.py:2937} INFO - Setting next_dagrun for example_branch_labels to 2022-06-16 00:00:00+00:00
[2022-06-17 22:33:35,900] {processor.py:171} INFO - Processing /home/saba/.local/lib/python3.6/site-packages/airflow/example_dags/example_branch_labels.py took 0.178 seconds
[2022-06-17 22:34:17,441] {processor.py:163} INFO - Started process (PID=5677) to work on /home/saba/.local/lib/python3.6/site-packages/airflow/example_dags/example_branch_labels.py
[2022-06-17 22:34:17,456] {processor.py:642} INFO - Processing file /home/saba/.local/lib/python3.6/site-packages/airflow/example_dags/example_branch_labels.py for tasks to queue
[2022-06-17 22:34:17,459] {logging_mixin.py:109} INFO - [2022-06-17 22:34:17,458] {dagbag.py:500} INFO - Filling up the DagBag from /home/saba/.local/lib/python3.6/site-packages/airflow/example_dags/example_branch_labels.py
[2022-06-17 22:34:17,579] {processor.py:652} INFO - DAG(s) dict_keys(['example_branch_labels']) retrieved from /home/saba/.local/lib/python3.6/site-packages/airflow/example_dags/example_branch_labels.py
[2022-06-17 22:34:17,663] {logging_mixin.py:109} INFO - [2022-06-17 22:34:17,662] {dag.py:2398} INFO - Sync 1 DAGs
[2022-06-17 22:34:17,781] {logging_mixin.py:109} INFO - [2022-06-17 22:34:17,776] {dag.py:2937} INFO - Setting next_dagrun for example_branch_labels to 2022-06-16 00:00:00+00:00
[2022-06-17 22:34:17,834] {processor.py:171} INFO - Processing /home/saba/.local/lib/python3.6/site-packages/airflow/example_dags/example_branch_labels.py took 0.404 seconds
[2022-06-17 22:35:05,701] {processor.py:163} INFO - Started process (PID=5730) to work on /home/saba/.local/lib/python3.6/site-packages/airflow/example_dags/example_branch_labels.py
[2022-06-17 22:35:05,705] {processor.py:642} INFO - Processing file /home/saba/.local/lib/python3.6/site-packages/airflow/example_dags/example_branch_labels.py for tasks to queue
[2022-06-17 22:35:05,708] {logging_mixin.py:109} INFO - [2022-06-17 22:35:05,707] {dagbag.py:500} INFO - Filling up the DagBag from /home/saba/.local/lib/python3.6/site-packages/airflow/example_dags/example_branch_labels.py
[2022-06-17 22:35:05,808] {processor.py:652} INFO - DAG(s) dict_keys(['example_branch_labels']) retrieved from /home/saba/.local/lib/python3.6/site-packages/airflow/example_dags/example_branch_labels.py
[2022-06-17 22:35:05,871] {logging_mixin.py:109} INFO - [2022-06-17 22:35:05,871] {dag.py:2398} INFO - Sync 1 DAGs
[2022-06-17 22:35:05,942] {logging_mixin.py:109} INFO - [2022-06-17 22:35:05,942] {dag.py:2937} INFO - Setting next_dagrun for example_branch_labels to 2022-06-16 00:00:00+00:00
[2022-06-17 22:35:05,980] {processor.py:171} INFO - Processing /home/saba/.local/lib/python3.6/site-packages/airflow/example_dags/example_branch_labels.py took 0.287 seconds
[2022-06-17 22:35:49,501] {processor.py:163} INFO - Started process (PID=5785) to work on /home/saba/.local/lib/python3.6/site-packages/airflow/example_dags/example_branch_labels.py
[2022-06-17 22:35:49,506] {processor.py:642} INFO - Processing file /home/saba/.local/lib/python3.6/site-packages/airflow/example_dags/example_branch_labels.py for tasks to queue
[2022-06-17 22:35:49,509] {logging_mixin.py:109} INFO - [2022-06-17 22:35:49,508] {dagbag.py:500} INFO - Filling up the DagBag from /home/saba/.local/lib/python3.6/site-packages/airflow/example_dags/example_branch_labels.py
[2022-06-17 22:35:49,587] {processor.py:652} INFO - DAG(s) dict_keys(['example_branch_labels']) retrieved from /home/saba/.local/lib/python3.6/site-packages/airflow/example_dags/example_branch_labels.py
[2022-06-17 22:35:49,666] {logging_mixin.py:109} INFO - [2022-06-17 22:35:49,665] {dag.py:2398} INFO - Sync 1 DAGs
[2022-06-17 22:35:49,806] {logging_mixin.py:109} INFO - [2022-06-17 22:35:49,804] {dag.py:2937} INFO - Setting next_dagrun for example_branch_labels to 2022-06-16 00:00:00+00:00
[2022-06-17 22:35:49,863] {processor.py:171} INFO - Processing /home/saba/.local/lib/python3.6/site-packages/airflow/example_dags/example_branch_labels.py took 0.376 seconds
[2022-06-17 22:36:28,577] {processor.py:163} INFO - Started process (PID=5840) to work on /home/saba/.local/lib/python3.6/site-packages/airflow/example_dags/example_branch_labels.py
[2022-06-17 22:36:28,589] {processor.py:642} INFO - Processing file /home/saba/.local/lib/python3.6/site-packages/airflow/example_dags/example_branch_labels.py for tasks to queue
[2022-06-17 22:36:28,591] {logging_mixin.py:109} INFO - [2022-06-17 22:36:28,590] {dagbag.py:500} INFO - Filling up the DagBag from /home/saba/.local/lib/python3.6/site-packages/airflow/example_dags/example_branch_labels.py
[2022-06-17 22:36:28,684] {processor.py:652} INFO - DAG(s) dict_keys(['example_branch_labels']) retrieved from /home/saba/.local/lib/python3.6/site-packages/airflow/example_dags/example_branch_labels.py
[2022-06-17 22:36:28,753] {logging_mixin.py:109} INFO - [2022-06-17 22:36:28,752] {dag.py:2398} INFO - Sync 1 DAGs
[2022-06-17 22:36:28,818] {logging_mixin.py:109} INFO - [2022-06-17 22:36:28,817] {dag.py:2937} INFO - Setting next_dagrun for example_branch_labels to 2022-06-16 00:00:00+00:00
[2022-06-17 22:36:28,853] {processor.py:171} INFO - Processing /home/saba/.local/lib/python3.6/site-packages/airflow/example_dags/example_branch_labels.py took 0.282 seconds
[2022-06-17 22:37:12,028] {processor.py:163} INFO - Started process (PID=5894) to work on /home/saba/.local/lib/python3.6/site-packages/airflow/example_dags/example_branch_labels.py
[2022-06-17 22:37:12,031] {processor.py:642} INFO - Processing file /home/saba/.local/lib/python3.6/site-packages/airflow/example_dags/example_branch_labels.py for tasks to queue
[2022-06-17 22:37:12,033] {logging_mixin.py:109} INFO - [2022-06-17 22:37:12,033] {dagbag.py:500} INFO - Filling up the DagBag from /home/saba/.local/lib/python3.6/site-packages/airflow/example_dags/example_branch_labels.py
[2022-06-17 22:37:12,087] {processor.py:652} INFO - DAG(s) dict_keys(['example_branch_labels']) retrieved from /home/saba/.local/lib/python3.6/site-packages/airflow/example_dags/example_branch_labels.py
[2022-06-17 22:37:12,129] {logging_mixin.py:109} INFO - [2022-06-17 22:37:12,128] {dag.py:2398} INFO - Sync 1 DAGs
[2022-06-17 22:37:12,195] {logging_mixin.py:109} INFO - [2022-06-17 22:37:12,194] {dag.py:2937} INFO - Setting next_dagrun for example_branch_labels to 2022-06-16 00:00:00+00:00
[2022-06-17 22:37:12,231] {processor.py:171} INFO - Processing /home/saba/.local/lib/python3.6/site-packages/airflow/example_dags/example_branch_labels.py took 0.211 seconds
[2022-06-17 22:38:01,904] {processor.py:163} INFO - Started process (PID=5947) to work on /home/saba/.local/lib/python3.6/site-packages/airflow/example_dags/example_branch_labels.py
[2022-06-17 22:38:01,907] {processor.py:642} INFO - Processing file /home/saba/.local/lib/python3.6/site-packages/airflow/example_dags/example_branch_labels.py for tasks to queue
[2022-06-17 22:38:01,908] {logging_mixin.py:109} INFO - [2022-06-17 22:38:01,908] {dagbag.py:500} INFO - Filling up the DagBag from /home/saba/.local/lib/python3.6/site-packages/airflow/example_dags/example_branch_labels.py
[2022-06-17 22:38:01,946] {processor.py:652} INFO - DAG(s) dict_keys(['example_branch_labels']) retrieved from /home/saba/.local/lib/python3.6/site-packages/airflow/example_dags/example_branch_labels.py
[2022-06-17 22:38:01,971] {logging_mixin.py:109} INFO - [2022-06-17 22:38:01,971] {dag.py:2398} INFO - Sync 1 DAGs
[2022-06-17 22:38:02,017] {logging_mixin.py:109} INFO - [2022-06-17 22:38:02,016] {dag.py:2937} INFO - Setting next_dagrun for example_branch_labels to 2022-06-16 00:00:00+00:00
[2022-06-17 22:38:02,050] {processor.py:171} INFO - Processing /home/saba/.local/lib/python3.6/site-packages/airflow/example_dags/example_branch_labels.py took 0.152 seconds
[2022-06-17 22:38:45,062] {processor.py:163} INFO - Started process (PID=6001) to work on /home/saba/.local/lib/python3.6/site-packages/airflow/example_dags/example_branch_labels.py
[2022-06-17 22:38:45,068] {processor.py:642} INFO - Processing file /home/saba/.local/lib/python3.6/site-packages/airflow/example_dags/example_branch_labels.py for tasks to queue
[2022-06-17 22:38:45,075] {logging_mixin.py:109} INFO - [2022-06-17 22:38:45,074] {dagbag.py:500} INFO - Filling up the DagBag from /home/saba/.local/lib/python3.6/site-packages/airflow/example_dags/example_branch_labels.py
[2022-06-17 22:38:45,206] {processor.py:652} INFO - DAG(s) dict_keys(['example_branch_labels']) retrieved from /home/saba/.local/lib/python3.6/site-packages/airflow/example_dags/example_branch_labels.py
[2022-06-17 22:38:45,311] {logging_mixin.py:109} INFO - [2022-06-17 22:38:45,310] {dag.py:2398} INFO - Sync 1 DAGs
[2022-06-17 22:38:45,413] {logging_mixin.py:109} INFO - [2022-06-17 22:38:45,413] {dag.py:2937} INFO - Setting next_dagrun for example_branch_labels to 2022-06-16 00:00:00+00:00
[2022-06-17 22:38:45,450] {processor.py:171} INFO - Processing /home/saba/.local/lib/python3.6/site-packages/airflow/example_dags/example_branch_labels.py took 0.408 seconds
[2022-06-17 22:39:27,366] {processor.py:163} INFO - Started process (PID=6380) to work on /home/saba/.local/lib/python3.6/site-packages/airflow/example_dags/example_branch_labels.py
[2022-06-17 22:39:27,369] {processor.py:642} INFO - Processing file /home/saba/.local/lib/python3.6/site-packages/airflow/example_dags/example_branch_labels.py for tasks to queue
[2022-06-17 22:39:27,371] {logging_mixin.py:109} INFO - [2022-06-17 22:39:27,371] {dagbag.py:500} INFO - Filling up the DagBag from /home/saba/.local/lib/python3.6/site-packages/airflow/example_dags/example_branch_labels.py
[2022-06-17 22:39:27,429] {processor.py:652} INFO - DAG(s) dict_keys(['example_branch_labels']) retrieved from /home/saba/.local/lib/python3.6/site-packages/airflow/example_dags/example_branch_labels.py
[2022-06-17 22:39:27,472] {logging_mixin.py:109} INFO - [2022-06-17 22:39:27,472] {dag.py:2398} INFO - Sync 1 DAGs
[2022-06-17 22:39:27,558] {logging_mixin.py:109} INFO - [2022-06-17 22:39:27,558] {dag.py:2937} INFO - Setting next_dagrun for example_branch_labels to 2022-06-16 00:00:00+00:00
[2022-06-17 22:39:27,608] {processor.py:171} INFO - Processing /home/saba/.local/lib/python3.6/site-packages/airflow/example_dags/example_branch_labels.py took 0.249 seconds
[2022-06-17 22:40:19,070] {processor.py:163} INFO - Started process (PID=6820) to work on /home/saba/.local/lib/python3.6/site-packages/airflow/example_dags/example_branch_labels.py
[2022-06-17 22:40:19,072] {processor.py:642} INFO - Processing file /home/saba/.local/lib/python3.6/site-packages/airflow/example_dags/example_branch_labels.py for tasks to queue
[2022-06-17 22:40:19,073] {logging_mixin.py:109} INFO - [2022-06-17 22:40:19,073] {dagbag.py:500} INFO - Filling up the DagBag from /home/saba/.local/lib/python3.6/site-packages/airflow/example_dags/example_branch_labels.py
[2022-06-17 22:40:19,094] {processor.py:652} INFO - DAG(s) dict_keys(['example_branch_labels']) retrieved from /home/saba/.local/lib/python3.6/site-packages/airflow/example_dags/example_branch_labels.py
[2022-06-17 22:40:19,111] {logging_mixin.py:109} INFO - [2022-06-17 22:40:19,111] {dag.py:2398} INFO - Sync 1 DAGs
[2022-06-17 22:40:19,133] {logging_mixin.py:109} INFO - [2022-06-17 22:40:19,133] {dag.py:2937} INFO - Setting next_dagrun for example_branch_labels to 2022-06-16 00:00:00+00:00
[2022-06-17 22:40:19,152] {processor.py:171} INFO - Processing /home/saba/.local/lib/python3.6/site-packages/airflow/example_dags/example_branch_labels.py took 0.086 seconds
[2022-06-17 22:41:06,220] {processor.py:163} INFO - Started process (PID=6921) to work on /home/saba/.local/lib/python3.6/site-packages/airflow/example_dags/example_branch_labels.py
[2022-06-17 22:41:06,222] {processor.py:642} INFO - Processing file /home/saba/.local/lib/python3.6/site-packages/airflow/example_dags/example_branch_labels.py for tasks to queue
[2022-06-17 22:41:06,223] {logging_mixin.py:109} INFO - [2022-06-17 22:41:06,223] {dagbag.py:500} INFO - Filling up the DagBag from /home/saba/.local/lib/python3.6/site-packages/airflow/example_dags/example_branch_labels.py
[2022-06-17 22:41:06,243] {processor.py:652} INFO - DAG(s) dict_keys(['example_branch_labels']) retrieved from /home/saba/.local/lib/python3.6/site-packages/airflow/example_dags/example_branch_labels.py
[2022-06-17 22:41:06,259] {logging_mixin.py:109} INFO - [2022-06-17 22:41:06,258] {dag.py:2398} INFO - Sync 1 DAGs
[2022-06-17 22:41:06,279] {logging_mixin.py:109} INFO - [2022-06-17 22:41:06,279] {dag.py:2937} INFO - Setting next_dagrun for example_branch_labels to 2022-06-16 00:00:00+00:00
[2022-06-17 22:41:06,295] {processor.py:171} INFO - Processing /home/saba/.local/lib/python3.6/site-packages/airflow/example_dags/example_branch_labels.py took 0.078 seconds
[2022-06-17 22:41:43,563] {processor.py:163} INFO - Started process (PID=6983) to work on /home/saba/.local/lib/python3.6/site-packages/airflow/example_dags/example_branch_labels.py
[2022-06-17 22:41:43,566] {processor.py:642} INFO - Processing file /home/saba/.local/lib/python3.6/site-packages/airflow/example_dags/example_branch_labels.py for tasks to queue
[2022-06-17 22:41:43,567] {logging_mixin.py:109} INFO - [2022-06-17 22:41:43,566] {dagbag.py:500} INFO - Filling up the DagBag from /home/saba/.local/lib/python3.6/site-packages/airflow/example_dags/example_branch_labels.py
[2022-06-17 22:41:43,592] {processor.py:652} INFO - DAG(s) dict_keys(['example_branch_labels']) retrieved from /home/saba/.local/lib/python3.6/site-packages/airflow/example_dags/example_branch_labels.py
[2022-06-17 22:41:43,612] {logging_mixin.py:109} INFO - [2022-06-17 22:41:43,612] {dag.py:2398} INFO - Sync 1 DAGs
[2022-06-17 22:41:43,640] {logging_mixin.py:109} INFO - [2022-06-17 22:41:43,639] {dag.py:2937} INFO - Setting next_dagrun for example_branch_labels to 2022-06-16 00:00:00+00:00
[2022-06-17 22:41:43,660] {processor.py:171} INFO - Processing /home/saba/.local/lib/python3.6/site-packages/airflow/example_dags/example_branch_labels.py took 0.101 seconds
[2022-06-17 22:42:27,514] {processor.py:163} INFO - Started process (PID=7602) to work on /home/saba/.local/lib/python3.6/site-packages/airflow/example_dags/example_branch_labels.py
[2022-06-17 22:42:27,516] {processor.py:642} INFO - Processing file /home/saba/.local/lib/python3.6/site-packages/airflow/example_dags/example_branch_labels.py for tasks to queue
[2022-06-17 22:42:27,517] {logging_mixin.py:109} INFO - [2022-06-17 22:42:27,517] {dagbag.py:500} INFO - Filling up the DagBag from /home/saba/.local/lib/python3.6/site-packages/airflow/example_dags/example_branch_labels.py
[2022-06-17 22:42:27,556] {processor.py:652} INFO - DAG(s) dict_keys(['example_branch_labels']) retrieved from /home/saba/.local/lib/python3.6/site-packages/airflow/example_dags/example_branch_labels.py
[2022-06-17 22:42:27,586] {logging_mixin.py:109} INFO - [2022-06-17 22:42:27,586] {dag.py:2398} INFO - Sync 1 DAGs
[2022-06-17 22:42:27,626] {logging_mixin.py:109} INFO - [2022-06-17 22:42:27,626] {dag.py:2937} INFO - Setting next_dagrun for example_branch_labels to 2022-06-16 00:00:00+00:00
[2022-06-17 22:42:27,647] {processor.py:171} INFO - Processing /home/saba/.local/lib/python3.6/site-packages/airflow/example_dags/example_branch_labels.py took 0.138 seconds
[2022-06-17 22:43:13,127] {processor.py:163} INFO - Started process (PID=8051) to work on /home/saba/.local/lib/python3.6/site-packages/airflow/example_dags/example_branch_labels.py
[2022-06-17 22:43:13,138] {processor.py:642} INFO - Processing file /home/saba/.local/lib/python3.6/site-packages/airflow/example_dags/example_branch_labels.py for tasks to queue
[2022-06-17 22:43:13,145] {logging_mixin.py:109} INFO - [2022-06-17 22:43:13,144] {dagbag.py:500} INFO - Filling up the DagBag from /home/saba/.local/lib/python3.6/site-packages/airflow/example_dags/example_branch_labels.py
[2022-06-17 22:43:13,385] {processor.py:652} INFO - DAG(s) dict_keys(['example_branch_labels']) retrieved from /home/saba/.local/lib/python3.6/site-packages/airflow/example_dags/example_branch_labels.py
[2022-06-17 22:43:13,520] {logging_mixin.py:109} INFO - [2022-06-17 22:43:13,520] {dag.py:2398} INFO - Sync 1 DAGs
[2022-06-17 22:43:13,667] {logging_mixin.py:109} INFO - [2022-06-17 22:43:13,665] {dag.py:2937} INFO - Setting next_dagrun for example_branch_labels to 2022-06-16 00:00:00+00:00
[2022-06-17 22:43:13,728] {processor.py:171} INFO - Processing /home/saba/.local/lib/python3.6/site-packages/airflow/example_dags/example_branch_labels.py took 0.626 seconds
[2022-06-17 22:44:00,393] {processor.py:163} INFO - Started process (PID=8400) to work on /home/saba/.local/lib/python3.6/site-packages/airflow/example_dags/example_branch_labels.py
[2022-06-17 22:44:00,395] {processor.py:642} INFO - Processing file /home/saba/.local/lib/python3.6/site-packages/airflow/example_dags/example_branch_labels.py for tasks to queue
[2022-06-17 22:44:00,396] {logging_mixin.py:109} INFO - [2022-06-17 22:44:00,395] {dagbag.py:500} INFO - Filling up the DagBag from /home/saba/.local/lib/python3.6/site-packages/airflow/example_dags/example_branch_labels.py
[2022-06-17 22:44:00,415] {processor.py:652} INFO - DAG(s) dict_keys(['example_branch_labels']) retrieved from /home/saba/.local/lib/python3.6/site-packages/airflow/example_dags/example_branch_labels.py
[2022-06-17 22:44:00,431] {logging_mixin.py:109} INFO - [2022-06-17 22:44:00,431] {dag.py:2398} INFO - Sync 1 DAGs
[2022-06-17 22:44:00,455] {logging_mixin.py:109} INFO - [2022-06-17 22:44:00,455] {dag.py:2937} INFO - Setting next_dagrun for example_branch_labels to 2022-06-16 00:00:00+00:00
[2022-06-17 22:44:00,472] {processor.py:171} INFO - Processing /home/saba/.local/lib/python3.6/site-packages/airflow/example_dags/example_branch_labels.py took 0.082 seconds
[2022-06-17 22:45:12,351] {processor.py:163} INFO - Started process (PID=8550) to work on /home/saba/.local/lib/python3.6/site-packages/airflow/example_dags/example_branch_labels.py
[2022-06-17 22:45:12,355] {processor.py:642} INFO - Processing file /home/saba/.local/lib/python3.6/site-packages/airflow/example_dags/example_branch_labels.py for tasks to queue
[2022-06-17 22:45:12,357] {logging_mixin.py:109} INFO - [2022-06-17 22:45:12,357] {dagbag.py:500} INFO - Filling up the DagBag from /home/saba/.local/lib/python3.6/site-packages/airflow/example_dags/example_branch_labels.py
[2022-06-17 22:45:12,428] {processor.py:652} INFO - DAG(s) dict_keys(['example_branch_labels']) retrieved from /home/saba/.local/lib/python3.6/site-packages/airflow/example_dags/example_branch_labels.py
[2022-06-17 22:45:12,518] {logging_mixin.py:109} INFO - [2022-06-17 22:45:12,517] {dag.py:2398} INFO - Sync 1 DAGs
[2022-06-17 22:45:12,665] {logging_mixin.py:109} INFO - [2022-06-17 22:45:12,665] {dag.py:2937} INFO - Setting next_dagrun for example_branch_labels to 2022-06-16 00:00:00+00:00
[2022-06-17 22:45:12,720] {processor.py:171} INFO - Processing /home/saba/.local/lib/python3.6/site-packages/airflow/example_dags/example_branch_labels.py took 0.377 seconds
[2022-06-17 22:46:27,177] {processor.py:163} INFO - Started process (PID=9458) to work on /home/saba/.local/lib/python3.6/site-packages/airflow/example_dags/example_branch_labels.py
[2022-06-17 22:46:27,179] {processor.py:642} INFO - Processing file /home/saba/.local/lib/python3.6/site-packages/airflow/example_dags/example_branch_labels.py for tasks to queue
[2022-06-17 22:46:27,180] {logging_mixin.py:109} INFO - [2022-06-17 22:46:27,180] {dagbag.py:500} INFO - Filling up the DagBag from /home/saba/.local/lib/python3.6/site-packages/airflow/example_dags/example_branch_labels.py
[2022-06-17 22:46:27,205] {processor.py:652} INFO - DAG(s) dict_keys(['example_branch_labels']) retrieved from /home/saba/.local/lib/python3.6/site-packages/airflow/example_dags/example_branch_labels.py
[2022-06-17 22:46:27,225] {logging_mixin.py:109} INFO - [2022-06-17 22:46:27,224] {dag.py:2398} INFO - Sync 1 DAGs
[2022-06-17 22:46:27,252] {logging_mixin.py:109} INFO - [2022-06-17 22:46:27,252] {dag.py:2937} INFO - Setting next_dagrun for example_branch_labels to 2022-06-16 00:00:00+00:00
[2022-06-17 22:46:27,276] {processor.py:171} INFO - Processing /home/saba/.local/lib/python3.6/site-packages/airflow/example_dags/example_branch_labels.py took 0.102 seconds
[2022-06-17 22:48:20,789] {processor.py:163} INFO - Started process (PID=10409) to work on /home/saba/.local/lib/python3.6/site-packages/airflow/example_dags/example_branch_labels.py
[2022-06-17 22:48:20,791] {processor.py:642} INFO - Processing file /home/saba/.local/lib/python3.6/site-packages/airflow/example_dags/example_branch_labels.py for tasks to queue
[2022-06-17 22:48:20,792] {logging_mixin.py:109} INFO - [2022-06-17 22:48:20,792] {dagbag.py:500} INFO - Filling up the DagBag from /home/saba/.local/lib/python3.6/site-packages/airflow/example_dags/example_branch_labels.py
[2022-06-17 22:48:20,813] {processor.py:652} INFO - DAG(s) dict_keys(['example_branch_labels']) retrieved from /home/saba/.local/lib/python3.6/site-packages/airflow/example_dags/example_branch_labels.py
[2022-06-17 22:48:20,830] {logging_mixin.py:109} INFO - [2022-06-17 22:48:20,830] {dag.py:2398} INFO - Sync 1 DAGs
[2022-06-17 22:48:20,850] {logging_mixin.py:109} INFO - [2022-06-17 22:48:20,850] {dag.py:2937} INFO - Setting next_dagrun for example_branch_labels to 2022-06-16 00:00:00+00:00
[2022-06-17 22:48:20,867] {processor.py:171} INFO - Processing /home/saba/.local/lib/python3.6/site-packages/airflow/example_dags/example_branch_labels.py took 0.080 seconds
[2022-06-17 22:49:05,567] {processor.py:163} INFO - Started process (PID=10616) to work on /home/saba/.local/lib/python3.6/site-packages/airflow/example_dags/example_branch_labels.py
[2022-06-17 22:49:05,569] {processor.py:642} INFO - Processing file /home/saba/.local/lib/python3.6/site-packages/airflow/example_dags/example_branch_labels.py for tasks to queue
[2022-06-17 22:49:05,570] {logging_mixin.py:109} INFO - [2022-06-17 22:49:05,570] {dagbag.py:500} INFO - Filling up the DagBag from /home/saba/.local/lib/python3.6/site-packages/airflow/example_dags/example_branch_labels.py
[2022-06-17 22:49:05,594] {processor.py:652} INFO - DAG(s) dict_keys(['example_branch_labels']) retrieved from /home/saba/.local/lib/python3.6/site-packages/airflow/example_dags/example_branch_labels.py
[2022-06-17 22:49:05,613] {logging_mixin.py:109} INFO - [2022-06-17 22:49:05,613] {dag.py:2398} INFO - Sync 1 DAGs
[2022-06-17 22:49:05,716] {logging_mixin.py:109} INFO - [2022-06-17 22:49:05,716] {dag.py:2937} INFO - Setting next_dagrun for example_branch_labels to 2022-06-16 00:00:00+00:00
[2022-06-17 22:49:05,735] {processor.py:171} INFO - Processing /home/saba/.local/lib/python3.6/site-packages/airflow/example_dags/example_branch_labels.py took 0.172 seconds
[2022-06-17 22:50:22,376] {processor.py:163} INFO - Started process (PID=11171) to work on /home/saba/.local/lib/python3.6/site-packages/airflow/example_dags/example_branch_labels.py
[2022-06-17 22:50:22,378] {processor.py:642} INFO - Processing file /home/saba/.local/lib/python3.6/site-packages/airflow/example_dags/example_branch_labels.py for tasks to queue
[2022-06-17 22:50:22,378] {logging_mixin.py:109} INFO - [2022-06-17 22:50:22,378] {dagbag.py:500} INFO - Filling up the DagBag from /home/saba/.local/lib/python3.6/site-packages/airflow/example_dags/example_branch_labels.py
[2022-06-17 22:50:22,392] {processor.py:652} INFO - DAG(s) dict_keys(['example_branch_labels']) retrieved from /home/saba/.local/lib/python3.6/site-packages/airflow/example_dags/example_branch_labels.py
[2022-06-17 22:50:22,404] {logging_mixin.py:109} INFO - [2022-06-17 22:50:22,404] {dag.py:2398} INFO - Sync 1 DAGs
[2022-06-17 22:50:22,472] {logging_mixin.py:109} INFO - [2022-06-17 22:50:22,472] {dag.py:2937} INFO - Setting next_dagrun for example_branch_labels to 2022-06-16 00:00:00+00:00
[2022-06-17 22:50:22,485] {processor.py:171} INFO - Processing /home/saba/.local/lib/python3.6/site-packages/airflow/example_dags/example_branch_labels.py took 0.111 seconds
[2022-06-17 22:51:04,930] {processor.py:163} INFO - Started process (PID=11369) to work on /home/saba/.local/lib/python3.6/site-packages/airflow/example_dags/example_branch_labels.py
[2022-06-17 22:51:04,931] {processor.py:642} INFO - Processing file /home/saba/.local/lib/python3.6/site-packages/airflow/example_dags/example_branch_labels.py for tasks to queue
[2022-06-17 22:51:04,932] {logging_mixin.py:109} INFO - [2022-06-17 22:51:04,932] {dagbag.py:500} INFO - Filling up the DagBag from /home/saba/.local/lib/python3.6/site-packages/airflow/example_dags/example_branch_labels.py
[2022-06-17 22:51:04,948] {processor.py:652} INFO - DAG(s) dict_keys(['example_branch_labels']) retrieved from /home/saba/.local/lib/python3.6/site-packages/airflow/example_dags/example_branch_labels.py
[2022-06-17 22:51:04,962] {logging_mixin.py:109} INFO - [2022-06-17 22:51:04,961] {dag.py:2398} INFO - Sync 1 DAGs
[2022-06-17 22:51:05,034] {logging_mixin.py:109} INFO - [2022-06-17 22:51:05,034] {dag.py:2937} INFO - Setting next_dagrun for example_branch_labels to 2022-06-16 00:00:00+00:00
[2022-06-17 22:51:05,050] {processor.py:171} INFO - Processing /home/saba/.local/lib/python3.6/site-packages/airflow/example_dags/example_branch_labels.py took 0.123 seconds
[2022-06-17 22:52:04,497] {processor.py:163} INFO - Started process (PID=11579) to work on /home/saba/.local/lib/python3.6/site-packages/airflow/example_dags/example_branch_labels.py
[2022-06-17 22:52:04,501] {processor.py:642} INFO - Processing file /home/saba/.local/lib/python3.6/site-packages/airflow/example_dags/example_branch_labels.py for tasks to queue
[2022-06-17 22:52:04,501] {logging_mixin.py:109} INFO - [2022-06-17 22:52:04,501] {dagbag.py:500} INFO - Filling up the DagBag from /home/saba/.local/lib/python3.6/site-packages/airflow/example_dags/example_branch_labels.py
[2022-06-17 22:52:04,512] {processor.py:652} INFO - DAG(s) dict_keys(['example_branch_labels']) retrieved from /home/saba/.local/lib/python3.6/site-packages/airflow/example_dags/example_branch_labels.py
[2022-06-17 22:52:04,567] {logging_mixin.py:109} INFO - [2022-06-17 22:52:04,567] {dag.py:2398} INFO - Sync 1 DAGs
[2022-06-17 22:52:04,576] {logging_mixin.py:109} INFO - [2022-06-17 22:52:04,576] {dag.py:2937} INFO - Setting next_dagrun for example_branch_labels to 2022-06-16 00:00:00+00:00
[2022-06-17 22:52:04,591] {processor.py:171} INFO - Processing /home/saba/.local/lib/python3.6/site-packages/airflow/example_dags/example_branch_labels.py took 0.096 seconds
[2022-06-17 22:53:05,404] {processor.py:163} INFO - Started process (PID=11956) to work on /home/saba/.local/lib/python3.6/site-packages/airflow/example_dags/example_branch_labels.py
[2022-06-17 22:53:05,414] {processor.py:642} INFO - Processing file /home/saba/.local/lib/python3.6/site-packages/airflow/example_dags/example_branch_labels.py for tasks to queue
[2022-06-17 22:53:05,415] {logging_mixin.py:109} INFO - [2022-06-17 22:53:05,414] {dagbag.py:500} INFO - Filling up the DagBag from /home/saba/.local/lib/python3.6/site-packages/airflow/example_dags/example_branch_labels.py
[2022-06-17 22:53:05,471] {processor.py:652} INFO - DAG(s) dict_keys(['example_branch_labels']) retrieved from /home/saba/.local/lib/python3.6/site-packages/airflow/example_dags/example_branch_labels.py
[2022-06-17 22:53:05,478] {logging_mixin.py:109} INFO - [2022-06-17 22:53:05,478] {dag.py:2398} INFO - Sync 1 DAGs
[2022-06-17 22:53:05,487] {logging_mixin.py:109} INFO - [2022-06-17 22:53:05,487] {dag.py:2937} INFO - Setting next_dagrun for example_branch_labels to 2022-06-16 00:00:00+00:00
[2022-06-17 22:53:05,503] {processor.py:171} INFO - Processing /home/saba/.local/lib/python3.6/site-packages/airflow/example_dags/example_branch_labels.py took 0.101 seconds
[2022-06-17 22:53:51,875] {processor.py:163} INFO - Started process (PID=12521) to work on /home/saba/.local/lib/python3.6/site-packages/airflow/example_dags/example_branch_labels.py
[2022-06-17 22:53:51,886] {processor.py:642} INFO - Processing file /home/saba/.local/lib/python3.6/site-packages/airflow/example_dags/example_branch_labels.py for tasks to queue
[2022-06-17 22:53:51,887] {logging_mixin.py:109} INFO - [2022-06-17 22:53:51,887] {dagbag.py:500} INFO - Filling up the DagBag from /home/saba/.local/lib/python3.6/site-packages/airflow/example_dags/example_branch_labels.py
[2022-06-17 22:53:51,962] {processor.py:652} INFO - DAG(s) dict_keys(['example_branch_labels']) retrieved from /home/saba/.local/lib/python3.6/site-packages/airflow/example_dags/example_branch_labels.py
[2022-06-17 22:53:51,973] {logging_mixin.py:109} INFO - [2022-06-17 22:53:51,973] {dag.py:2398} INFO - Sync 1 DAGs
[2022-06-17 22:53:51,988] {logging_mixin.py:109} INFO - [2022-06-17 22:53:51,988] {dag.py:2937} INFO - Setting next_dagrun for example_branch_labels to 2022-06-16 00:00:00+00:00
[2022-06-17 22:53:52,004] {processor.py:171} INFO - Processing /home/saba/.local/lib/python3.6/site-packages/airflow/example_dags/example_branch_labels.py took 0.131 seconds
[2022-06-17 22:54:34,263] {processor.py:163} INFO - Started process (PID=12729) to work on /home/saba/.local/lib/python3.6/site-packages/airflow/example_dags/example_branch_labels.py
[2022-06-17 22:54:34,267] {processor.py:642} INFO - Processing file /home/saba/.local/lib/python3.6/site-packages/airflow/example_dags/example_branch_labels.py for tasks to queue
[2022-06-17 22:54:34,267] {logging_mixin.py:109} INFO - [2022-06-17 22:54:34,267] {dagbag.py:500} INFO - Filling up the DagBag from /home/saba/.local/lib/python3.6/site-packages/airflow/example_dags/example_branch_labels.py
[2022-06-17 22:54:34,328] {processor.py:652} INFO - DAG(s) dict_keys(['example_branch_labels']) retrieved from /home/saba/.local/lib/python3.6/site-packages/airflow/example_dags/example_branch_labels.py
[2022-06-17 22:54:34,335] {logging_mixin.py:109} INFO - [2022-06-17 22:54:34,335] {dag.py:2398} INFO - Sync 1 DAGs
[2022-06-17 22:54:34,345] {logging_mixin.py:109} INFO - [2022-06-17 22:54:34,345] {dag.py:2937} INFO - Setting next_dagrun for example_branch_labels to 2022-06-16 00:00:00+00:00
[2022-06-17 22:54:34,359] {processor.py:171} INFO - Processing /home/saba/.local/lib/python3.6/site-packages/airflow/example_dags/example_branch_labels.py took 0.098 seconds
[2022-06-17 22:55:14,758] {processor.py:163} INFO - Started process (PID=13355) to work on /home/saba/.local/lib/python3.6/site-packages/airflow/example_dags/example_branch_labels.py
[2022-06-17 22:55:14,763] {processor.py:642} INFO - Processing file /home/saba/.local/lib/python3.6/site-packages/airflow/example_dags/example_branch_labels.py for tasks to queue
[2022-06-17 22:55:14,766] {logging_mixin.py:109} INFO - [2022-06-17 22:55:14,766] {dagbag.py:500} INFO - Filling up the DagBag from /home/saba/.local/lib/python3.6/site-packages/airflow/example_dags/example_branch_labels.py
[2022-06-17 22:55:14,849] {processor.py:652} INFO - DAG(s) dict_keys(['example_branch_labels']) retrieved from /home/saba/.local/lib/python3.6/site-packages/airflow/example_dags/example_branch_labels.py
[2022-06-17 22:55:14,918] {logging_mixin.py:109} INFO - [2022-06-17 22:55:14,918] {dag.py:2398} INFO - Sync 1 DAGs
[2022-06-17 22:55:14,996] {logging_mixin.py:109} INFO - [2022-06-17 22:55:14,995] {dag.py:2937} INFO - Setting next_dagrun for example_branch_labels to 2022-06-16 00:00:00+00:00
[2022-06-17 22:55:15,042] {processor.py:171} INFO - Processing /home/saba/.local/lib/python3.6/site-packages/airflow/example_dags/example_branch_labels.py took 0.298 seconds
