[2022-06-17 22:06:54,166] {processor.py:163} INFO - Started process (PID=1600) to work on /home/saba/.local/lib/python3.6/site-packages/airflow/example_dags/example_skip_dag.py
[2022-06-17 22:06:54,173] {processor.py:642} INFO - Processing file /home/saba/.local/lib/python3.6/site-packages/airflow/example_dags/example_skip_dag.py for tasks to queue
[2022-06-17 22:06:54,176] {logging_mixin.py:109} INFO - [2022-06-17 22:06:54,175] {dagbag.py:500} INFO - Filling up the DagBag from /home/saba/.local/lib/python3.6/site-packages/airflow/example_dags/example_skip_dag.py
[2022-06-17 22:06:54,376] {processor.py:652} INFO - DAG(s) dict_keys(['example_skip_dag']) retrieved from /home/saba/.local/lib/python3.6/site-packages/airflow/example_dags/example_skip_dag.py
[2022-06-17 22:06:54,520] {logging_mixin.py:109} INFO - [2022-06-17 22:06:54,520] {dag.py:2398} INFO - Sync 1 DAGs
[2022-06-17 22:06:54,657] {logging_mixin.py:109} INFO - [2022-06-17 22:06:54,656] {dag.py:2937} INFO - Setting next_dagrun for example_skip_dag to 2022-06-16T20:06:54.655002+00:00
[2022-06-17 22:06:54,745] {processor.py:171} INFO - Processing /home/saba/.local/lib/python3.6/site-packages/airflow/example_dags/example_skip_dag.py took 0.594 seconds
[2022-06-17 22:07:54,936] {processor.py:163} INFO - Started process (PID=1830) to work on /home/saba/.local/lib/python3.6/site-packages/airflow/example_dags/example_skip_dag.py
[2022-06-17 22:07:54,942] {processor.py:642} INFO - Processing file /home/saba/.local/lib/python3.6/site-packages/airflow/example_dags/example_skip_dag.py for tasks to queue
[2022-06-17 22:07:54,945] {logging_mixin.py:109} INFO - [2022-06-17 22:07:54,945] {dagbag.py:500} INFO - Filling up the DagBag from /home/saba/.local/lib/python3.6/site-packages/airflow/example_dags/example_skip_dag.py
[2022-06-17 22:07:55,061] {processor.py:652} INFO - DAG(s) dict_keys(['example_skip_dag']) retrieved from /home/saba/.local/lib/python3.6/site-packages/airflow/example_dags/example_skip_dag.py
[2022-06-17 22:07:55,162] {logging_mixin.py:109} INFO - [2022-06-17 22:07:55,161] {dag.py:2398} INFO - Sync 1 DAGs
[2022-06-17 22:07:55,308] {logging_mixin.py:109} INFO - [2022-06-17 22:07:55,308] {dag.py:2937} INFO - Setting next_dagrun for example_skip_dag to 2022-06-16T20:07:55.306608+00:00
[2022-06-17 22:07:55,372] {processor.py:171} INFO - Processing /home/saba/.local/lib/python3.6/site-packages/airflow/example_dags/example_skip_dag.py took 0.452 seconds
[2022-06-17 22:08:40,225] {processor.py:163} INFO - Started process (PID=2063) to work on /home/saba/.local/lib/python3.6/site-packages/airflow/example_dags/example_skip_dag.py
[2022-06-17 22:08:40,230] {processor.py:642} INFO - Processing file /home/saba/.local/lib/python3.6/site-packages/airflow/example_dags/example_skip_dag.py for tasks to queue
[2022-06-17 22:08:40,233] {logging_mixin.py:109} INFO - [2022-06-17 22:08:40,232] {dagbag.py:500} INFO - Filling up the DagBag from /home/saba/.local/lib/python3.6/site-packages/airflow/example_dags/example_skip_dag.py
[2022-06-17 22:08:40,318] {processor.py:652} INFO - DAG(s) dict_keys(['example_skip_dag']) retrieved from /home/saba/.local/lib/python3.6/site-packages/airflow/example_dags/example_skip_dag.py
[2022-06-17 22:08:40,377] {logging_mixin.py:109} INFO - [2022-06-17 22:08:40,376] {dag.py:2398} INFO - Sync 1 DAGs
[2022-06-17 22:08:40,442] {logging_mixin.py:109} INFO - [2022-06-17 22:08:40,441] {dag.py:2937} INFO - Setting next_dagrun for example_skip_dag to 2022-06-16T20:08:40.440702+00:00
[2022-06-17 22:08:40,477] {processor.py:171} INFO - Processing /home/saba/.local/lib/python3.6/site-packages/airflow/example_dags/example_skip_dag.py took 0.264 seconds
[2022-06-17 22:09:42,125] {processor.py:163} INFO - Started process (PID=2359) to work on /home/saba/.local/lib/python3.6/site-packages/airflow/example_dags/example_skip_dag.py
[2022-06-17 22:09:42,130] {processor.py:642} INFO - Processing file /home/saba/.local/lib/python3.6/site-packages/airflow/example_dags/example_skip_dag.py for tasks to queue
[2022-06-17 22:09:42,134] {logging_mixin.py:109} INFO - [2022-06-17 22:09:42,133] {dagbag.py:500} INFO - Filling up the DagBag from /home/saba/.local/lib/python3.6/site-packages/airflow/example_dags/example_skip_dag.py
[2022-06-17 22:09:42,211] {processor.py:652} INFO - DAG(s) dict_keys(['example_skip_dag']) retrieved from /home/saba/.local/lib/python3.6/site-packages/airflow/example_dags/example_skip_dag.py
[2022-06-17 22:09:42,283] {logging_mixin.py:109} INFO - [2022-06-17 22:09:42,283] {dag.py:2398} INFO - Sync 1 DAGs
[2022-06-17 22:09:42,353] {logging_mixin.py:109} INFO - [2022-06-17 22:09:42,352] {dag.py:2937} INFO - Setting next_dagrun for example_skip_dag to 2022-06-16T20:09:42.351863+00:00
[2022-06-17 22:09:42,392] {processor.py:171} INFO - Processing /home/saba/.local/lib/python3.6/site-packages/airflow/example_dags/example_skip_dag.py took 0.277 seconds
[2022-06-17 22:10:48,817] {processor.py:163} INFO - Started process (PID=2558) to work on /home/saba/.local/lib/python3.6/site-packages/airflow/example_dags/example_skip_dag.py
[2022-06-17 22:10:48,824] {processor.py:642} INFO - Processing file /home/saba/.local/lib/python3.6/site-packages/airflow/example_dags/example_skip_dag.py for tasks to queue
[2022-06-17 22:10:48,832] {logging_mixin.py:109} INFO - [2022-06-17 22:10:48,831] {dagbag.py:500} INFO - Filling up the DagBag from /home/saba/.local/lib/python3.6/site-packages/airflow/example_dags/example_skip_dag.py
[2022-06-17 22:10:48,987] {processor.py:652} INFO - DAG(s) dict_keys(['example_skip_dag']) retrieved from /home/saba/.local/lib/python3.6/site-packages/airflow/example_dags/example_skip_dag.py
[2022-06-17 22:10:49,146] {logging_mixin.py:109} INFO - [2022-06-17 22:10:49,145] {dag.py:2398} INFO - Sync 1 DAGs
[2022-06-17 22:10:49,296] {logging_mixin.py:109} INFO - [2022-06-17 22:10:49,295] {dag.py:2937} INFO - Setting next_dagrun for example_skip_dag to 2022-06-16T20:10:49.293889+00:00
[2022-06-17 22:10:49,483] {processor.py:171} INFO - Processing /home/saba/.local/lib/python3.6/site-packages/airflow/example_dags/example_skip_dag.py took 0.684 seconds
[2022-06-17 22:17:56,713] {processor.py:163} INFO - Started process (PID=160) to work on /home/saba/.local/lib/python3.6/site-packages/airflow/example_dags/example_skip_dag.py
[2022-06-17 22:17:56,724] {processor.py:642} INFO - Processing file /home/saba/.local/lib/python3.6/site-packages/airflow/example_dags/example_skip_dag.py for tasks to queue
[2022-06-17 22:17:56,727] {logging_mixin.py:109} INFO - [2022-06-17 22:17:56,727] {dagbag.py:500} INFO - Filling up the DagBag from /home/saba/.local/lib/python3.6/site-packages/airflow/example_dags/example_skip_dag.py
[2022-06-17 22:17:56,842] {processor.py:652} INFO - DAG(s) dict_keys(['example_skip_dag']) retrieved from /home/saba/.local/lib/python3.6/site-packages/airflow/example_dags/example_skip_dag.py
[2022-06-17 22:17:56,954] {logging_mixin.py:109} INFO - [2022-06-17 22:17:56,953] {dag.py:2398} INFO - Sync 1 DAGs
[2022-06-17 22:17:57,052] {logging_mixin.py:109} INFO - [2022-06-17 22:17:57,051] {dag.py:2937} INFO - Setting next_dagrun for example_skip_dag to 2022-06-16T20:17:57.048307+00:00
[2022-06-17 22:17:57,139] {processor.py:171} INFO - Processing /home/saba/.local/lib/python3.6/site-packages/airflow/example_dags/example_skip_dag.py took 0.460 seconds
[2022-06-17 22:18:40,170] {processor.py:163} INFO - Started process (PID=216) to work on /home/saba/.local/lib/python3.6/site-packages/airflow/example_dags/example_skip_dag.py
[2022-06-17 22:18:40,173] {processor.py:642} INFO - Processing file /home/saba/.local/lib/python3.6/site-packages/airflow/example_dags/example_skip_dag.py for tasks to queue
[2022-06-17 22:18:40,175] {logging_mixin.py:109} INFO - [2022-06-17 22:18:40,175] {dagbag.py:500} INFO - Filling up the DagBag from /home/saba/.local/lib/python3.6/site-packages/airflow/example_dags/example_skip_dag.py
[2022-06-17 22:18:40,234] {processor.py:652} INFO - DAG(s) dict_keys(['example_skip_dag']) retrieved from /home/saba/.local/lib/python3.6/site-packages/airflow/example_dags/example_skip_dag.py
[2022-06-17 22:18:40,275] {logging_mixin.py:109} INFO - [2022-06-17 22:18:40,275] {dag.py:2398} INFO - Sync 1 DAGs
[2022-06-17 22:18:40,317] {logging_mixin.py:109} INFO - [2022-06-17 22:18:40,317] {dag.py:2937} INFO - Setting next_dagrun for example_skip_dag to 2022-06-16T20:18:40.316784+00:00
[2022-06-17 22:18:40,350] {processor.py:171} INFO - Processing /home/saba/.local/lib/python3.6/site-packages/airflow/example_dags/example_skip_dag.py took 0.188 seconds
[2022-06-17 22:19:32,962] {processor.py:163} INFO - Started process (PID=3129) to work on /home/saba/.local/lib/python3.6/site-packages/airflow/example_dags/example_skip_dag.py
[2022-06-17 22:19:32,966] {processor.py:642} INFO - Processing file /home/saba/.local/lib/python3.6/site-packages/airflow/example_dags/example_skip_dag.py for tasks to queue
[2022-06-17 22:19:32,968] {logging_mixin.py:109} INFO - [2022-06-17 22:19:32,967] {dagbag.py:500} INFO - Filling up the DagBag from /home/saba/.local/lib/python3.6/site-packages/airflow/example_dags/example_skip_dag.py
[2022-06-17 22:19:33,062] {processor.py:652} INFO - DAG(s) dict_keys(['example_skip_dag']) retrieved from /home/saba/.local/lib/python3.6/site-packages/airflow/example_dags/example_skip_dag.py
[2022-06-17 22:19:33,138] {logging_mixin.py:109} INFO - [2022-06-17 22:19:33,136] {dag.py:2398} INFO - Sync 1 DAGs
[2022-06-17 22:19:33,278] {logging_mixin.py:109} INFO - [2022-06-17 22:19:33,278] {dag.py:2937} INFO - Setting next_dagrun for example_skip_dag to 2022-06-16T20:19:33.276668+00:00
[2022-06-17 22:19:33,361] {processor.py:171} INFO - Processing /home/saba/.local/lib/python3.6/site-packages/airflow/example_dags/example_skip_dag.py took 0.415 seconds
[2022-06-17 22:20:16,736] {processor.py:163} INFO - Started process (PID=3542) to work on /home/saba/.local/lib/python3.6/site-packages/airflow/example_dags/example_skip_dag.py
[2022-06-17 22:20:16,738] {processor.py:642} INFO - Processing file /home/saba/.local/lib/python3.6/site-packages/airflow/example_dags/example_skip_dag.py for tasks to queue
[2022-06-17 22:20:16,739] {logging_mixin.py:109} INFO - [2022-06-17 22:20:16,739] {dagbag.py:500} INFO - Filling up the DagBag from /home/saba/.local/lib/python3.6/site-packages/airflow/example_dags/example_skip_dag.py
[2022-06-17 22:20:16,766] {processor.py:652} INFO - DAG(s) dict_keys(['example_skip_dag']) retrieved from /home/saba/.local/lib/python3.6/site-packages/airflow/example_dags/example_skip_dag.py
[2022-06-17 22:20:16,786] {logging_mixin.py:109} INFO - [2022-06-17 22:20:16,786] {dag.py:2398} INFO - Sync 1 DAGs
[2022-06-17 22:20:16,809] {logging_mixin.py:109} INFO - [2022-06-17 22:20:16,809] {dag.py:2937} INFO - Setting next_dagrun for example_skip_dag to 2022-06-16T20:20:16.808615+00:00
[2022-06-17 22:20:16,829] {processor.py:171} INFO - Processing /home/saba/.local/lib/python3.6/site-packages/airflow/example_dags/example_skip_dag.py took 0.096 seconds
[2022-06-17 22:20:53,739] {processor.py:163} INFO - Started process (PID=3594) to work on /home/saba/.local/lib/python3.6/site-packages/airflow/example_dags/example_skip_dag.py
[2022-06-17 22:20:53,741] {processor.py:642} INFO - Processing file /home/saba/.local/lib/python3.6/site-packages/airflow/example_dags/example_skip_dag.py for tasks to queue
[2022-06-17 22:20:53,742] {logging_mixin.py:109} INFO - [2022-06-17 22:20:53,742] {dagbag.py:500} INFO - Filling up the DagBag from /home/saba/.local/lib/python3.6/site-packages/airflow/example_dags/example_skip_dag.py
[2022-06-17 22:20:53,771] {processor.py:652} INFO - DAG(s) dict_keys(['example_skip_dag']) retrieved from /home/saba/.local/lib/python3.6/site-packages/airflow/example_dags/example_skip_dag.py
[2022-06-17 22:20:53,794] {logging_mixin.py:109} INFO - [2022-06-17 22:20:53,793] {dag.py:2398} INFO - Sync 1 DAGs
[2022-06-17 22:20:53,819] {logging_mixin.py:109} INFO - [2022-06-17 22:20:53,818] {dag.py:2937} INFO - Setting next_dagrun for example_skip_dag to 2022-06-16T20:20:53.818471+00:00
[2022-06-17 22:20:53,838] {processor.py:171} INFO - Processing /home/saba/.local/lib/python3.6/site-packages/airflow/example_dags/example_skip_dag.py took 0.103 seconds
[2022-06-17 22:21:30,733] {processor.py:163} INFO - Started process (PID=3650) to work on /home/saba/.local/lib/python3.6/site-packages/airflow/example_dags/example_skip_dag.py
[2022-06-17 22:21:30,743] {processor.py:642} INFO - Processing file /home/saba/.local/lib/python3.6/site-packages/airflow/example_dags/example_skip_dag.py for tasks to queue
[2022-06-17 22:21:30,744] {logging_mixin.py:109} INFO - [2022-06-17 22:21:30,744] {dagbag.py:500} INFO - Filling up the DagBag from /home/saba/.local/lib/python3.6/site-packages/airflow/example_dags/example_skip_dag.py
[2022-06-17 22:21:30,764] {processor.py:652} INFO - DAG(s) dict_keys(['example_skip_dag']) retrieved from /home/saba/.local/lib/python3.6/site-packages/airflow/example_dags/example_skip_dag.py
[2022-06-17 22:21:30,780] {logging_mixin.py:109} INFO - [2022-06-17 22:21:30,780] {dag.py:2398} INFO - Sync 1 DAGs
[2022-06-17 22:21:30,803] {logging_mixin.py:109} INFO - [2022-06-17 22:21:30,803] {dag.py:2937} INFO - Setting next_dagrun for example_skip_dag to 2022-06-16T20:21:30.802436+00:00
[2022-06-17 22:21:30,831] {processor.py:171} INFO - Processing /home/saba/.local/lib/python3.6/site-packages/airflow/example_dags/example_skip_dag.py took 0.102 seconds
[2022-06-17 22:22:04,585] {processor.py:163} INFO - Started process (PID=3714) to work on /home/saba/.local/lib/python3.6/site-packages/airflow/example_dags/example_skip_dag.py
[2022-06-17 22:22:04,587] {processor.py:642} INFO - Processing file /home/saba/.local/lib/python3.6/site-packages/airflow/example_dags/example_skip_dag.py for tasks to queue
[2022-06-17 22:22:04,588] {logging_mixin.py:109} INFO - [2022-06-17 22:22:04,588] {dagbag.py:500} INFO - Filling up the DagBag from /home/saba/.local/lib/python3.6/site-packages/airflow/example_dags/example_skip_dag.py
[2022-06-17 22:22:04,608] {processor.py:652} INFO - DAG(s) dict_keys(['example_skip_dag']) retrieved from /home/saba/.local/lib/python3.6/site-packages/airflow/example_dags/example_skip_dag.py
[2022-06-17 22:22:04,626] {logging_mixin.py:109} INFO - [2022-06-17 22:22:04,626] {dag.py:2398} INFO - Sync 1 DAGs
[2022-06-17 22:22:04,647] {logging_mixin.py:109} INFO - [2022-06-17 22:22:04,646] {dag.py:2937} INFO - Setting next_dagrun for example_skip_dag to 2022-06-16T20:22:04.646617+00:00
[2022-06-17 22:22:04,665] {processor.py:171} INFO - Processing /home/saba/.local/lib/python3.6/site-packages/airflow/example_dags/example_skip_dag.py took 0.083 seconds
[2022-06-17 22:22:42,741] {processor.py:163} INFO - Started process (PID=3765) to work on /home/saba/.local/lib/python3.6/site-packages/airflow/example_dags/example_skip_dag.py
[2022-06-17 22:22:42,743] {processor.py:642} INFO - Processing file /home/saba/.local/lib/python3.6/site-packages/airflow/example_dags/example_skip_dag.py for tasks to queue
[2022-06-17 22:22:42,744] {logging_mixin.py:109} INFO - [2022-06-17 22:22:42,744] {dagbag.py:500} INFO - Filling up the DagBag from /home/saba/.local/lib/python3.6/site-packages/airflow/example_dags/example_skip_dag.py
[2022-06-17 22:22:42,776] {processor.py:652} INFO - DAG(s) dict_keys(['example_skip_dag']) retrieved from /home/saba/.local/lib/python3.6/site-packages/airflow/example_dags/example_skip_dag.py
[2022-06-17 22:22:42,803] {logging_mixin.py:109} INFO - [2022-06-17 22:22:42,803] {dag.py:2398} INFO - Sync 1 DAGs
[2022-06-17 22:22:42,832] {logging_mixin.py:109} INFO - [2022-06-17 22:22:42,832] {dag.py:2937} INFO - Setting next_dagrun for example_skip_dag to 2022-06-16T20:22:42.831566+00:00
[2022-06-17 22:22:42,856] {processor.py:171} INFO - Processing /home/saba/.local/lib/python3.6/site-packages/airflow/example_dags/example_skip_dag.py took 0.119 seconds
[2022-06-17 22:23:17,744] {processor.py:163} INFO - Started process (PID=3818) to work on /home/saba/.local/lib/python3.6/site-packages/airflow/example_dags/example_skip_dag.py
[2022-06-17 22:23:17,746] {processor.py:642} INFO - Processing file /home/saba/.local/lib/python3.6/site-packages/airflow/example_dags/example_skip_dag.py for tasks to queue
[2022-06-17 22:23:17,747] {logging_mixin.py:109} INFO - [2022-06-17 22:23:17,747] {dagbag.py:500} INFO - Filling up the DagBag from /home/saba/.local/lib/python3.6/site-packages/airflow/example_dags/example_skip_dag.py
[2022-06-17 22:23:17,772] {processor.py:652} INFO - DAG(s) dict_keys(['example_skip_dag']) retrieved from /home/saba/.local/lib/python3.6/site-packages/airflow/example_dags/example_skip_dag.py
[2022-06-17 22:23:17,794] {logging_mixin.py:109} INFO - [2022-06-17 22:23:17,794] {dag.py:2398} INFO - Sync 1 DAGs
[2022-06-17 22:23:17,820] {logging_mixin.py:109} INFO - [2022-06-17 22:23:17,820] {dag.py:2937} INFO - Setting next_dagrun for example_skip_dag to 2022-06-16T20:23:17.820201+00:00
[2022-06-17 22:23:17,842] {processor.py:171} INFO - Processing /home/saba/.local/lib/python3.6/site-packages/airflow/example_dags/example_skip_dag.py took 0.103 seconds
[2022-06-17 22:23:53,535] {processor.py:163} INFO - Started process (PID=3878) to work on /home/saba/.local/lib/python3.6/site-packages/airflow/example_dags/example_skip_dag.py
[2022-06-17 22:23:53,537] {processor.py:642} INFO - Processing file /home/saba/.local/lib/python3.6/site-packages/airflow/example_dags/example_skip_dag.py for tasks to queue
[2022-06-17 22:23:53,538] {logging_mixin.py:109} INFO - [2022-06-17 22:23:53,538] {dagbag.py:500} INFO - Filling up the DagBag from /home/saba/.local/lib/python3.6/site-packages/airflow/example_dags/example_skip_dag.py
[2022-06-17 22:23:53,561] {processor.py:652} INFO - DAG(s) dict_keys(['example_skip_dag']) retrieved from /home/saba/.local/lib/python3.6/site-packages/airflow/example_dags/example_skip_dag.py
[2022-06-17 22:23:53,575] {logging_mixin.py:109} INFO - [2022-06-17 22:23:53,575] {dag.py:2398} INFO - Sync 1 DAGs
[2022-06-17 22:23:53,590] {logging_mixin.py:109} INFO - [2022-06-17 22:23:53,590] {dag.py:2937} INFO - Setting next_dagrun for example_skip_dag to 2022-06-16T20:23:53.589913+00:00
[2022-06-17 22:23:53,605] {processor.py:171} INFO - Processing /home/saba/.local/lib/python3.6/site-packages/airflow/example_dags/example_skip_dag.py took 0.073 seconds
[2022-06-17 22:24:32,283] {processor.py:163} INFO - Started process (PID=3982) to work on /home/saba/.local/lib/python3.6/site-packages/airflow/example_dags/example_skip_dag.py
[2022-06-17 22:24:32,285] {processor.py:642} INFO - Processing file /home/saba/.local/lib/python3.6/site-packages/airflow/example_dags/example_skip_dag.py for tasks to queue
[2022-06-17 22:24:32,286] {logging_mixin.py:109} INFO - [2022-06-17 22:24:32,286] {dagbag.py:500} INFO - Filling up the DagBag from /home/saba/.local/lib/python3.6/site-packages/airflow/example_dags/example_skip_dag.py
[2022-06-17 22:24:32,307] {processor.py:652} INFO - DAG(s) dict_keys(['example_skip_dag']) retrieved from /home/saba/.local/lib/python3.6/site-packages/airflow/example_dags/example_skip_dag.py
[2022-06-17 22:24:32,345] {logging_mixin.py:109} INFO - [2022-06-17 22:24:32,345] {dag.py:2398} INFO - Sync 1 DAGs
[2022-06-17 22:24:32,369] {logging_mixin.py:109} INFO - [2022-06-17 22:24:32,369] {dag.py:2937} INFO - Setting next_dagrun for example_skip_dag to 2022-06-16T20:24:32.368783+00:00
[2022-06-17 22:24:32,389] {processor.py:171} INFO - Processing /home/saba/.local/lib/python3.6/site-packages/airflow/example_dags/example_skip_dag.py took 0.109 seconds
[2022-06-17 22:25:11,289] {processor.py:163} INFO - Started process (PID=4036) to work on /home/saba/.local/lib/python3.6/site-packages/airflow/example_dags/example_skip_dag.py
[2022-06-17 22:25:11,294] {processor.py:642} INFO - Processing file /home/saba/.local/lib/python3.6/site-packages/airflow/example_dags/example_skip_dag.py for tasks to queue
[2022-06-17 22:25:11,296] {logging_mixin.py:109} INFO - [2022-06-17 22:25:11,296] {dagbag.py:500} INFO - Filling up the DagBag from /home/saba/.local/lib/python3.6/site-packages/airflow/example_dags/example_skip_dag.py
[2022-06-17 22:25:11,378] {processor.py:652} INFO - DAG(s) dict_keys(['example_skip_dag']) retrieved from /home/saba/.local/lib/python3.6/site-packages/airflow/example_dags/example_skip_dag.py
[2022-06-17 22:25:11,465] {logging_mixin.py:109} INFO - [2022-06-17 22:25:11,464] {dag.py:2398} INFO - Sync 1 DAGs
[2022-06-17 22:25:11,599] {logging_mixin.py:109} INFO - [2022-06-17 22:25:11,598] {dag.py:2937} INFO - Setting next_dagrun for example_skip_dag to 2022-06-16T20:25:11.597563+00:00
[2022-06-17 22:25:11,668] {processor.py:171} INFO - Processing /home/saba/.local/lib/python3.6/site-packages/airflow/example_dags/example_skip_dag.py took 0.393 seconds
[2022-06-17 22:26:06,309] {processor.py:163} INFO - Started process (PID=4395) to work on /home/saba/.local/lib/python3.6/site-packages/airflow/example_dags/example_skip_dag.py
[2022-06-17 22:26:06,312] {processor.py:642} INFO - Processing file /home/saba/.local/lib/python3.6/site-packages/airflow/example_dags/example_skip_dag.py for tasks to queue
[2022-06-17 22:26:06,314] {logging_mixin.py:109} INFO - [2022-06-17 22:26:06,314] {dagbag.py:500} INFO - Filling up the DagBag from /home/saba/.local/lib/python3.6/site-packages/airflow/example_dags/example_skip_dag.py
[2022-06-17 22:26:06,351] {processor.py:652} INFO - DAG(s) dict_keys(['example_skip_dag']) retrieved from /home/saba/.local/lib/python3.6/site-packages/airflow/example_dags/example_skip_dag.py
[2022-06-17 22:26:06,388] {logging_mixin.py:109} INFO - [2022-06-17 22:26:06,388] {dag.py:2398} INFO - Sync 1 DAGs
[2022-06-17 22:26:06,466] {logging_mixin.py:109} INFO - [2022-06-17 22:26:06,465] {dag.py:2937} INFO - Setting next_dagrun for example_skip_dag to 2022-06-16T20:26:06.463971+00:00
[2022-06-17 22:26:06,545] {processor.py:171} INFO - Processing /home/saba/.local/lib/python3.6/site-packages/airflow/example_dags/example_skip_dag.py took 0.242 seconds
[2022-06-17 22:27:01,559] {processor.py:163} INFO - Started process (PID=4460) to work on /home/saba/.local/lib/python3.6/site-packages/airflow/example_dags/example_skip_dag.py
[2022-06-17 22:27:01,563] {processor.py:642} INFO - Processing file /home/saba/.local/lib/python3.6/site-packages/airflow/example_dags/example_skip_dag.py for tasks to queue
[2022-06-17 22:27:01,565] {logging_mixin.py:109} INFO - [2022-06-17 22:27:01,565] {dagbag.py:500} INFO - Filling up the DagBag from /home/saba/.local/lib/python3.6/site-packages/airflow/example_dags/example_skip_dag.py
[2022-06-17 22:27:01,629] {processor.py:652} INFO - DAG(s) dict_keys(['example_skip_dag']) retrieved from /home/saba/.local/lib/python3.6/site-packages/airflow/example_dags/example_skip_dag.py
[2022-06-17 22:27:01,670] {logging_mixin.py:109} INFO - [2022-06-17 22:27:01,670] {dag.py:2398} INFO - Sync 1 DAGs
[2022-06-17 22:27:01,722] {logging_mixin.py:109} INFO - [2022-06-17 22:27:01,721] {dag.py:2937} INFO - Setting next_dagrun for example_skip_dag to 2022-06-16T20:27:01.721132+00:00
[2022-06-17 22:27:01,760] {processor.py:171} INFO - Processing /home/saba/.local/lib/python3.6/site-packages/airflow/example_dags/example_skip_dag.py took 0.212 seconds
[2022-06-17 22:28:01,589] {processor.py:163} INFO - Started process (PID=4533) to work on /home/saba/.local/lib/python3.6/site-packages/airflow/example_dags/example_skip_dag.py
[2022-06-17 22:28:01,597] {processor.py:642} INFO - Processing file /home/saba/.local/lib/python3.6/site-packages/airflow/example_dags/example_skip_dag.py for tasks to queue
[2022-06-17 22:28:01,602] {logging_mixin.py:109} INFO - [2022-06-17 22:28:01,601] {dagbag.py:500} INFO - Filling up the DagBag from /home/saba/.local/lib/python3.6/site-packages/airflow/example_dags/example_skip_dag.py
[2022-06-17 22:28:01,709] {processor.py:652} INFO - DAG(s) dict_keys(['example_skip_dag']) retrieved from /home/saba/.local/lib/python3.6/site-packages/airflow/example_dags/example_skip_dag.py
[2022-06-17 22:28:01,778] {logging_mixin.py:109} INFO - [2022-06-17 22:28:01,778] {dag.py:2398} INFO - Sync 1 DAGs
[2022-06-17 22:28:01,858] {logging_mixin.py:109} INFO - [2022-06-17 22:28:01,857] {dag.py:2937} INFO - Setting next_dagrun for example_skip_dag to 2022-06-16T20:28:01.856718+00:00
[2022-06-17 22:28:01,924] {processor.py:171} INFO - Processing /home/saba/.local/lib/python3.6/site-packages/airflow/example_dags/example_skip_dag.py took 0.348 seconds
[2022-06-17 22:29:02,772] {processor.py:163} INFO - Started process (PID=4611) to work on /home/saba/.local/lib/python3.6/site-packages/airflow/example_dags/example_skip_dag.py
[2022-06-17 22:29:02,779] {processor.py:642} INFO - Processing file /home/saba/.local/lib/python3.6/site-packages/airflow/example_dags/example_skip_dag.py for tasks to queue
[2022-06-17 22:29:02,792] {logging_mixin.py:109} INFO - [2022-06-17 22:29:02,786] {dagbag.py:500} INFO - Filling up the DagBag from /home/saba/.local/lib/python3.6/site-packages/airflow/example_dags/example_skip_dag.py
[2022-06-17 22:29:02,917] {processor.py:652} INFO - DAG(s) dict_keys(['example_skip_dag']) retrieved from /home/saba/.local/lib/python3.6/site-packages/airflow/example_dags/example_skip_dag.py
[2022-06-17 22:29:02,994] {logging_mixin.py:109} INFO - [2022-06-17 22:29:02,994] {dag.py:2398} INFO - Sync 1 DAGs
[2022-06-17 22:29:03,076] {logging_mixin.py:109} INFO - [2022-06-17 22:29:03,075] {dag.py:2937} INFO - Setting next_dagrun for example_skip_dag to 2022-06-16T20:29:03.074573+00:00
[2022-06-17 22:29:03,124] {processor.py:171} INFO - Processing /home/saba/.local/lib/python3.6/site-packages/airflow/example_dags/example_skip_dag.py took 0.374 seconds
[2022-06-17 22:30:05,173] {processor.py:163} INFO - Started process (PID=4921) to work on /home/saba/.local/lib/python3.6/site-packages/airflow/example_dags/example_skip_dag.py
[2022-06-17 22:30:05,178] {processor.py:642} INFO - Processing file /home/saba/.local/lib/python3.6/site-packages/airflow/example_dags/example_skip_dag.py for tasks to queue
[2022-06-17 22:30:05,180] {logging_mixin.py:109} INFO - [2022-06-17 22:30:05,179] {dagbag.py:500} INFO - Filling up the DagBag from /home/saba/.local/lib/python3.6/site-packages/airflow/example_dags/example_skip_dag.py
[2022-06-17 22:30:05,254] {processor.py:652} INFO - DAG(s) dict_keys(['example_skip_dag']) retrieved from /home/saba/.local/lib/python3.6/site-packages/airflow/example_dags/example_skip_dag.py
[2022-06-17 22:30:05,317] {logging_mixin.py:109} INFO - [2022-06-17 22:30:05,317] {dag.py:2398} INFO - Sync 1 DAGs
[2022-06-17 22:30:05,380] {logging_mixin.py:109} INFO - [2022-06-17 22:30:05,380] {dag.py:2937} INFO - Setting next_dagrun for example_skip_dag to 2022-06-16T20:30:05.378915+00:00
[2022-06-17 22:30:05,425] {processor.py:171} INFO - Processing /home/saba/.local/lib/python3.6/site-packages/airflow/example_dags/example_skip_dag.py took 0.260 seconds
[2022-06-17 22:30:54,104] {processor.py:163} INFO - Started process (PID=4999) to work on /home/saba/.local/lib/python3.6/site-packages/airflow/example_dags/example_skip_dag.py
[2022-06-17 22:30:54,110] {processor.py:642} INFO - Processing file /home/saba/.local/lib/python3.6/site-packages/airflow/example_dags/example_skip_dag.py for tasks to queue
[2022-06-17 22:30:54,117] {logging_mixin.py:109} INFO - [2022-06-17 22:30:54,116] {dagbag.py:500} INFO - Filling up the DagBag from /home/saba/.local/lib/python3.6/site-packages/airflow/example_dags/example_skip_dag.py
[2022-06-17 22:30:54,184] {processor.py:652} INFO - DAG(s) dict_keys(['example_skip_dag']) retrieved from /home/saba/.local/lib/python3.6/site-packages/airflow/example_dags/example_skip_dag.py
[2022-06-17 22:30:54,237] {logging_mixin.py:109} INFO - [2022-06-17 22:30:54,237] {dag.py:2398} INFO - Sync 1 DAGs
[2022-06-17 22:30:54,286] {logging_mixin.py:109} INFO - [2022-06-17 22:30:54,285] {dag.py:2937} INFO - Setting next_dagrun for example_skip_dag to 2022-06-16T20:30:54.285058+00:00
[2022-06-17 22:30:54,318] {processor.py:171} INFO - Processing /home/saba/.local/lib/python3.6/site-packages/airflow/example_dags/example_skip_dag.py took 0.226 seconds
[2022-06-17 22:31:34,138] {processor.py:163} INFO - Started process (PID=5086) to work on /home/saba/.local/lib/python3.6/site-packages/airflow/example_dags/example_skip_dag.py
[2022-06-17 22:31:34,142] {processor.py:642} INFO - Processing file /home/saba/.local/lib/python3.6/site-packages/airflow/example_dags/example_skip_dag.py for tasks to queue
[2022-06-17 22:31:34,144] {logging_mixin.py:109} INFO - [2022-06-17 22:31:34,143] {dagbag.py:500} INFO - Filling up the DagBag from /home/saba/.local/lib/python3.6/site-packages/airflow/example_dags/example_skip_dag.py
[2022-06-17 22:31:34,212] {processor.py:652} INFO - DAG(s) dict_keys(['example_skip_dag']) retrieved from /home/saba/.local/lib/python3.6/site-packages/airflow/example_dags/example_skip_dag.py
[2022-06-17 22:31:34,272] {logging_mixin.py:109} INFO - [2022-06-17 22:31:34,271] {dag.py:2398} INFO - Sync 1 DAGs
[2022-06-17 22:31:34,366] {logging_mixin.py:109} INFO - [2022-06-17 22:31:34,365] {dag.py:2937} INFO - Setting next_dagrun for example_skip_dag to 2022-06-16T20:31:34.364470+00:00
[2022-06-17 22:31:34,423] {processor.py:171} INFO - Processing /home/saba/.local/lib/python3.6/site-packages/airflow/example_dags/example_skip_dag.py took 0.294 seconds
[2022-06-17 22:32:26,713] {processor.py:163} INFO - Started process (PID=5129) to work on /home/saba/.local/lib/python3.6/site-packages/airflow/example_dags/example_skip_dag.py
[2022-06-17 22:32:26,715] {processor.py:642} INFO - Processing file /home/saba/.local/lib/python3.6/site-packages/airflow/example_dags/example_skip_dag.py for tasks to queue
[2022-06-17 22:32:26,716] {logging_mixin.py:109} INFO - [2022-06-17 22:32:26,716] {dagbag.py:500} INFO - Filling up the DagBag from /home/saba/.local/lib/python3.6/site-packages/airflow/example_dags/example_skip_dag.py
[2022-06-17 22:32:26,742] {processor.py:652} INFO - DAG(s) dict_keys(['example_skip_dag']) retrieved from /home/saba/.local/lib/python3.6/site-packages/airflow/example_dags/example_skip_dag.py
[2022-06-17 22:32:26,765] {logging_mixin.py:109} INFO - [2022-06-17 22:32:26,764] {dag.py:2398} INFO - Sync 1 DAGs
[2022-06-17 22:32:26,792] {logging_mixin.py:109} INFO - [2022-06-17 22:32:26,791] {dag.py:2937} INFO - Setting next_dagrun for example_skip_dag to 2022-06-16T20:32:26.791387+00:00
[2022-06-17 22:32:26,812] {processor.py:171} INFO - Processing /home/saba/.local/lib/python3.6/site-packages/airflow/example_dags/example_skip_dag.py took 0.103 seconds
[2022-06-17 22:33:10,094] {processor.py:163} INFO - Started process (PID=5380) to work on /home/saba/.local/lib/python3.6/site-packages/airflow/example_dags/example_skip_dag.py
[2022-06-17 22:33:10,096] {processor.py:642} INFO - Processing file /home/saba/.local/lib/python3.6/site-packages/airflow/example_dags/example_skip_dag.py for tasks to queue
[2022-06-17 22:33:10,097] {logging_mixin.py:109} INFO - [2022-06-17 22:33:10,097] {dagbag.py:500} INFO - Filling up the DagBag from /home/saba/.local/lib/python3.6/site-packages/airflow/example_dags/example_skip_dag.py
[2022-06-17 22:33:10,119] {processor.py:652} INFO - DAG(s) dict_keys(['example_skip_dag']) retrieved from /home/saba/.local/lib/python3.6/site-packages/airflow/example_dags/example_skip_dag.py
[2022-06-17 22:33:10,138] {logging_mixin.py:109} INFO - [2022-06-17 22:33:10,138] {dag.py:2398} INFO - Sync 1 DAGs
[2022-06-17 22:33:10,161] {logging_mixin.py:109} INFO - [2022-06-17 22:33:10,161] {dag.py:2937} INFO - Setting next_dagrun for example_skip_dag to 2022-06-16T20:33:10.161076+00:00
[2022-06-17 22:33:10,179] {processor.py:171} INFO - Processing /home/saba/.local/lib/python3.6/site-packages/airflow/example_dags/example_skip_dag.py took 0.089 seconds
[2022-06-17 22:33:56,212] {processor.py:163} INFO - Started process (PID=5660) to work on /home/saba/.local/lib/python3.6/site-packages/airflow/example_dags/example_skip_dag.py
[2022-06-17 22:33:56,222] {processor.py:642} INFO - Processing file /home/saba/.local/lib/python3.6/site-packages/airflow/example_dags/example_skip_dag.py for tasks to queue
[2022-06-17 22:33:56,223] {logging_mixin.py:109} INFO - [2022-06-17 22:33:56,223] {dagbag.py:500} INFO - Filling up the DagBag from /home/saba/.local/lib/python3.6/site-packages/airflow/example_dags/example_skip_dag.py
[2022-06-17 22:33:56,245] {processor.py:652} INFO - DAG(s) dict_keys(['example_skip_dag']) retrieved from /home/saba/.local/lib/python3.6/site-packages/airflow/example_dags/example_skip_dag.py
[2022-06-17 22:33:56,264] {logging_mixin.py:109} INFO - [2022-06-17 22:33:56,264] {dag.py:2398} INFO - Sync 1 DAGs
[2022-06-17 22:33:56,305] {logging_mixin.py:109} INFO - [2022-06-17 22:33:56,305] {dag.py:2937} INFO - Setting next_dagrun for example_skip_dag to 2022-06-16T20:33:56.304569+00:00
[2022-06-17 22:33:56,441] {processor.py:171} INFO - Processing /home/saba/.local/lib/python3.6/site-packages/airflow/example_dags/example_skip_dag.py took 0.233 seconds
[2022-06-17 22:34:41,267] {processor.py:163} INFO - Started process (PID=5714) to work on /home/saba/.local/lib/python3.6/site-packages/airflow/example_dags/example_skip_dag.py
[2022-06-17 22:34:41,279] {processor.py:642} INFO - Processing file /home/saba/.local/lib/python3.6/site-packages/airflow/example_dags/example_skip_dag.py for tasks to queue
[2022-06-17 22:34:41,281] {logging_mixin.py:109} INFO - [2022-06-17 22:34:41,281] {dagbag.py:500} INFO - Filling up the DagBag from /home/saba/.local/lib/python3.6/site-packages/airflow/example_dags/example_skip_dag.py
[2022-06-17 22:34:41,342] {processor.py:652} INFO - DAG(s) dict_keys(['example_skip_dag']) retrieved from /home/saba/.local/lib/python3.6/site-packages/airflow/example_dags/example_skip_dag.py
[2022-06-17 22:34:41,393] {logging_mixin.py:109} INFO - [2022-06-17 22:34:41,392] {dag.py:2398} INFO - Sync 1 DAGs
[2022-06-17 22:34:41,459] {logging_mixin.py:109} INFO - [2022-06-17 22:34:41,459] {dag.py:2937} INFO - Setting next_dagrun for example_skip_dag to 2022-06-16T20:34:41.457996+00:00
[2022-06-17 22:34:41,500] {processor.py:171} INFO - Processing /home/saba/.local/lib/python3.6/site-packages/airflow/example_dags/example_skip_dag.py took 0.242 seconds
[2022-06-17 22:35:28,949] {processor.py:163} INFO - Started process (PID=5767) to work on /home/saba/.local/lib/python3.6/site-packages/airflow/example_dags/example_skip_dag.py
[2022-06-17 22:35:28,961] {processor.py:642} INFO - Processing file /home/saba/.local/lib/python3.6/site-packages/airflow/example_dags/example_skip_dag.py for tasks to queue
[2022-06-17 22:35:28,963] {logging_mixin.py:109} INFO - [2022-06-17 22:35:28,963] {dagbag.py:500} INFO - Filling up the DagBag from /home/saba/.local/lib/python3.6/site-packages/airflow/example_dags/example_skip_dag.py
[2022-06-17 22:35:29,026] {processor.py:652} INFO - DAG(s) dict_keys(['example_skip_dag']) retrieved from /home/saba/.local/lib/python3.6/site-packages/airflow/example_dags/example_skip_dag.py
[2022-06-17 22:35:29,077] {logging_mixin.py:109} INFO - [2022-06-17 22:35:29,077] {dag.py:2398} INFO - Sync 1 DAGs
[2022-06-17 22:35:29,147] {logging_mixin.py:109} INFO - [2022-06-17 22:35:29,147] {dag.py:2937} INFO - Setting next_dagrun for example_skip_dag to 2022-06-16T20:35:29.146464+00:00
[2022-06-17 22:35:29,190] {processor.py:171} INFO - Processing /home/saba/.local/lib/python3.6/site-packages/airflow/example_dags/example_skip_dag.py took 0.256 seconds
[2022-06-17 22:36:08,346] {processor.py:163} INFO - Started process (PID=5823) to work on /home/saba/.local/lib/python3.6/site-packages/airflow/example_dags/example_skip_dag.py
[2022-06-17 22:36:08,349] {processor.py:642} INFO - Processing file /home/saba/.local/lib/python3.6/site-packages/airflow/example_dags/example_skip_dag.py for tasks to queue
[2022-06-17 22:36:08,350] {logging_mixin.py:109} INFO - [2022-06-17 22:36:08,350] {dagbag.py:500} INFO - Filling up the DagBag from /home/saba/.local/lib/python3.6/site-packages/airflow/example_dags/example_skip_dag.py
[2022-06-17 22:36:08,370] {processor.py:652} INFO - DAG(s) dict_keys(['example_skip_dag']) retrieved from /home/saba/.local/lib/python3.6/site-packages/airflow/example_dags/example_skip_dag.py
[2022-06-17 22:36:08,387] {logging_mixin.py:109} INFO - [2022-06-17 22:36:08,387] {dag.py:2398} INFO - Sync 1 DAGs
[2022-06-17 22:36:08,406] {logging_mixin.py:109} INFO - [2022-06-17 22:36:08,406] {dag.py:2937} INFO - Setting next_dagrun for example_skip_dag to 2022-06-16T20:36:08.406171+00:00
[2022-06-17 22:36:08,426] {processor.py:171} INFO - Processing /home/saba/.local/lib/python3.6/site-packages/airflow/example_dags/example_skip_dag.py took 0.083 seconds
[2022-06-17 22:36:48,937] {processor.py:163} INFO - Started process (PID=5876) to work on /home/saba/.local/lib/python3.6/site-packages/airflow/example_dags/example_skip_dag.py
[2022-06-17 22:36:48,941] {processor.py:642} INFO - Processing file /home/saba/.local/lib/python3.6/site-packages/airflow/example_dags/example_skip_dag.py for tasks to queue
[2022-06-17 22:36:48,943] {logging_mixin.py:109} INFO - [2022-06-17 22:36:48,942] {dagbag.py:500} INFO - Filling up the DagBag from /home/saba/.local/lib/python3.6/site-packages/airflow/example_dags/example_skip_dag.py
[2022-06-17 22:36:48,987] {processor.py:652} INFO - DAG(s) dict_keys(['example_skip_dag']) retrieved from /home/saba/.local/lib/python3.6/site-packages/airflow/example_dags/example_skip_dag.py
[2022-06-17 22:36:49,021] {logging_mixin.py:109} INFO - [2022-06-17 22:36:49,021] {dag.py:2398} INFO - Sync 1 DAGs
[2022-06-17 22:36:49,064] {logging_mixin.py:109} INFO - [2022-06-17 22:36:49,064] {dag.py:2937} INFO - Setting next_dagrun for example_skip_dag to 2022-06-16T20:36:49.063820+00:00
[2022-06-17 22:36:49,094] {processor.py:171} INFO - Processing /home/saba/.local/lib/python3.6/site-packages/airflow/example_dags/example_skip_dag.py took 0.165 seconds
[2022-06-17 22:37:39,103] {processor.py:163} INFO - Started process (PID=5931) to work on /home/saba/.local/lib/python3.6/site-packages/airflow/example_dags/example_skip_dag.py
[2022-06-17 22:37:39,107] {processor.py:642} INFO - Processing file /home/saba/.local/lib/python3.6/site-packages/airflow/example_dags/example_skip_dag.py for tasks to queue
[2022-06-17 22:37:39,108] {logging_mixin.py:109} INFO - [2022-06-17 22:37:39,108] {dagbag.py:500} INFO - Filling up the DagBag from /home/saba/.local/lib/python3.6/site-packages/airflow/example_dags/example_skip_dag.py
[2022-06-17 22:37:39,145] {processor.py:652} INFO - DAG(s) dict_keys(['example_skip_dag']) retrieved from /home/saba/.local/lib/python3.6/site-packages/airflow/example_dags/example_skip_dag.py
[2022-06-17 22:37:39,177] {logging_mixin.py:109} INFO - [2022-06-17 22:37:39,177] {dag.py:2398} INFO - Sync 1 DAGs
[2022-06-17 22:37:39,214] {logging_mixin.py:109} INFO - [2022-06-17 22:37:39,214] {dag.py:2937} INFO - Setting next_dagrun for example_skip_dag to 2022-06-16T20:37:39.213664+00:00
[2022-06-17 22:37:39,242] {processor.py:171} INFO - Processing /home/saba/.local/lib/python3.6/site-packages/airflow/example_dags/example_skip_dag.py took 0.145 seconds
[2022-06-17 22:38:25,025] {processor.py:163} INFO - Started process (PID=5985) to work on /home/saba/.local/lib/python3.6/site-packages/airflow/example_dags/example_skip_dag.py
[2022-06-17 22:38:25,027] {processor.py:642} INFO - Processing file /home/saba/.local/lib/python3.6/site-packages/airflow/example_dags/example_skip_dag.py for tasks to queue
[2022-06-17 22:38:25,029] {logging_mixin.py:109} INFO - [2022-06-17 22:38:25,028] {dagbag.py:500} INFO - Filling up the DagBag from /home/saba/.local/lib/python3.6/site-packages/airflow/example_dags/example_skip_dag.py
[2022-06-17 22:38:25,073] {processor.py:652} INFO - DAG(s) dict_keys(['example_skip_dag']) retrieved from /home/saba/.local/lib/python3.6/site-packages/airflow/example_dags/example_skip_dag.py
[2022-06-17 22:38:25,110] {logging_mixin.py:109} INFO - [2022-06-17 22:38:25,110] {dag.py:2398} INFO - Sync 1 DAGs
[2022-06-17 22:38:25,157] {logging_mixin.py:109} INFO - [2022-06-17 22:38:25,157] {dag.py:2937} INFO - Setting next_dagrun for example_skip_dag to 2022-06-16T20:38:25.156211+00:00
[2022-06-17 22:38:25,187] {processor.py:171} INFO - Processing /home/saba/.local/lib/python3.6/site-packages/airflow/example_dags/example_skip_dag.py took 0.169 seconds
[2022-06-17 22:39:06,216] {processor.py:163} INFO - Started process (PID=6042) to work on /home/saba/.local/lib/python3.6/site-packages/airflow/example_dags/example_skip_dag.py
[2022-06-17 22:39:06,226] {processor.py:642} INFO - Processing file /home/saba/.local/lib/python3.6/site-packages/airflow/example_dags/example_skip_dag.py for tasks to queue
[2022-06-17 22:39:06,226] {logging_mixin.py:109} INFO - [2022-06-17 22:39:06,226] {dagbag.py:500} INFO - Filling up the DagBag from /home/saba/.local/lib/python3.6/site-packages/airflow/example_dags/example_skip_dag.py
[2022-06-17 22:39:06,238] {processor.py:652} INFO - DAG(s) dict_keys(['example_skip_dag']) retrieved from /home/saba/.local/lib/python3.6/site-packages/airflow/example_dags/example_skip_dag.py
[2022-06-17 22:39:06,248] {logging_mixin.py:109} INFO - [2022-06-17 22:39:06,248] {dag.py:2398} INFO - Sync 1 DAGs
[2022-06-17 22:39:06,260] {logging_mixin.py:109} INFO - [2022-06-17 22:39:06,260] {dag.py:2937} INFO - Setting next_dagrun for example_skip_dag to 2022-06-16T20:39:06.260321+00:00
[2022-06-17 22:39:06,276] {processor.py:171} INFO - Processing /home/saba/.local/lib/python3.6/site-packages/airflow/example_dags/example_skip_dag.py took 0.063 seconds
[2022-06-17 22:40:00,342] {processor.py:163} INFO - Started process (PID=6680) to work on /home/saba/.local/lib/python3.6/site-packages/airflow/example_dags/example_skip_dag.py
[2022-06-17 22:40:00,346] {processor.py:642} INFO - Processing file /home/saba/.local/lib/python3.6/site-packages/airflow/example_dags/example_skip_dag.py for tasks to queue
[2022-06-17 22:40:00,347] {logging_mixin.py:109} INFO - [2022-06-17 22:40:00,347] {dagbag.py:500} INFO - Filling up the DagBag from /home/saba/.local/lib/python3.6/site-packages/airflow/example_dags/example_skip_dag.py
[2022-06-17 22:40:00,389] {processor.py:652} INFO - DAG(s) dict_keys(['example_skip_dag']) retrieved from /home/saba/.local/lib/python3.6/site-packages/airflow/example_dags/example_skip_dag.py
[2022-06-17 22:40:00,426] {logging_mixin.py:109} INFO - [2022-06-17 22:40:00,425] {dag.py:2398} INFO - Sync 1 DAGs
[2022-06-17 22:40:00,464] {logging_mixin.py:109} INFO - [2022-06-17 22:40:00,464] {dag.py:2937} INFO - Setting next_dagrun for example_skip_dag to 2022-06-16T20:40:00.463502+00:00
[2022-06-17 22:40:00,487] {processor.py:171} INFO - Processing /home/saba/.local/lib/python3.6/site-packages/airflow/example_dags/example_skip_dag.py took 0.150 seconds
[2022-06-17 22:40:36,470] {processor.py:163} INFO - Started process (PID=6857) to work on /home/saba/.local/lib/python3.6/site-packages/airflow/example_dags/example_skip_dag.py
[2022-06-17 22:40:36,473] {processor.py:642} INFO - Processing file /home/saba/.local/lib/python3.6/site-packages/airflow/example_dags/example_skip_dag.py for tasks to queue
[2022-06-17 22:40:36,474] {logging_mixin.py:109} INFO - [2022-06-17 22:40:36,474] {dagbag.py:500} INFO - Filling up the DagBag from /home/saba/.local/lib/python3.6/site-packages/airflow/example_dags/example_skip_dag.py
[2022-06-17 22:40:36,501] {processor.py:652} INFO - DAG(s) dict_keys(['example_skip_dag']) retrieved from /home/saba/.local/lib/python3.6/site-packages/airflow/example_dags/example_skip_dag.py
[2022-06-17 22:40:36,529] {logging_mixin.py:109} INFO - [2022-06-17 22:40:36,529] {dag.py:2398} INFO - Sync 1 DAGs
[2022-06-17 22:40:36,557] {logging_mixin.py:109} INFO - [2022-06-17 22:40:36,557] {dag.py:2937} INFO - Setting next_dagrun for example_skip_dag to 2022-06-16T20:40:36.556842+00:00
[2022-06-17 22:40:36,579] {processor.py:171} INFO - Processing /home/saba/.local/lib/python3.6/site-packages/airflow/example_dags/example_skip_dag.py took 0.113 seconds
[2022-06-17 22:41:23,095] {processor.py:163} INFO - Started process (PID=6957) to work on /home/saba/.local/lib/python3.6/site-packages/airflow/example_dags/example_skip_dag.py
[2022-06-17 22:41:23,100] {processor.py:642} INFO - Processing file /home/saba/.local/lib/python3.6/site-packages/airflow/example_dags/example_skip_dag.py for tasks to queue
[2022-06-17 22:41:23,102] {logging_mixin.py:109} INFO - [2022-06-17 22:41:23,102] {dagbag.py:500} INFO - Filling up the DagBag from /home/saba/.local/lib/python3.6/site-packages/airflow/example_dags/example_skip_dag.py
[2022-06-17 22:41:23,151] {processor.py:652} INFO - DAG(s) dict_keys(['example_skip_dag']) retrieved from /home/saba/.local/lib/python3.6/site-packages/airflow/example_dags/example_skip_dag.py
[2022-06-17 22:41:23,202] {logging_mixin.py:109} INFO - [2022-06-17 22:41:23,201] {dag.py:2398} INFO - Sync 1 DAGs
[2022-06-17 22:41:23,280] {logging_mixin.py:109} INFO - [2022-06-17 22:41:23,279] {dag.py:2937} INFO - Setting next_dagrun for example_skip_dag to 2022-06-16T20:41:23.278987+00:00
[2022-06-17 22:41:23,327] {processor.py:171} INFO - Processing /home/saba/.local/lib/python3.6/site-packages/airflow/example_dags/example_skip_dag.py took 0.243 seconds
[2022-06-17 22:42:01,701] {processor.py:163} INFO - Started process (PID=7445) to work on /home/saba/.local/lib/python3.6/site-packages/airflow/example_dags/example_skip_dag.py
[2022-06-17 22:42:01,704] {processor.py:642} INFO - Processing file /home/saba/.local/lib/python3.6/site-packages/airflow/example_dags/example_skip_dag.py for tasks to queue
[2022-06-17 22:42:01,705] {logging_mixin.py:109} INFO - [2022-06-17 22:42:01,704] {dagbag.py:500} INFO - Filling up the DagBag from /home/saba/.local/lib/python3.6/site-packages/airflow/example_dags/example_skip_dag.py
[2022-06-17 22:42:01,735] {processor.py:652} INFO - DAG(s) dict_keys(['example_skip_dag']) retrieved from /home/saba/.local/lib/python3.6/site-packages/airflow/example_dags/example_skip_dag.py
[2022-06-17 22:42:01,761] {logging_mixin.py:109} INFO - [2022-06-17 22:42:01,761] {dag.py:2398} INFO - Sync 1 DAGs
[2022-06-17 22:42:01,792] {logging_mixin.py:109} INFO - [2022-06-17 22:42:01,792] {dag.py:2937} INFO - Setting next_dagrun for example_skip_dag to 2022-06-16T20:42:01.792166+00:00
[2022-06-17 22:42:01,821] {processor.py:171} INFO - Processing /home/saba/.local/lib/python3.6/site-packages/airflow/example_dags/example_skip_dag.py took 0.124 seconds
[2022-06-17 22:42:51,691] {processor.py:163} INFO - Started process (PID=7912) to work on /home/saba/.local/lib/python3.6/site-packages/airflow/example_dags/example_skip_dag.py
[2022-06-17 22:42:51,696] {processor.py:642} INFO - Processing file /home/saba/.local/lib/python3.6/site-packages/airflow/example_dags/example_skip_dag.py for tasks to queue
[2022-06-17 22:42:51,698] {logging_mixin.py:109} INFO - [2022-06-17 22:42:51,697] {dagbag.py:500} INFO - Filling up the DagBag from /home/saba/.local/lib/python3.6/site-packages/airflow/example_dags/example_skip_dag.py
[2022-06-17 22:42:51,776] {processor.py:652} INFO - DAG(s) dict_keys(['example_skip_dag']) retrieved from /home/saba/.local/lib/python3.6/site-packages/airflow/example_dags/example_skip_dag.py
[2022-06-17 22:42:51,835] {logging_mixin.py:109} INFO - [2022-06-17 22:42:51,834] {dag.py:2398} INFO - Sync 1 DAGs
[2022-06-17 22:42:51,888] {logging_mixin.py:109} INFO - [2022-06-17 22:42:51,888] {dag.py:2937} INFO - Setting next_dagrun for example_skip_dag to 2022-06-16T20:42:51.887345+00:00
[2022-06-17 22:42:51,998] {processor.py:171} INFO - Processing /home/saba/.local/lib/python3.6/site-packages/airflow/example_dags/example_skip_dag.py took 0.315 seconds
[2022-06-17 22:43:36,052] {processor.py:163} INFO - Started process (PID=8223) to work on /home/saba/.local/lib/python3.6/site-packages/airflow/example_dags/example_skip_dag.py
[2022-06-17 22:43:36,064] {processor.py:642} INFO - Processing file /home/saba/.local/lib/python3.6/site-packages/airflow/example_dags/example_skip_dag.py for tasks to queue
[2022-06-17 22:43:36,066] {logging_mixin.py:109} INFO - [2022-06-17 22:43:36,065] {dagbag.py:500} INFO - Filling up the DagBag from /home/saba/.local/lib/python3.6/site-packages/airflow/example_dags/example_skip_dag.py
[2022-06-17 22:43:36,140] {processor.py:652} INFO - DAG(s) dict_keys(['example_skip_dag']) retrieved from /home/saba/.local/lib/python3.6/site-packages/airflow/example_dags/example_skip_dag.py
[2022-06-17 22:43:36,263] {logging_mixin.py:109} INFO - [2022-06-17 22:43:36,262] {dag.py:2398} INFO - Sync 1 DAGs
[2022-06-17 22:43:36,422] {logging_mixin.py:109} INFO - [2022-06-17 22:43:36,421] {dag.py:2937} INFO - Setting next_dagrun for example_skip_dag to 2022-06-16T20:43:36.420317+00:00
[2022-06-17 22:43:36,473] {processor.py:171} INFO - Processing /home/saba/.local/lib/python3.6/site-packages/airflow/example_dags/example_skip_dag.py took 0.438 seconds
[2022-06-17 22:44:51,355] {processor.py:163} INFO - Started process (PID=8534) to work on /home/saba/.local/lib/python3.6/site-packages/airflow/example_dags/example_skip_dag.py
[2022-06-17 22:44:51,358] {processor.py:642} INFO - Processing file /home/saba/.local/lib/python3.6/site-packages/airflow/example_dags/example_skip_dag.py for tasks to queue
[2022-06-17 22:44:51,358] {logging_mixin.py:109} INFO - [2022-06-17 22:44:51,358] {dagbag.py:500} INFO - Filling up the DagBag from /home/saba/.local/lib/python3.6/site-packages/airflow/example_dags/example_skip_dag.py
[2022-06-17 22:44:51,384] {processor.py:652} INFO - DAG(s) dict_keys(['example_skip_dag']) retrieved from /home/saba/.local/lib/python3.6/site-packages/airflow/example_dags/example_skip_dag.py
[2022-06-17 22:44:51,405] {logging_mixin.py:109} INFO - [2022-06-17 22:44:51,405] {dag.py:2398} INFO - Sync 1 DAGs
[2022-06-17 22:44:51,429] {logging_mixin.py:109} INFO - [2022-06-17 22:44:51,429] {dag.py:2937} INFO - Setting next_dagrun for example_skip_dag to 2022-06-16T20:44:51.428857+00:00
[2022-06-17 22:44:51,450] {processor.py:171} INFO - Processing /home/saba/.local/lib/python3.6/site-packages/airflow/example_dags/example_skip_dag.py took 0.098 seconds
[2022-06-17 22:45:35,649] {processor.py:163} INFO - Started process (PID=8589) to work on /home/saba/.local/lib/python3.6/site-packages/airflow/example_dags/example_skip_dag.py
[2022-06-17 22:45:35,651] {processor.py:642} INFO - Processing file /home/saba/.local/lib/python3.6/site-packages/airflow/example_dags/example_skip_dag.py for tasks to queue
[2022-06-17 22:45:35,652] {logging_mixin.py:109} INFO - [2022-06-17 22:45:35,651] {dagbag.py:500} INFO - Filling up the DagBag from /home/saba/.local/lib/python3.6/site-packages/airflow/example_dags/example_skip_dag.py
[2022-06-17 22:45:35,671] {processor.py:652} INFO - DAG(s) dict_keys(['example_skip_dag']) retrieved from /home/saba/.local/lib/python3.6/site-packages/airflow/example_dags/example_skip_dag.py
[2022-06-17 22:45:35,693] {logging_mixin.py:109} INFO - [2022-06-17 22:45:35,692] {dag.py:2398} INFO - Sync 1 DAGs
[2022-06-17 22:45:35,717] {logging_mixin.py:109} INFO - [2022-06-17 22:45:35,716] {dag.py:2937} INFO - Setting next_dagrun for example_skip_dag to 2022-06-16T20:45:35.716499+00:00
[2022-06-17 22:45:35,733] {processor.py:171} INFO - Processing /home/saba/.local/lib/python3.6/site-packages/airflow/example_dags/example_skip_dag.py took 0.088 seconds
[2022-06-17 22:48:00,287] {processor.py:163} INFO - Started process (PID=10393) to work on /home/saba/.local/lib/python3.6/site-packages/airflow/example_dags/example_skip_dag.py
[2022-06-17 22:48:00,289] {processor.py:642} INFO - Processing file /home/saba/.local/lib/python3.6/site-packages/airflow/example_dags/example_skip_dag.py for tasks to queue
[2022-06-17 22:48:00,290] {logging_mixin.py:109} INFO - [2022-06-17 22:48:00,289] {dagbag.py:500} INFO - Filling up the DagBag from /home/saba/.local/lib/python3.6/site-packages/airflow/example_dags/example_skip_dag.py
[2022-06-17 22:48:00,310] {processor.py:652} INFO - DAG(s) dict_keys(['example_skip_dag']) retrieved from /home/saba/.local/lib/python3.6/site-packages/airflow/example_dags/example_skip_dag.py
[2022-06-17 22:48:00,328] {logging_mixin.py:109} INFO - [2022-06-17 22:48:00,328] {dag.py:2398} INFO - Sync 1 DAGs
[2022-06-17 22:48:00,351] {logging_mixin.py:109} INFO - [2022-06-17 22:48:00,350] {dag.py:2937} INFO - Setting next_dagrun for example_skip_dag to 2022-06-16T20:48:00.350549+00:00
[2022-06-17 22:48:00,369] {processor.py:171} INFO - Processing /home/saba/.local/lib/python3.6/site-packages/airflow/example_dags/example_skip_dag.py took 0.086 seconds
[2022-06-17 22:48:45,869] {processor.py:163} INFO - Started process (PID=10599) to work on /home/saba/.local/lib/python3.6/site-packages/airflow/example_dags/example_skip_dag.py
[2022-06-17 22:48:45,871] {processor.py:642} INFO - Processing file /home/saba/.local/lib/python3.6/site-packages/airflow/example_dags/example_skip_dag.py for tasks to queue
[2022-06-17 22:48:45,872] {logging_mixin.py:109} INFO - [2022-06-17 22:48:45,871] {dagbag.py:500} INFO - Filling up the DagBag from /home/saba/.local/lib/python3.6/site-packages/airflow/example_dags/example_skip_dag.py
[2022-06-17 22:48:45,886] {processor.py:652} INFO - DAG(s) dict_keys(['example_skip_dag']) retrieved from /home/saba/.local/lib/python3.6/site-packages/airflow/example_dags/example_skip_dag.py
[2022-06-17 22:48:45,898] {logging_mixin.py:109} INFO - [2022-06-17 22:48:45,898] {dag.py:2398} INFO - Sync 1 DAGs
[2022-06-17 22:48:45,912] {logging_mixin.py:109} INFO - [2022-06-17 22:48:45,912] {dag.py:2937} INFO - Setting next_dagrun for example_skip_dag to 2022-06-16T20:48:45.912291+00:00
[2022-06-17 22:48:45,981] {processor.py:171} INFO - Processing /home/saba/.local/lib/python3.6/site-packages/airflow/example_dags/example_skip_dag.py took 0.114 seconds
[2022-06-17 22:49:32,296] {processor.py:163} INFO - Started process (PID=10803) to work on /home/saba/.local/lib/python3.6/site-packages/airflow/example_dags/example_skip_dag.py
[2022-06-17 22:49:32,298] {processor.py:642} INFO - Processing file /home/saba/.local/lib/python3.6/site-packages/airflow/example_dags/example_skip_dag.py for tasks to queue
[2022-06-17 22:49:32,299] {logging_mixin.py:109} INFO - [2022-06-17 22:49:32,299] {dagbag.py:500} INFO - Filling up the DagBag from /home/saba/.local/lib/python3.6/site-packages/airflow/example_dags/example_skip_dag.py
[2022-06-17 22:49:32,321] {processor.py:652} INFO - DAG(s) dict_keys(['example_skip_dag']) retrieved from /home/saba/.local/lib/python3.6/site-packages/airflow/example_dags/example_skip_dag.py
[2022-06-17 22:49:32,341] {logging_mixin.py:109} INFO - [2022-06-17 22:49:32,341] {dag.py:2398} INFO - Sync 1 DAGs
[2022-06-17 22:49:32,426] {logging_mixin.py:109} INFO - [2022-06-17 22:49:32,426] {dag.py:2937} INFO - Setting next_dagrun for example_skip_dag to 2022-06-16T20:49:32.426229+00:00
[2022-06-17 22:49:32,441] {processor.py:171} INFO - Processing /home/saba/.local/lib/python3.6/site-packages/airflow/example_dags/example_skip_dag.py took 0.148 seconds
[2022-06-17 22:50:45,467] {processor.py:163} INFO - Started process (PID=11353) to work on /home/saba/.local/lib/python3.6/site-packages/airflow/example_dags/example_skip_dag.py
[2022-06-17 22:50:45,469] {processor.py:642} INFO - Processing file /home/saba/.local/lib/python3.6/site-packages/airflow/example_dags/example_skip_dag.py for tasks to queue
[2022-06-17 22:50:45,470] {logging_mixin.py:109} INFO - [2022-06-17 22:50:45,470] {dagbag.py:500} INFO - Filling up the DagBag from /home/saba/.local/lib/python3.6/site-packages/airflow/example_dags/example_skip_dag.py
[2022-06-17 22:50:45,495] {processor.py:652} INFO - DAG(s) dict_keys(['example_skip_dag']) retrieved from /home/saba/.local/lib/python3.6/site-packages/airflow/example_dags/example_skip_dag.py
[2022-06-17 22:50:45,516] {logging_mixin.py:109} INFO - [2022-06-17 22:50:45,516] {dag.py:2398} INFO - Sync 1 DAGs
[2022-06-17 22:50:45,619] {logging_mixin.py:109} INFO - [2022-06-17 22:50:45,619] {dag.py:2937} INFO - Setting next_dagrun for example_skip_dag to 2022-06-16T20:50:45.618960+00:00
[2022-06-17 22:50:45,640] {processor.py:171} INFO - Processing /home/saba/.local/lib/python3.6/site-packages/airflow/example_dags/example_skip_dag.py took 0.178 seconds
[2022-06-17 22:51:42,232] {processor.py:163} INFO - Started process (PID=11563) to work on /home/saba/.local/lib/python3.6/site-packages/airflow/example_dags/example_skip_dag.py
[2022-06-17 22:51:42,237] {processor.py:642} INFO - Processing file /home/saba/.local/lib/python3.6/site-packages/airflow/example_dags/example_skip_dag.py for tasks to queue
[2022-06-17 22:51:42,239] {logging_mixin.py:109} INFO - [2022-06-17 22:51:42,238] {dagbag.py:500} INFO - Filling up the DagBag from /home/saba/.local/lib/python3.6/site-packages/airflow/example_dags/example_skip_dag.py
[2022-06-17 22:51:42,304] {processor.py:652} INFO - DAG(s) dict_keys(['example_skip_dag']) retrieved from /home/saba/.local/lib/python3.6/site-packages/airflow/example_dags/example_skip_dag.py
[2022-06-17 22:51:42,549] {logging_mixin.py:109} INFO - [2022-06-17 22:51:42,548] {dag.py:2398} INFO - Sync 1 DAGs
[2022-06-17 22:51:42,611] {logging_mixin.py:109} INFO - [2022-06-17 22:51:42,611] {dag.py:2937} INFO - Setting next_dagrun for example_skip_dag to 2022-06-16T20:51:42.610733+00:00
[2022-06-17 22:51:42,661] {processor.py:171} INFO - Processing /home/saba/.local/lib/python3.6/site-packages/airflow/example_dags/example_skip_dag.py took 0.440 seconds
[2022-06-17 22:52:29,505] {processor.py:163} INFO - Started process (PID=11764) to work on /home/saba/.local/lib/python3.6/site-packages/airflow/example_dags/example_skip_dag.py
[2022-06-17 22:52:29,507] {processor.py:642} INFO - Processing file /home/saba/.local/lib/python3.6/site-packages/airflow/example_dags/example_skip_dag.py for tasks to queue
[2022-06-17 22:52:29,508] {logging_mixin.py:109} INFO - [2022-06-17 22:52:29,508] {dagbag.py:500} INFO - Filling up the DagBag from /home/saba/.local/lib/python3.6/site-packages/airflow/example_dags/example_skip_dag.py
[2022-06-17 22:52:29,589] {processor.py:652} INFO - DAG(s) dict_keys(['example_skip_dag']) retrieved from /home/saba/.local/lib/python3.6/site-packages/airflow/example_dags/example_skip_dag.py
[2022-06-17 22:52:29,600] {logging_mixin.py:109} INFO - [2022-06-17 22:52:29,600] {dag.py:2398} INFO - Sync 1 DAGs
[2022-06-17 22:52:29,615] {logging_mixin.py:109} INFO - [2022-06-17 22:52:29,615] {dag.py:2937} INFO - Setting next_dagrun for example_skip_dag to 2022-06-16T20:52:29.615075+00:00
[2022-06-17 22:52:29,632] {processor.py:171} INFO - Processing /home/saba/.local/lib/python3.6/site-packages/airflow/example_dags/example_skip_dag.py took 0.130 seconds
[2022-06-17 22:53:32,611] {processor.py:163} INFO - Started process (PID=12503) to work on /home/saba/.local/lib/python3.6/site-packages/airflow/example_dags/example_skip_dag.py
[2022-06-17 22:53:32,613] {processor.py:642} INFO - Processing file /home/saba/.local/lib/python3.6/site-packages/airflow/example_dags/example_skip_dag.py for tasks to queue
[2022-06-17 22:53:32,614] {logging_mixin.py:109} INFO - [2022-06-17 22:53:32,614] {dagbag.py:500} INFO - Filling up the DagBag from /home/saba/.local/lib/python3.6/site-packages/airflow/example_dags/example_skip_dag.py
[2022-06-17 22:53:32,689] {processor.py:652} INFO - DAG(s) dict_keys(['example_skip_dag']) retrieved from /home/saba/.local/lib/python3.6/site-packages/airflow/example_dags/example_skip_dag.py
[2022-06-17 22:53:32,700] {logging_mixin.py:109} INFO - [2022-06-17 22:53:32,700] {dag.py:2398} INFO - Sync 1 DAGs
[2022-06-17 22:53:32,712] {logging_mixin.py:109} INFO - [2022-06-17 22:53:32,712] {dag.py:2937} INFO - Setting next_dagrun for example_skip_dag to 2022-06-16T20:53:32.712424+00:00
[2022-06-17 22:53:32,727] {processor.py:171} INFO - Processing /home/saba/.local/lib/python3.6/site-packages/airflow/example_dags/example_skip_dag.py took 0.119 seconds
[2022-06-17 22:54:15,056] {processor.py:163} INFO - Started process (PID=12709) to work on /home/saba/.local/lib/python3.6/site-packages/airflow/example_dags/example_skip_dag.py
[2022-06-17 22:54:15,058] {processor.py:642} INFO - Processing file /home/saba/.local/lib/python3.6/site-packages/airflow/example_dags/example_skip_dag.py for tasks to queue
[2022-06-17 22:54:15,058] {logging_mixin.py:109} INFO - [2022-06-17 22:54:15,058] {dagbag.py:500} INFO - Filling up the DagBag from /home/saba/.local/lib/python3.6/site-packages/airflow/example_dags/example_skip_dag.py
[2022-06-17 22:54:15,139] {processor.py:652} INFO - DAG(s) dict_keys(['example_skip_dag']) retrieved from /home/saba/.local/lib/python3.6/site-packages/airflow/example_dags/example_skip_dag.py
[2022-06-17 22:54:15,151] {logging_mixin.py:109} INFO - [2022-06-17 22:54:15,151] {dag.py:2398} INFO - Sync 1 DAGs
[2022-06-17 22:54:15,165] {logging_mixin.py:109} INFO - [2022-06-17 22:54:15,165] {dag.py:2937} INFO - Setting next_dagrun for example_skip_dag to 2022-06-16T20:54:15.165312+00:00
[2022-06-17 22:54:15,181] {processor.py:171} INFO - Processing /home/saba/.local/lib/python3.6/site-packages/airflow/example_dags/example_skip_dag.py took 0.129 seconds
[2022-06-17 22:54:56,512] {processor.py:163} INFO - Started process (PID=12914) to work on /home/saba/.local/lib/python3.6/site-packages/airflow/example_dags/example_skip_dag.py
[2022-06-17 22:54:56,514] {processor.py:642} INFO - Processing file /home/saba/.local/lib/python3.6/site-packages/airflow/example_dags/example_skip_dag.py for tasks to queue
[2022-06-17 22:54:56,514] {logging_mixin.py:109} INFO - [2022-06-17 22:54:56,514] {dagbag.py:500} INFO - Filling up the DagBag from /home/saba/.local/lib/python3.6/site-packages/airflow/example_dags/example_skip_dag.py
[2022-06-17 22:54:56,531] {processor.py:652} INFO - DAG(s) dict_keys(['example_skip_dag']) retrieved from /home/saba/.local/lib/python3.6/site-packages/airflow/example_dags/example_skip_dag.py
[2022-06-17 22:54:56,544] {logging_mixin.py:109} INFO - [2022-06-17 22:54:56,544] {dag.py:2398} INFO - Sync 1 DAGs
[2022-06-17 22:54:56,560] {logging_mixin.py:109} INFO - [2022-06-17 22:54:56,559] {dag.py:2937} INFO - Setting next_dagrun for example_skip_dag to 2022-06-16T20:54:56.559648+00:00
[2022-06-17 22:54:56,575] {processor.py:171} INFO - Processing /home/saba/.local/lib/python3.6/site-packages/airflow/example_dags/example_skip_dag.py took 0.066 seconds
