[2022-06-17 22:07:28,788] {processor.py:163} INFO - Started process (PID=1727) to work on /home/saba/.local/lib/python3.6/site-packages/airflow/example_dags/example_latest_only.py
[2022-06-17 22:07:28,790] {processor.py:642} INFO - Processing file /home/saba/.local/lib/python3.6/site-packages/airflow/example_dags/example_latest_only.py for tasks to queue
[2022-06-17 22:07:28,792] {logging_mixin.py:109} INFO - [2022-06-17 22:07:28,792] {dagbag.py:500} INFO - Filling up the DagBag from /home/saba/.local/lib/python3.6/site-packages/airflow/example_dags/example_latest_only.py
[2022-06-17 22:07:28,868] {processor.py:652} INFO - DAG(s) dict_keys(['latest_only']) retrieved from /home/saba/.local/lib/python3.6/site-packages/airflow/example_dags/example_latest_only.py
[2022-06-17 22:07:28,911] {logging_mixin.py:109} INFO - [2022-06-17 22:07:28,911] {dag.py:2398} INFO - Sync 1 DAGs
[2022-06-17 22:07:28,969] {logging_mixin.py:109} INFO - [2022-06-17 22:07:28,969] {dag.py:2937} INFO - Setting next_dagrun for latest_only to 2022-06-17T16:07:28.968526+00:00
[2022-06-17 22:07:29,006] {processor.py:171} INFO - Processing /home/saba/.local/lib/python3.6/site-packages/airflow/example_dags/example_latest_only.py took 0.226 seconds
[2022-06-17 22:08:20,533] {processor.py:163} INFO - Started process (PID=1969) to work on /home/saba/.local/lib/python3.6/site-packages/airflow/example_dags/example_latest_only.py
[2022-06-17 22:08:20,536] {processor.py:642} INFO - Processing file /home/saba/.local/lib/python3.6/site-packages/airflow/example_dags/example_latest_only.py for tasks to queue
[2022-06-17 22:08:20,538] {logging_mixin.py:109} INFO - [2022-06-17 22:08:20,538] {dagbag.py:500} INFO - Filling up the DagBag from /home/saba/.local/lib/python3.6/site-packages/airflow/example_dags/example_latest_only.py
[2022-06-17 22:08:20,584] {processor.py:652} INFO - DAG(s) dict_keys(['latest_only']) retrieved from /home/saba/.local/lib/python3.6/site-packages/airflow/example_dags/example_latest_only.py
[2022-06-17 22:08:20,617] {logging_mixin.py:109} INFO - [2022-06-17 22:08:20,617] {dag.py:2398} INFO - Sync 1 DAGs
[2022-06-17 22:08:20,660] {logging_mixin.py:109} INFO - [2022-06-17 22:08:20,660] {dag.py:2937} INFO - Setting next_dagrun for latest_only to 2022-06-17T16:08:20.659430+00:00
[2022-06-17 22:08:20,697] {processor.py:171} INFO - Processing /home/saba/.local/lib/python3.6/site-packages/airflow/example_dags/example_latest_only.py took 0.172 seconds
[2022-06-17 22:10:15,310] {processor.py:163} INFO - Started process (PID=2462) to work on /home/saba/.local/lib/python3.6/site-packages/airflow/example_dags/example_latest_only.py
[2022-06-17 22:10:15,323] {processor.py:642} INFO - Processing file /home/saba/.local/lib/python3.6/site-packages/airflow/example_dags/example_latest_only.py for tasks to queue
[2022-06-17 22:10:15,336] {logging_mixin.py:109} INFO - [2022-06-17 22:10:15,327] {dagbag.py:500} INFO - Filling up the DagBag from /home/saba/.local/lib/python3.6/site-packages/airflow/example_dags/example_latest_only.py
[2022-06-17 22:10:15,496] {processor.py:652} INFO - DAG(s) dict_keys(['latest_only']) retrieved from /home/saba/.local/lib/python3.6/site-packages/airflow/example_dags/example_latest_only.py
[2022-06-17 22:10:15,624] {logging_mixin.py:109} INFO - [2022-06-17 22:10:15,623] {dag.py:2398} INFO - Sync 1 DAGs
[2022-06-17 22:10:15,782] {logging_mixin.py:109} INFO - [2022-06-17 22:10:15,781] {dag.py:2937} INFO - Setting next_dagrun for latest_only to 2022-06-17T16:10:15.779997+00:00
[2022-06-17 22:10:15,949] {processor.py:171} INFO - Processing /home/saba/.local/lib/python3.6/site-packages/airflow/example_dags/example_latest_only.py took 0.661 seconds
[2022-06-17 22:18:21,021] {processor.py:163} INFO - Started process (PID=180) to work on /home/saba/.local/lib/python3.6/site-packages/airflow/example_dags/example_latest_only.py
[2022-06-17 22:18:21,022] {processor.py:642} INFO - Processing file /home/saba/.local/lib/python3.6/site-packages/airflow/example_dags/example_latest_only.py for tasks to queue
[2022-06-17 22:18:21,023] {logging_mixin.py:109} INFO - [2022-06-17 22:18:21,023] {dagbag.py:500} INFO - Filling up the DagBag from /home/saba/.local/lib/python3.6/site-packages/airflow/example_dags/example_latest_only.py
[2022-06-17 22:18:21,037] {processor.py:652} INFO - DAG(s) dict_keys(['latest_only']) retrieved from /home/saba/.local/lib/python3.6/site-packages/airflow/example_dags/example_latest_only.py
[2022-06-17 22:18:21,050] {logging_mixin.py:109} INFO - [2022-06-17 22:18:21,050] {dag.py:2398} INFO - Sync 1 DAGs
[2022-06-17 22:18:21,064] {logging_mixin.py:109} INFO - [2022-06-17 22:18:21,063] {dag.py:2937} INFO - Setting next_dagrun for latest_only to 2022-06-17T16:18:21.063679+00:00
[2022-06-17 22:18:21,080] {processor.py:171} INFO - Processing /home/saba/.local/lib/python3.6/site-packages/airflow/example_dags/example_latest_only.py took 0.062 seconds
[2022-06-17 22:19:13,098] {processor.py:163} INFO - Started process (PID=1725) to work on /home/saba/.local/lib/python3.6/site-packages/airflow/example_dags/example_latest_only.py
[2022-06-17 22:19:13,104] {processor.py:642} INFO - Processing file /home/saba/.local/lib/python3.6/site-packages/airflow/example_dags/example_latest_only.py for tasks to queue
[2022-06-17 22:19:13,117] {logging_mixin.py:109} INFO - [2022-06-17 22:19:13,116] {dagbag.py:500} INFO - Filling up the DagBag from /home/saba/.local/lib/python3.6/site-packages/airflow/example_dags/example_latest_only.py
[2022-06-17 22:19:13,256] {processor.py:652} INFO - DAG(s) dict_keys(['latest_only']) retrieved from /home/saba/.local/lib/python3.6/site-packages/airflow/example_dags/example_latest_only.py
[2022-06-17 22:19:13,337] {logging_mixin.py:109} INFO - [2022-06-17 22:19:13,337] {dag.py:2398} INFO - Sync 1 DAGs
[2022-06-17 22:19:13,448] {logging_mixin.py:109} INFO - [2022-06-17 22:19:13,448] {dag.py:2937} INFO - Setting next_dagrun for latest_only to 2022-06-17T16:19:13.446957+00:00
[2022-06-17 22:19:13,522] {processor.py:171} INFO - Processing /home/saba/.local/lib/python3.6/site-packages/airflow/example_dags/example_latest_only.py took 0.436 seconds
[2022-06-17 22:20:02,079] {processor.py:163} INFO - Started process (PID=3508) to work on /home/saba/.local/lib/python3.6/site-packages/airflow/example_dags/example_latest_only.py
[2022-06-17 22:20:02,081] {processor.py:642} INFO - Processing file /home/saba/.local/lib/python3.6/site-packages/airflow/example_dags/example_latest_only.py for tasks to queue
[2022-06-17 22:20:02,082] {logging_mixin.py:109} INFO - [2022-06-17 22:20:02,082] {dagbag.py:500} INFO - Filling up the DagBag from /home/saba/.local/lib/python3.6/site-packages/airflow/example_dags/example_latest_only.py
[2022-06-17 22:20:02,114] {processor.py:652} INFO - DAG(s) dict_keys(['latest_only']) retrieved from /home/saba/.local/lib/python3.6/site-packages/airflow/example_dags/example_latest_only.py
[2022-06-17 22:20:02,137] {logging_mixin.py:109} INFO - [2022-06-17 22:20:02,137] {dag.py:2398} INFO - Sync 1 DAGs
[2022-06-17 22:20:02,168] {logging_mixin.py:109} INFO - [2022-06-17 22:20:02,168] {dag.py:2937} INFO - Setting next_dagrun for latest_only to 2022-06-17T16:20:02.167977+00:00
[2022-06-17 22:20:02,192] {processor.py:171} INFO - Processing /home/saba/.local/lib/python3.6/site-packages/airflow/example_dags/example_latest_only.py took 0.119 seconds
[2022-06-17 22:20:41,062] {processor.py:163} INFO - Started process (PID=3562) to work on /home/saba/.local/lib/python3.6/site-packages/airflow/example_dags/example_latest_only.py
[2022-06-17 22:20:41,064] {processor.py:642} INFO - Processing file /home/saba/.local/lib/python3.6/site-packages/airflow/example_dags/example_latest_only.py for tasks to queue
[2022-06-17 22:20:41,065] {logging_mixin.py:109} INFO - [2022-06-17 22:20:41,064] {dagbag.py:500} INFO - Filling up the DagBag from /home/saba/.local/lib/python3.6/site-packages/airflow/example_dags/example_latest_only.py
[2022-06-17 22:20:41,084] {processor.py:652} INFO - DAG(s) dict_keys(['latest_only']) retrieved from /home/saba/.local/lib/python3.6/site-packages/airflow/example_dags/example_latest_only.py
[2022-06-17 22:20:41,098] {logging_mixin.py:109} INFO - [2022-06-17 22:20:41,098] {dag.py:2398} INFO - Sync 1 DAGs
[2022-06-17 22:20:41,114] {logging_mixin.py:109} INFO - [2022-06-17 22:20:41,114] {dag.py:2937} INFO - Setting next_dagrun for latest_only to 2022-06-17T16:20:41.113802+00:00
[2022-06-17 22:20:41,129] {processor.py:171} INFO - Processing /home/saba/.local/lib/python3.6/site-packages/airflow/example_dags/example_latest_only.py took 0.069 seconds
[2022-06-17 22:21:17,895] {processor.py:163} INFO - Started process (PID=3614) to work on /home/saba/.local/lib/python3.6/site-packages/airflow/example_dags/example_latest_only.py
[2022-06-17 22:21:17,896] {processor.py:642} INFO - Processing file /home/saba/.local/lib/python3.6/site-packages/airflow/example_dags/example_latest_only.py for tasks to queue
[2022-06-17 22:21:17,897] {logging_mixin.py:109} INFO - [2022-06-17 22:21:17,897] {dagbag.py:500} INFO - Filling up the DagBag from /home/saba/.local/lib/python3.6/site-packages/airflow/example_dags/example_latest_only.py
[2022-06-17 22:21:17,916] {processor.py:652} INFO - DAG(s) dict_keys(['latest_only']) retrieved from /home/saba/.local/lib/python3.6/site-packages/airflow/example_dags/example_latest_only.py
[2022-06-17 22:21:17,933] {logging_mixin.py:109} INFO - [2022-06-17 22:21:17,932] {dag.py:2398} INFO - Sync 1 DAGs
[2022-06-17 22:21:17,953] {logging_mixin.py:109} INFO - [2022-06-17 22:21:17,953] {dag.py:2937} INFO - Setting next_dagrun for latest_only to 2022-06-17T16:21:17.952912+00:00
[2022-06-17 22:21:17,970] {processor.py:171} INFO - Processing /home/saba/.local/lib/python3.6/site-packages/airflow/example_dags/example_latest_only.py took 0.079 seconds
[2022-06-17 22:21:52,855] {processor.py:163} INFO - Started process (PID=3682) to work on /home/saba/.local/lib/python3.6/site-packages/airflow/example_dags/example_latest_only.py
[2022-06-17 22:21:52,857] {processor.py:642} INFO - Processing file /home/saba/.local/lib/python3.6/site-packages/airflow/example_dags/example_latest_only.py for tasks to queue
[2022-06-17 22:21:52,859] {logging_mixin.py:109} INFO - [2022-06-17 22:21:52,858] {dagbag.py:500} INFO - Filling up the DagBag from /home/saba/.local/lib/python3.6/site-packages/airflow/example_dags/example_latest_only.py
[2022-06-17 22:21:52,880] {processor.py:652} INFO - DAG(s) dict_keys(['latest_only']) retrieved from /home/saba/.local/lib/python3.6/site-packages/airflow/example_dags/example_latest_only.py
[2022-06-17 22:21:52,904] {logging_mixin.py:109} INFO - [2022-06-17 22:21:52,904] {dag.py:2398} INFO - Sync 1 DAGs
[2022-06-17 22:21:52,932] {logging_mixin.py:109} INFO - [2022-06-17 22:21:52,932] {dag.py:2937} INFO - Setting next_dagrun for latest_only to 2022-06-17T16:21:52.932310+00:00
[2022-06-17 22:21:52,951] {processor.py:171} INFO - Processing /home/saba/.local/lib/python3.6/site-packages/airflow/example_dags/example_latest_only.py took 0.100 seconds
[2022-06-17 22:23:05,461] {processor.py:163} INFO - Started process (PID=3785) to work on /home/saba/.local/lib/python3.6/site-packages/airflow/example_dags/example_latest_only.py
[2022-06-17 22:23:05,462] {processor.py:642} INFO - Processing file /home/saba/.local/lib/python3.6/site-packages/airflow/example_dags/example_latest_only.py for tasks to queue
[2022-06-17 22:23:05,463] {logging_mixin.py:109} INFO - [2022-06-17 22:23:05,463] {dagbag.py:500} INFO - Filling up the DagBag from /home/saba/.local/lib/python3.6/site-packages/airflow/example_dags/example_latest_only.py
[2022-06-17 22:23:05,479] {processor.py:652} INFO - DAG(s) dict_keys(['latest_only']) retrieved from /home/saba/.local/lib/python3.6/site-packages/airflow/example_dags/example_latest_only.py
[2022-06-17 22:23:05,493] {logging_mixin.py:109} INFO - [2022-06-17 22:23:05,493] {dag.py:2398} INFO - Sync 1 DAGs
[2022-06-17 22:23:05,511] {logging_mixin.py:109} INFO - [2022-06-17 22:23:05,511] {dag.py:2937} INFO - Setting next_dagrun for latest_only to 2022-06-17T16:23:05.510778+00:00
[2022-06-17 22:23:05,527] {processor.py:171} INFO - Processing /home/saba/.local/lib/python3.6/site-packages/airflow/example_dags/example_latest_only.py took 0.069 seconds
[2022-06-17 22:23:41,243] {processor.py:163} INFO - Started process (PID=3845) to work on /home/saba/.local/lib/python3.6/site-packages/airflow/example_dags/example_latest_only.py
[2022-06-17 22:23:41,245] {processor.py:642} INFO - Processing file /home/saba/.local/lib/python3.6/site-packages/airflow/example_dags/example_latest_only.py for tasks to queue
[2022-06-17 22:23:41,245] {logging_mixin.py:109} INFO - [2022-06-17 22:23:41,245] {dagbag.py:500} INFO - Filling up the DagBag from /home/saba/.local/lib/python3.6/site-packages/airflow/example_dags/example_latest_only.py
[2022-06-17 22:23:41,261] {processor.py:652} INFO - DAG(s) dict_keys(['latest_only']) retrieved from /home/saba/.local/lib/python3.6/site-packages/airflow/example_dags/example_latest_only.py
[2022-06-17 22:23:41,275] {logging_mixin.py:109} INFO - [2022-06-17 22:23:41,275] {dag.py:2398} INFO - Sync 1 DAGs
[2022-06-17 22:23:41,291] {logging_mixin.py:109} INFO - [2022-06-17 22:23:41,291] {dag.py:2937} INFO - Setting next_dagrun for latest_only to 2022-06-17T16:23:41.291321+00:00
[2022-06-17 22:23:41,310] {processor.py:171} INFO - Processing /home/saba/.local/lib/python3.6/site-packages/airflow/example_dags/example_latest_only.py took 0.070 seconds
[2022-06-17 22:24:20,291] {processor.py:163} INFO - Started process (PID=3950) to work on /home/saba/.local/lib/python3.6/site-packages/airflow/example_dags/example_latest_only.py
[2022-06-17 22:24:20,293] {processor.py:642} INFO - Processing file /home/saba/.local/lib/python3.6/site-packages/airflow/example_dags/example_latest_only.py for tasks to queue
[2022-06-17 22:24:20,294] {logging_mixin.py:109} INFO - [2022-06-17 22:24:20,294] {dagbag.py:500} INFO - Filling up the DagBag from /home/saba/.local/lib/python3.6/site-packages/airflow/example_dags/example_latest_only.py
[2022-06-17 22:24:20,309] {processor.py:652} INFO - DAG(s) dict_keys(['latest_only']) retrieved from /home/saba/.local/lib/python3.6/site-packages/airflow/example_dags/example_latest_only.py
[2022-06-17 22:24:20,323] {logging_mixin.py:109} INFO - [2022-06-17 22:24:20,323] {dag.py:2398} INFO - Sync 1 DAGs
[2022-06-17 22:24:20,340] {logging_mixin.py:109} INFO - [2022-06-17 22:24:20,340] {dag.py:2937} INFO - Setting next_dagrun for latest_only to 2022-06-17T16:24:20.340024+00:00
[2022-06-17 22:24:20,357] {processor.py:171} INFO - Processing /home/saba/.local/lib/python3.6/site-packages/airflow/example_dags/example_latest_only.py took 0.069 seconds
[2022-06-17 22:24:55,730] {processor.py:163} INFO - Started process (PID=4003) to work on /home/saba/.local/lib/python3.6/site-packages/airflow/example_dags/example_latest_only.py
[2022-06-17 22:24:55,732] {processor.py:642} INFO - Processing file /home/saba/.local/lib/python3.6/site-packages/airflow/example_dags/example_latest_only.py for tasks to queue
[2022-06-17 22:24:55,733] {logging_mixin.py:109} INFO - [2022-06-17 22:24:55,733] {dagbag.py:500} INFO - Filling up the DagBag from /home/saba/.local/lib/python3.6/site-packages/airflow/example_dags/example_latest_only.py
[2022-06-17 22:24:55,758] {processor.py:652} INFO - DAG(s) dict_keys(['latest_only']) retrieved from /home/saba/.local/lib/python3.6/site-packages/airflow/example_dags/example_latest_only.py
[2022-06-17 22:24:55,778] {logging_mixin.py:109} INFO - [2022-06-17 22:24:55,777] {dag.py:2398} INFO - Sync 1 DAGs
[2022-06-17 22:24:55,802] {logging_mixin.py:109} INFO - [2022-06-17 22:24:55,802] {dag.py:2937} INFO - Setting next_dagrun for latest_only to 2022-06-17T16:24:55.801726+00:00
[2022-06-17 22:24:55,820] {processor.py:171} INFO - Processing /home/saba/.local/lib/python3.6/site-packages/airflow/example_dags/example_latest_only.py took 0.094 seconds
[2022-06-17 22:25:48,721] {processor.py:163} INFO - Started process (PID=4343) to work on /home/saba/.local/lib/python3.6/site-packages/airflow/example_dags/example_latest_only.py
[2022-06-17 22:25:48,725] {processor.py:642} INFO - Processing file /home/saba/.local/lib/python3.6/site-packages/airflow/example_dags/example_latest_only.py for tasks to queue
[2022-06-17 22:25:48,727] {logging_mixin.py:109} INFO - [2022-06-17 22:25:48,727] {dagbag.py:500} INFO - Filling up the DagBag from /home/saba/.local/lib/python3.6/site-packages/airflow/example_dags/example_latest_only.py
[2022-06-17 22:25:48,789] {processor.py:652} INFO - DAG(s) dict_keys(['latest_only']) retrieved from /home/saba/.local/lib/python3.6/site-packages/airflow/example_dags/example_latest_only.py
[2022-06-17 22:25:48,841] {logging_mixin.py:109} INFO - [2022-06-17 22:25:48,840] {dag.py:2398} INFO - Sync 1 DAGs
[2022-06-17 22:25:48,921] {logging_mixin.py:109} INFO - [2022-06-17 22:25:48,921] {dag.py:2937} INFO - Setting next_dagrun for latest_only to 2022-06-17T16:25:48.920433+00:00
[2022-06-17 22:25:48,960] {processor.py:171} INFO - Processing /home/saba/.local/lib/python3.6/site-packages/airflow/example_dags/example_latest_only.py took 0.246 seconds
[2022-06-17 22:26:42,199] {processor.py:163} INFO - Started process (PID=4427) to work on /home/saba/.local/lib/python3.6/site-packages/airflow/example_dags/example_latest_only.py
[2022-06-17 22:26:42,205] {processor.py:642} INFO - Processing file /home/saba/.local/lib/python3.6/site-packages/airflow/example_dags/example_latest_only.py for tasks to queue
[2022-06-17 22:26:42,208] {logging_mixin.py:109} INFO - [2022-06-17 22:26:42,208] {dagbag.py:500} INFO - Filling up the DagBag from /home/saba/.local/lib/python3.6/site-packages/airflow/example_dags/example_latest_only.py
[2022-06-17 22:26:42,301] {processor.py:652} INFO - DAG(s) dict_keys(['latest_only']) retrieved from /home/saba/.local/lib/python3.6/site-packages/airflow/example_dags/example_latest_only.py
[2022-06-17 22:26:42,382] {logging_mixin.py:109} INFO - [2022-06-17 22:26:42,381] {dag.py:2398} INFO - Sync 1 DAGs
[2022-06-17 22:26:42,467] {logging_mixin.py:109} INFO - [2022-06-17 22:26:42,466] {dag.py:2937} INFO - Setting next_dagrun for latest_only to 2022-06-17T16:26:42.465295+00:00
[2022-06-17 22:26:42,527] {processor.py:171} INFO - Processing /home/saba/.local/lib/python3.6/site-packages/airflow/example_dags/example_latest_only.py took 0.355 seconds
[2022-06-17 22:27:34,533] {processor.py:163} INFO - Started process (PID=4499) to work on /home/saba/.local/lib/python3.6/site-packages/airflow/example_dags/example_latest_only.py
[2022-06-17 22:27:34,539] {processor.py:642} INFO - Processing file /home/saba/.local/lib/python3.6/site-packages/airflow/example_dags/example_latest_only.py for tasks to queue
[2022-06-17 22:27:34,542] {logging_mixin.py:109} INFO - [2022-06-17 22:27:34,541] {dagbag.py:500} INFO - Filling up the DagBag from /home/saba/.local/lib/python3.6/site-packages/airflow/example_dags/example_latest_only.py
[2022-06-17 22:27:34,659] {processor.py:652} INFO - DAG(s) dict_keys(['latest_only']) retrieved from /home/saba/.local/lib/python3.6/site-packages/airflow/example_dags/example_latest_only.py
[2022-06-17 22:27:34,732] {logging_mixin.py:109} INFO - [2022-06-17 22:27:34,732] {dag.py:2398} INFO - Sync 1 DAGs
[2022-06-17 22:27:34,821] {logging_mixin.py:109} INFO - [2022-06-17 22:27:34,821] {dag.py:2937} INFO - Setting next_dagrun for latest_only to 2022-06-17T16:27:34.820078+00:00
[2022-06-17 22:27:34,868] {processor.py:171} INFO - Processing /home/saba/.local/lib/python3.6/site-packages/airflow/example_dags/example_latest_only.py took 0.352 seconds
[2022-06-17 22:28:39,247] {processor.py:163} INFO - Started process (PID=4575) to work on /home/saba/.local/lib/python3.6/site-packages/airflow/example_dags/example_latest_only.py
[2022-06-17 22:28:39,254] {processor.py:642} INFO - Processing file /home/saba/.local/lib/python3.6/site-packages/airflow/example_dags/example_latest_only.py for tasks to queue
[2022-06-17 22:28:39,257] {logging_mixin.py:109} INFO - [2022-06-17 22:28:39,257] {dagbag.py:500} INFO - Filling up the DagBag from /home/saba/.local/lib/python3.6/site-packages/airflow/example_dags/example_latest_only.py
[2022-06-17 22:28:39,332] {processor.py:652} INFO - DAG(s) dict_keys(['latest_only']) retrieved from /home/saba/.local/lib/python3.6/site-packages/airflow/example_dags/example_latest_only.py
[2022-06-17 22:28:39,383] {logging_mixin.py:109} INFO - [2022-06-17 22:28:39,383] {dag.py:2398} INFO - Sync 1 DAGs
[2022-06-17 22:28:39,436] {logging_mixin.py:109} INFO - [2022-06-17 22:28:39,435] {dag.py:2937} INFO - Setting next_dagrun for latest_only to 2022-06-17T16:28:39.435195+00:00
[2022-06-17 22:28:39,470] {processor.py:171} INFO - Processing /home/saba/.local/lib/python3.6/site-packages/airflow/example_dags/example_latest_only.py took 0.236 seconds
[2022-06-17 22:29:44,768] {processor.py:163} INFO - Started process (PID=4633) to work on /home/saba/.local/lib/python3.6/site-packages/airflow/example_dags/example_latest_only.py
[2022-06-17 22:29:44,776] {processor.py:642} INFO - Processing file /home/saba/.local/lib/python3.6/site-packages/airflow/example_dags/example_latest_only.py for tasks to queue
[2022-06-17 22:29:44,783] {logging_mixin.py:109} INFO - [2022-06-17 22:29:44,779] {dagbag.py:500} INFO - Filling up the DagBag from /home/saba/.local/lib/python3.6/site-packages/airflow/example_dags/example_latest_only.py
[2022-06-17 22:29:44,926] {processor.py:652} INFO - DAG(s) dict_keys(['latest_only']) retrieved from /home/saba/.local/lib/python3.6/site-packages/airflow/example_dags/example_latest_only.py
[2022-06-17 22:29:45,012] {logging_mixin.py:109} INFO - [2022-06-17 22:29:45,011] {dag.py:2398} INFO - Sync 1 DAGs
[2022-06-17 22:29:45,117] {logging_mixin.py:109} INFO - [2022-06-17 22:29:45,116] {dag.py:2937} INFO - Setting next_dagrun for latest_only to 2022-06-17T16:29:45.115746+00:00
[2022-06-17 22:29:45,186] {processor.py:171} INFO - Processing /home/saba/.local/lib/python3.6/site-packages/airflow/example_dags/example_latest_only.py took 0.440 seconds
[2022-06-17 22:30:36,743] {processor.py:163} INFO - Started process (PID=4977) to work on /home/saba/.local/lib/python3.6/site-packages/airflow/example_dags/example_latest_only.py
[2022-06-17 22:30:36,747] {processor.py:642} INFO - Processing file /home/saba/.local/lib/python3.6/site-packages/airflow/example_dags/example_latest_only.py for tasks to queue
[2022-06-17 22:30:36,750] {logging_mixin.py:109} INFO - [2022-06-17 22:30:36,750] {dagbag.py:500} INFO - Filling up the DagBag from /home/saba/.local/lib/python3.6/site-packages/airflow/example_dags/example_latest_only.py
[2022-06-17 22:30:36,828] {processor.py:652} INFO - DAG(s) dict_keys(['latest_only']) retrieved from /home/saba/.local/lib/python3.6/site-packages/airflow/example_dags/example_latest_only.py
[2022-06-17 22:30:36,887] {logging_mixin.py:109} INFO - [2022-06-17 22:30:36,887] {dag.py:2398} INFO - Sync 1 DAGs
[2022-06-17 22:30:36,991] {logging_mixin.py:109} INFO - [2022-06-17 22:30:36,990] {dag.py:2937} INFO - Setting next_dagrun for latest_only to 2022-06-17T16:30:36.989825+00:00
[2022-06-17 22:30:37,044] {processor.py:171} INFO - Processing /home/saba/.local/lib/python3.6/site-packages/airflow/example_dags/example_latest_only.py took 0.312 seconds
[2022-06-17 22:31:18,778] {processor.py:163} INFO - Started process (PID=5064) to work on /home/saba/.local/lib/python3.6/site-packages/airflow/example_dags/example_latest_only.py
[2022-06-17 22:31:18,781] {processor.py:642} INFO - Processing file /home/saba/.local/lib/python3.6/site-packages/airflow/example_dags/example_latest_only.py for tasks to queue
[2022-06-17 22:31:18,782] {logging_mixin.py:109} INFO - [2022-06-17 22:31:18,782] {dagbag.py:500} INFO - Filling up the DagBag from /home/saba/.local/lib/python3.6/site-packages/airflow/example_dags/example_latest_only.py
[2022-06-17 22:31:18,813] {processor.py:652} INFO - DAG(s) dict_keys(['latest_only']) retrieved from /home/saba/.local/lib/python3.6/site-packages/airflow/example_dags/example_latest_only.py
[2022-06-17 22:31:18,842] {logging_mixin.py:109} INFO - [2022-06-17 22:31:18,842] {dag.py:2398} INFO - Sync 1 DAGs
[2022-06-17 22:31:18,873] {logging_mixin.py:109} INFO - [2022-06-17 22:31:18,873] {dag.py:2937} INFO - Setting next_dagrun for latest_only to 2022-06-17T16:31:18.872841+00:00
[2022-06-17 22:31:18,901] {processor.py:171} INFO - Processing /home/saba/.local/lib/python3.6/site-packages/airflow/example_dags/example_latest_only.py took 0.128 seconds
[2022-06-17 22:32:11,581] {processor.py:163} INFO - Started process (PID=5108) to work on /home/saba/.local/lib/python3.6/site-packages/airflow/example_dags/example_latest_only.py
[2022-06-17 22:32:11,586] {processor.py:642} INFO - Processing file /home/saba/.local/lib/python3.6/site-packages/airflow/example_dags/example_latest_only.py for tasks to queue
[2022-06-17 22:32:11,588] {logging_mixin.py:109} INFO - [2022-06-17 22:32:11,587] {dagbag.py:500} INFO - Filling up the DagBag from /home/saba/.local/lib/python3.6/site-packages/airflow/example_dags/example_latest_only.py
[2022-06-17 22:32:11,661] {processor.py:652} INFO - DAG(s) dict_keys(['latest_only']) retrieved from /home/saba/.local/lib/python3.6/site-packages/airflow/example_dags/example_latest_only.py
[2022-06-17 22:32:11,713] {logging_mixin.py:109} INFO - [2022-06-17 22:32:11,713] {dag.py:2398} INFO - Sync 1 DAGs
[2022-06-17 22:32:11,780] {logging_mixin.py:109} INFO - [2022-06-17 22:32:11,780] {dag.py:2937} INFO - Setting next_dagrun for latest_only to 2022-06-17T16:32:11.779445+00:00
[2022-06-17 22:32:11,822] {processor.py:171} INFO - Processing /home/saba/.local/lib/python3.6/site-packages/airflow/example_dags/example_latest_only.py took 0.251 seconds
[2022-06-17 22:32:57,220] {processor.py:163} INFO - Started process (PID=5358) to work on /home/saba/.local/lib/python3.6/site-packages/airflow/example_dags/example_latest_only.py
[2022-06-17 22:32:57,226] {processor.py:642} INFO - Processing file /home/saba/.local/lib/python3.6/site-packages/airflow/example_dags/example_latest_only.py for tasks to queue
[2022-06-17 22:32:57,228] {logging_mixin.py:109} INFO - [2022-06-17 22:32:57,227] {dagbag.py:500} INFO - Filling up the DagBag from /home/saba/.local/lib/python3.6/site-packages/airflow/example_dags/example_latest_only.py
[2022-06-17 22:32:57,280] {processor.py:652} INFO - DAG(s) dict_keys(['latest_only']) retrieved from /home/saba/.local/lib/python3.6/site-packages/airflow/example_dags/example_latest_only.py
[2022-06-17 22:32:57,329] {logging_mixin.py:109} INFO - [2022-06-17 22:32:57,328] {dag.py:2398} INFO - Sync 1 DAGs
[2022-06-17 22:32:57,382] {logging_mixin.py:109} INFO - [2022-06-17 22:32:57,382] {dag.py:2937} INFO - Setting next_dagrun for latest_only to 2022-06-17T16:32:57.381543+00:00
[2022-06-17 22:32:57,415] {processor.py:171} INFO - Processing /home/saba/.local/lib/python3.6/site-packages/airflow/example_dags/example_latest_only.py took 0.203 seconds
[2022-06-17 22:33:40,656] {processor.py:163} INFO - Started process (PID=5625) to work on /home/saba/.local/lib/python3.6/site-packages/airflow/example_dags/example_latest_only.py
[2022-06-17 22:33:40,657] {processor.py:642} INFO - Processing file /home/saba/.local/lib/python3.6/site-packages/airflow/example_dags/example_latest_only.py for tasks to queue
[2022-06-17 22:33:40,658] {logging_mixin.py:109} INFO - [2022-06-17 22:33:40,658] {dagbag.py:500} INFO - Filling up the DagBag from /home/saba/.local/lib/python3.6/site-packages/airflow/example_dags/example_latest_only.py
[2022-06-17 22:33:40,676] {processor.py:652} INFO - DAG(s) dict_keys(['latest_only']) retrieved from /home/saba/.local/lib/python3.6/site-packages/airflow/example_dags/example_latest_only.py
[2022-06-17 22:33:40,691] {logging_mixin.py:109} INFO - [2022-06-17 22:33:40,691] {dag.py:2398} INFO - Sync 1 DAGs
[2022-06-17 22:33:40,709] {logging_mixin.py:109} INFO - [2022-06-17 22:33:40,709] {dag.py:2937} INFO - Setting next_dagrun for latest_only to 2022-06-17T16:33:40.708868+00:00
[2022-06-17 22:33:40,725] {processor.py:171} INFO - Processing /home/saba/.local/lib/python3.6/site-packages/airflow/example_dags/example_latest_only.py took 0.073 seconds
[2022-06-17 22:34:23,972] {processor.py:163} INFO - Started process (PID=5681) to work on /home/saba/.local/lib/python3.6/site-packages/airflow/example_dags/example_latest_only.py
[2022-06-17 22:34:23,976] {processor.py:642} INFO - Processing file /home/saba/.local/lib/python3.6/site-packages/airflow/example_dags/example_latest_only.py for tasks to queue
[2022-06-17 22:34:23,978] {logging_mixin.py:109} INFO - [2022-06-17 22:34:23,978] {dagbag.py:500} INFO - Filling up the DagBag from /home/saba/.local/lib/python3.6/site-packages/airflow/example_dags/example_latest_only.py
[2022-06-17 22:34:24,021] {processor.py:652} INFO - DAG(s) dict_keys(['latest_only']) retrieved from /home/saba/.local/lib/python3.6/site-packages/airflow/example_dags/example_latest_only.py
[2022-06-17 22:34:24,054] {logging_mixin.py:109} INFO - [2022-06-17 22:34:24,054] {dag.py:2398} INFO - Sync 1 DAGs
[2022-06-17 22:34:24,099] {logging_mixin.py:109} INFO - [2022-06-17 22:34:24,098] {dag.py:2937} INFO - Setting next_dagrun for latest_only to 2022-06-17T16:34:24.097121+00:00
[2022-06-17 22:34:24,128] {processor.py:171} INFO - Processing /home/saba/.local/lib/python3.6/site-packages/airflow/example_dags/example_latest_only.py took 0.164 seconds
[2022-06-17 22:35:12,095] {processor.py:163} INFO - Started process (PID=5734) to work on /home/saba/.local/lib/python3.6/site-packages/airflow/example_dags/example_latest_only.py
[2022-06-17 22:35:12,098] {processor.py:642} INFO - Processing file /home/saba/.local/lib/python3.6/site-packages/airflow/example_dags/example_latest_only.py for tasks to queue
[2022-06-17 22:35:12,100] {logging_mixin.py:109} INFO - [2022-06-17 22:35:12,099] {dagbag.py:500} INFO - Filling up the DagBag from /home/saba/.local/lib/python3.6/site-packages/airflow/example_dags/example_latest_only.py
[2022-06-17 22:35:12,145] {processor.py:652} INFO - DAG(s) dict_keys(['latest_only']) retrieved from /home/saba/.local/lib/python3.6/site-packages/airflow/example_dags/example_latest_only.py
[2022-06-17 22:35:12,186] {logging_mixin.py:109} INFO - [2022-06-17 22:35:12,185] {dag.py:2398} INFO - Sync 1 DAGs
[2022-06-17 22:35:12,237] {logging_mixin.py:109} INFO - [2022-06-17 22:35:12,237] {dag.py:2937} INFO - Setting next_dagrun for latest_only to 2022-06-17T16:35:12.236883+00:00
[2022-06-17 22:35:12,269] {processor.py:171} INFO - Processing /home/saba/.local/lib/python3.6/site-packages/airflow/example_dags/example_latest_only.py took 0.182 seconds
[2022-06-17 22:35:55,643] {processor.py:163} INFO - Started process (PID=5790) to work on /home/saba/.local/lib/python3.6/site-packages/airflow/example_dags/example_latest_only.py
[2022-06-17 22:35:55,645] {processor.py:642} INFO - Processing file /home/saba/.local/lib/python3.6/site-packages/airflow/example_dags/example_latest_only.py for tasks to queue
[2022-06-17 22:35:55,646] {logging_mixin.py:109} INFO - [2022-06-17 22:35:55,646] {dagbag.py:500} INFO - Filling up the DagBag from /home/saba/.local/lib/python3.6/site-packages/airflow/example_dags/example_latest_only.py
[2022-06-17 22:35:55,666] {processor.py:652} INFO - DAG(s) dict_keys(['latest_only']) retrieved from /home/saba/.local/lib/python3.6/site-packages/airflow/example_dags/example_latest_only.py
[2022-06-17 22:35:55,683] {logging_mixin.py:109} INFO - [2022-06-17 22:35:55,683] {dag.py:2398} INFO - Sync 1 DAGs
[2022-06-17 22:35:55,705] {logging_mixin.py:109} INFO - [2022-06-17 22:35:55,705] {dag.py:2937} INFO - Setting next_dagrun for latest_only to 2022-06-17T16:35:55.704724+00:00
[2022-06-17 22:35:55,725] {processor.py:171} INFO - Processing /home/saba/.local/lib/python3.6/site-packages/airflow/example_dags/example_latest_only.py took 0.087 seconds
[2022-06-17 22:36:34,686] {processor.py:163} INFO - Started process (PID=5844) to work on /home/saba/.local/lib/python3.6/site-packages/airflow/example_dags/example_latest_only.py
[2022-06-17 22:36:34,688] {processor.py:642} INFO - Processing file /home/saba/.local/lib/python3.6/site-packages/airflow/example_dags/example_latest_only.py for tasks to queue
[2022-06-17 22:36:34,689] {logging_mixin.py:109} INFO - [2022-06-17 22:36:34,689] {dagbag.py:500} INFO - Filling up the DagBag from /home/saba/.local/lib/python3.6/site-packages/airflow/example_dags/example_latest_only.py
[2022-06-17 22:36:34,714] {processor.py:652} INFO - DAG(s) dict_keys(['latest_only']) retrieved from /home/saba/.local/lib/python3.6/site-packages/airflow/example_dags/example_latest_only.py
[2022-06-17 22:36:34,737] {logging_mixin.py:109} INFO - [2022-06-17 22:36:34,737] {dag.py:2398} INFO - Sync 1 DAGs
[2022-06-17 22:36:34,760] {logging_mixin.py:109} INFO - [2022-06-17 22:36:34,759] {dag.py:2937} INFO - Setting next_dagrun for latest_only to 2022-06-17T16:36:34.759461+00:00
[2022-06-17 22:36:34,778] {processor.py:171} INFO - Processing /home/saba/.local/lib/python3.6/site-packages/airflow/example_dags/example_latest_only.py took 0.097 seconds
[2022-06-17 22:37:19,056] {processor.py:163} INFO - Started process (PID=5898) to work on /home/saba/.local/lib/python3.6/site-packages/airflow/example_dags/example_latest_only.py
[2022-06-17 22:37:19,060] {processor.py:642} INFO - Processing file /home/saba/.local/lib/python3.6/site-packages/airflow/example_dags/example_latest_only.py for tasks to queue
[2022-06-17 22:37:19,063] {logging_mixin.py:109} INFO - [2022-06-17 22:37:19,062] {dagbag.py:500} INFO - Filling up the DagBag from /home/saba/.local/lib/python3.6/site-packages/airflow/example_dags/example_latest_only.py
[2022-06-17 22:37:19,147] {processor.py:652} INFO - DAG(s) dict_keys(['latest_only']) retrieved from /home/saba/.local/lib/python3.6/site-packages/airflow/example_dags/example_latest_only.py
[2022-06-17 22:37:19,203] {logging_mixin.py:109} INFO - [2022-06-17 22:37:19,202] {dag.py:2398} INFO - Sync 1 DAGs
[2022-06-17 22:37:19,278] {logging_mixin.py:109} INFO - [2022-06-17 22:37:19,277] {dag.py:2937} INFO - Setting next_dagrun for latest_only to 2022-06-17T16:37:19.276879+00:00
[2022-06-17 22:37:19,331] {processor.py:171} INFO - Processing /home/saba/.local/lib/python3.6/site-packages/airflow/example_dags/example_latest_only.py took 0.293 seconds
[2022-06-17 22:38:08,200] {processor.py:163} INFO - Started process (PID=5953) to work on /home/saba/.local/lib/python3.6/site-packages/airflow/example_dags/example_latest_only.py
[2022-06-17 22:38:08,205] {processor.py:642} INFO - Processing file /home/saba/.local/lib/python3.6/site-packages/airflow/example_dags/example_latest_only.py for tasks to queue
[2022-06-17 22:38:08,207] {logging_mixin.py:109} INFO - [2022-06-17 22:38:08,207] {dagbag.py:500} INFO - Filling up the DagBag from /home/saba/.local/lib/python3.6/site-packages/airflow/example_dags/example_latest_only.py
[2022-06-17 22:38:08,262] {processor.py:652} INFO - DAG(s) dict_keys(['latest_only']) retrieved from /home/saba/.local/lib/python3.6/site-packages/airflow/example_dags/example_latest_only.py
[2022-06-17 22:38:08,296] {logging_mixin.py:109} INFO - [2022-06-17 22:38:08,295] {dag.py:2398} INFO - Sync 1 DAGs
[2022-06-17 22:38:08,342] {logging_mixin.py:109} INFO - [2022-06-17 22:38:08,342] {dag.py:2937} INFO - Setting next_dagrun for latest_only to 2022-06-17T16:38:08.341625+00:00
[2022-06-17 22:38:08,385] {processor.py:171} INFO - Processing /home/saba/.local/lib/python3.6/site-packages/airflow/example_dags/example_latest_only.py took 0.193 seconds
[2022-06-17 22:38:50,348] {processor.py:163} INFO - Started process (PID=6005) to work on /home/saba/.local/lib/python3.6/site-packages/airflow/example_dags/example_latest_only.py
[2022-06-17 22:38:50,353] {processor.py:642} INFO - Processing file /home/saba/.local/lib/python3.6/site-packages/airflow/example_dags/example_latest_only.py for tasks to queue
[2022-06-17 22:38:50,355] {logging_mixin.py:109} INFO - [2022-06-17 22:38:50,355] {dagbag.py:500} INFO - Filling up the DagBag from /home/saba/.local/lib/python3.6/site-packages/airflow/example_dags/example_latest_only.py
[2022-06-17 22:38:50,404] {processor.py:652} INFO - DAG(s) dict_keys(['latest_only']) retrieved from /home/saba/.local/lib/python3.6/site-packages/airflow/example_dags/example_latest_only.py
[2022-06-17 22:38:50,447] {logging_mixin.py:109} INFO - [2022-06-17 22:38:50,446] {dag.py:2398} INFO - Sync 1 DAGs
[2022-06-17 22:38:50,508] {logging_mixin.py:109} INFO - [2022-06-17 22:38:50,508] {dag.py:2937} INFO - Setting next_dagrun for latest_only to 2022-06-17T16:38:50.507419+00:00
[2022-06-17 22:38:50,564] {processor.py:171} INFO - Processing /home/saba/.local/lib/python3.6/site-packages/airflow/example_dags/example_latest_only.py took 0.232 seconds
[2022-06-17 22:39:36,257] {processor.py:163} INFO - Started process (PID=6468) to work on /home/saba/.local/lib/python3.6/site-packages/airflow/example_dags/example_latest_only.py
[2022-06-17 22:39:36,269] {processor.py:642} INFO - Processing file /home/saba/.local/lib/python3.6/site-packages/airflow/example_dags/example_latest_only.py for tasks to queue
[2022-06-17 22:39:36,272] {logging_mixin.py:109} INFO - [2022-06-17 22:39:36,272] {dagbag.py:500} INFO - Filling up the DagBag from /home/saba/.local/lib/python3.6/site-packages/airflow/example_dags/example_latest_only.py
[2022-06-17 22:39:36,414] {processor.py:652} INFO - DAG(s) dict_keys(['latest_only']) retrieved from /home/saba/.local/lib/python3.6/site-packages/airflow/example_dags/example_latest_only.py
[2022-06-17 22:39:36,542] {logging_mixin.py:109} INFO - [2022-06-17 22:39:36,542] {dag.py:2398} INFO - Sync 1 DAGs
[2022-06-17 22:39:36,712] {logging_mixin.py:109} INFO - [2022-06-17 22:39:36,712] {dag.py:2937} INFO - Setting next_dagrun for latest_only to 2022-06-17T16:39:36.711246+00:00
[2022-06-17 22:39:36,839] {processor.py:171} INFO - Processing /home/saba/.local/lib/python3.6/site-packages/airflow/example_dags/example_latest_only.py took 0.600 seconds
[2022-06-17 22:40:23,078] {processor.py:163} INFO - Started process (PID=6824) to work on /home/saba/.local/lib/python3.6/site-packages/airflow/example_dags/example_latest_only.py
[2022-06-17 22:40:23,080] {processor.py:642} INFO - Processing file /home/saba/.local/lib/python3.6/site-packages/airflow/example_dags/example_latest_only.py for tasks to queue
[2022-06-17 22:40:23,082] {logging_mixin.py:109} INFO - [2022-06-17 22:40:23,082] {dagbag.py:500} INFO - Filling up the DagBag from /home/saba/.local/lib/python3.6/site-packages/airflow/example_dags/example_latest_only.py
[2022-06-17 22:40:23,121] {processor.py:652} INFO - DAG(s) dict_keys(['latest_only']) retrieved from /home/saba/.local/lib/python3.6/site-packages/airflow/example_dags/example_latest_only.py
[2022-06-17 22:40:23,156] {logging_mixin.py:109} INFO - [2022-06-17 22:40:23,156] {dag.py:2398} INFO - Sync 1 DAGs
[2022-06-17 22:40:23,200] {logging_mixin.py:109} INFO - [2022-06-17 22:40:23,200] {dag.py:2937} INFO - Setting next_dagrun for latest_only to 2022-06-17T16:40:23.199524+00:00
[2022-06-17 22:40:23,227] {processor.py:171} INFO - Processing /home/saba/.local/lib/python3.6/site-packages/airflow/example_dags/example_latest_only.py took 0.156 seconds
[2022-06-17 22:41:09,980] {processor.py:163} INFO - Started process (PID=6925) to work on /home/saba/.local/lib/python3.6/site-packages/airflow/example_dags/example_latest_only.py
[2022-06-17 22:41:09,982] {processor.py:642} INFO - Processing file /home/saba/.local/lib/python3.6/site-packages/airflow/example_dags/example_latest_only.py for tasks to queue
[2022-06-17 22:41:09,983] {logging_mixin.py:109} INFO - [2022-06-17 22:41:09,982] {dagbag.py:500} INFO - Filling up the DagBag from /home/saba/.local/lib/python3.6/site-packages/airflow/example_dags/example_latest_only.py
[2022-06-17 22:41:10,006] {processor.py:652} INFO - DAG(s) dict_keys(['latest_only']) retrieved from /home/saba/.local/lib/python3.6/site-packages/airflow/example_dags/example_latest_only.py
[2022-06-17 22:41:10,025] {logging_mixin.py:109} INFO - [2022-06-17 22:41:10,025] {dag.py:2398} INFO - Sync 1 DAGs
[2022-06-17 22:41:10,046] {logging_mixin.py:109} INFO - [2022-06-17 22:41:10,045] {dag.py:2937} INFO - Setting next_dagrun for latest_only to 2022-06-17T16:41:10.045534+00:00
[2022-06-17 22:41:10,062] {processor.py:171} INFO - Processing /home/saba/.local/lib/python3.6/site-packages/airflow/example_dags/example_latest_only.py took 0.086 seconds
[2022-06-17 22:41:48,304] {processor.py:163} INFO - Started process (PID=6987) to work on /home/saba/.local/lib/python3.6/site-packages/airflow/example_dags/example_latest_only.py
[2022-06-17 22:41:48,306] {processor.py:642} INFO - Processing file /home/saba/.local/lib/python3.6/site-packages/airflow/example_dags/example_latest_only.py for tasks to queue
[2022-06-17 22:41:48,307] {logging_mixin.py:109} INFO - [2022-06-17 22:41:48,306] {dagbag.py:500} INFO - Filling up the DagBag from /home/saba/.local/lib/python3.6/site-packages/airflow/example_dags/example_latest_only.py
[2022-06-17 22:41:48,323] {processor.py:652} INFO - DAG(s) dict_keys(['latest_only']) retrieved from /home/saba/.local/lib/python3.6/site-packages/airflow/example_dags/example_latest_only.py
[2022-06-17 22:41:48,338] {logging_mixin.py:109} INFO - [2022-06-17 22:41:48,337] {dag.py:2398} INFO - Sync 1 DAGs
[2022-06-17 22:41:48,355] {logging_mixin.py:109} INFO - [2022-06-17 22:41:48,355] {dag.py:2937} INFO - Setting next_dagrun for latest_only to 2022-06-17T16:41:48.355481+00:00
[2022-06-17 22:41:48,373] {processor.py:171} INFO - Processing /home/saba/.local/lib/python3.6/site-packages/airflow/example_dags/example_latest_only.py took 0.072 seconds
[2022-06-17 22:42:39,167] {processor.py:163} INFO - Started process (PID=7638) to work on /home/saba/.local/lib/python3.6/site-packages/airflow/example_dags/example_latest_only.py
[2022-06-17 22:42:39,168] {processor.py:642} INFO - Processing file /home/saba/.local/lib/python3.6/site-packages/airflow/example_dags/example_latest_only.py for tasks to queue
[2022-06-17 22:42:39,169] {logging_mixin.py:109} INFO - [2022-06-17 22:42:39,169] {dagbag.py:500} INFO - Filling up the DagBag from /home/saba/.local/lib/python3.6/site-packages/airflow/example_dags/example_latest_only.py
[2022-06-17 22:42:39,188] {processor.py:652} INFO - DAG(s) dict_keys(['latest_only']) retrieved from /home/saba/.local/lib/python3.6/site-packages/airflow/example_dags/example_latest_only.py
[2022-06-17 22:42:39,205] {logging_mixin.py:109} INFO - [2022-06-17 22:42:39,205] {dag.py:2398} INFO - Sync 1 DAGs
[2022-06-17 22:42:39,225] {logging_mixin.py:109} INFO - [2022-06-17 22:42:39,225] {dag.py:2937} INFO - Setting next_dagrun for latest_only to 2022-06-17T16:42:39.225309+00:00
[2022-06-17 22:42:39,243] {processor.py:171} INFO - Processing /home/saba/.local/lib/python3.6/site-packages/airflow/example_dags/example_latest_only.py took 0.080 seconds
[2022-06-17 22:43:20,508] {processor.py:163} INFO - Started process (PID=8055) to work on /home/saba/.local/lib/python3.6/site-packages/airflow/example_dags/example_latest_only.py
[2022-06-17 22:43:20,514] {processor.py:642} INFO - Processing file /home/saba/.local/lib/python3.6/site-packages/airflow/example_dags/example_latest_only.py for tasks to queue
[2022-06-17 22:43:20,516] {logging_mixin.py:109} INFO - [2022-06-17 22:43:20,516] {dagbag.py:500} INFO - Filling up the DagBag from /home/saba/.local/lib/python3.6/site-packages/airflow/example_dags/example_latest_only.py
[2022-06-17 22:43:20,617] {processor.py:652} INFO - DAG(s) dict_keys(['latest_only']) retrieved from /home/saba/.local/lib/python3.6/site-packages/airflow/example_dags/example_latest_only.py
[2022-06-17 22:43:20,701] {logging_mixin.py:109} INFO - [2022-06-17 22:43:20,701] {dag.py:2398} INFO - Sync 1 DAGs
[2022-06-17 22:43:20,770] {logging_mixin.py:109} INFO - [2022-06-17 22:43:20,770] {dag.py:2937} INFO - Setting next_dagrun for latest_only to 2022-06-17T16:43:20.769597+00:00
[2022-06-17 22:43:20,810] {processor.py:171} INFO - Processing /home/saba/.local/lib/python3.6/site-packages/airflow/example_dags/example_latest_only.py took 0.313 seconds
[2022-06-17 22:44:05,044] {processor.py:163} INFO - Started process (PID=8404) to work on /home/saba/.local/lib/python3.6/site-packages/airflow/example_dags/example_latest_only.py
[2022-06-17 22:44:05,046] {processor.py:642} INFO - Processing file /home/saba/.local/lib/python3.6/site-packages/airflow/example_dags/example_latest_only.py for tasks to queue
[2022-06-17 22:44:05,047] {logging_mixin.py:109} INFO - [2022-06-17 22:44:05,047] {dagbag.py:500} INFO - Filling up the DagBag from /home/saba/.local/lib/python3.6/site-packages/airflow/example_dags/example_latest_only.py
[2022-06-17 22:44:05,074] {processor.py:652} INFO - DAG(s) dict_keys(['latest_only']) retrieved from /home/saba/.local/lib/python3.6/site-packages/airflow/example_dags/example_latest_only.py
[2022-06-17 22:44:05,096] {logging_mixin.py:109} INFO - [2022-06-17 22:44:05,095] {dag.py:2398} INFO - Sync 1 DAGs
[2022-06-17 22:44:05,125] {logging_mixin.py:109} INFO - [2022-06-17 22:44:05,125] {dag.py:2937} INFO - Setting next_dagrun for latest_only to 2022-06-17T16:44:05.124805+00:00
[2022-06-17 22:44:05,148] {processor.py:171} INFO - Processing /home/saba/.local/lib/python3.6/site-packages/airflow/example_dags/example_latest_only.py took 0.108 seconds
[2022-06-17 22:45:18,182] {processor.py:163} INFO - Started process (PID=8554) to work on /home/saba/.local/lib/python3.6/site-packages/airflow/example_dags/example_latest_only.py
[2022-06-17 22:45:18,184] {processor.py:642} INFO - Processing file /home/saba/.local/lib/python3.6/site-packages/airflow/example_dags/example_latest_only.py for tasks to queue
[2022-06-17 22:45:18,185] {logging_mixin.py:109} INFO - [2022-06-17 22:45:18,185] {dagbag.py:500} INFO - Filling up the DagBag from /home/saba/.local/lib/python3.6/site-packages/airflow/example_dags/example_latest_only.py
[2022-06-17 22:45:18,206] {processor.py:652} INFO - DAG(s) dict_keys(['latest_only']) retrieved from /home/saba/.local/lib/python3.6/site-packages/airflow/example_dags/example_latest_only.py
[2022-06-17 22:45:18,225] {logging_mixin.py:109} INFO - [2022-06-17 22:45:18,225] {dag.py:2398} INFO - Sync 1 DAGs
[2022-06-17 22:45:18,247] {logging_mixin.py:109} INFO - [2022-06-17 22:45:18,247] {dag.py:2937} INFO - Setting next_dagrun for latest_only to 2022-06-17T16:45:18.246882+00:00
[2022-06-17 22:45:18,266] {processor.py:171} INFO - Processing /home/saba/.local/lib/python3.6/site-packages/airflow/example_dags/example_latest_only.py took 0.087 seconds
[2022-06-17 22:46:32,140] {processor.py:163} INFO - Started process (PID=9462) to work on /home/saba/.local/lib/python3.6/site-packages/airflow/example_dags/example_latest_only.py
[2022-06-17 22:46:32,143] {processor.py:642} INFO - Processing file /home/saba/.local/lib/python3.6/site-packages/airflow/example_dags/example_latest_only.py for tasks to queue
[2022-06-17 22:46:32,144] {logging_mixin.py:109} INFO - [2022-06-17 22:46:32,144] {dagbag.py:500} INFO - Filling up the DagBag from /home/saba/.local/lib/python3.6/site-packages/airflow/example_dags/example_latest_only.py
[2022-06-17 22:46:32,167] {processor.py:652} INFO - DAG(s) dict_keys(['latest_only']) retrieved from /home/saba/.local/lib/python3.6/site-packages/airflow/example_dags/example_latest_only.py
[2022-06-17 22:46:32,188] {logging_mixin.py:109} INFO - [2022-06-17 22:46:32,188] {dag.py:2398} INFO - Sync 1 DAGs
[2022-06-17 22:46:32,214] {logging_mixin.py:109} INFO - [2022-06-17 22:46:32,214] {dag.py:2937} INFO - Setting next_dagrun for latest_only to 2022-06-17T16:46:32.213679+00:00
[2022-06-17 22:46:32,236] {processor.py:171} INFO - Processing /home/saba/.local/lib/python3.6/site-packages/airflow/example_dags/example_latest_only.py took 0.100 seconds
[2022-06-17 22:48:26,313] {processor.py:163} INFO - Started process (PID=10420) to work on /home/saba/.local/lib/python3.6/site-packages/airflow/example_dags/example_latest_only.py
[2022-06-17 22:48:26,316] {processor.py:642} INFO - Processing file /home/saba/.local/lib/python3.6/site-packages/airflow/example_dags/example_latest_only.py for tasks to queue
[2022-06-17 22:48:26,317] {logging_mixin.py:109} INFO - [2022-06-17 22:48:26,317] {dagbag.py:500} INFO - Filling up the DagBag from /home/saba/.local/lib/python3.6/site-packages/airflow/example_dags/example_latest_only.py
[2022-06-17 22:48:26,345] {processor.py:652} INFO - DAG(s) dict_keys(['latest_only']) retrieved from /home/saba/.local/lib/python3.6/site-packages/airflow/example_dags/example_latest_only.py
[2022-06-17 22:48:26,370] {logging_mixin.py:109} INFO - [2022-06-17 22:48:26,370] {dag.py:2398} INFO - Sync 1 DAGs
[2022-06-17 22:48:26,400] {logging_mixin.py:109} INFO - [2022-06-17 22:48:26,400] {dag.py:2937} INFO - Setting next_dagrun for latest_only to 2022-06-17T16:48:26.399595+00:00
[2022-06-17 22:48:26,522] {processor.py:171} INFO - Processing /home/saba/.local/lib/python3.6/site-packages/airflow/example_dags/example_latest_only.py took 0.214 seconds
[2022-06-17 22:49:11,561] {processor.py:163} INFO - Started process (PID=10620) to work on /home/saba/.local/lib/python3.6/site-packages/airflow/example_dags/example_latest_only.py
[2022-06-17 22:49:11,565] {processor.py:642} INFO - Processing file /home/saba/.local/lib/python3.6/site-packages/airflow/example_dags/example_latest_only.py for tasks to queue
[2022-06-17 22:49:11,566] {logging_mixin.py:109} INFO - [2022-06-17 22:49:11,566] {dagbag.py:500} INFO - Filling up the DagBag from /home/saba/.local/lib/python3.6/site-packages/airflow/example_dags/example_latest_only.py
[2022-06-17 22:49:11,592] {processor.py:652} INFO - DAG(s) dict_keys(['latest_only']) retrieved from /home/saba/.local/lib/python3.6/site-packages/airflow/example_dags/example_latest_only.py
[2022-06-17 22:49:11,613] {logging_mixin.py:109} INFO - [2022-06-17 22:49:11,613] {dag.py:2398} INFO - Sync 1 DAGs
[2022-06-17 22:49:11,729] {logging_mixin.py:109} INFO - [2022-06-17 22:49:11,729] {dag.py:2937} INFO - Setting next_dagrun for latest_only to 2022-06-17T16:49:11.728530+00:00
[2022-06-17 22:49:11,750] {processor.py:171} INFO - Processing /home/saba/.local/lib/python3.6/site-packages/airflow/example_dags/example_latest_only.py took 0.194 seconds
[2022-06-17 22:50:26,511] {processor.py:163} INFO - Started process (PID=11175) to work on /home/saba/.local/lib/python3.6/site-packages/airflow/example_dags/example_latest_only.py
[2022-06-17 22:50:26,512] {processor.py:642} INFO - Processing file /home/saba/.local/lib/python3.6/site-packages/airflow/example_dags/example_latest_only.py for tasks to queue
[2022-06-17 22:50:26,513] {logging_mixin.py:109} INFO - [2022-06-17 22:50:26,513] {dagbag.py:500} INFO - Filling up the DagBag from /home/saba/.local/lib/python3.6/site-packages/airflow/example_dags/example_latest_only.py
[2022-06-17 22:50:26,529] {processor.py:652} INFO - DAG(s) dict_keys(['latest_only']) retrieved from /home/saba/.local/lib/python3.6/site-packages/airflow/example_dags/example_latest_only.py
[2022-06-17 22:50:26,542] {logging_mixin.py:109} INFO - [2022-06-17 22:50:26,542] {dag.py:2398} INFO - Sync 1 DAGs
[2022-06-17 22:50:26,607] {logging_mixin.py:109} INFO - [2022-06-17 22:50:26,607] {dag.py:2937} INFO - Setting next_dagrun for latest_only to 2022-06-17T16:50:26.607660+00:00
[2022-06-17 22:50:26,624] {processor.py:171} INFO - Processing /home/saba/.local/lib/python3.6/site-packages/airflow/example_dags/example_latest_only.py took 0.118 seconds
[2022-06-17 22:51:09,228] {processor.py:163} INFO - Started process (PID=11373) to work on /home/saba/.local/lib/python3.6/site-packages/airflow/example_dags/example_latest_only.py
[2022-06-17 22:51:09,230] {processor.py:642} INFO - Processing file /home/saba/.local/lib/python3.6/site-packages/airflow/example_dags/example_latest_only.py for tasks to queue
[2022-06-17 22:51:09,230] {logging_mixin.py:109} INFO - [2022-06-17 22:51:09,230] {dagbag.py:500} INFO - Filling up the DagBag from /home/saba/.local/lib/python3.6/site-packages/airflow/example_dags/example_latest_only.py
[2022-06-17 22:51:09,250] {processor.py:652} INFO - DAG(s) dict_keys(['latest_only']) retrieved from /home/saba/.local/lib/python3.6/site-packages/airflow/example_dags/example_latest_only.py
[2022-06-17 22:51:09,265] {logging_mixin.py:109} INFO - [2022-06-17 22:51:09,265] {dag.py:2398} INFO - Sync 1 DAGs
[2022-06-17 22:51:09,348] {logging_mixin.py:109} INFO - [2022-06-17 22:51:09,348] {dag.py:2937} INFO - Setting next_dagrun for latest_only to 2022-06-17T16:51:09.347970+00:00
[2022-06-17 22:51:09,367] {processor.py:171} INFO - Processing /home/saba/.local/lib/python3.6/site-packages/airflow/example_dags/example_latest_only.py took 0.142 seconds
[2022-06-17 22:52:09,780] {processor.py:163} INFO - Started process (PID=11583) to work on /home/saba/.local/lib/python3.6/site-packages/airflow/example_dags/example_latest_only.py
[2022-06-17 22:52:09,782] {processor.py:642} INFO - Processing file /home/saba/.local/lib/python3.6/site-packages/airflow/example_dags/example_latest_only.py for tasks to queue
[2022-06-17 22:52:09,782] {logging_mixin.py:109} INFO - [2022-06-17 22:52:09,782] {dagbag.py:500} INFO - Filling up the DagBag from /home/saba/.local/lib/python3.6/site-packages/airflow/example_dags/example_latest_only.py
[2022-06-17 22:52:09,798] {processor.py:652} INFO - DAG(s) dict_keys(['latest_only']) retrieved from /home/saba/.local/lib/python3.6/site-packages/airflow/example_dags/example_latest_only.py
[2022-06-17 22:52:09,855] {logging_mixin.py:109} INFO - [2022-06-17 22:52:09,855] {dag.py:2398} INFO - Sync 1 DAGs
[2022-06-17 22:52:09,864] {logging_mixin.py:109} INFO - [2022-06-17 22:52:09,864] {dag.py:2937} INFO - Setting next_dagrun for latest_only to 2022-06-17T16:52:09.864375+00:00
[2022-06-17 22:52:09,880] {processor.py:171} INFO - Processing /home/saba/.local/lib/python3.6/site-packages/airflow/example_dags/example_latest_only.py took 0.102 seconds
[2022-06-17 22:53:10,242] {processor.py:163} INFO - Started process (PID=11960) to work on /home/saba/.local/lib/python3.6/site-packages/airflow/example_dags/example_latest_only.py
[2022-06-17 22:53:10,245] {processor.py:642} INFO - Processing file /home/saba/.local/lib/python3.6/site-packages/airflow/example_dags/example_latest_only.py for tasks to queue
[2022-06-17 22:53:10,245] {logging_mixin.py:109} INFO - [2022-06-17 22:53:10,245] {dagbag.py:500} INFO - Filling up the DagBag from /home/saba/.local/lib/python3.6/site-packages/airflow/example_dags/example_latest_only.py
[2022-06-17 22:53:10,301] {processor.py:652} INFO - DAG(s) dict_keys(['latest_only']) retrieved from /home/saba/.local/lib/python3.6/site-packages/airflow/example_dags/example_latest_only.py
[2022-06-17 22:53:10,308] {logging_mixin.py:109} INFO - [2022-06-17 22:53:10,308] {dag.py:2398} INFO - Sync 1 DAGs
[2022-06-17 22:53:10,316] {logging_mixin.py:109} INFO - [2022-06-17 22:53:10,316] {dag.py:2937} INFO - Setting next_dagrun for latest_only to 2022-06-17T16:53:10.315962+00:00
[2022-06-17 22:53:10,336] {processor.py:171} INFO - Processing /home/saba/.local/lib/python3.6/site-packages/airflow/example_dags/example_latest_only.py took 0.096 seconds
[2022-06-17 22:53:56,584] {processor.py:163} INFO - Started process (PID=12530) to work on /home/saba/.local/lib/python3.6/site-packages/airflow/example_dags/example_latest_only.py
[2022-06-17 22:53:56,586] {processor.py:642} INFO - Processing file /home/saba/.local/lib/python3.6/site-packages/airflow/example_dags/example_latest_only.py for tasks to queue
[2022-06-17 22:53:56,586] {logging_mixin.py:109} INFO - [2022-06-17 22:53:56,586] {dagbag.py:500} INFO - Filling up the DagBag from /home/saba/.local/lib/python3.6/site-packages/airflow/example_dags/example_latest_only.py
[2022-06-17 22:53:56,660] {processor.py:652} INFO - DAG(s) dict_keys(['latest_only']) retrieved from /home/saba/.local/lib/python3.6/site-packages/airflow/example_dags/example_latest_only.py
[2022-06-17 22:53:56,670] {logging_mixin.py:109} INFO - [2022-06-17 22:53:56,670] {dag.py:2398} INFO - Sync 1 DAGs
[2022-06-17 22:53:56,681] {logging_mixin.py:109} INFO - [2022-06-17 22:53:56,681] {dag.py:2937} INFO - Setting next_dagrun for latest_only to 2022-06-17T16:53:56.681666+00:00
[2022-06-17 22:53:56,698] {processor.py:171} INFO - Processing /home/saba/.local/lib/python3.6/site-packages/airflow/example_dags/example_latest_only.py took 0.116 seconds
[2022-06-17 22:54:38,393] {processor.py:163} INFO - Started process (PID=12733) to work on /home/saba/.local/lib/python3.6/site-packages/airflow/example_dags/example_latest_only.py
[2022-06-17 22:54:38,396] {processor.py:642} INFO - Processing file /home/saba/.local/lib/python3.6/site-packages/airflow/example_dags/example_latest_only.py for tasks to queue
[2022-06-17 22:54:38,397] {logging_mixin.py:109} INFO - [2022-06-17 22:54:38,396] {dagbag.py:500} INFO - Filling up the DagBag from /home/saba/.local/lib/python3.6/site-packages/airflow/example_dags/example_latest_only.py
[2022-06-17 22:54:38,487] {processor.py:652} INFO - DAG(s) dict_keys(['latest_only']) retrieved from /home/saba/.local/lib/python3.6/site-packages/airflow/example_dags/example_latest_only.py
[2022-06-17 22:54:38,504] {logging_mixin.py:109} INFO - [2022-06-17 22:54:38,503] {dag.py:2398} INFO - Sync 1 DAGs
[2022-06-17 22:54:38,524] {logging_mixin.py:109} INFO - [2022-06-17 22:54:38,524] {dag.py:2937} INFO - Setting next_dagrun for latest_only to 2022-06-17T16:54:38.523492+00:00
[2022-06-17 22:54:38,549] {processor.py:171} INFO - Processing /home/saba/.local/lib/python3.6/site-packages/airflow/example_dags/example_latest_only.py took 0.160 seconds
