[2022-06-17 22:07:10,571] {processor.py:163} INFO - Started process (PID=1644) to work on /home/saba/.local/lib/python3.6/site-packages/airflow/example_dags/example_trigger_target_dag.py
[2022-06-17 22:07:10,574] {processor.py:642} INFO - Processing file /home/saba/.local/lib/python3.6/site-packages/airflow/example_dags/example_trigger_target_dag.py for tasks to queue
[2022-06-17 22:07:10,575] {logging_mixin.py:109} INFO - [2022-06-17 22:07:10,575] {dagbag.py:500} INFO - Filling up the DagBag from /home/saba/.local/lib/python3.6/site-packages/airflow/example_dags/example_trigger_target_dag.py
[2022-06-17 22:07:10,644] {processor.py:652} INFO - DAG(s) dict_keys(['example_trigger_target_dag']) retrieved from /home/saba/.local/lib/python3.6/site-packages/airflow/example_dags/example_trigger_target_dag.py
[2022-06-17 22:07:10,685] {logging_mixin.py:109} INFO - [2022-06-17 22:07:10,684] {dag.py:2398} INFO - Sync 1 DAGs
[2022-06-17 22:07:10,743] {logging_mixin.py:109} INFO - [2022-06-17 22:07:10,743] {dag.py:2937} INFO - Setting next_dagrun for example_trigger_target_dag to None
[2022-06-17 22:07:10,778] {processor.py:171} INFO - Processing /home/saba/.local/lib/python3.6/site-packages/airflow/example_dags/example_trigger_target_dag.py took 0.216 seconds
[2022-06-17 22:08:05,957] {processor.py:163} INFO - Started process (PID=1886) to work on /home/saba/.local/lib/python3.6/site-packages/airflow/example_dags/example_trigger_target_dag.py
[2022-06-17 22:08:05,960] {processor.py:642} INFO - Processing file /home/saba/.local/lib/python3.6/site-packages/airflow/example_dags/example_trigger_target_dag.py for tasks to queue
[2022-06-17 22:08:05,961] {logging_mixin.py:109} INFO - [2022-06-17 22:08:05,961] {dagbag.py:500} INFO - Filling up the DagBag from /home/saba/.local/lib/python3.6/site-packages/airflow/example_dags/example_trigger_target_dag.py
[2022-06-17 22:08:06,013] {processor.py:652} INFO - DAG(s) dict_keys(['example_trigger_target_dag']) retrieved from /home/saba/.local/lib/python3.6/site-packages/airflow/example_dags/example_trigger_target_dag.py
[2022-06-17 22:08:06,040] {logging_mixin.py:109} INFO - [2022-06-17 22:08:06,039] {dag.py:2398} INFO - Sync 1 DAGs
[2022-06-17 22:08:06,067] {logging_mixin.py:109} INFO - [2022-06-17 22:08:06,067] {dag.py:2937} INFO - Setting next_dagrun for example_trigger_target_dag to None
[2022-06-17 22:08:06,091] {processor.py:171} INFO - Processing /home/saba/.local/lib/python3.6/site-packages/airflow/example_dags/example_trigger_target_dag.py took 0.139 seconds
[2022-06-17 22:08:52,670] {processor.py:163} INFO - Started process (PID=2113) to work on /home/saba/.local/lib/python3.6/site-packages/airflow/example_dags/example_trigger_target_dag.py
[2022-06-17 22:08:52,676] {processor.py:642} INFO - Processing file /home/saba/.local/lib/python3.6/site-packages/airflow/example_dags/example_trigger_target_dag.py for tasks to queue
[2022-06-17 22:08:52,677] {logging_mixin.py:109} INFO - [2022-06-17 22:08:52,677] {dagbag.py:500} INFO - Filling up the DagBag from /home/saba/.local/lib/python3.6/site-packages/airflow/example_dags/example_trigger_target_dag.py
[2022-06-17 22:08:52,741] {processor.py:652} INFO - DAG(s) dict_keys(['example_trigger_target_dag']) retrieved from /home/saba/.local/lib/python3.6/site-packages/airflow/example_dags/example_trigger_target_dag.py
[2022-06-17 22:08:52,777] {logging_mixin.py:109} INFO - [2022-06-17 22:08:52,777] {dag.py:2398} INFO - Sync 1 DAGs
[2022-06-17 22:08:52,828] {logging_mixin.py:109} INFO - [2022-06-17 22:08:52,828] {dag.py:2937} INFO - Setting next_dagrun for example_trigger_target_dag to None
[2022-06-17 22:08:52,861] {processor.py:171} INFO - Processing /home/saba/.local/lib/python3.6/site-packages/airflow/example_dags/example_trigger_target_dag.py took 0.200 seconds
[2022-06-17 22:09:54,928] {processor.py:163} INFO - Started process (PID=2400) to work on /home/saba/.local/lib/python3.6/site-packages/airflow/example_dags/example_trigger_target_dag.py
[2022-06-17 22:09:54,958] {processor.py:642} INFO - Processing file /home/saba/.local/lib/python3.6/site-packages/airflow/example_dags/example_trigger_target_dag.py for tasks to queue
[2022-06-17 22:09:54,962] {logging_mixin.py:109} INFO - [2022-06-17 22:09:54,961] {dagbag.py:500} INFO - Filling up the DagBag from /home/saba/.local/lib/python3.6/site-packages/airflow/example_dags/example_trigger_target_dag.py
[2022-06-17 22:09:55,216] {processor.py:652} INFO - DAG(s) dict_keys(['example_trigger_target_dag']) retrieved from /home/saba/.local/lib/python3.6/site-packages/airflow/example_dags/example_trigger_target_dag.py
[2022-06-17 22:09:55,320] {logging_mixin.py:109} INFO - [2022-06-17 22:09:55,319] {dag.py:2398} INFO - Sync 1 DAGs
[2022-06-17 22:09:55,464] {logging_mixin.py:109} INFO - [2022-06-17 22:09:55,463] {dag.py:2937} INFO - Setting next_dagrun for example_trigger_target_dag to None
[2022-06-17 22:09:55,577] {processor.py:171} INFO - Processing /home/saba/.local/lib/python3.6/site-packages/airflow/example_dags/example_trigger_target_dag.py took 0.684 seconds
[2022-06-17 22:18:07,960] {processor.py:163} INFO - Started process (PID=168) to work on /home/saba/.local/lib/python3.6/site-packages/airflow/example_dags/example_trigger_target_dag.py
[2022-06-17 22:18:07,968] {processor.py:642} INFO - Processing file /home/saba/.local/lib/python3.6/site-packages/airflow/example_dags/example_trigger_target_dag.py for tasks to queue
[2022-06-17 22:18:07,971] {logging_mixin.py:109} INFO - [2022-06-17 22:18:07,970] {dagbag.py:500} INFO - Filling up the DagBag from /home/saba/.local/lib/python3.6/site-packages/airflow/example_dags/example_trigger_target_dag.py
[2022-06-17 22:18:08,069] {processor.py:652} INFO - DAG(s) dict_keys(['example_trigger_target_dag']) retrieved from /home/saba/.local/lib/python3.6/site-packages/airflow/example_dags/example_trigger_target_dag.py
[2022-06-17 22:18:08,114] {logging_mixin.py:109} INFO - [2022-06-17 22:18:08,113] {dag.py:2398} INFO - Sync 1 DAGs
[2022-06-17 22:18:08,171] {logging_mixin.py:109} INFO - [2022-06-17 22:18:08,171] {dag.py:2937} INFO - Setting next_dagrun for example_trigger_target_dag to None
[2022-06-17 22:18:08,202] {processor.py:171} INFO - Processing /home/saba/.local/lib/python3.6/site-packages/airflow/example_dags/example_trigger_target_dag.py took 0.253 seconds
[2022-06-17 22:18:53,899] {processor.py:163} INFO - Started process (PID=263) to work on /home/saba/.local/lib/python3.6/site-packages/airflow/example_dags/example_trigger_target_dag.py
[2022-06-17 22:18:53,904] {processor.py:642} INFO - Processing file /home/saba/.local/lib/python3.6/site-packages/airflow/example_dags/example_trigger_target_dag.py for tasks to queue
[2022-06-17 22:18:53,906] {logging_mixin.py:109} INFO - [2022-06-17 22:18:53,905] {dagbag.py:500} INFO - Filling up the DagBag from /home/saba/.local/lib/python3.6/site-packages/airflow/example_dags/example_trigger_target_dag.py
[2022-06-17 22:18:53,979] {processor.py:652} INFO - DAG(s) dict_keys(['example_trigger_target_dag']) retrieved from /home/saba/.local/lib/python3.6/site-packages/airflow/example_dags/example_trigger_target_dag.py
[2022-06-17 22:18:54,025] {logging_mixin.py:109} INFO - [2022-06-17 22:18:54,025] {dag.py:2398} INFO - Sync 1 DAGs
[2022-06-17 22:18:54,092] {logging_mixin.py:109} INFO - [2022-06-17 22:18:54,091] {dag.py:2937} INFO - Setting next_dagrun for example_trigger_target_dag to None
[2022-06-17 22:18:54,133] {processor.py:171} INFO - Processing /home/saba/.local/lib/python3.6/site-packages/airflow/example_dags/example_trigger_target_dag.py took 0.242 seconds
[2022-06-17 22:19:47,191] {processor.py:163} INFO - Started process (PID=3496) to work on /home/saba/.local/lib/python3.6/site-packages/airflow/example_dags/example_trigger_target_dag.py
[2022-06-17 22:19:47,194] {processor.py:642} INFO - Processing file /home/saba/.local/lib/python3.6/site-packages/airflow/example_dags/example_trigger_target_dag.py for tasks to queue
[2022-06-17 22:19:47,195] {logging_mixin.py:109} INFO - [2022-06-17 22:19:47,195] {dagbag.py:500} INFO - Filling up the DagBag from /home/saba/.local/lib/python3.6/site-packages/airflow/example_dags/example_trigger_target_dag.py
[2022-06-17 22:19:47,279] {processor.py:652} INFO - DAG(s) dict_keys(['example_trigger_target_dag']) retrieved from /home/saba/.local/lib/python3.6/site-packages/airflow/example_dags/example_trigger_target_dag.py
[2022-06-17 22:19:47,323] {logging_mixin.py:109} INFO - [2022-06-17 22:19:47,323] {dag.py:2398} INFO - Sync 1 DAGs
[2022-06-17 22:19:47,373] {logging_mixin.py:109} INFO - [2022-06-17 22:19:47,373] {dag.py:2937} INFO - Setting next_dagrun for example_trigger_target_dag to None
[2022-06-17 22:19:47,430] {processor.py:171} INFO - Processing /home/saba/.local/lib/python3.6/site-packages/airflow/example_dags/example_trigger_target_dag.py took 0.248 seconds
[2022-06-17 22:20:25,939] {processor.py:163} INFO - Started process (PID=3550) to work on /home/saba/.local/lib/python3.6/site-packages/airflow/example_dags/example_trigger_target_dag.py
[2022-06-17 22:20:25,941] {processor.py:642} INFO - Processing file /home/saba/.local/lib/python3.6/site-packages/airflow/example_dags/example_trigger_target_dag.py for tasks to queue
[2022-06-17 22:20:25,942] {logging_mixin.py:109} INFO - [2022-06-17 22:20:25,941] {dagbag.py:500} INFO - Filling up the DagBag from /home/saba/.local/lib/python3.6/site-packages/airflow/example_dags/example_trigger_target_dag.py
[2022-06-17 22:20:25,975] {processor.py:652} INFO - DAG(s) dict_keys(['example_trigger_target_dag']) retrieved from /home/saba/.local/lib/python3.6/site-packages/airflow/example_dags/example_trigger_target_dag.py
[2022-06-17 22:20:25,995] {logging_mixin.py:109} INFO - [2022-06-17 22:20:25,995] {dag.py:2398} INFO - Sync 1 DAGs
[2022-06-17 22:20:26,018] {logging_mixin.py:109} INFO - [2022-06-17 22:20:26,018] {dag.py:2937} INFO - Setting next_dagrun for example_trigger_target_dag to None
[2022-06-17 22:20:26,036] {processor.py:171} INFO - Processing /home/saba/.local/lib/python3.6/site-packages/airflow/example_dags/example_trigger_target_dag.py took 0.100 seconds
[2022-06-17 22:21:04,063] {processor.py:163} INFO - Started process (PID=3602) to work on /home/saba/.local/lib/python3.6/site-packages/airflow/example_dags/example_trigger_target_dag.py
[2022-06-17 22:21:04,065] {processor.py:642} INFO - Processing file /home/saba/.local/lib/python3.6/site-packages/airflow/example_dags/example_trigger_target_dag.py for tasks to queue
[2022-06-17 22:21:04,065] {logging_mixin.py:109} INFO - [2022-06-17 22:21:04,065] {dagbag.py:500} INFO - Filling up the DagBag from /home/saba/.local/lib/python3.6/site-packages/airflow/example_dags/example_trigger_target_dag.py
[2022-06-17 22:21:04,092] {processor.py:652} INFO - DAG(s) dict_keys(['example_trigger_target_dag']) retrieved from /home/saba/.local/lib/python3.6/site-packages/airflow/example_dags/example_trigger_target_dag.py
[2022-06-17 22:21:04,109] {logging_mixin.py:109} INFO - [2022-06-17 22:21:04,109] {dag.py:2398} INFO - Sync 1 DAGs
[2022-06-17 22:21:04,127] {logging_mixin.py:109} INFO - [2022-06-17 22:21:04,127] {dag.py:2937} INFO - Setting next_dagrun for example_trigger_target_dag to None
[2022-06-17 22:21:04,145] {processor.py:171} INFO - Processing /home/saba/.local/lib/python3.6/site-packages/airflow/example_dags/example_trigger_target_dag.py took 0.085 seconds
[2022-06-17 22:21:40,735] {processor.py:163} INFO - Started process (PID=3664) to work on /home/saba/.local/lib/python3.6/site-packages/airflow/example_dags/example_trigger_target_dag.py
[2022-06-17 22:21:40,736] {processor.py:642} INFO - Processing file /home/saba/.local/lib/python3.6/site-packages/airflow/example_dags/example_trigger_target_dag.py for tasks to queue
[2022-06-17 22:21:40,737] {logging_mixin.py:109} INFO - [2022-06-17 22:21:40,737] {dagbag.py:500} INFO - Filling up the DagBag from /home/saba/.local/lib/python3.6/site-packages/airflow/example_dags/example_trigger_target_dag.py
[2022-06-17 22:21:40,759] {processor.py:652} INFO - DAG(s) dict_keys(['example_trigger_target_dag']) retrieved from /home/saba/.local/lib/python3.6/site-packages/airflow/example_dags/example_trigger_target_dag.py
[2022-06-17 22:21:40,775] {logging_mixin.py:109} INFO - [2022-06-17 22:21:40,775] {dag.py:2398} INFO - Sync 1 DAGs
[2022-06-17 22:21:40,793] {logging_mixin.py:109} INFO - [2022-06-17 22:21:40,793] {dag.py:2937} INFO - Setting next_dagrun for example_trigger_target_dag to None
[2022-06-17 22:21:40,809] {processor.py:171} INFO - Processing /home/saba/.local/lib/python3.6/site-packages/airflow/example_dags/example_trigger_target_dag.py took 0.078 seconds
[2022-06-17 22:22:15,045] {processor.py:163} INFO - Started process (PID=3722) to work on /home/saba/.local/lib/python3.6/site-packages/airflow/example_dags/example_trigger_target_dag.py
[2022-06-17 22:22:15,047] {processor.py:642} INFO - Processing file /home/saba/.local/lib/python3.6/site-packages/airflow/example_dags/example_trigger_target_dag.py for tasks to queue
[2022-06-17 22:22:15,048] {logging_mixin.py:109} INFO - [2022-06-17 22:22:15,048] {dagbag.py:500} INFO - Filling up the DagBag from /home/saba/.local/lib/python3.6/site-packages/airflow/example_dags/example_trigger_target_dag.py
[2022-06-17 22:22:15,079] {processor.py:652} INFO - DAG(s) dict_keys(['example_trigger_target_dag']) retrieved from /home/saba/.local/lib/python3.6/site-packages/airflow/example_dags/example_trigger_target_dag.py
[2022-06-17 22:22:15,101] {logging_mixin.py:109} INFO - [2022-06-17 22:22:15,101] {dag.py:2398} INFO - Sync 1 DAGs
[2022-06-17 22:22:15,128] {logging_mixin.py:109} INFO - [2022-06-17 22:22:15,127] {dag.py:2937} INFO - Setting next_dagrun for example_trigger_target_dag to None
[2022-06-17 22:22:15,148] {processor.py:171} INFO - Processing /home/saba/.local/lib/python3.6/site-packages/airflow/example_dags/example_trigger_target_dag.py took 0.107 seconds
[2022-06-17 22:22:52,511] {processor.py:163} INFO - Started process (PID=3773) to work on /home/saba/.local/lib/python3.6/site-packages/airflow/example_dags/example_trigger_target_dag.py
[2022-06-17 22:22:52,512] {processor.py:642} INFO - Processing file /home/saba/.local/lib/python3.6/site-packages/airflow/example_dags/example_trigger_target_dag.py for tasks to queue
[2022-06-17 22:22:52,513] {logging_mixin.py:109} INFO - [2022-06-17 22:22:52,513] {dagbag.py:500} INFO - Filling up the DagBag from /home/saba/.local/lib/python3.6/site-packages/airflow/example_dags/example_trigger_target_dag.py
[2022-06-17 22:22:52,536] {processor.py:652} INFO - DAG(s) dict_keys(['example_trigger_target_dag']) retrieved from /home/saba/.local/lib/python3.6/site-packages/airflow/example_dags/example_trigger_target_dag.py
[2022-06-17 22:22:52,553] {logging_mixin.py:109} INFO - [2022-06-17 22:22:52,552] {dag.py:2398} INFO - Sync 1 DAGs
[2022-06-17 22:22:52,572] {logging_mixin.py:109} INFO - [2022-06-17 22:22:52,572] {dag.py:2937} INFO - Setting next_dagrun for example_trigger_target_dag to None
[2022-06-17 22:22:52,589] {processor.py:171} INFO - Processing /home/saba/.local/lib/python3.6/site-packages/airflow/example_dags/example_trigger_target_dag.py took 0.082 seconds
[2022-06-17 22:23:27,768] {processor.py:163} INFO - Started process (PID=3826) to work on /home/saba/.local/lib/python3.6/site-packages/airflow/example_dags/example_trigger_target_dag.py
[2022-06-17 22:23:27,770] {processor.py:642} INFO - Processing file /home/saba/.local/lib/python3.6/site-packages/airflow/example_dags/example_trigger_target_dag.py for tasks to queue
[2022-06-17 22:23:27,771] {logging_mixin.py:109} INFO - [2022-06-17 22:23:27,771] {dagbag.py:500} INFO - Filling up the DagBag from /home/saba/.local/lib/python3.6/site-packages/airflow/example_dags/example_trigger_target_dag.py
[2022-06-17 22:23:27,806] {processor.py:652} INFO - DAG(s) dict_keys(['example_trigger_target_dag']) retrieved from /home/saba/.local/lib/python3.6/site-packages/airflow/example_dags/example_trigger_target_dag.py
[2022-06-17 22:23:27,829] {logging_mixin.py:109} INFO - [2022-06-17 22:23:27,829] {dag.py:2398} INFO - Sync 1 DAGs
[2022-06-17 22:23:27,859] {logging_mixin.py:109} INFO - [2022-06-17 22:23:27,859] {dag.py:2937} INFO - Setting next_dagrun for example_trigger_target_dag to None
[2022-06-17 22:23:27,883] {processor.py:171} INFO - Processing /home/saba/.local/lib/python3.6/site-packages/airflow/example_dags/example_trigger_target_dag.py took 0.120 seconds
[2022-06-17 22:24:05,801] {processor.py:163} INFO - Started process (PID=3937) to work on /home/saba/.local/lib/python3.6/site-packages/airflow/example_dags/example_trigger_target_dag.py
[2022-06-17 22:24:05,803] {processor.py:642} INFO - Processing file /home/saba/.local/lib/python3.6/site-packages/airflow/example_dags/example_trigger_target_dag.py for tasks to queue
[2022-06-17 22:24:05,804] {logging_mixin.py:109} INFO - [2022-06-17 22:24:05,804] {dagbag.py:500} INFO - Filling up the DagBag from /home/saba/.local/lib/python3.6/site-packages/airflow/example_dags/example_trigger_target_dag.py
[2022-06-17 22:24:05,839] {processor.py:652} INFO - DAG(s) dict_keys(['example_trigger_target_dag']) retrieved from /home/saba/.local/lib/python3.6/site-packages/airflow/example_dags/example_trigger_target_dag.py
[2022-06-17 22:24:05,863] {logging_mixin.py:109} INFO - [2022-06-17 22:24:05,862] {dag.py:2398} INFO - Sync 1 DAGs
[2022-06-17 22:24:05,889] {logging_mixin.py:109} INFO - [2022-06-17 22:24:05,889] {dag.py:2937} INFO - Setting next_dagrun for example_trigger_target_dag to None
[2022-06-17 22:24:05,912] {processor.py:171} INFO - Processing /home/saba/.local/lib/python3.6/site-packages/airflow/example_dags/example_trigger_target_dag.py took 0.115 seconds
[2022-06-17 22:24:41,346] {processor.py:163} INFO - Started process (PID=3991) to work on /home/saba/.local/lib/python3.6/site-packages/airflow/example_dags/example_trigger_target_dag.py
[2022-06-17 22:24:41,349] {processor.py:642} INFO - Processing file /home/saba/.local/lib/python3.6/site-packages/airflow/example_dags/example_trigger_target_dag.py for tasks to queue
[2022-06-17 22:24:41,350] {logging_mixin.py:109} INFO - [2022-06-17 22:24:41,350] {dagbag.py:500} INFO - Filling up the DagBag from /home/saba/.local/lib/python3.6/site-packages/airflow/example_dags/example_trigger_target_dag.py
[2022-06-17 22:24:41,388] {processor.py:652} INFO - DAG(s) dict_keys(['example_trigger_target_dag']) retrieved from /home/saba/.local/lib/python3.6/site-packages/airflow/example_dags/example_trigger_target_dag.py
[2022-06-17 22:24:41,419] {logging_mixin.py:109} INFO - [2022-06-17 22:24:41,418] {dag.py:2398} INFO - Sync 1 DAGs
[2022-06-17 22:24:41,453] {logging_mixin.py:109} INFO - [2022-06-17 22:24:41,453] {dag.py:2937} INFO - Setting next_dagrun for example_trigger_target_dag to None
[2022-06-17 22:24:41,477] {processor.py:171} INFO - Processing /home/saba/.local/lib/python3.6/site-packages/airflow/example_dags/example_trigger_target_dag.py took 0.137 seconds
[2022-06-17 22:25:26,215] {processor.py:163} INFO - Started process (PID=4044) to work on /home/saba/.local/lib/python3.6/site-packages/airflow/example_dags/example_trigger_target_dag.py
[2022-06-17 22:25:26,218] {processor.py:642} INFO - Processing file /home/saba/.local/lib/python3.6/site-packages/airflow/example_dags/example_trigger_target_dag.py for tasks to queue
[2022-06-17 22:25:26,221] {logging_mixin.py:109} INFO - [2022-06-17 22:25:26,220] {dagbag.py:500} INFO - Filling up the DagBag from /home/saba/.local/lib/python3.6/site-packages/airflow/example_dags/example_trigger_target_dag.py
[2022-06-17 22:25:26,293] {processor.py:652} INFO - DAG(s) dict_keys(['example_trigger_target_dag']) retrieved from /home/saba/.local/lib/python3.6/site-packages/airflow/example_dags/example_trigger_target_dag.py
[2022-06-17 22:25:26,352] {logging_mixin.py:109} INFO - [2022-06-17 22:25:26,352] {dag.py:2398} INFO - Sync 1 DAGs
[2022-06-17 22:25:26,416] {logging_mixin.py:109} INFO - [2022-06-17 22:25:26,415] {dag.py:2937} INFO - Setting next_dagrun for example_trigger_target_dag to None
[2022-06-17 22:25:26,463] {processor.py:171} INFO - Processing /home/saba/.local/lib/python3.6/site-packages/airflow/example_dags/example_trigger_target_dag.py took 0.263 seconds
[2022-06-17 22:26:21,280] {processor.py:163} INFO - Started process (PID=4405) to work on /home/saba/.local/lib/python3.6/site-packages/airflow/example_dags/example_trigger_target_dag.py
[2022-06-17 22:26:21,284] {processor.py:642} INFO - Processing file /home/saba/.local/lib/python3.6/site-packages/airflow/example_dags/example_trigger_target_dag.py for tasks to queue
[2022-06-17 22:26:21,287] {logging_mixin.py:109} INFO - [2022-06-17 22:26:21,286] {dagbag.py:500} INFO - Filling up the DagBag from /home/saba/.local/lib/python3.6/site-packages/airflow/example_dags/example_trigger_target_dag.py
[2022-06-17 22:26:21,357] {processor.py:652} INFO - DAG(s) dict_keys(['example_trigger_target_dag']) retrieved from /home/saba/.local/lib/python3.6/site-packages/airflow/example_dags/example_trigger_target_dag.py
[2022-06-17 22:26:21,399] {logging_mixin.py:109} INFO - [2022-06-17 22:26:21,399] {dag.py:2398} INFO - Sync 1 DAGs
[2022-06-17 22:26:21,445] {logging_mixin.py:109} INFO - [2022-06-17 22:26:21,445] {dag.py:2937} INFO - Setting next_dagrun for example_trigger_target_dag to None
[2022-06-17 22:26:21,475] {processor.py:171} INFO - Processing /home/saba/.local/lib/python3.6/site-packages/airflow/example_dags/example_trigger_target_dag.py took 0.203 seconds
[2022-06-17 22:27:16,462] {processor.py:163} INFO - Started process (PID=4487) to work on /home/saba/.local/lib/python3.6/site-packages/airflow/example_dags/example_trigger_target_dag.py
[2022-06-17 22:27:16,468] {processor.py:642} INFO - Processing file /home/saba/.local/lib/python3.6/site-packages/airflow/example_dags/example_trigger_target_dag.py for tasks to queue
[2022-06-17 22:27:16,471] {logging_mixin.py:109} INFO - [2022-06-17 22:27:16,471] {dagbag.py:500} INFO - Filling up the DagBag from /home/saba/.local/lib/python3.6/site-packages/airflow/example_dags/example_trigger_target_dag.py
[2022-06-17 22:27:16,569] {processor.py:652} INFO - DAG(s) dict_keys(['example_trigger_target_dag']) retrieved from /home/saba/.local/lib/python3.6/site-packages/airflow/example_dags/example_trigger_target_dag.py
[2022-06-17 22:27:16,658] {logging_mixin.py:109} INFO - [2022-06-17 22:27:16,657] {dag.py:2398} INFO - Sync 1 DAGs
[2022-06-17 22:27:16,782] {logging_mixin.py:109} INFO - [2022-06-17 22:27:16,781] {dag.py:2937} INFO - Setting next_dagrun for example_trigger_target_dag to None
[2022-06-17 22:27:16,824] {processor.py:171} INFO - Processing /home/saba/.local/lib/python3.6/site-packages/airflow/example_dags/example_trigger_target_dag.py took 0.375 seconds
[2022-06-17 22:28:19,278] {processor.py:163} INFO - Started process (PID=4562) to work on /home/saba/.local/lib/python3.6/site-packages/airflow/example_dags/example_trigger_target_dag.py
[2022-06-17 22:28:19,283] {processor.py:642} INFO - Processing file /home/saba/.local/lib/python3.6/site-packages/airflow/example_dags/example_trigger_target_dag.py for tasks to queue
[2022-06-17 22:28:19,285] {logging_mixin.py:109} INFO - [2022-06-17 22:28:19,284] {dagbag.py:500} INFO - Filling up the DagBag from /home/saba/.local/lib/python3.6/site-packages/airflow/example_dags/example_trigger_target_dag.py
[2022-06-17 22:28:19,454] {processor.py:652} INFO - DAG(s) dict_keys(['example_trigger_target_dag']) retrieved from /home/saba/.local/lib/python3.6/site-packages/airflow/example_dags/example_trigger_target_dag.py
[2022-06-17 22:28:19,531] {logging_mixin.py:109} INFO - [2022-06-17 22:28:19,530] {dag.py:2398} INFO - Sync 1 DAGs
[2022-06-17 22:28:19,632] {logging_mixin.py:109} INFO - [2022-06-17 22:28:19,632] {dag.py:2937} INFO - Setting next_dagrun for example_trigger_target_dag to None
[2022-06-17 22:28:19,700] {processor.py:171} INFO - Processing /home/saba/.local/lib/python3.6/site-packages/airflow/example_dags/example_trigger_target_dag.py took 0.437 seconds
[2022-06-17 22:29:19,652] {processor.py:163} INFO - Started process (PID=4619) to work on /home/saba/.local/lib/python3.6/site-packages/airflow/example_dags/example_trigger_target_dag.py
[2022-06-17 22:29:19,656] {processor.py:642} INFO - Processing file /home/saba/.local/lib/python3.6/site-packages/airflow/example_dags/example_trigger_target_dag.py for tasks to queue
[2022-06-17 22:29:19,658] {logging_mixin.py:109} INFO - [2022-06-17 22:29:19,658] {dagbag.py:500} INFO - Filling up the DagBag from /home/saba/.local/lib/python3.6/site-packages/airflow/example_dags/example_trigger_target_dag.py
[2022-06-17 22:29:19,764] {processor.py:652} INFO - DAG(s) dict_keys(['example_trigger_target_dag']) retrieved from /home/saba/.local/lib/python3.6/site-packages/airflow/example_dags/example_trigger_target_dag.py
[2022-06-17 22:29:19,846] {logging_mixin.py:109} INFO - [2022-06-17 22:29:19,846] {dag.py:2398} INFO - Sync 1 DAGs
[2022-06-17 22:29:19,927] {logging_mixin.py:109} INFO - [2022-06-17 22:29:19,926] {dag.py:2937} INFO - Setting next_dagrun for example_trigger_target_dag to None
[2022-06-17 22:29:20,006] {processor.py:171} INFO - Processing /home/saba/.local/lib/python3.6/site-packages/airflow/example_dags/example_trigger_target_dag.py took 0.365 seconds
[2022-06-17 22:30:20,421] {processor.py:163} INFO - Started process (PID=4965) to work on /home/saba/.local/lib/python3.6/site-packages/airflow/example_dags/example_trigger_target_dag.py
[2022-06-17 22:30:20,425] {processor.py:642} INFO - Processing file /home/saba/.local/lib/python3.6/site-packages/airflow/example_dags/example_trigger_target_dag.py for tasks to queue
[2022-06-17 22:30:20,427] {logging_mixin.py:109} INFO - [2022-06-17 22:30:20,426] {dagbag.py:500} INFO - Filling up the DagBag from /home/saba/.local/lib/python3.6/site-packages/airflow/example_dags/example_trigger_target_dag.py
[2022-06-17 22:30:20,482] {processor.py:652} INFO - DAG(s) dict_keys(['example_trigger_target_dag']) retrieved from /home/saba/.local/lib/python3.6/site-packages/airflow/example_dags/example_trigger_target_dag.py
[2022-06-17 22:30:20,517] {logging_mixin.py:109} INFO - [2022-06-17 22:30:20,517] {dag.py:2398} INFO - Sync 1 DAGs
[2022-06-17 22:30:20,558] {logging_mixin.py:109} INFO - [2022-06-17 22:30:20,558] {dag.py:2937} INFO - Setting next_dagrun for example_trigger_target_dag to None
[2022-06-17 22:30:20,590] {processor.py:171} INFO - Processing /home/saba/.local/lib/python3.6/site-packages/airflow/example_dags/example_trigger_target_dag.py took 0.178 seconds
[2022-06-17 22:31:04,491] {processor.py:163} INFO - Started process (PID=5007) to work on /home/saba/.local/lib/python3.6/site-packages/airflow/example_dags/example_trigger_target_dag.py
[2022-06-17 22:31:04,494] {processor.py:642} INFO - Processing file /home/saba/.local/lib/python3.6/site-packages/airflow/example_dags/example_trigger_target_dag.py for tasks to queue
[2022-06-17 22:31:04,495] {logging_mixin.py:109} INFO - [2022-06-17 22:31:04,495] {dagbag.py:500} INFO - Filling up the DagBag from /home/saba/.local/lib/python3.6/site-packages/airflow/example_dags/example_trigger_target_dag.py
[2022-06-17 22:31:04,543] {processor.py:652} INFO - DAG(s) dict_keys(['example_trigger_target_dag']) retrieved from /home/saba/.local/lib/python3.6/site-packages/airflow/example_dags/example_trigger_target_dag.py
[2022-06-17 22:31:04,591] {logging_mixin.py:109} INFO - [2022-06-17 22:31:04,591] {dag.py:2398} INFO - Sync 1 DAGs
[2022-06-17 22:31:04,630] {logging_mixin.py:109} INFO - [2022-06-17 22:31:04,629] {dag.py:2937} INFO - Setting next_dagrun for example_trigger_target_dag to None
[2022-06-17 22:31:04,655] {processor.py:171} INFO - Processing /home/saba/.local/lib/python3.6/site-packages/airflow/example_dags/example_trigger_target_dag.py took 0.170 seconds
[2022-06-17 22:31:50,684] {processor.py:163} INFO - Started process (PID=5095) to work on /home/saba/.local/lib/python3.6/site-packages/airflow/example_dags/example_trigger_target_dag.py
[2022-06-17 22:31:50,689] {processor.py:642} INFO - Processing file /home/saba/.local/lib/python3.6/site-packages/airflow/example_dags/example_trigger_target_dag.py for tasks to queue
[2022-06-17 22:31:50,691] {logging_mixin.py:109} INFO - [2022-06-17 22:31:50,690] {dagbag.py:500} INFO - Filling up the DagBag from /home/saba/.local/lib/python3.6/site-packages/airflow/example_dags/example_trigger_target_dag.py
[2022-06-17 22:31:50,759] {processor.py:652} INFO - DAG(s) dict_keys(['example_trigger_target_dag']) retrieved from /home/saba/.local/lib/python3.6/site-packages/airflow/example_dags/example_trigger_target_dag.py
[2022-06-17 22:31:50,807] {logging_mixin.py:109} INFO - [2022-06-17 22:31:50,807] {dag.py:2398} INFO - Sync 1 DAGs
[2022-06-17 22:31:50,867] {logging_mixin.py:109} INFO - [2022-06-17 22:31:50,866] {dag.py:2937} INFO - Setting next_dagrun for example_trigger_target_dag to None
[2022-06-17 22:31:50,903] {processor.py:171} INFO - Processing /home/saba/.local/lib/python3.6/site-packages/airflow/example_dags/example_trigger_target_dag.py took 0.229 seconds
[2022-06-17 22:32:38,681] {processor.py:163} INFO - Started process (PID=5137) to work on /home/saba/.local/lib/python3.6/site-packages/airflow/example_dags/example_trigger_target_dag.py
[2022-06-17 22:32:38,686] {processor.py:642} INFO - Processing file /home/saba/.local/lib/python3.6/site-packages/airflow/example_dags/example_trigger_target_dag.py for tasks to queue
[2022-06-17 22:32:38,688] {logging_mixin.py:109} INFO - [2022-06-17 22:32:38,687] {dagbag.py:500} INFO - Filling up the DagBag from /home/saba/.local/lib/python3.6/site-packages/airflow/example_dags/example_trigger_target_dag.py
[2022-06-17 22:32:38,766] {processor.py:652} INFO - DAG(s) dict_keys(['example_trigger_target_dag']) retrieved from /home/saba/.local/lib/python3.6/site-packages/airflow/example_dags/example_trigger_target_dag.py
[2022-06-17 22:32:38,833] {logging_mixin.py:109} INFO - [2022-06-17 22:32:38,833] {dag.py:2398} INFO - Sync 1 DAGs
[2022-06-17 22:32:38,880] {logging_mixin.py:109} INFO - [2022-06-17 22:32:38,880] {dag.py:2937} INFO - Setting next_dagrun for example_trigger_target_dag to None
[2022-06-17 22:32:38,909] {processor.py:171} INFO - Processing /home/saba/.local/lib/python3.6/site-packages/airflow/example_dags/example_trigger_target_dag.py took 0.236 seconds
[2022-06-17 22:33:24,054] {processor.py:163} INFO - Started process (PID=5613) to work on /home/saba/.local/lib/python3.6/site-packages/airflow/example_dags/example_trigger_target_dag.py
[2022-06-17 22:33:24,058] {processor.py:642} INFO - Processing file /home/saba/.local/lib/python3.6/site-packages/airflow/example_dags/example_trigger_target_dag.py for tasks to queue
[2022-06-17 22:33:24,069] {logging_mixin.py:109} INFO - [2022-06-17 22:33:24,069] {dagbag.py:500} INFO - Filling up the DagBag from /home/saba/.local/lib/python3.6/site-packages/airflow/example_dags/example_trigger_target_dag.py
[2022-06-17 22:33:24,318] {processor.py:652} INFO - DAG(s) dict_keys(['example_trigger_target_dag']) retrieved from /home/saba/.local/lib/python3.6/site-packages/airflow/example_dags/example_trigger_target_dag.py
[2022-06-17 22:33:24,488] {logging_mixin.py:109} INFO - [2022-06-17 22:33:24,487] {dag.py:2398} INFO - Sync 1 DAGs
[2022-06-17 22:33:24,703] {logging_mixin.py:109} INFO - [2022-06-17 22:33:24,703] {dag.py:2937} INFO - Setting next_dagrun for example_trigger_target_dag to None
[2022-06-17 22:33:24,799] {processor.py:171} INFO - Processing /home/saba/.local/lib/python3.6/site-packages/airflow/example_dags/example_trigger_target_dag.py took 0.771 seconds
[2022-06-17 22:34:07,810] {processor.py:163} INFO - Started process (PID=5669) to work on /home/saba/.local/lib/python3.6/site-packages/airflow/example_dags/example_trigger_target_dag.py
[2022-06-17 22:34:07,813] {processor.py:642} INFO - Processing file /home/saba/.local/lib/python3.6/site-packages/airflow/example_dags/example_trigger_target_dag.py for tasks to queue
[2022-06-17 22:34:07,814] {logging_mixin.py:109} INFO - [2022-06-17 22:34:07,814] {dagbag.py:500} INFO - Filling up the DagBag from /home/saba/.local/lib/python3.6/site-packages/airflow/example_dags/example_trigger_target_dag.py
[2022-06-17 22:34:07,849] {processor.py:652} INFO - DAG(s) dict_keys(['example_trigger_target_dag']) retrieved from /home/saba/.local/lib/python3.6/site-packages/airflow/example_dags/example_trigger_target_dag.py
[2022-06-17 22:34:07,871] {logging_mixin.py:109} INFO - [2022-06-17 22:34:07,870] {dag.py:2398} INFO - Sync 1 DAGs
[2022-06-17 22:34:07,895] {logging_mixin.py:109} INFO - [2022-06-17 22:34:07,895] {dag.py:2937} INFO - Setting next_dagrun for example_trigger_target_dag to None
[2022-06-17 22:34:07,914] {processor.py:171} INFO - Processing /home/saba/.local/lib/python3.6/site-packages/airflow/example_dags/example_trigger_target_dag.py took 0.108 seconds
[2022-06-17 22:34:55,793] {processor.py:163} INFO - Started process (PID=5722) to work on /home/saba/.local/lib/python3.6/site-packages/airflow/example_dags/example_trigger_target_dag.py
[2022-06-17 22:34:55,796] {processor.py:642} INFO - Processing file /home/saba/.local/lib/python3.6/site-packages/airflow/example_dags/example_trigger_target_dag.py for tasks to queue
[2022-06-17 22:34:55,797] {logging_mixin.py:109} INFO - [2022-06-17 22:34:55,797] {dagbag.py:500} INFO - Filling up the DagBag from /home/saba/.local/lib/python3.6/site-packages/airflow/example_dags/example_trigger_target_dag.py
[2022-06-17 22:34:55,842] {processor.py:652} INFO - DAG(s) dict_keys(['example_trigger_target_dag']) retrieved from /home/saba/.local/lib/python3.6/site-packages/airflow/example_dags/example_trigger_target_dag.py
[2022-06-17 22:34:55,872] {logging_mixin.py:109} INFO - [2022-06-17 22:34:55,872] {dag.py:2398} INFO - Sync 1 DAGs
[2022-06-17 22:34:55,903] {logging_mixin.py:109} INFO - [2022-06-17 22:34:55,903] {dag.py:2937} INFO - Setting next_dagrun for example_trigger_target_dag to None
[2022-06-17 22:34:55,931] {processor.py:171} INFO - Processing /home/saba/.local/lib/python3.6/site-packages/airflow/example_dags/example_trigger_target_dag.py took 0.145 seconds
[2022-06-17 22:35:40,072] {processor.py:163} INFO - Started process (PID=5775) to work on /home/saba/.local/lib/python3.6/site-packages/airflow/example_dags/example_trigger_target_dag.py
[2022-06-17 22:35:40,074] {processor.py:642} INFO - Processing file /home/saba/.local/lib/python3.6/site-packages/airflow/example_dags/example_trigger_target_dag.py for tasks to queue
[2022-06-17 22:35:40,075] {logging_mixin.py:109} INFO - [2022-06-17 22:35:40,075] {dagbag.py:500} INFO - Filling up the DagBag from /home/saba/.local/lib/python3.6/site-packages/airflow/example_dags/example_trigger_target_dag.py
[2022-06-17 22:35:40,099] {processor.py:652} INFO - DAG(s) dict_keys(['example_trigger_target_dag']) retrieved from /home/saba/.local/lib/python3.6/site-packages/airflow/example_dags/example_trigger_target_dag.py
[2022-06-17 22:35:40,116] {logging_mixin.py:109} INFO - [2022-06-17 22:35:40,116] {dag.py:2398} INFO - Sync 1 DAGs
[2022-06-17 22:35:40,138] {logging_mixin.py:109} INFO - [2022-06-17 22:35:40,137] {dag.py:2937} INFO - Setting next_dagrun for example_trigger_target_dag to None
[2022-06-17 22:35:40,157] {processor.py:171} INFO - Processing /home/saba/.local/lib/python3.6/site-packages/airflow/example_dags/example_trigger_target_dag.py took 0.088 seconds
[2022-06-17 22:36:19,263] {processor.py:163} INFO - Started process (PID=5832) to work on /home/saba/.local/lib/python3.6/site-packages/airflow/example_dags/example_trigger_target_dag.py
[2022-06-17 22:36:19,265] {processor.py:642} INFO - Processing file /home/saba/.local/lib/python3.6/site-packages/airflow/example_dags/example_trigger_target_dag.py for tasks to queue
[2022-06-17 22:36:19,266] {logging_mixin.py:109} INFO - [2022-06-17 22:36:19,266] {dagbag.py:500} INFO - Filling up the DagBag from /home/saba/.local/lib/python3.6/site-packages/airflow/example_dags/example_trigger_target_dag.py
[2022-06-17 22:36:19,292] {processor.py:652} INFO - DAG(s) dict_keys(['example_trigger_target_dag']) retrieved from /home/saba/.local/lib/python3.6/site-packages/airflow/example_dags/example_trigger_target_dag.py
[2022-06-17 22:36:19,309] {logging_mixin.py:109} INFO - [2022-06-17 22:36:19,309] {dag.py:2398} INFO - Sync 1 DAGs
[2022-06-17 22:36:19,329] {logging_mixin.py:109} INFO - [2022-06-17 22:36:19,329] {dag.py:2937} INFO - Setting next_dagrun for example_trigger_target_dag to None
[2022-06-17 22:36:19,347] {processor.py:171} INFO - Processing /home/saba/.local/lib/python3.6/site-packages/airflow/example_dags/example_trigger_target_dag.py took 0.087 seconds
[2022-06-17 22:37:01,396] {processor.py:163} INFO - Started process (PID=5885) to work on /home/saba/.local/lib/python3.6/site-packages/airflow/example_dags/example_trigger_target_dag.py
[2022-06-17 22:37:01,398] {processor.py:642} INFO - Processing file /home/saba/.local/lib/python3.6/site-packages/airflow/example_dags/example_trigger_target_dag.py for tasks to queue
[2022-06-17 22:37:01,399] {logging_mixin.py:109} INFO - [2022-06-17 22:37:01,399] {dagbag.py:500} INFO - Filling up the DagBag from /home/saba/.local/lib/python3.6/site-packages/airflow/example_dags/example_trigger_target_dag.py
[2022-06-17 22:37:01,436] {processor.py:652} INFO - DAG(s) dict_keys(['example_trigger_target_dag']) retrieved from /home/saba/.local/lib/python3.6/site-packages/airflow/example_dags/example_trigger_target_dag.py
[2022-06-17 22:37:01,459] {logging_mixin.py:109} INFO - [2022-06-17 22:37:01,459] {dag.py:2398} INFO - Sync 1 DAGs
[2022-06-17 22:37:01,487] {logging_mixin.py:109} INFO - [2022-06-17 22:37:01,486] {dag.py:2937} INFO - Setting next_dagrun for example_trigger_target_dag to None
[2022-06-17 22:37:01,508] {processor.py:171} INFO - Processing /home/saba/.local/lib/python3.6/site-packages/airflow/example_dags/example_trigger_target_dag.py took 0.117 seconds
[2022-06-17 22:37:51,907] {processor.py:163} INFO - Started process (PID=5939) to work on /home/saba/.local/lib/python3.6/site-packages/airflow/example_dags/example_trigger_target_dag.py
[2022-06-17 22:37:51,911] {processor.py:642} INFO - Processing file /home/saba/.local/lib/python3.6/site-packages/airflow/example_dags/example_trigger_target_dag.py for tasks to queue
[2022-06-17 22:37:51,913] {logging_mixin.py:109} INFO - [2022-06-17 22:37:51,913] {dagbag.py:500} INFO - Filling up the DagBag from /home/saba/.local/lib/python3.6/site-packages/airflow/example_dags/example_trigger_target_dag.py
[2022-06-17 22:37:51,977] {processor.py:652} INFO - DAG(s) dict_keys(['example_trigger_target_dag']) retrieved from /home/saba/.local/lib/python3.6/site-packages/airflow/example_dags/example_trigger_target_dag.py
[2022-06-17 22:37:52,036] {logging_mixin.py:109} INFO - [2022-06-17 22:37:52,036] {dag.py:2398} INFO - Sync 1 DAGs
[2022-06-17 22:37:52,114] {logging_mixin.py:109} INFO - [2022-06-17 22:37:52,113] {dag.py:2937} INFO - Setting next_dagrun for example_trigger_target_dag to None
[2022-06-17 22:37:52,159] {processor.py:171} INFO - Processing /home/saba/.local/lib/python3.6/site-packages/airflow/example_dags/example_trigger_target_dag.py took 0.260 seconds
[2022-06-17 22:38:34,289] {processor.py:163} INFO - Started process (PID=5993) to work on /home/saba/.local/lib/python3.6/site-packages/airflow/example_dags/example_trigger_target_dag.py
[2022-06-17 22:38:34,292] {processor.py:642} INFO - Processing file /home/saba/.local/lib/python3.6/site-packages/airflow/example_dags/example_trigger_target_dag.py for tasks to queue
[2022-06-17 22:38:34,294] {logging_mixin.py:109} INFO - [2022-06-17 22:38:34,293] {dagbag.py:500} INFO - Filling up the DagBag from /home/saba/.local/lib/python3.6/site-packages/airflow/example_dags/example_trigger_target_dag.py
[2022-06-17 22:38:34,349] {processor.py:652} INFO - DAG(s) dict_keys(['example_trigger_target_dag']) retrieved from /home/saba/.local/lib/python3.6/site-packages/airflow/example_dags/example_trigger_target_dag.py
[2022-06-17 22:38:34,382] {logging_mixin.py:109} INFO - [2022-06-17 22:38:34,382] {dag.py:2398} INFO - Sync 1 DAGs
[2022-06-17 22:38:34,417] {logging_mixin.py:109} INFO - [2022-06-17 22:38:34,416] {dag.py:2937} INFO - Setting next_dagrun for example_trigger_target_dag to None
[2022-06-17 22:38:34,442] {processor.py:171} INFO - Processing /home/saba/.local/lib/python3.6/site-packages/airflow/example_dags/example_trigger_target_dag.py took 0.159 seconds
[2022-06-17 22:39:16,540] {processor.py:163} INFO - Started process (PID=6286) to work on /home/saba/.local/lib/python3.6/site-packages/airflow/example_dags/example_trigger_target_dag.py
[2022-06-17 22:39:16,542] {processor.py:642} INFO - Processing file /home/saba/.local/lib/python3.6/site-packages/airflow/example_dags/example_trigger_target_dag.py for tasks to queue
[2022-06-17 22:39:16,542] {logging_mixin.py:109} INFO - [2022-06-17 22:39:16,542] {dagbag.py:500} INFO - Filling up the DagBag from /home/saba/.local/lib/python3.6/site-packages/airflow/example_dags/example_trigger_target_dag.py
[2022-06-17 22:39:16,573] {processor.py:652} INFO - DAG(s) dict_keys(['example_trigger_target_dag']) retrieved from /home/saba/.local/lib/python3.6/site-packages/airflow/example_dags/example_trigger_target_dag.py
[2022-06-17 22:39:16,595] {logging_mixin.py:109} INFO - [2022-06-17 22:39:16,595] {dag.py:2398} INFO - Sync 1 DAGs
[2022-06-17 22:39:16,621] {logging_mixin.py:109} INFO - [2022-06-17 22:39:16,621] {dag.py:2937} INFO - Setting next_dagrun for example_trigger_target_dag to None
[2022-06-17 22:39:16,642] {processor.py:171} INFO - Processing /home/saba/.local/lib/python3.6/site-packages/airflow/example_dags/example_trigger_target_dag.py took 0.107 seconds
[2022-06-17 22:40:10,651] {processor.py:163} INFO - Started process (PID=6811) to work on /home/saba/.local/lib/python3.6/site-packages/airflow/example_dags/example_trigger_target_dag.py
[2022-06-17 22:40:10,654] {processor.py:642} INFO - Processing file /home/saba/.local/lib/python3.6/site-packages/airflow/example_dags/example_trigger_target_dag.py for tasks to queue
[2022-06-17 22:40:10,655] {logging_mixin.py:109} INFO - [2022-06-17 22:40:10,655] {dagbag.py:500} INFO - Filling up the DagBag from /home/saba/.local/lib/python3.6/site-packages/airflow/example_dags/example_trigger_target_dag.py
[2022-06-17 22:40:10,683] {processor.py:652} INFO - DAG(s) dict_keys(['example_trigger_target_dag']) retrieved from /home/saba/.local/lib/python3.6/site-packages/airflow/example_dags/example_trigger_target_dag.py
[2022-06-17 22:40:10,700] {logging_mixin.py:109} INFO - [2022-06-17 22:40:10,700] {dag.py:2398} INFO - Sync 1 DAGs
[2022-06-17 22:40:10,721] {logging_mixin.py:109} INFO - [2022-06-17 22:40:10,721] {dag.py:2937} INFO - Setting next_dagrun for example_trigger_target_dag to None
[2022-06-17 22:40:10,739] {processor.py:171} INFO - Processing /home/saba/.local/lib/python3.6/site-packages/airflow/example_dags/example_trigger_target_dag.py took 0.092 seconds
[2022-06-17 22:40:56,087] {processor.py:163} INFO - Started process (PID=6913) to work on /home/saba/.local/lib/python3.6/site-packages/airflow/example_dags/example_trigger_target_dag.py
[2022-06-17 22:40:56,089] {processor.py:642} INFO - Processing file /home/saba/.local/lib/python3.6/site-packages/airflow/example_dags/example_trigger_target_dag.py for tasks to queue
[2022-06-17 22:40:56,090] {logging_mixin.py:109} INFO - [2022-06-17 22:40:56,090] {dagbag.py:500} INFO - Filling up the DagBag from /home/saba/.local/lib/python3.6/site-packages/airflow/example_dags/example_trigger_target_dag.py
[2022-06-17 22:40:56,115] {processor.py:652} INFO - DAG(s) dict_keys(['example_trigger_target_dag']) retrieved from /home/saba/.local/lib/python3.6/site-packages/airflow/example_dags/example_trigger_target_dag.py
[2022-06-17 22:40:56,132] {logging_mixin.py:109} INFO - [2022-06-17 22:40:56,131] {dag.py:2398} INFO - Sync 1 DAGs
[2022-06-17 22:40:56,151] {logging_mixin.py:109} INFO - [2022-06-17 22:40:56,151] {dag.py:2937} INFO - Setting next_dagrun for example_trigger_target_dag to None
[2022-06-17 22:40:56,173] {processor.py:171} INFO - Processing /home/saba/.local/lib/python3.6/site-packages/airflow/example_dags/example_trigger_target_dag.py took 0.089 seconds
[2022-06-17 22:41:33,918] {processor.py:163} INFO - Started process (PID=6965) to work on /home/saba/.local/lib/python3.6/site-packages/airflow/example_dags/example_trigger_target_dag.py
[2022-06-17 22:41:33,920] {processor.py:642} INFO - Processing file /home/saba/.local/lib/python3.6/site-packages/airflow/example_dags/example_trigger_target_dag.py for tasks to queue
[2022-06-17 22:41:33,921] {logging_mixin.py:109} INFO - [2022-06-17 22:41:33,920] {dagbag.py:500} INFO - Filling up the DagBag from /home/saba/.local/lib/python3.6/site-packages/airflow/example_dags/example_trigger_target_dag.py
[2022-06-17 22:41:33,948] {processor.py:652} INFO - DAG(s) dict_keys(['example_trigger_target_dag']) retrieved from /home/saba/.local/lib/python3.6/site-packages/airflow/example_dags/example_trigger_target_dag.py
[2022-06-17 22:41:33,966] {logging_mixin.py:109} INFO - [2022-06-17 22:41:33,966] {dag.py:2398} INFO - Sync 1 DAGs
[2022-06-17 22:41:33,988] {logging_mixin.py:109} INFO - [2022-06-17 22:41:33,988] {dag.py:2937} INFO - Setting next_dagrun for example_trigger_target_dag to None
[2022-06-17 22:41:34,008] {processor.py:171} INFO - Processing /home/saba/.local/lib/python3.6/site-packages/airflow/example_dags/example_trigger_target_dag.py took 0.093 seconds
[2022-06-17 22:42:11,956] {processor.py:163} INFO - Started process (PID=7577) to work on /home/saba/.local/lib/python3.6/site-packages/airflow/example_dags/example_trigger_target_dag.py
[2022-06-17 22:42:11,958] {processor.py:642} INFO - Processing file /home/saba/.local/lib/python3.6/site-packages/airflow/example_dags/example_trigger_target_dag.py for tasks to queue
[2022-06-17 22:42:11,959] {logging_mixin.py:109} INFO - [2022-06-17 22:42:11,959] {dagbag.py:500} INFO - Filling up the DagBag from /home/saba/.local/lib/python3.6/site-packages/airflow/example_dags/example_trigger_target_dag.py
[2022-06-17 22:42:11,990] {processor.py:652} INFO - DAG(s) dict_keys(['example_trigger_target_dag']) retrieved from /home/saba/.local/lib/python3.6/site-packages/airflow/example_dags/example_trigger_target_dag.py
[2022-06-17 22:42:12,008] {logging_mixin.py:109} INFO - [2022-06-17 22:42:12,008] {dag.py:2398} INFO - Sync 1 DAGs
[2022-06-17 22:42:12,030] {logging_mixin.py:109} INFO - [2022-06-17 22:42:12,030] {dag.py:2937} INFO - Setting next_dagrun for example_trigger_target_dag to None
[2022-06-17 22:42:12,048] {processor.py:171} INFO - Processing /home/saba/.local/lib/python3.6/site-packages/airflow/example_dags/example_trigger_target_dag.py took 0.096 seconds
[2022-06-17 22:43:02,704] {processor.py:163} INFO - Started process (PID=7920) to work on /home/saba/.local/lib/python3.6/site-packages/airflow/example_dags/example_trigger_target_dag.py
[2022-06-17 22:43:02,706] {processor.py:642} INFO - Processing file /home/saba/.local/lib/python3.6/site-packages/airflow/example_dags/example_trigger_target_dag.py for tasks to queue
[2022-06-17 22:43:02,707] {logging_mixin.py:109} INFO - [2022-06-17 22:43:02,706] {dagbag.py:500} INFO - Filling up the DagBag from /home/saba/.local/lib/python3.6/site-packages/airflow/example_dags/example_trigger_target_dag.py
[2022-06-17 22:43:02,736] {processor.py:652} INFO - DAG(s) dict_keys(['example_trigger_target_dag']) retrieved from /home/saba/.local/lib/python3.6/site-packages/airflow/example_dags/example_trigger_target_dag.py
[2022-06-17 22:43:02,758] {logging_mixin.py:109} INFO - [2022-06-17 22:43:02,757] {dag.py:2398} INFO - Sync 1 DAGs
[2022-06-17 22:43:02,780] {logging_mixin.py:109} INFO - [2022-06-17 22:43:02,780] {dag.py:2937} INFO - Setting next_dagrun for example_trigger_target_dag to None
[2022-06-17 22:43:02,799] {processor.py:171} INFO - Processing /home/saba/.local/lib/python3.6/site-packages/airflow/example_dags/example_trigger_target_dag.py took 0.099 seconds
[2022-06-17 22:43:48,589] {processor.py:163} INFO - Started process (PID=8292) to work on /home/saba/.local/lib/python3.6/site-packages/airflow/example_dags/example_trigger_target_dag.py
[2022-06-17 22:43:48,591] {processor.py:642} INFO - Processing file /home/saba/.local/lib/python3.6/site-packages/airflow/example_dags/example_trigger_target_dag.py for tasks to queue
[2022-06-17 22:43:48,593] {logging_mixin.py:109} INFO - [2022-06-17 22:43:48,592] {dagbag.py:500} INFO - Filling up the DagBag from /home/saba/.local/lib/python3.6/site-packages/airflow/example_dags/example_trigger_target_dag.py
[2022-06-17 22:43:48,647] {processor.py:652} INFO - DAG(s) dict_keys(['example_trigger_target_dag']) retrieved from /home/saba/.local/lib/python3.6/site-packages/airflow/example_dags/example_trigger_target_dag.py
[2022-06-17 22:43:48,678] {logging_mixin.py:109} INFO - [2022-06-17 22:43:48,677] {dag.py:2398} INFO - Sync 1 DAGs
[2022-06-17 22:43:48,714] {logging_mixin.py:109} INFO - [2022-06-17 22:43:48,714] {dag.py:2937} INFO - Setting next_dagrun for example_trigger_target_dag to None
[2022-06-17 22:43:48,738] {processor.py:171} INFO - Processing /home/saba/.local/lib/python3.6/site-packages/airflow/example_dags/example_trigger_target_dag.py took 0.155 seconds
[2022-06-17 22:45:01,215] {processor.py:163} INFO - Started process (PID=8542) to work on /home/saba/.local/lib/python3.6/site-packages/airflow/example_dags/example_trigger_target_dag.py
[2022-06-17 22:45:01,217] {processor.py:642} INFO - Processing file /home/saba/.local/lib/python3.6/site-packages/airflow/example_dags/example_trigger_target_dag.py for tasks to queue
[2022-06-17 22:45:01,217] {logging_mixin.py:109} INFO - [2022-06-17 22:45:01,217] {dagbag.py:500} INFO - Filling up the DagBag from /home/saba/.local/lib/python3.6/site-packages/airflow/example_dags/example_trigger_target_dag.py
[2022-06-17 22:45:01,244] {processor.py:652} INFO - DAG(s) dict_keys(['example_trigger_target_dag']) retrieved from /home/saba/.local/lib/python3.6/site-packages/airflow/example_dags/example_trigger_target_dag.py
[2022-06-17 22:45:01,261] {logging_mixin.py:109} INFO - [2022-06-17 22:45:01,261] {dag.py:2398} INFO - Sync 1 DAGs
[2022-06-17 22:45:01,280] {logging_mixin.py:109} INFO - [2022-06-17 22:45:01,280] {dag.py:2937} INFO - Setting next_dagrun for example_trigger_target_dag to None
[2022-06-17 22:45:01,299] {processor.py:171} INFO - Processing /home/saba/.local/lib/python3.6/site-packages/airflow/example_dags/example_trigger_target_dag.py took 0.088 seconds
[2022-06-17 22:45:48,083] {processor.py:163} INFO - Started process (PID=8898) to work on /home/saba/.local/lib/python3.6/site-packages/airflow/example_dags/example_trigger_target_dag.py
[2022-06-17 22:45:48,087] {processor.py:642} INFO - Processing file /home/saba/.local/lib/python3.6/site-packages/airflow/example_dags/example_trigger_target_dag.py for tasks to queue
[2022-06-17 22:45:48,089] {logging_mixin.py:109} INFO - [2022-06-17 22:45:48,088] {dagbag.py:500} INFO - Filling up the DagBag from /home/saba/.local/lib/python3.6/site-packages/airflow/example_dags/example_trigger_target_dag.py
[2022-06-17 22:45:48,130] {processor.py:652} INFO - DAG(s) dict_keys(['example_trigger_target_dag']) retrieved from /home/saba/.local/lib/python3.6/site-packages/airflow/example_dags/example_trigger_target_dag.py
[2022-06-17 22:45:48,153] {logging_mixin.py:109} INFO - [2022-06-17 22:45:48,153] {dag.py:2398} INFO - Sync 1 DAGs
[2022-06-17 22:45:48,181] {logging_mixin.py:109} INFO - [2022-06-17 22:45:48,180] {dag.py:2937} INFO - Setting next_dagrun for example_trigger_target_dag to None
[2022-06-17 22:45:48,203] {processor.py:171} INFO - Processing /home/saba/.local/lib/python3.6/site-packages/airflow/example_dags/example_trigger_target_dag.py took 0.125 seconds
[2022-06-17 22:48:10,541] {processor.py:163} INFO - Started process (PID=10401) to work on /home/saba/.local/lib/python3.6/site-packages/airflow/example_dags/example_trigger_target_dag.py
[2022-06-17 22:48:10,544] {processor.py:642} INFO - Processing file /home/saba/.local/lib/python3.6/site-packages/airflow/example_dags/example_trigger_target_dag.py for tasks to queue
[2022-06-17 22:48:10,545] {logging_mixin.py:109} INFO - [2022-06-17 22:48:10,545] {dagbag.py:500} INFO - Filling up the DagBag from /home/saba/.local/lib/python3.6/site-packages/airflow/example_dags/example_trigger_target_dag.py
[2022-06-17 22:48:10,577] {processor.py:652} INFO - DAG(s) dict_keys(['example_trigger_target_dag']) retrieved from /home/saba/.local/lib/python3.6/site-packages/airflow/example_dags/example_trigger_target_dag.py
[2022-06-17 22:48:10,608] {logging_mixin.py:109} INFO - [2022-06-17 22:48:10,607] {dag.py:2398} INFO - Sync 1 DAGs
[2022-06-17 22:48:10,706] {logging_mixin.py:109} INFO - [2022-06-17 22:48:10,706] {dag.py:2937} INFO - Setting next_dagrun for example_trigger_target_dag to None
[2022-06-17 22:48:10,724] {processor.py:171} INFO - Processing /home/saba/.local/lib/python3.6/site-packages/airflow/example_dags/example_trigger_target_dag.py took 0.187 seconds
[2022-06-17 22:48:56,446] {processor.py:163} INFO - Started process (PID=10608) to work on /home/saba/.local/lib/python3.6/site-packages/airflow/example_dags/example_trigger_target_dag.py
[2022-06-17 22:48:56,448] {processor.py:642} INFO - Processing file /home/saba/.local/lib/python3.6/site-packages/airflow/example_dags/example_trigger_target_dag.py for tasks to queue
[2022-06-17 22:48:56,448] {logging_mixin.py:109} INFO - [2022-06-17 22:48:56,448] {dagbag.py:500} INFO - Filling up the DagBag from /home/saba/.local/lib/python3.6/site-packages/airflow/example_dags/example_trigger_target_dag.py
[2022-06-17 22:48:56,471] {processor.py:652} INFO - DAG(s) dict_keys(['example_trigger_target_dag']) retrieved from /home/saba/.local/lib/python3.6/site-packages/airflow/example_dags/example_trigger_target_dag.py
[2022-06-17 22:48:56,504] {logging_mixin.py:109} INFO - [2022-06-17 22:48:56,504] {dag.py:2398} INFO - Sync 1 DAGs
[2022-06-17 22:48:56,581] {logging_mixin.py:109} INFO - [2022-06-17 22:48:56,581] {dag.py:2937} INFO - Setting next_dagrun for example_trigger_target_dag to None
[2022-06-17 22:48:56,597] {processor.py:171} INFO - Processing /home/saba/.local/lib/python3.6/site-packages/airflow/example_dags/example_trigger_target_dag.py took 0.154 seconds
[2022-06-17 22:50:13,596] {processor.py:163} INFO - Started process (PID=11163) to work on /home/saba/.local/lib/python3.6/site-packages/airflow/example_dags/example_trigger_target_dag.py
[2022-06-17 22:50:13,598] {processor.py:642} INFO - Processing file /home/saba/.local/lib/python3.6/site-packages/airflow/example_dags/example_trigger_target_dag.py for tasks to queue
[2022-06-17 22:50:13,599] {logging_mixin.py:109} INFO - [2022-06-17 22:50:13,599] {dagbag.py:500} INFO - Filling up the DagBag from /home/saba/.local/lib/python3.6/site-packages/airflow/example_dags/example_trigger_target_dag.py
[2022-06-17 22:50:13,627] {processor.py:652} INFO - DAG(s) dict_keys(['example_trigger_target_dag']) retrieved from /home/saba/.local/lib/python3.6/site-packages/airflow/example_dags/example_trigger_target_dag.py
[2022-06-17 22:50:13,647] {logging_mixin.py:109} INFO - [2022-06-17 22:50:13,646] {dag.py:2398} INFO - Sync 1 DAGs
[2022-06-17 22:50:13,748] {logging_mixin.py:109} INFO - [2022-06-17 22:50:13,748] {dag.py:2937} INFO - Setting next_dagrun for example_trigger_target_dag to None
[2022-06-17 22:50:13,765] {processor.py:171} INFO - Processing /home/saba/.local/lib/python3.6/site-packages/airflow/example_dags/example_trigger_target_dag.py took 0.173 seconds
[2022-06-17 22:50:55,283] {processor.py:163} INFO - Started process (PID=11361) to work on /home/saba/.local/lib/python3.6/site-packages/airflow/example_dags/example_trigger_target_dag.py
[2022-06-17 22:50:55,285] {processor.py:642} INFO - Processing file /home/saba/.local/lib/python3.6/site-packages/airflow/example_dags/example_trigger_target_dag.py for tasks to queue
[2022-06-17 22:50:55,286] {logging_mixin.py:109} INFO - [2022-06-17 22:50:55,286] {dagbag.py:500} INFO - Filling up the DagBag from /home/saba/.local/lib/python3.6/site-packages/airflow/example_dags/example_trigger_target_dag.py
[2022-06-17 22:50:55,372] {processor.py:652} INFO - DAG(s) dict_keys(['example_trigger_target_dag']) retrieved from /home/saba/.local/lib/python3.6/site-packages/airflow/example_dags/example_trigger_target_dag.py
[2022-06-17 22:50:55,383] {logging_mixin.py:109} INFO - [2022-06-17 22:50:55,383] {dag.py:2398} INFO - Sync 1 DAGs
[2022-06-17 22:50:55,396] {logging_mixin.py:109} INFO - [2022-06-17 22:50:55,396] {dag.py:2937} INFO - Setting next_dagrun for example_trigger_target_dag to None
[2022-06-17 22:50:55,412] {processor.py:171} INFO - Processing /home/saba/.local/lib/python3.6/site-packages/airflow/example_dags/example_trigger_target_dag.py took 0.132 seconds
[2022-06-17 22:51:54,977] {processor.py:163} INFO - Started process (PID=11571) to work on /home/saba/.local/lib/python3.6/site-packages/airflow/example_dags/example_trigger_target_dag.py
[2022-06-17 22:51:54,978] {processor.py:642} INFO - Processing file /home/saba/.local/lib/python3.6/site-packages/airflow/example_dags/example_trigger_target_dag.py for tasks to queue
[2022-06-17 22:51:54,979] {logging_mixin.py:109} INFO - [2022-06-17 22:51:54,979] {dagbag.py:500} INFO - Filling up the DagBag from /home/saba/.local/lib/python3.6/site-packages/airflow/example_dags/example_trigger_target_dag.py
[2022-06-17 22:51:55,058] {processor.py:652} INFO - DAG(s) dict_keys(['example_trigger_target_dag']) retrieved from /home/saba/.local/lib/python3.6/site-packages/airflow/example_dags/example_trigger_target_dag.py
[2022-06-17 22:51:55,068] {logging_mixin.py:109} INFO - [2022-06-17 22:51:55,068] {dag.py:2398} INFO - Sync 1 DAGs
[2022-06-17 22:51:55,079] {logging_mixin.py:109} INFO - [2022-06-17 22:51:55,079] {dag.py:2937} INFO - Setting next_dagrun for example_trigger_target_dag to None
[2022-06-17 22:51:55,094] {processor.py:171} INFO - Processing /home/saba/.local/lib/python3.6/site-packages/airflow/example_dags/example_trigger_target_dag.py took 0.120 seconds
[2022-06-17 22:52:56,540] {processor.py:163} INFO - Started process (PID=11948) to work on /home/saba/.local/lib/python3.6/site-packages/airflow/example_dags/example_trigger_target_dag.py
[2022-06-17 22:52:56,542] {processor.py:642} INFO - Processing file /home/saba/.local/lib/python3.6/site-packages/airflow/example_dags/example_trigger_target_dag.py for tasks to queue
[2022-06-17 22:52:56,543] {logging_mixin.py:109} INFO - [2022-06-17 22:52:56,543] {dagbag.py:500} INFO - Filling up the DagBag from /home/saba/.local/lib/python3.6/site-packages/airflow/example_dags/example_trigger_target_dag.py
[2022-06-17 22:52:56,616] {processor.py:652} INFO - DAG(s) dict_keys(['example_trigger_target_dag']) retrieved from /home/saba/.local/lib/python3.6/site-packages/airflow/example_dags/example_trigger_target_dag.py
[2022-06-17 22:52:56,625] {logging_mixin.py:109} INFO - [2022-06-17 22:52:56,625] {dag.py:2398} INFO - Sync 1 DAGs
[2022-06-17 22:52:56,635] {logging_mixin.py:109} INFO - [2022-06-17 22:52:56,635] {dag.py:2937} INFO - Setting next_dagrun for example_trigger_target_dag to None
[2022-06-17 22:52:56,650] {processor.py:171} INFO - Processing /home/saba/.local/lib/python3.6/site-packages/airflow/example_dags/example_trigger_target_dag.py took 0.112 seconds
[2022-06-17 22:53:41,688] {processor.py:163} INFO - Started process (PID=12511) to work on /home/saba/.local/lib/python3.6/site-packages/airflow/example_dags/example_trigger_target_dag.py
[2022-06-17 22:53:41,690] {processor.py:642} INFO - Processing file /home/saba/.local/lib/python3.6/site-packages/airflow/example_dags/example_trigger_target_dag.py for tasks to queue
[2022-06-17 22:53:41,691] {logging_mixin.py:109} INFO - [2022-06-17 22:53:41,691] {dagbag.py:500} INFO - Filling up the DagBag from /home/saba/.local/lib/python3.6/site-packages/airflow/example_dags/example_trigger_target_dag.py
[2022-06-17 22:53:41,754] {processor.py:652} INFO - DAG(s) dict_keys(['example_trigger_target_dag']) retrieved from /home/saba/.local/lib/python3.6/site-packages/airflow/example_dags/example_trigger_target_dag.py
[2022-06-17 22:53:41,762] {logging_mixin.py:109} INFO - [2022-06-17 22:53:41,762] {dag.py:2398} INFO - Sync 1 DAGs
[2022-06-17 22:53:41,776] {logging_mixin.py:109} INFO - [2022-06-17 22:53:41,775] {dag.py:2937} INFO - Setting next_dagrun for example_trigger_target_dag to None
[2022-06-17 22:53:41,793] {processor.py:171} INFO - Processing /home/saba/.local/lib/python3.6/site-packages/airflow/example_dags/example_trigger_target_dag.py took 0.107 seconds
[2022-06-17 22:54:25,381] {processor.py:163} INFO - Started process (PID=12719) to work on /home/saba/.local/lib/python3.6/site-packages/airflow/example_dags/example_trigger_target_dag.py
[2022-06-17 22:54:25,382] {processor.py:642} INFO - Processing file /home/saba/.local/lib/python3.6/site-packages/airflow/example_dags/example_trigger_target_dag.py for tasks to queue
[2022-06-17 22:54:25,383] {logging_mixin.py:109} INFO - [2022-06-17 22:54:25,383] {dagbag.py:500} INFO - Filling up the DagBag from /home/saba/.local/lib/python3.6/site-packages/airflow/example_dags/example_trigger_target_dag.py
[2022-06-17 22:54:25,466] {processor.py:652} INFO - DAG(s) dict_keys(['example_trigger_target_dag']) retrieved from /home/saba/.local/lib/python3.6/site-packages/airflow/example_dags/example_trigger_target_dag.py
[2022-06-17 22:54:25,475] {logging_mixin.py:109} INFO - [2022-06-17 22:54:25,475] {dag.py:2398} INFO - Sync 1 DAGs
[2022-06-17 22:54:25,488] {logging_mixin.py:109} INFO - [2022-06-17 22:54:25,488] {dag.py:2937} INFO - Setting next_dagrun for example_trigger_target_dag to None
[2022-06-17 22:54:25,502] {processor.py:171} INFO - Processing /home/saba/.local/lib/python3.6/site-packages/airflow/example_dags/example_trigger_target_dag.py took 0.124 seconds
[2022-06-17 22:55:05,347] {processor.py:163} INFO - Started process (PID=12982) to work on /home/saba/.local/lib/python3.6/site-packages/airflow/example_dags/example_trigger_target_dag.py
[2022-06-17 22:55:05,350] {processor.py:642} INFO - Processing file /home/saba/.local/lib/python3.6/site-packages/airflow/example_dags/example_trigger_target_dag.py for tasks to queue
[2022-06-17 22:55:05,350] {logging_mixin.py:109} INFO - [2022-06-17 22:55:05,350] {dagbag.py:500} INFO - Filling up the DagBag from /home/saba/.local/lib/python3.6/site-packages/airflow/example_dags/example_trigger_target_dag.py
[2022-06-17 22:55:05,375] {processor.py:652} INFO - DAG(s) dict_keys(['example_trigger_target_dag']) retrieved from /home/saba/.local/lib/python3.6/site-packages/airflow/example_dags/example_trigger_target_dag.py
[2022-06-17 22:55:05,391] {logging_mixin.py:109} INFO - [2022-06-17 22:55:05,390] {dag.py:2398} INFO - Sync 1 DAGs
[2022-06-17 22:55:05,411] {logging_mixin.py:109} INFO - [2022-06-17 22:55:05,411] {dag.py:2937} INFO - Setting next_dagrun for example_trigger_target_dag to None
[2022-06-17 22:55:05,428] {processor.py:171} INFO - Processing /home/saba/.local/lib/python3.6/site-packages/airflow/example_dags/example_trigger_target_dag.py took 0.084 seconds
