[2022-06-17 22:07:39,007] {processor.py:163} INFO - Started process (PID=1767) to work on /home/saba/.local/lib/python3.6/site-packages/airflow/example_dags/example_latest_only_with_trigger.py
[2022-06-17 22:07:39,021] {processor.py:642} INFO - Processing file /home/saba/.local/lib/python3.6/site-packages/airflow/example_dags/example_latest_only_with_trigger.py for tasks to queue
[2022-06-17 22:07:39,024] {logging_mixin.py:109} INFO - [2022-06-17 22:07:39,023] {dagbag.py:500} INFO - Filling up the DagBag from /home/saba/.local/lib/python3.6/site-packages/airflow/example_dags/example_latest_only_with_trigger.py
[2022-06-17 22:07:39,273] {processor.py:652} INFO - DAG(s) dict_keys(['latest_only_with_trigger']) retrieved from /home/saba/.local/lib/python3.6/site-packages/airflow/example_dags/example_latest_only_with_trigger.py
[2022-06-17 22:07:39,408] {logging_mixin.py:109} INFO - [2022-06-17 22:07:39,406] {dag.py:2398} INFO - Sync 1 DAGs
[2022-06-17 22:07:39,536] {logging_mixin.py:109} INFO - [2022-06-17 22:07:39,534] {dag.py:2937} INFO - Setting next_dagrun for latest_only_with_trigger to 2022-06-17T16:07:39.532366+00:00
[2022-06-17 22:07:39,603] {processor.py:171} INFO - Processing /home/saba/.local/lib/python3.6/site-packages/airflow/example_dags/example_latest_only_with_trigger.py took 0.612 seconds
[2022-06-17 22:10:28,362] {processor.py:163} INFO - Started process (PID=2496) to work on /home/saba/.local/lib/python3.6/site-packages/airflow/example_dags/example_latest_only_with_trigger.py
[2022-06-17 22:10:28,368] {processor.py:642} INFO - Processing file /home/saba/.local/lib/python3.6/site-packages/airflow/example_dags/example_latest_only_with_trigger.py for tasks to queue
[2022-06-17 22:10:28,370] {logging_mixin.py:109} INFO - [2022-06-17 22:10:28,369] {dagbag.py:500} INFO - Filling up the DagBag from /home/saba/.local/lib/python3.6/site-packages/airflow/example_dags/example_latest_only_with_trigger.py
[2022-06-17 22:10:28,475] {processor.py:652} INFO - DAG(s) dict_keys(['latest_only_with_trigger']) retrieved from /home/saba/.local/lib/python3.6/site-packages/airflow/example_dags/example_latest_only_with_trigger.py
[2022-06-17 22:10:28,566] {logging_mixin.py:109} INFO - [2022-06-17 22:10:28,565] {dag.py:2398} INFO - Sync 1 DAGs
[2022-06-17 22:10:28,732] {logging_mixin.py:109} INFO - [2022-06-17 22:10:28,731] {dag.py:2937} INFO - Setting next_dagrun for latest_only_with_trigger to 2022-06-17T16:10:28.729963+00:00
[2022-06-17 22:10:28,840] {processor.py:171} INFO - Processing /home/saba/.local/lib/python3.6/site-packages/airflow/example_dags/example_latest_only_with_trigger.py took 0.492 seconds
[2022-06-17 22:18:30,043] {processor.py:163} INFO - Started process (PID=187) to work on /home/saba/.local/lib/python3.6/site-packages/airflow/example_dags/example_latest_only_with_trigger.py
[2022-06-17 22:18:30,045] {processor.py:642} INFO - Processing file /home/saba/.local/lib/python3.6/site-packages/airflow/example_dags/example_latest_only_with_trigger.py for tasks to queue
[2022-06-17 22:18:30,046] {logging_mixin.py:109} INFO - [2022-06-17 22:18:30,046] {dagbag.py:500} INFO - Filling up the DagBag from /home/saba/.local/lib/python3.6/site-packages/airflow/example_dags/example_latest_only_with_trigger.py
[2022-06-17 22:18:30,080] {processor.py:652} INFO - DAG(s) dict_keys(['latest_only_with_trigger']) retrieved from /home/saba/.local/lib/python3.6/site-packages/airflow/example_dags/example_latest_only_with_trigger.py
[2022-06-17 22:18:30,108] {logging_mixin.py:109} INFO - [2022-06-17 22:18:30,108] {dag.py:2398} INFO - Sync 1 DAGs
[2022-06-17 22:18:30,144] {logging_mixin.py:109} INFO - [2022-06-17 22:18:30,144] {dag.py:2937} INFO - Setting next_dagrun for latest_only_with_trigger to 2022-06-17T16:18:30.143908+00:00
[2022-06-17 22:18:30,173] {processor.py:171} INFO - Processing /home/saba/.local/lib/python3.6/site-packages/airflow/example_dags/example_latest_only_with_trigger.py took 0.132 seconds
[2022-06-17 22:20:07,333] {processor.py:163} INFO - Started process (PID=3513) to work on /home/saba/.local/lib/python3.6/site-packages/airflow/example_dags/example_latest_only_with_trigger.py
[2022-06-17 22:20:07,335] {processor.py:642} INFO - Processing file /home/saba/.local/lib/python3.6/site-packages/airflow/example_dags/example_latest_only_with_trigger.py for tasks to queue
[2022-06-17 22:20:07,336] {logging_mixin.py:109} INFO - [2022-06-17 22:20:07,336] {dagbag.py:500} INFO - Filling up the DagBag from /home/saba/.local/lib/python3.6/site-packages/airflow/example_dags/example_latest_only_with_trigger.py
[2022-06-17 22:20:07,375] {processor.py:652} INFO - DAG(s) dict_keys(['latest_only_with_trigger']) retrieved from /home/saba/.local/lib/python3.6/site-packages/airflow/example_dags/example_latest_only_with_trigger.py
[2022-06-17 22:20:07,401] {logging_mixin.py:109} INFO - [2022-06-17 22:20:07,401] {dag.py:2398} INFO - Sync 1 DAGs
[2022-06-17 22:20:07,435] {logging_mixin.py:109} INFO - [2022-06-17 22:20:07,435] {dag.py:2937} INFO - Setting next_dagrun for latest_only_with_trigger to 2022-06-17T16:20:07.434403+00:00
[2022-06-17 22:20:07,457] {processor.py:171} INFO - Processing /home/saba/.local/lib/python3.6/site-packages/airflow/example_dags/example_latest_only_with_trigger.py took 0.129 seconds
[2022-06-17 22:21:20,781] {processor.py:163} INFO - Started process (PID=3617) to work on /home/saba/.local/lib/python3.6/site-packages/airflow/example_dags/example_latest_only_with_trigger.py
[2022-06-17 22:21:20,783] {processor.py:642} INFO - Processing file /home/saba/.local/lib/python3.6/site-packages/airflow/example_dags/example_latest_only_with_trigger.py for tasks to queue
[2022-06-17 22:21:20,784] {logging_mixin.py:109} INFO - [2022-06-17 22:21:20,784] {dagbag.py:500} INFO - Filling up the DagBag from /home/saba/.local/lib/python3.6/site-packages/airflow/example_dags/example_latest_only_with_trigger.py
[2022-06-17 22:21:20,804] {processor.py:652} INFO - DAG(s) dict_keys(['latest_only_with_trigger']) retrieved from /home/saba/.local/lib/python3.6/site-packages/airflow/example_dags/example_latest_only_with_trigger.py
[2022-06-17 22:21:20,820] {logging_mixin.py:109} INFO - [2022-06-17 22:21:20,820] {dag.py:2398} INFO - Sync 1 DAGs
[2022-06-17 22:21:20,841] {logging_mixin.py:109} INFO - [2022-06-17 22:21:20,841] {dag.py:2937} INFO - Setting next_dagrun for latest_only_with_trigger to 2022-06-17T16:21:20.841033+00:00
[2022-06-17 22:21:20,864] {processor.py:171} INFO - Processing /home/saba/.local/lib/python3.6/site-packages/airflow/example_dags/example_latest_only_with_trigger.py took 0.086 seconds
[2022-06-17 22:22:32,390] {processor.py:163} INFO - Started process (PID=3736) to work on /home/saba/.local/lib/python3.6/site-packages/airflow/example_dags/example_latest_only_with_trigger.py
[2022-06-17 22:22:32,394] {processor.py:642} INFO - Processing file /home/saba/.local/lib/python3.6/site-packages/airflow/example_dags/example_latest_only_with_trigger.py for tasks to queue
[2022-06-17 22:22:32,395] {logging_mixin.py:109} INFO - [2022-06-17 22:22:32,395] {dagbag.py:500} INFO - Filling up the DagBag from /home/saba/.local/lib/python3.6/site-packages/airflow/example_dags/example_latest_only_with_trigger.py
[2022-06-17 22:22:32,442] {processor.py:652} INFO - DAG(s) dict_keys(['latest_only_with_trigger']) retrieved from /home/saba/.local/lib/python3.6/site-packages/airflow/example_dags/example_latest_only_with_trigger.py
[2022-06-17 22:22:32,477] {logging_mixin.py:109} INFO - [2022-06-17 22:22:32,477] {dag.py:2398} INFO - Sync 1 DAGs
[2022-06-17 22:22:32,520] {logging_mixin.py:109} INFO - [2022-06-17 22:22:32,520] {dag.py:2937} INFO - Setting next_dagrun for latest_only_with_trigger to 2022-06-17T16:22:32.519627+00:00
[2022-06-17 22:22:32,550] {processor.py:171} INFO - Processing /home/saba/.local/lib/python3.6/site-packages/airflow/example_dags/example_latest_only_with_trigger.py took 0.167 seconds
[2022-06-17 22:23:44,116] {processor.py:163} INFO - Started process (PID=3848) to work on /home/saba/.local/lib/python3.6/site-packages/airflow/example_dags/example_latest_only_with_trigger.py
[2022-06-17 22:23:44,118] {processor.py:642} INFO - Processing file /home/saba/.local/lib/python3.6/site-packages/airflow/example_dags/example_latest_only_with_trigger.py for tasks to queue
[2022-06-17 22:23:44,118] {logging_mixin.py:109} INFO - [2022-06-17 22:23:44,118] {dagbag.py:500} INFO - Filling up the DagBag from /home/saba/.local/lib/python3.6/site-packages/airflow/example_dags/example_latest_only_with_trigger.py
[2022-06-17 22:23:44,134] {processor.py:652} INFO - DAG(s) dict_keys(['latest_only_with_trigger']) retrieved from /home/saba/.local/lib/python3.6/site-packages/airflow/example_dags/example_latest_only_with_trigger.py
[2022-06-17 22:23:44,153] {logging_mixin.py:109} INFO - [2022-06-17 22:23:44,153] {dag.py:2398} INFO - Sync 1 DAGs
[2022-06-17 22:23:44,177] {logging_mixin.py:109} INFO - [2022-06-17 22:23:44,177] {dag.py:2937} INFO - Setting next_dagrun for latest_only_with_trigger to 2022-06-17T16:23:44.176978+00:00
[2022-06-17 22:23:44,197] {processor.py:171} INFO - Processing /home/saba/.local/lib/python3.6/site-packages/airflow/example_dags/example_latest_only_with_trigger.py took 0.083 seconds
[2022-06-17 22:24:59,442] {processor.py:163} INFO - Started process (PID=4007) to work on /home/saba/.local/lib/python3.6/site-packages/airflow/example_dags/example_latest_only_with_trigger.py
[2022-06-17 22:24:59,445] {processor.py:642} INFO - Processing file /home/saba/.local/lib/python3.6/site-packages/airflow/example_dags/example_latest_only_with_trigger.py for tasks to queue
[2022-06-17 22:24:59,447] {logging_mixin.py:109} INFO - [2022-06-17 22:24:59,447] {dagbag.py:500} INFO - Filling up the DagBag from /home/saba/.local/lib/python3.6/site-packages/airflow/example_dags/example_latest_only_with_trigger.py
[2022-06-17 22:24:59,483] {processor.py:652} INFO - DAG(s) dict_keys(['latest_only_with_trigger']) retrieved from /home/saba/.local/lib/python3.6/site-packages/airflow/example_dags/example_latest_only_with_trigger.py
[2022-06-17 22:24:59,510] {logging_mixin.py:109} INFO - [2022-06-17 22:24:59,510] {dag.py:2398} INFO - Sync 1 DAGs
[2022-06-17 22:24:59,545] {logging_mixin.py:109} INFO - [2022-06-17 22:24:59,544] {dag.py:2937} INFO - Setting next_dagrun for latest_only_with_trigger to 2022-06-17T16:24:59.544259+00:00
[2022-06-17 22:24:59,571] {processor.py:171} INFO - Processing /home/saba/.local/lib/python3.6/site-packages/airflow/example_dags/example_latest_only_with_trigger.py took 0.136 seconds
[2022-06-17 22:26:48,064] {processor.py:163} INFO - Started process (PID=4431) to work on /home/saba/.local/lib/python3.6/site-packages/airflow/example_dags/example_latest_only_with_trigger.py
[2022-06-17 22:26:48,069] {processor.py:642} INFO - Processing file /home/saba/.local/lib/python3.6/site-packages/airflow/example_dags/example_latest_only_with_trigger.py for tasks to queue
[2022-06-17 22:26:48,071] {logging_mixin.py:109} INFO - [2022-06-17 22:26:48,071] {dagbag.py:500} INFO - Filling up the DagBag from /home/saba/.local/lib/python3.6/site-packages/airflow/example_dags/example_latest_only_with_trigger.py
[2022-06-17 22:26:48,128] {processor.py:652} INFO - DAG(s) dict_keys(['latest_only_with_trigger']) retrieved from /home/saba/.local/lib/python3.6/site-packages/airflow/example_dags/example_latest_only_with_trigger.py
[2022-06-17 22:26:48,225] {logging_mixin.py:109} INFO - [2022-06-17 22:26:48,224] {dag.py:2398} INFO - Sync 1 DAGs
[2022-06-17 22:26:48,320] {logging_mixin.py:109} INFO - [2022-06-17 22:26:48,319] {dag.py:2937} INFO - Setting next_dagrun for latest_only_with_trigger to 2022-06-17T16:26:48.318342+00:00
[2022-06-17 22:26:48,365] {processor.py:171} INFO - Processing /home/saba/.local/lib/python3.6/site-packages/airflow/example_dags/example_latest_only_with_trigger.py took 0.306 seconds
[2022-06-17 22:28:46,187] {processor.py:163} INFO - Started process (PID=4580) to work on /home/saba/.local/lib/python3.6/site-packages/airflow/example_dags/example_latest_only_with_trigger.py
[2022-06-17 22:28:46,193] {processor.py:642} INFO - Processing file /home/saba/.local/lib/python3.6/site-packages/airflow/example_dags/example_latest_only_with_trigger.py for tasks to queue
[2022-06-17 22:28:46,197] {logging_mixin.py:109} INFO - [2022-06-17 22:28:46,195] {dagbag.py:500} INFO - Filling up the DagBag from /home/saba/.local/lib/python3.6/site-packages/airflow/example_dags/example_latest_only_with_trigger.py
[2022-06-17 22:28:46,281] {processor.py:652} INFO - DAG(s) dict_keys(['latest_only_with_trigger']) retrieved from /home/saba/.local/lib/python3.6/site-packages/airflow/example_dags/example_latest_only_with_trigger.py
[2022-06-17 22:28:46,340] {logging_mixin.py:109} INFO - [2022-06-17 22:28:46,340] {dag.py:2398} INFO - Sync 1 DAGs
[2022-06-17 22:28:46,402] {logging_mixin.py:109} INFO - [2022-06-17 22:28:46,401] {dag.py:2937} INFO - Setting next_dagrun for latest_only_with_trigger to 2022-06-17T16:28:46.400780+00:00
[2022-06-17 22:28:46,436] {processor.py:171} INFO - Processing /home/saba/.local/lib/python3.6/site-packages/airflow/example_dags/example_latest_only_with_trigger.py took 0.261 seconds
[2022-06-17 22:30:43,669] {processor.py:163} INFO - Started process (PID=4981) to work on /home/saba/.local/lib/python3.6/site-packages/airflow/example_dags/example_latest_only_with_trigger.py
[2022-06-17 22:30:43,679] {processor.py:642} INFO - Processing file /home/saba/.local/lib/python3.6/site-packages/airflow/example_dags/example_latest_only_with_trigger.py for tasks to queue
[2022-06-17 22:30:43,682] {logging_mixin.py:109} INFO - [2022-06-17 22:30:43,681] {dagbag.py:500} INFO - Filling up the DagBag from /home/saba/.local/lib/python3.6/site-packages/airflow/example_dags/example_latest_only_with_trigger.py
[2022-06-17 22:30:43,787] {processor.py:652} INFO - DAG(s) dict_keys(['latest_only_with_trigger']) retrieved from /home/saba/.local/lib/python3.6/site-packages/airflow/example_dags/example_latest_only_with_trigger.py
[2022-06-17 22:30:43,855] {logging_mixin.py:109} INFO - [2022-06-17 22:30:43,855] {dag.py:2398} INFO - Sync 1 DAGs
[2022-06-17 22:30:43,937] {logging_mixin.py:109} INFO - [2022-06-17 22:30:43,937] {dag.py:2937} INFO - Setting next_dagrun for latest_only_with_trigger to 2022-06-17T16:30:43.936360+00:00
[2022-06-17 22:30:44,002] {processor.py:171} INFO - Processing /home/saba/.local/lib/python3.6/site-packages/airflow/example_dags/example_latest_only_with_trigger.py took 0.348 seconds
[2022-06-17 22:32:16,011] {processor.py:163} INFO - Started process (PID=5111) to work on /home/saba/.local/lib/python3.6/site-packages/airflow/example_dags/example_latest_only_with_trigger.py
[2022-06-17 22:32:16,014] {processor.py:642} INFO - Processing file /home/saba/.local/lib/python3.6/site-packages/airflow/example_dags/example_latest_only_with_trigger.py for tasks to queue
[2022-06-17 22:32:16,016] {logging_mixin.py:109} INFO - [2022-06-17 22:32:16,016] {dagbag.py:500} INFO - Filling up the DagBag from /home/saba/.local/lib/python3.6/site-packages/airflow/example_dags/example_latest_only_with_trigger.py
[2022-06-17 22:32:16,071] {processor.py:652} INFO - DAG(s) dict_keys(['latest_only_with_trigger']) retrieved from /home/saba/.local/lib/python3.6/site-packages/airflow/example_dags/example_latest_only_with_trigger.py
[2022-06-17 22:32:16,118] {logging_mixin.py:109} INFO - [2022-06-17 22:32:16,118] {dag.py:2398} INFO - Sync 1 DAGs
[2022-06-17 22:32:16,165] {logging_mixin.py:109} INFO - [2022-06-17 22:32:16,164] {dag.py:2937} INFO - Setting next_dagrun for latest_only_with_trigger to 2022-06-17T16:32:16.164104+00:00
[2022-06-17 22:32:16,207] {processor.py:171} INFO - Processing /home/saba/.local/lib/python3.6/site-packages/airflow/example_dags/example_latest_only_with_trigger.py took 0.202 seconds
[2022-06-17 22:33:45,305] {processor.py:163} INFO - Started process (PID=5629) to work on /home/saba/.local/lib/python3.6/site-packages/airflow/example_dags/example_latest_only_with_trigger.py
[2022-06-17 22:33:45,309] {processor.py:642} INFO - Processing file /home/saba/.local/lib/python3.6/site-packages/airflow/example_dags/example_latest_only_with_trigger.py for tasks to queue
[2022-06-17 22:33:45,312] {logging_mixin.py:109} INFO - [2022-06-17 22:33:45,312] {dagbag.py:500} INFO - Filling up the DagBag from /home/saba/.local/lib/python3.6/site-packages/airflow/example_dags/example_latest_only_with_trigger.py
[2022-06-17 22:33:45,383] {processor.py:652} INFO - DAG(s) dict_keys(['latest_only_with_trigger']) retrieved from /home/saba/.local/lib/python3.6/site-packages/airflow/example_dags/example_latest_only_with_trigger.py
[2022-06-17 22:33:45,438] {logging_mixin.py:109} INFO - [2022-06-17 22:33:45,438] {dag.py:2398} INFO - Sync 1 DAGs
[2022-06-17 22:33:45,496] {logging_mixin.py:109} INFO - [2022-06-17 22:33:45,496] {dag.py:2937} INFO - Setting next_dagrun for latest_only_with_trigger to 2022-06-17T16:33:45.495442+00:00
[2022-06-17 22:33:45,533] {processor.py:171} INFO - Processing /home/saba/.local/lib/python3.6/site-packages/airflow/example_dags/example_latest_only_with_trigger.py took 0.236 seconds
[2022-06-17 22:35:18,747] {processor.py:163} INFO - Started process (PID=5738) to work on /home/saba/.local/lib/python3.6/site-packages/airflow/example_dags/example_latest_only_with_trigger.py
[2022-06-17 22:35:18,752] {processor.py:642} INFO - Processing file /home/saba/.local/lib/python3.6/site-packages/airflow/example_dags/example_latest_only_with_trigger.py for tasks to queue
[2022-06-17 22:35:18,760] {logging_mixin.py:109} INFO - [2022-06-17 22:35:18,760] {dagbag.py:500} INFO - Filling up the DagBag from /home/saba/.local/lib/python3.6/site-packages/airflow/example_dags/example_latest_only_with_trigger.py
[2022-06-17 22:35:18,878] {processor.py:652} INFO - DAG(s) dict_keys(['latest_only_with_trigger']) retrieved from /home/saba/.local/lib/python3.6/site-packages/airflow/example_dags/example_latest_only_with_trigger.py
[2022-06-17 22:35:18,962] {logging_mixin.py:109} INFO - [2022-06-17 22:35:18,961] {dag.py:2398} INFO - Sync 1 DAGs
[2022-06-17 22:35:19,048] {logging_mixin.py:109} INFO - [2022-06-17 22:35:19,047] {dag.py:2937} INFO - Setting next_dagrun for latest_only_with_trigger to 2022-06-17T16:35:19.046726+00:00
[2022-06-17 22:35:19,092] {processor.py:171} INFO - Processing /home/saba/.local/lib/python3.6/site-packages/airflow/example_dags/example_latest_only_with_trigger.py took 0.358 seconds
[2022-06-17 22:36:38,797] {processor.py:163} INFO - Started process (PID=5847) to work on /home/saba/.local/lib/python3.6/site-packages/airflow/example_dags/example_latest_only_with_trigger.py
[2022-06-17 22:36:38,800] {processor.py:642} INFO - Processing file /home/saba/.local/lib/python3.6/site-packages/airflow/example_dags/example_latest_only_with_trigger.py for tasks to queue
[2022-06-17 22:36:38,801] {logging_mixin.py:109} INFO - [2022-06-17 22:36:38,801] {dagbag.py:500} INFO - Filling up the DagBag from /home/saba/.local/lib/python3.6/site-packages/airflow/example_dags/example_latest_only_with_trigger.py
[2022-06-17 22:36:38,829] {processor.py:652} INFO - DAG(s) dict_keys(['latest_only_with_trigger']) retrieved from /home/saba/.local/lib/python3.6/site-packages/airflow/example_dags/example_latest_only_with_trigger.py
[2022-06-17 22:36:38,857] {logging_mixin.py:109} INFO - [2022-06-17 22:36:38,856] {dag.py:2398} INFO - Sync 1 DAGs
[2022-06-17 22:36:38,886] {logging_mixin.py:109} INFO - [2022-06-17 22:36:38,886] {dag.py:2937} INFO - Setting next_dagrun for latest_only_with_trigger to 2022-06-17T16:36:38.885500+00:00
[2022-06-17 22:36:38,908] {processor.py:171} INFO - Processing /home/saba/.local/lib/python3.6/site-packages/airflow/example_dags/example_latest_only_with_trigger.py took 0.115 seconds
[2022-06-17 22:38:12,328] {processor.py:163} INFO - Started process (PID=5956) to work on /home/saba/.local/lib/python3.6/site-packages/airflow/example_dags/example_latest_only_with_trigger.py
[2022-06-17 22:38:12,333] {processor.py:642} INFO - Processing file /home/saba/.local/lib/python3.6/site-packages/airflow/example_dags/example_latest_only_with_trigger.py for tasks to queue
[2022-06-17 22:38:12,335] {logging_mixin.py:109} INFO - [2022-06-17 22:38:12,335] {dagbag.py:500} INFO - Filling up the DagBag from /home/saba/.local/lib/python3.6/site-packages/airflow/example_dags/example_latest_only_with_trigger.py
[2022-06-17 22:38:12,394] {processor.py:652} INFO - DAG(s) dict_keys(['latest_only_with_trigger']) retrieved from /home/saba/.local/lib/python3.6/site-packages/airflow/example_dags/example_latest_only_with_trigger.py
[2022-06-17 22:38:12,459] {logging_mixin.py:109} INFO - [2022-06-17 22:38:12,459] {dag.py:2398} INFO - Sync 1 DAGs
[2022-06-17 22:38:12,569] {logging_mixin.py:109} INFO - [2022-06-17 22:38:12,569] {dag.py:2937} INFO - Setting next_dagrun for latest_only_with_trigger to 2022-06-17T16:38:12.567709+00:00
[2022-06-17 22:38:12,647] {processor.py:171} INFO - Processing /home/saba/.local/lib/python3.6/site-packages/airflow/example_dags/example_latest_only_with_trigger.py took 0.329 seconds
[2022-06-17 22:39:44,495] {processor.py:163} INFO - Started process (PID=6532) to work on /home/saba/.local/lib/python3.6/site-packages/airflow/example_dags/example_latest_only_with_trigger.py
[2022-06-17 22:39:44,500] {processor.py:642} INFO - Processing file /home/saba/.local/lib/python3.6/site-packages/airflow/example_dags/example_latest_only_with_trigger.py for tasks to queue
[2022-06-17 22:39:44,502] {logging_mixin.py:109} INFO - [2022-06-17 22:39:44,502] {dagbag.py:500} INFO - Filling up the DagBag from /home/saba/.local/lib/python3.6/site-packages/airflow/example_dags/example_latest_only_with_trigger.py
[2022-06-17 22:39:44,553] {processor.py:652} INFO - DAG(s) dict_keys(['latest_only_with_trigger']) retrieved from /home/saba/.local/lib/python3.6/site-packages/airflow/example_dags/example_latest_only_with_trigger.py
[2022-06-17 22:39:44,593] {logging_mixin.py:109} INFO - [2022-06-17 22:39:44,592] {dag.py:2398} INFO - Sync 1 DAGs
[2022-06-17 22:39:44,633] {logging_mixin.py:109} INFO - [2022-06-17 22:39:44,633] {dag.py:2937} INFO - Setting next_dagrun for latest_only_with_trigger to 2022-06-17T16:39:44.632331+00:00
[2022-06-17 22:39:44,667] {processor.py:171} INFO - Processing /home/saba/.local/lib/python3.6/site-packages/airflow/example_dags/example_latest_only_with_trigger.py took 0.180 seconds
[2022-06-17 22:41:13,279] {processor.py:163} INFO - Started process (PID=6928) to work on /home/saba/.local/lib/python3.6/site-packages/airflow/example_dags/example_latest_only_with_trigger.py
[2022-06-17 22:41:13,281] {processor.py:642} INFO - Processing file /home/saba/.local/lib/python3.6/site-packages/airflow/example_dags/example_latest_only_with_trigger.py for tasks to queue
[2022-06-17 22:41:13,282] {logging_mixin.py:109} INFO - [2022-06-17 22:41:13,282] {dagbag.py:500} INFO - Filling up the DagBag from /home/saba/.local/lib/python3.6/site-packages/airflow/example_dags/example_latest_only_with_trigger.py
[2022-06-17 22:41:13,308] {processor.py:652} INFO - DAG(s) dict_keys(['latest_only_with_trigger']) retrieved from /home/saba/.local/lib/python3.6/site-packages/airflow/example_dags/example_latest_only_with_trigger.py
[2022-06-17 22:41:13,330] {logging_mixin.py:109} INFO - [2022-06-17 22:41:13,330] {dag.py:2398} INFO - Sync 1 DAGs
[2022-06-17 22:41:13,356] {logging_mixin.py:109} INFO - [2022-06-17 22:41:13,356] {dag.py:2937} INFO - Setting next_dagrun for latest_only_with_trigger to 2022-06-17T16:41:13.356145+00:00
[2022-06-17 22:41:13,375] {processor.py:171} INFO - Processing /home/saba/.local/lib/python3.6/site-packages/airflow/example_dags/example_latest_only_with_trigger.py took 0.099 seconds
[2022-06-17 22:42:42,492] {processor.py:163} INFO - Started process (PID=7641) to work on /home/saba/.local/lib/python3.6/site-packages/airflow/example_dags/example_latest_only_with_trigger.py
[2022-06-17 22:42:42,494] {processor.py:642} INFO - Processing file /home/saba/.local/lib/python3.6/site-packages/airflow/example_dags/example_latest_only_with_trigger.py for tasks to queue
[2022-06-17 22:42:42,495] {logging_mixin.py:109} INFO - [2022-06-17 22:42:42,495] {dagbag.py:500} INFO - Filling up the DagBag from /home/saba/.local/lib/python3.6/site-packages/airflow/example_dags/example_latest_only_with_trigger.py
[2022-06-17 22:42:42,527] {processor.py:652} INFO - DAG(s) dict_keys(['latest_only_with_trigger']) retrieved from /home/saba/.local/lib/python3.6/site-packages/airflow/example_dags/example_latest_only_with_trigger.py
[2022-06-17 22:42:42,550] {logging_mixin.py:109} INFO - [2022-06-17 22:42:42,550] {dag.py:2398} INFO - Sync 1 DAGs
[2022-06-17 22:42:42,576] {logging_mixin.py:109} INFO - [2022-06-17 22:42:42,576] {dag.py:2937} INFO - Setting next_dagrun for latest_only_with_trigger to 2022-06-17T16:42:42.575884+00:00
[2022-06-17 22:42:42,600] {processor.py:171} INFO - Processing /home/saba/.local/lib/python3.6/site-packages/airflow/example_dags/example_latest_only_with_trigger.py took 0.113 seconds
[2022-06-17 22:44:36,251] {processor.py:163} INFO - Started process (PID=8489) to work on /home/saba/.local/lib/python3.6/site-packages/airflow/example_dags/example_latest_only_with_trigger.py
[2022-06-17 22:44:36,254] {processor.py:642} INFO - Processing file /home/saba/.local/lib/python3.6/site-packages/airflow/example_dags/example_latest_only_with_trigger.py for tasks to queue
[2022-06-17 22:44:36,255] {logging_mixin.py:109} INFO - [2022-06-17 22:44:36,255] {dagbag.py:500} INFO - Filling up the DagBag from /home/saba/.local/lib/python3.6/site-packages/airflow/example_dags/example_latest_only_with_trigger.py
[2022-06-17 22:44:36,288] {processor.py:652} INFO - DAG(s) dict_keys(['latest_only_with_trigger']) retrieved from /home/saba/.local/lib/python3.6/site-packages/airflow/example_dags/example_latest_only_with_trigger.py
[2022-06-17 22:44:36,315] {logging_mixin.py:109} INFO - [2022-06-17 22:44:36,315] {dag.py:2398} INFO - Sync 1 DAGs
[2022-06-17 22:44:36,353] {logging_mixin.py:109} INFO - [2022-06-17 22:44:36,353] {dag.py:2937} INFO - Setting next_dagrun for latest_only_with_trigger to 2022-06-17T16:44:36.352804+00:00
[2022-06-17 22:44:36,379] {processor.py:171} INFO - Processing /home/saba/.local/lib/python3.6/site-packages/airflow/example_dags/example_latest_only_with_trigger.py took 0.134 seconds
[2022-06-17 22:45:27,413] {processor.py:163} INFO - Started process (PID=8561) to work on /home/saba/.local/lib/python3.6/site-packages/airflow/example_dags/example_latest_only_with_trigger.py
[2022-06-17 22:45:27,415] {processor.py:642} INFO - Processing file /home/saba/.local/lib/python3.6/site-packages/airflow/example_dags/example_latest_only_with_trigger.py for tasks to queue
[2022-06-17 22:45:27,416] {logging_mixin.py:109} INFO - [2022-06-17 22:45:27,416] {dagbag.py:500} INFO - Filling up the DagBag from /home/saba/.local/lib/python3.6/site-packages/airflow/example_dags/example_latest_only_with_trigger.py
[2022-06-17 22:45:27,438] {processor.py:652} INFO - DAG(s) dict_keys(['latest_only_with_trigger']) retrieved from /home/saba/.local/lib/python3.6/site-packages/airflow/example_dags/example_latest_only_with_trigger.py
[2022-06-17 22:45:27,458] {logging_mixin.py:109} INFO - [2022-06-17 22:45:27,458] {dag.py:2398} INFO - Sync 1 DAGs
[2022-06-17 22:45:27,480] {logging_mixin.py:109} INFO - [2022-06-17 22:45:27,480] {dag.py:2937} INFO - Setting next_dagrun for latest_only_with_trigger to 2022-06-17T16:45:27.480132+00:00
[2022-06-17 22:45:27,499] {processor.py:171} INFO - Processing /home/saba/.local/lib/python3.6/site-packages/airflow/example_dags/example_latest_only_with_trigger.py took 0.089 seconds
[2022-06-17 22:48:32,996] {processor.py:163} INFO - Started process (PID=10425) to work on /home/saba/.local/lib/python3.6/site-packages/airflow/example_dags/example_latest_only_with_trigger.py
[2022-06-17 22:48:33,000] {processor.py:642} INFO - Processing file /home/saba/.local/lib/python3.6/site-packages/airflow/example_dags/example_latest_only_with_trigger.py for tasks to queue
[2022-06-17 22:48:33,000] {logging_mixin.py:109} INFO - [2022-06-17 22:48:33,000] {dagbag.py:500} INFO - Filling up the DagBag from /home/saba/.local/lib/python3.6/site-packages/airflow/example_dags/example_latest_only_with_trigger.py
[2022-06-17 22:48:33,023] {processor.py:652} INFO - DAG(s) dict_keys(['latest_only_with_trigger']) retrieved from /home/saba/.local/lib/python3.6/site-packages/airflow/example_dags/example_latest_only_with_trigger.py
[2022-06-17 22:48:33,042] {logging_mixin.py:109} INFO - [2022-06-17 22:48:33,041] {dag.py:2398} INFO - Sync 1 DAGs
[2022-06-17 22:48:33,063] {logging_mixin.py:109} INFO - [2022-06-17 22:48:33,063] {dag.py:2937} INFO - Setting next_dagrun for latest_only_with_trigger to 2022-06-17T16:48:33.063167+00:00
[2022-06-17 22:48:33,146] {processor.py:171} INFO - Processing /home/saba/.local/lib/python3.6/site-packages/airflow/example_dags/example_latest_only_with_trigger.py took 0.153 seconds
[2022-06-17 22:50:31,542] {processor.py:163} INFO - Started process (PID=11179) to work on /home/saba/.local/lib/python3.6/site-packages/airflow/example_dags/example_latest_only_with_trigger.py
[2022-06-17 22:50:31,552] {processor.py:642} INFO - Processing file /home/saba/.local/lib/python3.6/site-packages/airflow/example_dags/example_latest_only_with_trigger.py for tasks to queue
[2022-06-17 22:50:31,553] {logging_mixin.py:109} INFO - [2022-06-17 22:50:31,553] {dagbag.py:500} INFO - Filling up the DagBag from /home/saba/.local/lib/python3.6/site-packages/airflow/example_dags/example_latest_only_with_trigger.py
[2022-06-17 22:50:31,563] {processor.py:652} INFO - DAG(s) dict_keys(['latest_only_with_trigger']) retrieved from /home/saba/.local/lib/python3.6/site-packages/airflow/example_dags/example_latest_only_with_trigger.py
[2022-06-17 22:50:31,573] {logging_mixin.py:109} INFO - [2022-06-17 22:50:31,573] {dag.py:2398} INFO - Sync 1 DAGs
[2022-06-17 22:50:31,628] {logging_mixin.py:109} INFO - [2022-06-17 22:50:31,628] {dag.py:2937} INFO - Setting next_dagrun for latest_only_with_trigger to 2022-06-17T16:50:31.628708+00:00
[2022-06-17 22:50:31,644] {processor.py:171} INFO - Processing /home/saba/.local/lib/python3.6/site-packages/airflow/example_dags/example_latest_only_with_trigger.py took 0.105 seconds
[2022-06-17 22:52:16,072] {processor.py:163} INFO - Started process (PID=11588) to work on /home/saba/.local/lib/python3.6/site-packages/airflow/example_dags/example_latest_only_with_trigger.py
[2022-06-17 22:52:16,073] {processor.py:642} INFO - Processing file /home/saba/.local/lib/python3.6/site-packages/airflow/example_dags/example_latest_only_with_trigger.py for tasks to queue
[2022-06-17 22:52:16,074] {logging_mixin.py:109} INFO - [2022-06-17 22:52:16,074] {dagbag.py:500} INFO - Filling up the DagBag from /home/saba/.local/lib/python3.6/site-packages/airflow/example_dags/example_latest_only_with_trigger.py
[2022-06-17 22:52:16,089] {processor.py:652} INFO - DAG(s) dict_keys(['latest_only_with_trigger']) retrieved from /home/saba/.local/lib/python3.6/site-packages/airflow/example_dags/example_latest_only_with_trigger.py
[2022-06-17 22:52:16,163] {logging_mixin.py:109} INFO - [2022-06-17 22:52:16,163] {dag.py:2398} INFO - Sync 1 DAGs
[2022-06-17 22:52:16,174] {logging_mixin.py:109} INFO - [2022-06-17 22:52:16,174] {dag.py:2937} INFO - Setting next_dagrun for latest_only_with_trigger to 2022-06-17T16:52:16.174635+00:00
[2022-06-17 22:52:16,194] {processor.py:171} INFO - Processing /home/saba/.local/lib/python3.6/site-packages/airflow/example_dags/example_latest_only_with_trigger.py took 0.125 seconds
[2022-06-17 22:54:00,887] {processor.py:163} INFO - Started process (PID=12534) to work on /home/saba/.local/lib/python3.6/site-packages/airflow/example_dags/example_latest_only_with_trigger.py
[2022-06-17 22:54:00,891] {processor.py:642} INFO - Processing file /home/saba/.local/lib/python3.6/site-packages/airflow/example_dags/example_latest_only_with_trigger.py for tasks to queue
[2022-06-17 22:54:00,892] {logging_mixin.py:109} INFO - [2022-06-17 22:54:00,891] {dagbag.py:500} INFO - Filling up the DagBag from /home/saba/.local/lib/python3.6/site-packages/airflow/example_dags/example_latest_only_with_trigger.py
[2022-06-17 22:54:00,961] {processor.py:652} INFO - DAG(s) dict_keys(['latest_only_with_trigger']) retrieved from /home/saba/.local/lib/python3.6/site-packages/airflow/example_dags/example_latest_only_with_trigger.py
[2022-06-17 22:54:00,969] {logging_mixin.py:109} INFO - [2022-06-17 22:54:00,969] {dag.py:2398} INFO - Sync 1 DAGs
[2022-06-17 22:54:00,978] {logging_mixin.py:109} INFO - [2022-06-17 22:54:00,978] {dag.py:2937} INFO - Setting next_dagrun for latest_only_with_trigger to 2022-06-17T16:54:00.978584+00:00
[2022-06-17 22:54:00,994] {processor.py:171} INFO - Processing /home/saba/.local/lib/python3.6/site-packages/airflow/example_dags/example_latest_only_with_trigger.py took 0.108 seconds
