[2022-06-17 22:07:06,909] {processor.py:163} INFO - Started process (PID=1632) to work on /home/saba/.local/lib/python3.6/site-packages/airflow/example_dags/example_task_group_decorator.py
[2022-06-17 22:07:06,914] {processor.py:642} INFO - Processing file /home/saba/.local/lib/python3.6/site-packages/airflow/example_dags/example_task_group_decorator.py for tasks to queue
[2022-06-17 22:07:06,917] {logging_mixin.py:109} INFO - [2022-06-17 22:07:06,917] {dagbag.py:500} INFO - Filling up the DagBag from /home/saba/.local/lib/python3.6/site-packages/airflow/example_dags/example_task_group_decorator.py
[2022-06-17 22:07:07,194] {processor.py:652} INFO - DAG(s) dict_keys(['example_task_group_decorator']) retrieved from /home/saba/.local/lib/python3.6/site-packages/airflow/example_dags/example_task_group_decorator.py
[2022-06-17 22:07:08,635] {logging_mixin.py:109} INFO - [2022-06-17 22:07:08,635] {dag.py:2398} INFO - Sync 1 DAGs
[2022-06-17 22:07:08,676] {logging_mixin.py:109} INFO - [2022-06-17 22:07:08,675] {dag.py:2937} INFO - Setting next_dagrun for example_task_group_decorator to 2022-06-16T20:07:08.675439+00:00
[2022-06-17 22:07:08,721] {processor.py:171} INFO - Processing /home/saba/.local/lib/python3.6/site-packages/airflow/example_dags/example_task_group_decorator.py took 1.845 seconds
[2022-06-17 22:08:03,445] {processor.py:163} INFO - Started process (PID=1872) to work on /home/saba/.local/lib/python3.6/site-packages/airflow/example_dags/example_task_group_decorator.py
[2022-06-17 22:08:03,449] {processor.py:642} INFO - Processing file /home/saba/.local/lib/python3.6/site-packages/airflow/example_dags/example_task_group_decorator.py for tasks to queue
[2022-06-17 22:08:03,450] {logging_mixin.py:109} INFO - [2022-06-17 22:08:03,450] {dagbag.py:500} INFO - Filling up the DagBag from /home/saba/.local/lib/python3.6/site-packages/airflow/example_dags/example_task_group_decorator.py
[2022-06-17 22:08:03,511] {processor.py:652} INFO - DAG(s) dict_keys(['example_task_group_decorator']) retrieved from /home/saba/.local/lib/python3.6/site-packages/airflow/example_dags/example_task_group_decorator.py
[2022-06-17 22:08:04,059] {logging_mixin.py:109} INFO - [2022-06-17 22:08:04,059] {dag.py:2398} INFO - Sync 1 DAGs
[2022-06-17 22:08:04,093] {logging_mixin.py:109} INFO - [2022-06-17 22:08:04,092] {dag.py:2937} INFO - Setting next_dagrun for example_task_group_decorator to 2022-06-16T20:08:04.092152+00:00
[2022-06-17 22:08:04,120] {processor.py:171} INFO - Processing /home/saba/.local/lib/python3.6/site-packages/airflow/example_dags/example_task_group_decorator.py took 0.680 seconds
[2022-06-17 22:08:49,177] {processor.py:163} INFO - Started process (PID=2096) to work on /home/saba/.local/lib/python3.6/site-packages/airflow/example_dags/example_task_group_decorator.py
[2022-06-17 22:08:49,185] {processor.py:642} INFO - Processing file /home/saba/.local/lib/python3.6/site-packages/airflow/example_dags/example_task_group_decorator.py for tasks to queue
[2022-06-17 22:08:49,188] {logging_mixin.py:109} INFO - [2022-06-17 22:08:49,188] {dagbag.py:500} INFO - Filling up the DagBag from /home/saba/.local/lib/python3.6/site-packages/airflow/example_dags/example_task_group_decorator.py
[2022-06-17 22:08:49,315] {processor.py:652} INFO - DAG(s) dict_keys(['example_task_group_decorator']) retrieved from /home/saba/.local/lib/python3.6/site-packages/airflow/example_dags/example_task_group_decorator.py
[2022-06-17 22:08:50,128] {logging_mixin.py:109} INFO - [2022-06-17 22:08:50,127] {dag.py:2398} INFO - Sync 1 DAGs
[2022-06-17 22:08:50,162] {logging_mixin.py:109} INFO - [2022-06-17 22:08:50,162] {dag.py:2937} INFO - Setting next_dagrun for example_task_group_decorator to 2022-06-16T20:08:50.162118+00:00
[2022-06-17 22:08:50,197] {processor.py:171} INFO - Processing /home/saba/.local/lib/python3.6/site-packages/airflow/example_dags/example_task_group_decorator.py took 1.029 seconds
[2022-06-17 22:09:50,858] {processor.py:163} INFO - Started process (PID=2390) to work on /home/saba/.local/lib/python3.6/site-packages/airflow/example_dags/example_task_group_decorator.py
[2022-06-17 22:09:50,863] {processor.py:642} INFO - Processing file /home/saba/.local/lib/python3.6/site-packages/airflow/example_dags/example_task_group_decorator.py for tasks to queue
[2022-06-17 22:09:50,865] {logging_mixin.py:109} INFO - [2022-06-17 22:09:50,865] {dagbag.py:500} INFO - Filling up the DagBag from /home/saba/.local/lib/python3.6/site-packages/airflow/example_dags/example_task_group_decorator.py
[2022-06-17 22:09:51,013] {processor.py:652} INFO - DAG(s) dict_keys(['example_task_group_decorator']) retrieved from /home/saba/.local/lib/python3.6/site-packages/airflow/example_dags/example_task_group_decorator.py
[2022-06-17 22:09:52,571] {logging_mixin.py:109} INFO - [2022-06-17 22:09:52,571] {dag.py:2398} INFO - Sync 1 DAGs
[2022-06-17 22:09:52,650] {logging_mixin.py:109} INFO - [2022-06-17 22:09:52,649] {dag.py:2937} INFO - Setting next_dagrun for example_task_group_decorator to 2022-06-16T20:09:52.648354+00:00
[2022-06-17 22:09:52,748] {processor.py:171} INFO - Processing /home/saba/.local/lib/python3.6/site-packages/airflow/example_dags/example_task_group_decorator.py took 1.898 seconds
[2022-06-17 22:18:04,848] {processor.py:163} INFO - Started process (PID=166) to work on /home/saba/.local/lib/python3.6/site-packages/airflow/example_dags/example_task_group_decorator.py
[2022-06-17 22:18:04,854] {processor.py:642} INFO - Processing file /home/saba/.local/lib/python3.6/site-packages/airflow/example_dags/example_task_group_decorator.py for tasks to queue
[2022-06-17 22:18:04,858] {logging_mixin.py:109} INFO - [2022-06-17 22:18:04,857] {dagbag.py:500} INFO - Filling up the DagBag from /home/saba/.local/lib/python3.6/site-packages/airflow/example_dags/example_task_group_decorator.py
[2022-06-17 22:18:05,016] {processor.py:652} INFO - DAG(s) dict_keys(['example_task_group_decorator']) retrieved from /home/saba/.local/lib/python3.6/site-packages/airflow/example_dags/example_task_group_decorator.py
[2022-06-17 22:18:05,046] {logging_mixin.py:109} INFO - [2022-06-17 22:18:05,045] {dag.py:2398} INFO - Sync 1 DAGs
[2022-06-17 22:18:05,116] {logging_mixin.py:109} INFO - [2022-06-17 22:18:05,116] {dag.py:2937} INFO - Setting next_dagrun for example_task_group_decorator to 2022-06-16T20:18:05.115000+00:00
[2022-06-17 22:18:05,170] {processor.py:171} INFO - Processing /home/saba/.local/lib/python3.6/site-packages/airflow/example_dags/example_task_group_decorator.py took 0.329 seconds
[2022-06-17 22:18:49,588] {processor.py:163} INFO - Started process (PID=231) to work on /home/saba/.local/lib/python3.6/site-packages/airflow/example_dags/example_task_group_decorator.py
[2022-06-17 22:18:49,593] {processor.py:642} INFO - Processing file /home/saba/.local/lib/python3.6/site-packages/airflow/example_dags/example_task_group_decorator.py for tasks to queue
[2022-06-17 22:18:49,595] {logging_mixin.py:109} INFO - [2022-06-17 22:18:49,595] {dagbag.py:500} INFO - Filling up the DagBag from /home/saba/.local/lib/python3.6/site-packages/airflow/example_dags/example_task_group_decorator.py
[2022-06-17 22:18:49,722] {processor.py:652} INFO - DAG(s) dict_keys(['example_task_group_decorator']) retrieved from /home/saba/.local/lib/python3.6/site-packages/airflow/example_dags/example_task_group_decorator.py
[2022-06-17 22:18:50,905] {logging_mixin.py:109} INFO - [2022-06-17 22:18:50,905] {dag.py:2398} INFO - Sync 1 DAGs
[2022-06-17 22:18:50,977] {logging_mixin.py:109} INFO - [2022-06-17 22:18:50,976] {dag.py:2937} INFO - Setting next_dagrun for example_task_group_decorator to 2022-06-16T20:18:50.975750+00:00
[2022-06-17 22:18:51,037] {processor.py:171} INFO - Processing /home/saba/.local/lib/python3.6/site-packages/airflow/example_dags/example_task_group_decorator.py took 1.456 seconds
[2022-06-17 22:19:42,510] {processor.py:163} INFO - Started process (PID=3486) to work on /home/saba/.local/lib/python3.6/site-packages/airflow/example_dags/example_task_group_decorator.py
[2022-06-17 22:19:42,514] {processor.py:642} INFO - Processing file /home/saba/.local/lib/python3.6/site-packages/airflow/example_dags/example_task_group_decorator.py for tasks to queue
[2022-06-17 22:19:42,516] {logging_mixin.py:109} INFO - [2022-06-17 22:19:42,516] {dagbag.py:500} INFO - Filling up the DagBag from /home/saba/.local/lib/python3.6/site-packages/airflow/example_dags/example_task_group_decorator.py
[2022-06-17 22:19:42,721] {processor.py:652} INFO - DAG(s) dict_keys(['example_task_group_decorator']) retrieved from /home/saba/.local/lib/python3.6/site-packages/airflow/example_dags/example_task_group_decorator.py
[2022-06-17 22:19:44,533] {logging_mixin.py:109} INFO - [2022-06-17 22:19:44,533] {dag.py:2398} INFO - Sync 1 DAGs
[2022-06-17 22:19:44,592] {logging_mixin.py:109} INFO - [2022-06-17 22:19:44,591] {dag.py:2937} INFO - Setting next_dagrun for example_task_group_decorator to 2022-06-16T20:19:44.590508+00:00
[2022-06-17 22:19:44,643] {processor.py:171} INFO - Processing /home/saba/.local/lib/python3.6/site-packages/airflow/example_dags/example_task_group_decorator.py took 2.151 seconds
[2022-06-17 22:20:24,186] {processor.py:163} INFO - Started process (PID=3548) to work on /home/saba/.local/lib/python3.6/site-packages/airflow/example_dags/example_task_group_decorator.py
[2022-06-17 22:20:24,188] {processor.py:642} INFO - Processing file /home/saba/.local/lib/python3.6/site-packages/airflow/example_dags/example_task_group_decorator.py for tasks to queue
[2022-06-17 22:20:24,189] {logging_mixin.py:109} INFO - [2022-06-17 22:20:24,189] {dagbag.py:500} INFO - Filling up the DagBag from /home/saba/.local/lib/python3.6/site-packages/airflow/example_dags/example_task_group_decorator.py
[2022-06-17 22:20:24,234] {processor.py:652} INFO - DAG(s) dict_keys(['example_task_group_decorator']) retrieved from /home/saba/.local/lib/python3.6/site-packages/airflow/example_dags/example_task_group_decorator.py
[2022-06-17 22:20:24,623] {logging_mixin.py:109} INFO - [2022-06-17 22:20:24,623] {dag.py:2398} INFO - Sync 1 DAGs
[2022-06-17 22:20:24,645] {logging_mixin.py:109} INFO - [2022-06-17 22:20:24,645] {dag.py:2937} INFO - Setting next_dagrun for example_task_group_decorator to 2022-06-16T20:20:24.644689+00:00
[2022-06-17 22:20:24,664] {processor.py:171} INFO - Processing /home/saba/.local/lib/python3.6/site-packages/airflow/example_dags/example_task_group_decorator.py took 0.482 seconds
[2022-06-17 22:21:01,364] {processor.py:163} INFO - Started process (PID=3600) to work on /home/saba/.local/lib/python3.6/site-packages/airflow/example_dags/example_task_group_decorator.py
[2022-06-17 22:21:01,365] {processor.py:642} INFO - Processing file /home/saba/.local/lib/python3.6/site-packages/airflow/example_dags/example_task_group_decorator.py for tasks to queue
[2022-06-17 22:21:01,366] {logging_mixin.py:109} INFO - [2022-06-17 22:21:01,366] {dagbag.py:500} INFO - Filling up the DagBag from /home/saba/.local/lib/python3.6/site-packages/airflow/example_dags/example_task_group_decorator.py
[2022-06-17 22:21:01,412] {processor.py:652} INFO - DAG(s) dict_keys(['example_task_group_decorator']) retrieved from /home/saba/.local/lib/python3.6/site-packages/airflow/example_dags/example_task_group_decorator.py
[2022-06-17 22:21:01,730] {logging_mixin.py:109} INFO - [2022-06-17 22:21:01,729] {dag.py:2398} INFO - Sync 1 DAGs
[2022-06-17 22:21:01,745] {logging_mixin.py:109} INFO - [2022-06-17 22:21:01,744] {dag.py:2937} INFO - Setting next_dagrun for example_task_group_decorator to 2022-06-16T20:21:01.744625+00:00
[2022-06-17 22:21:01,764] {processor.py:171} INFO - Processing /home/saba/.local/lib/python3.6/site-packages/airflow/example_dags/example_task_group_decorator.py took 0.403 seconds
[2022-06-17 22:21:38,420] {processor.py:163} INFO - Started process (PID=3662) to work on /home/saba/.local/lib/python3.6/site-packages/airflow/example_dags/example_task_group_decorator.py
[2022-06-17 22:21:38,423] {processor.py:642} INFO - Processing file /home/saba/.local/lib/python3.6/site-packages/airflow/example_dags/example_task_group_decorator.py for tasks to queue
[2022-06-17 22:21:38,425] {logging_mixin.py:109} INFO - [2022-06-17 22:21:38,425] {dagbag.py:500} INFO - Filling up the DagBag from /home/saba/.local/lib/python3.6/site-packages/airflow/example_dags/example_task_group_decorator.py
[2022-06-17 22:21:38,495] {processor.py:652} INFO - DAG(s) dict_keys(['example_task_group_decorator']) retrieved from /home/saba/.local/lib/python3.6/site-packages/airflow/example_dags/example_task_group_decorator.py
[2022-06-17 22:21:39,044] {logging_mixin.py:109} INFO - [2022-06-17 22:21:39,044] {dag.py:2398} INFO - Sync 1 DAGs
[2022-06-17 22:21:39,071] {logging_mixin.py:109} INFO - [2022-06-17 22:21:39,071] {dag.py:2937} INFO - Setting next_dagrun for example_task_group_decorator to 2022-06-16T20:21:39.071334+00:00
[2022-06-17 22:21:39,098] {processor.py:171} INFO - Processing /home/saba/.local/lib/python3.6/site-packages/airflow/example_dags/example_task_group_decorator.py took 0.683 seconds
[2022-06-17 22:22:12,109] {processor.py:163} INFO - Started process (PID=3720) to work on /home/saba/.local/lib/python3.6/site-packages/airflow/example_dags/example_task_group_decorator.py
[2022-06-17 22:22:12,110] {processor.py:642} INFO - Processing file /home/saba/.local/lib/python3.6/site-packages/airflow/example_dags/example_task_group_decorator.py for tasks to queue
[2022-06-17 22:22:12,111] {logging_mixin.py:109} INFO - [2022-06-17 22:22:12,111] {dagbag.py:500} INFO - Filling up the DagBag from /home/saba/.local/lib/python3.6/site-packages/airflow/example_dags/example_task_group_decorator.py
[2022-06-17 22:22:12,148] {processor.py:652} INFO - DAG(s) dict_keys(['example_task_group_decorator']) retrieved from /home/saba/.local/lib/python3.6/site-packages/airflow/example_dags/example_task_group_decorator.py
[2022-06-17 22:22:12,575] {logging_mixin.py:109} INFO - [2022-06-17 22:22:12,574] {dag.py:2398} INFO - Sync 1 DAGs
[2022-06-17 22:22:12,594] {logging_mixin.py:109} INFO - [2022-06-17 22:22:12,594] {dag.py:2937} INFO - Setting next_dagrun for example_task_group_decorator to 2022-06-16T20:22:12.594140+00:00
[2022-06-17 22:22:12,616] {processor.py:171} INFO - Processing /home/saba/.local/lib/python3.6/site-packages/airflow/example_dags/example_task_group_decorator.py took 0.510 seconds
[2022-06-17 22:22:49,803] {processor.py:163} INFO - Started process (PID=3771) to work on /home/saba/.local/lib/python3.6/site-packages/airflow/example_dags/example_task_group_decorator.py
[2022-06-17 22:22:49,805] {processor.py:642} INFO - Processing file /home/saba/.local/lib/python3.6/site-packages/airflow/example_dags/example_task_group_decorator.py for tasks to queue
[2022-06-17 22:22:49,806] {logging_mixin.py:109} INFO - [2022-06-17 22:22:49,805] {dagbag.py:500} INFO - Filling up the DagBag from /home/saba/.local/lib/python3.6/site-packages/airflow/example_dags/example_task_group_decorator.py
[2022-06-17 22:22:49,844] {processor.py:652} INFO - DAG(s) dict_keys(['example_task_group_decorator']) retrieved from /home/saba/.local/lib/python3.6/site-packages/airflow/example_dags/example_task_group_decorator.py
[2022-06-17 22:22:50,173] {logging_mixin.py:109} INFO - [2022-06-17 22:22:50,173] {dag.py:2398} INFO - Sync 1 DAGs
[2022-06-17 22:22:50,187] {logging_mixin.py:109} INFO - [2022-06-17 22:22:50,187] {dag.py:2937} INFO - Setting next_dagrun for example_task_group_decorator to 2022-06-16T20:22:50.186983+00:00
[2022-06-17 22:22:50,206] {processor.py:171} INFO - Processing /home/saba/.local/lib/python3.6/site-packages/airflow/example_dags/example_task_group_decorator.py took 0.406 seconds
[2022-06-17 22:23:25,525] {processor.py:163} INFO - Started process (PID=3824) to work on /home/saba/.local/lib/python3.6/site-packages/airflow/example_dags/example_task_group_decorator.py
[2022-06-17 22:23:25,528] {processor.py:642} INFO - Processing file /home/saba/.local/lib/python3.6/site-packages/airflow/example_dags/example_task_group_decorator.py for tasks to queue
[2022-06-17 22:23:25,528] {logging_mixin.py:109} INFO - [2022-06-17 22:23:25,528] {dagbag.py:500} INFO - Filling up the DagBag from /home/saba/.local/lib/python3.6/site-packages/airflow/example_dags/example_task_group_decorator.py
[2022-06-17 22:23:25,575] {processor.py:652} INFO - DAG(s) dict_keys(['example_task_group_decorator']) retrieved from /home/saba/.local/lib/python3.6/site-packages/airflow/example_dags/example_task_group_decorator.py
[2022-06-17 22:23:25,998] {logging_mixin.py:109} INFO - [2022-06-17 22:23:25,998] {dag.py:2398} INFO - Sync 1 DAGs
[2022-06-17 22:23:26,017] {logging_mixin.py:109} INFO - [2022-06-17 22:23:26,017] {dag.py:2937} INFO - Setting next_dagrun for example_task_group_decorator to 2022-06-16T20:23:26.017086+00:00
[2022-06-17 22:23:26,041] {processor.py:171} INFO - Processing /home/saba/.local/lib/python3.6/site-packages/airflow/example_dags/example_task_group_decorator.py took 0.519 seconds
[2022-06-17 22:24:03,393] {processor.py:163} INFO - Started process (PID=3935) to work on /home/saba/.local/lib/python3.6/site-packages/airflow/example_dags/example_task_group_decorator.py
[2022-06-17 22:24:03,398] {processor.py:642} INFO - Processing file /home/saba/.local/lib/python3.6/site-packages/airflow/example_dags/example_task_group_decorator.py for tasks to queue
[2022-06-17 22:24:03,400] {logging_mixin.py:109} INFO - [2022-06-17 22:24:03,400] {dagbag.py:500} INFO - Filling up the DagBag from /home/saba/.local/lib/python3.6/site-packages/airflow/example_dags/example_task_group_decorator.py
[2022-06-17 22:24:03,513] {processor.py:652} INFO - DAG(s) dict_keys(['example_task_group_decorator']) retrieved from /home/saba/.local/lib/python3.6/site-packages/airflow/example_dags/example_task_group_decorator.py
[2022-06-17 22:24:04,289] {logging_mixin.py:109} INFO - [2022-06-17 22:24:04,288] {dag.py:2398} INFO - Sync 1 DAGs
[2022-06-17 22:24:04,332] {logging_mixin.py:109} INFO - [2022-06-17 22:24:04,332] {dag.py:2937} INFO - Setting next_dagrun for example_task_group_decorator to 2022-06-16T20:24:04.331350+00:00
[2022-06-17 22:24:04,372] {processor.py:171} INFO - Processing /home/saba/.local/lib/python3.6/site-packages/airflow/example_dags/example_task_group_decorator.py took 0.991 seconds
[2022-06-17 22:24:38,307] {processor.py:163} INFO - Started process (PID=3988) to work on /home/saba/.local/lib/python3.6/site-packages/airflow/example_dags/example_task_group_decorator.py
[2022-06-17 22:24:38,309] {processor.py:642} INFO - Processing file /home/saba/.local/lib/python3.6/site-packages/airflow/example_dags/example_task_group_decorator.py for tasks to queue
[2022-06-17 22:24:38,310] {logging_mixin.py:109} INFO - [2022-06-17 22:24:38,310] {dagbag.py:500} INFO - Filling up the DagBag from /home/saba/.local/lib/python3.6/site-packages/airflow/example_dags/example_task_group_decorator.py
[2022-06-17 22:24:38,363] {processor.py:652} INFO - DAG(s) dict_keys(['example_task_group_decorator']) retrieved from /home/saba/.local/lib/python3.6/site-packages/airflow/example_dags/example_task_group_decorator.py
[2022-06-17 22:24:38,885] {logging_mixin.py:109} INFO - [2022-06-17 22:24:38,885] {dag.py:2398} INFO - Sync 1 DAGs
[2022-06-17 22:24:38,907] {logging_mixin.py:109} INFO - [2022-06-17 22:24:38,907] {dag.py:2937} INFO - Setting next_dagrun for example_task_group_decorator to 2022-06-16T20:24:38.906891+00:00
[2022-06-17 22:24:38,930] {processor.py:171} INFO - Processing /home/saba/.local/lib/python3.6/site-packages/airflow/example_dags/example_task_group_decorator.py took 0.627 seconds
[2022-06-17 22:25:20,753] {processor.py:163} INFO - Started process (PID=4042) to work on /home/saba/.local/lib/python3.6/site-packages/airflow/example_dags/example_task_group_decorator.py
[2022-06-17 22:25:20,760] {processor.py:642} INFO - Processing file /home/saba/.local/lib/python3.6/site-packages/airflow/example_dags/example_task_group_decorator.py for tasks to queue
[2022-06-17 22:25:20,765] {logging_mixin.py:109} INFO - [2022-06-17 22:25:20,764] {dagbag.py:500} INFO - Filling up the DagBag from /home/saba/.local/lib/python3.6/site-packages/airflow/example_dags/example_task_group_decorator.py
[2022-06-17 22:25:20,977] {processor.py:652} INFO - DAG(s) dict_keys(['example_task_group_decorator']) retrieved from /home/saba/.local/lib/python3.6/site-packages/airflow/example_dags/example_task_group_decorator.py
[2022-06-17 22:25:23,284] {logging_mixin.py:109} INFO - [2022-06-17 22:25:23,281] {dag.py:2398} INFO - Sync 1 DAGs
[2022-06-17 22:25:23,429] {logging_mixin.py:109} INFO - [2022-06-17 22:25:23,428] {dag.py:2937} INFO - Setting next_dagrun for example_task_group_decorator to 2022-06-16T20:25:23.427384+00:00
[2022-06-17 22:25:23,529] {processor.py:171} INFO - Processing /home/saba/.local/lib/python3.6/site-packages/airflow/example_dags/example_task_group_decorator.py took 2.789 seconds
[2022-06-17 22:26:17,444] {processor.py:163} INFO - Started process (PID=4403) to work on /home/saba/.local/lib/python3.6/site-packages/airflow/example_dags/example_task_group_decorator.py
[2022-06-17 22:26:17,447] {processor.py:642} INFO - Processing file /home/saba/.local/lib/python3.6/site-packages/airflow/example_dags/example_task_group_decorator.py for tasks to queue
[2022-06-17 22:26:17,448] {logging_mixin.py:109} INFO - [2022-06-17 22:26:17,448] {dagbag.py:500} INFO - Filling up the DagBag from /home/saba/.local/lib/python3.6/site-packages/airflow/example_dags/example_task_group_decorator.py
[2022-06-17 22:26:17,583] {processor.py:652} INFO - DAG(s) dict_keys(['example_task_group_decorator']) retrieved from /home/saba/.local/lib/python3.6/site-packages/airflow/example_dags/example_task_group_decorator.py
[2022-06-17 22:26:18,514] {logging_mixin.py:109} INFO - [2022-06-17 22:26:18,513] {dag.py:2398} INFO - Sync 1 DAGs
[2022-06-17 22:26:18,565] {logging_mixin.py:109} INFO - [2022-06-17 22:26:18,565] {dag.py:2937} INFO - Setting next_dagrun for example_task_group_decorator to 2022-06-16T20:26:18.564428+00:00
[2022-06-17 22:26:18,618] {processor.py:171} INFO - Processing /home/saba/.local/lib/python3.6/site-packages/airflow/example_dags/example_task_group_decorator.py took 1.182 seconds
[2022-06-17 22:27:10,988] {processor.py:163} INFO - Started process (PID=4475) to work on /home/saba/.local/lib/python3.6/site-packages/airflow/example_dags/example_task_group_decorator.py
[2022-06-17 22:27:10,992] {processor.py:642} INFO - Processing file /home/saba/.local/lib/python3.6/site-packages/airflow/example_dags/example_task_group_decorator.py for tasks to queue
[2022-06-17 22:27:10,995] {logging_mixin.py:109} INFO - [2022-06-17 22:27:10,994] {dagbag.py:500} INFO - Filling up the DagBag from /home/saba/.local/lib/python3.6/site-packages/airflow/example_dags/example_task_group_decorator.py
[2022-06-17 22:27:11,291] {processor.py:652} INFO - DAG(s) dict_keys(['example_task_group_decorator']) retrieved from /home/saba/.local/lib/python3.6/site-packages/airflow/example_dags/example_task_group_decorator.py
[2022-06-17 22:27:13,336] {logging_mixin.py:109} INFO - [2022-06-17 22:27:13,336] {dag.py:2398} INFO - Sync 1 DAGs
[2022-06-17 22:27:13,444] {logging_mixin.py:109} INFO - [2022-06-17 22:27:13,444] {dag.py:2937} INFO - Setting next_dagrun for example_task_group_decorator to 2022-06-16T20:27:13.443544+00:00
[2022-06-17 22:27:13,526] {processor.py:171} INFO - Processing /home/saba/.local/lib/python3.6/site-packages/airflow/example_dags/example_task_group_decorator.py took 2.548 seconds
[2022-06-17 22:28:13,497] {processor.py:163} INFO - Started process (PID=4557) to work on /home/saba/.local/lib/python3.6/site-packages/airflow/example_dags/example_task_group_decorator.py
[2022-06-17 22:28:13,511] {processor.py:642} INFO - Processing file /home/saba/.local/lib/python3.6/site-packages/airflow/example_dags/example_task_group_decorator.py for tasks to queue
[2022-06-17 22:28:13,514] {logging_mixin.py:109} INFO - [2022-06-17 22:28:13,513] {dagbag.py:500} INFO - Filling up the DagBag from /home/saba/.local/lib/python3.6/site-packages/airflow/example_dags/example_task_group_decorator.py
[2022-06-17 22:28:13,907] {processor.py:652} INFO - DAG(s) dict_keys(['example_task_group_decorator']) retrieved from /home/saba/.local/lib/python3.6/site-packages/airflow/example_dags/example_task_group_decorator.py
[2022-06-17 22:28:16,307] {logging_mixin.py:109} INFO - [2022-06-17 22:28:16,306] {dag.py:2398} INFO - Sync 1 DAGs
[2022-06-17 22:28:16,382] {logging_mixin.py:109} INFO - [2022-06-17 22:28:16,382] {dag.py:2937} INFO - Setting next_dagrun for example_task_group_decorator to 2022-06-16T20:28:16.380768+00:00
[2022-06-17 22:28:16,439] {processor.py:171} INFO - Processing /home/saba/.local/lib/python3.6/site-packages/airflow/example_dags/example_task_group_decorator.py took 2.973 seconds
[2022-06-17 22:29:14,586] {processor.py:163} INFO - Started process (PID=4617) to work on /home/saba/.local/lib/python3.6/site-packages/airflow/example_dags/example_task_group_decorator.py
[2022-06-17 22:29:14,598] {processor.py:642} INFO - Processing file /home/saba/.local/lib/python3.6/site-packages/airflow/example_dags/example_task_group_decorator.py for tasks to queue
[2022-06-17 22:29:14,601] {logging_mixin.py:109} INFO - [2022-06-17 22:29:14,601] {dagbag.py:500} INFO - Filling up the DagBag from /home/saba/.local/lib/python3.6/site-packages/airflow/example_dags/example_task_group_decorator.py
[2022-06-17 22:29:14,794] {processor.py:652} INFO - DAG(s) dict_keys(['example_task_group_decorator']) retrieved from /home/saba/.local/lib/python3.6/site-packages/airflow/example_dags/example_task_group_decorator.py
[2022-06-17 22:29:16,549] {logging_mixin.py:109} INFO - [2022-06-17 22:29:16,549] {dag.py:2398} INFO - Sync 1 DAGs
[2022-06-17 22:29:16,616] {logging_mixin.py:109} INFO - [2022-06-17 22:29:16,615] {dag.py:2937} INFO - Setting next_dagrun for example_task_group_decorator to 2022-06-16T20:29:16.613906+00:00
[2022-06-17 22:29:16,718] {processor.py:171} INFO - Processing /home/saba/.local/lib/python3.6/site-packages/airflow/example_dags/example_task_group_decorator.py took 2.141 seconds
[2022-06-17 22:30:16,402] {processor.py:163} INFO - Started process (PID=4963) to work on /home/saba/.local/lib/python3.6/site-packages/airflow/example_dags/example_task_group_decorator.py
[2022-06-17 22:30:16,407] {processor.py:642} INFO - Processing file /home/saba/.local/lib/python3.6/site-packages/airflow/example_dags/example_task_group_decorator.py for tasks to queue
[2022-06-17 22:30:16,409] {logging_mixin.py:109} INFO - [2022-06-17 22:30:16,408] {dagbag.py:500} INFO - Filling up the DagBag from /home/saba/.local/lib/python3.6/site-packages/airflow/example_dags/example_task_group_decorator.py
[2022-06-17 22:30:16,531] {processor.py:652} INFO - DAG(s) dict_keys(['example_task_group_decorator']) retrieved from /home/saba/.local/lib/python3.6/site-packages/airflow/example_dags/example_task_group_decorator.py
[2022-06-17 22:30:17,755] {logging_mixin.py:109} INFO - [2022-06-17 22:30:17,754] {dag.py:2398} INFO - Sync 1 DAGs
[2022-06-17 22:30:17,792] {logging_mixin.py:109} INFO - [2022-06-17 22:30:17,792] {dag.py:2937} INFO - Setting next_dagrun for example_task_group_decorator to 2022-06-16T20:30:17.792109+00:00
[2022-06-17 22:30:17,833] {processor.py:171} INFO - Processing /home/saba/.local/lib/python3.6/site-packages/airflow/example_dags/example_task_group_decorator.py took 1.439 seconds
[2022-06-17 22:31:01,380] {processor.py:163} INFO - Started process (PID=5005) to work on /home/saba/.local/lib/python3.6/site-packages/airflow/example_dags/example_task_group_decorator.py
[2022-06-17 22:31:01,383] {processor.py:642} INFO - Processing file /home/saba/.local/lib/python3.6/site-packages/airflow/example_dags/example_task_group_decorator.py for tasks to queue
[2022-06-17 22:31:01,384] {logging_mixin.py:109} INFO - [2022-06-17 22:31:01,384] {dagbag.py:500} INFO - Filling up the DagBag from /home/saba/.local/lib/python3.6/site-packages/airflow/example_dags/example_task_group_decorator.py
[2022-06-17 22:31:01,444] {processor.py:652} INFO - DAG(s) dict_keys(['example_task_group_decorator']) retrieved from /home/saba/.local/lib/python3.6/site-packages/airflow/example_dags/example_task_group_decorator.py
[2022-06-17 22:31:01,936] {logging_mixin.py:109} INFO - [2022-06-17 22:31:01,936] {dag.py:2398} INFO - Sync 1 DAGs
[2022-06-17 22:31:01,969] {logging_mixin.py:109} INFO - [2022-06-17 22:31:01,968] {dag.py:2937} INFO - Setting next_dagrun for example_task_group_decorator to 2022-06-16T20:31:01.968395+00:00
[2022-06-17 22:31:02,000] {processor.py:171} INFO - Processing /home/saba/.local/lib/python3.6/site-packages/airflow/example_dags/example_task_group_decorator.py took 0.624 seconds
[2022-06-17 22:31:46,599] {processor.py:163} INFO - Started process (PID=5093) to work on /home/saba/.local/lib/python3.6/site-packages/airflow/example_dags/example_task_group_decorator.py
[2022-06-17 22:31:46,604] {processor.py:642} INFO - Processing file /home/saba/.local/lib/python3.6/site-packages/airflow/example_dags/example_task_group_decorator.py for tasks to queue
[2022-06-17 22:31:46,606] {logging_mixin.py:109} INFO - [2022-06-17 22:31:46,605] {dagbag.py:500} INFO - Filling up the DagBag from /home/saba/.local/lib/python3.6/site-packages/airflow/example_dags/example_task_group_decorator.py
[2022-06-17 22:31:46,820] {processor.py:652} INFO - DAG(s) dict_keys(['example_task_group_decorator']) retrieved from /home/saba/.local/lib/python3.6/site-packages/airflow/example_dags/example_task_group_decorator.py
[2022-06-17 22:31:48,243] {logging_mixin.py:109} INFO - [2022-06-17 22:31:48,242] {dag.py:2398} INFO - Sync 1 DAGs
[2022-06-17 22:31:48,282] {logging_mixin.py:109} INFO - [2022-06-17 22:31:48,282] {dag.py:2937} INFO - Setting next_dagrun for example_task_group_decorator to 2022-06-16T20:31:48.281291+00:00
[2022-06-17 22:31:48,334] {processor.py:171} INFO - Processing /home/saba/.local/lib/python3.6/site-packages/airflow/example_dags/example_task_group_decorator.py took 1.753 seconds
[2022-06-17 22:32:34,737] {processor.py:163} INFO - Started process (PID=5135) to work on /home/saba/.local/lib/python3.6/site-packages/airflow/example_dags/example_task_group_decorator.py
[2022-06-17 22:32:34,742] {processor.py:642} INFO - Processing file /home/saba/.local/lib/python3.6/site-packages/airflow/example_dags/example_task_group_decorator.py for tasks to queue
[2022-06-17 22:32:34,745] {logging_mixin.py:109} INFO - [2022-06-17 22:32:34,744] {dagbag.py:500} INFO - Filling up the DagBag from /home/saba/.local/lib/python3.6/site-packages/airflow/example_dags/example_task_group_decorator.py
[2022-06-17 22:32:34,924] {processor.py:652} INFO - DAG(s) dict_keys(['example_task_group_decorator']) retrieved from /home/saba/.local/lib/python3.6/site-packages/airflow/example_dags/example_task_group_decorator.py
[2022-06-17 22:32:36,053] {logging_mixin.py:109} INFO - [2022-06-17 22:32:36,053] {dag.py:2398} INFO - Sync 1 DAGs
[2022-06-17 22:32:36,104] {logging_mixin.py:109} INFO - [2022-06-17 22:32:36,103] {dag.py:2937} INFO - Setting next_dagrun for example_task_group_decorator to 2022-06-16T20:32:36.102024+00:00
[2022-06-17 22:32:36,145] {processor.py:171} INFO - Processing /home/saba/.local/lib/python3.6/site-packages/airflow/example_dags/example_task_group_decorator.py took 1.420 seconds
[2022-06-17 22:33:18,313] {processor.py:163} INFO - Started process (PID=5402) to work on /home/saba/.local/lib/python3.6/site-packages/airflow/example_dags/example_task_group_decorator.py
[2022-06-17 22:33:18,326] {processor.py:642} INFO - Processing file /home/saba/.local/lib/python3.6/site-packages/airflow/example_dags/example_task_group_decorator.py for tasks to queue
[2022-06-17 22:33:18,329] {logging_mixin.py:109} INFO - [2022-06-17 22:33:18,328] {dagbag.py:500} INFO - Filling up the DagBag from /home/saba/.local/lib/python3.6/site-packages/airflow/example_dags/example_task_group_decorator.py
[2022-06-17 22:33:18,607] {processor.py:652} INFO - DAG(s) dict_keys(['example_task_group_decorator']) retrieved from /home/saba/.local/lib/python3.6/site-packages/airflow/example_dags/example_task_group_decorator.py
[2022-06-17 22:33:20,490] {logging_mixin.py:109} INFO - [2022-06-17 22:33:20,490] {dag.py:2398} INFO - Sync 1 DAGs
[2022-06-17 22:33:20,558] {logging_mixin.py:109} INFO - [2022-06-17 22:33:20,557] {dag.py:2937} INFO - Setting next_dagrun for example_task_group_decorator to 2022-06-16T20:33:20.556469+00:00
[2022-06-17 22:33:20,651] {processor.py:171} INFO - Processing /home/saba/.local/lib/python3.6/site-packages/airflow/example_dags/example_task_group_decorator.py took 2.355 seconds
[2022-06-17 22:34:05,079] {processor.py:163} INFO - Started process (PID=5667) to work on /home/saba/.local/lib/python3.6/site-packages/airflow/example_dags/example_task_group_decorator.py
[2022-06-17 22:34:05,080] {processor.py:642} INFO - Processing file /home/saba/.local/lib/python3.6/site-packages/airflow/example_dags/example_task_group_decorator.py for tasks to queue
[2022-06-17 22:34:05,081] {logging_mixin.py:109} INFO - [2022-06-17 22:34:05,081] {dagbag.py:500} INFO - Filling up the DagBag from /home/saba/.local/lib/python3.6/site-packages/airflow/example_dags/example_task_group_decorator.py
[2022-06-17 22:34:05,114] {processor.py:652} INFO - DAG(s) dict_keys(['example_task_group_decorator']) retrieved from /home/saba/.local/lib/python3.6/site-packages/airflow/example_dags/example_task_group_decorator.py
[2022-06-17 22:34:05,391] {logging_mixin.py:109} INFO - [2022-06-17 22:34:05,390] {dag.py:2398} INFO - Sync 1 DAGs
[2022-06-17 22:34:05,404] {logging_mixin.py:109} INFO - [2022-06-17 22:34:05,403] {dag.py:2937} INFO - Setting next_dagrun for example_task_group_decorator to 2022-06-16T20:34:05.403656+00:00
[2022-06-17 22:34:05,421] {processor.py:171} INFO - Processing /home/saba/.local/lib/python3.6/site-packages/airflow/example_dags/example_task_group_decorator.py took 0.345 seconds
[2022-06-17 22:34:52,454] {processor.py:163} INFO - Started process (PID=5720) to work on /home/saba/.local/lib/python3.6/site-packages/airflow/example_dags/example_task_group_decorator.py
[2022-06-17 22:34:52,461] {processor.py:642} INFO - Processing file /home/saba/.local/lib/python3.6/site-packages/airflow/example_dags/example_task_group_decorator.py for tasks to queue
[2022-06-17 22:34:52,464] {logging_mixin.py:109} INFO - [2022-06-17 22:34:52,463] {dagbag.py:500} INFO - Filling up the DagBag from /home/saba/.local/lib/python3.6/site-packages/airflow/example_dags/example_task_group_decorator.py
[2022-06-17 22:34:52,665] {processor.py:652} INFO - DAG(s) dict_keys(['example_task_group_decorator']) retrieved from /home/saba/.local/lib/python3.6/site-packages/airflow/example_dags/example_task_group_decorator.py
[2022-06-17 22:34:53,364] {logging_mixin.py:109} INFO - [2022-06-17 22:34:53,364] {dag.py:2398} INFO - Sync 1 DAGs
[2022-06-17 22:34:53,395] {logging_mixin.py:109} INFO - [2022-06-17 22:34:53,394] {dag.py:2937} INFO - Setting next_dagrun for example_task_group_decorator to 2022-06-16T20:34:53.394254+00:00
[2022-06-17 22:34:53,430] {processor.py:171} INFO - Processing /home/saba/.local/lib/python3.6/site-packages/airflow/example_dags/example_task_group_decorator.py took 0.983 seconds
[2022-06-17 22:35:37,278] {processor.py:163} INFO - Started process (PID=5773) to work on /home/saba/.local/lib/python3.6/site-packages/airflow/example_dags/example_task_group_decorator.py
[2022-06-17 22:35:37,281] {processor.py:642} INFO - Processing file /home/saba/.local/lib/python3.6/site-packages/airflow/example_dags/example_task_group_decorator.py for tasks to queue
[2022-06-17 22:35:37,282] {logging_mixin.py:109} INFO - [2022-06-17 22:35:37,282] {dagbag.py:500} INFO - Filling up the DagBag from /home/saba/.local/lib/python3.6/site-packages/airflow/example_dags/example_task_group_decorator.py
[2022-06-17 22:35:37,338] {processor.py:652} INFO - DAG(s) dict_keys(['example_task_group_decorator']) retrieved from /home/saba/.local/lib/python3.6/site-packages/airflow/example_dags/example_task_group_decorator.py
[2022-06-17 22:35:37,725] {logging_mixin.py:109} INFO - [2022-06-17 22:35:37,725] {dag.py:2398} INFO - Sync 1 DAGs
[2022-06-17 22:35:37,741] {logging_mixin.py:109} INFO - [2022-06-17 22:35:37,740] {dag.py:2937} INFO - Setting next_dagrun for example_task_group_decorator to 2022-06-16T20:35:37.740564+00:00
[2022-06-17 22:35:37,759] {processor.py:171} INFO - Processing /home/saba/.local/lib/python3.6/site-packages/airflow/example_dags/example_task_group_decorator.py took 0.485 seconds
[2022-06-17 22:36:16,575] {processor.py:163} INFO - Started process (PID=5830) to work on /home/saba/.local/lib/python3.6/site-packages/airflow/example_dags/example_task_group_decorator.py
[2022-06-17 22:36:16,577] {processor.py:642} INFO - Processing file /home/saba/.local/lib/python3.6/site-packages/airflow/example_dags/example_task_group_decorator.py for tasks to queue
[2022-06-17 22:36:16,578] {logging_mixin.py:109} INFO - [2022-06-17 22:36:16,577] {dagbag.py:500} INFO - Filling up the DagBag from /home/saba/.local/lib/python3.6/site-packages/airflow/example_dags/example_task_group_decorator.py
[2022-06-17 22:36:16,620] {processor.py:652} INFO - DAG(s) dict_keys(['example_task_group_decorator']) retrieved from /home/saba/.local/lib/python3.6/site-packages/airflow/example_dags/example_task_group_decorator.py
[2022-06-17 22:36:16,956] {logging_mixin.py:109} INFO - [2022-06-17 22:36:16,956] {dag.py:2398} INFO - Sync 1 DAGs
[2022-06-17 22:36:16,971] {logging_mixin.py:109} INFO - [2022-06-17 22:36:16,970] {dag.py:2937} INFO - Setting next_dagrun for example_task_group_decorator to 2022-06-16T20:36:16.970585+00:00
[2022-06-17 22:36:16,997] {processor.py:171} INFO - Processing /home/saba/.local/lib/python3.6/site-packages/airflow/example_dags/example_task_group_decorator.py took 0.426 seconds
[2022-06-17 22:36:57,685] {processor.py:163} INFO - Started process (PID=5883) to work on /home/saba/.local/lib/python3.6/site-packages/airflow/example_dags/example_task_group_decorator.py
[2022-06-17 22:36:57,699] {processor.py:642} INFO - Processing file /home/saba/.local/lib/python3.6/site-packages/airflow/example_dags/example_task_group_decorator.py for tasks to queue
[2022-06-17 22:36:57,701] {logging_mixin.py:109} INFO - [2022-06-17 22:36:57,701] {dagbag.py:500} INFO - Filling up the DagBag from /home/saba/.local/lib/python3.6/site-packages/airflow/example_dags/example_task_group_decorator.py
[2022-06-17 22:36:57,834] {processor.py:652} INFO - DAG(s) dict_keys(['example_task_group_decorator']) retrieved from /home/saba/.local/lib/python3.6/site-packages/airflow/example_dags/example_task_group_decorator.py
[2022-06-17 22:36:58,827] {logging_mixin.py:109} INFO - [2022-06-17 22:36:58,827] {dag.py:2398} INFO - Sync 1 DAGs
[2022-06-17 22:36:58,871] {logging_mixin.py:109} INFO - [2022-06-17 22:36:58,871] {dag.py:2937} INFO - Setting next_dagrun for example_task_group_decorator to 2022-06-16T20:36:58.870451+00:00
[2022-06-17 22:36:58,907] {processor.py:171} INFO - Processing /home/saba/.local/lib/python3.6/site-packages/airflow/example_dags/example_task_group_decorator.py took 1.239 seconds
[2022-06-17 22:37:48,006] {processor.py:163} INFO - Started process (PID=5937) to work on /home/saba/.local/lib/python3.6/site-packages/airflow/example_dags/example_task_group_decorator.py
[2022-06-17 22:37:48,011] {processor.py:642} INFO - Processing file /home/saba/.local/lib/python3.6/site-packages/airflow/example_dags/example_task_group_decorator.py for tasks to queue
[2022-06-17 22:37:48,013] {logging_mixin.py:109} INFO - [2022-06-17 22:37:48,012] {dagbag.py:500} INFO - Filling up the DagBag from /home/saba/.local/lib/python3.6/site-packages/airflow/example_dags/example_task_group_decorator.py
[2022-06-17 22:37:48,125] {processor.py:652} INFO - DAG(s) dict_keys(['example_task_group_decorator']) retrieved from /home/saba/.local/lib/python3.6/site-packages/airflow/example_dags/example_task_group_decorator.py
[2022-06-17 22:37:48,870] {logging_mixin.py:109} INFO - [2022-06-17 22:37:48,869] {dag.py:2398} INFO - Sync 1 DAGs
[2022-06-17 22:37:48,931] {logging_mixin.py:109} INFO - [2022-06-17 22:37:48,931] {dag.py:2937} INFO - Setting next_dagrun for example_task_group_decorator to 2022-06-16T20:37:48.929444+00:00
[2022-06-17 22:37:49,000] {processor.py:171} INFO - Processing /home/saba/.local/lib/python3.6/site-packages/airflow/example_dags/example_task_group_decorator.py took 1.002 seconds
[2022-06-17 22:38:32,103] {processor.py:163} INFO - Started process (PID=5991) to work on /home/saba/.local/lib/python3.6/site-packages/airflow/example_dags/example_task_group_decorator.py
[2022-06-17 22:38:32,105] {processor.py:642} INFO - Processing file /home/saba/.local/lib/python3.6/site-packages/airflow/example_dags/example_task_group_decorator.py for tasks to queue
[2022-06-17 22:38:32,106] {logging_mixin.py:109} INFO - [2022-06-17 22:38:32,106] {dagbag.py:500} INFO - Filling up the DagBag from /home/saba/.local/lib/python3.6/site-packages/airflow/example_dags/example_task_group_decorator.py
[2022-06-17 22:38:32,174] {processor.py:652} INFO - DAG(s) dict_keys(['example_task_group_decorator']) retrieved from /home/saba/.local/lib/python3.6/site-packages/airflow/example_dags/example_task_group_decorator.py
[2022-06-17 22:38:32,739] {logging_mixin.py:109} INFO - [2022-06-17 22:38:32,739] {dag.py:2398} INFO - Sync 1 DAGs
[2022-06-17 22:38:32,764] {logging_mixin.py:109} INFO - [2022-06-17 22:38:32,764] {dag.py:2937} INFO - Setting next_dagrun for example_task_group_decorator to 2022-06-16T20:38:32.763651+00:00
[2022-06-17 22:38:32,793] {processor.py:171} INFO - Processing /home/saba/.local/lib/python3.6/site-packages/airflow/example_dags/example_task_group_decorator.py took 0.695 seconds
[2022-06-17 22:39:14,311] {processor.py:163} INFO - Started process (PID=6233) to work on /home/saba/.local/lib/python3.6/site-packages/airflow/example_dags/example_task_group_decorator.py
[2022-06-17 22:39:14,314] {processor.py:642} INFO - Processing file /home/saba/.local/lib/python3.6/site-packages/airflow/example_dags/example_task_group_decorator.py for tasks to queue
[2022-06-17 22:39:14,315] {logging_mixin.py:109} INFO - [2022-06-17 22:39:14,315] {dagbag.py:500} INFO - Filling up the DagBag from /home/saba/.local/lib/python3.6/site-packages/airflow/example_dags/example_task_group_decorator.py
[2022-06-17 22:39:14,371] {processor.py:652} INFO - DAG(s) dict_keys(['example_task_group_decorator']) retrieved from /home/saba/.local/lib/python3.6/site-packages/airflow/example_dags/example_task_group_decorator.py
[2022-06-17 22:39:14,959] {logging_mixin.py:109} INFO - [2022-06-17 22:39:14,959] {dag.py:2398} INFO - Sync 1 DAGs
[2022-06-17 22:39:14,980] {logging_mixin.py:109} INFO - [2022-06-17 22:39:14,980] {dag.py:2937} INFO - Setting next_dagrun for example_task_group_decorator to 2022-06-16T20:39:14.980099+00:00
[2022-06-17 22:39:15,008] {processor.py:171} INFO - Processing /home/saba/.local/lib/python3.6/site-packages/airflow/example_dags/example_task_group_decorator.py took 0.701 seconds
[2022-06-17 22:40:07,620] {processor.py:163} INFO - Started process (PID=6809) to work on /home/saba/.local/lib/python3.6/site-packages/airflow/example_dags/example_task_group_decorator.py
[2022-06-17 22:40:07,623] {processor.py:642} INFO - Processing file /home/saba/.local/lib/python3.6/site-packages/airflow/example_dags/example_task_group_decorator.py for tasks to queue
[2022-06-17 22:40:07,625] {logging_mixin.py:109} INFO - [2022-06-17 22:40:07,625] {dagbag.py:500} INFO - Filling up the DagBag from /home/saba/.local/lib/python3.6/site-packages/airflow/example_dags/example_task_group_decorator.py
[2022-06-17 22:40:07,694] {processor.py:652} INFO - DAG(s) dict_keys(['example_task_group_decorator']) retrieved from /home/saba/.local/lib/python3.6/site-packages/airflow/example_dags/example_task_group_decorator.py
[2022-06-17 22:40:08,221] {logging_mixin.py:109} INFO - [2022-06-17 22:40:08,221] {dag.py:2398} INFO - Sync 1 DAGs
[2022-06-17 22:40:08,258] {logging_mixin.py:109} INFO - [2022-06-17 22:40:08,258] {dag.py:2937} INFO - Setting next_dagrun for example_task_group_decorator to 2022-06-16T20:40:08.257742+00:00
[2022-06-17 22:40:08,286] {processor.py:171} INFO - Processing /home/saba/.local/lib/python3.6/site-packages/airflow/example_dags/example_task_group_decorator.py took 0.670 seconds
[2022-06-17 22:40:51,100] {processor.py:163} INFO - Started process (PID=6895) to work on /home/saba/.local/lib/python3.6/site-packages/airflow/example_dags/example_task_group_decorator.py
[2022-06-17 22:40:51,101] {processor.py:642} INFO - Processing file /home/saba/.local/lib/python3.6/site-packages/airflow/example_dags/example_task_group_decorator.py for tasks to queue
[2022-06-17 22:40:51,102] {logging_mixin.py:109} INFO - [2022-06-17 22:40:51,102] {dagbag.py:500} INFO - Filling up the DagBag from /home/saba/.local/lib/python3.6/site-packages/airflow/example_dags/example_task_group_decorator.py
[2022-06-17 22:40:51,150] {processor.py:652} INFO - DAG(s) dict_keys(['example_task_group_decorator']) retrieved from /home/saba/.local/lib/python3.6/site-packages/airflow/example_dags/example_task_group_decorator.py
[2022-06-17 22:40:51,520] {logging_mixin.py:109} INFO - [2022-06-17 22:40:51,520] {dag.py:2398} INFO - Sync 1 DAGs
[2022-06-17 22:40:51,536] {logging_mixin.py:109} INFO - [2022-06-17 22:40:51,536] {dag.py:2937} INFO - Setting next_dagrun for example_task_group_decorator to 2022-06-16T20:40:51.536135+00:00
[2022-06-17 22:40:51,567] {processor.py:171} INFO - Processing /home/saba/.local/lib/python3.6/site-packages/airflow/example_dags/example_task_group_decorator.py took 0.472 seconds
[2022-06-17 22:41:31,194] {processor.py:163} INFO - Started process (PID=6963) to work on /home/saba/.local/lib/python3.6/site-packages/airflow/example_dags/example_task_group_decorator.py
[2022-06-17 22:41:31,196] {processor.py:642} INFO - Processing file /home/saba/.local/lib/python3.6/site-packages/airflow/example_dags/example_task_group_decorator.py for tasks to queue
[2022-06-17 22:41:31,197] {logging_mixin.py:109} INFO - [2022-06-17 22:41:31,197] {dagbag.py:500} INFO - Filling up the DagBag from /home/saba/.local/lib/python3.6/site-packages/airflow/example_dags/example_task_group_decorator.py
[2022-06-17 22:41:31,272] {processor.py:652} INFO - DAG(s) dict_keys(['example_task_group_decorator']) retrieved from /home/saba/.local/lib/python3.6/site-packages/airflow/example_dags/example_task_group_decorator.py
[2022-06-17 22:41:31,793] {logging_mixin.py:109} INFO - [2022-06-17 22:41:31,793] {dag.py:2398} INFO - Sync 1 DAGs
[2022-06-17 22:41:31,822] {logging_mixin.py:109} INFO - [2022-06-17 22:41:31,822] {dag.py:2937} INFO - Setting next_dagrun for example_task_group_decorator to 2022-06-16T20:41:31.821422+00:00
[2022-06-17 22:41:31,861] {processor.py:171} INFO - Processing /home/saba/.local/lib/python3.6/site-packages/airflow/example_dags/example_task_group_decorator.py took 0.671 seconds
[2022-06-17 22:42:09,987] {processor.py:163} INFO - Started process (PID=7575) to work on /home/saba/.local/lib/python3.6/site-packages/airflow/example_dags/example_task_group_decorator.py
[2022-06-17 22:42:09,993] {processor.py:642} INFO - Processing file /home/saba/.local/lib/python3.6/site-packages/airflow/example_dags/example_task_group_decorator.py for tasks to queue
[2022-06-17 22:42:09,996] {logging_mixin.py:109} INFO - [2022-06-17 22:42:09,995] {dagbag.py:500} INFO - Filling up the DagBag from /home/saba/.local/lib/python3.6/site-packages/airflow/example_dags/example_task_group_decorator.py
[2022-06-17 22:42:10,103] {processor.py:652} INFO - DAG(s) dict_keys(['example_task_group_decorator']) retrieved from /home/saba/.local/lib/python3.6/site-packages/airflow/example_dags/example_task_group_decorator.py
[2022-06-17 22:42:10,892] {logging_mixin.py:109} INFO - [2022-06-17 22:42:10,891] {dag.py:2398} INFO - Sync 1 DAGs
[2022-06-17 22:42:10,924] {logging_mixin.py:109} INFO - [2022-06-17 22:42:10,923] {dag.py:2937} INFO - Setting next_dagrun for example_task_group_decorator to 2022-06-16T20:42:10.923297+00:00
[2022-06-17 22:42:10,956] {processor.py:171} INFO - Processing /home/saba/.local/lib/python3.6/site-packages/airflow/example_dags/example_task_group_decorator.py took 0.978 seconds
[2022-06-17 22:42:59,880] {processor.py:163} INFO - Started process (PID=7918) to work on /home/saba/.local/lib/python3.6/site-packages/airflow/example_dags/example_task_group_decorator.py
[2022-06-17 22:42:59,882] {processor.py:642} INFO - Processing file /home/saba/.local/lib/python3.6/site-packages/airflow/example_dags/example_task_group_decorator.py for tasks to queue
[2022-06-17 22:42:59,882] {logging_mixin.py:109} INFO - [2022-06-17 22:42:59,882] {dagbag.py:500} INFO - Filling up the DagBag from /home/saba/.local/lib/python3.6/site-packages/airflow/example_dags/example_task_group_decorator.py
[2022-06-17 22:42:59,919] {processor.py:652} INFO - DAG(s) dict_keys(['example_task_group_decorator']) retrieved from /home/saba/.local/lib/python3.6/site-packages/airflow/example_dags/example_task_group_decorator.py
[2022-06-17 22:43:00,259] {logging_mixin.py:109} INFO - [2022-06-17 22:43:00,259] {dag.py:2398} INFO - Sync 1 DAGs
[2022-06-17 22:43:00,276] {logging_mixin.py:109} INFO - [2022-06-17 22:43:00,276] {dag.py:2937} INFO - Setting next_dagrun for example_task_group_decorator to 2022-06-16T20:43:00.276243+00:00
[2022-06-17 22:43:00,300] {processor.py:171} INFO - Processing /home/saba/.local/lib/python3.6/site-packages/airflow/example_dags/example_task_group_decorator.py took 0.423 seconds
[2022-06-17 22:43:44,975] {processor.py:163} INFO - Started process (PID=8279) to work on /home/saba/.local/lib/python3.6/site-packages/airflow/example_dags/example_task_group_decorator.py
[2022-06-17 22:43:44,978] {processor.py:642} INFO - Processing file /home/saba/.local/lib/python3.6/site-packages/airflow/example_dags/example_task_group_decorator.py for tasks to queue
[2022-06-17 22:43:44,980] {logging_mixin.py:109} INFO - [2022-06-17 22:43:44,980] {dagbag.py:500} INFO - Filling up the DagBag from /home/saba/.local/lib/python3.6/site-packages/airflow/example_dags/example_task_group_decorator.py
[2022-06-17 22:43:45,091] {processor.py:652} INFO - DAG(s) dict_keys(['example_task_group_decorator']) retrieved from /home/saba/.local/lib/python3.6/site-packages/airflow/example_dags/example_task_group_decorator.py
[2022-06-17 22:43:45,953] {logging_mixin.py:109} INFO - [2022-06-17 22:43:45,952] {dag.py:2398} INFO - Sync 1 DAGs
[2022-06-17 22:43:45,994] {logging_mixin.py:109} INFO - [2022-06-17 22:43:45,993] {dag.py:2937} INFO - Setting next_dagrun for example_task_group_decorator to 2022-06-16T20:43:45.992748+00:00
[2022-06-17 22:43:46,034] {processor.py:171} INFO - Processing /home/saba/.local/lib/python3.6/site-packages/airflow/example_dags/example_task_group_decorator.py took 1.066 seconds
[2022-06-17 22:44:58,348] {processor.py:163} INFO - Started process (PID=8540) to work on /home/saba/.local/lib/python3.6/site-packages/airflow/example_dags/example_task_group_decorator.py
[2022-06-17 22:44:58,349] {processor.py:642} INFO - Processing file /home/saba/.local/lib/python3.6/site-packages/airflow/example_dags/example_task_group_decorator.py for tasks to queue
[2022-06-17 22:44:58,350] {logging_mixin.py:109} INFO - [2022-06-17 22:44:58,350] {dagbag.py:500} INFO - Filling up the DagBag from /home/saba/.local/lib/python3.6/site-packages/airflow/example_dags/example_task_group_decorator.py
[2022-06-17 22:44:58,387] {processor.py:652} INFO - DAG(s) dict_keys(['example_task_group_decorator']) retrieved from /home/saba/.local/lib/python3.6/site-packages/airflow/example_dags/example_task_group_decorator.py
[2022-06-17 22:44:58,728] {logging_mixin.py:109} INFO - [2022-06-17 22:44:58,728] {dag.py:2398} INFO - Sync 1 DAGs
[2022-06-17 22:44:58,744] {logging_mixin.py:109} INFO - [2022-06-17 22:44:58,744] {dag.py:2937} INFO - Setting next_dagrun for example_task_group_decorator to 2022-06-16T20:44:58.744147+00:00
[2022-06-17 22:44:58,767] {processor.py:171} INFO - Processing /home/saba/.local/lib/python3.6/site-packages/airflow/example_dags/example_task_group_decorator.py took 0.422 seconds
[2022-06-17 22:45:45,352] {processor.py:163} INFO - Started process (PID=8896) to work on /home/saba/.local/lib/python3.6/site-packages/airflow/example_dags/example_task_group_decorator.py
[2022-06-17 22:45:45,355] {processor.py:642} INFO - Processing file /home/saba/.local/lib/python3.6/site-packages/airflow/example_dags/example_task_group_decorator.py for tasks to queue
[2022-06-17 22:45:45,356] {logging_mixin.py:109} INFO - [2022-06-17 22:45:45,356] {dagbag.py:500} INFO - Filling up the DagBag from /home/saba/.local/lib/python3.6/site-packages/airflow/example_dags/example_task_group_decorator.py
[2022-06-17 22:45:45,423] {processor.py:652} INFO - DAG(s) dict_keys(['example_task_group_decorator']) retrieved from /home/saba/.local/lib/python3.6/site-packages/airflow/example_dags/example_task_group_decorator.py
[2022-06-17 22:45:45,895] {logging_mixin.py:109} INFO - [2022-06-17 22:45:45,895] {dag.py:2398} INFO - Sync 1 DAGs
[2022-06-17 22:45:45,914] {logging_mixin.py:109} INFO - [2022-06-17 22:45:45,914] {dag.py:2937} INFO - Setting next_dagrun for example_task_group_decorator to 2022-06-16T20:45:45.914352+00:00
[2022-06-17 22:45:45,937] {processor.py:171} INFO - Processing /home/saba/.local/lib/python3.6/site-packages/airflow/example_dags/example_task_group_decorator.py took 0.590 seconds
[2022-06-17 22:48:07,968] {processor.py:163} INFO - Started process (PID=10399) to work on /home/saba/.local/lib/python3.6/site-packages/airflow/example_dags/example_task_group_decorator.py
[2022-06-17 22:48:07,970] {processor.py:642} INFO - Processing file /home/saba/.local/lib/python3.6/site-packages/airflow/example_dags/example_task_group_decorator.py for tasks to queue
[2022-06-17 22:48:07,971] {logging_mixin.py:109} INFO - [2022-06-17 22:48:07,970] {dagbag.py:500} INFO - Filling up the DagBag from /home/saba/.local/lib/python3.6/site-packages/airflow/example_dags/example_task_group_decorator.py
[2022-06-17 22:48:08,012] {processor.py:652} INFO - DAG(s) dict_keys(['example_task_group_decorator']) retrieved from /home/saba/.local/lib/python3.6/site-packages/airflow/example_dags/example_task_group_decorator.py
[2022-06-17 22:48:08,376] {logging_mixin.py:109} INFO - [2022-06-17 22:48:08,375] {dag.py:2398} INFO - Sync 1 DAGs
[2022-06-17 22:48:08,391] {logging_mixin.py:109} INFO - [2022-06-17 22:48:08,391] {dag.py:2937} INFO - Setting next_dagrun for example_task_group_decorator to 2022-06-16T20:48:08.391364+00:00
[2022-06-17 22:48:08,415] {processor.py:171} INFO - Processing /home/saba/.local/lib/python3.6/site-packages/airflow/example_dags/example_task_group_decorator.py took 0.452 seconds
[2022-06-17 22:48:53,745] {processor.py:163} INFO - Started process (PID=10606) to work on /home/saba/.local/lib/python3.6/site-packages/airflow/example_dags/example_task_group_decorator.py
[2022-06-17 22:48:53,747] {processor.py:642} INFO - Processing file /home/saba/.local/lib/python3.6/site-packages/airflow/example_dags/example_task_group_decorator.py for tasks to queue
[2022-06-17 22:48:53,748] {logging_mixin.py:109} INFO - [2022-06-17 22:48:53,748] {dagbag.py:500} INFO - Filling up the DagBag from /home/saba/.local/lib/python3.6/site-packages/airflow/example_dags/example_task_group_decorator.py
[2022-06-17 22:48:53,820] {processor.py:652} INFO - DAG(s) dict_keys(['example_task_group_decorator']) retrieved from /home/saba/.local/lib/python3.6/site-packages/airflow/example_dags/example_task_group_decorator.py
[2022-06-17 22:48:54,350] {logging_mixin.py:109} INFO - [2022-06-17 22:48:54,350] {dag.py:2398} INFO - Sync 1 DAGs
[2022-06-17 22:48:54,371] {logging_mixin.py:109} INFO - [2022-06-17 22:48:54,371] {dag.py:2937} INFO - Setting next_dagrun for example_task_group_decorator to 2022-06-16T20:48:54.370594+00:00
[2022-06-17 22:48:54,399] {processor.py:171} INFO - Processing /home/saba/.local/lib/python3.6/site-packages/airflow/example_dags/example_task_group_decorator.py took 0.659 seconds
[2022-06-17 22:50:10,958] {processor.py:163} INFO - Started process (PID=11161) to work on /home/saba/.local/lib/python3.6/site-packages/airflow/example_dags/example_task_group_decorator.py
[2022-06-17 22:50:10,969] {processor.py:642} INFO - Processing file /home/saba/.local/lib/python3.6/site-packages/airflow/example_dags/example_task_group_decorator.py for tasks to queue
[2022-06-17 22:50:10,969] {logging_mixin.py:109} INFO - [2022-06-17 22:50:10,969] {dagbag.py:500} INFO - Filling up the DagBag from /home/saba/.local/lib/python3.6/site-packages/airflow/example_dags/example_task_group_decorator.py
[2022-06-17 22:50:11,050] {processor.py:652} INFO - DAG(s) dict_keys(['example_task_group_decorator']) retrieved from /home/saba/.local/lib/python3.6/site-packages/airflow/example_dags/example_task_group_decorator.py
[2022-06-17 22:50:11,215] {logging_mixin.py:109} INFO - [2022-06-17 22:50:11,215] {dag.py:2398} INFO - Sync 1 DAGs
[2022-06-17 22:50:11,224] {logging_mixin.py:109} INFO - [2022-06-17 22:50:11,224] {dag.py:2937} INFO - Setting next_dagrun for example_task_group_decorator to 2022-06-16T20:50:11.224572+00:00
[2022-06-17 22:50:11,251] {processor.py:171} INFO - Processing /home/saba/.local/lib/python3.6/site-packages/airflow/example_dags/example_task_group_decorator.py took 0.296 seconds
[2022-06-17 22:50:53,289] {processor.py:163} INFO - Started process (PID=11359) to work on /home/saba/.local/lib/python3.6/site-packages/airflow/example_dags/example_task_group_decorator.py
[2022-06-17 22:50:53,291] {processor.py:642} INFO - Processing file /home/saba/.local/lib/python3.6/site-packages/airflow/example_dags/example_task_group_decorator.py for tasks to queue
[2022-06-17 22:50:53,292] {logging_mixin.py:109} INFO - [2022-06-17 22:50:53,292] {dagbag.py:500} INFO - Filling up the DagBag from /home/saba/.local/lib/python3.6/site-packages/airflow/example_dags/example_task_group_decorator.py
[2022-06-17 22:50:53,413] {processor.py:652} INFO - DAG(s) dict_keys(['example_task_group_decorator']) retrieved from /home/saba/.local/lib/python3.6/site-packages/airflow/example_dags/example_task_group_decorator.py
[2022-06-17 22:50:53,726] {logging_mixin.py:109} INFO - [2022-06-17 22:50:53,725] {dag.py:2398} INFO - Sync 1 DAGs
[2022-06-17 22:50:53,743] {logging_mixin.py:109} INFO - [2022-06-17 22:50:53,742] {dag.py:2937} INFO - Setting next_dagrun for example_task_group_decorator to 2022-06-16T20:50:53.742562+00:00
[2022-06-17 22:50:53,767] {processor.py:171} INFO - Processing /home/saba/.local/lib/python3.6/site-packages/airflow/example_dags/example_task_group_decorator.py took 0.481 seconds
[2022-06-17 22:51:51,733] {processor.py:163} INFO - Started process (PID=11569) to work on /home/saba/.local/lib/python3.6/site-packages/airflow/example_dags/example_task_group_decorator.py
[2022-06-17 22:51:51,735] {processor.py:642} INFO - Processing file /home/saba/.local/lib/python3.6/site-packages/airflow/example_dags/example_task_group_decorator.py for tasks to queue
[2022-06-17 22:51:51,736] {logging_mixin.py:109} INFO - [2022-06-17 22:51:51,736] {dagbag.py:500} INFO - Filling up the DagBag from /home/saba/.local/lib/python3.6/site-packages/airflow/example_dags/example_task_group_decorator.py
[2022-06-17 22:51:51,893] {processor.py:652} INFO - DAG(s) dict_keys(['example_task_group_decorator']) retrieved from /home/saba/.local/lib/python3.6/site-packages/airflow/example_dags/example_task_group_decorator.py
[2022-06-17 22:51:52,375] {logging_mixin.py:109} INFO - [2022-06-17 22:51:52,375] {dag.py:2398} INFO - Sync 1 DAGs
[2022-06-17 22:51:52,406] {logging_mixin.py:109} INFO - [2022-06-17 22:51:52,405] {dag.py:2937} INFO - Setting next_dagrun for example_task_group_decorator to 2022-06-16T20:51:52.405265+00:00
[2022-06-17 22:51:52,443] {processor.py:171} INFO - Processing /home/saba/.local/lib/python3.6/site-packages/airflow/example_dags/example_task_group_decorator.py took 0.715 seconds
[2022-06-17 22:52:37,162] {processor.py:163} INFO - Started process (PID=11770) to work on /home/saba/.local/lib/python3.6/site-packages/airflow/example_dags/example_task_group_decorator.py
[2022-06-17 22:52:37,164] {processor.py:642} INFO - Processing file /home/saba/.local/lib/python3.6/site-packages/airflow/example_dags/example_task_group_decorator.py for tasks to queue
[2022-06-17 22:52:37,164] {logging_mixin.py:109} INFO - [2022-06-17 22:52:37,164] {dagbag.py:500} INFO - Filling up the DagBag from /home/saba/.local/lib/python3.6/site-packages/airflow/example_dags/example_task_group_decorator.py
[2022-06-17 22:52:37,294] {processor.py:652} INFO - DAG(s) dict_keys(['example_task_group_decorator']) retrieved from /home/saba/.local/lib/python3.6/site-packages/airflow/example_dags/example_task_group_decorator.py
[2022-06-17 22:52:37,494] {logging_mixin.py:109} INFO - [2022-06-17 22:52:37,494] {dag.py:2398} INFO - Sync 1 DAGs
[2022-06-17 22:52:37,503] {logging_mixin.py:109} INFO - [2022-06-17 22:52:37,502] {dag.py:2937} INFO - Setting next_dagrun for example_task_group_decorator to 2022-06-16T20:52:37.502719+00:00
[2022-06-17 22:52:37,522] {processor.py:171} INFO - Processing /home/saba/.local/lib/python3.6/site-packages/airflow/example_dags/example_task_group_decorator.py took 0.364 seconds
[2022-06-17 22:53:40,174] {processor.py:163} INFO - Started process (PID=12509) to work on /home/saba/.local/lib/python3.6/site-packages/airflow/example_dags/example_task_group_decorator.py
[2022-06-17 22:53:40,175] {processor.py:642} INFO - Processing file /home/saba/.local/lib/python3.6/site-packages/airflow/example_dags/example_task_group_decorator.py for tasks to queue
[2022-06-17 22:53:40,176] {logging_mixin.py:109} INFO - [2022-06-17 22:53:40,176] {dagbag.py:500} INFO - Filling up the DagBag from /home/saba/.local/lib/python3.6/site-packages/airflow/example_dags/example_task_group_decorator.py
[2022-06-17 22:53:40,271] {processor.py:652} INFO - DAG(s) dict_keys(['example_task_group_decorator']) retrieved from /home/saba/.local/lib/python3.6/site-packages/airflow/example_dags/example_task_group_decorator.py
[2022-06-17 22:53:40,461] {logging_mixin.py:109} INFO - [2022-06-17 22:53:40,461] {dag.py:2398} INFO - Sync 1 DAGs
[2022-06-17 22:53:40,473] {logging_mixin.py:109} INFO - [2022-06-17 22:53:40,473] {dag.py:2937} INFO - Setting next_dagrun for example_task_group_decorator to 2022-06-16T20:53:40.472895+00:00
[2022-06-17 22:53:40,494] {processor.py:171} INFO - Processing /home/saba/.local/lib/python3.6/site-packages/airflow/example_dags/example_task_group_decorator.py took 0.324 seconds
[2022-06-17 22:54:22,805] {processor.py:163} INFO - Started process (PID=12717) to work on /home/saba/.local/lib/python3.6/site-packages/airflow/example_dags/example_task_group_decorator.py
[2022-06-17 22:54:22,817] {processor.py:642} INFO - Processing file /home/saba/.local/lib/python3.6/site-packages/airflow/example_dags/example_task_group_decorator.py for tasks to queue
[2022-06-17 22:54:22,818] {logging_mixin.py:109} INFO - [2022-06-17 22:54:22,818] {dagbag.py:500} INFO - Filling up the DagBag from /home/saba/.local/lib/python3.6/site-packages/airflow/example_dags/example_task_group_decorator.py
[2022-06-17 22:54:22,907] {processor.py:652} INFO - DAG(s) dict_keys(['example_task_group_decorator']) retrieved from /home/saba/.local/lib/python3.6/site-packages/airflow/example_dags/example_task_group_decorator.py
[2022-06-17 22:54:23,055] {logging_mixin.py:109} INFO - [2022-06-17 22:54:23,055] {dag.py:2398} INFO - Sync 1 DAGs
[2022-06-17 22:54:23,064] {logging_mixin.py:109} INFO - [2022-06-17 22:54:23,064] {dag.py:2937} INFO - Setting next_dagrun for example_task_group_decorator to 2022-06-16T20:54:23.064160+00:00
[2022-06-17 22:54:23,081] {processor.py:171} INFO - Processing /home/saba/.local/lib/python3.6/site-packages/airflow/example_dags/example_task_group_decorator.py took 0.278 seconds
[2022-06-17 22:55:02,912] {processor.py:163} INFO - Started process (PID=12935) to work on /home/saba/.local/lib/python3.6/site-packages/airflow/example_dags/example_task_group_decorator.py
[2022-06-17 22:55:02,914] {processor.py:642} INFO - Processing file /home/saba/.local/lib/python3.6/site-packages/airflow/example_dags/example_task_group_decorator.py for tasks to queue
[2022-06-17 22:55:02,915] {logging_mixin.py:109} INFO - [2022-06-17 22:55:02,915] {dagbag.py:500} INFO - Filling up the DagBag from /home/saba/.local/lib/python3.6/site-packages/airflow/example_dags/example_task_group_decorator.py
[2022-06-17 22:55:02,952] {processor.py:652} INFO - DAG(s) dict_keys(['example_task_group_decorator']) retrieved from /home/saba/.local/lib/python3.6/site-packages/airflow/example_dags/example_task_group_decorator.py
[2022-06-17 22:55:03,179] {logging_mixin.py:109} INFO - [2022-06-17 22:55:03,179] {dag.py:2398} INFO - Sync 1 DAGs
[2022-06-17 22:55:03,193] {logging_mixin.py:109} INFO - [2022-06-17 22:55:03,193] {dag.py:2937} INFO - Setting next_dagrun for example_task_group_decorator to 2022-06-16T20:55:03.193325+00:00
[2022-06-17 22:55:03,214] {processor.py:171} INFO - Processing /home/saba/.local/lib/python3.6/site-packages/airflow/example_dags/example_task_group_decorator.py took 0.306 seconds
