[2022-06-17 22:07:37,590] {processor.py:163} INFO - Started process (PID=1761) to work on /home/saba/.local/lib/python3.6/site-packages/airflow/example_dags/example_branch_python_dop_operator_3.py
[2022-06-17 22:07:37,592] {processor.py:642} INFO - Processing file /home/saba/.local/lib/python3.6/site-packages/airflow/example_dags/example_branch_python_dop_operator_3.py for tasks to queue
[2022-06-17 22:07:37,593] {logging_mixin.py:109} INFO - [2022-06-17 22:07:37,593] {dagbag.py:500} INFO - Filling up the DagBag from /home/saba/.local/lib/python3.6/site-packages/airflow/example_dags/example_branch_python_dop_operator_3.py
[2022-06-17 22:07:37,656] {processor.py:652} INFO - DAG(s) dict_keys(['example_branch_dop_operator_v3']) retrieved from /home/saba/.local/lib/python3.6/site-packages/airflow/example_dags/example_branch_python_dop_operator_3.py
[2022-06-17 22:07:37,693] {logging_mixin.py:109} INFO - [2022-06-17 22:07:37,693] {dag.py:2398} INFO - Sync 1 DAGs
[2022-06-17 22:07:37,750] {logging_mixin.py:109} INFO - [2022-06-17 22:07:37,750] {dag.py:2937} INFO - Setting next_dagrun for example_branch_dop_operator_v3 to 2022-06-17T20:06:00+00:00
[2022-06-17 22:07:37,785] {processor.py:171} INFO - Processing /home/saba/.local/lib/python3.6/site-packages/airflow/example_dags/example_branch_python_dop_operator_3.py took 0.202 seconds
[2022-06-17 22:10:26,330] {processor.py:163} INFO - Started process (PID=2491) to work on /home/saba/.local/lib/python3.6/site-packages/airflow/example_dags/example_branch_python_dop_operator_3.py
[2022-06-17 22:10:26,336] {processor.py:642} INFO - Processing file /home/saba/.local/lib/python3.6/site-packages/airflow/example_dags/example_branch_python_dop_operator_3.py for tasks to queue
[2022-06-17 22:10:26,347] {logging_mixin.py:109} INFO - [2022-06-17 22:10:26,346] {dagbag.py:500} INFO - Filling up the DagBag from /home/saba/.local/lib/python3.6/site-packages/airflow/example_dags/example_branch_python_dop_operator_3.py
[2022-06-17 22:10:26,456] {processor.py:652} INFO - DAG(s) dict_keys(['example_branch_dop_operator_v3']) retrieved from /home/saba/.local/lib/python3.6/site-packages/airflow/example_dags/example_branch_python_dop_operator_3.py
[2022-06-17 22:10:26,543] {logging_mixin.py:109} INFO - [2022-06-17 22:10:26,543] {dag.py:2398} INFO - Sync 1 DAGs
[2022-06-17 22:10:26,775] {logging_mixin.py:109} INFO - [2022-06-17 22:10:26,774] {dag.py:2937} INFO - Setting next_dagrun for example_branch_dop_operator_v3 to 2022-06-17T20:09:00+00:00
[2022-06-17 22:10:26,919] {processor.py:171} INFO - Processing /home/saba/.local/lib/python3.6/site-packages/airflow/example_dags/example_branch_python_dop_operator_3.py took 0.609 seconds
[2022-06-17 22:18:28,798] {processor.py:163} INFO - Started process (PID=186) to work on /home/saba/.local/lib/python3.6/site-packages/airflow/example_dags/example_branch_python_dop_operator_3.py
[2022-06-17 22:18:28,800] {processor.py:642} INFO - Processing file /home/saba/.local/lib/python3.6/site-packages/airflow/example_dags/example_branch_python_dop_operator_3.py for tasks to queue
[2022-06-17 22:18:28,802] {logging_mixin.py:109} INFO - [2022-06-17 22:18:28,801] {dagbag.py:500} INFO - Filling up the DagBag from /home/saba/.local/lib/python3.6/site-packages/airflow/example_dags/example_branch_python_dop_operator_3.py
[2022-06-17 22:18:28,834] {processor.py:652} INFO - DAG(s) dict_keys(['example_branch_dop_operator_v3']) retrieved from /home/saba/.local/lib/python3.6/site-packages/airflow/example_dags/example_branch_python_dop_operator_3.py
[2022-06-17 22:18:28,860] {logging_mixin.py:109} INFO - [2022-06-17 22:18:28,860] {dag.py:2398} INFO - Sync 1 DAGs
[2022-06-17 22:18:28,896] {logging_mixin.py:109} INFO - [2022-06-17 22:18:28,896] {dag.py:2937} INFO - Setting next_dagrun for example_branch_dop_operator_v3 to 2022-06-17T20:17:00+00:00
[2022-06-17 22:18:28,915] {processor.py:171} INFO - Processing /home/saba/.local/lib/python3.6/site-packages/airflow/example_dags/example_branch_python_dop_operator_3.py took 0.121 seconds
[2022-06-17 22:20:06,058] {processor.py:163} INFO - Started process (PID=3512) to work on /home/saba/.local/lib/python3.6/site-packages/airflow/example_dags/example_branch_python_dop_operator_3.py
[2022-06-17 22:20:06,060] {processor.py:642} INFO - Processing file /home/saba/.local/lib/python3.6/site-packages/airflow/example_dags/example_branch_python_dop_operator_3.py for tasks to queue
[2022-06-17 22:20:06,061] {logging_mixin.py:109} INFO - [2022-06-17 22:20:06,061] {dagbag.py:500} INFO - Filling up the DagBag from /home/saba/.local/lib/python3.6/site-packages/airflow/example_dags/example_branch_python_dop_operator_3.py
[2022-06-17 22:20:06,089] {processor.py:652} INFO - DAG(s) dict_keys(['example_branch_dop_operator_v3']) retrieved from /home/saba/.local/lib/python3.6/site-packages/airflow/example_dags/example_branch_python_dop_operator_3.py
[2022-06-17 22:20:06,109] {logging_mixin.py:109} INFO - [2022-06-17 22:20:06,109] {dag.py:2398} INFO - Sync 1 DAGs
[2022-06-17 22:20:06,137] {logging_mixin.py:109} INFO - [2022-06-17 22:20:06,137] {dag.py:2937} INFO - Setting next_dagrun for example_branch_dop_operator_v3 to 2022-06-17T20:19:00+00:00
[2022-06-17 22:20:06,158] {processor.py:171} INFO - Processing /home/saba/.local/lib/python3.6/site-packages/airflow/example_dags/example_branch_python_dop_operator_3.py took 0.104 seconds
[2022-06-17 22:21:19,601] {processor.py:163} INFO - Started process (PID=3616) to work on /home/saba/.local/lib/python3.6/site-packages/airflow/example_dags/example_branch_python_dop_operator_3.py
[2022-06-17 22:21:19,603] {processor.py:642} INFO - Processing file /home/saba/.local/lib/python3.6/site-packages/airflow/example_dags/example_branch_python_dop_operator_3.py for tasks to queue
[2022-06-17 22:21:19,604] {logging_mixin.py:109} INFO - [2022-06-17 22:21:19,604] {dagbag.py:500} INFO - Filling up the DagBag from /home/saba/.local/lib/python3.6/site-packages/airflow/example_dags/example_branch_python_dop_operator_3.py
[2022-06-17 22:21:19,626] {processor.py:652} INFO - DAG(s) dict_keys(['example_branch_dop_operator_v3']) retrieved from /home/saba/.local/lib/python3.6/site-packages/airflow/example_dags/example_branch_python_dop_operator_3.py
[2022-06-17 22:21:19,645] {logging_mixin.py:109} INFO - [2022-06-17 22:21:19,644] {dag.py:2398} INFO - Sync 1 DAGs
[2022-06-17 22:21:19,671] {logging_mixin.py:109} INFO - [2022-06-17 22:21:19,671] {dag.py:2937} INFO - Setting next_dagrun for example_branch_dop_operator_v3 to 2022-06-17T20:20:00+00:00
[2022-06-17 22:21:19,689] {processor.py:171} INFO - Processing /home/saba/.local/lib/python3.6/site-packages/airflow/example_dags/example_branch_python_dop_operator_3.py took 0.091 seconds
[2022-06-17 22:22:31,021] {processor.py:163} INFO - Started process (PID=3735) to work on /home/saba/.local/lib/python3.6/site-packages/airflow/example_dags/example_branch_python_dop_operator_3.py
[2022-06-17 22:22:31,024] {processor.py:642} INFO - Processing file /home/saba/.local/lib/python3.6/site-packages/airflow/example_dags/example_branch_python_dop_operator_3.py for tasks to queue
[2022-06-17 22:22:31,026] {logging_mixin.py:109} INFO - [2022-06-17 22:22:31,026] {dagbag.py:500} INFO - Filling up the DagBag from /home/saba/.local/lib/python3.6/site-packages/airflow/example_dags/example_branch_python_dop_operator_3.py
[2022-06-17 22:22:31,090] {processor.py:652} INFO - DAG(s) dict_keys(['example_branch_dop_operator_v3']) retrieved from /home/saba/.local/lib/python3.6/site-packages/airflow/example_dags/example_branch_python_dop_operator_3.py
[2022-06-17 22:22:31,132] {logging_mixin.py:109} INFO - [2022-06-17 22:22:31,131] {dag.py:2398} INFO - Sync 1 DAGs
[2022-06-17 22:22:31,187] {logging_mixin.py:109} INFO - [2022-06-17 22:22:31,187] {dag.py:2937} INFO - Setting next_dagrun for example_branch_dop_operator_v3 to 2022-06-17T20:21:00+00:00
[2022-06-17 22:22:31,214] {processor.py:171} INFO - Processing /home/saba/.local/lib/python3.6/site-packages/airflow/example_dags/example_branch_python_dop_operator_3.py took 0.199 seconds
[2022-06-17 22:23:42,955] {processor.py:163} INFO - Started process (PID=3847) to work on /home/saba/.local/lib/python3.6/site-packages/airflow/example_dags/example_branch_python_dop_operator_3.py
[2022-06-17 22:23:42,956] {processor.py:642} INFO - Processing file /home/saba/.local/lib/python3.6/site-packages/airflow/example_dags/example_branch_python_dop_operator_3.py for tasks to queue
[2022-06-17 22:23:42,957] {logging_mixin.py:109} INFO - [2022-06-17 22:23:42,957] {dagbag.py:500} INFO - Filling up the DagBag from /home/saba/.local/lib/python3.6/site-packages/airflow/example_dags/example_branch_python_dop_operator_3.py
[2022-06-17 22:23:42,976] {processor.py:652} INFO - DAG(s) dict_keys(['example_branch_dop_operator_v3']) retrieved from /home/saba/.local/lib/python3.6/site-packages/airflow/example_dags/example_branch_python_dop_operator_3.py
[2022-06-17 22:23:42,991] {logging_mixin.py:109} INFO - [2022-06-17 22:23:42,991] {dag.py:2398} INFO - Sync 1 DAGs
[2022-06-17 22:23:43,014] {logging_mixin.py:109} INFO - [2022-06-17 22:23:43,014] {dag.py:2937} INFO - Setting next_dagrun for example_branch_dop_operator_v3 to 2022-06-17T20:22:00+00:00
[2022-06-17 22:23:43,031] {processor.py:171} INFO - Processing /home/saba/.local/lib/python3.6/site-packages/airflow/example_dags/example_branch_python_dop_operator_3.py took 0.079 seconds
[2022-06-17 22:24:58,358] {processor.py:163} INFO - Started process (PID=4005) to work on /home/saba/.local/lib/python3.6/site-packages/airflow/example_dags/example_branch_python_dop_operator_3.py
[2022-06-17 22:24:58,361] {processor.py:642} INFO - Processing file /home/saba/.local/lib/python3.6/site-packages/airflow/example_dags/example_branch_python_dop_operator_3.py for tasks to queue
[2022-06-17 22:24:58,363] {logging_mixin.py:109} INFO - [2022-06-17 22:24:58,363] {dagbag.py:500} INFO - Filling up the DagBag from /home/saba/.local/lib/python3.6/site-packages/airflow/example_dags/example_branch_python_dop_operator_3.py
[2022-06-17 22:24:58,398] {processor.py:652} INFO - DAG(s) dict_keys(['example_branch_dop_operator_v3']) retrieved from /home/saba/.local/lib/python3.6/site-packages/airflow/example_dags/example_branch_python_dop_operator_3.py
[2022-06-17 22:24:58,432] {logging_mixin.py:109} INFO - [2022-06-17 22:24:58,432] {dag.py:2398} INFO - Sync 1 DAGs
[2022-06-17 22:24:58,483] {logging_mixin.py:109} INFO - [2022-06-17 22:24:58,482] {dag.py:2937} INFO - Setting next_dagrun for example_branch_dop_operator_v3 to 2022-06-17T20:23:00+00:00
[2022-06-17 22:24:58,508] {processor.py:171} INFO - Processing /home/saba/.local/lib/python3.6/site-packages/airflow/example_dags/example_branch_python_dop_operator_3.py took 0.154 seconds
[2022-06-17 22:26:46,664] {processor.py:163} INFO - Started process (PID=4430) to work on /home/saba/.local/lib/python3.6/site-packages/airflow/example_dags/example_branch_python_dop_operator_3.py
[2022-06-17 22:26:46,668] {processor.py:642} INFO - Processing file /home/saba/.local/lib/python3.6/site-packages/airflow/example_dags/example_branch_python_dop_operator_3.py for tasks to queue
[2022-06-17 22:26:46,670] {logging_mixin.py:109} INFO - [2022-06-17 22:26:46,669] {dagbag.py:500} INFO - Filling up the DagBag from /home/saba/.local/lib/python3.6/site-packages/airflow/example_dags/example_branch_python_dop_operator_3.py
[2022-06-17 22:26:46,723] {processor.py:652} INFO - DAG(s) dict_keys(['example_branch_dop_operator_v3']) retrieved from /home/saba/.local/lib/python3.6/site-packages/airflow/example_dags/example_branch_python_dop_operator_3.py
[2022-06-17 22:26:46,773] {logging_mixin.py:109} INFO - [2022-06-17 22:26:46,772] {dag.py:2398} INFO - Sync 1 DAGs
[2022-06-17 22:26:46,849] {logging_mixin.py:109} INFO - [2022-06-17 22:26:46,849] {dag.py:2937} INFO - Setting next_dagrun for example_branch_dop_operator_v3 to 2022-06-17T20:25:00+00:00
[2022-06-17 22:26:46,889] {processor.py:171} INFO - Processing /home/saba/.local/lib/python3.6/site-packages/airflow/example_dags/example_branch_python_dop_operator_3.py took 0.234 seconds
[2022-06-17 22:28:45,731] {processor.py:163} INFO - Started process (PID=4579) to work on /home/saba/.local/lib/python3.6/site-packages/airflow/example_dags/example_branch_python_dop_operator_3.py
[2022-06-17 22:28:45,735] {processor.py:642} INFO - Processing file /home/saba/.local/lib/python3.6/site-packages/airflow/example_dags/example_branch_python_dop_operator_3.py for tasks to queue
[2022-06-17 22:28:45,737] {logging_mixin.py:109} INFO - [2022-06-17 22:28:45,737] {dagbag.py:500} INFO - Filling up the DagBag from /home/saba/.local/lib/python3.6/site-packages/airflow/example_dags/example_branch_python_dop_operator_3.py
[2022-06-17 22:28:45,799] {processor.py:652} INFO - DAG(s) dict_keys(['example_branch_dop_operator_v3']) retrieved from /home/saba/.local/lib/python3.6/site-packages/airflow/example_dags/example_branch_python_dop_operator_3.py
[2022-06-17 22:28:45,844] {logging_mixin.py:109} INFO - [2022-06-17 22:28:45,844] {dag.py:2398} INFO - Sync 1 DAGs
[2022-06-17 22:28:45,919] {logging_mixin.py:109} INFO - [2022-06-17 22:28:45,919] {dag.py:2937} INFO - Setting next_dagrun for example_branch_dop_operator_v3 to 2022-06-17T20:27:00+00:00
[2022-06-17 22:28:45,967] {processor.py:171} INFO - Processing /home/saba/.local/lib/python3.6/site-packages/airflow/example_dags/example_branch_python_dop_operator_3.py took 0.243 seconds
[2022-06-17 22:30:41,850] {processor.py:163} INFO - Started process (PID=4980) to work on /home/saba/.local/lib/python3.6/site-packages/airflow/example_dags/example_branch_python_dop_operator_3.py
[2022-06-17 22:30:41,859] {processor.py:642} INFO - Processing file /home/saba/.local/lib/python3.6/site-packages/airflow/example_dags/example_branch_python_dop_operator_3.py for tasks to queue
[2022-06-17 22:30:41,863] {logging_mixin.py:109} INFO - [2022-06-17 22:30:41,863] {dagbag.py:500} INFO - Filling up the DagBag from /home/saba/.local/lib/python3.6/site-packages/airflow/example_dags/example_branch_python_dop_operator_3.py
[2022-06-17 22:30:41,986] {processor.py:652} INFO - DAG(s) dict_keys(['example_branch_dop_operator_v3']) retrieved from /home/saba/.local/lib/python3.6/site-packages/airflow/example_dags/example_branch_python_dop_operator_3.py
[2022-06-17 22:30:42,087] {logging_mixin.py:109} INFO - [2022-06-17 22:30:42,086] {dag.py:2398} INFO - Sync 1 DAGs
[2022-06-17 22:30:42,290] {logging_mixin.py:109} INFO - [2022-06-17 22:30:42,289] {dag.py:2937} INFO - Setting next_dagrun for example_branch_dop_operator_v3 to 2022-06-17T20:29:00+00:00
[2022-06-17 22:30:42,401] {processor.py:171} INFO - Processing /home/saba/.local/lib/python3.6/site-packages/airflow/example_dags/example_branch_python_dop_operator_3.py took 0.575 seconds
[2022-06-17 22:32:14,727] {processor.py:163} INFO - Started process (PID=5110) to work on /home/saba/.local/lib/python3.6/site-packages/airflow/example_dags/example_branch_python_dop_operator_3.py
[2022-06-17 22:32:14,730] {processor.py:642} INFO - Processing file /home/saba/.local/lib/python3.6/site-packages/airflow/example_dags/example_branch_python_dop_operator_3.py for tasks to queue
[2022-06-17 22:32:14,731] {logging_mixin.py:109} INFO - [2022-06-17 22:32:14,731] {dagbag.py:500} INFO - Filling up the DagBag from /home/saba/.local/lib/python3.6/site-packages/airflow/example_dags/example_branch_python_dop_operator_3.py
[2022-06-17 22:32:14,765] {processor.py:652} INFO - DAG(s) dict_keys(['example_branch_dop_operator_v3']) retrieved from /home/saba/.local/lib/python3.6/site-packages/airflow/example_dags/example_branch_python_dop_operator_3.py
[2022-06-17 22:32:14,790] {logging_mixin.py:109} INFO - [2022-06-17 22:32:14,789] {dag.py:2398} INFO - Sync 1 DAGs
[2022-06-17 22:32:14,832] {logging_mixin.py:109} INFO - [2022-06-17 22:32:14,832] {dag.py:2937} INFO - Setting next_dagrun for example_branch_dop_operator_v3 to 2022-06-17T20:31:00+00:00
[2022-06-17 22:32:14,857] {processor.py:171} INFO - Processing /home/saba/.local/lib/python3.6/site-packages/airflow/example_dags/example_branch_python_dop_operator_3.py took 0.134 seconds
[2022-06-17 22:33:43,890] {processor.py:163} INFO - Started process (PID=5628) to work on /home/saba/.local/lib/python3.6/site-packages/airflow/example_dags/example_branch_python_dop_operator_3.py
[2022-06-17 22:33:43,894] {processor.py:642} INFO - Processing file /home/saba/.local/lib/python3.6/site-packages/airflow/example_dags/example_branch_python_dop_operator_3.py for tasks to queue
[2022-06-17 22:33:43,897] {logging_mixin.py:109} INFO - [2022-06-17 22:33:43,896] {dagbag.py:500} INFO - Filling up the DagBag from /home/saba/.local/lib/python3.6/site-packages/airflow/example_dags/example_branch_python_dop_operator_3.py
[2022-06-17 22:33:43,967] {processor.py:652} INFO - DAG(s) dict_keys(['example_branch_dop_operator_v3']) retrieved from /home/saba/.local/lib/python3.6/site-packages/airflow/example_dags/example_branch_python_dop_operator_3.py
[2022-06-17 22:33:44,012] {logging_mixin.py:109} INFO - [2022-06-17 22:33:44,011] {dag.py:2398} INFO - Sync 1 DAGs
[2022-06-17 22:33:44,077] {logging_mixin.py:109} INFO - [2022-06-17 22:33:44,076] {dag.py:2937} INFO - Setting next_dagrun for example_branch_dop_operator_v3 to 2022-06-17T20:32:00+00:00
[2022-06-17 22:33:44,111] {processor.py:171} INFO - Processing /home/saba/.local/lib/python3.6/site-packages/airflow/example_dags/example_branch_python_dop_operator_3.py took 0.231 seconds
[2022-06-17 22:35:17,076] {processor.py:163} INFO - Started process (PID=5737) to work on /home/saba/.local/lib/python3.6/site-packages/airflow/example_dags/example_branch_python_dop_operator_3.py
[2022-06-17 22:35:17,080] {processor.py:642} INFO - Processing file /home/saba/.local/lib/python3.6/site-packages/airflow/example_dags/example_branch_python_dop_operator_3.py for tasks to queue
[2022-06-17 22:35:17,082] {logging_mixin.py:109} INFO - [2022-06-17 22:35:17,081] {dagbag.py:500} INFO - Filling up the DagBag from /home/saba/.local/lib/python3.6/site-packages/airflow/example_dags/example_branch_python_dop_operator_3.py
[2022-06-17 22:35:17,187] {processor.py:652} INFO - DAG(s) dict_keys(['example_branch_dop_operator_v3']) retrieved from /home/saba/.local/lib/python3.6/site-packages/airflow/example_dags/example_branch_python_dop_operator_3.py
[2022-06-17 22:35:17,267] {logging_mixin.py:109} INFO - [2022-06-17 22:35:17,266] {dag.py:2398} INFO - Sync 1 DAGs
[2022-06-17 22:35:17,397] {logging_mixin.py:109} INFO - [2022-06-17 22:35:17,396] {dag.py:2937} INFO - Setting next_dagrun for example_branch_dop_operator_v3 to 2022-06-17T20:34:00+00:00
[2022-06-17 22:35:17,457] {processor.py:171} INFO - Processing /home/saba/.local/lib/python3.6/site-packages/airflow/example_dags/example_branch_python_dop_operator_3.py took 0.389 seconds
[2022-06-17 22:36:37,319] {processor.py:163} INFO - Started process (PID=5846) to work on /home/saba/.local/lib/python3.6/site-packages/airflow/example_dags/example_branch_python_dop_operator_3.py
[2022-06-17 22:36:37,322] {processor.py:642} INFO - Processing file /home/saba/.local/lib/python3.6/site-packages/airflow/example_dags/example_branch_python_dop_operator_3.py for tasks to queue
[2022-06-17 22:36:37,333] {logging_mixin.py:109} INFO - [2022-06-17 22:36:37,333] {dagbag.py:500} INFO - Filling up the DagBag from /home/saba/.local/lib/python3.6/site-packages/airflow/example_dags/example_branch_python_dop_operator_3.py
[2022-06-17 22:36:37,437] {processor.py:652} INFO - DAG(s) dict_keys(['example_branch_dop_operator_v3']) retrieved from /home/saba/.local/lib/python3.6/site-packages/airflow/example_dags/example_branch_python_dop_operator_3.py
[2022-06-17 22:36:37,480] {logging_mixin.py:109} INFO - [2022-06-17 22:36:37,480] {dag.py:2398} INFO - Sync 1 DAGs
[2022-06-17 22:36:37,561] {logging_mixin.py:109} INFO - [2022-06-17 22:36:37,561] {dag.py:2937} INFO - Setting next_dagrun for example_branch_dop_operator_v3 to 2022-06-17T20:35:00+00:00
[2022-06-17 22:36:37,599] {processor.py:171} INFO - Processing /home/saba/.local/lib/python3.6/site-packages/airflow/example_dags/example_branch_python_dop_operator_3.py took 0.296 seconds
[2022-06-17 22:38:10,757] {processor.py:163} INFO - Started process (PID=5955) to work on /home/saba/.local/lib/python3.6/site-packages/airflow/example_dags/example_branch_python_dop_operator_3.py
[2022-06-17 22:38:10,770] {processor.py:642} INFO - Processing file /home/saba/.local/lib/python3.6/site-packages/airflow/example_dags/example_branch_python_dop_operator_3.py for tasks to queue
[2022-06-17 22:38:10,772] {logging_mixin.py:109} INFO - [2022-06-17 22:38:10,772] {dagbag.py:500} INFO - Filling up the DagBag from /home/saba/.local/lib/python3.6/site-packages/airflow/example_dags/example_branch_python_dop_operator_3.py
[2022-06-17 22:38:10,822] {processor.py:652} INFO - DAG(s) dict_keys(['example_branch_dop_operator_v3']) retrieved from /home/saba/.local/lib/python3.6/site-packages/airflow/example_dags/example_branch_python_dop_operator_3.py
[2022-06-17 22:38:10,866] {logging_mixin.py:109} INFO - [2022-06-17 22:38:10,865] {dag.py:2398} INFO - Sync 1 DAGs
[2022-06-17 22:38:10,985] {logging_mixin.py:109} INFO - [2022-06-17 22:38:10,984] {dag.py:2937} INFO - Setting next_dagrun for example_branch_dop_operator_v3 to 2022-06-17T20:37:00+00:00
[2022-06-17 22:38:11,032] {processor.py:171} INFO - Processing /home/saba/.local/lib/python3.6/site-packages/airflow/example_dags/example_branch_python_dop_operator_3.py took 0.286 seconds
[2022-06-17 22:39:42,380] {processor.py:163} INFO - Started process (PID=6531) to work on /home/saba/.local/lib/python3.6/site-packages/airflow/example_dags/example_branch_python_dop_operator_3.py
[2022-06-17 22:39:42,402] {processor.py:642} INFO - Processing file /home/saba/.local/lib/python3.6/site-packages/airflow/example_dags/example_branch_python_dop_operator_3.py for tasks to queue
[2022-06-17 22:39:42,406] {logging_mixin.py:109} INFO - [2022-06-17 22:39:42,405] {dagbag.py:500} INFO - Filling up the DagBag from /home/saba/.local/lib/python3.6/site-packages/airflow/example_dags/example_branch_python_dop_operator_3.py
[2022-06-17 22:39:42,663] {processor.py:652} INFO - DAG(s) dict_keys(['example_branch_dop_operator_v3']) retrieved from /home/saba/.local/lib/python3.6/site-packages/airflow/example_dags/example_branch_python_dop_operator_3.py
[2022-06-17 22:39:42,792] {logging_mixin.py:109} INFO - [2022-06-17 22:39:42,790] {dag.py:2398} INFO - Sync 1 DAGs
[2022-06-17 22:39:43,007] {logging_mixin.py:109} INFO - [2022-06-17 22:39:43,007] {dag.py:2937} INFO - Setting next_dagrun for example_branch_dop_operator_v3 to 2022-06-17T20:38:00+00:00
[2022-06-17 22:39:43,090] {processor.py:171} INFO - Processing /home/saba/.local/lib/python3.6/site-packages/airflow/example_dags/example_branch_python_dop_operator_3.py took 0.732 seconds
[2022-06-17 22:41:12,074] {processor.py:163} INFO - Started process (PID=6927) to work on /home/saba/.local/lib/python3.6/site-packages/airflow/example_dags/example_branch_python_dop_operator_3.py
[2022-06-17 22:41:12,076] {processor.py:642} INFO - Processing file /home/saba/.local/lib/python3.6/site-packages/airflow/example_dags/example_branch_python_dop_operator_3.py for tasks to queue
[2022-06-17 22:41:12,077] {logging_mixin.py:109} INFO - [2022-06-17 22:41:12,077] {dagbag.py:500} INFO - Filling up the DagBag from /home/saba/.local/lib/python3.6/site-packages/airflow/example_dags/example_branch_python_dop_operator_3.py
[2022-06-17 22:41:12,098] {processor.py:652} INFO - DAG(s) dict_keys(['example_branch_dop_operator_v3']) retrieved from /home/saba/.local/lib/python3.6/site-packages/airflow/example_dags/example_branch_python_dop_operator_3.py
[2022-06-17 22:41:12,115] {logging_mixin.py:109} INFO - [2022-06-17 22:41:12,115] {dag.py:2398} INFO - Sync 1 DAGs
[2022-06-17 22:41:12,145] {logging_mixin.py:109} INFO - [2022-06-17 22:41:12,145] {dag.py:2937} INFO - Setting next_dagrun for example_branch_dop_operator_v3 to 2022-06-17T20:40:00+00:00
[2022-06-17 22:41:12,164] {processor.py:171} INFO - Processing /home/saba/.local/lib/python3.6/site-packages/airflow/example_dags/example_branch_python_dop_operator_3.py took 0.093 seconds
[2022-06-17 22:42:41,869] {processor.py:163} INFO - Started process (PID=7640) to work on /home/saba/.local/lib/python3.6/site-packages/airflow/example_dags/example_branch_python_dop_operator_3.py
[2022-06-17 22:42:41,871] {processor.py:642} INFO - Processing file /home/saba/.local/lib/python3.6/site-packages/airflow/example_dags/example_branch_python_dop_operator_3.py for tasks to queue
[2022-06-17 22:42:41,872] {logging_mixin.py:109} INFO - [2022-06-17 22:42:41,872] {dagbag.py:500} INFO - Filling up the DagBag from /home/saba/.local/lib/python3.6/site-packages/airflow/example_dags/example_branch_python_dop_operator_3.py
[2022-06-17 22:42:41,896] {processor.py:652} INFO - DAG(s) dict_keys(['example_branch_dop_operator_v3']) retrieved from /home/saba/.local/lib/python3.6/site-packages/airflow/example_dags/example_branch_python_dop_operator_3.py
[2022-06-17 22:42:41,916] {logging_mixin.py:109} INFO - [2022-06-17 22:42:41,916] {dag.py:2398} INFO - Sync 1 DAGs
[2022-06-17 22:42:41,945] {logging_mixin.py:109} INFO - [2022-06-17 22:42:41,945] {dag.py:2937} INFO - Setting next_dagrun for example_branch_dop_operator_v3 to 2022-06-17T20:41:00+00:00
[2022-06-17 22:42:41,965] {processor.py:171} INFO - Processing /home/saba/.local/lib/python3.6/site-packages/airflow/example_dags/example_branch_python_dop_operator_3.py took 0.099 seconds
[2022-06-17 22:44:23,962] {processor.py:163} INFO - Started process (PID=8456) to work on /home/saba/.local/lib/python3.6/site-packages/airflow/example_dags/example_branch_python_dop_operator_3.py
[2022-06-17 22:44:23,964] {processor.py:642} INFO - Processing file /home/saba/.local/lib/python3.6/site-packages/airflow/example_dags/example_branch_python_dop_operator_3.py for tasks to queue
[2022-06-17 22:44:23,965] {logging_mixin.py:109} INFO - [2022-06-17 22:44:23,964] {dagbag.py:500} INFO - Filling up the DagBag from /home/saba/.local/lib/python3.6/site-packages/airflow/example_dags/example_branch_python_dop_operator_3.py
[2022-06-17 22:44:23,989] {processor.py:652} INFO - DAG(s) dict_keys(['example_branch_dop_operator_v3']) retrieved from /home/saba/.local/lib/python3.6/site-packages/airflow/example_dags/example_branch_python_dop_operator_3.py
[2022-06-17 22:44:24,008] {logging_mixin.py:109} INFO - [2022-06-17 22:44:24,008] {dag.py:2398} INFO - Sync 1 DAGs
[2022-06-17 22:44:24,038] {logging_mixin.py:109} INFO - [2022-06-17 22:44:24,038] {dag.py:2937} INFO - Setting next_dagrun for example_branch_dop_operator_v3 to 2022-06-17T20:43:00+00:00
[2022-06-17 22:44:24,063] {processor.py:171} INFO - Processing /home/saba/.local/lib/python3.6/site-packages/airflow/example_dags/example_branch_python_dop_operator_3.py took 0.105 seconds
[2022-06-17 22:45:26,186] {processor.py:163} INFO - Started process (PID=8560) to work on /home/saba/.local/lib/python3.6/site-packages/airflow/example_dags/example_branch_python_dop_operator_3.py
[2022-06-17 22:45:26,187] {processor.py:642} INFO - Processing file /home/saba/.local/lib/python3.6/site-packages/airflow/example_dags/example_branch_python_dop_operator_3.py for tasks to queue
[2022-06-17 22:45:26,188] {logging_mixin.py:109} INFO - [2022-06-17 22:45:26,188] {dagbag.py:500} INFO - Filling up the DagBag from /home/saba/.local/lib/python3.6/site-packages/airflow/example_dags/example_branch_python_dop_operator_3.py
[2022-06-17 22:45:26,208] {processor.py:652} INFO - DAG(s) dict_keys(['example_branch_dop_operator_v3']) retrieved from /home/saba/.local/lib/python3.6/site-packages/airflow/example_dags/example_branch_python_dop_operator_3.py
[2022-06-17 22:45:26,224] {logging_mixin.py:109} INFO - [2022-06-17 22:45:26,224] {dag.py:2398} INFO - Sync 1 DAGs
[2022-06-17 22:45:26,248] {logging_mixin.py:109} INFO - [2022-06-17 22:45:26,248] {dag.py:2937} INFO - Setting next_dagrun for example_branch_dop_operator_v3 to 2022-06-17T20:44:00+00:00
[2022-06-17 22:45:26,273] {processor.py:171} INFO - Processing /home/saba/.local/lib/python3.6/site-packages/airflow/example_dags/example_branch_python_dop_operator_3.py took 0.090 seconds
[2022-06-17 22:48:31,704] {processor.py:163} INFO - Started process (PID=10424) to work on /home/saba/.local/lib/python3.6/site-packages/airflow/example_dags/example_branch_python_dop_operator_3.py
[2022-06-17 22:48:31,706] {processor.py:642} INFO - Processing file /home/saba/.local/lib/python3.6/site-packages/airflow/example_dags/example_branch_python_dop_operator_3.py for tasks to queue
[2022-06-17 22:48:31,707] {logging_mixin.py:109} INFO - [2022-06-17 22:48:31,707] {dagbag.py:500} INFO - Filling up the DagBag from /home/saba/.local/lib/python3.6/site-packages/airflow/example_dags/example_branch_python_dop_operator_3.py
[2022-06-17 22:48:31,726] {processor.py:652} INFO - DAG(s) dict_keys(['example_branch_dop_operator_v3']) retrieved from /home/saba/.local/lib/python3.6/site-packages/airflow/example_dags/example_branch_python_dop_operator_3.py
[2022-06-17 22:48:31,741] {logging_mixin.py:109} INFO - [2022-06-17 22:48:31,741] {dag.py:2398} INFO - Sync 1 DAGs
[2022-06-17 22:48:31,764] {logging_mixin.py:109} INFO - [2022-06-17 22:48:31,764] {dag.py:2937} INFO - Setting next_dagrun for example_branch_dop_operator_v3 to 2022-06-17T20:47:00+00:00
[2022-06-17 22:48:31,840] {processor.py:171} INFO - Processing /home/saba/.local/lib/python3.6/site-packages/airflow/example_dags/example_branch_python_dop_operator_3.py took 0.139 seconds
[2022-06-17 22:50:30,277] {processor.py:163} INFO - Started process (PID=11178) to work on /home/saba/.local/lib/python3.6/site-packages/airflow/example_dags/example_branch_python_dop_operator_3.py
[2022-06-17 22:50:30,279] {processor.py:642} INFO - Processing file /home/saba/.local/lib/python3.6/site-packages/airflow/example_dags/example_branch_python_dop_operator_3.py for tasks to queue
[2022-06-17 22:50:30,279] {logging_mixin.py:109} INFO - [2022-06-17 22:50:30,279] {dagbag.py:500} INFO - Filling up the DagBag from /home/saba/.local/lib/python3.6/site-packages/airflow/example_dags/example_branch_python_dop_operator_3.py
[2022-06-17 22:50:30,294] {processor.py:652} INFO - DAG(s) dict_keys(['example_branch_dop_operator_v3']) retrieved from /home/saba/.local/lib/python3.6/site-packages/airflow/example_dags/example_branch_python_dop_operator_3.py
[2022-06-17 22:50:30,306] {logging_mixin.py:109} INFO - [2022-06-17 22:50:30,306] {dag.py:2398} INFO - Sync 1 DAGs
[2022-06-17 22:50:30,369] {logging_mixin.py:109} INFO - [2022-06-17 22:50:30,369] {dag.py:2937} INFO - Setting next_dagrun for example_branch_dop_operator_v3 to 2022-06-17T20:49:00+00:00
[2022-06-17 22:50:30,384] {processor.py:171} INFO - Processing /home/saba/.local/lib/python3.6/site-packages/airflow/example_dags/example_branch_python_dop_operator_3.py took 0.109 seconds
[2022-06-17 22:52:14,815] {processor.py:163} INFO - Started process (PID=11587) to work on /home/saba/.local/lib/python3.6/site-packages/airflow/example_dags/example_branch_python_dop_operator_3.py
[2022-06-17 22:52:14,817] {processor.py:642} INFO - Processing file /home/saba/.local/lib/python3.6/site-packages/airflow/example_dags/example_branch_python_dop_operator_3.py for tasks to queue
[2022-06-17 22:52:14,818] {logging_mixin.py:109} INFO - [2022-06-17 22:52:14,818] {dagbag.py:500} INFO - Filling up the DagBag from /home/saba/.local/lib/python3.6/site-packages/airflow/example_dags/example_branch_python_dop_operator_3.py
[2022-06-17 22:52:14,833] {processor.py:652} INFO - DAG(s) dict_keys(['example_branch_dop_operator_v3']) retrieved from /home/saba/.local/lib/python3.6/site-packages/airflow/example_dags/example_branch_python_dop_operator_3.py
[2022-06-17 22:52:14,895] {logging_mixin.py:109} INFO - [2022-06-17 22:52:14,895] {dag.py:2398} INFO - Sync 1 DAGs
[2022-06-17 22:52:14,909] {logging_mixin.py:109} INFO - [2022-06-17 22:52:14,909] {dag.py:2937} INFO - Setting next_dagrun for example_branch_dop_operator_v3 to 2022-06-17T20:51:00+00:00
[2022-06-17 22:52:14,927] {processor.py:171} INFO - Processing /home/saba/.local/lib/python3.6/site-packages/airflow/example_dags/example_branch_python_dop_operator_3.py took 0.113 seconds
[2022-06-17 22:53:59,655] {processor.py:163} INFO - Started process (PID=12533) to work on /home/saba/.local/lib/python3.6/site-packages/airflow/example_dags/example_branch_python_dop_operator_3.py
[2022-06-17 22:53:59,659] {processor.py:642} INFO - Processing file /home/saba/.local/lib/python3.6/site-packages/airflow/example_dags/example_branch_python_dop_operator_3.py for tasks to queue
[2022-06-17 22:53:59,660] {logging_mixin.py:109} INFO - [2022-06-17 22:53:59,660] {dagbag.py:500} INFO - Filling up the DagBag from /home/saba/.local/lib/python3.6/site-packages/airflow/example_dags/example_branch_python_dop_operator_3.py
[2022-06-17 22:53:59,740] {processor.py:652} INFO - DAG(s) dict_keys(['example_branch_dop_operator_v3']) retrieved from /home/saba/.local/lib/python3.6/site-packages/airflow/example_dags/example_branch_python_dop_operator_3.py
[2022-06-17 22:53:59,749] {logging_mixin.py:109} INFO - [2022-06-17 22:53:59,749] {dag.py:2398} INFO - Sync 1 DAGs
[2022-06-17 22:53:59,764] {logging_mixin.py:109} INFO - [2022-06-17 22:53:59,764] {dag.py:2937} INFO - Setting next_dagrun for example_branch_dop_operator_v3 to 2022-06-17T20:52:00+00:00
[2022-06-17 22:53:59,782] {processor.py:171} INFO - Processing /home/saba/.local/lib/python3.6/site-packages/airflow/example_dags/example_branch_python_dop_operator_3.py took 0.129 seconds
