[2022-06-17 22:06:56,096] {processor.py:163} INFO - Started process (PID=1605) to work on /home/saba/.local/lib/python3.6/site-packages/airflow/example_dags/tutorial_taskflow_api_etl.py
[2022-06-17 22:06:56,101] {processor.py:642} INFO - Processing file /home/saba/.local/lib/python3.6/site-packages/airflow/example_dags/tutorial_taskflow_api_etl.py for tasks to queue
[2022-06-17 22:06:56,104] {logging_mixin.py:109} INFO - [2022-06-17 22:06:56,103] {dagbag.py:500} INFO - Filling up the DagBag from /home/saba/.local/lib/python3.6/site-packages/airflow/example_dags/tutorial_taskflow_api_etl.py
[2022-06-17 22:06:56,241] {processor.py:652} INFO - DAG(s) dict_keys(['tutorial_taskflow_api_etl']) retrieved from /home/saba/.local/lib/python3.6/site-packages/airflow/example_dags/tutorial_taskflow_api_etl.py
[2022-06-17 22:06:57,185] {logging_mixin.py:109} INFO - [2022-06-17 22:06:57,184] {dag.py:2398} INFO - Sync 1 DAGs
[2022-06-17 22:06:57,233] {logging_mixin.py:109} INFO - [2022-06-17 22:06:57,233] {dag.py:2937} INFO - Setting next_dagrun for tutorial_taskflow_api_etl to None
[2022-06-17 22:06:57,278] {processor.py:171} INFO - Processing /home/saba/.local/lib/python3.6/site-packages/airflow/example_dags/tutorial_taskflow_api_etl.py took 1.195 seconds
[2022-06-17 22:07:56,649] {processor.py:163} INFO - Started process (PID=1835) to work on /home/saba/.local/lib/python3.6/site-packages/airflow/example_dags/tutorial_taskflow_api_etl.py
[2022-06-17 22:07:56,653] {processor.py:642} INFO - Processing file /home/saba/.local/lib/python3.6/site-packages/airflow/example_dags/tutorial_taskflow_api_etl.py for tasks to queue
[2022-06-17 22:07:56,654] {logging_mixin.py:109} INFO - [2022-06-17 22:07:56,654] {dagbag.py:500} INFO - Filling up the DagBag from /home/saba/.local/lib/python3.6/site-packages/airflow/example_dags/tutorial_taskflow_api_etl.py
[2022-06-17 22:07:56,737] {processor.py:652} INFO - DAG(s) dict_keys(['tutorial_taskflow_api_etl']) retrieved from /home/saba/.local/lib/python3.6/site-packages/airflow/example_dags/tutorial_taskflow_api_etl.py
[2022-06-17 22:07:57,432] {logging_mixin.py:109} INFO - [2022-06-17 22:07:57,432] {dag.py:2398} INFO - Sync 1 DAGs
[2022-06-17 22:07:57,460] {logging_mixin.py:109} INFO - [2022-06-17 22:07:57,460] {dag.py:2937} INFO - Setting next_dagrun for tutorial_taskflow_api_etl to None
[2022-06-17 22:07:57,495] {processor.py:171} INFO - Processing /home/saba/.local/lib/python3.6/site-packages/airflow/example_dags/tutorial_taskflow_api_etl.py took 0.852 seconds
[2022-06-17 22:08:41,202] {processor.py:163} INFO - Started process (PID=2067) to work on /home/saba/.local/lib/python3.6/site-packages/airflow/example_dags/tutorial_taskflow_api_etl.py
[2022-06-17 22:08:41,207] {processor.py:642} INFO - Processing file /home/saba/.local/lib/python3.6/site-packages/airflow/example_dags/tutorial_taskflow_api_etl.py for tasks to queue
[2022-06-17 22:08:41,210] {logging_mixin.py:109} INFO - [2022-06-17 22:08:41,209] {dagbag.py:500} INFO - Filling up the DagBag from /home/saba/.local/lib/python3.6/site-packages/airflow/example_dags/tutorial_taskflow_api_etl.py
[2022-06-17 22:08:41,301] {processor.py:652} INFO - DAG(s) dict_keys(['tutorial_taskflow_api_etl']) retrieved from /home/saba/.local/lib/python3.6/site-packages/airflow/example_dags/tutorial_taskflow_api_etl.py
[2022-06-17 22:08:42,376] {logging_mixin.py:109} INFO - [2022-06-17 22:08:42,375] {dag.py:2398} INFO - Sync 1 DAGs
[2022-06-17 22:08:42,419] {logging_mixin.py:109} INFO - [2022-06-17 22:08:42,418] {dag.py:2937} INFO - Setting next_dagrun for tutorial_taskflow_api_etl to None
[2022-06-17 22:08:42,459] {processor.py:171} INFO - Processing /home/saba/.local/lib/python3.6/site-packages/airflow/example_dags/tutorial_taskflow_api_etl.py took 1.271 seconds
[2022-06-17 22:09:43,594] {processor.py:163} INFO - Started process (PID=2365) to work on /home/saba/.local/lib/python3.6/site-packages/airflow/example_dags/tutorial_taskflow_api_etl.py
[2022-06-17 22:09:43,599] {processor.py:642} INFO - Processing file /home/saba/.local/lib/python3.6/site-packages/airflow/example_dags/tutorial_taskflow_api_etl.py for tasks to queue
[2022-06-17 22:09:43,600] {logging_mixin.py:109} INFO - [2022-06-17 22:09:43,600] {dagbag.py:500} INFO - Filling up the DagBag from /home/saba/.local/lib/python3.6/site-packages/airflow/example_dags/tutorial_taskflow_api_etl.py
[2022-06-17 22:09:43,683] {processor.py:652} INFO - DAG(s) dict_keys(['tutorial_taskflow_api_etl']) retrieved from /home/saba/.local/lib/python3.6/site-packages/airflow/example_dags/tutorial_taskflow_api_etl.py
[2022-06-17 22:09:43,706] {logging_mixin.py:109} INFO - [2022-06-17 22:09:43,705] {dag.py:2398} INFO - Sync 1 DAGs
[2022-06-17 22:09:43,757] {logging_mixin.py:109} INFO - [2022-06-17 22:09:43,757] {dag.py:2937} INFO - Setting next_dagrun for tutorial_taskflow_api_etl to None
[2022-06-17 22:09:43,790] {processor.py:171} INFO - Processing /home/saba/.local/lib/python3.6/site-packages/airflow/example_dags/tutorial_taskflow_api_etl.py took 0.205 seconds
[2022-06-17 22:10:51,203] {processor.py:163} INFO - Started process (PID=2562) to work on /home/saba/.local/lib/python3.6/site-packages/airflow/example_dags/tutorial_taskflow_api_etl.py
[2022-06-17 22:10:51,220] {processor.py:642} INFO - Processing file /home/saba/.local/lib/python3.6/site-packages/airflow/example_dags/tutorial_taskflow_api_etl.py for tasks to queue
[2022-06-17 22:10:51,224] {logging_mixin.py:109} INFO - [2022-06-17 22:10:51,224] {dagbag.py:500} INFO - Filling up the DagBag from /home/saba/.local/lib/python3.6/site-packages/airflow/example_dags/tutorial_taskflow_api_etl.py
[2022-06-17 22:10:51,482] {processor.py:652} INFO - DAG(s) dict_keys(['tutorial_taskflow_api_etl']) retrieved from /home/saba/.local/lib/python3.6/site-packages/airflow/example_dags/tutorial_taskflow_api_etl.py
[2022-06-17 22:10:53,564] {logging_mixin.py:109} INFO - [2022-06-17 22:10:53,564] {dag.py:2398} INFO - Sync 1 DAGs
[2022-06-17 22:10:53,619] {logging_mixin.py:109} INFO - [2022-06-17 22:10:53,619] {dag.py:2937} INFO - Setting next_dagrun for tutorial_taskflow_api_etl to None
[2022-06-17 22:10:53,660] {processor.py:171} INFO - Processing /home/saba/.local/lib/python3.6/site-packages/airflow/example_dags/tutorial_taskflow_api_etl.py took 2.483 seconds
[2022-06-17 22:17:58,412] {processor.py:163} INFO - Started process (PID=161) to work on /home/saba/.local/lib/python3.6/site-packages/airflow/example_dags/tutorial_taskflow_api_etl.py
[2022-06-17 22:17:58,418] {processor.py:642} INFO - Processing file /home/saba/.local/lib/python3.6/site-packages/airflow/example_dags/tutorial_taskflow_api_etl.py for tasks to queue
[2022-06-17 22:17:58,422] {logging_mixin.py:109} INFO - [2022-06-17 22:17:58,422] {dagbag.py:500} INFO - Filling up the DagBag from /home/saba/.local/lib/python3.6/site-packages/airflow/example_dags/tutorial_taskflow_api_etl.py
[2022-06-17 22:17:58,583] {processor.py:652} INFO - DAG(s) dict_keys(['tutorial_taskflow_api_etl']) retrieved from /home/saba/.local/lib/python3.6/site-packages/airflow/example_dags/tutorial_taskflow_api_etl.py
[2022-06-17 22:17:58,629] {logging_mixin.py:109} INFO - [2022-06-17 22:17:58,629] {dag.py:2398} INFO - Sync 1 DAGs
[2022-06-17 22:17:58,710] {logging_mixin.py:109} INFO - [2022-06-17 22:17:58,709] {dag.py:2937} INFO - Setting next_dagrun for tutorial_taskflow_api_etl to None
[2022-06-17 22:17:58,767] {processor.py:171} INFO - Processing /home/saba/.local/lib/python3.6/site-packages/airflow/example_dags/tutorial_taskflow_api_etl.py took 0.371 seconds
[2022-06-17 22:18:41,544] {processor.py:163} INFO - Started process (PID=217) to work on /home/saba/.local/lib/python3.6/site-packages/airflow/example_dags/tutorial_taskflow_api_etl.py
[2022-06-17 22:18:41,546] {processor.py:642} INFO - Processing file /home/saba/.local/lib/python3.6/site-packages/airflow/example_dags/tutorial_taskflow_api_etl.py for tasks to queue
[2022-06-17 22:18:41,547] {logging_mixin.py:109} INFO - [2022-06-17 22:18:41,547] {dagbag.py:500} INFO - Filling up the DagBag from /home/saba/.local/lib/python3.6/site-packages/airflow/example_dags/tutorial_taskflow_api_etl.py
[2022-06-17 22:18:41,578] {processor.py:652} INFO - DAG(s) dict_keys(['tutorial_taskflow_api_etl']) retrieved from /home/saba/.local/lib/python3.6/site-packages/airflow/example_dags/tutorial_taskflow_api_etl.py
[2022-06-17 22:18:41,996] {logging_mixin.py:109} INFO - [2022-06-17 22:18:41,995] {dag.py:2398} INFO - Sync 1 DAGs
[2022-06-17 22:18:42,015] {logging_mixin.py:109} INFO - [2022-06-17 22:18:42,015] {dag.py:2937} INFO - Setting next_dagrun for tutorial_taskflow_api_etl to None
[2022-06-17 22:18:42,037] {processor.py:171} INFO - Processing /home/saba/.local/lib/python3.6/site-packages/airflow/example_dags/tutorial_taskflow_api_etl.py took 0.497 seconds
[2022-06-17 22:19:34,584] {processor.py:163} INFO - Started process (PID=3315) to work on /home/saba/.local/lib/python3.6/site-packages/airflow/example_dags/tutorial_taskflow_api_etl.py
[2022-06-17 22:19:34,589] {processor.py:642} INFO - Processing file /home/saba/.local/lib/python3.6/site-packages/airflow/example_dags/tutorial_taskflow_api_etl.py for tasks to queue
[2022-06-17 22:19:34,591] {logging_mixin.py:109} INFO - [2022-06-17 22:19:34,590] {dagbag.py:500} INFO - Filling up the DagBag from /home/saba/.local/lib/python3.6/site-packages/airflow/example_dags/tutorial_taskflow_api_etl.py
[2022-06-17 22:19:34,720] {processor.py:652} INFO - DAG(s) dict_keys(['tutorial_taskflow_api_etl']) retrieved from /home/saba/.local/lib/python3.6/site-packages/airflow/example_dags/tutorial_taskflow_api_etl.py
[2022-06-17 22:19:35,844] {logging_mixin.py:109} INFO - [2022-06-17 22:19:35,843] {dag.py:2398} INFO - Sync 1 DAGs
[2022-06-17 22:19:35,895] {logging_mixin.py:109} INFO - [2022-06-17 22:19:35,895] {dag.py:2937} INFO - Setting next_dagrun for tutorial_taskflow_api_etl to None
[2022-06-17 22:19:35,939] {processor.py:171} INFO - Processing /home/saba/.local/lib/python3.6/site-packages/airflow/example_dags/tutorial_taskflow_api_etl.py took 1.364 seconds
[2022-06-17 22:20:17,911] {processor.py:163} INFO - Started process (PID=3543) to work on /home/saba/.local/lib/python3.6/site-packages/airflow/example_dags/tutorial_taskflow_api_etl.py
[2022-06-17 22:20:17,913] {processor.py:642} INFO - Processing file /home/saba/.local/lib/python3.6/site-packages/airflow/example_dags/tutorial_taskflow_api_etl.py for tasks to queue
[2022-06-17 22:20:17,914] {logging_mixin.py:109} INFO - [2022-06-17 22:20:17,913] {dagbag.py:500} INFO - Filling up the DagBag from /home/saba/.local/lib/python3.6/site-packages/airflow/example_dags/tutorial_taskflow_api_etl.py
[2022-06-17 22:20:17,945] {processor.py:652} INFO - DAG(s) dict_keys(['tutorial_taskflow_api_etl']) retrieved from /home/saba/.local/lib/python3.6/site-packages/airflow/example_dags/tutorial_taskflow_api_etl.py
[2022-06-17 22:20:18,335] {logging_mixin.py:109} INFO - [2022-06-17 22:20:18,335] {dag.py:2398} INFO - Sync 1 DAGs
[2022-06-17 22:20:18,353] {logging_mixin.py:109} INFO - [2022-06-17 22:20:18,353] {dag.py:2937} INFO - Setting next_dagrun for tutorial_taskflow_api_etl to None
[2022-06-17 22:20:18,376] {processor.py:171} INFO - Processing /home/saba/.local/lib/python3.6/site-packages/airflow/example_dags/tutorial_taskflow_api_etl.py took 0.468 seconds
[2022-06-17 22:20:55,005] {processor.py:163} INFO - Started process (PID=3595) to work on /home/saba/.local/lib/python3.6/site-packages/airflow/example_dags/tutorial_taskflow_api_etl.py
[2022-06-17 22:20:55,007] {processor.py:642} INFO - Processing file /home/saba/.local/lib/python3.6/site-packages/airflow/example_dags/tutorial_taskflow_api_etl.py for tasks to queue
[2022-06-17 22:20:55,008] {logging_mixin.py:109} INFO - [2022-06-17 22:20:55,008] {dagbag.py:500} INFO - Filling up the DagBag from /home/saba/.local/lib/python3.6/site-packages/airflow/example_dags/tutorial_taskflow_api_etl.py
[2022-06-17 22:20:55,040] {processor.py:652} INFO - DAG(s) dict_keys(['tutorial_taskflow_api_etl']) retrieved from /home/saba/.local/lib/python3.6/site-packages/airflow/example_dags/tutorial_taskflow_api_etl.py
[2022-06-17 22:20:55,405] {logging_mixin.py:109} INFO - [2022-06-17 22:20:55,405] {dag.py:2398} INFO - Sync 1 DAGs
[2022-06-17 22:20:55,423] {logging_mixin.py:109} INFO - [2022-06-17 22:20:55,423] {dag.py:2937} INFO - Setting next_dagrun for tutorial_taskflow_api_etl to None
[2022-06-17 22:20:55,445] {processor.py:171} INFO - Processing /home/saba/.local/lib/python3.6/site-packages/airflow/example_dags/tutorial_taskflow_api_etl.py took 0.443 seconds
[2022-06-17 22:21:32,006] {processor.py:163} INFO - Started process (PID=3657) to work on /home/saba/.local/lib/python3.6/site-packages/airflow/example_dags/tutorial_taskflow_api_etl.py
[2022-06-17 22:21:32,008] {processor.py:642} INFO - Processing file /home/saba/.local/lib/python3.6/site-packages/airflow/example_dags/tutorial_taskflow_api_etl.py for tasks to queue
[2022-06-17 22:21:32,009] {logging_mixin.py:109} INFO - [2022-06-17 22:21:32,009] {dagbag.py:500} INFO - Filling up the DagBag from /home/saba/.local/lib/python3.6/site-packages/airflow/example_dags/tutorial_taskflow_api_etl.py
[2022-06-17 22:21:32,044] {processor.py:652} INFO - DAG(s) dict_keys(['tutorial_taskflow_api_etl']) retrieved from /home/saba/.local/lib/python3.6/site-packages/airflow/example_dags/tutorial_taskflow_api_etl.py
[2022-06-17 22:21:32,471] {logging_mixin.py:109} INFO - [2022-06-17 22:21:32,470] {dag.py:2398} INFO - Sync 1 DAGs
[2022-06-17 22:21:32,496] {logging_mixin.py:109} INFO - [2022-06-17 22:21:32,495] {dag.py:2937} INFO - Setting next_dagrun for tutorial_taskflow_api_etl to None
[2022-06-17 22:21:32,520] {processor.py:171} INFO - Processing /home/saba/.local/lib/python3.6/site-packages/airflow/example_dags/tutorial_taskflow_api_etl.py took 0.519 seconds
[2022-06-17 22:22:05,744] {processor.py:163} INFO - Started process (PID=3715) to work on /home/saba/.local/lib/python3.6/site-packages/airflow/example_dags/tutorial_taskflow_api_etl.py
[2022-06-17 22:22:05,745] {processor.py:642} INFO - Processing file /home/saba/.local/lib/python3.6/site-packages/airflow/example_dags/tutorial_taskflow_api_etl.py for tasks to queue
[2022-06-17 22:22:05,746] {logging_mixin.py:109} INFO - [2022-06-17 22:22:05,746] {dagbag.py:500} INFO - Filling up the DagBag from /home/saba/.local/lib/python3.6/site-packages/airflow/example_dags/tutorial_taskflow_api_etl.py
[2022-06-17 22:22:05,771] {processor.py:652} INFO - DAG(s) dict_keys(['tutorial_taskflow_api_etl']) retrieved from /home/saba/.local/lib/python3.6/site-packages/airflow/example_dags/tutorial_taskflow_api_etl.py
[2022-06-17 22:22:06,121] {logging_mixin.py:109} INFO - [2022-06-17 22:22:06,121] {dag.py:2398} INFO - Sync 1 DAGs
[2022-06-17 22:22:06,137] {logging_mixin.py:109} INFO - [2022-06-17 22:22:06,137] {dag.py:2937} INFO - Setting next_dagrun for tutorial_taskflow_api_etl to None
[2022-06-17 22:22:06,156] {processor.py:171} INFO - Processing /home/saba/.local/lib/python3.6/site-packages/airflow/example_dags/tutorial_taskflow_api_etl.py took 0.416 seconds
[2022-06-17 22:22:44,004] {processor.py:163} INFO - Started process (PID=3766) to work on /home/saba/.local/lib/python3.6/site-packages/airflow/example_dags/tutorial_taskflow_api_etl.py
[2022-06-17 22:22:44,007] {processor.py:642} INFO - Processing file /home/saba/.local/lib/python3.6/site-packages/airflow/example_dags/tutorial_taskflow_api_etl.py for tasks to queue
[2022-06-17 22:22:44,008] {logging_mixin.py:109} INFO - [2022-06-17 22:22:44,008] {dagbag.py:500} INFO - Filling up the DagBag from /home/saba/.local/lib/python3.6/site-packages/airflow/example_dags/tutorial_taskflow_api_etl.py
[2022-06-17 22:22:44,051] {processor.py:652} INFO - DAG(s) dict_keys(['tutorial_taskflow_api_etl']) retrieved from /home/saba/.local/lib/python3.6/site-packages/airflow/example_dags/tutorial_taskflow_api_etl.py
[2022-06-17 22:22:44,638] {logging_mixin.py:109} INFO - [2022-06-17 22:22:44,638] {dag.py:2398} INFO - Sync 1 DAGs
[2022-06-17 22:22:44,662] {logging_mixin.py:109} INFO - [2022-06-17 22:22:44,662] {dag.py:2937} INFO - Setting next_dagrun for tutorial_taskflow_api_etl to None
[2022-06-17 22:22:44,690] {processor.py:171} INFO - Processing /home/saba/.local/lib/python3.6/site-packages/airflow/example_dags/tutorial_taskflow_api_etl.py took 0.692 seconds
[2022-06-17 22:23:19,000] {processor.py:163} INFO - Started process (PID=3819) to work on /home/saba/.local/lib/python3.6/site-packages/airflow/example_dags/tutorial_taskflow_api_etl.py
[2022-06-17 22:23:19,003] {processor.py:642} INFO - Processing file /home/saba/.local/lib/python3.6/site-packages/airflow/example_dags/tutorial_taskflow_api_etl.py for tasks to queue
[2022-06-17 22:23:19,004] {logging_mixin.py:109} INFO - [2022-06-17 22:23:19,004] {dagbag.py:500} INFO - Filling up the DagBag from /home/saba/.local/lib/python3.6/site-packages/airflow/example_dags/tutorial_taskflow_api_etl.py
[2022-06-17 22:23:19,051] {processor.py:652} INFO - DAG(s) dict_keys(['tutorial_taskflow_api_etl']) retrieved from /home/saba/.local/lib/python3.6/site-packages/airflow/example_dags/tutorial_taskflow_api_etl.py
[2022-06-17 22:23:19,487] {logging_mixin.py:109} INFO - [2022-06-17 22:23:19,487] {dag.py:2398} INFO - Sync 1 DAGs
[2022-06-17 22:23:19,506] {logging_mixin.py:109} INFO - [2022-06-17 22:23:19,506] {dag.py:2937} INFO - Setting next_dagrun for tutorial_taskflow_api_etl to None
[2022-06-17 22:23:19,529] {processor.py:171} INFO - Processing /home/saba/.local/lib/python3.6/site-packages/airflow/example_dags/tutorial_taskflow_api_etl.py took 0.533 seconds
[2022-06-17 22:23:53,806] {processor.py:163} INFO - Started process (PID=3879) to work on /home/saba/.local/lib/python3.6/site-packages/airflow/example_dags/tutorial_taskflow_api_etl.py
[2022-06-17 22:23:53,808] {processor.py:642} INFO - Processing file /home/saba/.local/lib/python3.6/site-packages/airflow/example_dags/tutorial_taskflow_api_etl.py for tasks to queue
[2022-06-17 22:23:53,808] {logging_mixin.py:109} INFO - [2022-06-17 22:23:53,808] {dagbag.py:500} INFO - Filling up the DagBag from /home/saba/.local/lib/python3.6/site-packages/airflow/example_dags/tutorial_taskflow_api_etl.py
[2022-06-17 22:23:53,824] {processor.py:652} INFO - DAG(s) dict_keys(['tutorial_taskflow_api_etl']) retrieved from /home/saba/.local/lib/python3.6/site-packages/airflow/example_dags/tutorial_taskflow_api_etl.py
[2022-06-17 22:23:54,069] {logging_mixin.py:109} INFO - [2022-06-17 22:23:54,069] {dag.py:2398} INFO - Sync 1 DAGs
[2022-06-17 22:23:54,080] {logging_mixin.py:109} INFO - [2022-06-17 22:23:54,080] {dag.py:2937} INFO - Setting next_dagrun for tutorial_taskflow_api_etl to None
[2022-06-17 22:23:54,097] {processor.py:171} INFO - Processing /home/saba/.local/lib/python3.6/site-packages/airflow/example_dags/tutorial_taskflow_api_etl.py took 0.293 seconds
[2022-06-17 22:24:32,838] {processor.py:163} INFO - Started process (PID=3983) to work on /home/saba/.local/lib/python3.6/site-packages/airflow/example_dags/tutorial_taskflow_api_etl.py
[2022-06-17 22:24:32,839] {processor.py:642} INFO - Processing file /home/saba/.local/lib/python3.6/site-packages/airflow/example_dags/tutorial_taskflow_api_etl.py for tasks to queue
[2022-06-17 22:24:32,840] {logging_mixin.py:109} INFO - [2022-06-17 22:24:32,840] {dagbag.py:500} INFO - Filling up the DagBag from /home/saba/.local/lib/python3.6/site-packages/airflow/example_dags/tutorial_taskflow_api_etl.py
[2022-06-17 22:24:32,865] {processor.py:652} INFO - DAG(s) dict_keys(['tutorial_taskflow_api_etl']) retrieved from /home/saba/.local/lib/python3.6/site-packages/airflow/example_dags/tutorial_taskflow_api_etl.py
[2022-06-17 22:24:33,186] {logging_mixin.py:109} INFO - [2022-06-17 22:24:33,186] {dag.py:2398} INFO - Sync 1 DAGs
[2022-06-17 22:24:33,200] {logging_mixin.py:109} INFO - [2022-06-17 22:24:33,200] {dag.py:2937} INFO - Setting next_dagrun for tutorial_taskflow_api_etl to None
[2022-06-17 22:24:33,217] {processor.py:171} INFO - Processing /home/saba/.local/lib/python3.6/site-packages/airflow/example_dags/tutorial_taskflow_api_etl.py took 0.383 seconds
[2022-06-17 22:25:12,847] {processor.py:163} INFO - Started process (PID=4037) to work on /home/saba/.local/lib/python3.6/site-packages/airflow/example_dags/tutorial_taskflow_api_etl.py
[2022-06-17 22:25:12,853] {processor.py:642} INFO - Processing file /home/saba/.local/lib/python3.6/site-packages/airflow/example_dags/tutorial_taskflow_api_etl.py for tasks to queue
[2022-06-17 22:25:12,859] {logging_mixin.py:109} INFO - [2022-06-17 22:25:12,858] {dagbag.py:500} INFO - Filling up the DagBag from /home/saba/.local/lib/python3.6/site-packages/airflow/example_dags/tutorial_taskflow_api_etl.py
[2022-06-17 22:25:13,083] {processor.py:652} INFO - DAG(s) dict_keys(['tutorial_taskflow_api_etl']) retrieved from /home/saba/.local/lib/python3.6/site-packages/airflow/example_dags/tutorial_taskflow_api_etl.py
[2022-06-17 22:25:14,751] {logging_mixin.py:109} INFO - [2022-06-17 22:25:14,751] {dag.py:2398} INFO - Sync 1 DAGs
[2022-06-17 22:25:14,850] {logging_mixin.py:109} INFO - [2022-06-17 22:25:14,850] {dag.py:2937} INFO - Setting next_dagrun for tutorial_taskflow_api_etl to None
[2022-06-17 22:25:14,904] {processor.py:171} INFO - Processing /home/saba/.local/lib/python3.6/site-packages/airflow/example_dags/tutorial_taskflow_api_etl.py took 2.074 seconds
[2022-06-17 22:26:07,665] {processor.py:163} INFO - Started process (PID=4396) to work on /home/saba/.local/lib/python3.6/site-packages/airflow/example_dags/tutorial_taskflow_api_etl.py
[2022-06-17 22:26:07,678] {processor.py:642} INFO - Processing file /home/saba/.local/lib/python3.6/site-packages/airflow/example_dags/tutorial_taskflow_api_etl.py for tasks to queue
[2022-06-17 22:26:07,682] {logging_mixin.py:109} INFO - [2022-06-17 22:26:07,681] {dagbag.py:500} INFO - Filling up the DagBag from /home/saba/.local/lib/python3.6/site-packages/airflow/example_dags/tutorial_taskflow_api_etl.py
[2022-06-17 22:26:07,821] {processor.py:652} INFO - DAG(s) dict_keys(['tutorial_taskflow_api_etl']) retrieved from /home/saba/.local/lib/python3.6/site-packages/airflow/example_dags/tutorial_taskflow_api_etl.py
[2022-06-17 22:26:09,349] {logging_mixin.py:109} INFO - [2022-06-17 22:26:09,348] {dag.py:2398} INFO - Sync 1 DAGs
[2022-06-17 22:26:09,408] {logging_mixin.py:109} INFO - [2022-06-17 22:26:09,408] {dag.py:2937} INFO - Setting next_dagrun for tutorial_taskflow_api_etl to None
[2022-06-17 22:26:09,450] {processor.py:171} INFO - Processing /home/saba/.local/lib/python3.6/site-packages/airflow/example_dags/tutorial_taskflow_api_etl.py took 1.798 seconds
[2022-06-17 22:27:03,011] {processor.py:163} INFO - Started process (PID=4461) to work on /home/saba/.local/lib/python3.6/site-packages/airflow/example_dags/tutorial_taskflow_api_etl.py
[2022-06-17 22:27:03,015] {processor.py:642} INFO - Processing file /home/saba/.local/lib/python3.6/site-packages/airflow/example_dags/tutorial_taskflow_api_etl.py for tasks to queue
[2022-06-17 22:27:03,017] {logging_mixin.py:109} INFO - [2022-06-17 22:27:03,017] {dagbag.py:500} INFO - Filling up the DagBag from /home/saba/.local/lib/python3.6/site-packages/airflow/example_dags/tutorial_taskflow_api_etl.py
[2022-06-17 22:27:03,092] {processor.py:652} INFO - DAG(s) dict_keys(['tutorial_taskflow_api_etl']) retrieved from /home/saba/.local/lib/python3.6/site-packages/airflow/example_dags/tutorial_taskflow_api_etl.py
[2022-06-17 22:27:04,234] {logging_mixin.py:109} INFO - [2022-06-17 22:27:04,234] {dag.py:2398} INFO - Sync 1 DAGs
[2022-06-17 22:27:04,276] {logging_mixin.py:109} INFO - [2022-06-17 22:27:04,276] {dag.py:2937} INFO - Setting next_dagrun for tutorial_taskflow_api_etl to None
[2022-06-17 22:27:04,318] {processor.py:171} INFO - Processing /home/saba/.local/lib/python3.6/site-packages/airflow/example_dags/tutorial_taskflow_api_etl.py took 1.314 seconds
[2022-06-17 22:28:03,173] {processor.py:163} INFO - Started process (PID=4534) to work on /home/saba/.local/lib/python3.6/site-packages/airflow/example_dags/tutorial_taskflow_api_etl.py
[2022-06-17 22:28:03,177] {processor.py:642} INFO - Processing file /home/saba/.local/lib/python3.6/site-packages/airflow/example_dags/tutorial_taskflow_api_etl.py for tasks to queue
[2022-06-17 22:28:03,179] {logging_mixin.py:109} INFO - [2022-06-17 22:28:03,179] {dagbag.py:500} INFO - Filling up the DagBag from /home/saba/.local/lib/python3.6/site-packages/airflow/example_dags/tutorial_taskflow_api_etl.py
[2022-06-17 22:28:03,255] {processor.py:652} INFO - DAG(s) dict_keys(['tutorial_taskflow_api_etl']) retrieved from /home/saba/.local/lib/python3.6/site-packages/airflow/example_dags/tutorial_taskflow_api_etl.py
[2022-06-17 22:28:04,398] {logging_mixin.py:109} INFO - [2022-06-17 22:28:04,398] {dag.py:2398} INFO - Sync 1 DAGs
[2022-06-17 22:28:04,452] {logging_mixin.py:109} INFO - [2022-06-17 22:28:04,452] {dag.py:2937} INFO - Setting next_dagrun for tutorial_taskflow_api_etl to None
[2022-06-17 22:28:04,513] {processor.py:171} INFO - Processing /home/saba/.local/lib/python3.6/site-packages/airflow/example_dags/tutorial_taskflow_api_etl.py took 1.349 seconds
[2022-06-17 22:29:04,319] {processor.py:163} INFO - Started process (PID=4612) to work on /home/saba/.local/lib/python3.6/site-packages/airflow/example_dags/tutorial_taskflow_api_etl.py
[2022-06-17 22:29:04,326] {processor.py:642} INFO - Processing file /home/saba/.local/lib/python3.6/site-packages/airflow/example_dags/tutorial_taskflow_api_etl.py for tasks to queue
[2022-06-17 22:29:04,329] {logging_mixin.py:109} INFO - [2022-06-17 22:29:04,329] {dagbag.py:500} INFO - Filling up the DagBag from /home/saba/.local/lib/python3.6/site-packages/airflow/example_dags/tutorial_taskflow_api_etl.py
[2022-06-17 22:29:04,463] {processor.py:652} INFO - DAG(s) dict_keys(['tutorial_taskflow_api_etl']) retrieved from /home/saba/.local/lib/python3.6/site-packages/airflow/example_dags/tutorial_taskflow_api_etl.py
[2022-06-17 22:29:06,032] {logging_mixin.py:109} INFO - [2022-06-17 22:29:06,032] {dag.py:2398} INFO - Sync 1 DAGs
[2022-06-17 22:29:06,108] {logging_mixin.py:109} INFO - [2022-06-17 22:29:06,108] {dag.py:2937} INFO - Setting next_dagrun for tutorial_taskflow_api_etl to None
[2022-06-17 22:29:06,151] {processor.py:171} INFO - Processing /home/saba/.local/lib/python3.6/site-packages/airflow/example_dags/tutorial_taskflow_api_etl.py took 1.848 seconds
[2022-06-17 22:30:05,792] {processor.py:163} INFO - Started process (PID=4922) to work on /home/saba/.local/lib/python3.6/site-packages/airflow/example_dags/tutorial_taskflow_api_etl.py
[2022-06-17 22:30:05,797] {processor.py:642} INFO - Processing file /home/saba/.local/lib/python3.6/site-packages/airflow/example_dags/tutorial_taskflow_api_etl.py for tasks to queue
[2022-06-17 22:30:05,799] {logging_mixin.py:109} INFO - [2022-06-17 22:30:05,799] {dagbag.py:500} INFO - Filling up the DagBag from /home/saba/.local/lib/python3.6/site-packages/airflow/example_dags/tutorial_taskflow_api_etl.py
[2022-06-17 22:30:05,870] {processor.py:652} INFO - DAG(s) dict_keys(['tutorial_taskflow_api_etl']) retrieved from /home/saba/.local/lib/python3.6/site-packages/airflow/example_dags/tutorial_taskflow_api_etl.py
[2022-06-17 22:30:07,524] {logging_mixin.py:109} INFO - [2022-06-17 22:30:07,523] {dag.py:2398} INFO - Sync 1 DAGs
[2022-06-17 22:30:07,656] {logging_mixin.py:109} INFO - [2022-06-17 22:30:07,655] {dag.py:2937} INFO - Setting next_dagrun for tutorial_taskflow_api_etl to None
[2022-06-17 22:30:07,736] {processor.py:171} INFO - Processing /home/saba/.local/lib/python3.6/site-packages/airflow/example_dags/tutorial_taskflow_api_etl.py took 1.952 seconds
[2022-06-17 22:30:55,479] {processor.py:163} INFO - Started process (PID=5000) to work on /home/saba/.local/lib/python3.6/site-packages/airflow/example_dags/tutorial_taskflow_api_etl.py
[2022-06-17 22:30:55,481] {processor.py:642} INFO - Processing file /home/saba/.local/lib/python3.6/site-packages/airflow/example_dags/tutorial_taskflow_api_etl.py for tasks to queue
[2022-06-17 22:30:55,483] {logging_mixin.py:109} INFO - [2022-06-17 22:30:55,482] {dagbag.py:500} INFO - Filling up the DagBag from /home/saba/.local/lib/python3.6/site-packages/airflow/example_dags/tutorial_taskflow_api_etl.py
[2022-06-17 22:30:55,526] {processor.py:652} INFO - DAG(s) dict_keys(['tutorial_taskflow_api_etl']) retrieved from /home/saba/.local/lib/python3.6/site-packages/airflow/example_dags/tutorial_taskflow_api_etl.py
[2022-06-17 22:30:56,074] {logging_mixin.py:109} INFO - [2022-06-17 22:30:56,074] {dag.py:2398} INFO - Sync 1 DAGs
[2022-06-17 22:30:56,104] {logging_mixin.py:109} INFO - [2022-06-17 22:30:56,103] {dag.py:2937} INFO - Setting next_dagrun for tutorial_taskflow_api_etl to None
[2022-06-17 22:30:56,128] {processor.py:171} INFO - Processing /home/saba/.local/lib/python3.6/site-packages/airflow/example_dags/tutorial_taskflow_api_etl.py took 0.655 seconds
[2022-06-17 22:31:35,552] {processor.py:163} INFO - Started process (PID=5087) to work on /home/saba/.local/lib/python3.6/site-packages/airflow/example_dags/tutorial_taskflow_api_etl.py
[2022-06-17 22:31:35,565] {processor.py:642} INFO - Processing file /home/saba/.local/lib/python3.6/site-packages/airflow/example_dags/tutorial_taskflow_api_etl.py for tasks to queue
[2022-06-17 22:31:35,567] {logging_mixin.py:109} INFO - [2022-06-17 22:31:35,566] {dagbag.py:500} INFO - Filling up the DagBag from /home/saba/.local/lib/python3.6/site-packages/airflow/example_dags/tutorial_taskflow_api_etl.py
[2022-06-17 22:31:35,688] {processor.py:652} INFO - DAG(s) dict_keys(['tutorial_taskflow_api_etl']) retrieved from /home/saba/.local/lib/python3.6/site-packages/airflow/example_dags/tutorial_taskflow_api_etl.py
[2022-06-17 22:31:37,758] {logging_mixin.py:109} INFO - [2022-06-17 22:31:37,757] {dag.py:2398} INFO - Sync 1 DAGs
[2022-06-17 22:31:37,884] {logging_mixin.py:109} INFO - [2022-06-17 22:31:37,881] {dag.py:2937} INFO - Setting next_dagrun for tutorial_taskflow_api_etl to None
[2022-06-17 22:31:37,976] {processor.py:171} INFO - Processing /home/saba/.local/lib/python3.6/site-packages/airflow/example_dags/tutorial_taskflow_api_etl.py took 2.433 seconds
[2022-06-17 22:32:27,968] {processor.py:163} INFO - Started process (PID=5130) to work on /home/saba/.local/lib/python3.6/site-packages/airflow/example_dags/tutorial_taskflow_api_etl.py
[2022-06-17 22:32:27,970] {processor.py:642} INFO - Processing file /home/saba/.local/lib/python3.6/site-packages/airflow/example_dags/tutorial_taskflow_api_etl.py for tasks to queue
[2022-06-17 22:32:27,971] {logging_mixin.py:109} INFO - [2022-06-17 22:32:27,971] {dagbag.py:500} INFO - Filling up the DagBag from /home/saba/.local/lib/python3.6/site-packages/airflow/example_dags/tutorial_taskflow_api_etl.py
[2022-06-17 22:32:28,006] {processor.py:652} INFO - DAG(s) dict_keys(['tutorial_taskflow_api_etl']) retrieved from /home/saba/.local/lib/python3.6/site-packages/airflow/example_dags/tutorial_taskflow_api_etl.py
[2022-06-17 22:32:28,463] {logging_mixin.py:109} INFO - [2022-06-17 22:32:28,463] {dag.py:2398} INFO - Sync 1 DAGs
[2022-06-17 22:32:28,486] {logging_mixin.py:109} INFO - [2022-06-17 22:32:28,486] {dag.py:2937} INFO - Setting next_dagrun for tutorial_taskflow_api_etl to None
[2022-06-17 22:32:28,514] {processor.py:171} INFO - Processing /home/saba/.local/lib/python3.6/site-packages/airflow/example_dags/tutorial_taskflow_api_etl.py took 0.550 seconds
[2022-06-17 22:33:11,261] {processor.py:163} INFO - Started process (PID=5381) to work on /home/saba/.local/lib/python3.6/site-packages/airflow/example_dags/tutorial_taskflow_api_etl.py
[2022-06-17 22:33:11,263] {processor.py:642} INFO - Processing file /home/saba/.local/lib/python3.6/site-packages/airflow/example_dags/tutorial_taskflow_api_etl.py for tasks to queue
[2022-06-17 22:33:11,264] {logging_mixin.py:109} INFO - [2022-06-17 22:33:11,264] {dagbag.py:500} INFO - Filling up the DagBag from /home/saba/.local/lib/python3.6/site-packages/airflow/example_dags/tutorial_taskflow_api_etl.py
[2022-06-17 22:33:11,297] {processor.py:652} INFO - DAG(s) dict_keys(['tutorial_taskflow_api_etl']) retrieved from /home/saba/.local/lib/python3.6/site-packages/airflow/example_dags/tutorial_taskflow_api_etl.py
[2022-06-17 22:33:11,698] {logging_mixin.py:109} INFO - [2022-06-17 22:33:11,697] {dag.py:2398} INFO - Sync 1 DAGs
[2022-06-17 22:33:11,716] {logging_mixin.py:109} INFO - [2022-06-17 22:33:11,716] {dag.py:2937} INFO - Setting next_dagrun for tutorial_taskflow_api_etl to None
[2022-06-17 22:33:11,737] {processor.py:171} INFO - Processing /home/saba/.local/lib/python3.6/site-packages/airflow/example_dags/tutorial_taskflow_api_etl.py took 0.479 seconds
[2022-06-17 22:33:57,609] {processor.py:163} INFO - Started process (PID=5662) to work on /home/saba/.local/lib/python3.6/site-packages/airflow/example_dags/tutorial_taskflow_api_etl.py
[2022-06-17 22:33:57,622] {processor.py:642} INFO - Processing file /home/saba/.local/lib/python3.6/site-packages/airflow/example_dags/tutorial_taskflow_api_etl.py for tasks to queue
[2022-06-17 22:33:57,623] {logging_mixin.py:109} INFO - [2022-06-17 22:33:57,623] {dagbag.py:500} INFO - Filling up the DagBag from /home/saba/.local/lib/python3.6/site-packages/airflow/example_dags/tutorial_taskflow_api_etl.py
[2022-06-17 22:33:57,738] {processor.py:652} INFO - DAG(s) dict_keys(['tutorial_taskflow_api_etl']) retrieved from /home/saba/.local/lib/python3.6/site-packages/airflow/example_dags/tutorial_taskflow_api_etl.py
[2022-06-17 22:33:58,775] {logging_mixin.py:109} INFO - [2022-06-17 22:33:58,775] {dag.py:2398} INFO - Sync 1 DAGs
[2022-06-17 22:33:58,819] {logging_mixin.py:109} INFO - [2022-06-17 22:33:58,819] {dag.py:2937} INFO - Setting next_dagrun for tutorial_taskflow_api_etl to None
[2022-06-17 22:33:58,862] {processor.py:171} INFO - Processing /home/saba/.local/lib/python3.6/site-packages/airflow/example_dags/tutorial_taskflow_api_etl.py took 1.269 seconds
[2022-06-17 22:34:42,668] {processor.py:163} INFO - Started process (PID=5715) to work on /home/saba/.local/lib/python3.6/site-packages/airflow/example_dags/tutorial_taskflow_api_etl.py
[2022-06-17 22:34:42,680] {processor.py:642} INFO - Processing file /home/saba/.local/lib/python3.6/site-packages/airflow/example_dags/tutorial_taskflow_api_etl.py for tasks to queue
[2022-06-17 22:34:42,681] {logging_mixin.py:109} INFO - [2022-06-17 22:34:42,681] {dagbag.py:500} INFO - Filling up the DagBag from /home/saba/.local/lib/python3.6/site-packages/airflow/example_dags/tutorial_taskflow_api_etl.py
[2022-06-17 22:34:42,732] {processor.py:652} INFO - DAG(s) dict_keys(['tutorial_taskflow_api_etl']) retrieved from /home/saba/.local/lib/python3.6/site-packages/airflow/example_dags/tutorial_taskflow_api_etl.py
[2022-06-17 22:34:43,526] {logging_mixin.py:109} INFO - [2022-06-17 22:34:43,526] {dag.py:2398} INFO - Sync 1 DAGs
[2022-06-17 22:34:43,581] {logging_mixin.py:109} INFO - [2022-06-17 22:34:43,580] {dag.py:2937} INFO - Setting next_dagrun for tutorial_taskflow_api_etl to None
[2022-06-17 22:34:43,790] {processor.py:171} INFO - Processing /home/saba/.local/lib/python3.6/site-packages/airflow/example_dags/tutorial_taskflow_api_etl.py took 1.128 seconds
[2022-06-17 22:35:30,328] {processor.py:163} INFO - Started process (PID=5768) to work on /home/saba/.local/lib/python3.6/site-packages/airflow/example_dags/tutorial_taskflow_api_etl.py
[2022-06-17 22:35:30,331] {processor.py:642} INFO - Processing file /home/saba/.local/lib/python3.6/site-packages/airflow/example_dags/tutorial_taskflow_api_etl.py for tasks to queue
[2022-06-17 22:35:30,332] {logging_mixin.py:109} INFO - [2022-06-17 22:35:30,332] {dagbag.py:500} INFO - Filling up the DagBag from /home/saba/.local/lib/python3.6/site-packages/airflow/example_dags/tutorial_taskflow_api_etl.py
[2022-06-17 22:35:30,371] {processor.py:652} INFO - DAG(s) dict_keys(['tutorial_taskflow_api_etl']) retrieved from /home/saba/.local/lib/python3.6/site-packages/airflow/example_dags/tutorial_taskflow_api_etl.py
[2022-06-17 22:35:30,808] {logging_mixin.py:109} INFO - [2022-06-17 22:35:30,808] {dag.py:2398} INFO - Sync 1 DAGs
[2022-06-17 22:35:30,827] {logging_mixin.py:109} INFO - [2022-06-17 22:35:30,827] {dag.py:2937} INFO - Setting next_dagrun for tutorial_taskflow_api_etl to None
[2022-06-17 22:35:30,849] {processor.py:171} INFO - Processing /home/saba/.local/lib/python3.6/site-packages/airflow/example_dags/tutorial_taskflow_api_etl.py took 0.526 seconds
[2022-06-17 22:36:09,510] {processor.py:163} INFO - Started process (PID=5824) to work on /home/saba/.local/lib/python3.6/site-packages/airflow/example_dags/tutorial_taskflow_api_etl.py
[2022-06-17 22:36:09,512] {processor.py:642} INFO - Processing file /home/saba/.local/lib/python3.6/site-packages/airflow/example_dags/tutorial_taskflow_api_etl.py for tasks to queue
[2022-06-17 22:36:09,513] {logging_mixin.py:109} INFO - [2022-06-17 22:36:09,513] {dagbag.py:500} INFO - Filling up the DagBag from /home/saba/.local/lib/python3.6/site-packages/airflow/example_dags/tutorial_taskflow_api_etl.py
[2022-06-17 22:36:09,537] {processor.py:652} INFO - DAG(s) dict_keys(['tutorial_taskflow_api_etl']) retrieved from /home/saba/.local/lib/python3.6/site-packages/airflow/example_dags/tutorial_taskflow_api_etl.py
[2022-06-17 22:36:09,909] {logging_mixin.py:109} INFO - [2022-06-17 22:36:09,909] {dag.py:2398} INFO - Sync 1 DAGs
[2022-06-17 22:36:09,937] {logging_mixin.py:109} INFO - [2022-06-17 22:36:09,937] {dag.py:2937} INFO - Setting next_dagrun for tutorial_taskflow_api_etl to None
[2022-06-17 22:36:09,961] {processor.py:171} INFO - Processing /home/saba/.local/lib/python3.6/site-packages/airflow/example_dags/tutorial_taskflow_api_etl.py took 0.454 seconds
[2022-06-17 22:36:50,231] {processor.py:163} INFO - Started process (PID=5877) to work on /home/saba/.local/lib/python3.6/site-packages/airflow/example_dags/tutorial_taskflow_api_etl.py
[2022-06-17 22:36:50,244] {processor.py:642} INFO - Processing file /home/saba/.local/lib/python3.6/site-packages/airflow/example_dags/tutorial_taskflow_api_etl.py for tasks to queue
[2022-06-17 22:36:50,247] {logging_mixin.py:109} INFO - [2022-06-17 22:36:50,246] {dagbag.py:500} INFO - Filling up the DagBag from /home/saba/.local/lib/python3.6/site-packages/airflow/example_dags/tutorial_taskflow_api_etl.py
[2022-06-17 22:36:50,365] {processor.py:652} INFO - DAG(s) dict_keys(['tutorial_taskflow_api_etl']) retrieved from /home/saba/.local/lib/python3.6/site-packages/airflow/example_dags/tutorial_taskflow_api_etl.py
[2022-06-17 22:36:51,698] {logging_mixin.py:109} INFO - [2022-06-17 22:36:51,698] {dag.py:2398} INFO - Sync 1 DAGs
[2022-06-17 22:36:51,778] {logging_mixin.py:109} INFO - [2022-06-17 22:36:51,777] {dag.py:2937} INFO - Setting next_dagrun for tutorial_taskflow_api_etl to None
[2022-06-17 22:36:51,835] {processor.py:171} INFO - Processing /home/saba/.local/lib/python3.6/site-packages/airflow/example_dags/tutorial_taskflow_api_etl.py took 1.622 seconds
[2022-06-17 22:37:40,377] {processor.py:163} INFO - Started process (PID=5932) to work on /home/saba/.local/lib/python3.6/site-packages/airflow/example_dags/tutorial_taskflow_api_etl.py
[2022-06-17 22:37:40,380] {processor.py:642} INFO - Processing file /home/saba/.local/lib/python3.6/site-packages/airflow/example_dags/tutorial_taskflow_api_etl.py for tasks to queue
[2022-06-17 22:37:40,382] {logging_mixin.py:109} INFO - [2022-06-17 22:37:40,382] {dagbag.py:500} INFO - Filling up the DagBag from /home/saba/.local/lib/python3.6/site-packages/airflow/example_dags/tutorial_taskflow_api_etl.py
[2022-06-17 22:37:40,440] {processor.py:652} INFO - DAG(s) dict_keys(['tutorial_taskflow_api_etl']) retrieved from /home/saba/.local/lib/python3.6/site-packages/airflow/example_dags/tutorial_taskflow_api_etl.py
[2022-06-17 22:37:41,308] {logging_mixin.py:109} INFO - [2022-06-17 22:37:41,308] {dag.py:2398} INFO - Sync 1 DAGs
[2022-06-17 22:37:41,347] {logging_mixin.py:109} INFO - [2022-06-17 22:37:41,347] {dag.py:2937} INFO - Setting next_dagrun for tutorial_taskflow_api_etl to None
[2022-06-17 22:37:41,387] {processor.py:171} INFO - Processing /home/saba/.local/lib/python3.6/site-packages/airflow/example_dags/tutorial_taskflow_api_etl.py took 1.016 seconds
[2022-06-17 22:38:26,346] {processor.py:163} INFO - Started process (PID=5986) to work on /home/saba/.local/lib/python3.6/site-packages/airflow/example_dags/tutorial_taskflow_api_etl.py
[2022-06-17 22:38:26,349] {processor.py:642} INFO - Processing file /home/saba/.local/lib/python3.6/site-packages/airflow/example_dags/tutorial_taskflow_api_etl.py for tasks to queue
[2022-06-17 22:38:26,351] {logging_mixin.py:109} INFO - [2022-06-17 22:38:26,350] {dagbag.py:500} INFO - Filling up the DagBag from /home/saba/.local/lib/python3.6/site-packages/airflow/example_dags/tutorial_taskflow_api_etl.py
[2022-06-17 22:38:26,417] {processor.py:652} INFO - DAG(s) dict_keys(['tutorial_taskflow_api_etl']) retrieved from /home/saba/.local/lib/python3.6/site-packages/airflow/example_dags/tutorial_taskflow_api_etl.py
[2022-06-17 22:38:27,179] {logging_mixin.py:109} INFO - [2022-06-17 22:38:27,179] {dag.py:2398} INFO - Sync 1 DAGs
[2022-06-17 22:38:27,210] {logging_mixin.py:109} INFO - [2022-06-17 22:38:27,209] {dag.py:2937} INFO - Setting next_dagrun for tutorial_taskflow_api_etl to None
[2022-06-17 22:38:27,246] {processor.py:171} INFO - Processing /home/saba/.local/lib/python3.6/site-packages/airflow/example_dags/tutorial_taskflow_api_etl.py took 0.908 seconds
[2022-06-17 22:39:07,355] {processor.py:163} INFO - Started process (PID=6059) to work on /home/saba/.local/lib/python3.6/site-packages/airflow/example_dags/tutorial_taskflow_api_etl.py
[2022-06-17 22:39:07,357] {processor.py:642} INFO - Processing file /home/saba/.local/lib/python3.6/site-packages/airflow/example_dags/tutorial_taskflow_api_etl.py for tasks to queue
[2022-06-17 22:39:07,358] {logging_mixin.py:109} INFO - [2022-06-17 22:39:07,358] {dagbag.py:500} INFO - Filling up the DagBag from /home/saba/.local/lib/python3.6/site-packages/airflow/example_dags/tutorial_taskflow_api_etl.py
[2022-06-17 22:39:07,390] {processor.py:652} INFO - DAG(s) dict_keys(['tutorial_taskflow_api_etl']) retrieved from /home/saba/.local/lib/python3.6/site-packages/airflow/example_dags/tutorial_taskflow_api_etl.py
[2022-06-17 22:39:07,753] {logging_mixin.py:109} INFO - [2022-06-17 22:39:07,753] {dag.py:2398} INFO - Sync 1 DAGs
[2022-06-17 22:39:07,770] {logging_mixin.py:109} INFO - [2022-06-17 22:39:07,770] {dag.py:2937} INFO - Setting next_dagrun for tutorial_taskflow_api_etl to None
[2022-06-17 22:39:07,789] {processor.py:171} INFO - Processing /home/saba/.local/lib/python3.6/site-packages/airflow/example_dags/tutorial_taskflow_api_etl.py took 0.438 seconds
[2022-06-17 22:40:00,756] {processor.py:163} INFO - Started process (PID=6681) to work on /home/saba/.local/lib/python3.6/site-packages/airflow/example_dags/tutorial_taskflow_api_etl.py
[2022-06-17 22:40:00,759] {processor.py:642} INFO - Processing file /home/saba/.local/lib/python3.6/site-packages/airflow/example_dags/tutorial_taskflow_api_etl.py for tasks to queue
[2022-06-17 22:40:00,761] {logging_mixin.py:109} INFO - [2022-06-17 22:40:00,760] {dagbag.py:500} INFO - Filling up the DagBag from /home/saba/.local/lib/python3.6/site-packages/airflow/example_dags/tutorial_taskflow_api_etl.py
[2022-06-17 22:40:00,803] {processor.py:652} INFO - DAG(s) dict_keys(['tutorial_taskflow_api_etl']) retrieved from /home/saba/.local/lib/python3.6/site-packages/airflow/example_dags/tutorial_taskflow_api_etl.py
[2022-06-17 22:40:01,264] {logging_mixin.py:109} INFO - [2022-06-17 22:40:01,264] {dag.py:2398} INFO - Sync 1 DAGs
[2022-06-17 22:40:01,286] {logging_mixin.py:109} INFO - [2022-06-17 22:40:01,286] {dag.py:2937} INFO - Setting next_dagrun for tutorial_taskflow_api_etl to None
[2022-06-17 22:40:01,311] {processor.py:171} INFO - Processing /home/saba/.local/lib/python3.6/site-packages/airflow/example_dags/tutorial_taskflow_api_etl.py took 0.560 seconds
[2022-06-17 22:40:37,724] {processor.py:163} INFO - Started process (PID=6858) to work on /home/saba/.local/lib/python3.6/site-packages/airflow/example_dags/tutorial_taskflow_api_etl.py
[2022-06-17 22:40:37,727] {processor.py:642} INFO - Processing file /home/saba/.local/lib/python3.6/site-packages/airflow/example_dags/tutorial_taskflow_api_etl.py for tasks to queue
[2022-06-17 22:40:37,728] {logging_mixin.py:109} INFO - [2022-06-17 22:40:37,727] {dagbag.py:500} INFO - Filling up the DagBag from /home/saba/.local/lib/python3.6/site-packages/airflow/example_dags/tutorial_taskflow_api_etl.py
[2022-06-17 22:40:37,765] {processor.py:652} INFO - DAG(s) dict_keys(['tutorial_taskflow_api_etl']) retrieved from /home/saba/.local/lib/python3.6/site-packages/airflow/example_dags/tutorial_taskflow_api_etl.py
[2022-06-17 22:40:38,119] {logging_mixin.py:109} INFO - [2022-06-17 22:40:38,119] {dag.py:2398} INFO - Sync 1 DAGs
[2022-06-17 22:40:38,135] {logging_mixin.py:109} INFO - [2022-06-17 22:40:38,135] {dag.py:2937} INFO - Setting next_dagrun for tutorial_taskflow_api_etl to None
[2022-06-17 22:40:38,155] {processor.py:171} INFO - Processing /home/saba/.local/lib/python3.6/site-packages/airflow/example_dags/tutorial_taskflow_api_etl.py took 0.434 seconds
[2022-06-17 22:41:24,616] {processor.py:163} INFO - Started process (PID=6958) to work on /home/saba/.local/lib/python3.6/site-packages/airflow/example_dags/tutorial_taskflow_api_etl.py
[2022-06-17 22:41:24,620] {processor.py:642} INFO - Processing file /home/saba/.local/lib/python3.6/site-packages/airflow/example_dags/tutorial_taskflow_api_etl.py for tasks to queue
[2022-06-17 22:41:24,622] {logging_mixin.py:109} INFO - [2022-06-17 22:41:24,622] {dagbag.py:500} INFO - Filling up the DagBag from /home/saba/.local/lib/python3.6/site-packages/airflow/example_dags/tutorial_taskflow_api_etl.py
[2022-06-17 22:41:24,708] {processor.py:652} INFO - DAG(s) dict_keys(['tutorial_taskflow_api_etl']) retrieved from /home/saba/.local/lib/python3.6/site-packages/airflow/example_dags/tutorial_taskflow_api_etl.py
[2022-06-17 22:41:25,693] {logging_mixin.py:109} INFO - [2022-06-17 22:41:25,692] {dag.py:2398} INFO - Sync 1 DAGs
[2022-06-17 22:41:25,755] {logging_mixin.py:109} INFO - [2022-06-17 22:41:25,755] {dag.py:2937} INFO - Setting next_dagrun for tutorial_taskflow_api_etl to None
[2022-06-17 22:41:25,812] {processor.py:171} INFO - Processing /home/saba/.local/lib/python3.6/site-packages/airflow/example_dags/tutorial_taskflow_api_etl.py took 1.203 seconds
[2022-06-17 22:42:02,999] {processor.py:163} INFO - Started process (PID=7448) to work on /home/saba/.local/lib/python3.6/site-packages/airflow/example_dags/tutorial_taskflow_api_etl.py
[2022-06-17 22:42:03,001] {processor.py:642} INFO - Processing file /home/saba/.local/lib/python3.6/site-packages/airflow/example_dags/tutorial_taskflow_api_etl.py for tasks to queue
[2022-06-17 22:42:03,002] {logging_mixin.py:109} INFO - [2022-06-17 22:42:03,002] {dagbag.py:500} INFO - Filling up the DagBag from /home/saba/.local/lib/python3.6/site-packages/airflow/example_dags/tutorial_taskflow_api_etl.py
[2022-06-17 22:42:03,039] {processor.py:652} INFO - DAG(s) dict_keys(['tutorial_taskflow_api_etl']) retrieved from /home/saba/.local/lib/python3.6/site-packages/airflow/example_dags/tutorial_taskflow_api_etl.py
[2022-06-17 22:42:03,465] {logging_mixin.py:109} INFO - [2022-06-17 22:42:03,465] {dag.py:2398} INFO - Sync 1 DAGs
[2022-06-17 22:42:03,483] {logging_mixin.py:109} INFO - [2022-06-17 22:42:03,483] {dag.py:2937} INFO - Setting next_dagrun for tutorial_taskflow_api_etl to None
[2022-06-17 22:42:03,504] {processor.py:171} INFO - Processing /home/saba/.local/lib/python3.6/site-packages/airflow/example_dags/tutorial_taskflow_api_etl.py took 0.509 seconds
[2022-06-17 22:42:53,492] {processor.py:163} INFO - Started process (PID=7913) to work on /home/saba/.local/lib/python3.6/site-packages/airflow/example_dags/tutorial_taskflow_api_etl.py
[2022-06-17 22:42:53,495] {processor.py:642} INFO - Processing file /home/saba/.local/lib/python3.6/site-packages/airflow/example_dags/tutorial_taskflow_api_etl.py for tasks to queue
[2022-06-17 22:42:53,497] {logging_mixin.py:109} INFO - [2022-06-17 22:42:53,497] {dagbag.py:500} INFO - Filling up the DagBag from /home/saba/.local/lib/python3.6/site-packages/airflow/example_dags/tutorial_taskflow_api_etl.py
[2022-06-17 22:42:53,555] {processor.py:652} INFO - DAG(s) dict_keys(['tutorial_taskflow_api_etl']) retrieved from /home/saba/.local/lib/python3.6/site-packages/airflow/example_dags/tutorial_taskflow_api_etl.py
[2022-06-17 22:42:54,555] {logging_mixin.py:109} INFO - [2022-06-17 22:42:54,555] {dag.py:2398} INFO - Sync 1 DAGs
[2022-06-17 22:42:54,600] {logging_mixin.py:109} INFO - [2022-06-17 22:42:54,600] {dag.py:2937} INFO - Setting next_dagrun for tutorial_taskflow_api_etl to None
[2022-06-17 22:42:54,633] {processor.py:171} INFO - Processing /home/saba/.local/lib/python3.6/site-packages/airflow/example_dags/tutorial_taskflow_api_etl.py took 1.149 seconds
[2022-06-17 22:43:37,791] {processor.py:163} INFO - Started process (PID=8224) to work on /home/saba/.local/lib/python3.6/site-packages/airflow/example_dags/tutorial_taskflow_api_etl.py
[2022-06-17 22:43:37,795] {processor.py:642} INFO - Processing file /home/saba/.local/lib/python3.6/site-packages/airflow/example_dags/tutorial_taskflow_api_etl.py for tasks to queue
[2022-06-17 22:43:37,797] {logging_mixin.py:109} INFO - [2022-06-17 22:43:37,797] {dagbag.py:500} INFO - Filling up the DagBag from /home/saba/.local/lib/python3.6/site-packages/airflow/example_dags/tutorial_taskflow_api_etl.py
[2022-06-17 22:43:37,860] {processor.py:652} INFO - DAG(s) dict_keys(['tutorial_taskflow_api_etl']) retrieved from /home/saba/.local/lib/python3.6/site-packages/airflow/example_dags/tutorial_taskflow_api_etl.py
[2022-06-17 22:43:38,715] {logging_mixin.py:109} INFO - [2022-06-17 22:43:38,715] {dag.py:2398} INFO - Sync 1 DAGs
[2022-06-17 22:43:38,743] {logging_mixin.py:109} INFO - [2022-06-17 22:43:38,743] {dag.py:2937} INFO - Setting next_dagrun for tutorial_taskflow_api_etl to None
[2022-06-17 22:43:38,777] {processor.py:171} INFO - Processing /home/saba/.local/lib/python3.6/site-packages/airflow/example_dags/tutorial_taskflow_api_etl.py took 0.994 seconds
[2022-06-17 22:44:52,703] {processor.py:163} INFO - Started process (PID=8535) to work on /home/saba/.local/lib/python3.6/site-packages/airflow/example_dags/tutorial_taskflow_api_etl.py
[2022-06-17 22:44:52,705] {processor.py:642} INFO - Processing file /home/saba/.local/lib/python3.6/site-packages/airflow/example_dags/tutorial_taskflow_api_etl.py for tasks to queue
[2022-06-17 22:44:52,706] {logging_mixin.py:109} INFO - [2022-06-17 22:44:52,706] {dagbag.py:500} INFO - Filling up the DagBag from /home/saba/.local/lib/python3.6/site-packages/airflow/example_dags/tutorial_taskflow_api_etl.py
[2022-06-17 22:44:52,739] {processor.py:652} INFO - DAG(s) dict_keys(['tutorial_taskflow_api_etl']) retrieved from /home/saba/.local/lib/python3.6/site-packages/airflow/example_dags/tutorial_taskflow_api_etl.py
[2022-06-17 22:44:53,127] {logging_mixin.py:109} INFO - [2022-06-17 22:44:53,127] {dag.py:2398} INFO - Sync 1 DAGs
[2022-06-17 22:44:53,152] {logging_mixin.py:109} INFO - [2022-06-17 22:44:53,152] {dag.py:2937} INFO - Setting next_dagrun for tutorial_taskflow_api_etl to None
[2022-06-17 22:44:53,178] {processor.py:171} INFO - Processing /home/saba/.local/lib/python3.6/site-packages/airflow/example_dags/tutorial_taskflow_api_etl.py took 0.480 seconds
[2022-06-17 22:45:36,874] {processor.py:163} INFO - Started process (PID=8590) to work on /home/saba/.local/lib/python3.6/site-packages/airflow/example_dags/tutorial_taskflow_api_etl.py
[2022-06-17 22:45:36,876] {processor.py:642} INFO - Processing file /home/saba/.local/lib/python3.6/site-packages/airflow/example_dags/tutorial_taskflow_api_etl.py for tasks to queue
[2022-06-17 22:45:36,877] {logging_mixin.py:109} INFO - [2022-06-17 22:45:36,877] {dagbag.py:500} INFO - Filling up the DagBag from /home/saba/.local/lib/python3.6/site-packages/airflow/example_dags/tutorial_taskflow_api_etl.py
[2022-06-17 22:45:36,907] {processor.py:652} INFO - DAG(s) dict_keys(['tutorial_taskflow_api_etl']) retrieved from /home/saba/.local/lib/python3.6/site-packages/airflow/example_dags/tutorial_taskflow_api_etl.py
[2022-06-17 22:45:36,929] {logging_mixin.py:109} INFO - [2022-06-17 22:45:36,928] {dag.py:2398} INFO - Sync 1 DAGs
[2022-06-17 22:45:36,955] {logging_mixin.py:109} INFO - [2022-06-17 22:45:36,954] {dag.py:2937} INFO - Setting next_dagrun for tutorial_taskflow_api_etl to None
[2022-06-17 22:45:36,977] {processor.py:171} INFO - Processing /home/saba/.local/lib/python3.6/site-packages/airflow/example_dags/tutorial_taskflow_api_etl.py took 0.108 seconds
[2022-06-17 22:48:01,485] {processor.py:163} INFO - Started process (PID=10394) to work on /home/saba/.local/lib/python3.6/site-packages/airflow/example_dags/tutorial_taskflow_api_etl.py
[2022-06-17 22:48:01,487] {processor.py:642} INFO - Processing file /home/saba/.local/lib/python3.6/site-packages/airflow/example_dags/tutorial_taskflow_api_etl.py for tasks to queue
[2022-06-17 22:48:01,487] {logging_mixin.py:109} INFO - [2022-06-17 22:48:01,487] {dagbag.py:500} INFO - Filling up the DagBag from /home/saba/.local/lib/python3.6/site-packages/airflow/example_dags/tutorial_taskflow_api_etl.py
[2022-06-17 22:48:01,511] {processor.py:652} INFO - DAG(s) dict_keys(['tutorial_taskflow_api_etl']) retrieved from /home/saba/.local/lib/python3.6/site-packages/airflow/example_dags/tutorial_taskflow_api_etl.py
[2022-06-17 22:48:01,797] {logging_mixin.py:109} INFO - [2022-06-17 22:48:01,797] {dag.py:2398} INFO - Sync 1 DAGs
[2022-06-17 22:48:01,810] {logging_mixin.py:109} INFO - [2022-06-17 22:48:01,810] {dag.py:2937} INFO - Setting next_dagrun for tutorial_taskflow_api_etl to None
[2022-06-17 22:48:01,829] {processor.py:171} INFO - Processing /home/saba/.local/lib/python3.6/site-packages/airflow/example_dags/tutorial_taskflow_api_etl.py took 0.347 seconds
[2022-06-17 22:48:47,154] {processor.py:163} INFO - Started process (PID=10601) to work on /home/saba/.local/lib/python3.6/site-packages/airflow/example_dags/tutorial_taskflow_api_etl.py
[2022-06-17 22:48:47,157] {processor.py:642} INFO - Processing file /home/saba/.local/lib/python3.6/site-packages/airflow/example_dags/tutorial_taskflow_api_etl.py for tasks to queue
[2022-06-17 22:48:47,157] {logging_mixin.py:109} INFO - [2022-06-17 22:48:47,157] {dagbag.py:500} INFO - Filling up the DagBag from /home/saba/.local/lib/python3.6/site-packages/airflow/example_dags/tutorial_taskflow_api_etl.py
[2022-06-17 22:48:47,184] {processor.py:652} INFO - DAG(s) dict_keys(['tutorial_taskflow_api_etl']) retrieved from /home/saba/.local/lib/python3.6/site-packages/airflow/example_dags/tutorial_taskflow_api_etl.py
[2022-06-17 22:48:47,480] {logging_mixin.py:109} INFO - [2022-06-17 22:48:47,480] {dag.py:2398} INFO - Sync 1 DAGs
[2022-06-17 22:48:47,492] {logging_mixin.py:109} INFO - [2022-06-17 22:48:47,492] {dag.py:2937} INFO - Setting next_dagrun for tutorial_taskflow_api_etl to None
[2022-06-17 22:48:47,507] {processor.py:171} INFO - Processing /home/saba/.local/lib/python3.6/site-packages/airflow/example_dags/tutorial_taskflow_api_etl.py took 0.356 seconds
[2022-06-17 22:49:33,595] {processor.py:163} INFO - Started process (PID=10804) to work on /home/saba/.local/lib/python3.6/site-packages/airflow/example_dags/tutorial_taskflow_api_etl.py
[2022-06-17 22:49:33,597] {processor.py:642} INFO - Processing file /home/saba/.local/lib/python3.6/site-packages/airflow/example_dags/tutorial_taskflow_api_etl.py for tasks to queue
[2022-06-17 22:49:33,597] {logging_mixin.py:109} INFO - [2022-06-17 22:49:33,597] {dagbag.py:500} INFO - Filling up the DagBag from /home/saba/.local/lib/python3.6/site-packages/airflow/example_dags/tutorial_taskflow_api_etl.py
[2022-06-17 22:49:33,614] {processor.py:652} INFO - DAG(s) dict_keys(['tutorial_taskflow_api_etl']) retrieved from /home/saba/.local/lib/python3.6/site-packages/airflow/example_dags/tutorial_taskflow_api_etl.py
[2022-06-17 22:49:33,839] {logging_mixin.py:109} INFO - [2022-06-17 22:49:33,838] {dag.py:2398} INFO - Sync 1 DAGs
[2022-06-17 22:49:33,849] {logging_mixin.py:109} INFO - [2022-06-17 22:49:33,849] {dag.py:2937} INFO - Setting next_dagrun for tutorial_taskflow_api_etl to None
[2022-06-17 22:49:33,865] {processor.py:171} INFO - Processing /home/saba/.local/lib/python3.6/site-packages/airflow/example_dags/tutorial_taskflow_api_etl.py took 0.272 seconds
[2022-06-17 22:50:46,769] {processor.py:163} INFO - Started process (PID=11354) to work on /home/saba/.local/lib/python3.6/site-packages/airflow/example_dags/tutorial_taskflow_api_etl.py
[2022-06-17 22:50:46,771] {processor.py:642} INFO - Processing file /home/saba/.local/lib/python3.6/site-packages/airflow/example_dags/tutorial_taskflow_api_etl.py for tasks to queue
[2022-06-17 22:50:46,771] {logging_mixin.py:109} INFO - [2022-06-17 22:50:46,771] {dagbag.py:500} INFO - Filling up the DagBag from /home/saba/.local/lib/python3.6/site-packages/airflow/example_dags/tutorial_taskflow_api_etl.py
[2022-06-17 22:50:46,794] {processor.py:652} INFO - DAG(s) dict_keys(['tutorial_taskflow_api_etl']) retrieved from /home/saba/.local/lib/python3.6/site-packages/airflow/example_dags/tutorial_taskflow_api_etl.py
[2022-06-17 22:50:47,064] {logging_mixin.py:109} INFO - [2022-06-17 22:50:47,064] {dag.py:2398} INFO - Sync 1 DAGs
[2022-06-17 22:50:47,077] {logging_mixin.py:109} INFO - [2022-06-17 22:50:47,077] {dag.py:2937} INFO - Setting next_dagrun for tutorial_taskflow_api_etl to None
[2022-06-17 22:50:47,094] {processor.py:171} INFO - Processing /home/saba/.local/lib/python3.6/site-packages/airflow/example_dags/tutorial_taskflow_api_etl.py took 0.328 seconds
[2022-06-17 22:51:43,909] {processor.py:163} INFO - Started process (PID=11564) to work on /home/saba/.local/lib/python3.6/site-packages/airflow/example_dags/tutorial_taskflow_api_etl.py
[2022-06-17 22:51:43,912] {processor.py:642} INFO - Processing file /home/saba/.local/lib/python3.6/site-packages/airflow/example_dags/tutorial_taskflow_api_etl.py for tasks to queue
[2022-06-17 22:51:43,913] {logging_mixin.py:109} INFO - [2022-06-17 22:51:43,913] {dagbag.py:500} INFO - Filling up the DagBag from /home/saba/.local/lib/python3.6/site-packages/airflow/example_dags/tutorial_taskflow_api_etl.py
[2022-06-17 22:51:44,109] {processor.py:652} INFO - DAG(s) dict_keys(['tutorial_taskflow_api_etl']) retrieved from /home/saba/.local/lib/python3.6/site-packages/airflow/example_dags/tutorial_taskflow_api_etl.py
[2022-06-17 22:51:44,741] {logging_mixin.py:109} INFO - [2022-06-17 22:51:44,741] {dag.py:2398} INFO - Sync 1 DAGs
[2022-06-17 22:51:44,781] {logging_mixin.py:109} INFO - [2022-06-17 22:51:44,780] {dag.py:2937} INFO - Setting next_dagrun for tutorial_taskflow_api_etl to None
[2022-06-17 22:51:44,829] {processor.py:171} INFO - Processing /home/saba/.local/lib/python3.6/site-packages/airflow/example_dags/tutorial_taskflow_api_etl.py took 0.928 seconds
[2022-06-17 22:52:30,758] {processor.py:163} INFO - Started process (PID=11765) to work on /home/saba/.local/lib/python3.6/site-packages/airflow/example_dags/tutorial_taskflow_api_etl.py
[2022-06-17 22:52:30,760] {processor.py:642} INFO - Processing file /home/saba/.local/lib/python3.6/site-packages/airflow/example_dags/tutorial_taskflow_api_etl.py for tasks to queue
[2022-06-17 22:52:30,760] {logging_mixin.py:109} INFO - [2022-06-17 22:52:30,760] {dagbag.py:500} INFO - Filling up the DagBag from /home/saba/.local/lib/python3.6/site-packages/airflow/example_dags/tutorial_taskflow_api_etl.py
[2022-06-17 22:52:30,832] {processor.py:652} INFO - DAG(s) dict_keys(['tutorial_taskflow_api_etl']) retrieved from /home/saba/.local/lib/python3.6/site-packages/airflow/example_dags/tutorial_taskflow_api_etl.py
[2022-06-17 22:52:30,958] {logging_mixin.py:109} INFO - [2022-06-17 22:52:30,958] {dag.py:2398} INFO - Sync 1 DAGs
[2022-06-17 22:52:30,965] {logging_mixin.py:109} INFO - [2022-06-17 22:52:30,965] {dag.py:2937} INFO - Setting next_dagrun for tutorial_taskflow_api_etl to None
[2022-06-17 22:52:30,982] {processor.py:171} INFO - Processing /home/saba/.local/lib/python3.6/site-packages/airflow/example_dags/tutorial_taskflow_api_etl.py took 0.226 seconds
[2022-06-17 22:53:33,851] {processor.py:163} INFO - Started process (PID=12504) to work on /home/saba/.local/lib/python3.6/site-packages/airflow/example_dags/tutorial_taskflow_api_etl.py
[2022-06-17 22:53:33,853] {processor.py:642} INFO - Processing file /home/saba/.local/lib/python3.6/site-packages/airflow/example_dags/tutorial_taskflow_api_etl.py for tasks to queue
[2022-06-17 22:53:33,853] {logging_mixin.py:109} INFO - [2022-06-17 22:53:33,853] {dagbag.py:500} INFO - Filling up the DagBag from /home/saba/.local/lib/python3.6/site-packages/airflow/example_dags/tutorial_taskflow_api_etl.py
[2022-06-17 22:53:33,933] {processor.py:652} INFO - DAG(s) dict_keys(['tutorial_taskflow_api_etl']) retrieved from /home/saba/.local/lib/python3.6/site-packages/airflow/example_dags/tutorial_taskflow_api_etl.py
[2022-06-17 22:53:34,115] {logging_mixin.py:109} INFO - [2022-06-17 22:53:34,115] {dag.py:2398} INFO - Sync 1 DAGs
[2022-06-17 22:53:34,126] {logging_mixin.py:109} INFO - [2022-06-17 22:53:34,126] {dag.py:2937} INFO - Setting next_dagrun for tutorial_taskflow_api_etl to None
[2022-06-17 22:53:34,145] {processor.py:171} INFO - Processing /home/saba/.local/lib/python3.6/site-packages/airflow/example_dags/tutorial_taskflow_api_etl.py took 0.297 seconds
[2022-06-17 22:54:16,317] {processor.py:163} INFO - Started process (PID=12710) to work on /home/saba/.local/lib/python3.6/site-packages/airflow/example_dags/tutorial_taskflow_api_etl.py
[2022-06-17 22:54:16,318] {processor.py:642} INFO - Processing file /home/saba/.local/lib/python3.6/site-packages/airflow/example_dags/tutorial_taskflow_api_etl.py for tasks to queue
[2022-06-17 22:54:16,319] {logging_mixin.py:109} INFO - [2022-06-17 22:54:16,319] {dagbag.py:500} INFO - Filling up the DagBag from /home/saba/.local/lib/python3.6/site-packages/airflow/example_dags/tutorial_taskflow_api_etl.py
[2022-06-17 22:54:16,428] {processor.py:652} INFO - DAG(s) dict_keys(['tutorial_taskflow_api_etl']) retrieved from /home/saba/.local/lib/python3.6/site-packages/airflow/example_dags/tutorial_taskflow_api_etl.py
[2022-06-17 22:54:16,666] {logging_mixin.py:109} INFO - [2022-06-17 22:54:16,665] {dag.py:2398} INFO - Sync 1 DAGs
[2022-06-17 22:54:16,700] {logging_mixin.py:109} INFO - [2022-06-17 22:54:16,700] {dag.py:2937} INFO - Setting next_dagrun for tutorial_taskflow_api_etl to None
[2022-06-17 22:54:16,766] {processor.py:171} INFO - Processing /home/saba/.local/lib/python3.6/site-packages/airflow/example_dags/tutorial_taskflow_api_etl.py took 0.452 seconds
[2022-06-17 22:54:57,652] {processor.py:163} INFO - Started process (PID=12915) to work on /home/saba/.local/lib/python3.6/site-packages/airflow/example_dags/tutorial_taskflow_api_etl.py
[2022-06-17 22:54:57,653] {processor.py:642} INFO - Processing file /home/saba/.local/lib/python3.6/site-packages/airflow/example_dags/tutorial_taskflow_api_etl.py for tasks to queue
[2022-06-17 22:54:57,654] {logging_mixin.py:109} INFO - [2022-06-17 22:54:57,654] {dagbag.py:500} INFO - Filling up the DagBag from /home/saba/.local/lib/python3.6/site-packages/airflow/example_dags/tutorial_taskflow_api_etl.py
[2022-06-17 22:54:57,674] {processor.py:652} INFO - DAG(s) dict_keys(['tutorial_taskflow_api_etl']) retrieved from /home/saba/.local/lib/python3.6/site-packages/airflow/example_dags/tutorial_taskflow_api_etl.py
[2022-06-17 22:54:57,921] {logging_mixin.py:109} INFO - [2022-06-17 22:54:57,921] {dag.py:2398} INFO - Sync 1 DAGs
[2022-06-17 22:54:57,942] {logging_mixin.py:109} INFO - [2022-06-17 22:54:57,942] {dag.py:2937} INFO - Setting next_dagrun for tutorial_taskflow_api_etl to None
[2022-06-17 22:54:57,966] {processor.py:171} INFO - Processing /home/saba/.local/lib/python3.6/site-packages/airflow/example_dags/tutorial_taskflow_api_etl.py took 0.318 seconds
