[2022-06-16 13:59:26,237] {processor.py:163} INFO - Started process (PID=579) to work on /home/saba/airflow/dags/extract_data_from_oracle.py
[2022-06-16 13:59:26,240] {processor.py:642} INFO - Processing file /home/saba/airflow/dags/extract_data_from_oracle.py for tasks to queue
[2022-06-16 13:59:26,243] {logging_mixin.py:109} INFO - [2022-06-16 13:59:26,242] {dagbag.py:500} INFO - Filling up the DagBag from /home/saba/airflow/dags/extract_data_from_oracle.py
[2022-06-16 13:59:26,693] {processor.py:652} INFO - DAG(s) dict_keys(['projet_BigData']) retrieved from /home/saba/airflow/dags/extract_data_from_oracle.py
[2022-06-16 13:59:26,739] {logging_mixin.py:109} INFO - [2022-06-16 13:59:26,739] {dag.py:2398} INFO - Sync 1 DAGs
[2022-06-16 13:59:26,791] {logging_mixin.py:109} INFO - [2022-06-16 13:59:26,791] {dag.py:2937} INFO - Setting next_dagrun for projet_BigData to None
[2022-06-16 13:59:26,828] {processor.py:171} INFO - Processing /home/saba/airflow/dags/extract_data_from_oracle.py took 0.601 seconds
[2022-06-16 14:00:12,519] {processor.py:163} INFO - Started process (PID=804) to work on /home/saba/airflow/dags/extract_data_from_oracle.py
[2022-06-16 14:00:12,523] {processor.py:642} INFO - Processing file /home/saba/airflow/dags/extract_data_from_oracle.py for tasks to queue
[2022-06-16 14:00:12,524] {logging_mixin.py:109} INFO - [2022-06-16 14:00:12,524] {dagbag.py:500} INFO - Filling up the DagBag from /home/saba/airflow/dags/extract_data_from_oracle.py
[2022-06-16 14:00:12,818] {processor.py:652} INFO - DAG(s) dict_keys(['projet_BigData']) retrieved from /home/saba/airflow/dags/extract_data_from_oracle.py
[2022-06-16 14:00:12,859] {logging_mixin.py:109} INFO - [2022-06-16 14:00:12,858] {dag.py:2398} INFO - Sync 1 DAGs
[2022-06-16 14:00:12,908] {logging_mixin.py:109} INFO - [2022-06-16 14:00:12,907] {dag.py:2937} INFO - Setting next_dagrun for projet_BigData to None
[2022-06-16 14:00:12,953] {processor.py:171} INFO - Processing /home/saba/airflow/dags/extract_data_from_oracle.py took 0.441 seconds
[2022-06-16 14:00:55,643] {processor.py:163} INFO - Started process (PID=1007) to work on /home/saba/airflow/dags/extract_data_from_oracle.py
[2022-06-16 14:00:55,646] {processor.py:642} INFO - Processing file /home/saba/airflow/dags/extract_data_from_oracle.py for tasks to queue
[2022-06-16 14:00:55,648] {logging_mixin.py:109} INFO - [2022-06-16 14:00:55,648] {dagbag.py:500} INFO - Filling up the DagBag from /home/saba/airflow/dags/extract_data_from_oracle.py
[2022-06-16 14:00:55,993] {processor.py:652} INFO - DAG(s) dict_keys(['projet_BigData']) retrieved from /home/saba/airflow/dags/extract_data_from_oracle.py
[2022-06-16 14:00:56,027] {logging_mixin.py:109} INFO - [2022-06-16 14:00:56,026] {dag.py:2398} INFO - Sync 1 DAGs
[2022-06-16 14:00:56,064] {logging_mixin.py:109} INFO - [2022-06-16 14:00:56,064] {dag.py:2937} INFO - Setting next_dagrun for projet_BigData to None
[2022-06-16 14:00:56,104] {processor.py:171} INFO - Processing /home/saba/airflow/dags/extract_data_from_oracle.py took 0.469 seconds
[2022-06-16 14:01:37,548] {processor.py:163} INFO - Started process (PID=1217) to work on /home/saba/airflow/dags/extract_data_from_oracle.py
[2022-06-16 14:01:37,560] {processor.py:642} INFO - Processing file /home/saba/airflow/dags/extract_data_from_oracle.py for tasks to queue
[2022-06-16 14:01:37,562] {logging_mixin.py:109} INFO - [2022-06-16 14:01:37,562] {dagbag.py:500} INFO - Filling up the DagBag from /home/saba/airflow/dags/extract_data_from_oracle.py
[2022-06-16 14:01:37,907] {processor.py:652} INFO - DAG(s) dict_keys(['projet_BigData']) retrieved from /home/saba/airflow/dags/extract_data_from_oracle.py
[2022-06-16 14:01:37,945] {logging_mixin.py:109} INFO - [2022-06-16 14:01:37,944] {dag.py:2398} INFO - Sync 1 DAGs
[2022-06-16 14:01:37,992] {logging_mixin.py:109} INFO - [2022-06-16 14:01:37,992] {dag.py:2937} INFO - Setting next_dagrun for projet_BigData to None
[2022-06-16 14:01:38,045] {processor.py:171} INFO - Processing /home/saba/airflow/dags/extract_data_from_oracle.py took 0.503 seconds
[2022-06-16 14:02:20,190] {processor.py:163} INFO - Started process (PID=1432) to work on /home/saba/airflow/dags/extract_data_from_oracle.py
[2022-06-16 14:02:20,193] {processor.py:642} INFO - Processing file /home/saba/airflow/dags/extract_data_from_oracle.py for tasks to queue
[2022-06-16 14:02:20,195] {logging_mixin.py:109} INFO - [2022-06-16 14:02:20,194] {dagbag.py:500} INFO - Filling up the DagBag from /home/saba/airflow/dags/extract_data_from_oracle.py
[2022-06-16 14:02:20,494] {processor.py:652} INFO - DAG(s) dict_keys(['projet_BigData']) retrieved from /home/saba/airflow/dags/extract_data_from_oracle.py
[2022-06-16 14:02:20,518] {logging_mixin.py:109} INFO - [2022-06-16 14:02:20,518] {dag.py:2398} INFO - Sync 1 DAGs
[2022-06-16 14:02:20,556] {logging_mixin.py:109} INFO - [2022-06-16 14:02:20,556] {dag.py:2937} INFO - Setting next_dagrun for projet_BigData to None
[2022-06-16 14:02:20,591] {processor.py:171} INFO - Processing /home/saba/airflow/dags/extract_data_from_oracle.py took 0.409 seconds
[2022-06-16 14:03:03,126] {processor.py:163} INFO - Started process (PID=1641) to work on /home/saba/airflow/dags/extract_data_from_oracle.py
[2022-06-16 14:03:03,134] {processor.py:642} INFO - Processing file /home/saba/airflow/dags/extract_data_from_oracle.py for tasks to queue
[2022-06-16 14:03:03,137] {logging_mixin.py:109} INFO - [2022-06-16 14:03:03,136] {dagbag.py:500} INFO - Filling up the DagBag from /home/saba/airflow/dags/extract_data_from_oracle.py
[2022-06-16 14:03:03,486] {processor.py:652} INFO - DAG(s) dict_keys(['projet_BigData']) retrieved from /home/saba/airflow/dags/extract_data_from_oracle.py
[2022-06-16 14:03:03,518] {logging_mixin.py:109} INFO - [2022-06-16 14:03:03,518] {dag.py:2398} INFO - Sync 1 DAGs
[2022-06-16 14:03:03,567] {logging_mixin.py:109} INFO - [2022-06-16 14:03:03,567] {dag.py:2937} INFO - Setting next_dagrun for projet_BigData to None
[2022-06-16 14:03:03,601] {processor.py:171} INFO - Processing /home/saba/airflow/dags/extract_data_from_oracle.py took 0.484 seconds
[2022-06-16 14:03:46,447] {processor.py:163} INFO - Started process (PID=1844) to work on /home/saba/airflow/dags/extract_data_from_oracle.py
[2022-06-16 14:03:46,450] {processor.py:642} INFO - Processing file /home/saba/airflow/dags/extract_data_from_oracle.py for tasks to queue
[2022-06-16 14:03:46,451] {logging_mixin.py:109} INFO - [2022-06-16 14:03:46,451] {dagbag.py:500} INFO - Filling up the DagBag from /home/saba/airflow/dags/extract_data_from_oracle.py
[2022-06-16 14:03:46,740] {processor.py:652} INFO - DAG(s) dict_keys(['projet_BigData']) retrieved from /home/saba/airflow/dags/extract_data_from_oracle.py
[2022-06-16 14:03:46,773] {logging_mixin.py:109} INFO - [2022-06-16 14:03:46,772] {dag.py:2398} INFO - Sync 1 DAGs
[2022-06-16 14:03:46,815] {logging_mixin.py:109} INFO - [2022-06-16 14:03:46,814] {dag.py:2937} INFO - Setting next_dagrun for projet_BigData to None
[2022-06-16 14:03:46,846] {processor.py:171} INFO - Processing /home/saba/airflow/dags/extract_data_from_oracle.py took 0.406 seconds
[2022-06-16 14:04:27,415] {processor.py:163} INFO - Started process (PID=2045) to work on /home/saba/airflow/dags/extract_data_from_oracle.py
[2022-06-16 14:04:27,423] {processor.py:642} INFO - Processing file /home/saba/airflow/dags/extract_data_from_oracle.py for tasks to queue
[2022-06-16 14:04:27,426] {logging_mixin.py:109} INFO - [2022-06-16 14:04:27,426] {dagbag.py:500} INFO - Filling up the DagBag from /home/saba/airflow/dags/extract_data_from_oracle.py
[2022-06-16 14:04:27,735] {processor.py:652} INFO - DAG(s) dict_keys(['projet_BigData']) retrieved from /home/saba/airflow/dags/extract_data_from_oracle.py
[2022-06-16 14:04:27,766] {logging_mixin.py:109} INFO - [2022-06-16 14:04:27,765] {dag.py:2398} INFO - Sync 1 DAGs
[2022-06-16 14:04:27,813] {logging_mixin.py:109} INFO - [2022-06-16 14:04:27,812] {dag.py:2937} INFO - Setting next_dagrun for projet_BigData to None
[2022-06-16 14:04:27,861] {processor.py:171} INFO - Processing /home/saba/airflow/dags/extract_data_from_oracle.py took 0.456 seconds
[2022-06-16 14:05:08,077] {processor.py:163} INFO - Started process (PID=2281) to work on /home/saba/airflow/dags/extract_data_from_oracle.py
[2022-06-16 14:05:08,089] {processor.py:642} INFO - Processing file /home/saba/airflow/dags/extract_data_from_oracle.py for tasks to queue
[2022-06-16 14:05:08,090] {logging_mixin.py:109} INFO - [2022-06-16 14:05:08,090] {dagbag.py:500} INFO - Filling up the DagBag from /home/saba/airflow/dags/extract_data_from_oracle.py
[2022-06-16 14:05:08,346] {processor.py:652} INFO - DAG(s) dict_keys(['projet_BigData']) retrieved from /home/saba/airflow/dags/extract_data_from_oracle.py
[2022-06-16 14:05:08,371] {logging_mixin.py:109} INFO - [2022-06-16 14:05:08,371] {dag.py:2398} INFO - Sync 1 DAGs
[2022-06-16 14:05:08,404] {logging_mixin.py:109} INFO - [2022-06-16 14:05:08,404] {dag.py:2937} INFO - Setting next_dagrun for projet_BigData to None
[2022-06-16 14:05:08,445] {processor.py:171} INFO - Processing /home/saba/airflow/dags/extract_data_from_oracle.py took 0.375 seconds
[2022-06-16 14:05:49,969] {processor.py:163} INFO - Started process (PID=2482) to work on /home/saba/airflow/dags/extract_data_from_oracle.py
[2022-06-16 14:05:49,972] {processor.py:642} INFO - Processing file /home/saba/airflow/dags/extract_data_from_oracle.py for tasks to queue
[2022-06-16 14:05:49,974] {logging_mixin.py:109} INFO - [2022-06-16 14:05:49,974] {dagbag.py:500} INFO - Filling up the DagBag from /home/saba/airflow/dags/extract_data_from_oracle.py
[2022-06-16 14:05:50,307] {processor.py:652} INFO - DAG(s) dict_keys(['projet_BigData']) retrieved from /home/saba/airflow/dags/extract_data_from_oracle.py
[2022-06-16 14:05:50,334] {logging_mixin.py:109} INFO - [2022-06-16 14:05:50,334] {dag.py:2398} INFO - Sync 1 DAGs
[2022-06-16 14:05:50,377] {logging_mixin.py:109} INFO - [2022-06-16 14:05:50,377] {dag.py:2937} INFO - Setting next_dagrun for projet_BigData to None
[2022-06-16 14:05:50,417] {processor.py:171} INFO - Processing /home/saba/airflow/dags/extract_data_from_oracle.py took 0.455 seconds
[2022-06-16 14:06:33,536] {processor.py:163} INFO - Started process (PID=2717) to work on /home/saba/airflow/dags/extract_data_from_oracle.py
[2022-06-16 14:06:33,548] {processor.py:642} INFO - Processing file /home/saba/airflow/dags/extract_data_from_oracle.py for tasks to queue
[2022-06-16 14:06:33,550] {logging_mixin.py:109} INFO - [2022-06-16 14:06:33,549] {dagbag.py:500} INFO - Filling up the DagBag from /home/saba/airflow/dags/extract_data_from_oracle.py
[2022-06-16 14:06:33,786] {processor.py:652} INFO - DAG(s) dict_keys(['projet_BigData']) retrieved from /home/saba/airflow/dags/extract_data_from_oracle.py
[2022-06-16 14:06:33,806] {logging_mixin.py:109} INFO - [2022-06-16 14:06:33,805] {dag.py:2398} INFO - Sync 1 DAGs
[2022-06-16 14:06:33,841] {logging_mixin.py:109} INFO - [2022-06-16 14:06:33,841] {dag.py:2937} INFO - Setting next_dagrun for projet_BigData to None
[2022-06-16 14:06:33,877] {processor.py:171} INFO - Processing /home/saba/airflow/dags/extract_data_from_oracle.py took 0.346 seconds
[2022-06-16 14:07:13,775] {processor.py:163} INFO - Started process (PID=2957) to work on /home/saba/airflow/dags/extract_data_from_oracle.py
[2022-06-16 14:07:13,779] {processor.py:642} INFO - Processing file /home/saba/airflow/dags/extract_data_from_oracle.py for tasks to queue
[2022-06-16 14:07:13,781] {logging_mixin.py:109} INFO - [2022-06-16 14:07:13,780] {dagbag.py:500} INFO - Filling up the DagBag from /home/saba/airflow/dags/extract_data_from_oracle.py
[2022-06-16 14:07:14,056] {processor.py:652} INFO - DAG(s) dict_keys(['projet_BigData']) retrieved from /home/saba/airflow/dags/extract_data_from_oracle.py
[2022-06-16 14:07:14,083] {logging_mixin.py:109} INFO - [2022-06-16 14:07:14,083] {dag.py:2398} INFO - Sync 1 DAGs
[2022-06-16 14:07:14,121] {logging_mixin.py:109} INFO - [2022-06-16 14:07:14,121] {dag.py:2937} INFO - Setting next_dagrun for projet_BigData to None
[2022-06-16 14:07:14,149] {processor.py:171} INFO - Processing /home/saba/airflow/dags/extract_data_from_oracle.py took 0.382 seconds
[2022-06-16 14:07:55,253] {processor.py:163} INFO - Started process (PID=3206) to work on /home/saba/airflow/dags/extract_data_from_oracle.py
[2022-06-16 14:07:55,257] {processor.py:642} INFO - Processing file /home/saba/airflow/dags/extract_data_from_oracle.py for tasks to queue
[2022-06-16 14:07:55,259] {logging_mixin.py:109} INFO - [2022-06-16 14:07:55,258] {dagbag.py:500} INFO - Filling up the DagBag from /home/saba/airflow/dags/extract_data_from_oracle.py
[2022-06-16 14:07:55,489] {processor.py:652} INFO - DAG(s) dict_keys(['projet_BigData']) retrieved from /home/saba/airflow/dags/extract_data_from_oracle.py
[2022-06-16 14:07:55,514] {logging_mixin.py:109} INFO - [2022-06-16 14:07:55,514] {dag.py:2398} INFO - Sync 1 DAGs
[2022-06-16 14:07:55,537] {logging_mixin.py:109} INFO - [2022-06-16 14:07:55,537] {dag.py:2937} INFO - Setting next_dagrun for projet_BigData to None
[2022-06-16 14:07:55,561] {processor.py:171} INFO - Processing /home/saba/airflow/dags/extract_data_from_oracle.py took 0.313 seconds
[2022-06-16 14:08:36,426] {processor.py:163} INFO - Started process (PID=3443) to work on /home/saba/airflow/dags/extract_data_from_oracle.py
[2022-06-16 14:08:36,429] {processor.py:642} INFO - Processing file /home/saba/airflow/dags/extract_data_from_oracle.py for tasks to queue
[2022-06-16 14:08:36,430] {logging_mixin.py:109} INFO - [2022-06-16 14:08:36,430] {dagbag.py:500} INFO - Filling up the DagBag from /home/saba/airflow/dags/extract_data_from_oracle.py
[2022-06-16 14:08:36,672] {processor.py:652} INFO - DAG(s) dict_keys(['projet_BigData']) retrieved from /home/saba/airflow/dags/extract_data_from_oracle.py
[2022-06-16 14:08:36,701] {logging_mixin.py:109} INFO - [2022-06-16 14:08:36,701] {dag.py:2398} INFO - Sync 1 DAGs
[2022-06-16 14:08:36,731] {logging_mixin.py:109} INFO - [2022-06-16 14:08:36,731] {dag.py:2937} INFO - Setting next_dagrun for projet_BigData to None
[2022-06-16 14:08:36,758] {processor.py:171} INFO - Processing /home/saba/airflow/dags/extract_data_from_oracle.py took 0.338 seconds
[2022-06-16 14:09:16,854] {processor.py:163} INFO - Started process (PID=3677) to work on /home/saba/airflow/dags/extract_data_from_oracle.py
[2022-06-16 14:09:16,858] {processor.py:642} INFO - Processing file /home/saba/airflow/dags/extract_data_from_oracle.py for tasks to queue
[2022-06-16 14:09:16,860] {logging_mixin.py:109} INFO - [2022-06-16 14:09:16,859] {dagbag.py:500} INFO - Filling up the DagBag from /home/saba/airflow/dags/extract_data_from_oracle.py
[2022-06-16 14:09:17,102] {processor.py:652} INFO - DAG(s) dict_keys(['projet_BigData']) retrieved from /home/saba/airflow/dags/extract_data_from_oracle.py
[2022-06-16 14:09:17,125] {logging_mixin.py:109} INFO - [2022-06-16 14:09:17,125] {dag.py:2398} INFO - Sync 1 DAGs
[2022-06-16 14:09:17,153] {logging_mixin.py:109} INFO - [2022-06-16 14:09:17,153] {dag.py:2937} INFO - Setting next_dagrun for projet_BigData to None
[2022-06-16 14:09:17,182] {processor.py:171} INFO - Processing /home/saba/airflow/dags/extract_data_from_oracle.py took 0.334 seconds
[2022-06-16 14:09:58,502] {processor.py:163} INFO - Started process (PID=3917) to work on /home/saba/airflow/dags/extract_data_from_oracle.py
[2022-06-16 14:09:58,514] {processor.py:642} INFO - Processing file /home/saba/airflow/dags/extract_data_from_oracle.py for tasks to queue
[2022-06-16 14:09:58,515] {logging_mixin.py:109} INFO - [2022-06-16 14:09:58,515] {dagbag.py:500} INFO - Filling up the DagBag from /home/saba/airflow/dags/extract_data_from_oracle.py
[2022-06-16 14:09:58,759] {processor.py:652} INFO - DAG(s) dict_keys(['projet_BigData']) retrieved from /home/saba/airflow/dags/extract_data_from_oracle.py
[2022-06-16 14:09:58,779] {logging_mixin.py:109} INFO - [2022-06-16 14:09:58,779] {dag.py:2398} INFO - Sync 1 DAGs
[2022-06-16 14:09:58,810] {logging_mixin.py:109} INFO - [2022-06-16 14:09:58,809] {dag.py:2937} INFO - Setting next_dagrun for projet_BigData to None
[2022-06-16 14:09:58,842] {processor.py:171} INFO - Processing /home/saba/airflow/dags/extract_data_from_oracle.py took 0.346 seconds
[2022-06-16 14:10:39,051] {processor.py:163} INFO - Started process (PID=4175) to work on /home/saba/airflow/dags/extract_data_from_oracle.py
[2022-06-16 14:10:39,062] {processor.py:642} INFO - Processing file /home/saba/airflow/dags/extract_data_from_oracle.py for tasks to queue
[2022-06-16 14:10:39,063] {logging_mixin.py:109} INFO - [2022-06-16 14:10:39,063] {dagbag.py:500} INFO - Filling up the DagBag from /home/saba/airflow/dags/extract_data_from_oracle.py
[2022-06-16 14:10:39,318] {processor.py:652} INFO - DAG(s) dict_keys(['projet_BigData']) retrieved from /home/saba/airflow/dags/extract_data_from_oracle.py
[2022-06-16 14:10:39,347] {logging_mixin.py:109} INFO - [2022-06-16 14:10:39,346] {dag.py:2398} INFO - Sync 1 DAGs
[2022-06-16 14:10:39,383] {logging_mixin.py:109} INFO - [2022-06-16 14:10:39,383] {dag.py:2937} INFO - Setting next_dagrun for projet_BigData to None
[2022-06-16 14:10:39,418] {processor.py:171} INFO - Processing /home/saba/airflow/dags/extract_data_from_oracle.py took 0.374 seconds
[2022-06-16 14:11:19,060] {processor.py:163} INFO - Started process (PID=4406) to work on /home/saba/airflow/dags/extract_data_from_oracle.py
[2022-06-16 14:11:19,064] {processor.py:642} INFO - Processing file /home/saba/airflow/dags/extract_data_from_oracle.py for tasks to queue
[2022-06-16 14:11:19,065] {logging_mixin.py:109} INFO - [2022-06-16 14:11:19,065] {dagbag.py:500} INFO - Filling up the DagBag from /home/saba/airflow/dags/extract_data_from_oracle.py
[2022-06-16 14:11:19,330] {processor.py:652} INFO - DAG(s) dict_keys(['projet_BigData']) retrieved from /home/saba/airflow/dags/extract_data_from_oracle.py
[2022-06-16 14:11:19,354] {logging_mixin.py:109} INFO - [2022-06-16 14:11:19,354] {dag.py:2398} INFO - Sync 1 DAGs
[2022-06-16 14:11:19,391] {logging_mixin.py:109} INFO - [2022-06-16 14:11:19,391] {dag.py:2937} INFO - Setting next_dagrun for projet_BigData to None
[2022-06-16 14:11:19,421] {processor.py:171} INFO - Processing /home/saba/airflow/dags/extract_data_from_oracle.py took 0.366 seconds
[2022-06-16 14:12:05,116] {processor.py:163} INFO - Started process (PID=4606) to work on /home/saba/airflow/dags/extract_data_from_oracle.py
[2022-06-16 14:12:05,121] {processor.py:642} INFO - Processing file /home/saba/airflow/dags/extract_data_from_oracle.py for tasks to queue
[2022-06-16 14:12:05,126] {logging_mixin.py:109} INFO - [2022-06-16 14:12:05,125] {dagbag.py:500} INFO - Filling up the DagBag from /home/saba/airflow/dags/extract_data_from_oracle.py
[2022-06-16 14:12:05,754] {processor.py:652} INFO - DAG(s) dict_keys(['projet_BigData']) retrieved from /home/saba/airflow/dags/extract_data_from_oracle.py
[2022-06-16 14:12:05,809] {logging_mixin.py:109} INFO - [2022-06-16 14:12:05,809] {dag.py:2398} INFO - Sync 1 DAGs
[2022-06-16 14:12:05,879] {logging_mixin.py:109} INFO - [2022-06-16 14:12:05,879] {dag.py:2937} INFO - Setting next_dagrun for projet_BigData to None
[2022-06-16 14:12:05,945] {processor.py:171} INFO - Processing /home/saba/airflow/dags/extract_data_from_oracle.py took 0.841 seconds
[2022-06-16 14:12:53,862] {processor.py:163} INFO - Started process (PID=4816) to work on /home/saba/airflow/dags/extract_data_from_oracle.py
[2022-06-16 14:12:53,873] {processor.py:642} INFO - Processing file /home/saba/airflow/dags/extract_data_from_oracle.py for tasks to queue
[2022-06-16 14:12:53,875] {logging_mixin.py:109} INFO - [2022-06-16 14:12:53,874] {dagbag.py:500} INFO - Filling up the DagBag from /home/saba/airflow/dags/extract_data_from_oracle.py
[2022-06-16 14:12:54,163] {processor.py:652} INFO - DAG(s) dict_keys(['projet_BigData']) retrieved from /home/saba/airflow/dags/extract_data_from_oracle.py
[2022-06-16 14:12:54,197] {logging_mixin.py:109} INFO - [2022-06-16 14:12:54,197] {dag.py:2398} INFO - Sync 1 DAGs
[2022-06-16 14:12:54,234] {logging_mixin.py:109} INFO - [2022-06-16 14:12:54,234] {dag.py:2937} INFO - Setting next_dagrun for projet_BigData to None
[2022-06-16 14:12:54,274] {processor.py:171} INFO - Processing /home/saba/airflow/dags/extract_data_from_oracle.py took 0.417 seconds
[2022-06-16 14:13:45,604] {processor.py:163} INFO - Started process (PID=5017) to work on /home/saba/airflow/dags/extract_data_from_oracle.py
[2022-06-16 14:13:45,609] {processor.py:642} INFO - Processing file /home/saba/airflow/dags/extract_data_from_oracle.py for tasks to queue
[2022-06-16 14:13:45,611] {logging_mixin.py:109} INFO - [2022-06-16 14:13:45,610] {dagbag.py:500} INFO - Filling up the DagBag from /home/saba/airflow/dags/extract_data_from_oracle.py
[2022-06-16 14:13:45,885] {processor.py:652} INFO - DAG(s) dict_keys(['projet_BigData']) retrieved from /home/saba/airflow/dags/extract_data_from_oracle.py
[2022-06-16 14:13:45,907] {logging_mixin.py:109} INFO - [2022-06-16 14:13:45,907] {dag.py:2398} INFO - Sync 1 DAGs
[2022-06-16 14:13:45,944] {logging_mixin.py:109} INFO - [2022-06-16 14:13:45,944] {dag.py:2937} INFO - Setting next_dagrun for projet_BigData to None
[2022-06-16 14:13:45,976] {processor.py:171} INFO - Processing /home/saba/airflow/dags/extract_data_from_oracle.py took 0.379 seconds
[2022-06-16 14:14:42,082] {processor.py:163} INFO - Started process (PID=5181) to work on /home/saba/airflow/dags/extract_data_from_oracle.py
[2022-06-16 14:14:42,097] {processor.py:642} INFO - Processing file /home/saba/airflow/dags/extract_data_from_oracle.py for tasks to queue
[2022-06-16 14:14:42,099] {logging_mixin.py:109} INFO - [2022-06-16 14:14:42,099] {dagbag.py:500} INFO - Filling up the DagBag from /home/saba/airflow/dags/extract_data_from_oracle.py
[2022-06-16 14:14:42,797] {processor.py:652} INFO - DAG(s) dict_keys(['projet_BigData']) retrieved from /home/saba/airflow/dags/extract_data_from_oracle.py
[2022-06-16 14:14:42,865] {logging_mixin.py:109} INFO - [2022-06-16 14:14:42,864] {dag.py:2398} INFO - Sync 1 DAGs
[2022-06-16 14:14:42,955] {logging_mixin.py:109} INFO - [2022-06-16 14:14:42,955] {dag.py:2937} INFO - Setting next_dagrun for projet_BigData to None
[2022-06-16 14:14:43,044] {processor.py:171} INFO - Processing /home/saba/airflow/dags/extract_data_from_oracle.py took 0.971 seconds
[2022-06-16 14:16:02,286] {processor.py:163} INFO - Started process (PID=5950) to work on /home/saba/airflow/dags/extract_data_from_oracle.py
[2022-06-16 14:16:02,291] {processor.py:642} INFO - Processing file /home/saba/airflow/dags/extract_data_from_oracle.py for tasks to queue
[2022-06-16 14:16:02,333] {logging_mixin.py:109} INFO - [2022-06-16 14:16:02,331] {dagbag.py:500} INFO - Filling up the DagBag from /home/saba/airflow/dags/extract_data_from_oracle.py
[2022-06-16 14:16:03,864] {processor.py:652} INFO - DAG(s) dict_keys(['projet_BigData']) retrieved from /home/saba/airflow/dags/extract_data_from_oracle.py
[2022-06-16 14:16:04,120] {logging_mixin.py:109} INFO - [2022-06-16 14:16:04,120] {dag.py:2398} INFO - Sync 1 DAGs
[2022-06-16 14:16:04,299] {logging_mixin.py:109} INFO - [2022-06-16 14:16:04,299] {dag.py:2937} INFO - Setting next_dagrun for projet_BigData to None
[2022-06-16 14:16:04,420] {processor.py:171} INFO - Processing /home/saba/airflow/dags/extract_data_from_oracle.py took 2.179 seconds
[2022-06-16 14:17:20,409] {processor.py:163} INFO - Started process (PID=7893) to work on /home/saba/airflow/dags/extract_data_from_oracle.py
[2022-06-16 14:17:20,414] {processor.py:642} INFO - Processing file /home/saba/airflow/dags/extract_data_from_oracle.py for tasks to queue
[2022-06-16 14:17:20,416] {logging_mixin.py:109} INFO - [2022-06-16 14:17:20,416] {dagbag.py:500} INFO - Filling up the DagBag from /home/saba/airflow/dags/extract_data_from_oracle.py
[2022-06-16 14:17:20,827] {processor.py:652} INFO - DAG(s) dict_keys(['projet_BigData']) retrieved from /home/saba/airflow/dags/extract_data_from_oracle.py
[2022-06-16 14:17:20,873] {logging_mixin.py:109} INFO - [2022-06-16 14:17:20,873] {dag.py:2398} INFO - Sync 1 DAGs
[2022-06-16 14:17:20,928] {logging_mixin.py:109} INFO - [2022-06-16 14:17:20,928] {dag.py:2937} INFO - Setting next_dagrun for projet_BigData to None
[2022-06-16 14:17:20,969] {processor.py:171} INFO - Processing /home/saba/airflow/dags/extract_data_from_oracle.py took 0.572 seconds
[2022-06-16 14:18:26,100] {processor.py:163} INFO - Started process (PID=8079) to work on /home/saba/airflow/dags/extract_data_from_oracle.py
[2022-06-16 14:18:26,105] {processor.py:642} INFO - Processing file /home/saba/airflow/dags/extract_data_from_oracle.py for tasks to queue
[2022-06-16 14:18:26,109] {logging_mixin.py:109} INFO - [2022-06-16 14:18:26,108] {dagbag.py:500} INFO - Filling up the DagBag from /home/saba/airflow/dags/extract_data_from_oracle.py
[2022-06-16 14:18:26,609] {processor.py:652} INFO - DAG(s) dict_keys(['projet_BigData']) retrieved from /home/saba/airflow/dags/extract_data_from_oracle.py
[2022-06-16 14:18:26,671] {logging_mixin.py:109} INFO - [2022-06-16 14:18:26,671] {dag.py:2398} INFO - Sync 1 DAGs
[2022-06-16 14:18:26,746] {logging_mixin.py:109} INFO - [2022-06-16 14:18:26,746] {dag.py:2937} INFO - Setting next_dagrun for projet_BigData to None
[2022-06-16 14:18:26,804] {processor.py:171} INFO - Processing /home/saba/airflow/dags/extract_data_from_oracle.py took 0.716 seconds
[2022-06-16 14:19:27,127] {processor.py:163} INFO - Started process (PID=8530) to work on /home/saba/airflow/dags/extract_data_from_oracle.py
[2022-06-16 14:19:27,134] {processor.py:642} INFO - Processing file /home/saba/airflow/dags/extract_data_from_oracle.py for tasks to queue
[2022-06-16 14:19:27,137] {logging_mixin.py:109} INFO - [2022-06-16 14:19:27,136] {dagbag.py:500} INFO - Filling up the DagBag from /home/saba/airflow/dags/extract_data_from_oracle.py
[2022-06-16 14:19:27,620] {processor.py:652} INFO - DAG(s) dict_keys(['projet_BigData']) retrieved from /home/saba/airflow/dags/extract_data_from_oracle.py
[2022-06-16 14:19:27,667] {logging_mixin.py:109} INFO - [2022-06-16 14:19:27,666] {dag.py:2398} INFO - Sync 1 DAGs
[2022-06-16 14:19:27,741] {logging_mixin.py:109} INFO - [2022-06-16 14:19:27,741] {dag.py:2937} INFO - Setting next_dagrun for projet_BigData to None
[2022-06-16 14:19:27,789] {processor.py:171} INFO - Processing /home/saba/airflow/dags/extract_data_from_oracle.py took 0.671 seconds
[2022-06-16 14:20:38,753] {processor.py:163} INFO - Started process (PID=8872) to work on /home/saba/airflow/dags/extract_data_from_oracle.py
[2022-06-16 14:20:38,766] {processor.py:642} INFO - Processing file /home/saba/airflow/dags/extract_data_from_oracle.py for tasks to queue
[2022-06-16 14:20:38,771] {logging_mixin.py:109} INFO - [2022-06-16 14:20:38,770] {dagbag.py:500} INFO - Filling up the DagBag from /home/saba/airflow/dags/extract_data_from_oracle.py
[2022-06-16 14:20:40,296] {processor.py:652} INFO - DAG(s) dict_keys(['projet_BigData']) retrieved from /home/saba/airflow/dags/extract_data_from_oracle.py
[2022-06-16 14:20:40,477] {logging_mixin.py:109} INFO - [2022-06-16 14:20:40,476] {dag.py:2398} INFO - Sync 1 DAGs
[2022-06-16 14:20:40,634] {logging_mixin.py:109} INFO - [2022-06-16 14:20:40,633] {dag.py:2937} INFO - Setting next_dagrun for projet_BigData to None
[2022-06-16 14:20:40,884] {processor.py:171} INFO - Processing /home/saba/airflow/dags/extract_data_from_oracle.py took 2.166 seconds
[2022-06-16 14:21:57,430] {processor.py:163} INFO - Started process (PID=9049) to work on /home/saba/airflow/dags/extract_data_from_oracle.py
[2022-06-16 14:21:57,437] {processor.py:642} INFO - Processing file /home/saba/airflow/dags/extract_data_from_oracle.py for tasks to queue
[2022-06-16 14:21:57,443] {logging_mixin.py:109} INFO - [2022-06-16 14:21:57,442] {dagbag.py:500} INFO - Filling up the DagBag from /home/saba/airflow/dags/extract_data_from_oracle.py
[2022-06-16 14:21:57,763] {processor.py:652} INFO - DAG(s) dict_keys(['projet_BigData']) retrieved from /home/saba/airflow/dags/extract_data_from_oracle.py
[2022-06-16 14:21:57,855] {logging_mixin.py:109} INFO - [2022-06-16 14:21:57,854] {dag.py:2398} INFO - Sync 1 DAGs
[2022-06-16 14:21:57,983] {logging_mixin.py:109} INFO - [2022-06-16 14:21:57,983] {dag.py:2937} INFO - Setting next_dagrun for projet_BigData to None
[2022-06-16 14:21:58,055] {processor.py:171} INFO - Processing /home/saba/airflow/dags/extract_data_from_oracle.py took 0.644 seconds
[2022-06-16 14:22:56,110] {processor.py:163} INFO - Started process (PID=9235) to work on /home/saba/airflow/dags/extract_data_from_oracle.py
[2022-06-16 14:22:56,126] {processor.py:642} INFO - Processing file /home/saba/airflow/dags/extract_data_from_oracle.py for tasks to queue
[2022-06-16 14:22:56,130] {logging_mixin.py:109} INFO - [2022-06-16 14:22:56,129] {dagbag.py:500} INFO - Filling up the DagBag from /home/saba/airflow/dags/extract_data_from_oracle.py
[2022-06-16 14:22:56,698] {processor.py:652} INFO - DAG(s) dict_keys(['projet_BigData']) retrieved from /home/saba/airflow/dags/extract_data_from_oracle.py
[2022-06-16 14:22:56,786] {logging_mixin.py:109} INFO - [2022-06-16 14:22:56,786] {dag.py:2398} INFO - Sync 1 DAGs
[2022-06-16 14:22:56,913] {logging_mixin.py:109} INFO - [2022-06-16 14:22:56,913] {dag.py:2937} INFO - Setting next_dagrun for projet_BigData to None
[2022-06-16 14:22:56,983] {processor.py:171} INFO - Processing /home/saba/airflow/dags/extract_data_from_oracle.py took 0.896 seconds
[2022-06-16 14:23:51,821] {processor.py:163} INFO - Started process (PID=9632) to work on /home/saba/airflow/dags/extract_data_from_oracle.py
[2022-06-16 14:23:51,829] {processor.py:642} INFO - Processing file /home/saba/airflow/dags/extract_data_from_oracle.py for tasks to queue
[2022-06-16 14:23:51,831] {logging_mixin.py:109} INFO - [2022-06-16 14:23:51,830] {dagbag.py:500} INFO - Filling up the DagBag from /home/saba/airflow/dags/extract_data_from_oracle.py
[2022-06-16 14:23:52,038] {processor.py:652} INFO - DAG(s) dict_keys(['projet_BigData']) retrieved from /home/saba/airflow/dags/extract_data_from_oracle.py
[2022-06-16 14:23:52,094] {logging_mixin.py:109} INFO - [2022-06-16 14:23:52,093] {dag.py:2398} INFO - Sync 1 DAGs
[2022-06-16 14:23:52,193] {logging_mixin.py:109} INFO - [2022-06-16 14:23:52,193] {dag.py:2937} INFO - Setting next_dagrun for projet_BigData to None
[2022-06-16 14:23:52,256] {processor.py:171} INFO - Processing /home/saba/airflow/dags/extract_data_from_oracle.py took 0.444 seconds
[2022-06-16 14:24:49,118] {processor.py:163} INFO - Started process (PID=10010) to work on /home/saba/airflow/dags/extract_data_from_oracle.py
[2022-06-16 14:24:49,129] {processor.py:642} INFO - Processing file /home/saba/airflow/dags/extract_data_from_oracle.py for tasks to queue
[2022-06-16 14:24:49,136] {logging_mixin.py:109} INFO - [2022-06-16 14:24:49,134] {dagbag.py:500} INFO - Filling up the DagBag from /home/saba/airflow/dags/extract_data_from_oracle.py
[2022-06-16 14:24:49,530] {processor.py:652} INFO - DAG(s) dict_keys(['projet_BigData']) retrieved from /home/saba/airflow/dags/extract_data_from_oracle.py
[2022-06-16 14:24:49,652] {logging_mixin.py:109} INFO - [2022-06-16 14:24:49,651] {dag.py:2398} INFO - Sync 1 DAGs
[2022-06-16 14:24:49,853] {logging_mixin.py:109} INFO - [2022-06-16 14:24:49,853] {dag.py:2937} INFO - Setting next_dagrun for projet_BigData to None
[2022-06-16 14:24:49,927] {processor.py:171} INFO - Processing /home/saba/airflow/dags/extract_data_from_oracle.py took 0.818 seconds
[2022-06-16 14:25:48,934] {processor.py:163} INFO - Started process (PID=10430) to work on /home/saba/airflow/dags/extract_data_from_oracle.py
[2022-06-16 14:25:48,942] {processor.py:642} INFO - Processing file /home/saba/airflow/dags/extract_data_from_oracle.py for tasks to queue
[2022-06-16 14:25:48,945] {logging_mixin.py:109} INFO - [2022-06-16 14:25:48,944] {dagbag.py:500} INFO - Filling up the DagBag from /home/saba/airflow/dags/extract_data_from_oracle.py
[2022-06-16 14:25:49,378] {processor.py:652} INFO - DAG(s) dict_keys(['projet_BigData']) retrieved from /home/saba/airflow/dags/extract_data_from_oracle.py
[2022-06-16 14:25:49,467] {logging_mixin.py:109} INFO - [2022-06-16 14:25:49,466] {dag.py:2398} INFO - Sync 1 DAGs
[2022-06-16 14:25:49,636] {logging_mixin.py:109} INFO - [2022-06-16 14:25:49,635] {dag.py:2937} INFO - Setting next_dagrun for projet_BigData to None
[2022-06-16 14:25:49,703] {processor.py:171} INFO - Processing /home/saba/airflow/dags/extract_data_from_oracle.py took 0.783 seconds
[2022-06-16 14:26:51,471] {processor.py:163} INFO - Started process (PID=10765) to work on /home/saba/airflow/dags/extract_data_from_oracle.py
[2022-06-16 14:26:51,475] {processor.py:642} INFO - Processing file /home/saba/airflow/dags/extract_data_from_oracle.py for tasks to queue
[2022-06-16 14:26:51,477] {logging_mixin.py:109} INFO - [2022-06-16 14:26:51,477] {dagbag.py:500} INFO - Filling up the DagBag from /home/saba/airflow/dags/extract_data_from_oracle.py
[2022-06-16 14:26:51,741] {processor.py:652} INFO - DAG(s) dict_keys(['projet_BigData']) retrieved from /home/saba/airflow/dags/extract_data_from_oracle.py
[2022-06-16 14:26:51,816] {logging_mixin.py:109} INFO - [2022-06-16 14:26:51,816] {dag.py:2398} INFO - Sync 1 DAGs
[2022-06-16 14:26:51,927] {logging_mixin.py:109} INFO - [2022-06-16 14:26:51,927] {dag.py:2937} INFO - Setting next_dagrun for projet_BigData to None
[2022-06-16 14:26:52,014] {processor.py:171} INFO - Processing /home/saba/airflow/dags/extract_data_from_oracle.py took 0.552 seconds
[2022-06-16 14:27:42,269] {processor.py:163} INFO - Started process (PID=10924) to work on /home/saba/airflow/dags/extract_data_from_oracle.py
[2022-06-16 14:27:42,273] {processor.py:642} INFO - Processing file /home/saba/airflow/dags/extract_data_from_oracle.py for tasks to queue
[2022-06-16 14:27:42,275] {logging_mixin.py:109} INFO - [2022-06-16 14:27:42,275] {dagbag.py:500} INFO - Filling up the DagBag from /home/saba/airflow/dags/extract_data_from_oracle.py
[2022-06-16 14:27:42,443] {processor.py:652} INFO - DAG(s) dict_keys(['projet_BigData']) retrieved from /home/saba/airflow/dags/extract_data_from_oracle.py
[2022-06-16 14:27:42,483] {logging_mixin.py:109} INFO - [2022-06-16 14:27:42,482] {dag.py:2398} INFO - Sync 1 DAGs
[2022-06-16 14:27:42,528] {logging_mixin.py:109} INFO - [2022-06-16 14:27:42,527] {dag.py:2937} INFO - Setting next_dagrun for projet_BigData to None
[2022-06-16 14:27:42,563] {processor.py:171} INFO - Processing /home/saba/airflow/dags/extract_data_from_oracle.py took 0.302 seconds
[2022-06-16 14:28:33,481] {processor.py:163} INFO - Started process (PID=11319) to work on /home/saba/airflow/dags/extract_data_from_oracle.py
[2022-06-16 14:28:33,491] {processor.py:642} INFO - Processing file /home/saba/airflow/dags/extract_data_from_oracle.py for tasks to queue
[2022-06-16 14:28:33,494] {logging_mixin.py:109} INFO - [2022-06-16 14:28:33,493] {dagbag.py:500} INFO - Filling up the DagBag from /home/saba/airflow/dags/extract_data_from_oracle.py
[2022-06-16 14:28:33,758] {processor.py:652} INFO - DAG(s) dict_keys(['projet_BigData']) retrieved from /home/saba/airflow/dags/extract_data_from_oracle.py
[2022-06-16 14:28:33,817] {logging_mixin.py:109} INFO - [2022-06-16 14:28:33,816] {dag.py:2398} INFO - Sync 1 DAGs
[2022-06-16 14:28:33,892] {logging_mixin.py:109} INFO - [2022-06-16 14:28:33,892] {dag.py:2937} INFO - Setting next_dagrun for projet_BigData to None
[2022-06-16 14:28:33,940] {processor.py:171} INFO - Processing /home/saba/airflow/dags/extract_data_from_oracle.py took 0.474 seconds
[2022-06-16 14:29:22,686] {processor.py:163} INFO - Started process (PID=11737) to work on /home/saba/airflow/dags/extract_data_from_oracle.py
[2022-06-16 14:29:22,689] {processor.py:642} INFO - Processing file /home/saba/airflow/dags/extract_data_from_oracle.py for tasks to queue
[2022-06-16 14:29:22,692] {logging_mixin.py:109} INFO - [2022-06-16 14:29:22,691] {dagbag.py:500} INFO - Filling up the DagBag from /home/saba/airflow/dags/extract_data_from_oracle.py
[2022-06-16 14:29:22,851] {processor.py:652} INFO - DAG(s) dict_keys(['projet_BigData']) retrieved from /home/saba/airflow/dags/extract_data_from_oracle.py
[2022-06-16 14:29:22,892] {logging_mixin.py:109} INFO - [2022-06-16 14:29:22,891] {dag.py:2398} INFO - Sync 1 DAGs
[2022-06-16 14:29:22,952] {logging_mixin.py:109} INFO - [2022-06-16 14:29:22,952] {dag.py:2937} INFO - Setting next_dagrun for projet_BigData to None
[2022-06-16 14:29:22,986] {processor.py:171} INFO - Processing /home/saba/airflow/dags/extract_data_from_oracle.py took 0.308 seconds
[2022-06-16 14:30:18,305] {processor.py:163} INFO - Started process (PID=11972) to work on /home/saba/airflow/dags/extract_data_from_oracle.py
[2022-06-16 14:30:18,311] {processor.py:642} INFO - Processing file /home/saba/airflow/dags/extract_data_from_oracle.py for tasks to queue
[2022-06-16 14:30:18,313] {logging_mixin.py:109} INFO - [2022-06-16 14:30:18,313] {dagbag.py:500} INFO - Filling up the DagBag from /home/saba/airflow/dags/extract_data_from_oracle.py
[2022-06-16 14:30:18,846] {processor.py:652} INFO - DAG(s) dict_keys(['projet_BigData']) retrieved from /home/saba/airflow/dags/extract_data_from_oracle.py
[2022-06-16 14:30:18,887] {logging_mixin.py:109} INFO - [2022-06-16 14:30:18,887] {dag.py:2398} INFO - Sync 1 DAGs
[2022-06-16 14:30:18,937] {logging_mixin.py:109} INFO - [2022-06-16 14:30:18,937] {dag.py:2937} INFO - Setting next_dagrun for projet_BigData to None
[2022-06-16 14:30:19,000] {processor.py:171} INFO - Processing /home/saba/airflow/dags/extract_data_from_oracle.py took 0.712 seconds
[2022-06-16 14:31:10,371] {processor.py:163} INFO - Started process (PID=12364) to work on /home/saba/airflow/dags/extract_data_from_oracle.py
[2022-06-16 14:31:10,377] {processor.py:642} INFO - Processing file /home/saba/airflow/dags/extract_data_from_oracle.py for tasks to queue
[2022-06-16 14:31:10,380] {logging_mixin.py:109} INFO - [2022-06-16 14:31:10,379] {dagbag.py:500} INFO - Filling up the DagBag from /home/saba/airflow/dags/extract_data_from_oracle.py
[2022-06-16 14:31:10,825] {processor.py:652} INFO - DAG(s) dict_keys(['projet_BigData']) retrieved from /home/saba/airflow/dags/extract_data_from_oracle.py
[2022-06-16 14:31:10,866] {logging_mixin.py:109} INFO - [2022-06-16 14:31:10,865] {dag.py:2398} INFO - Sync 1 DAGs
[2022-06-16 14:31:10,916] {logging_mixin.py:109} INFO - [2022-06-16 14:31:10,916] {dag.py:2937} INFO - Setting next_dagrun for projet_BigData to None
[2022-06-16 14:31:10,957] {processor.py:171} INFO - Processing /home/saba/airflow/dags/extract_data_from_oracle.py took 0.596 seconds
[2022-06-16 14:45:37,057] {processor.py:163} INFO - Started process (PID=60) to work on /home/saba/airflow/dags/extract_data_from_oracle.py
[2022-06-16 14:45:37,059] {processor.py:642} INFO - Processing file /home/saba/airflow/dags/extract_data_from_oracle.py for tasks to queue
[2022-06-16 14:45:37,060] {logging_mixin.py:109} INFO - [2022-06-16 14:45:37,059] {dagbag.py:500} INFO - Filling up the DagBag from /home/saba/airflow/dags/extract_data_from_oracle.py
[2022-06-16 14:45:37,141] {processor.py:652} INFO - DAG(s) dict_keys(['projet_BigData']) retrieved from /home/saba/airflow/dags/extract_data_from_oracle.py
[2022-06-16 14:45:37,160] {logging_mixin.py:109} INFO - [2022-06-16 14:45:37,160] {dag.py:2398} INFO - Sync 1 DAGs
[2022-06-16 14:45:37,184] {logging_mixin.py:109} INFO - [2022-06-16 14:45:37,184] {dag.py:2937} INFO - Setting next_dagrun for projet_BigData to None
[2022-06-16 14:45:37,204] {processor.py:171} INFO - Processing /home/saba/airflow/dags/extract_data_from_oracle.py took 0.152 seconds
[2022-06-16 14:46:18,185] {processor.py:163} INFO - Started process (PID=102) to work on /home/saba/airflow/dags/extract_data_from_oracle.py
[2022-06-16 14:46:18,198] {processor.py:642} INFO - Processing file /home/saba/airflow/dags/extract_data_from_oracle.py for tasks to queue
[2022-06-16 14:46:18,200] {logging_mixin.py:109} INFO - [2022-06-16 14:46:18,199] {dagbag.py:500} INFO - Filling up the DagBag from /home/saba/airflow/dags/extract_data_from_oracle.py
[2022-06-16 14:46:18,692] {processor.py:652} INFO - DAG(s) dict_keys(['projet_BigData']) retrieved from /home/saba/airflow/dags/extract_data_from_oracle.py
[2022-06-16 14:46:18,803] {logging_mixin.py:109} INFO - [2022-06-16 14:46:18,803] {dag.py:2398} INFO - Sync 1 DAGs
[2022-06-16 14:46:18,965] {logging_mixin.py:109} INFO - [2022-06-16 14:46:18,964] {dag.py:2937} INFO - Setting next_dagrun for projet_BigData to None
[2022-06-16 14:46:19,160] {processor.py:171} INFO - Processing /home/saba/airflow/dags/extract_data_from_oracle.py took 0.985 seconds
[2022-06-16 14:47:24,563] {processor.py:163} INFO - Started process (PID=191) to work on /home/saba/airflow/dags/extract_data_from_oracle.py
[2022-06-16 14:47:24,569] {processor.py:642} INFO - Processing file /home/saba/airflow/dags/extract_data_from_oracle.py for tasks to queue
[2022-06-16 14:47:24,573] {logging_mixin.py:109} INFO - [2022-06-16 14:47:24,572] {dagbag.py:500} INFO - Filling up the DagBag from /home/saba/airflow/dags/extract_data_from_oracle.py
[2022-06-16 14:47:24,903] {processor.py:652} INFO - DAG(s) dict_keys(['projet_BigData']) retrieved from /home/saba/airflow/dags/extract_data_from_oracle.py
[2022-06-16 14:47:24,986] {logging_mixin.py:109} INFO - [2022-06-16 14:47:24,986] {dag.py:2398} INFO - Sync 1 DAGs
[2022-06-16 14:47:25,108] {logging_mixin.py:109} INFO - [2022-06-16 14:47:25,108] {dag.py:2937} INFO - Setting next_dagrun for projet_BigData to None
[2022-06-16 14:47:25,169] {processor.py:171} INFO - Processing /home/saba/airflow/dags/extract_data_from_oracle.py took 0.619 seconds
[2022-06-16 14:48:37,558] {processor.py:163} INFO - Started process (PID=2288) to work on /home/saba/airflow/dags/extract_data_from_oracle.py
[2022-06-16 14:48:37,565] {processor.py:642} INFO - Processing file /home/saba/airflow/dags/extract_data_from_oracle.py for tasks to queue
[2022-06-16 14:48:37,570] {logging_mixin.py:109} INFO - [2022-06-16 14:48:37,569] {dagbag.py:500} INFO - Filling up the DagBag from /home/saba/airflow/dags/extract_data_from_oracle.py
[2022-06-16 14:48:38,048] {processor.py:652} INFO - DAG(s) dict_keys(['projet_BigData']) retrieved from /home/saba/airflow/dags/extract_data_from_oracle.py
[2022-06-16 14:48:38,154] {logging_mixin.py:109} INFO - [2022-06-16 14:48:38,154] {dag.py:2398} INFO - Sync 1 DAGs
[2022-06-16 14:48:38,262] {logging_mixin.py:109} INFO - [2022-06-16 14:48:38,261] {dag.py:2937} INFO - Setting next_dagrun for projet_BigData to None
[2022-06-16 14:48:38,358] {processor.py:171} INFO - Processing /home/saba/airflow/dags/extract_data_from_oracle.py took 0.810 seconds
[2022-06-16 14:49:26,395] {processor.py:163} INFO - Started process (PID=2372) to work on /home/saba/airflow/dags/extract_data_from_oracle.py
[2022-06-16 14:49:26,398] {processor.py:642} INFO - Processing file /home/saba/airflow/dags/extract_data_from_oracle.py for tasks to queue
[2022-06-16 14:49:26,399] {logging_mixin.py:109} INFO - [2022-06-16 14:49:26,399] {dagbag.py:500} INFO - Filling up the DagBag from /home/saba/airflow/dags/extract_data_from_oracle.py
[2022-06-16 14:49:26,536] {processor.py:652} INFO - DAG(s) dict_keys(['projet_BigData']) retrieved from /home/saba/airflow/dags/extract_data_from_oracle.py
[2022-06-16 14:49:26,575] {logging_mixin.py:109} INFO - [2022-06-16 14:49:26,575] {dag.py:2398} INFO - Sync 1 DAGs
[2022-06-16 14:49:26,622] {logging_mixin.py:109} INFO - [2022-06-16 14:49:26,622] {dag.py:2937} INFO - Setting next_dagrun for projet_BigData to None
[2022-06-16 14:49:26,652] {processor.py:171} INFO - Processing /home/saba/airflow/dags/extract_data_from_oracle.py took 0.265 seconds
[2022-06-16 14:50:12,796] {processor.py:163} INFO - Started process (PID=2626) to work on /home/saba/airflow/dags/extract_data_from_oracle.py
[2022-06-16 14:50:12,799] {processor.py:642} INFO - Processing file /home/saba/airflow/dags/extract_data_from_oracle.py for tasks to queue
[2022-06-16 14:50:12,801] {logging_mixin.py:109} INFO - [2022-06-16 14:50:12,801] {dagbag.py:500} INFO - Filling up the DagBag from /home/saba/airflow/dags/extract_data_from_oracle.py
[2022-06-16 14:50:12,966] {processor.py:652} INFO - DAG(s) dict_keys(['projet_BigData']) retrieved from /home/saba/airflow/dags/extract_data_from_oracle.py
[2022-06-16 14:50:13,019] {logging_mixin.py:109} INFO - [2022-06-16 14:50:13,019] {dag.py:2398} INFO - Sync 1 DAGs
[2022-06-16 14:50:13,080] {logging_mixin.py:109} INFO - [2022-06-16 14:50:13,080] {dag.py:2937} INFO - Setting next_dagrun for projet_BigData to None
[2022-06-16 14:50:13,114] {processor.py:171} INFO - Processing /home/saba/airflow/dags/extract_data_from_oracle.py took 0.327 seconds
[2022-06-16 14:50:53,929] {processor.py:163} INFO - Started process (PID=2675) to work on /home/saba/airflow/dags/extract_data_from_oracle.py
[2022-06-16 14:50:53,932] {processor.py:642} INFO - Processing file /home/saba/airflow/dags/extract_data_from_oracle.py for tasks to queue
[2022-06-16 14:50:53,934] {logging_mixin.py:109} INFO - [2022-06-16 14:50:53,933] {dagbag.py:500} INFO - Filling up the DagBag from /home/saba/airflow/dags/extract_data_from_oracle.py
[2022-06-16 14:50:54,071] {processor.py:652} INFO - DAG(s) dict_keys(['projet_BigData']) retrieved from /home/saba/airflow/dags/extract_data_from_oracle.py
[2022-06-16 14:50:54,100] {logging_mixin.py:109} INFO - [2022-06-16 14:50:54,100] {dag.py:2398} INFO - Sync 1 DAGs
[2022-06-16 14:50:54,141] {logging_mixin.py:109} INFO - [2022-06-16 14:50:54,141] {dag.py:2937} INFO - Setting next_dagrun for projet_BigData to None
[2022-06-16 14:50:54,171] {processor.py:171} INFO - Processing /home/saba/airflow/dags/extract_data_from_oracle.py took 0.250 seconds
[2022-06-16 14:51:35,891] {processor.py:163} INFO - Started process (PID=2723) to work on /home/saba/airflow/dags/extract_data_from_oracle.py
[2022-06-16 14:51:35,894] {processor.py:642} INFO - Processing file /home/saba/airflow/dags/extract_data_from_oracle.py for tasks to queue
[2022-06-16 14:51:35,895] {logging_mixin.py:109} INFO - [2022-06-16 14:51:35,895] {dagbag.py:500} INFO - Filling up the DagBag from /home/saba/airflow/dags/extract_data_from_oracle.py
[2022-06-16 14:51:36,024] {processor.py:652} INFO - DAG(s) dict_keys(['projet_BigData']) retrieved from /home/saba/airflow/dags/extract_data_from_oracle.py
[2022-06-16 14:51:36,051] {logging_mixin.py:109} INFO - [2022-06-16 14:51:36,051] {dag.py:2398} INFO - Sync 1 DAGs
[2022-06-16 14:51:36,081] {logging_mixin.py:109} INFO - [2022-06-16 14:51:36,081] {dag.py:2937} INFO - Setting next_dagrun for projet_BigData to None
[2022-06-16 14:51:36,104] {processor.py:171} INFO - Processing /home/saba/airflow/dags/extract_data_from_oracle.py took 0.218 seconds
[2022-06-16 14:52:18,155] {processor.py:163} INFO - Started process (PID=2771) to work on /home/saba/airflow/dags/extract_data_from_oracle.py
[2022-06-16 14:52:18,157] {processor.py:642} INFO - Processing file /home/saba/airflow/dags/extract_data_from_oracle.py for tasks to queue
[2022-06-16 14:52:18,158] {logging_mixin.py:109} INFO - [2022-06-16 14:52:18,158] {dagbag.py:500} INFO - Filling up the DagBag from /home/saba/airflow/dags/extract_data_from_oracle.py
[2022-06-16 14:52:18,230] {processor.py:652} INFO - DAG(s) dict_keys(['projet_BigData']) retrieved from /home/saba/airflow/dags/extract_data_from_oracle.py
[2022-06-16 14:52:18,249] {logging_mixin.py:109} INFO - [2022-06-16 14:52:18,249] {dag.py:2398} INFO - Sync 1 DAGs
[2022-06-16 14:52:18,272] {logging_mixin.py:109} INFO - [2022-06-16 14:52:18,272] {dag.py:2937} INFO - Setting next_dagrun for projet_BigData to None
[2022-06-16 14:52:18,292] {processor.py:171} INFO - Processing /home/saba/airflow/dags/extract_data_from_oracle.py took 0.141 seconds
[2022-06-16 14:52:57,553] {processor.py:163} INFO - Started process (PID=3260) to work on /home/saba/airflow/dags/extract_data_from_oracle.py
[2022-06-16 14:52:57,555] {processor.py:642} INFO - Processing file /home/saba/airflow/dags/extract_data_from_oracle.py for tasks to queue
[2022-06-16 14:52:57,556] {logging_mixin.py:109} INFO - [2022-06-16 14:52:57,556] {dagbag.py:500} INFO - Filling up the DagBag from /home/saba/airflow/dags/extract_data_from_oracle.py
[2022-06-16 14:52:57,633] {processor.py:652} INFO - DAG(s) dict_keys(['projet_BigData']) retrieved from /home/saba/airflow/dags/extract_data_from_oracle.py
[2022-06-16 14:52:57,653] {logging_mixin.py:109} INFO - [2022-06-16 14:52:57,653] {dag.py:2398} INFO - Sync 1 DAGs
[2022-06-16 14:52:57,678] {logging_mixin.py:109} INFO - [2022-06-16 14:52:57,677] {dag.py:2937} INFO - Setting next_dagrun for projet_BigData to None
[2022-06-16 14:52:57,697] {processor.py:171} INFO - Processing /home/saba/airflow/dags/extract_data_from_oracle.py took 0.148 seconds
[2022-06-16 14:53:34,209] {processor.py:163} INFO - Started process (PID=3304) to work on /home/saba/airflow/dags/extract_data_from_oracle.py
[2022-06-16 14:53:34,211] {processor.py:642} INFO - Processing file /home/saba/airflow/dags/extract_data_from_oracle.py for tasks to queue
[2022-06-16 14:53:34,212] {logging_mixin.py:109} INFO - [2022-06-16 14:53:34,212] {dagbag.py:500} INFO - Filling up the DagBag from /home/saba/airflow/dags/extract_data_from_oracle.py
[2022-06-16 14:53:34,286] {processor.py:652} INFO - DAG(s) dict_keys(['projet_BigData']) retrieved from /home/saba/airflow/dags/extract_data_from_oracle.py
[2022-06-16 14:53:34,304] {logging_mixin.py:109} INFO - [2022-06-16 14:53:34,304] {dag.py:2398} INFO - Sync 1 DAGs
[2022-06-16 14:53:34,329] {logging_mixin.py:109} INFO - [2022-06-16 14:53:34,328] {dag.py:2937} INFO - Setting next_dagrun for projet_BigData to None
[2022-06-16 14:53:34,350] {processor.py:171} INFO - Processing /home/saba/airflow/dags/extract_data_from_oracle.py took 0.145 seconds
[2022-06-16 14:54:12,138] {processor.py:163} INFO - Started process (PID=3333) to work on /home/saba/airflow/dags/extract_data_from_oracle.py
[2022-06-16 14:54:12,143] {processor.py:642} INFO - Processing file /home/saba/airflow/dags/extract_data_from_oracle.py for tasks to queue
[2022-06-16 14:54:12,146] {logging_mixin.py:109} INFO - [2022-06-16 14:54:12,145] {dagbag.py:500} INFO - Filling up the DagBag from /home/saba/airflow/dags/extract_data_from_oracle.py
[2022-06-16 14:54:12,321] {processor.py:652} INFO - DAG(s) dict_keys(['projet_BigData']) retrieved from /home/saba/airflow/dags/extract_data_from_oracle.py
[2022-06-16 14:54:12,360] {logging_mixin.py:109} INFO - [2022-06-16 14:54:12,360] {dag.py:2398} INFO - Sync 1 DAGs
[2022-06-16 14:54:12,407] {logging_mixin.py:109} INFO - [2022-06-16 14:54:12,406] {dag.py:2937} INFO - Setting next_dagrun for projet_BigData to None
[2022-06-16 14:54:12,449] {processor.py:171} INFO - Processing /home/saba/airflow/dags/extract_data_from_oracle.py took 0.320 seconds
[2022-06-16 14:54:53,668] {processor.py:163} INFO - Started process (PID=3871) to work on /home/saba/airflow/dags/extract_data_from_oracle.py
[2022-06-16 14:54:53,672] {processor.py:642} INFO - Processing file /home/saba/airflow/dags/extract_data_from_oracle.py for tasks to queue
[2022-06-16 14:54:53,673] {logging_mixin.py:109} INFO - [2022-06-16 14:54:53,673] {dagbag.py:500} INFO - Filling up the DagBag from /home/saba/airflow/dags/extract_data_from_oracle.py
[2022-06-16 14:54:53,776] {processor.py:652} INFO - DAG(s) dict_keys(['projet_BigData']) retrieved from /home/saba/airflow/dags/extract_data_from_oracle.py
[2022-06-16 14:54:53,802] {logging_mixin.py:109} INFO - [2022-06-16 14:54:53,801] {dag.py:2398} INFO - Sync 1 DAGs
[2022-06-16 14:54:53,834] {logging_mixin.py:109} INFO - [2022-06-16 14:54:53,834] {dag.py:2937} INFO - Setting next_dagrun for projet_BigData to None
[2022-06-16 14:54:53,858] {processor.py:171} INFO - Processing /home/saba/airflow/dags/extract_data_from_oracle.py took 0.195 seconds
[2022-06-16 14:55:31,024] {processor.py:163} INFO - Started process (PID=3961) to work on /home/saba/airflow/dags/extract_data_from_oracle.py
[2022-06-16 14:55:31,026] {processor.py:642} INFO - Processing file /home/saba/airflow/dags/extract_data_from_oracle.py for tasks to queue
[2022-06-16 14:55:31,027] {logging_mixin.py:109} INFO - [2022-06-16 14:55:31,027] {dagbag.py:500} INFO - Filling up the DagBag from /home/saba/airflow/dags/extract_data_from_oracle.py
[2022-06-16 14:55:31,139] {processor.py:652} INFO - DAG(s) dict_keys(['projet_BigData']) retrieved from /home/saba/airflow/dags/extract_data_from_oracle.py
[2022-06-16 14:55:31,165] {logging_mixin.py:109} INFO - [2022-06-16 14:55:31,164] {dag.py:2398} INFO - Sync 1 DAGs
[2022-06-16 14:55:31,196] {logging_mixin.py:109} INFO - [2022-06-16 14:55:31,196] {dag.py:2937} INFO - Setting next_dagrun for projet_BigData to None
[2022-06-16 14:55:31,323] {processor.py:171} INFO - Processing /home/saba/airflow/dags/extract_data_from_oracle.py took 0.303 seconds
[2022-06-16 14:56:25,509] {processor.py:163} INFO - Started process (PID=4278) to work on /home/saba/airflow/dags/extract_data_from_oracle.py
[2022-06-16 14:56:25,517] {processor.py:642} INFO - Processing file /home/saba/airflow/dags/extract_data_from_oracle.py for tasks to queue
[2022-06-16 14:56:25,523] {logging_mixin.py:109} INFO - [2022-06-16 14:56:25,520] {dagbag.py:500} INFO - Filling up the DagBag from /home/saba/airflow/dags/extract_data_from_oracle.py
[2022-06-16 14:56:25,920] {processor.py:652} INFO - DAG(s) dict_keys(['projet_BigData']) retrieved from /home/saba/airflow/dags/extract_data_from_oracle.py
[2022-06-16 14:56:25,972] {logging_mixin.py:109} INFO - [2022-06-16 14:56:25,971] {dag.py:2398} INFO - Sync 1 DAGs
[2022-06-16 14:56:26,219] {logging_mixin.py:109} INFO - [2022-06-16 14:56:26,218] {dag.py:2937} INFO - Setting next_dagrun for projet_BigData to None
[2022-06-16 14:56:26,268] {processor.py:171} INFO - Processing /home/saba/airflow/dags/extract_data_from_oracle.py took 0.773 seconds
[2022-06-16 14:57:12,816] {processor.py:163} INFO - Started process (PID=6062) to work on /home/saba/airflow/dags/extract_data_from_oracle.py
[2022-06-16 14:57:12,820] {processor.py:642} INFO - Processing file /home/saba/airflow/dags/extract_data_from_oracle.py for tasks to queue
[2022-06-16 14:57:12,823] {logging_mixin.py:109} INFO - [2022-06-16 14:57:12,822] {dagbag.py:500} INFO - Filling up the DagBag from /home/saba/airflow/dags/extract_data_from_oracle.py
[2022-06-16 14:57:13,028] {processor.py:652} INFO - DAG(s) dict_keys(['projet_BigData']) retrieved from /home/saba/airflow/dags/extract_data_from_oracle.py
[2022-06-16 14:57:13,098] {logging_mixin.py:109} INFO - [2022-06-16 14:57:13,098] {dag.py:2398} INFO - Sync 1 DAGs
[2022-06-16 14:57:13,529] {logging_mixin.py:109} INFO - [2022-06-16 14:57:13,528] {dag.py:2937} INFO - Setting next_dagrun for projet_BigData to None
[2022-06-16 14:57:13,594] {processor.py:171} INFO - Processing /home/saba/airflow/dags/extract_data_from_oracle.py took 0.787 seconds
[2022-06-16 14:58:00,958] {processor.py:163} INFO - Started process (PID=7810) to work on /home/saba/airflow/dags/extract_data_from_oracle.py
[2022-06-16 14:58:00,961] {processor.py:642} INFO - Processing file /home/saba/airflow/dags/extract_data_from_oracle.py for tasks to queue
[2022-06-16 14:58:00,964] {logging_mixin.py:109} INFO - [2022-06-16 14:58:00,963] {dagbag.py:500} INFO - Filling up the DagBag from /home/saba/airflow/dags/extract_data_from_oracle.py
[2022-06-16 14:58:01,150] {processor.py:652} INFO - DAG(s) dict_keys(['projet_BigData']) retrieved from /home/saba/airflow/dags/extract_data_from_oracle.py
[2022-06-16 14:58:01,405] {logging_mixin.py:109} INFO - [2022-06-16 14:58:01,404] {dag.py:2398} INFO - Sync 1 DAGs
[2022-06-16 14:58:01,448] {logging_mixin.py:109} INFO - [2022-06-16 14:58:01,447] {dag.py:2937} INFO - Setting next_dagrun for projet_BigData to None
[2022-06-16 14:58:01,533] {processor.py:171} INFO - Processing /home/saba/airflow/dags/extract_data_from_oracle.py took 0.583 seconds
[2022-06-16 14:58:53,770] {processor.py:163} INFO - Started process (PID=8792) to work on /home/saba/airflow/dags/extract_data_from_oracle.py
[2022-06-16 14:58:53,779] {processor.py:642} INFO - Processing file /home/saba/airflow/dags/extract_data_from_oracle.py for tasks to queue
[2022-06-16 14:58:53,793] {logging_mixin.py:109} INFO - [2022-06-16 14:58:53,793] {dagbag.py:500} INFO - Filling up the DagBag from /home/saba/airflow/dags/extract_data_from_oracle.py
[2022-06-16 14:58:54,173] {processor.py:652} INFO - DAG(s) dict_keys(['projet_BigData']) retrieved from /home/saba/airflow/dags/extract_data_from_oracle.py
[2022-06-16 14:58:54,502] {logging_mixin.py:109} INFO - [2022-06-16 14:58:54,501] {dag.py:2398} INFO - Sync 1 DAGs
[2022-06-16 14:58:54,570] {logging_mixin.py:109} INFO - [2022-06-16 14:58:54,570] {dag.py:2937} INFO - Setting next_dagrun for projet_BigData to None
[2022-06-16 14:58:54,737] {processor.py:171} INFO - Processing /home/saba/airflow/dags/extract_data_from_oracle.py took 0.986 seconds
[2022-06-16 14:59:44,284] {processor.py:163} INFO - Started process (PID=10167) to work on /home/saba/airflow/dags/extract_data_from_oracle.py
[2022-06-16 14:59:44,289] {processor.py:642} INFO - Processing file /home/saba/airflow/dags/extract_data_from_oracle.py for tasks to queue
[2022-06-16 14:59:44,292] {logging_mixin.py:109} INFO - [2022-06-16 14:59:44,292] {dagbag.py:500} INFO - Filling up the DagBag from /home/saba/airflow/dags/extract_data_from_oracle.py
[2022-06-16 14:59:44,636] {processor.py:652} INFO - DAG(s) dict_keys(['projet_BigData']) retrieved from /home/saba/airflow/dags/extract_data_from_oracle.py
[2022-06-16 14:59:44,674] {logging_mixin.py:109} INFO - [2022-06-16 14:59:44,674] {dag.py:2398} INFO - Sync 1 DAGs
[2022-06-16 14:59:44,727] {logging_mixin.py:109} INFO - [2022-06-16 14:59:44,727] {dag.py:2937} INFO - Setting next_dagrun for projet_BigData to None
[2022-06-16 14:59:44,766] {processor.py:171} INFO - Processing /home/saba/airflow/dags/extract_data_from_oracle.py took 0.493 seconds
[2022-06-16 15:00:23,517] {processor.py:163} INFO - Started process (PID=11113) to work on /home/saba/airflow/dags/extract_data_from_oracle.py
[2022-06-16 15:00:23,519] {processor.py:642} INFO - Processing file /home/saba/airflow/dags/extract_data_from_oracle.py for tasks to queue
[2022-06-16 15:00:23,521] {logging_mixin.py:109} INFO - [2022-06-16 15:00:23,521] {dagbag.py:500} INFO - Filling up the DagBag from /home/saba/airflow/dags/extract_data_from_oracle.py
[2022-06-16 15:00:23,683] {processor.py:652} INFO - DAG(s) dict_keys(['projet_BigData']) retrieved from /home/saba/airflow/dags/extract_data_from_oracle.py
[2022-06-16 15:00:23,698] {logging_mixin.py:109} INFO - [2022-06-16 15:00:23,698] {dag.py:2398} INFO - Sync 1 DAGs
[2022-06-16 15:00:23,716] {logging_mixin.py:109} INFO - [2022-06-16 15:00:23,716] {dag.py:2937} INFO - Setting next_dagrun for projet_BigData to None
[2022-06-16 15:00:23,739] {processor.py:171} INFO - Processing /home/saba/airflow/dags/extract_data_from_oracle.py took 0.226 seconds
[2022-06-16 15:01:01,155] {processor.py:163} INFO - Started process (PID=11222) to work on /home/saba/airflow/dags/extract_data_from_oracle.py
[2022-06-16 15:01:01,159] {processor.py:642} INFO - Processing file /home/saba/airflow/dags/extract_data_from_oracle.py for tasks to queue
[2022-06-16 15:01:01,160] {logging_mixin.py:109} INFO - [2022-06-16 15:01:01,160] {dagbag.py:500} INFO - Filling up the DagBag from /home/saba/airflow/dags/extract_data_from_oracle.py
[2022-06-16 15:01:01,319] {processor.py:652} INFO - DAG(s) dict_keys(['projet_BigData']) retrieved from /home/saba/airflow/dags/extract_data_from_oracle.py
[2022-06-16 15:01:01,334] {logging_mixin.py:109} INFO - [2022-06-16 15:01:01,334] {dag.py:2398} INFO - Sync 1 DAGs
[2022-06-16 15:01:01,353] {logging_mixin.py:109} INFO - [2022-06-16 15:01:01,352] {dag.py:2937} INFO - Setting next_dagrun for projet_BigData to None
[2022-06-16 15:01:01,372] {processor.py:171} INFO - Processing /home/saba/airflow/dags/extract_data_from_oracle.py took 0.221 seconds
[2022-06-16 15:01:38,885] {processor.py:163} INFO - Started process (PID=11253) to work on /home/saba/airflow/dags/extract_data_from_oracle.py
[2022-06-16 15:01:38,888] {processor.py:642} INFO - Processing file /home/saba/airflow/dags/extract_data_from_oracle.py for tasks to queue
[2022-06-16 15:01:38,889] {logging_mixin.py:109} INFO - [2022-06-16 15:01:38,889] {dagbag.py:500} INFO - Filling up the DagBag from /home/saba/airflow/dags/extract_data_from_oracle.py
[2022-06-16 15:01:39,101] {processor.py:652} INFO - DAG(s) dict_keys(['projet_BigData']) retrieved from /home/saba/airflow/dags/extract_data_from_oracle.py
[2022-06-16 15:01:39,121] {logging_mixin.py:109} INFO - [2022-06-16 15:01:39,121] {dag.py:2398} INFO - Sync 1 DAGs
[2022-06-16 15:01:39,152] {logging_mixin.py:109} INFO - [2022-06-16 15:01:39,152] {dag.py:2937} INFO - Setting next_dagrun for projet_BigData to None
[2022-06-16 15:01:39,174] {processor.py:171} INFO - Processing /home/saba/airflow/dags/extract_data_from_oracle.py took 0.294 seconds
[2022-06-16 15:02:13,885] {processor.py:163} INFO - Started process (PID=11641) to work on /home/saba/airflow/dags/extract_data_from_oracle.py
[2022-06-16 15:02:13,887] {processor.py:642} INFO - Processing file /home/saba/airflow/dags/extract_data_from_oracle.py for tasks to queue
[2022-06-16 15:02:13,888] {logging_mixin.py:109} INFO - [2022-06-16 15:02:13,888] {dagbag.py:500} INFO - Filling up the DagBag from /home/saba/airflow/dags/extract_data_from_oracle.py
[2022-06-16 15:02:14,057] {processor.py:652} INFO - DAG(s) dict_keys(['projet_BigData']) retrieved from /home/saba/airflow/dags/extract_data_from_oracle.py
[2022-06-16 15:02:14,073] {logging_mixin.py:109} INFO - [2022-06-16 15:02:14,073] {dag.py:2398} INFO - Sync 1 DAGs
[2022-06-16 15:02:14,094] {logging_mixin.py:109} INFO - [2022-06-16 15:02:14,094] {dag.py:2937} INFO - Setting next_dagrun for projet_BigData to None
[2022-06-16 15:02:14,116] {processor.py:171} INFO - Processing /home/saba/airflow/dags/extract_data_from_oracle.py took 0.234 seconds
[2022-06-16 15:02:54,189] {processor.py:163} INFO - Started process (PID=11743) to work on /home/saba/airflow/dags/extract_data_from_oracle.py
[2022-06-16 15:02:54,191] {processor.py:642} INFO - Processing file /home/saba/airflow/dags/extract_data_from_oracle.py for tasks to queue
[2022-06-16 15:02:54,192] {logging_mixin.py:109} INFO - [2022-06-16 15:02:54,191] {dagbag.py:500} INFO - Filling up the DagBag from /home/saba/airflow/dags/extract_data_from_oracle.py
[2022-06-16 15:02:54,353] {processor.py:652} INFO - DAG(s) dict_keys(['projet_BigData']) retrieved from /home/saba/airflow/dags/extract_data_from_oracle.py
[2022-06-16 15:02:54,366] {logging_mixin.py:109} INFO - [2022-06-16 15:02:54,366] {dag.py:2398} INFO - Sync 1 DAGs
[2022-06-16 15:02:54,382] {logging_mixin.py:109} INFO - [2022-06-16 15:02:54,382] {dag.py:2937} INFO - Setting next_dagrun for projet_BigData to None
[2022-06-16 15:02:54,399] {processor.py:171} INFO - Processing /home/saba/airflow/dags/extract_data_from_oracle.py took 0.214 seconds
[2022-06-16 15:03:28,366] {processor.py:163} INFO - Started process (PID=11881) to work on /home/saba/airflow/dags/extract_data_from_oracle.py
[2022-06-16 15:03:28,370] {processor.py:642} INFO - Processing file /home/saba/airflow/dags/extract_data_from_oracle.py for tasks to queue
[2022-06-16 15:03:28,371] {logging_mixin.py:109} INFO - [2022-06-16 15:03:28,371] {dagbag.py:500} INFO - Filling up the DagBag from /home/saba/airflow/dags/extract_data_from_oracle.py
[2022-06-16 15:03:28,531] {processor.py:652} INFO - DAG(s) dict_keys(['projet_BigData']) retrieved from /home/saba/airflow/dags/extract_data_from_oracle.py
[2022-06-16 15:03:28,544] {logging_mixin.py:109} INFO - [2022-06-16 15:03:28,543] {dag.py:2398} INFO - Sync 1 DAGs
[2022-06-16 15:03:28,559] {logging_mixin.py:109} INFO - [2022-06-16 15:03:28,559] {dag.py:2937} INFO - Setting next_dagrun for projet_BigData to None
[2022-06-16 15:03:28,576] {processor.py:171} INFO - Processing /home/saba/airflow/dags/extract_data_from_oracle.py took 0.213 seconds
[2022-06-16 15:04:04,290] {processor.py:163} INFO - Started process (PID=12369) to work on /home/saba/airflow/dags/extract_data_from_oracle.py
[2022-06-16 15:04:04,294] {processor.py:642} INFO - Processing file /home/saba/airflow/dags/extract_data_from_oracle.py for tasks to queue
[2022-06-16 15:04:04,296] {logging_mixin.py:109} INFO - [2022-06-16 15:04:04,295] {dagbag.py:500} INFO - Filling up the DagBag from /home/saba/airflow/dags/extract_data_from_oracle.py
[2022-06-16 15:04:04,479] {processor.py:652} INFO - DAG(s) dict_keys(['projet_BigData']) retrieved from /home/saba/airflow/dags/extract_data_from_oracle.py
[2022-06-16 15:04:04,495] {logging_mixin.py:109} INFO - [2022-06-16 15:04:04,495] {dag.py:2398} INFO - Sync 1 DAGs
[2022-06-16 15:04:04,514] {logging_mixin.py:109} INFO - [2022-06-16 15:04:04,514] {dag.py:2937} INFO - Setting next_dagrun for projet_BigData to None
[2022-06-16 15:04:04,535] {processor.py:171} INFO - Processing /home/saba/airflow/dags/extract_data_from_oracle.py took 0.251 seconds
[2022-06-16 15:04:42,882] {processor.py:163} INFO - Started process (PID=12480) to work on /home/saba/airflow/dags/extract_data_from_oracle.py
[2022-06-16 15:04:42,886] {processor.py:642} INFO - Processing file /home/saba/airflow/dags/extract_data_from_oracle.py for tasks to queue
[2022-06-16 15:04:42,889] {logging_mixin.py:109} INFO - [2022-06-16 15:04:42,888] {dagbag.py:500} INFO - Filling up the DagBag from /home/saba/airflow/dags/extract_data_from_oracle.py
[2022-06-16 15:04:43,900] {processor.py:652} INFO - DAG(s) dict_keys(['projet_BigData']) retrieved from /home/saba/airflow/dags/extract_data_from_oracle.py
[2022-06-16 15:04:43,933] {logging_mixin.py:109} INFO - [2022-06-16 15:04:43,928] {dag.py:2398} INFO - Sync 1 DAGs
[2022-06-16 15:04:43,979] {logging_mixin.py:109} INFO - [2022-06-16 15:04:43,979] {dag.py:2937} INFO - Setting next_dagrun for projet_BigData to None
[2022-06-16 15:04:44,017] {processor.py:171} INFO - Processing /home/saba/airflow/dags/extract_data_from_oracle.py took 1.152 seconds
[2022-06-16 15:05:23,148] {processor.py:163} INFO - Started process (PID=12974) to work on /home/saba/airflow/dags/extract_data_from_oracle.py
[2022-06-16 15:05:23,151] {processor.py:642} INFO - Processing file /home/saba/airflow/dags/extract_data_from_oracle.py for tasks to queue
[2022-06-16 15:05:23,154] {logging_mixin.py:109} INFO - [2022-06-16 15:05:23,153] {dagbag.py:500} INFO - Filling up the DagBag from /home/saba/airflow/dags/extract_data_from_oracle.py
[2022-06-16 15:05:23,701] {processor.py:652} INFO - DAG(s) dict_keys(['projet_BigData']) retrieved from /home/saba/airflow/dags/extract_data_from_oracle.py
[2022-06-16 15:05:23,726] {logging_mixin.py:109} INFO - [2022-06-16 15:05:23,723] {dag.py:2398} INFO - Sync 1 DAGs
[2022-06-16 15:05:23,754] {logging_mixin.py:109} INFO - [2022-06-16 15:05:23,754] {dag.py:2937} INFO - Setting next_dagrun for projet_BigData to None
[2022-06-16 15:05:23,778] {processor.py:171} INFO - Processing /home/saba/airflow/dags/extract_data_from_oracle.py took 0.637 seconds
[2022-06-16 15:06:07,568] {processor.py:163} INFO - Started process (PID=13382) to work on /home/saba/airflow/dags/extract_data_from_oracle.py
[2022-06-16 15:06:07,570] {processor.py:642} INFO - Processing file /home/saba/airflow/dags/extract_data_from_oracle.py for tasks to queue
[2022-06-16 15:06:07,572] {logging_mixin.py:109} INFO - [2022-06-16 15:06:07,572] {dagbag.py:500} INFO - Filling up the DagBag from /home/saba/airflow/dags/extract_data_from_oracle.py
[2022-06-16 15:06:08,222] {processor.py:652} INFO - DAG(s) dict_keys(['projet_BigData']) retrieved from /home/saba/airflow/dags/extract_data_from_oracle.py
[2022-06-16 15:06:08,255] {logging_mixin.py:109} INFO - [2022-06-16 15:06:08,251] {dag.py:2398} INFO - Sync 1 DAGs
[2022-06-16 15:06:08,284] {logging_mixin.py:109} INFO - [2022-06-16 15:06:08,284] {dag.py:2937} INFO - Setting next_dagrun for projet_BigData to None
[2022-06-16 15:06:08,310] {processor.py:171} INFO - Processing /home/saba/airflow/dags/extract_data_from_oracle.py took 0.747 seconds
[2022-06-16 15:06:48,176] {processor.py:163} INFO - Started process (PID=13735) to work on /home/saba/airflow/dags/extract_data_from_oracle.py
[2022-06-16 15:06:48,180] {processor.py:642} INFO - Processing file /home/saba/airflow/dags/extract_data_from_oracle.py for tasks to queue
[2022-06-16 15:06:48,182] {logging_mixin.py:109} INFO - [2022-06-16 15:06:48,181] {dagbag.py:500} INFO - Filling up the DagBag from /home/saba/airflow/dags/extract_data_from_oracle.py
[2022-06-16 15:06:48,858] {processor.py:652} INFO - DAG(s) dict_keys(['projet_BigData']) retrieved from /home/saba/airflow/dags/extract_data_from_oracle.py
[2022-06-16 15:06:48,885] {logging_mixin.py:109} INFO - [2022-06-16 15:06:48,882] {dag.py:2398} INFO - Sync 1 DAGs
[2022-06-16 15:06:48,914] {logging_mixin.py:109} INFO - [2022-06-16 15:06:48,913] {dag.py:2937} INFO - Setting next_dagrun for projet_BigData to None
[2022-06-16 15:06:48,940] {processor.py:171} INFO - Processing /home/saba/airflow/dags/extract_data_from_oracle.py took 0.771 seconds
[2022-06-16 15:07:37,388] {processor.py:163} INFO - Started process (PID=13875) to work on /home/saba/airflow/dags/extract_data_from_oracle.py
[2022-06-16 15:07:37,390] {processor.py:642} INFO - Processing file /home/saba/airflow/dags/extract_data_from_oracle.py for tasks to queue
[2022-06-16 15:07:37,391] {logging_mixin.py:109} INFO - [2022-06-16 15:07:37,391] {dagbag.py:500} INFO - Filling up the DagBag from /home/saba/airflow/dags/extract_data_from_oracle.py
[2022-06-16 15:07:38,326] {processor.py:652} INFO - DAG(s) dict_keys(['projet_BigData']) retrieved from /home/saba/airflow/dags/extract_data_from_oracle.py
[2022-06-16 15:07:38,350] {logging_mixin.py:109} INFO - [2022-06-16 15:07:38,348] {dag.py:2398} INFO - Sync 1 DAGs
[2022-06-16 15:07:38,371] {logging_mixin.py:109} INFO - [2022-06-16 15:07:38,371] {dag.py:2937} INFO - Setting next_dagrun for projet_BigData to None
[2022-06-16 15:07:38,393] {processor.py:171} INFO - Processing /home/saba/airflow/dags/extract_data_from_oracle.py took 1.008 seconds
[2022-06-16 15:08:18,728] {processor.py:163} INFO - Started process (PID=14502) to work on /home/saba/airflow/dags/extract_data_from_oracle.py
[2022-06-16 15:08:18,730] {processor.py:642} INFO - Processing file /home/saba/airflow/dags/extract_data_from_oracle.py for tasks to queue
[2022-06-16 15:08:18,731] {logging_mixin.py:109} INFO - [2022-06-16 15:08:18,731] {dagbag.py:500} INFO - Filling up the DagBag from /home/saba/airflow/dags/extract_data_from_oracle.py
[2022-06-16 15:08:19,329] {processor.py:652} INFO - DAG(s) dict_keys(['projet_BigData']) retrieved from /home/saba/airflow/dags/extract_data_from_oracle.py
[2022-06-16 15:08:19,377] {logging_mixin.py:109} INFO - [2022-06-16 15:08:19,373] {dag.py:2398} INFO - Sync 1 DAGs
[2022-06-16 15:08:19,419] {logging_mixin.py:109} INFO - [2022-06-16 15:08:19,419] {dag.py:2937} INFO - Setting next_dagrun for projet_BigData to None
[2022-06-16 15:08:19,456] {processor.py:171} INFO - Processing /home/saba/airflow/dags/extract_data_from_oracle.py took 0.732 seconds
[2022-06-16 15:08:59,934] {processor.py:163} INFO - Started process (PID=14770) to work on /home/saba/airflow/dags/extract_data_from_oracle.py
[2022-06-16 15:08:59,938] {processor.py:642} INFO - Processing file /home/saba/airflow/dags/extract_data_from_oracle.py for tasks to queue
[2022-06-16 15:08:59,940] {logging_mixin.py:109} INFO - [2022-06-16 15:08:59,940] {dagbag.py:500} INFO - Filling up the DagBag from /home/saba/airflow/dags/extract_data_from_oracle.py
[2022-06-16 15:09:00,462] {processor.py:652} INFO - DAG(s) dict_keys(['projet_BigData']) retrieved from /home/saba/airflow/dags/extract_data_from_oracle.py
[2022-06-16 15:09:00,490] {logging_mixin.py:109} INFO - [2022-06-16 15:09:00,487] {dag.py:2398} INFO - Sync 1 DAGs
[2022-06-16 15:09:00,520] {logging_mixin.py:109} INFO - [2022-06-16 15:09:00,520] {dag.py:2937} INFO - Setting next_dagrun for projet_BigData to None
[2022-06-16 15:09:00,553] {processor.py:171} INFO - Processing /home/saba/airflow/dags/extract_data_from_oracle.py took 0.632 seconds
[2022-06-16 15:09:39,344] {processor.py:163} INFO - Started process (PID=15187) to work on /home/saba/airflow/dags/extract_data_from_oracle.py
[2022-06-16 15:09:39,346] {processor.py:642} INFO - Processing file /home/saba/airflow/dags/extract_data_from_oracle.py for tasks to queue
[2022-06-16 15:09:39,347] {logging_mixin.py:109} INFO - [2022-06-16 15:09:39,346] {dagbag.py:500} INFO - Filling up the DagBag from /home/saba/airflow/dags/extract_data_from_oracle.py
[2022-06-16 15:09:39,784] {processor.py:652} INFO - DAG(s) dict_keys(['projet_BigData']) retrieved from /home/saba/airflow/dags/extract_data_from_oracle.py
[2022-06-16 15:09:39,806] {logging_mixin.py:109} INFO - [2022-06-16 15:09:39,803] {dag.py:2398} INFO - Sync 1 DAGs
[2022-06-16 15:09:39,829] {logging_mixin.py:109} INFO - [2022-06-16 15:09:39,829] {dag.py:2937} INFO - Setting next_dagrun for projet_BigData to None
[2022-06-16 15:09:39,852] {processor.py:171} INFO - Processing /home/saba/airflow/dags/extract_data_from_oracle.py took 0.512 seconds
[2022-06-16 15:10:20,473] {processor.py:163} INFO - Started process (PID=15262) to work on /home/saba/airflow/dags/extract_data_from_oracle.py
[2022-06-16 15:10:20,475] {processor.py:642} INFO - Processing file /home/saba/airflow/dags/extract_data_from_oracle.py for tasks to queue
[2022-06-16 15:10:20,476] {logging_mixin.py:109} INFO - [2022-06-16 15:10:20,476] {dagbag.py:500} INFO - Filling up the DagBag from /home/saba/airflow/dags/extract_data_from_oracle.py
[2022-06-16 15:10:21,137] {processor.py:652} INFO - DAG(s) dict_keys(['projet_BigData']) retrieved from /home/saba/airflow/dags/extract_data_from_oracle.py
[2022-06-16 15:10:21,181] {logging_mixin.py:109} INFO - [2022-06-16 15:10:21,177] {dag.py:2398} INFO - Sync 1 DAGs
[2022-06-16 15:10:21,221] {logging_mixin.py:109} INFO - [2022-06-16 15:10:21,221] {dag.py:2937} INFO - Setting next_dagrun for projet_BigData to None
[2022-06-16 15:10:21,255] {processor.py:171} INFO - Processing /home/saba/airflow/dags/extract_data_from_oracle.py took 0.787 seconds
[2022-06-16 15:11:06,372] {processor.py:163} INFO - Started process (PID=15830) to work on /home/saba/airflow/dags/extract_data_from_oracle.py
[2022-06-16 15:11:06,374] {processor.py:642} INFO - Processing file /home/saba/airflow/dags/extract_data_from_oracle.py for tasks to queue
[2022-06-16 15:11:06,375] {logging_mixin.py:109} INFO - [2022-06-16 15:11:06,375] {dagbag.py:500} INFO - Filling up the DagBag from /home/saba/airflow/dags/extract_data_from_oracle.py
[2022-06-16 15:11:06,865] {processor.py:652} INFO - DAG(s) dict_keys(['projet_BigData']) retrieved from /home/saba/airflow/dags/extract_data_from_oracle.py
[2022-06-16 15:11:06,886] {logging_mixin.py:109} INFO - [2022-06-16 15:11:06,884] {dag.py:2398} INFO - Sync 1 DAGs
[2022-06-16 15:11:06,910] {logging_mixin.py:109} INFO - [2022-06-16 15:11:06,909] {dag.py:2937} INFO - Setting next_dagrun for projet_BigData to None
[2022-06-16 15:11:06,932] {processor.py:171} INFO - Processing /home/saba/airflow/dags/extract_data_from_oracle.py took 0.566 seconds
[2022-06-16 15:11:52,603] {processor.py:163} INFO - Started process (PID=15941) to work on /home/saba/airflow/dags/extract_data_from_oracle.py
[2022-06-16 15:11:52,605] {processor.py:642} INFO - Processing file /home/saba/airflow/dags/extract_data_from_oracle.py for tasks to queue
[2022-06-16 15:11:52,606] {logging_mixin.py:109} INFO - [2022-06-16 15:11:52,606] {dagbag.py:500} INFO - Filling up the DagBag from /home/saba/airflow/dags/extract_data_from_oracle.py
[2022-06-16 15:11:53,180] {processor.py:652} INFO - DAG(s) dict_keys(['projet_BigData']) retrieved from /home/saba/airflow/dags/extract_data_from_oracle.py
[2022-06-16 15:11:53,210] {logging_mixin.py:109} INFO - [2022-06-16 15:11:53,207] {dag.py:2398} INFO - Sync 1 DAGs
[2022-06-16 15:11:53,250] {logging_mixin.py:109} INFO - [2022-06-16 15:11:53,250] {dag.py:2937} INFO - Setting next_dagrun for projet_BigData to None
[2022-06-16 15:11:53,278] {processor.py:171} INFO - Processing /home/saba/airflow/dags/extract_data_from_oracle.py took 0.680 seconds
[2022-06-16 15:12:40,560] {processor.py:163} INFO - Started process (PID=16537) to work on /home/saba/airflow/dags/extract_data_from_oracle.py
[2022-06-16 15:12:40,565] {processor.py:642} INFO - Processing file /home/saba/airflow/dags/extract_data_from_oracle.py for tasks to queue
[2022-06-16 15:12:40,567] {logging_mixin.py:109} INFO - [2022-06-16 15:12:40,566] {dagbag.py:500} INFO - Filling up the DagBag from /home/saba/airflow/dags/extract_data_from_oracle.py
[2022-06-16 15:12:41,445] {processor.py:652} INFO - DAG(s) dict_keys(['projet_BigData']) retrieved from /home/saba/airflow/dags/extract_data_from_oracle.py
[2022-06-16 15:12:41,483] {logging_mixin.py:109} INFO - [2022-06-16 15:12:41,480] {dag.py:2398} INFO - Sync 1 DAGs
[2022-06-16 15:12:41,527] {logging_mixin.py:109} INFO - [2022-06-16 15:12:41,527] {dag.py:2937} INFO - Setting next_dagrun for projet_BigData to None
[2022-06-16 15:12:41,567] {processor.py:171} INFO - Processing /home/saba/airflow/dags/extract_data_from_oracle.py took 1.016 seconds
[2022-06-16 15:13:26,814] {processor.py:163} INFO - Started process (PID=17003) to work on /home/saba/airflow/dags/extract_data_from_oracle.py
[2022-06-16 15:13:26,818] {processor.py:642} INFO - Processing file /home/saba/airflow/dags/extract_data_from_oracle.py for tasks to queue
[2022-06-16 15:13:26,819] {logging_mixin.py:109} INFO - [2022-06-16 15:13:26,819] {dagbag.py:500} INFO - Filling up the DagBag from /home/saba/airflow/dags/extract_data_from_oracle.py
[2022-06-16 15:13:27,391] {processor.py:652} INFO - DAG(s) dict_keys(['projet_BigData']) retrieved from /home/saba/airflow/dags/extract_data_from_oracle.py
[2022-06-16 15:13:27,418] {logging_mixin.py:109} INFO - [2022-06-16 15:13:27,416] {dag.py:2398} INFO - Sync 1 DAGs
[2022-06-16 15:13:27,449] {logging_mixin.py:109} INFO - [2022-06-16 15:13:27,449] {dag.py:2937} INFO - Setting next_dagrun for projet_BigData to None
[2022-06-16 15:13:27,473] {processor.py:171} INFO - Processing /home/saba/airflow/dags/extract_data_from_oracle.py took 0.668 seconds
[2022-06-16 15:14:09,274] {processor.py:163} INFO - Started process (PID=17376) to work on /home/saba/airflow/dags/extract_data_from_oracle.py
[2022-06-16 15:14:09,277] {processor.py:642} INFO - Processing file /home/saba/airflow/dags/extract_data_from_oracle.py for tasks to queue
[2022-06-16 15:14:09,278] {logging_mixin.py:109} INFO - [2022-06-16 15:14:09,278] {dagbag.py:500} INFO - Filling up the DagBag from /home/saba/airflow/dags/extract_data_from_oracle.py
[2022-06-16 15:14:09,714] {processor.py:652} INFO - DAG(s) dict_keys(['projet_BigData']) retrieved from /home/saba/airflow/dags/extract_data_from_oracle.py
[2022-06-16 15:14:09,741] {logging_mixin.py:109} INFO - [2022-06-16 15:14:09,738] {dag.py:2398} INFO - Sync 1 DAGs
[2022-06-16 15:14:09,770] {logging_mixin.py:109} INFO - [2022-06-16 15:14:09,770] {dag.py:2937} INFO - Setting next_dagrun for projet_BigData to None
[2022-06-16 15:14:09,803] {processor.py:171} INFO - Processing /home/saba/airflow/dags/extract_data_from_oracle.py took 0.537 seconds
[2022-06-16 15:14:51,090] {processor.py:163} INFO - Started process (PID=17643) to work on /home/saba/airflow/dags/extract_data_from_oracle.py
[2022-06-16 15:14:51,093] {processor.py:642} INFO - Processing file /home/saba/airflow/dags/extract_data_from_oracle.py for tasks to queue
[2022-06-16 15:14:51,094] {logging_mixin.py:109} INFO - [2022-06-16 15:14:51,094] {dagbag.py:500} INFO - Filling up the DagBag from /home/saba/airflow/dags/extract_data_from_oracle.py
[2022-06-16 15:14:51,521] {processor.py:652} INFO - DAG(s) dict_keys(['projet_BigData']) retrieved from /home/saba/airflow/dags/extract_data_from_oracle.py
[2022-06-16 15:14:51,546] {logging_mixin.py:109} INFO - [2022-06-16 15:14:51,543] {dag.py:2398} INFO - Sync 1 DAGs
[2022-06-16 15:14:51,572] {logging_mixin.py:109} INFO - [2022-06-16 15:14:51,572] {dag.py:2937} INFO - Setting next_dagrun for projet_BigData to None
[2022-06-16 15:14:51,595] {processor.py:171} INFO - Processing /home/saba/airflow/dags/extract_data_from_oracle.py took 0.510 seconds
[2022-06-16 15:15:33,499] {processor.py:163} INFO - Started process (PID=17926) to work on /home/saba/airflow/dags/extract_data_from_oracle.py
[2022-06-16 15:15:33,501] {processor.py:642} INFO - Processing file /home/saba/airflow/dags/extract_data_from_oracle.py for tasks to queue
[2022-06-16 15:15:33,503] {logging_mixin.py:109} INFO - [2022-06-16 15:15:33,502] {dagbag.py:500} INFO - Filling up the DagBag from /home/saba/airflow/dags/extract_data_from_oracle.py
[2022-06-16 15:15:33,982] {processor.py:652} INFO - DAG(s) dict_keys(['projet_BigData']) retrieved from /home/saba/airflow/dags/extract_data_from_oracle.py
[2022-06-16 15:15:34,012] {logging_mixin.py:109} INFO - [2022-06-16 15:15:34,009] {dag.py:2398} INFO - Sync 1 DAGs
[2022-06-16 15:15:34,051] {logging_mixin.py:109} INFO - [2022-06-16 15:15:34,050] {dag.py:2937} INFO - Setting next_dagrun for projet_BigData to None
[2022-06-16 15:15:34,079] {processor.py:171} INFO - Processing /home/saba/airflow/dags/extract_data_from_oracle.py took 0.586 seconds
[2022-06-16 15:16:12,907] {processor.py:163} INFO - Started process (PID=18277) to work on /home/saba/airflow/dags/extract_data_from_oracle.py
[2022-06-16 15:16:12,909] {processor.py:642} INFO - Processing file /home/saba/airflow/dags/extract_data_from_oracle.py for tasks to queue
[2022-06-16 15:16:12,910] {logging_mixin.py:109} INFO - [2022-06-16 15:16:12,910] {dagbag.py:500} INFO - Filling up the DagBag from /home/saba/airflow/dags/extract_data_from_oracle.py
[2022-06-16 15:16:13,283] {processor.py:652} INFO - DAG(s) dict_keys(['projet_BigData']) retrieved from /home/saba/airflow/dags/extract_data_from_oracle.py
[2022-06-16 15:16:13,304] {logging_mixin.py:109} INFO - [2022-06-16 15:16:13,302] {dag.py:2398} INFO - Sync 1 DAGs
[2022-06-16 15:16:13,327] {logging_mixin.py:109} INFO - [2022-06-16 15:16:13,327] {dag.py:2937} INFO - Setting next_dagrun for projet_BigData to None
[2022-06-16 15:16:13,350] {processor.py:171} INFO - Processing /home/saba/airflow/dags/extract_data_from_oracle.py took 0.447 seconds
[2022-06-16 15:16:55,975] {processor.py:163} INFO - Started process (PID=18347) to work on /home/saba/airflow/dags/extract_data_from_oracle.py
[2022-06-16 15:16:55,977] {processor.py:642} INFO - Processing file /home/saba/airflow/dags/extract_data_from_oracle.py for tasks to queue
[2022-06-16 15:16:55,978] {logging_mixin.py:109} INFO - [2022-06-16 15:16:55,978] {dagbag.py:500} INFO - Filling up the DagBag from /home/saba/airflow/dags/extract_data_from_oracle.py
[2022-06-16 15:16:56,312] {processor.py:652} INFO - DAG(s) dict_keys(['projet_BigData']) retrieved from /home/saba/airflow/dags/extract_data_from_oracle.py
[2022-06-16 15:16:56,333] {logging_mixin.py:109} INFO - [2022-06-16 15:16:56,331] {dag.py:2398} INFO - Sync 1 DAGs
[2022-06-16 15:16:56,355] {logging_mixin.py:109} INFO - [2022-06-16 15:16:56,354] {dag.py:2937} INFO - Setting next_dagrun for projet_BigData to None
[2022-06-16 15:16:56,374] {processor.py:171} INFO - Processing /home/saba/airflow/dags/extract_data_from_oracle.py took 0.402 seconds
[2022-06-16 15:17:36,274] {processor.py:163} INFO - Started process (PID=18856) to work on /home/saba/airflow/dags/extract_data_from_oracle.py
[2022-06-16 15:17:36,287] {processor.py:642} INFO - Processing file /home/saba/airflow/dags/extract_data_from_oracle.py for tasks to queue
[2022-06-16 15:17:36,290] {logging_mixin.py:109} INFO - [2022-06-16 15:17:36,289] {dagbag.py:500} INFO - Filling up the DagBag from /home/saba/airflow/dags/extract_data_from_oracle.py
[2022-06-16 15:17:37,024] {processor.py:652} INFO - DAG(s) dict_keys(['projet_BigData']) retrieved from /home/saba/airflow/dags/extract_data_from_oracle.py
[2022-06-16 15:17:37,066] {logging_mixin.py:109} INFO - [2022-06-16 15:17:37,062] {dag.py:2398} INFO - Sync 1 DAGs
[2022-06-16 15:17:37,130] {logging_mixin.py:109} INFO - [2022-06-16 15:17:37,129] {dag.py:2937} INFO - Setting next_dagrun for projet_BigData to None
[2022-06-16 15:17:37,176] {processor.py:171} INFO - Processing /home/saba/airflow/dags/extract_data_from_oracle.py took 0.912 seconds
