[2022-06-12 14:11:02,145] {processor.py:163} INFO - Started process (PID=3991) to work on /home/saba/airflow/dags/extract_data_from_oracle.py
[2022-06-12 14:11:02,177] {processor.py:642} INFO - Processing file /home/saba/airflow/dags/extract_data_from_oracle.py for tasks to queue
[2022-06-12 14:11:02,179] {logging_mixin.py:109} INFO - [2022-06-12 14:11:02,179] {dagbag.py:500} INFO - Filling up the DagBag from /home/saba/airflow/dags/extract_data_from_oracle.py
[2022-06-12 14:11:04,052] {processor.py:652} INFO - DAG(s) dict_keys(['projet_BigData']) retrieved from /home/saba/airflow/dags/extract_data_from_oracle.py
[2022-06-12 14:11:04,200] {logging_mixin.py:109} INFO - [2022-06-12 14:11:04,199] {dag.py:2398} INFO - Sync 1 DAGs
[2022-06-12 14:11:04,344] {logging_mixin.py:109} INFO - [2022-06-12 14:11:04,343] {dag.py:2937} INFO - Setting next_dagrun for projet_BigData to None
[2022-06-12 14:11:04,691] {processor.py:171} INFO - Processing /home/saba/airflow/dags/extract_data_from_oracle.py took 2.705 seconds
[2022-06-12 14:12:16,077] {processor.py:163} INFO - Started process (PID=4021) to work on /home/saba/airflow/dags/extract_data_from_oracle.py
[2022-06-12 14:12:16,093] {processor.py:642} INFO - Processing file /home/saba/airflow/dags/extract_data_from_oracle.py for tasks to queue
[2022-06-12 14:12:16,095] {logging_mixin.py:109} INFO - [2022-06-12 14:12:16,095] {dagbag.py:500} INFO - Filling up the DagBag from /home/saba/airflow/dags/extract_data_from_oracle.py
[2022-06-12 14:12:16,621] {processor.py:652} INFO - DAG(s) dict_keys(['projet_BigData']) retrieved from /home/saba/airflow/dags/extract_data_from_oracle.py
[2022-06-12 14:12:16,741] {logging_mixin.py:109} INFO - [2022-06-12 14:12:16,740] {dag.py:2398} INFO - Sync 1 DAGs
[2022-06-12 14:12:16,886] {logging_mixin.py:109} INFO - [2022-06-12 14:12:16,885] {dag.py:2937} INFO - Setting next_dagrun for projet_BigData to None
[2022-06-12 14:12:16,999] {processor.py:171} INFO - Processing /home/saba/airflow/dags/extract_data_from_oracle.py took 0.937 seconds
[2022-06-12 14:12:57,317] {processor.py:163} INFO - Started process (PID=4041) to work on /home/saba/airflow/dags/extract_data_from_oracle.py
[2022-06-12 14:12:57,321] {processor.py:642} INFO - Processing file /home/saba/airflow/dags/extract_data_from_oracle.py for tasks to queue
[2022-06-12 14:12:57,323] {logging_mixin.py:109} INFO - [2022-06-12 14:12:57,322] {dagbag.py:500} INFO - Filling up the DagBag from /home/saba/airflow/dags/extract_data_from_oracle.py
[2022-06-12 14:12:57,489] {processor.py:652} INFO - DAG(s) dict_keys(['projet_BigData']) retrieved from /home/saba/airflow/dags/extract_data_from_oracle.py
[2022-06-12 14:12:57,521] {logging_mixin.py:109} INFO - [2022-06-12 14:12:57,521] {dag.py:2398} INFO - Sync 1 DAGs
[2022-06-12 14:12:57,566] {logging_mixin.py:109} INFO - [2022-06-12 14:12:57,565] {dag.py:2937} INFO - Setting next_dagrun for projet_BigData to None
[2022-06-12 14:12:57,609] {processor.py:171} INFO - Processing /home/saba/airflow/dags/extract_data_from_oracle.py took 0.300 seconds
[2022-06-12 14:13:45,750] {processor.py:163} INFO - Started process (PID=4074) to work on /home/saba/airflow/dags/extract_data_from_oracle.py
[2022-06-12 14:13:45,753] {processor.py:642} INFO - Processing file /home/saba/airflow/dags/extract_data_from_oracle.py for tasks to queue
[2022-06-12 14:13:45,754] {logging_mixin.py:109} INFO - [2022-06-12 14:13:45,754] {dagbag.py:500} INFO - Filling up the DagBag from /home/saba/airflow/dags/extract_data_from_oracle.py
[2022-06-12 14:13:45,817] {processor.py:652} INFO - DAG(s) dict_keys(['projet_BigData']) retrieved from /home/saba/airflow/dags/extract_data_from_oracle.py
[2022-06-12 14:13:45,833] {logging_mixin.py:109} INFO - [2022-06-12 14:13:45,833] {dag.py:2398} INFO - Sync 1 DAGs
[2022-06-12 14:13:45,853] {logging_mixin.py:109} INFO - [2022-06-12 14:13:45,853] {dag.py:2937} INFO - Setting next_dagrun for projet_BigData to None
[2022-06-12 14:13:45,873] {processor.py:171} INFO - Processing /home/saba/airflow/dags/extract_data_from_oracle.py took 0.126 seconds
[2022-06-12 14:14:19,673] {processor.py:163} INFO - Started process (PID=4104) to work on /home/saba/airflow/dags/extract_data_from_oracle.py
[2022-06-12 14:14:19,677] {processor.py:642} INFO - Processing file /home/saba/airflow/dags/extract_data_from_oracle.py for tasks to queue
[2022-06-12 14:14:19,678] {logging_mixin.py:109} INFO - [2022-06-12 14:14:19,677] {dagbag.py:500} INFO - Filling up the DagBag from /home/saba/airflow/dags/extract_data_from_oracle.py
[2022-06-12 14:14:19,766] {processor.py:652} INFO - DAG(s) dict_keys(['projet_BigData']) retrieved from /home/saba/airflow/dags/extract_data_from_oracle.py
[2022-06-12 14:14:19,786] {logging_mixin.py:109} INFO - [2022-06-12 14:14:19,786] {dag.py:2398} INFO - Sync 1 DAGs
[2022-06-12 14:14:19,812] {logging_mixin.py:109} INFO - [2022-06-12 14:14:19,811] {dag.py:2937} INFO - Setting next_dagrun for projet_BigData to None
[2022-06-12 14:14:19,833] {processor.py:171} INFO - Processing /home/saba/airflow/dags/extract_data_from_oracle.py took 0.166 seconds
[2022-06-12 14:14:57,472] {processor.py:163} INFO - Started process (PID=4138) to work on /home/saba/airflow/dags/extract_data_from_oracle.py
[2022-06-12 14:14:57,476] {processor.py:642} INFO - Processing file /home/saba/airflow/dags/extract_data_from_oracle.py for tasks to queue
[2022-06-12 14:14:57,477] {logging_mixin.py:109} INFO - [2022-06-12 14:14:57,476] {dagbag.py:500} INFO - Filling up the DagBag from /home/saba/airflow/dags/extract_data_from_oracle.py
[2022-06-12 14:14:57,534] {processor.py:652} INFO - DAG(s) dict_keys(['projet_BigData']) retrieved from /home/saba/airflow/dags/extract_data_from_oracle.py
[2022-06-12 14:14:57,547] {logging_mixin.py:109} INFO - [2022-06-12 14:14:57,547] {dag.py:2398} INFO - Sync 1 DAGs
[2022-06-12 14:14:57,563] {logging_mixin.py:109} INFO - [2022-06-12 14:14:57,563] {dag.py:2937} INFO - Setting next_dagrun for projet_BigData to None
[2022-06-12 14:14:57,578] {processor.py:171} INFO - Processing /home/saba/airflow/dags/extract_data_from_oracle.py took 0.110 seconds
[2022-06-12 14:15:29,185] {processor.py:163} INFO - Started process (PID=4167) to work on /home/saba/airflow/dags/extract_data_from_oracle.py
[2022-06-12 14:15:29,186] {processor.py:642} INFO - Processing file /home/saba/airflow/dags/extract_data_from_oracle.py for tasks to queue
[2022-06-12 14:15:29,187] {logging_mixin.py:109} INFO - [2022-06-12 14:15:29,187] {dagbag.py:500} INFO - Filling up the DagBag from /home/saba/airflow/dags/extract_data_from_oracle.py
[2022-06-12 14:15:29,276] {processor.py:652} INFO - DAG(s) dict_keys(['projet_BigData']) retrieved from /home/saba/airflow/dags/extract_data_from_oracle.py
[2022-06-12 14:15:29,297] {logging_mixin.py:109} INFO - [2022-06-12 14:15:29,297] {dag.py:2398} INFO - Sync 1 DAGs
[2022-06-12 14:15:29,322] {logging_mixin.py:109} INFO - [2022-06-12 14:15:29,322] {dag.py:2937} INFO - Setting next_dagrun for projet_BigData to None
[2022-06-12 14:15:29,348] {processor.py:171} INFO - Processing /home/saba/airflow/dags/extract_data_from_oracle.py took 0.167 seconds
[2022-06-12 14:16:13,419] {processor.py:163} INFO - Started process (PID=4202) to work on /home/saba/airflow/dags/extract_data_from_oracle.py
[2022-06-12 14:16:13,421] {processor.py:642} INFO - Processing file /home/saba/airflow/dags/extract_data_from_oracle.py for tasks to queue
[2022-06-12 14:16:13,422] {logging_mixin.py:109} INFO - [2022-06-12 14:16:13,422] {dagbag.py:500} INFO - Filling up the DagBag from /home/saba/airflow/dags/extract_data_from_oracle.py
[2022-06-12 14:16:13,478] {processor.py:652} INFO - DAG(s) dict_keys(['projet_BigData']) retrieved from /home/saba/airflow/dags/extract_data_from_oracle.py
[2022-06-12 14:16:13,496] {logging_mixin.py:109} INFO - [2022-06-12 14:16:13,496] {dag.py:2398} INFO - Sync 1 DAGs
[2022-06-12 14:16:13,516] {logging_mixin.py:109} INFO - [2022-06-12 14:16:13,516] {dag.py:2937} INFO - Setting next_dagrun for projet_BigData to None
[2022-06-12 14:16:13,534] {processor.py:171} INFO - Processing /home/saba/airflow/dags/extract_data_from_oracle.py took 0.117 seconds
[2022-06-12 14:16:56,525] {processor.py:163} INFO - Started process (PID=4235) to work on /home/saba/airflow/dags/extract_data_from_oracle.py
[2022-06-12 14:16:56,528] {processor.py:642} INFO - Processing file /home/saba/airflow/dags/extract_data_from_oracle.py for tasks to queue
[2022-06-12 14:16:56,530] {logging_mixin.py:109} INFO - [2022-06-12 14:16:56,530] {dagbag.py:500} INFO - Filling up the DagBag from /home/saba/airflow/dags/extract_data_from_oracle.py
[2022-06-12 14:16:56,669] {processor.py:652} INFO - DAG(s) dict_keys(['projet_BigData']) retrieved from /home/saba/airflow/dags/extract_data_from_oracle.py
[2022-06-12 14:16:56,713] {logging_mixin.py:109} INFO - [2022-06-12 14:16:56,713] {dag.py:2398} INFO - Sync 1 DAGs
[2022-06-12 14:16:56,760] {logging_mixin.py:109} INFO - [2022-06-12 14:16:56,760] {dag.py:2937} INFO - Setting next_dagrun for projet_BigData to None
[2022-06-12 14:16:56,794] {processor.py:171} INFO - Processing /home/saba/airflow/dags/extract_data_from_oracle.py took 0.279 seconds
[2022-06-12 14:17:29,404] {processor.py:163} INFO - Started process (PID=4259) to work on /home/saba/airflow/dags/extract_data_from_oracle.py
[2022-06-12 14:17:29,411] {processor.py:642} INFO - Processing file /home/saba/airflow/dags/extract_data_from_oracle.py for tasks to queue
[2022-06-12 14:17:29,416] {logging_mixin.py:109} INFO - [2022-06-12 14:17:29,416] {dagbag.py:500} INFO - Filling up the DagBag from /home/saba/airflow/dags/extract_data_from_oracle.py
[2022-06-12 14:17:29,724] {processor.py:652} INFO - DAG(s) dict_keys(['projet_BigData']) retrieved from /home/saba/airflow/dags/extract_data_from_oracle.py
[2022-06-12 14:17:29,800] {logging_mixin.py:109} INFO - [2022-06-12 14:17:29,799] {dag.py:2398} INFO - Sync 1 DAGs
[2022-06-12 14:17:29,898] {logging_mixin.py:109} INFO - [2022-06-12 14:17:29,897] {dag.py:2937} INFO - Setting next_dagrun for projet_BigData to None
[2022-06-12 14:17:29,950] {processor.py:171} INFO - Processing /home/saba/airflow/dags/extract_data_from_oracle.py took 0.562 seconds
[2022-06-12 14:18:00,860] {processor.py:163} INFO - Started process (PID=4284) to work on /home/saba/airflow/dags/extract_data_from_oracle.py
[2022-06-12 14:18:00,862] {processor.py:642} INFO - Processing file /home/saba/airflow/dags/extract_data_from_oracle.py for tasks to queue
[2022-06-12 14:18:00,863] {logging_mixin.py:109} INFO - [2022-06-12 14:18:00,863] {dagbag.py:500} INFO - Filling up the DagBag from /home/saba/airflow/dags/extract_data_from_oracle.py
[2022-06-12 14:18:00,969] {processor.py:652} INFO - DAG(s) dict_keys(['projet_BigData']) retrieved from /home/saba/airflow/dags/extract_data_from_oracle.py
[2022-06-12 14:18:00,992] {logging_mixin.py:109} INFO - [2022-06-12 14:18:00,991] {dag.py:2398} INFO - Sync 1 DAGs
[2022-06-12 14:18:01,023] {logging_mixin.py:109} INFO - [2022-06-12 14:18:01,023] {dag.py:2937} INFO - Setting next_dagrun for projet_BigData to None
[2022-06-12 14:18:01,048] {processor.py:171} INFO - Processing /home/saba/airflow/dags/extract_data_from_oracle.py took 0.194 seconds
[2022-06-12 14:18:33,608] {processor.py:163} INFO - Started process (PID=4307) to work on /home/saba/airflow/dags/extract_data_from_oracle.py
[2022-06-12 14:18:33,613] {processor.py:642} INFO - Processing file /home/saba/airflow/dags/extract_data_from_oracle.py for tasks to queue
[2022-06-12 14:18:33,614] {logging_mixin.py:109} INFO - [2022-06-12 14:18:33,614] {dagbag.py:500} INFO - Filling up the DagBag from /home/saba/airflow/dags/extract_data_from_oracle.py
[2022-06-12 14:18:33,717] {processor.py:652} INFO - DAG(s) dict_keys(['projet_BigData']) retrieved from /home/saba/airflow/dags/extract_data_from_oracle.py
[2022-06-12 14:18:33,741] {logging_mixin.py:109} INFO - [2022-06-12 14:18:33,741] {dag.py:2398} INFO - Sync 1 DAGs
[2022-06-12 14:18:33,773] {logging_mixin.py:109} INFO - [2022-06-12 14:18:33,773] {dag.py:2937} INFO - Setting next_dagrun for projet_BigData to None
[2022-06-12 14:18:33,797] {processor.py:171} INFO - Processing /home/saba/airflow/dags/extract_data_from_oracle.py took 0.198 seconds
[2022-06-12 14:19:15,480] {processor.py:163} INFO - Started process (PID=4334) to work on /home/saba/airflow/dags/extract_data_from_oracle.py
[2022-06-12 14:19:15,485] {processor.py:642} INFO - Processing file /home/saba/airflow/dags/extract_data_from_oracle.py for tasks to queue
[2022-06-12 14:19:15,497] {logging_mixin.py:109} INFO - [2022-06-12 14:19:15,496] {dagbag.py:500} INFO - Filling up the DagBag from /home/saba/airflow/dags/extract_data_from_oracle.py
[2022-06-12 14:19:15,869] {processor.py:652} INFO - DAG(s) dict_keys(['projet_BigData']) retrieved from /home/saba/airflow/dags/extract_data_from_oracle.py
[2022-06-12 14:19:15,950] {logging_mixin.py:109} INFO - [2022-06-12 14:19:15,949] {dag.py:2398} INFO - Sync 1 DAGs
[2022-06-12 14:19:16,036] {logging_mixin.py:109} INFO - [2022-06-12 14:19:16,035] {dag.py:2937} INFO - Setting next_dagrun for projet_BigData to None
[2022-06-12 14:19:16,097] {processor.py:171} INFO - Processing /home/saba/airflow/dags/extract_data_from_oracle.py took 0.631 seconds
