[2022-06-16 13:59:41,669] {processor.py:163} INFO - Started process (PID=651) to work on /home/saba/airflow_venv/airflow_venv/lib/python3.6/site-packages/airflow/example_dags/plugins/workday.py
[2022-06-16 13:59:41,672] {processor.py:642} INFO - Processing file /home/saba/airflow_venv/airflow_venv/lib/python3.6/site-packages/airflow/example_dags/plugins/workday.py for tasks to queue
[2022-06-16 13:59:41,673] {logging_mixin.py:109} INFO - [2022-06-16 13:59:41,673] {dagbag.py:500} INFO - Filling up the DagBag from /home/saba/airflow_venv/airflow_venv/lib/python3.6/site-packages/airflow/example_dags/plugins/workday.py
[2022-06-16 13:59:41,676] {processor.py:654} WARNING - No viable dags retrieved from /home/saba/airflow_venv/airflow_venv/lib/python3.6/site-packages/airflow/example_dags/plugins/workday.py
[2022-06-16 13:59:41,692] {processor.py:171} INFO - Processing /home/saba/airflow_venv/airflow_venv/lib/python3.6/site-packages/airflow/example_dags/plugins/workday.py took 0.028 seconds
[2022-06-16 14:00:29,766] {processor.py:163} INFO - Started process (PID=884) to work on /home/saba/airflow_venv/airflow_venv/lib/python3.6/site-packages/airflow/example_dags/plugins/workday.py
[2022-06-16 14:00:29,770] {processor.py:642} INFO - Processing file /home/saba/airflow_venv/airflow_venv/lib/python3.6/site-packages/airflow/example_dags/plugins/workday.py for tasks to queue
[2022-06-16 14:00:29,772] {logging_mixin.py:109} INFO - [2022-06-16 14:00:29,771] {dagbag.py:500} INFO - Filling up the DagBag from /home/saba/airflow_venv/airflow_venv/lib/python3.6/site-packages/airflow/example_dags/plugins/workday.py
[2022-06-16 14:00:29,776] {processor.py:654} WARNING - No viable dags retrieved from /home/saba/airflow_venv/airflow_venv/lib/python3.6/site-packages/airflow/example_dags/plugins/workday.py
[2022-06-16 14:00:29,797] {processor.py:171} INFO - Processing /home/saba/airflow_venv/airflow_venv/lib/python3.6/site-packages/airflow/example_dags/plugins/workday.py took 0.037 seconds
[2022-06-16 14:01:11,263] {processor.py:163} INFO - Started process (PID=1083) to work on /home/saba/airflow_venv/airflow_venv/lib/python3.6/site-packages/airflow/example_dags/plugins/workday.py
[2022-06-16 14:01:11,275] {processor.py:642} INFO - Processing file /home/saba/airflow_venv/airflow_venv/lib/python3.6/site-packages/airflow/example_dags/plugins/workday.py for tasks to queue
[2022-06-16 14:01:11,277] {logging_mixin.py:109} INFO - [2022-06-16 14:01:11,277] {dagbag.py:500} INFO - Filling up the DagBag from /home/saba/airflow_venv/airflow_venv/lib/python3.6/site-packages/airflow/example_dags/plugins/workday.py
[2022-06-16 14:01:11,282] {processor.py:654} WARNING - No viable dags retrieved from /home/saba/airflow_venv/airflow_venv/lib/python3.6/site-packages/airflow/example_dags/plugins/workday.py
[2022-06-16 14:01:11,300] {processor.py:171} INFO - Processing /home/saba/airflow_venv/airflow_venv/lib/python3.6/site-packages/airflow/example_dags/plugins/workday.py took 0.043 seconds
[2022-06-16 14:01:53,276] {processor.py:163} INFO - Started process (PID=1298) to work on /home/saba/airflow_venv/airflow_venv/lib/python3.6/site-packages/airflow/example_dags/plugins/workday.py
[2022-06-16 14:01:53,288] {processor.py:642} INFO - Processing file /home/saba/airflow_venv/airflow_venv/lib/python3.6/site-packages/airflow/example_dags/plugins/workday.py for tasks to queue
[2022-06-16 14:01:53,290] {logging_mixin.py:109} INFO - [2022-06-16 14:01:53,289] {dagbag.py:500} INFO - Filling up the DagBag from /home/saba/airflow_venv/airflow_venv/lib/python3.6/site-packages/airflow/example_dags/plugins/workday.py
[2022-06-16 14:01:53,294] {processor.py:654} WARNING - No viable dags retrieved from /home/saba/airflow_venv/airflow_venv/lib/python3.6/site-packages/airflow/example_dags/plugins/workday.py
[2022-06-16 14:01:53,314] {processor.py:171} INFO - Processing /home/saba/airflow_venv/airflow_venv/lib/python3.6/site-packages/airflow/example_dags/plugins/workday.py took 0.045 seconds
[2022-06-16 14:02:35,907] {processor.py:163} INFO - Started process (PID=1510) to work on /home/saba/airflow_venv/airflow_venv/lib/python3.6/site-packages/airflow/example_dags/plugins/workday.py
[2022-06-16 14:02:35,919] {processor.py:642} INFO - Processing file /home/saba/airflow_venv/airflow_venv/lib/python3.6/site-packages/airflow/example_dags/plugins/workday.py for tasks to queue
[2022-06-16 14:02:35,921] {logging_mixin.py:109} INFO - [2022-06-16 14:02:35,921] {dagbag.py:500} INFO - Filling up the DagBag from /home/saba/airflow_venv/airflow_venv/lib/python3.6/site-packages/airflow/example_dags/plugins/workday.py
[2022-06-16 14:02:35,926] {processor.py:654} WARNING - No viable dags retrieved from /home/saba/airflow_venv/airflow_venv/lib/python3.6/site-packages/airflow/example_dags/plugins/workday.py
[2022-06-16 14:02:35,946] {processor.py:171} INFO - Processing /home/saba/airflow_venv/airflow_venv/lib/python3.6/site-packages/airflow/example_dags/plugins/workday.py took 0.047 seconds
[2022-06-16 14:03:20,122] {processor.py:163} INFO - Started process (PID=1719) to work on /home/saba/airflow_venv/airflow_venv/lib/python3.6/site-packages/airflow/example_dags/plugins/workday.py
[2022-06-16 14:03:20,128] {processor.py:642} INFO - Processing file /home/saba/airflow_venv/airflow_venv/lib/python3.6/site-packages/airflow/example_dags/plugins/workday.py for tasks to queue
[2022-06-16 14:03:20,130] {logging_mixin.py:109} INFO - [2022-06-16 14:03:20,130] {dagbag.py:500} INFO - Filling up the DagBag from /home/saba/airflow_venv/airflow_venv/lib/python3.6/site-packages/airflow/example_dags/plugins/workday.py
[2022-06-16 14:03:20,134] {processor.py:654} WARNING - No viable dags retrieved from /home/saba/airflow_venv/airflow_venv/lib/python3.6/site-packages/airflow/example_dags/plugins/workday.py
[2022-06-16 14:03:20,151] {processor.py:171} INFO - Processing /home/saba/airflow_venv/airflow_venv/lib/python3.6/site-packages/airflow/example_dags/plugins/workday.py took 0.035 seconds
[2022-06-16 14:04:02,181] {processor.py:163} INFO - Started process (PID=1919) to work on /home/saba/airflow_venv/airflow_venv/lib/python3.6/site-packages/airflow/example_dags/plugins/workday.py
[2022-06-16 14:04:02,185] {processor.py:642} INFO - Processing file /home/saba/airflow_venv/airflow_venv/lib/python3.6/site-packages/airflow/example_dags/plugins/workday.py for tasks to queue
[2022-06-16 14:04:02,188] {logging_mixin.py:109} INFO - [2022-06-16 14:04:02,187] {dagbag.py:500} INFO - Filling up the DagBag from /home/saba/airflow_venv/airflow_venv/lib/python3.6/site-packages/airflow/example_dags/plugins/workday.py
[2022-06-16 14:04:02,193] {processor.py:654} WARNING - No viable dags retrieved from /home/saba/airflow_venv/airflow_venv/lib/python3.6/site-packages/airflow/example_dags/plugins/workday.py
[2022-06-16 14:04:02,216] {processor.py:171} INFO - Processing /home/saba/airflow_venv/airflow_venv/lib/python3.6/site-packages/airflow/example_dags/plugins/workday.py took 0.042 seconds
[2022-06-16 14:04:43,910] {processor.py:163} INFO - Started process (PID=2131) to work on /home/saba/airflow_venv/airflow_venv/lib/python3.6/site-packages/airflow/example_dags/plugins/workday.py
[2022-06-16 14:04:43,915] {processor.py:642} INFO - Processing file /home/saba/airflow_venv/airflow_venv/lib/python3.6/site-packages/airflow/example_dags/plugins/workday.py for tasks to queue
[2022-06-16 14:04:43,917] {logging_mixin.py:109} INFO - [2022-06-16 14:04:43,916] {dagbag.py:500} INFO - Filling up the DagBag from /home/saba/airflow_venv/airflow_venv/lib/python3.6/site-packages/airflow/example_dags/plugins/workday.py
[2022-06-16 14:04:43,921] {processor.py:654} WARNING - No viable dags retrieved from /home/saba/airflow_venv/airflow_venv/lib/python3.6/site-packages/airflow/example_dags/plugins/workday.py
[2022-06-16 14:04:43,935] {processor.py:171} INFO - Processing /home/saba/airflow_venv/airflow_venv/lib/python3.6/site-packages/airflow/example_dags/plugins/workday.py took 0.030 seconds
[2022-06-16 14:05:22,677] {processor.py:163} INFO - Started process (PID=2364) to work on /home/saba/airflow_venv/airflow_venv/lib/python3.6/site-packages/airflow/example_dags/plugins/workday.py
[2022-06-16 14:05:22,680] {processor.py:642} INFO - Processing file /home/saba/airflow_venv/airflow_venv/lib/python3.6/site-packages/airflow/example_dags/plugins/workday.py for tasks to queue
[2022-06-16 14:05:22,682] {logging_mixin.py:109} INFO - [2022-06-16 14:05:22,682] {dagbag.py:500} INFO - Filling up the DagBag from /home/saba/airflow_venv/airflow_venv/lib/python3.6/site-packages/airflow/example_dags/plugins/workday.py
[2022-06-16 14:05:22,686] {processor.py:654} WARNING - No viable dags retrieved from /home/saba/airflow_venv/airflow_venv/lib/python3.6/site-packages/airflow/example_dags/plugins/workday.py
[2022-06-16 14:05:22,706] {processor.py:171} INFO - Processing /home/saba/airflow_venv/airflow_venv/lib/python3.6/site-packages/airflow/example_dags/plugins/workday.py took 0.036 seconds
[2022-06-16 14:06:07,686] {processor.py:163} INFO - Started process (PID=2565) to work on /home/saba/airflow_venv/airflow_venv/lib/python3.6/site-packages/airflow/example_dags/plugins/workday.py
[2022-06-16 14:06:07,690] {processor.py:642} INFO - Processing file /home/saba/airflow_venv/airflow_venv/lib/python3.6/site-packages/airflow/example_dags/plugins/workday.py for tasks to queue
[2022-06-16 14:06:07,692] {logging_mixin.py:109} INFO - [2022-06-16 14:06:07,692] {dagbag.py:500} INFO - Filling up the DagBag from /home/saba/airflow_venv/airflow_venv/lib/python3.6/site-packages/airflow/example_dags/plugins/workday.py
[2022-06-16 14:06:07,697] {processor.py:654} WARNING - No viable dags retrieved from /home/saba/airflow_venv/airflow_venv/lib/python3.6/site-packages/airflow/example_dags/plugins/workday.py
[2022-06-16 14:06:07,719] {processor.py:171} INFO - Processing /home/saba/airflow_venv/airflow_venv/lib/python3.6/site-packages/airflow/example_dags/plugins/workday.py took 0.039 seconds
[2022-06-16 14:06:48,616] {processor.py:163} INFO - Started process (PID=2810) to work on /home/saba/airflow_venv/airflow_venv/lib/python3.6/site-packages/airflow/example_dags/plugins/workday.py
[2022-06-16 14:06:48,628] {processor.py:642} INFO - Processing file /home/saba/airflow_venv/airflow_venv/lib/python3.6/site-packages/airflow/example_dags/plugins/workday.py for tasks to queue
[2022-06-16 14:06:48,629] {logging_mixin.py:109} INFO - [2022-06-16 14:06:48,629] {dagbag.py:500} INFO - Filling up the DagBag from /home/saba/airflow_venv/airflow_venv/lib/python3.6/site-packages/airflow/example_dags/plugins/workday.py
[2022-06-16 14:06:48,633] {processor.py:654} WARNING - No viable dags retrieved from /home/saba/airflow_venv/airflow_venv/lib/python3.6/site-packages/airflow/example_dags/plugins/workday.py
[2022-06-16 14:06:48,648] {processor.py:171} INFO - Processing /home/saba/airflow_venv/airflow_venv/lib/python3.6/site-packages/airflow/example_dags/plugins/workday.py took 0.038 seconds
[2022-06-16 14:07:28,638] {processor.py:163} INFO - Started process (PID=3046) to work on /home/saba/airflow_venv/airflow_venv/lib/python3.6/site-packages/airflow/example_dags/plugins/workday.py
[2022-06-16 14:07:28,651] {processor.py:642} INFO - Processing file /home/saba/airflow_venv/airflow_venv/lib/python3.6/site-packages/airflow/example_dags/plugins/workday.py for tasks to queue
[2022-06-16 14:07:28,653] {logging_mixin.py:109} INFO - [2022-06-16 14:07:28,653] {dagbag.py:500} INFO - Filling up the DagBag from /home/saba/airflow_venv/airflow_venv/lib/python3.6/site-packages/airflow/example_dags/plugins/workday.py
[2022-06-16 14:07:28,657] {processor.py:654} WARNING - No viable dags retrieved from /home/saba/airflow_venv/airflow_venv/lib/python3.6/site-packages/airflow/example_dags/plugins/workday.py
[2022-06-16 14:07:28,675] {processor.py:171} INFO - Processing /home/saba/airflow_venv/airflow_venv/lib/python3.6/site-packages/airflow/example_dags/plugins/workday.py took 0.042 seconds
[2022-06-16 14:08:10,960] {processor.py:163} INFO - Started process (PID=3300) to work on /home/saba/airflow_venv/airflow_venv/lib/python3.6/site-packages/airflow/example_dags/plugins/workday.py
[2022-06-16 14:08:10,963] {processor.py:642} INFO - Processing file /home/saba/airflow_venv/airflow_venv/lib/python3.6/site-packages/airflow/example_dags/plugins/workday.py for tasks to queue
[2022-06-16 14:08:10,965] {logging_mixin.py:109} INFO - [2022-06-16 14:08:10,965] {dagbag.py:500} INFO - Filling up the DagBag from /home/saba/airflow_venv/airflow_venv/lib/python3.6/site-packages/airflow/example_dags/plugins/workday.py
[2022-06-16 14:08:10,970] {processor.py:654} WARNING - No viable dags retrieved from /home/saba/airflow_venv/airflow_venv/lib/python3.6/site-packages/airflow/example_dags/plugins/workday.py
[2022-06-16 14:08:10,992] {processor.py:171} INFO - Processing /home/saba/airflow_venv/airflow_venv/lib/python3.6/site-packages/airflow/example_dags/plugins/workday.py took 0.042 seconds
[2022-06-16 14:08:51,597] {processor.py:163} INFO - Started process (PID=3531) to work on /home/saba/airflow_venv/airflow_venv/lib/python3.6/site-packages/airflow/example_dags/plugins/workday.py
[2022-06-16 14:08:51,600] {processor.py:642} INFO - Processing file /home/saba/airflow_venv/airflow_venv/lib/python3.6/site-packages/airflow/example_dags/plugins/workday.py for tasks to queue
[2022-06-16 14:08:51,601] {logging_mixin.py:109} INFO - [2022-06-16 14:08:51,601] {dagbag.py:500} INFO - Filling up the DagBag from /home/saba/airflow_venv/airflow_venv/lib/python3.6/site-packages/airflow/example_dags/plugins/workday.py
[2022-06-16 14:08:51,605] {processor.py:654} WARNING - No viable dags retrieved from /home/saba/airflow_venv/airflow_venv/lib/python3.6/site-packages/airflow/example_dags/plugins/workday.py
[2022-06-16 14:08:51,625] {processor.py:171} INFO - Processing /home/saba/airflow_venv/airflow_venv/lib/python3.6/site-packages/airflow/example_dags/plugins/workday.py took 0.033 seconds
[2022-06-16 14:09:32,172] {processor.py:163} INFO - Started process (PID=3764) to work on /home/saba/airflow_venv/airflow_venv/lib/python3.6/site-packages/airflow/example_dags/plugins/workday.py
[2022-06-16 14:09:32,175] {processor.py:642} INFO - Processing file /home/saba/airflow_venv/airflow_venv/lib/python3.6/site-packages/airflow/example_dags/plugins/workday.py for tasks to queue
[2022-06-16 14:09:32,177] {logging_mixin.py:109} INFO - [2022-06-16 14:09:32,177] {dagbag.py:500} INFO - Filling up the DagBag from /home/saba/airflow_venv/airflow_venv/lib/python3.6/site-packages/airflow/example_dags/plugins/workday.py
[2022-06-16 14:09:32,183] {processor.py:654} WARNING - No viable dags retrieved from /home/saba/airflow_venv/airflow_venv/lib/python3.6/site-packages/airflow/example_dags/plugins/workday.py
[2022-06-16 14:09:32,203] {processor.py:171} INFO - Processing /home/saba/airflow_venv/airflow_venv/lib/python3.6/site-packages/airflow/example_dags/plugins/workday.py took 0.039 seconds
[2022-06-16 14:10:13,054] {processor.py:163} INFO - Started process (PID=4011) to work on /home/saba/airflow_venv/airflow_venv/lib/python3.6/site-packages/airflow/example_dags/plugins/workday.py
[2022-06-16 14:10:13,065] {processor.py:642} INFO - Processing file /home/saba/airflow_venv/airflow_venv/lib/python3.6/site-packages/airflow/example_dags/plugins/workday.py for tasks to queue
[2022-06-16 14:10:13,067] {logging_mixin.py:109} INFO - [2022-06-16 14:10:13,066] {dagbag.py:500} INFO - Filling up the DagBag from /home/saba/airflow_venv/airflow_venv/lib/python3.6/site-packages/airflow/example_dags/plugins/workday.py
[2022-06-16 14:10:13,070] {processor.py:654} WARNING - No viable dags retrieved from /home/saba/airflow_venv/airflow_venv/lib/python3.6/site-packages/airflow/example_dags/plugins/workday.py
[2022-06-16 14:10:13,088] {processor.py:171} INFO - Processing /home/saba/airflow_venv/airflow_venv/lib/python3.6/site-packages/airflow/example_dags/plugins/workday.py took 0.040 seconds
[2022-06-16 14:10:54,223] {processor.py:163} INFO - Started process (PID=4266) to work on /home/saba/airflow_venv/airflow_venv/lib/python3.6/site-packages/airflow/example_dags/plugins/workday.py
[2022-06-16 14:10:54,228] {processor.py:642} INFO - Processing file /home/saba/airflow_venv/airflow_venv/lib/python3.6/site-packages/airflow/example_dags/plugins/workday.py for tasks to queue
[2022-06-16 14:10:54,232] {logging_mixin.py:109} INFO - [2022-06-16 14:10:54,232] {dagbag.py:500} INFO - Filling up the DagBag from /home/saba/airflow_venv/airflow_venv/lib/python3.6/site-packages/airflow/example_dags/plugins/workday.py
[2022-06-16 14:10:54,239] {processor.py:654} WARNING - No viable dags retrieved from /home/saba/airflow_venv/airflow_venv/lib/python3.6/site-packages/airflow/example_dags/plugins/workday.py
[2022-06-16 14:10:54,270] {processor.py:171} INFO - Processing /home/saba/airflow_venv/airflow_venv/lib/python3.6/site-packages/airflow/example_dags/plugins/workday.py took 0.059 seconds
[2022-06-16 14:11:33,548] {processor.py:163} INFO - Started process (PID=4497) to work on /home/saba/airflow_venv/airflow_venv/lib/python3.6/site-packages/airflow/example_dags/plugins/workday.py
[2022-06-16 14:11:33,550] {processor.py:642} INFO - Processing file /home/saba/airflow_venv/airflow_venv/lib/python3.6/site-packages/airflow/example_dags/plugins/workday.py for tasks to queue
[2022-06-16 14:11:33,551] {logging_mixin.py:109} INFO - [2022-06-16 14:11:33,551] {dagbag.py:500} INFO - Filling up the DagBag from /home/saba/airflow_venv/airflow_venv/lib/python3.6/site-packages/airflow/example_dags/plugins/workday.py
[2022-06-16 14:11:33,554] {processor.py:654} WARNING - No viable dags retrieved from /home/saba/airflow_venv/airflow_venv/lib/python3.6/site-packages/airflow/example_dags/plugins/workday.py
[2022-06-16 14:11:33,566] {processor.py:171} INFO - Processing /home/saba/airflow_venv/airflow_venv/lib/python3.6/site-packages/airflow/example_dags/plugins/workday.py took 0.024 seconds
[2022-06-16 14:12:25,113] {processor.py:163} INFO - Started process (PID=4685) to work on /home/saba/airflow_venv/airflow_venv/lib/python3.6/site-packages/airflow/example_dags/plugins/workday.py
[2022-06-16 14:12:25,121] {processor.py:642} INFO - Processing file /home/saba/airflow_venv/airflow_venv/lib/python3.6/site-packages/airflow/example_dags/plugins/workday.py for tasks to queue
[2022-06-16 14:12:25,123] {logging_mixin.py:109} INFO - [2022-06-16 14:12:25,122] {dagbag.py:500} INFO - Filling up the DagBag from /home/saba/airflow_venv/airflow_venv/lib/python3.6/site-packages/airflow/example_dags/plugins/workday.py
[2022-06-16 14:12:25,128] {processor.py:654} WARNING - No viable dags retrieved from /home/saba/airflow_venv/airflow_venv/lib/python3.6/site-packages/airflow/example_dags/plugins/workday.py
[2022-06-16 14:12:25,149] {processor.py:171} INFO - Processing /home/saba/airflow_venv/airflow_venv/lib/python3.6/site-packages/airflow/example_dags/plugins/workday.py took 0.042 seconds
[2022-06-16 14:13:14,165] {processor.py:163} INFO - Started process (PID=4906) to work on /home/saba/airflow_venv/airflow_venv/lib/python3.6/site-packages/airflow/example_dags/plugins/workday.py
[2022-06-16 14:13:14,169] {processor.py:642} INFO - Processing file /home/saba/airflow_venv/airflow_venv/lib/python3.6/site-packages/airflow/example_dags/plugins/workday.py for tasks to queue
[2022-06-16 14:13:14,171] {logging_mixin.py:109} INFO - [2022-06-16 14:13:14,170] {dagbag.py:500} INFO - Filling up the DagBag from /home/saba/airflow_venv/airflow_venv/lib/python3.6/site-packages/airflow/example_dags/plugins/workday.py
[2022-06-16 14:13:14,176] {processor.py:654} WARNING - No viable dags retrieved from /home/saba/airflow_venv/airflow_venv/lib/python3.6/site-packages/airflow/example_dags/plugins/workday.py
[2022-06-16 14:13:14,197] {processor.py:171} INFO - Processing /home/saba/airflow_venv/airflow_venv/lib/python3.6/site-packages/airflow/example_dags/plugins/workday.py took 0.040 seconds
[2022-06-16 14:14:04,862] {processor.py:163} INFO - Started process (PID=5085) to work on /home/saba/airflow_venv/airflow_venv/lib/python3.6/site-packages/airflow/example_dags/plugins/workday.py
[2022-06-16 14:14:04,867] {processor.py:642} INFO - Processing file /home/saba/airflow_venv/airflow_venv/lib/python3.6/site-packages/airflow/example_dags/plugins/workday.py for tasks to queue
[2022-06-16 14:14:04,868] {logging_mixin.py:109} INFO - [2022-06-16 14:14:04,868] {dagbag.py:500} INFO - Filling up the DagBag from /home/saba/airflow_venv/airflow_venv/lib/python3.6/site-packages/airflow/example_dags/plugins/workday.py
[2022-06-16 14:14:04,872] {processor.py:654} WARNING - No viable dags retrieved from /home/saba/airflow_venv/airflow_venv/lib/python3.6/site-packages/airflow/example_dags/plugins/workday.py
[2022-06-16 14:14:04,890] {processor.py:171} INFO - Processing /home/saba/airflow_venv/airflow_venv/lib/python3.6/site-packages/airflow/example_dags/plugins/workday.py took 0.033 seconds
[2022-06-16 14:15:08,730] {processor.py:163} INFO - Started process (PID=5270) to work on /home/saba/airflow_venv/airflow_venv/lib/python3.6/site-packages/airflow/example_dags/plugins/workday.py
[2022-06-16 14:15:08,747] {processor.py:642} INFO - Processing file /home/saba/airflow_venv/airflow_venv/lib/python3.6/site-packages/airflow/example_dags/plugins/workday.py for tasks to queue
[2022-06-16 14:15:08,760] {logging_mixin.py:109} INFO - [2022-06-16 14:15:08,760] {dagbag.py:500} INFO - Filling up the DagBag from /home/saba/airflow_venv/airflow_venv/lib/python3.6/site-packages/airflow/example_dags/plugins/workday.py
[2022-06-16 14:15:08,777] {processor.py:654} WARNING - No viable dags retrieved from /home/saba/airflow_venv/airflow_venv/lib/python3.6/site-packages/airflow/example_dags/plugins/workday.py
[2022-06-16 14:15:08,836] {processor.py:171} INFO - Processing /home/saba/airflow_venv/airflow_venv/lib/python3.6/site-packages/airflow/example_dags/plugins/workday.py took 0.139 seconds
[2022-06-16 14:16:34,159] {processor.py:163} INFO - Started process (PID=7604) to work on /home/saba/airflow_venv/airflow_venv/lib/python3.6/site-packages/airflow/example_dags/plugins/workday.py
[2022-06-16 14:16:34,174] {processor.py:642} INFO - Processing file /home/saba/airflow_venv/airflow_venv/lib/python3.6/site-packages/airflow/example_dags/plugins/workday.py for tasks to queue
[2022-06-16 14:16:34,187] {logging_mixin.py:109} INFO - [2022-06-16 14:16:34,176] {dagbag.py:500} INFO - Filling up the DagBag from /home/saba/airflow_venv/airflow_venv/lib/python3.6/site-packages/airflow/example_dags/plugins/workday.py
[2022-06-16 14:16:34,194] {processor.py:654} WARNING - No viable dags retrieved from /home/saba/airflow_venv/airflow_venv/lib/python3.6/site-packages/airflow/example_dags/plugins/workday.py
[2022-06-16 14:16:34,278] {processor.py:171} INFO - Processing /home/saba/airflow_venv/airflow_venv/lib/python3.6/site-packages/airflow/example_dags/plugins/workday.py took 0.139 seconds
[2022-06-16 14:17:48,443] {processor.py:163} INFO - Started process (PID=7976) to work on /home/saba/airflow_venv/airflow_venv/lib/python3.6/site-packages/airflow/example_dags/plugins/workday.py
[2022-06-16 14:17:48,451] {processor.py:642} INFO - Processing file /home/saba/airflow_venv/airflow_venv/lib/python3.6/site-packages/airflow/example_dags/plugins/workday.py for tasks to queue
[2022-06-16 14:17:48,469] {logging_mixin.py:109} INFO - [2022-06-16 14:17:48,466] {dagbag.py:500} INFO - Filling up the DagBag from /home/saba/airflow_venv/airflow_venv/lib/python3.6/site-packages/airflow/example_dags/plugins/workday.py
[2022-06-16 14:17:48,502] {processor.py:654} WARNING - No viable dags retrieved from /home/saba/airflow_venv/airflow_venv/lib/python3.6/site-packages/airflow/example_dags/plugins/workday.py
[2022-06-16 14:17:48,595] {processor.py:171} INFO - Processing /home/saba/airflow_venv/airflow_venv/lib/python3.6/site-packages/airflow/example_dags/plugins/workday.py took 0.209 seconds
[2022-06-16 14:18:52,360] {processor.py:163} INFO - Started process (PID=8336) to work on /home/saba/airflow_venv/airflow_venv/lib/python3.6/site-packages/airflow/example_dags/plugins/workday.py
[2022-06-16 14:18:52,364] {processor.py:642} INFO - Processing file /home/saba/airflow_venv/airflow_venv/lib/python3.6/site-packages/airflow/example_dags/plugins/workday.py for tasks to queue
[2022-06-16 14:18:52,367] {logging_mixin.py:109} INFO - [2022-06-16 14:18:52,367] {dagbag.py:500} INFO - Filling up the DagBag from /home/saba/airflow_venv/airflow_venv/lib/python3.6/site-packages/airflow/example_dags/plugins/workday.py
[2022-06-16 14:18:52,376] {processor.py:654} WARNING - No viable dags retrieved from /home/saba/airflow_venv/airflow_venv/lib/python3.6/site-packages/airflow/example_dags/plugins/workday.py
[2022-06-16 14:18:52,409] {processor.py:171} INFO - Processing /home/saba/airflow_venv/airflow_venv/lib/python3.6/site-packages/airflow/example_dags/plugins/workday.py took 0.061 seconds
[2022-06-16 14:19:48,123] {processor.py:163} INFO - Started process (PID=8600) to work on /home/saba/airflow_venv/airflow_venv/lib/python3.6/site-packages/airflow/example_dags/plugins/workday.py
[2022-06-16 14:19:48,140] {processor.py:642} INFO - Processing file /home/saba/airflow_venv/airflow_venv/lib/python3.6/site-packages/airflow/example_dags/plugins/workday.py for tasks to queue
[2022-06-16 14:19:48,152] {logging_mixin.py:109} INFO - [2022-06-16 14:19:48,151] {dagbag.py:500} INFO - Filling up the DagBag from /home/saba/airflow_venv/airflow_venv/lib/python3.6/site-packages/airflow/example_dags/plugins/workday.py
[2022-06-16 14:19:48,182] {processor.py:654} WARNING - No viable dags retrieved from /home/saba/airflow_venv/airflow_venv/lib/python3.6/site-packages/airflow/example_dags/plugins/workday.py
[2022-06-16 14:19:48,261] {processor.py:171} INFO - Processing /home/saba/airflow_venv/airflow_venv/lib/python3.6/site-packages/airflow/example_dags/plugins/workday.py took 0.158 seconds
[2022-06-16 14:21:11,651] {processor.py:163} INFO - Started process (PID=8933) to work on /home/saba/airflow_venv/airflow_venv/lib/python3.6/site-packages/airflow/example_dags/plugins/workday.py
[2022-06-16 14:21:11,657] {processor.py:642} INFO - Processing file /home/saba/airflow_venv/airflow_venv/lib/python3.6/site-packages/airflow/example_dags/plugins/workday.py for tasks to queue
[2022-06-16 14:21:11,661] {logging_mixin.py:109} INFO - [2022-06-16 14:21:11,660] {dagbag.py:500} INFO - Filling up the DagBag from /home/saba/airflow_venv/airflow_venv/lib/python3.6/site-packages/airflow/example_dags/plugins/workday.py
[2022-06-16 14:21:11,672] {processor.py:654} WARNING - No viable dags retrieved from /home/saba/airflow_venv/airflow_venv/lib/python3.6/site-packages/airflow/example_dags/plugins/workday.py
[2022-06-16 14:21:12,035] {processor.py:171} INFO - Processing /home/saba/airflow_venv/airflow_venv/lib/python3.6/site-packages/airflow/example_dags/plugins/workday.py took 0.400 seconds
[2022-06-16 14:22:22,478] {processor.py:163} INFO - Started process (PID=9115) to work on /home/saba/airflow_venv/airflow_venv/lib/python3.6/site-packages/airflow/example_dags/plugins/workday.py
[2022-06-16 14:22:22,493] {processor.py:642} INFO - Processing file /home/saba/airflow_venv/airflow_venv/lib/python3.6/site-packages/airflow/example_dags/plugins/workday.py for tasks to queue
[2022-06-16 14:22:22,496] {logging_mixin.py:109} INFO - [2022-06-16 14:22:22,495] {dagbag.py:500} INFO - Filling up the DagBag from /home/saba/airflow_venv/airflow_venv/lib/python3.6/site-packages/airflow/example_dags/plugins/workday.py
[2022-06-16 14:22:22,514] {processor.py:654} WARNING - No viable dags retrieved from /home/saba/airflow_venv/airflow_venv/lib/python3.6/site-packages/airflow/example_dags/plugins/workday.py
[2022-06-16 14:22:22,578] {processor.py:171} INFO - Processing /home/saba/airflow_venv/airflow_venv/lib/python3.6/site-packages/airflow/example_dags/plugins/workday.py took 0.122 seconds
[2022-06-16 14:23:17,284] {processor.py:163} INFO - Started process (PID=9525) to work on /home/saba/airflow_venv/airflow_venv/lib/python3.6/site-packages/airflow/example_dags/plugins/workday.py
[2022-06-16 14:23:17,295] {processor.py:642} INFO - Processing file /home/saba/airflow_venv/airflow_venv/lib/python3.6/site-packages/airflow/example_dags/plugins/workday.py for tasks to queue
[2022-06-16 14:23:17,304] {logging_mixin.py:109} INFO - [2022-06-16 14:23:17,298] {dagbag.py:500} INFO - Filling up the DagBag from /home/saba/airflow_venv/airflow_venv/lib/python3.6/site-packages/airflow/example_dags/plugins/workday.py
[2022-06-16 14:23:17,313] {processor.py:654} WARNING - No viable dags retrieved from /home/saba/airflow_venv/airflow_venv/lib/python3.6/site-packages/airflow/example_dags/plugins/workday.py
[2022-06-16 14:23:17,369] {processor.py:171} INFO - Processing /home/saba/airflow_venv/airflow_venv/lib/python3.6/site-packages/airflow/example_dags/plugins/workday.py took 0.107 seconds
[2022-06-16 14:24:11,232] {processor.py:163} INFO - Started process (PID=9699) to work on /home/saba/airflow_venv/airflow_venv/lib/python3.6/site-packages/airflow/example_dags/plugins/workday.py
[2022-06-16 14:24:11,253] {processor.py:642} INFO - Processing file /home/saba/airflow_venv/airflow_venv/lib/python3.6/site-packages/airflow/example_dags/plugins/workday.py for tasks to queue
[2022-06-16 14:24:11,265] {logging_mixin.py:109} INFO - [2022-06-16 14:24:11,264] {dagbag.py:500} INFO - Filling up the DagBag from /home/saba/airflow_venv/airflow_venv/lib/python3.6/site-packages/airflow/example_dags/plugins/workday.py
[2022-06-16 14:24:11,291] {processor.py:654} WARNING - No viable dags retrieved from /home/saba/airflow_venv/airflow_venv/lib/python3.6/site-packages/airflow/example_dags/plugins/workday.py
[2022-06-16 14:24:11,386] {processor.py:171} INFO - Processing /home/saba/airflow_venv/airflow_venv/lib/python3.6/site-packages/airflow/example_dags/plugins/workday.py took 0.176 seconds
[2022-06-16 14:25:06,886] {processor.py:163} INFO - Started process (PID=10070) to work on /home/saba/airflow_venv/airflow_venv/lib/python3.6/site-packages/airflow/example_dags/plugins/workday.py
[2022-06-16 14:25:06,891] {processor.py:642} INFO - Processing file /home/saba/airflow_venv/airflow_venv/lib/python3.6/site-packages/airflow/example_dags/plugins/workday.py for tasks to queue
[2022-06-16 14:25:06,893] {logging_mixin.py:109} INFO - [2022-06-16 14:25:06,893] {dagbag.py:500} INFO - Filling up the DagBag from /home/saba/airflow_venv/airflow_venv/lib/python3.6/site-packages/airflow/example_dags/plugins/workday.py
[2022-06-16 14:25:06,900] {processor.py:654} WARNING - No viable dags retrieved from /home/saba/airflow_venv/airflow_venv/lib/python3.6/site-packages/airflow/example_dags/plugins/workday.py
[2022-06-16 14:25:06,928] {processor.py:171} INFO - Processing /home/saba/airflow_venv/airflow_venv/lib/python3.6/site-packages/airflow/example_dags/plugins/workday.py took 0.052 seconds
[2022-06-16 14:26:12,128] {processor.py:163} INFO - Started process (PID=10563) to work on /home/saba/airflow_venv/airflow_venv/lib/python3.6/site-packages/airflow/example_dags/plugins/workday.py
[2022-06-16 14:26:12,133] {processor.py:642} INFO - Processing file /home/saba/airflow_venv/airflow_venv/lib/python3.6/site-packages/airflow/example_dags/plugins/workday.py for tasks to queue
[2022-06-16 14:26:12,136] {logging_mixin.py:109} INFO - [2022-06-16 14:26:12,136] {dagbag.py:500} INFO - Filling up the DagBag from /home/saba/airflow_venv/airflow_venv/lib/python3.6/site-packages/airflow/example_dags/plugins/workday.py
[2022-06-16 14:26:12,157] {processor.py:654} WARNING - No viable dags retrieved from /home/saba/airflow_venv/airflow_venv/lib/python3.6/site-packages/airflow/example_dags/plugins/workday.py
[2022-06-16 14:26:12,200] {processor.py:171} INFO - Processing /home/saba/airflow_venv/airflow_venv/lib/python3.6/site-packages/airflow/example_dags/plugins/workday.py took 0.090 seconds
[2022-06-16 14:27:12,441] {processor.py:163} INFO - Started process (PID=10828) to work on /home/saba/airflow_venv/airflow_venv/lib/python3.6/site-packages/airflow/example_dags/plugins/workday.py
[2022-06-16 14:27:12,450] {processor.py:642} INFO - Processing file /home/saba/airflow_venv/airflow_venv/lib/python3.6/site-packages/airflow/example_dags/plugins/workday.py for tasks to queue
[2022-06-16 14:27:12,452] {logging_mixin.py:109} INFO - [2022-06-16 14:27:12,452] {dagbag.py:500} INFO - Filling up the DagBag from /home/saba/airflow_venv/airflow_venv/lib/python3.6/site-packages/airflow/example_dags/plugins/workday.py
[2022-06-16 14:27:12,460] {processor.py:654} WARNING - No viable dags retrieved from /home/saba/airflow_venv/airflow_venv/lib/python3.6/site-packages/airflow/example_dags/plugins/workday.py
[2022-06-16 14:27:12,500] {processor.py:171} INFO - Processing /home/saba/airflow_venv/airflow_venv/lib/python3.6/site-packages/airflow/example_dags/plugins/workday.py took 0.072 seconds
[2022-06-16 14:28:04,027] {processor.py:163} INFO - Started process (PID=11219) to work on /home/saba/airflow_venv/airflow_venv/lib/python3.6/site-packages/airflow/example_dags/plugins/workday.py
[2022-06-16 14:28:04,034] {processor.py:642} INFO - Processing file /home/saba/airflow_venv/airflow_venv/lib/python3.6/site-packages/airflow/example_dags/plugins/workday.py for tasks to queue
[2022-06-16 14:28:04,038] {logging_mixin.py:109} INFO - [2022-06-16 14:28:04,037] {dagbag.py:500} INFO - Filling up the DagBag from /home/saba/airflow_venv/airflow_venv/lib/python3.6/site-packages/airflow/example_dags/plugins/workday.py
[2022-06-16 14:28:04,073] {processor.py:654} WARNING - No viable dags retrieved from /home/saba/airflow_venv/airflow_venv/lib/python3.6/site-packages/airflow/example_dags/plugins/workday.py
[2022-06-16 14:28:04,167] {processor.py:171} INFO - Processing /home/saba/airflow_venv/airflow_venv/lib/python3.6/site-packages/airflow/example_dags/plugins/workday.py took 0.174 seconds
[2022-06-16 14:28:52,838] {processor.py:163} INFO - Started process (PID=11520) to work on /home/saba/airflow_venv/airflow_venv/lib/python3.6/site-packages/airflow/example_dags/plugins/workday.py
[2022-06-16 14:28:52,847] {processor.py:642} INFO - Processing file /home/saba/airflow_venv/airflow_venv/lib/python3.6/site-packages/airflow/example_dags/plugins/workday.py for tasks to queue
[2022-06-16 14:28:52,850] {logging_mixin.py:109} INFO - [2022-06-16 14:28:52,849] {dagbag.py:500} INFO - Filling up the DagBag from /home/saba/airflow_venv/airflow_venv/lib/python3.6/site-packages/airflow/example_dags/plugins/workday.py
[2022-06-16 14:28:52,858] {processor.py:654} WARNING - No viable dags retrieved from /home/saba/airflow_venv/airflow_venv/lib/python3.6/site-packages/airflow/example_dags/plugins/workday.py
[2022-06-16 14:28:52,899] {processor.py:171} INFO - Processing /home/saba/airflow_venv/airflow_venv/lib/python3.6/site-packages/airflow/example_dags/plugins/workday.py took 0.075 seconds
[2022-06-16 14:29:40,599] {processor.py:163} INFO - Started process (PID=11803) to work on /home/saba/airflow_venv/airflow_venv/lib/python3.6/site-packages/airflow/example_dags/plugins/workday.py
[2022-06-16 14:29:40,604] {processor.py:642} INFO - Processing file /home/saba/airflow_venv/airflow_venv/lib/python3.6/site-packages/airflow/example_dags/plugins/workday.py for tasks to queue
[2022-06-16 14:29:40,606] {logging_mixin.py:109} INFO - [2022-06-16 14:29:40,606] {dagbag.py:500} INFO - Filling up the DagBag from /home/saba/airflow_venv/airflow_venv/lib/python3.6/site-packages/airflow/example_dags/plugins/workday.py
[2022-06-16 14:29:40,612] {processor.py:654} WARNING - No viable dags retrieved from /home/saba/airflow_venv/airflow_venv/lib/python3.6/site-packages/airflow/example_dags/plugins/workday.py
[2022-06-16 14:29:40,636] {processor.py:171} INFO - Processing /home/saba/airflow_venv/airflow_venv/lib/python3.6/site-packages/airflow/example_dags/plugins/workday.py took 0.045 seconds
[2022-06-16 14:30:34,806] {processor.py:163} INFO - Started process (PID=12043) to work on /home/saba/airflow_venv/airflow_venv/lib/python3.6/site-packages/airflow/example_dags/plugins/workday.py
[2022-06-16 14:30:34,811] {processor.py:642} INFO - Processing file /home/saba/airflow_venv/airflow_venv/lib/python3.6/site-packages/airflow/example_dags/plugins/workday.py for tasks to queue
[2022-06-16 14:30:34,813] {logging_mixin.py:109} INFO - [2022-06-16 14:30:34,813] {dagbag.py:500} INFO - Filling up the DagBag from /home/saba/airflow_venv/airflow_venv/lib/python3.6/site-packages/airflow/example_dags/plugins/workday.py
[2022-06-16 14:30:34,821] {processor.py:654} WARNING - No viable dags retrieved from /home/saba/airflow_venv/airflow_venv/lib/python3.6/site-packages/airflow/example_dags/plugins/workday.py
[2022-06-16 14:30:34,849] {processor.py:171} INFO - Processing /home/saba/airflow_venv/airflow_venv/lib/python3.6/site-packages/airflow/example_dags/plugins/workday.py took 0.053 seconds
[2022-06-16 14:45:58,342] {processor.py:163} INFO - Started process (PID=84) to work on /home/saba/.local/lib/python3.6/site-packages/airflow/example_dags/plugins/workday.py
[2022-06-16 14:45:58,346] {processor.py:642} INFO - Processing file /home/saba/.local/lib/python3.6/site-packages/airflow/example_dags/plugins/workday.py for tasks to queue
[2022-06-16 14:45:58,350] {logging_mixin.py:109} INFO - [2022-06-16 14:45:58,349] {dagbag.py:500} INFO - Filling up the DagBag from /home/saba/.local/lib/python3.6/site-packages/airflow/example_dags/plugins/workday.py
[2022-06-16 14:45:58,358] {processor.py:654} WARNING - No viable dags retrieved from /home/saba/.local/lib/python3.6/site-packages/airflow/example_dags/plugins/workday.py
[2022-06-16 14:45:58,379] {processor.py:171} INFO - Processing /home/saba/.local/lib/python3.6/site-packages/airflow/example_dags/plugins/workday.py took 0.046 seconds
[2022-06-16 14:46:56,802] {processor.py:163} INFO - Started process (PID=153) to work on /home/saba/.local/lib/python3.6/site-packages/airflow/example_dags/plugins/workday.py
[2022-06-16 14:46:56,806] {processor.py:642} INFO - Processing file /home/saba/.local/lib/python3.6/site-packages/airflow/example_dags/plugins/workday.py for tasks to queue
[2022-06-16 14:46:56,808] {logging_mixin.py:109} INFO - [2022-06-16 14:46:56,808] {dagbag.py:500} INFO - Filling up the DagBag from /home/saba/.local/lib/python3.6/site-packages/airflow/example_dags/plugins/workday.py
[2022-06-16 14:46:56,814] {processor.py:654} WARNING - No viable dags retrieved from /home/saba/.local/lib/python3.6/site-packages/airflow/example_dags/plugins/workday.py
[2022-06-16 14:46:56,836] {processor.py:171} INFO - Processing /home/saba/.local/lib/python3.6/site-packages/airflow/example_dags/plugins/workday.py took 0.041 seconds
[2022-06-16 14:48:01,407] {processor.py:163} INFO - Started process (PID=294) to work on /home/saba/.local/lib/python3.6/site-packages/airflow/example_dags/plugins/workday.py
[2022-06-16 14:48:01,412] {processor.py:642} INFO - Processing file /home/saba/.local/lib/python3.6/site-packages/airflow/example_dags/plugins/workday.py for tasks to queue
[2022-06-16 14:48:01,424] {logging_mixin.py:109} INFO - [2022-06-16 14:48:01,423] {dagbag.py:500} INFO - Filling up the DagBag from /home/saba/.local/lib/python3.6/site-packages/airflow/example_dags/plugins/workday.py
[2022-06-16 14:48:01,442] {processor.py:654} WARNING - No viable dags retrieved from /home/saba/.local/lib/python3.6/site-packages/airflow/example_dags/plugins/workday.py
[2022-06-16 14:48:01,509] {processor.py:171} INFO - Processing /home/saba/.local/lib/python3.6/site-packages/airflow/example_dags/plugins/workday.py took 0.134 seconds
[2022-06-16 14:49:04,867] {processor.py:163} INFO - Started process (PID=2354) to work on /home/saba/.local/lib/python3.6/site-packages/airflow/example_dags/plugins/workday.py
[2022-06-16 14:49:04,872] {processor.py:642} INFO - Processing file /home/saba/.local/lib/python3.6/site-packages/airflow/example_dags/plugins/workday.py for tasks to queue
[2022-06-16 14:49:04,875] {logging_mixin.py:109} INFO - [2022-06-16 14:49:04,874] {dagbag.py:500} INFO - Filling up the DagBag from /home/saba/.local/lib/python3.6/site-packages/airflow/example_dags/plugins/workday.py
[2022-06-16 14:49:04,885] {processor.py:654} WARNING - No viable dags retrieved from /home/saba/.local/lib/python3.6/site-packages/airflow/example_dags/plugins/workday.py
[2022-06-16 14:49:04,937] {processor.py:171} INFO - Processing /home/saba/.local/lib/python3.6/site-packages/airflow/example_dags/plugins/workday.py took 0.080 seconds
[2022-06-16 14:49:52,781] {processor.py:163} INFO - Started process (PID=2580) to work on /home/saba/.local/lib/python3.6/site-packages/airflow/example_dags/plugins/workday.py
[2022-06-16 14:49:52,786] {processor.py:642} INFO - Processing file /home/saba/.local/lib/python3.6/site-packages/airflow/example_dags/plugins/workday.py for tasks to queue
[2022-06-16 14:49:52,789] {logging_mixin.py:109} INFO - [2022-06-16 14:49:52,788] {dagbag.py:500} INFO - Filling up the DagBag from /home/saba/.local/lib/python3.6/site-packages/airflow/example_dags/plugins/workday.py
[2022-06-16 14:49:52,798] {processor.py:654} WARNING - No viable dags retrieved from /home/saba/.local/lib/python3.6/site-packages/airflow/example_dags/plugins/workday.py
[2022-06-16 14:49:52,827] {processor.py:171} INFO - Processing /home/saba/.local/lib/python3.6/site-packages/airflow/example_dags/plugins/workday.py took 0.058 seconds
[2022-06-16 14:50:34,696] {processor.py:163} INFO - Started process (PID=2649) to work on /home/saba/.local/lib/python3.6/site-packages/airflow/example_dags/plugins/workday.py
[2022-06-16 14:50:34,699] {processor.py:642} INFO - Processing file /home/saba/.local/lib/python3.6/site-packages/airflow/example_dags/plugins/workday.py for tasks to queue
[2022-06-16 14:50:34,701] {logging_mixin.py:109} INFO - [2022-06-16 14:50:34,701] {dagbag.py:500} INFO - Filling up the DagBag from /home/saba/.local/lib/python3.6/site-packages/airflow/example_dags/plugins/workday.py
[2022-06-16 14:50:34,705] {processor.py:654} WARNING - No viable dags retrieved from /home/saba/.local/lib/python3.6/site-packages/airflow/example_dags/plugins/workday.py
[2022-06-16 14:50:34,726] {processor.py:171} INFO - Processing /home/saba/.local/lib/python3.6/site-packages/airflow/example_dags/plugins/workday.py took 0.036 seconds
[2022-06-16 14:51:18,217] {processor.py:163} INFO - Started process (PID=2704) to work on /home/saba/.local/lib/python3.6/site-packages/airflow/example_dags/plugins/workday.py
[2022-06-16 14:51:18,219] {processor.py:642} INFO - Processing file /home/saba/.local/lib/python3.6/site-packages/airflow/example_dags/plugins/workday.py for tasks to queue
[2022-06-16 14:51:18,220] {logging_mixin.py:109} INFO - [2022-06-16 14:51:18,220] {dagbag.py:500} INFO - Filling up the DagBag from /home/saba/.local/lib/python3.6/site-packages/airflow/example_dags/plugins/workday.py
[2022-06-16 14:51:18,225] {processor.py:654} WARNING - No viable dags retrieved from /home/saba/.local/lib/python3.6/site-packages/airflow/example_dags/plugins/workday.py
[2022-06-16 14:51:18,245] {processor.py:171} INFO - Processing /home/saba/.local/lib/python3.6/site-packages/airflow/example_dags/plugins/workday.py took 0.038 seconds
[2022-06-16 14:51:58,472] {processor.py:163} INFO - Started process (PID=2751) to work on /home/saba/.local/lib/python3.6/site-packages/airflow/example_dags/plugins/workday.py
[2022-06-16 14:51:58,478] {processor.py:642} INFO - Processing file /home/saba/.local/lib/python3.6/site-packages/airflow/example_dags/plugins/workday.py for tasks to queue
[2022-06-16 14:51:58,483] {logging_mixin.py:109} INFO - [2022-06-16 14:51:58,481] {dagbag.py:500} INFO - Filling up the DagBag from /home/saba/.local/lib/python3.6/site-packages/airflow/example_dags/plugins/workday.py
[2022-06-16 14:51:58,503] {processor.py:654} WARNING - No viable dags retrieved from /home/saba/.local/lib/python3.6/site-packages/airflow/example_dags/plugins/workday.py
[2022-06-16 14:51:58,577] {processor.py:171} INFO - Processing /home/saba/.local/lib/python3.6/site-packages/airflow/example_dags/plugins/workday.py took 0.122 seconds
[2022-06-16 14:52:38,227] {processor.py:163} INFO - Started process (PID=2994) to work on /home/saba/.local/lib/python3.6/site-packages/airflow/example_dags/plugins/workday.py
[2022-06-16 14:52:38,230] {processor.py:642} INFO - Processing file /home/saba/.local/lib/python3.6/site-packages/airflow/example_dags/plugins/workday.py for tasks to queue
[2022-06-16 14:52:38,231] {logging_mixin.py:109} INFO - [2022-06-16 14:52:38,231] {dagbag.py:500} INFO - Filling up the DagBag from /home/saba/.local/lib/python3.6/site-packages/airflow/example_dags/plugins/workday.py
[2022-06-16 14:52:38,235] {processor.py:654} WARNING - No viable dags retrieved from /home/saba/.local/lib/python3.6/site-packages/airflow/example_dags/plugins/workday.py
[2022-06-16 14:52:38,249] {processor.py:171} INFO - Processing /home/saba/.local/lib/python3.6/site-packages/airflow/example_dags/plugins/workday.py took 0.029 seconds
[2022-06-16 14:53:18,710] {processor.py:163} INFO - Started process (PID=3288) to work on /home/saba/.local/lib/python3.6/site-packages/airflow/example_dags/plugins/workday.py
[2022-06-16 14:53:18,711] {processor.py:642} INFO - Processing file /home/saba/.local/lib/python3.6/site-packages/airflow/example_dags/plugins/workday.py for tasks to queue
[2022-06-16 14:53:18,712] {logging_mixin.py:109} INFO - [2022-06-16 14:53:18,712] {dagbag.py:500} INFO - Filling up the DagBag from /home/saba/.local/lib/python3.6/site-packages/airflow/example_dags/plugins/workday.py
[2022-06-16 14:53:18,714] {processor.py:654} WARNING - No viable dags retrieved from /home/saba/.local/lib/python3.6/site-packages/airflow/example_dags/plugins/workday.py
[2022-06-16 14:53:18,723] {processor.py:171} INFO - Processing /home/saba/.local/lib/python3.6/site-packages/airflow/example_dags/plugins/workday.py took 0.017 seconds
[2022-06-16 14:53:55,177] {processor.py:163} INFO - Started process (PID=3320) to work on /home/saba/.local/lib/python3.6/site-packages/airflow/example_dags/plugins/workday.py
[2022-06-16 14:53:55,187] {processor.py:642} INFO - Processing file /home/saba/.local/lib/python3.6/site-packages/airflow/example_dags/plugins/workday.py for tasks to queue
[2022-06-16 14:53:55,191] {logging_mixin.py:109} INFO - [2022-06-16 14:53:55,190] {dagbag.py:500} INFO - Filling up the DagBag from /home/saba/.local/lib/python3.6/site-packages/airflow/example_dags/plugins/workday.py
[2022-06-16 14:53:55,201] {processor.py:654} WARNING - No viable dags retrieved from /home/saba/.local/lib/python3.6/site-packages/airflow/example_dags/plugins/workday.py
[2022-06-16 14:53:55,243] {processor.py:171} INFO - Processing /home/saba/.local/lib/python3.6/site-packages/airflow/example_dags/plugins/workday.py took 0.086 seconds
[2022-06-16 14:54:35,598] {processor.py:163} INFO - Started process (PID=3597) to work on /home/saba/.local/lib/python3.6/site-packages/airflow/example_dags/plugins/workday.py
[2022-06-16 14:54:35,601] {processor.py:642} INFO - Processing file /home/saba/.local/lib/python3.6/site-packages/airflow/example_dags/plugins/workday.py for tasks to queue
[2022-06-16 14:54:35,602] {logging_mixin.py:109} INFO - [2022-06-16 14:54:35,601] {dagbag.py:500} INFO - Filling up the DagBag from /home/saba/.local/lib/python3.6/site-packages/airflow/example_dags/plugins/workday.py
[2022-06-16 14:54:35,605] {processor.py:654} WARNING - No viable dags retrieved from /home/saba/.local/lib/python3.6/site-packages/airflow/example_dags/plugins/workday.py
[2022-06-16 14:54:35,616] {processor.py:171} INFO - Processing /home/saba/.local/lib/python3.6/site-packages/airflow/example_dags/plugins/workday.py took 0.022 seconds
[2022-06-16 14:55:13,674] {processor.py:163} INFO - Started process (PID=3915) to work on /home/saba/.local/lib/python3.6/site-packages/airflow/example_dags/plugins/workday.py
[2022-06-16 14:55:13,681] {processor.py:642} INFO - Processing file /home/saba/.local/lib/python3.6/site-packages/airflow/example_dags/plugins/workday.py for tasks to queue
[2022-06-16 14:55:13,696] {logging_mixin.py:109} INFO - [2022-06-16 14:55:13,695] {dagbag.py:500} INFO - Filling up the DagBag from /home/saba/.local/lib/python3.6/site-packages/airflow/example_dags/plugins/workday.py
[2022-06-16 14:55:13,716] {processor.py:654} WARNING - No viable dags retrieved from /home/saba/.local/lib/python3.6/site-packages/airflow/example_dags/plugins/workday.py
[2022-06-16 14:55:13,801] {processor.py:171} INFO - Processing /home/saba/.local/lib/python3.6/site-packages/airflow/example_dags/plugins/workday.py took 0.167 seconds
[2022-06-16 14:56:00,300] {processor.py:163} INFO - Started process (PID=4254) to work on /home/saba/.local/lib/python3.6/site-packages/airflow/example_dags/plugins/workday.py
[2022-06-16 14:56:00,312] {processor.py:642} INFO - Processing file /home/saba/.local/lib/python3.6/site-packages/airflow/example_dags/plugins/workday.py for tasks to queue
[2022-06-16 14:56:00,315] {logging_mixin.py:109} INFO - [2022-06-16 14:56:00,314] {dagbag.py:500} INFO - Filling up the DagBag from /home/saba/.local/lib/python3.6/site-packages/airflow/example_dags/plugins/workday.py
[2022-06-16 14:56:00,331] {processor.py:654} WARNING - No viable dags retrieved from /home/saba/.local/lib/python3.6/site-packages/airflow/example_dags/plugins/workday.py
[2022-06-16 14:56:00,378] {processor.py:171} INFO - Processing /home/saba/.local/lib/python3.6/site-packages/airflow/example_dags/plugins/workday.py took 0.088 seconds
[2022-06-16 14:56:50,110] {processor.py:163} INFO - Started process (PID=4656) to work on /home/saba/.local/lib/python3.6/site-packages/airflow/example_dags/plugins/workday.py
[2022-06-16 14:56:50,123] {processor.py:642} INFO - Processing file /home/saba/.local/lib/python3.6/site-packages/airflow/example_dags/plugins/workday.py for tasks to queue
[2022-06-16 14:56:50,127] {logging_mixin.py:109} INFO - [2022-06-16 14:56:50,126] {dagbag.py:500} INFO - Filling up the DagBag from /home/saba/.local/lib/python3.6/site-packages/airflow/example_dags/plugins/workday.py
[2022-06-16 14:56:50,140] {processor.py:654} WARNING - No viable dags retrieved from /home/saba/.local/lib/python3.6/site-packages/airflow/example_dags/plugins/workday.py
[2022-06-16 14:56:50,181] {processor.py:171} INFO - Processing /home/saba/.local/lib/python3.6/site-packages/airflow/example_dags/plugins/workday.py took 0.083 seconds
[2022-06-16 14:57:41,288] {processor.py:163} INFO - Started process (PID=7178) to work on /home/saba/.local/lib/python3.6/site-packages/airflow/example_dags/plugins/workday.py
[2022-06-16 14:57:41,291] {processor.py:642} INFO - Processing file /home/saba/.local/lib/python3.6/site-packages/airflow/example_dags/plugins/workday.py for tasks to queue
[2022-06-16 14:57:41,293] {logging_mixin.py:109} INFO - [2022-06-16 14:57:41,293] {dagbag.py:500} INFO - Filling up the DagBag from /home/saba/.local/lib/python3.6/site-packages/airflow/example_dags/plugins/workday.py
[2022-06-16 14:57:41,298] {processor.py:654} WARNING - No viable dags retrieved from /home/saba/.local/lib/python3.6/site-packages/airflow/example_dags/plugins/workday.py
[2022-06-16 14:57:41,314] {processor.py:171} INFO - Processing /home/saba/.local/lib/python3.6/site-packages/airflow/example_dags/plugins/workday.py took 0.032 seconds
[2022-06-16 14:58:30,762] {processor.py:163} INFO - Started process (PID=8709) to work on /home/saba/.local/lib/python3.6/site-packages/airflow/example_dags/plugins/workday.py
[2022-06-16 14:58:30,766] {processor.py:642} INFO - Processing file /home/saba/.local/lib/python3.6/site-packages/airflow/example_dags/plugins/workday.py for tasks to queue
[2022-06-16 14:58:30,768] {logging_mixin.py:109} INFO - [2022-06-16 14:58:30,767] {dagbag.py:500} INFO - Filling up the DagBag from /home/saba/.local/lib/python3.6/site-packages/airflow/example_dags/plugins/workday.py
[2022-06-16 14:58:30,773] {processor.py:654} WARNING - No viable dags retrieved from /home/saba/.local/lib/python3.6/site-packages/airflow/example_dags/plugins/workday.py
[2022-06-16 14:58:30,798] {processor.py:171} INFO - Processing /home/saba/.local/lib/python3.6/site-packages/airflow/example_dags/plugins/workday.py took 0.048 seconds
[2022-06-16 14:59:25,699] {processor.py:163} INFO - Started process (PID=9763) to work on /home/saba/.local/lib/python3.6/site-packages/airflow/example_dags/plugins/workday.py
[2022-06-16 14:59:25,705] {processor.py:642} INFO - Processing file /home/saba/.local/lib/python3.6/site-packages/airflow/example_dags/plugins/workday.py for tasks to queue
[2022-06-16 14:59:25,707] {logging_mixin.py:109} INFO - [2022-06-16 14:59:25,707] {dagbag.py:500} INFO - Filling up the DagBag from /home/saba/.local/lib/python3.6/site-packages/airflow/example_dags/plugins/workday.py
[2022-06-16 14:59:25,713] {processor.py:654} WARNING - No viable dags retrieved from /home/saba/.local/lib/python3.6/site-packages/airflow/example_dags/plugins/workday.py
[2022-06-16 14:59:25,738] {processor.py:171} INFO - Processing /home/saba/.local/lib/python3.6/site-packages/airflow/example_dags/plugins/workday.py took 0.050 seconds
[2022-06-16 15:00:06,834] {processor.py:163} INFO - Started process (PID=10315) to work on /home/saba/.local/lib/python3.6/site-packages/airflow/example_dags/plugins/workday.py
[2022-06-16 15:00:06,836] {processor.py:642} INFO - Processing file /home/saba/.local/lib/python3.6/site-packages/airflow/example_dags/plugins/workday.py for tasks to queue
[2022-06-16 15:00:06,837] {logging_mixin.py:109} INFO - [2022-06-16 15:00:06,837] {dagbag.py:500} INFO - Filling up the DagBag from /home/saba/.local/lib/python3.6/site-packages/airflow/example_dags/plugins/workday.py
[2022-06-16 15:00:06,840] {processor.py:654} WARNING - No viable dags retrieved from /home/saba/.local/lib/python3.6/site-packages/airflow/example_dags/plugins/workday.py
[2022-06-16 15:00:06,850] {processor.py:171} INFO - Processing /home/saba/.local/lib/python3.6/site-packages/airflow/example_dags/plugins/workday.py took 0.021 seconds
[2022-06-16 15:00:42,258] {processor.py:163} INFO - Started process (PID=11137) to work on /home/saba/.local/lib/python3.6/site-packages/airflow/example_dags/plugins/workday.py
[2022-06-16 15:00:42,260] {processor.py:642} INFO - Processing file /home/saba/.local/lib/python3.6/site-packages/airflow/example_dags/plugins/workday.py for tasks to queue
[2022-06-16 15:00:42,261] {logging_mixin.py:109} INFO - [2022-06-16 15:00:42,261] {dagbag.py:500} INFO - Filling up the DagBag from /home/saba/.local/lib/python3.6/site-packages/airflow/example_dags/plugins/workday.py
[2022-06-16 15:00:42,264] {processor.py:654} WARNING - No viable dags retrieved from /home/saba/.local/lib/python3.6/site-packages/airflow/example_dags/plugins/workday.py
[2022-06-16 15:00:42,278] {processor.py:171} INFO - Processing /home/saba/.local/lib/python3.6/site-packages/airflow/example_dags/plugins/workday.py took 0.024 seconds
[2022-06-16 15:01:22,233] {processor.py:163} INFO - Started process (PID=11239) to work on /home/saba/.local/lib/python3.6/site-packages/airflow/example_dags/plugins/workday.py
[2022-06-16 15:01:22,236] {processor.py:642} INFO - Processing file /home/saba/.local/lib/python3.6/site-packages/airflow/example_dags/plugins/workday.py for tasks to queue
[2022-06-16 15:01:22,236] {logging_mixin.py:109} INFO - [2022-06-16 15:01:22,236] {dagbag.py:500} INFO - Filling up the DagBag from /home/saba/.local/lib/python3.6/site-packages/airflow/example_dags/plugins/workday.py
[2022-06-16 15:01:22,238] {processor.py:654} WARNING - No viable dags retrieved from /home/saba/.local/lib/python3.6/site-packages/airflow/example_dags/plugins/workday.py
[2022-06-16 15:01:22,248] {processor.py:171} INFO - Processing /home/saba/.local/lib/python3.6/site-packages/airflow/example_dags/plugins/workday.py took 0.018 seconds
[2022-06-16 15:01:58,709] {processor.py:163} INFO - Started process (PID=11625) to work on /home/saba/.local/lib/python3.6/site-packages/airflow/example_dags/plugins/workday.py
[2022-06-16 15:01:58,711] {processor.py:642} INFO - Processing file /home/saba/.local/lib/python3.6/site-packages/airflow/example_dags/plugins/workday.py for tasks to queue
[2022-06-16 15:01:58,712] {logging_mixin.py:109} INFO - [2022-06-16 15:01:58,712] {dagbag.py:500} INFO - Filling up the DagBag from /home/saba/.local/lib/python3.6/site-packages/airflow/example_dags/plugins/workday.py
[2022-06-16 15:01:58,715] {processor.py:654} WARNING - No viable dags retrieved from /home/saba/.local/lib/python3.6/site-packages/airflow/example_dags/plugins/workday.py
[2022-06-16 15:01:58,725] {processor.py:171} INFO - Processing /home/saba/.local/lib/python3.6/site-packages/airflow/example_dags/plugins/workday.py took 0.020 seconds
[2022-06-16 15:02:38,714] {processor.py:163} INFO - Started process (PID=11681) to work on /home/saba/.local/lib/python3.6/site-packages/airflow/example_dags/plugins/workday.py
[2022-06-16 15:02:38,718] {processor.py:642} INFO - Processing file /home/saba/.local/lib/python3.6/site-packages/airflow/example_dags/plugins/workday.py for tasks to queue
[2022-06-16 15:02:38,719] {logging_mixin.py:109} INFO - [2022-06-16 15:02:38,719] {dagbag.py:500} INFO - Filling up the DagBag from /home/saba/.local/lib/python3.6/site-packages/airflow/example_dags/plugins/workday.py
[2022-06-16 15:02:38,722] {processor.py:654} WARNING - No viable dags retrieved from /home/saba/.local/lib/python3.6/site-packages/airflow/example_dags/plugins/workday.py
[2022-06-16 15:02:38,736] {processor.py:171} INFO - Processing /home/saba/.local/lib/python3.6/site-packages/airflow/example_dags/plugins/workday.py took 0.025 seconds
[2022-06-16 15:03:13,755] {processor.py:163} INFO - Started process (PID=11819) to work on /home/saba/.local/lib/python3.6/site-packages/airflow/example_dags/plugins/workday.py
[2022-06-16 15:03:13,758] {processor.py:642} INFO - Processing file /home/saba/.local/lib/python3.6/site-packages/airflow/example_dags/plugins/workday.py for tasks to queue
[2022-06-16 15:03:13,759] {logging_mixin.py:109} INFO - [2022-06-16 15:03:13,759] {dagbag.py:500} INFO - Filling up the DagBag from /home/saba/.local/lib/python3.6/site-packages/airflow/example_dags/plugins/workday.py
[2022-06-16 15:03:13,761] {processor.py:654} WARNING - No viable dags retrieved from /home/saba/.local/lib/python3.6/site-packages/airflow/example_dags/plugins/workday.py
[2022-06-16 15:03:13,769] {processor.py:171} INFO - Processing /home/saba/.local/lib/python3.6/site-packages/airflow/example_dags/plugins/workday.py took 0.017 seconds
[2022-06-16 15:03:46,730] {processor.py:163} INFO - Started process (PID=11945) to work on /home/saba/.local/lib/python3.6/site-packages/airflow/example_dags/plugins/workday.py
[2022-06-16 15:03:46,731] {processor.py:642} INFO - Processing file /home/saba/.local/lib/python3.6/site-packages/airflow/example_dags/plugins/workday.py for tasks to queue
[2022-06-16 15:03:46,732] {logging_mixin.py:109} INFO - [2022-06-16 15:03:46,732] {dagbag.py:500} INFO - Filling up the DagBag from /home/saba/.local/lib/python3.6/site-packages/airflow/example_dags/plugins/workday.py
[2022-06-16 15:03:46,734] {processor.py:654} WARNING - No viable dags retrieved from /home/saba/.local/lib/python3.6/site-packages/airflow/example_dags/plugins/workday.py
[2022-06-16 15:03:46,741] {processor.py:171} INFO - Processing /home/saba/.local/lib/python3.6/site-packages/airflow/example_dags/plugins/workday.py took 0.014 seconds
[2022-06-16 15:04:25,083] {processor.py:163} INFO - Started process (PID=12427) to work on /home/saba/.local/lib/python3.6/site-packages/airflow/example_dags/plugins/workday.py
[2022-06-16 15:04:25,094] {processor.py:642} INFO - Processing file /home/saba/.local/lib/python3.6/site-packages/airflow/example_dags/plugins/workday.py for tasks to queue
[2022-06-16 15:04:25,095] {logging_mixin.py:109} INFO - [2022-06-16 15:04:25,095] {dagbag.py:500} INFO - Filling up the DagBag from /home/saba/.local/lib/python3.6/site-packages/airflow/example_dags/plugins/workday.py
[2022-06-16 15:04:25,098] {processor.py:654} WARNING - No viable dags retrieved from /home/saba/.local/lib/python3.6/site-packages/airflow/example_dags/plugins/workday.py
[2022-06-16 15:04:25,110] {processor.py:171} INFO - Processing /home/saba/.local/lib/python3.6/site-packages/airflow/example_dags/plugins/workday.py took 0.033 seconds
[2022-06-16 15:05:05,710] {processor.py:163} INFO - Started process (PID=12936) to work on /home/saba/.local/lib/python3.6/site-packages/airflow/example_dags/plugins/workday.py
[2022-06-16 15:05:05,713] {processor.py:642} INFO - Processing file /home/saba/.local/lib/python3.6/site-packages/airflow/example_dags/plugins/workday.py for tasks to queue
[2022-06-16 15:05:05,714] {logging_mixin.py:109} INFO - [2022-06-16 15:05:05,714] {dagbag.py:500} INFO - Filling up the DagBag from /home/saba/.local/lib/python3.6/site-packages/airflow/example_dags/plugins/workday.py
[2022-06-16 15:05:05,718] {processor.py:654} WARNING - No viable dags retrieved from /home/saba/.local/lib/python3.6/site-packages/airflow/example_dags/plugins/workday.py
[2022-06-16 15:05:05,733] {processor.py:171} INFO - Processing /home/saba/.local/lib/python3.6/site-packages/airflow/example_dags/plugins/workday.py took 0.027 seconds
[2022-06-16 15:05:47,425] {processor.py:163} INFO - Started process (PID=13316) to work on /home/saba/.local/lib/python3.6/site-packages/airflow/example_dags/plugins/workday.py
[2022-06-16 15:05:47,429] {processor.py:642} INFO - Processing file /home/saba/.local/lib/python3.6/site-packages/airflow/example_dags/plugins/workday.py for tasks to queue
[2022-06-16 15:05:47,430] {logging_mixin.py:109} INFO - [2022-06-16 15:05:47,430] {dagbag.py:500} INFO - Filling up the DagBag from /home/saba/.local/lib/python3.6/site-packages/airflow/example_dags/plugins/workday.py
[2022-06-16 15:05:47,436] {processor.py:654} WARNING - No viable dags retrieved from /home/saba/.local/lib/python3.6/site-packages/airflow/example_dags/plugins/workday.py
[2022-06-16 15:05:47,455] {processor.py:171} INFO - Processing /home/saba/.local/lib/python3.6/site-packages/airflow/example_dags/plugins/workday.py took 0.038 seconds
[2022-06-16 15:06:30,249] {processor.py:163} INFO - Started process (PID=13697) to work on /home/saba/.local/lib/python3.6/site-packages/airflow/example_dags/plugins/workday.py
[2022-06-16 15:06:30,252] {processor.py:642} INFO - Processing file /home/saba/.local/lib/python3.6/site-packages/airflow/example_dags/plugins/workday.py for tasks to queue
[2022-06-16 15:06:30,253] {logging_mixin.py:109} INFO - [2022-06-16 15:06:30,253] {dagbag.py:500} INFO - Filling up the DagBag from /home/saba/.local/lib/python3.6/site-packages/airflow/example_dags/plugins/workday.py
[2022-06-16 15:06:30,258] {processor.py:654} WARNING - No viable dags retrieved from /home/saba/.local/lib/python3.6/site-packages/airflow/example_dags/plugins/workday.py
[2022-06-16 15:06:30,272] {processor.py:171} INFO - Processing /home/saba/.local/lib/python3.6/site-packages/airflow/example_dags/plugins/workday.py took 0.028 seconds
[2022-06-16 15:07:16,100] {processor.py:163} INFO - Started process (PID=13802) to work on /home/saba/.local/lib/python3.6/site-packages/airflow/example_dags/plugins/workday.py
[2022-06-16 15:07:16,115] {processor.py:642} INFO - Processing file /home/saba/.local/lib/python3.6/site-packages/airflow/example_dags/plugins/workday.py for tasks to queue
[2022-06-16 15:07:16,119] {logging_mixin.py:109} INFO - [2022-06-16 15:07:16,118] {dagbag.py:500} INFO - Filling up the DagBag from /home/saba/.local/lib/python3.6/site-packages/airflow/example_dags/plugins/workday.py
[2022-06-16 15:07:16,148] {processor.py:654} WARNING - No viable dags retrieved from /home/saba/.local/lib/python3.6/site-packages/airflow/example_dags/plugins/workday.py
[2022-06-16 15:07:16,228] {processor.py:171} INFO - Processing /home/saba/.local/lib/python3.6/site-packages/airflow/example_dags/plugins/workday.py took 0.161 seconds
[2022-06-16 15:07:58,340] {processor.py:163} INFO - Started process (PID=13962) to work on /home/saba/.local/lib/python3.6/site-packages/airflow/example_dags/plugins/workday.py
[2022-06-16 15:07:58,343] {processor.py:642} INFO - Processing file /home/saba/.local/lib/python3.6/site-packages/airflow/example_dags/plugins/workday.py for tasks to queue
[2022-06-16 15:07:58,344] {logging_mixin.py:109} INFO - [2022-06-16 15:07:58,344] {dagbag.py:500} INFO - Filling up the DagBag from /home/saba/.local/lib/python3.6/site-packages/airflow/example_dags/plugins/workday.py
[2022-06-16 15:07:58,347] {processor.py:654} WARNING - No viable dags retrieved from /home/saba/.local/lib/python3.6/site-packages/airflow/example_dags/plugins/workday.py
[2022-06-16 15:07:58,362] {processor.py:171} INFO - Processing /home/saba/.local/lib/python3.6/site-packages/airflow/example_dags/plugins/workday.py took 0.026 seconds
[2022-06-16 15:08:41,393] {processor.py:163} INFO - Started process (PID=14706) to work on /home/saba/.local/lib/python3.6/site-packages/airflow/example_dags/plugins/workday.py
[2022-06-16 15:08:41,396] {processor.py:642} INFO - Processing file /home/saba/.local/lib/python3.6/site-packages/airflow/example_dags/plugins/workday.py for tasks to queue
[2022-06-16 15:08:41,397] {logging_mixin.py:109} INFO - [2022-06-16 15:08:41,397] {dagbag.py:500} INFO - Filling up the DagBag from /home/saba/.local/lib/python3.6/site-packages/airflow/example_dags/plugins/workday.py
[2022-06-16 15:08:41,400] {processor.py:654} WARNING - No viable dags retrieved from /home/saba/.local/lib/python3.6/site-packages/airflow/example_dags/plugins/workday.py
[2022-06-16 15:08:41,410] {processor.py:171} INFO - Processing /home/saba/.local/lib/python3.6/site-packages/airflow/example_dags/plugins/workday.py took 0.021 seconds
[2022-06-16 15:09:21,123] {processor.py:163} INFO - Started process (PID=14857) to work on /home/saba/.local/lib/python3.6/site-packages/airflow/example_dags/plugins/workday.py
[2022-06-16 15:09:21,125] {processor.py:642} INFO - Processing file /home/saba/.local/lib/python3.6/site-packages/airflow/example_dags/plugins/workday.py for tasks to queue
[2022-06-16 15:09:21,126] {logging_mixin.py:109} INFO - [2022-06-16 15:09:21,126] {dagbag.py:500} INFO - Filling up the DagBag from /home/saba/.local/lib/python3.6/site-packages/airflow/example_dags/plugins/workday.py
[2022-06-16 15:09:21,130] {processor.py:654} WARNING - No viable dags retrieved from /home/saba/.local/lib/python3.6/site-packages/airflow/example_dags/plugins/workday.py
[2022-06-16 15:09:21,142] {processor.py:171} INFO - Processing /home/saba/.local/lib/python3.6/site-packages/airflow/example_dags/plugins/workday.py took 0.024 seconds
[2022-06-16 15:10:02,235] {processor.py:163} INFO - Started process (PID=15224) to work on /home/saba/.local/lib/python3.6/site-packages/airflow/example_dags/plugins/workday.py
[2022-06-16 15:10:02,237] {processor.py:642} INFO - Processing file /home/saba/.local/lib/python3.6/site-packages/airflow/example_dags/plugins/workday.py for tasks to queue
[2022-06-16 15:10:02,239] {logging_mixin.py:109} INFO - [2022-06-16 15:10:02,238] {dagbag.py:500} INFO - Filling up the DagBag from /home/saba/.local/lib/python3.6/site-packages/airflow/example_dags/plugins/workday.py
[2022-06-16 15:10:02,242] {processor.py:654} WARNING - No viable dags retrieved from /home/saba/.local/lib/python3.6/site-packages/airflow/example_dags/plugins/workday.py
[2022-06-16 15:10:02,258] {processor.py:171} INFO - Processing /home/saba/.local/lib/python3.6/site-packages/airflow/example_dags/plugins/workday.py took 0.028 seconds
[2022-06-16 15:10:44,639] {processor.py:163} INFO - Started process (PID=15631) to work on /home/saba/.local/lib/python3.6/site-packages/airflow/example_dags/plugins/workday.py
[2022-06-16 15:10:44,645] {processor.py:642} INFO - Processing file /home/saba/.local/lib/python3.6/site-packages/airflow/example_dags/plugins/workday.py for tasks to queue
[2022-06-16 15:10:44,648] {logging_mixin.py:109} INFO - [2022-06-16 15:10:44,647] {dagbag.py:500} INFO - Filling up the DagBag from /home/saba/.local/lib/python3.6/site-packages/airflow/example_dags/plugins/workday.py
[2022-06-16 15:10:44,655] {processor.py:654} WARNING - No viable dags retrieved from /home/saba/.local/lib/python3.6/site-packages/airflow/example_dags/plugins/workday.py
[2022-06-16 15:10:44,678] {processor.py:171} INFO - Processing /home/saba/.local/lib/python3.6/site-packages/airflow/example_dags/plugins/workday.py took 0.053 seconds
[2022-06-16 15:11:33,999] {processor.py:163} INFO - Started process (PID=15914) to work on /home/saba/.local/lib/python3.6/site-packages/airflow/example_dags/plugins/workday.py
[2022-06-16 15:11:34,003] {processor.py:642} INFO - Processing file /home/saba/.local/lib/python3.6/site-packages/airflow/example_dags/plugins/workday.py for tasks to queue
[2022-06-16 15:11:34,005] {logging_mixin.py:109} INFO - [2022-06-16 15:11:34,005] {dagbag.py:500} INFO - Filling up the DagBag from /home/saba/.local/lib/python3.6/site-packages/airflow/example_dags/plugins/workday.py
[2022-06-16 15:11:34,011] {processor.py:654} WARNING - No viable dags retrieved from /home/saba/.local/lib/python3.6/site-packages/airflow/example_dags/plugins/workday.py
[2022-06-16 15:11:34,036] {processor.py:171} INFO - Processing /home/saba/.local/lib/python3.6/site-packages/airflow/example_dags/plugins/workday.py took 0.044 seconds
[2022-06-16 15:12:20,778] {processor.py:163} INFO - Started process (PID=16371) to work on /home/saba/.local/lib/python3.6/site-packages/airflow/example_dags/plugins/workday.py
[2022-06-16 15:12:20,780] {processor.py:642} INFO - Processing file /home/saba/.local/lib/python3.6/site-packages/airflow/example_dags/plugins/workday.py for tasks to queue
[2022-06-16 15:12:20,781] {logging_mixin.py:109} INFO - [2022-06-16 15:12:20,781] {dagbag.py:500} INFO - Filling up the DagBag from /home/saba/.local/lib/python3.6/site-packages/airflow/example_dags/plugins/workday.py
[2022-06-16 15:12:20,784] {processor.py:654} WARNING - No viable dags retrieved from /home/saba/.local/lib/python3.6/site-packages/airflow/example_dags/plugins/workday.py
[2022-06-16 15:12:20,798] {processor.py:171} INFO - Processing /home/saba/.local/lib/python3.6/site-packages/airflow/example_dags/plugins/workday.py took 0.024 seconds
[2022-06-16 15:13:06,975] {processor.py:163} INFO - Started process (PID=16869) to work on /home/saba/.local/lib/python3.6/site-packages/airflow/example_dags/plugins/workday.py
[2022-06-16 15:13:06,977] {processor.py:642} INFO - Processing file /home/saba/.local/lib/python3.6/site-packages/airflow/example_dags/plugins/workday.py for tasks to queue
[2022-06-16 15:13:06,978] {logging_mixin.py:109} INFO - [2022-06-16 15:13:06,977] {dagbag.py:500} INFO - Filling up the DagBag from /home/saba/.local/lib/python3.6/site-packages/airflow/example_dags/plugins/workday.py
[2022-06-16 15:13:06,980] {processor.py:654} WARNING - No viable dags retrieved from /home/saba/.local/lib/python3.6/site-packages/airflow/example_dags/plugins/workday.py
[2022-06-16 15:13:06,991] {processor.py:171} INFO - Processing /home/saba/.local/lib/python3.6/site-packages/airflow/example_dags/plugins/workday.py took 0.020 seconds
[2022-06-16 15:13:49,026] {processor.py:163} INFO - Started process (PID=17204) to work on /home/saba/.local/lib/python3.6/site-packages/airflow/example_dags/plugins/workday.py
[2022-06-16 15:13:49,028] {processor.py:642} INFO - Processing file /home/saba/.local/lib/python3.6/site-packages/airflow/example_dags/plugins/workday.py for tasks to queue
[2022-06-16 15:13:49,029] {logging_mixin.py:109} INFO - [2022-06-16 15:13:49,029] {dagbag.py:500} INFO - Filling up the DagBag from /home/saba/.local/lib/python3.6/site-packages/airflow/example_dags/plugins/workday.py
[2022-06-16 15:13:49,033] {processor.py:654} WARNING - No viable dags retrieved from /home/saba/.local/lib/python3.6/site-packages/airflow/example_dags/plugins/workday.py
[2022-06-16 15:13:49,047] {processor.py:171} INFO - Processing /home/saba/.local/lib/python3.6/site-packages/airflow/example_dags/plugins/workday.py took 0.026 seconds
[2022-06-16 15:14:32,386] {processor.py:163} INFO - Started process (PID=17611) to work on /home/saba/.local/lib/python3.6/site-packages/airflow/example_dags/plugins/workday.py
[2022-06-16 15:14:32,388] {processor.py:642} INFO - Processing file /home/saba/.local/lib/python3.6/site-packages/airflow/example_dags/plugins/workday.py for tasks to queue
[2022-06-16 15:14:32,389] {logging_mixin.py:109} INFO - [2022-06-16 15:14:32,389] {dagbag.py:500} INFO - Filling up the DagBag from /home/saba/.local/lib/python3.6/site-packages/airflow/example_dags/plugins/workday.py
[2022-06-16 15:14:32,392] {processor.py:654} WARNING - No viable dags retrieved from /home/saba/.local/lib/python3.6/site-packages/airflow/example_dags/plugins/workday.py
[2022-06-16 15:14:32,405] {processor.py:171} INFO - Processing /home/saba/.local/lib/python3.6/site-packages/airflow/example_dags/plugins/workday.py took 0.024 seconds
[2022-06-16 15:15:13,181] {processor.py:163} INFO - Started process (PID=17901) to work on /home/saba/.local/lib/python3.6/site-packages/airflow/example_dags/plugins/workday.py
[2022-06-16 15:15:13,183] {processor.py:642} INFO - Processing file /home/saba/.local/lib/python3.6/site-packages/airflow/example_dags/plugins/workday.py for tasks to queue
[2022-06-16 15:15:13,184] {logging_mixin.py:109} INFO - [2022-06-16 15:15:13,183] {dagbag.py:500} INFO - Filling up the DagBag from /home/saba/.local/lib/python3.6/site-packages/airflow/example_dags/plugins/workday.py
[2022-06-16 15:15:13,187] {processor.py:654} WARNING - No viable dags retrieved from /home/saba/.local/lib/python3.6/site-packages/airflow/example_dags/plugins/workday.py
[2022-06-16 15:15:13,197] {processor.py:171} INFO - Processing /home/saba/.local/lib/python3.6/site-packages/airflow/example_dags/plugins/workday.py took 0.021 seconds
[2022-06-16 15:15:54,792] {processor.py:163} INFO - Started process (PID=17959) to work on /home/saba/.local/lib/python3.6/site-packages/airflow/example_dags/plugins/workday.py
[2022-06-16 15:15:54,796] {processor.py:642} INFO - Processing file /home/saba/.local/lib/python3.6/site-packages/airflow/example_dags/plugins/workday.py for tasks to queue
[2022-06-16 15:15:54,797] {logging_mixin.py:109} INFO - [2022-06-16 15:15:54,797] {dagbag.py:500} INFO - Filling up the DagBag from /home/saba/.local/lib/python3.6/site-packages/airflow/example_dags/plugins/workday.py
[2022-06-16 15:15:54,800] {processor.py:654} WARNING - No viable dags retrieved from /home/saba/.local/lib/python3.6/site-packages/airflow/example_dags/plugins/workday.py
[2022-06-16 15:15:54,813] {processor.py:171} INFO - Processing /home/saba/.local/lib/python3.6/site-packages/airflow/example_dags/plugins/workday.py took 0.025 seconds
[2022-06-16 15:16:34,869] {processor.py:163} INFO - Started process (PID=18322) to work on /home/saba/.local/lib/python3.6/site-packages/airflow/example_dags/plugins/workday.py
[2022-06-16 15:16:34,874] {processor.py:642} INFO - Processing file /home/saba/.local/lib/python3.6/site-packages/airflow/example_dags/plugins/workday.py for tasks to queue
[2022-06-16 15:16:34,876] {logging_mixin.py:109} INFO - [2022-06-16 15:16:34,876] {dagbag.py:500} INFO - Filling up the DagBag from /home/saba/.local/lib/python3.6/site-packages/airflow/example_dags/plugins/workday.py
[2022-06-16 15:16:34,882] {processor.py:654} WARNING - No viable dags retrieved from /home/saba/.local/lib/python3.6/site-packages/airflow/example_dags/plugins/workday.py
[2022-06-16 15:16:34,907] {processor.py:171} INFO - Processing /home/saba/.local/lib/python3.6/site-packages/airflow/example_dags/plugins/workday.py took 0.048 seconds
[2022-06-16 15:17:16,166] {processor.py:163} INFO - Started process (PID=18528) to work on /home/saba/.local/lib/python3.6/site-packages/airflow/example_dags/plugins/workday.py
[2022-06-16 15:17:16,176] {processor.py:642} INFO - Processing file /home/saba/.local/lib/python3.6/site-packages/airflow/example_dags/plugins/workday.py for tasks to queue
[2022-06-16 15:17:16,176] {logging_mixin.py:109} INFO - [2022-06-16 15:17:16,176] {dagbag.py:500} INFO - Filling up the DagBag from /home/saba/.local/lib/python3.6/site-packages/airflow/example_dags/plugins/workday.py
[2022-06-16 15:17:16,178] {processor.py:654} WARNING - No viable dags retrieved from /home/saba/.local/lib/python3.6/site-packages/airflow/example_dags/plugins/workday.py
[2022-06-16 15:17:16,187] {processor.py:171} INFO - Processing /home/saba/.local/lib/python3.6/site-packages/airflow/example_dags/plugins/workday.py took 0.024 seconds
[2022-06-16 15:17:55,751] {processor.py:163} INFO - Started process (PID=19262) to work on /home/saba/.local/lib/python3.6/site-packages/airflow/example_dags/plugins/workday.py
[2022-06-16 15:17:55,765] {processor.py:642} INFO - Processing file /home/saba/.local/lib/python3.6/site-packages/airflow/example_dags/plugins/workday.py for tasks to queue
[2022-06-16 15:17:55,767] {logging_mixin.py:109} INFO - [2022-06-16 15:17:55,767] {dagbag.py:500} INFO - Filling up the DagBag from /home/saba/.local/lib/python3.6/site-packages/airflow/example_dags/plugins/workday.py
[2022-06-16 15:17:55,779] {processor.py:654} WARNING - No viable dags retrieved from /home/saba/.local/lib/python3.6/site-packages/airflow/example_dags/plugins/workday.py
[2022-06-16 15:17:55,827] {processor.py:171} INFO - Processing /home/saba/.local/lib/python3.6/site-packages/airflow/example_dags/plugins/workday.py took 0.091 seconds
