[2022-06-14 19:26:58,156] {processor.py:163} INFO - Started process (PID=32541) to work on /home/saba/airflow_venv/airflow_venv/lib/python3.6/site-packages/airflow/example_dags/example_branch_datetime_operator.py
[2022-06-14 19:26:58,161] {processor.py:642} INFO - Processing file /home/saba/airflow_venv/airflow_venv/lib/python3.6/site-packages/airflow/example_dags/example_branch_datetime_operator.py for tasks to queue
[2022-06-14 19:26:58,175] {logging_mixin.py:109} INFO - [2022-06-14 19:26:58,171] {dagbag.py:500} INFO - Filling up the DagBag from /home/saba/airflow_venv/airflow_venv/lib/python3.6/site-packages/airflow/example_dags/example_branch_datetime_operator.py
[2022-06-14 19:26:58,389] {processor.py:652} INFO - DAG(s) dict_keys(['example_branch_datetime_operator_2']) retrieved from /home/saba/airflow_venv/airflow_venv/lib/python3.6/site-packages/airflow/example_dags/example_branch_datetime_operator.py
[2022-06-14 19:26:58,541] {logging_mixin.py:109} INFO - [2022-06-14 19:26:58,541] {dag.py:2398} INFO - Sync 1 DAGs
[2022-06-14 19:26:58,788] {logging_mixin.py:109} INFO - [2022-06-14 19:26:58,784] {dag.py:2937} INFO - Setting next_dagrun for example_branch_datetime_operator_2 to 2022-06-13 00:00:00+00:00
[2022-06-14 19:26:58,896] {processor.py:171} INFO - Processing /home/saba/airflow_venv/airflow_venv/lib/python3.6/site-packages/airflow/example_dags/example_branch_datetime_operator.py took 0.764 seconds
[2022-06-14 19:27:56,585] {processor.py:163} INFO - Started process (PID=32727) to work on /home/saba/airflow_venv/airflow_venv/lib/python3.6/site-packages/airflow/example_dags/example_branch_datetime_operator.py
[2022-06-14 19:27:56,589] {processor.py:642} INFO - Processing file /home/saba/airflow_venv/airflow_venv/lib/python3.6/site-packages/airflow/example_dags/example_branch_datetime_operator.py for tasks to queue
[2022-06-14 19:27:56,590] {logging_mixin.py:109} INFO - [2022-06-14 19:27:56,590] {dagbag.py:500} INFO - Filling up the DagBag from /home/saba/airflow_venv/airflow_venv/lib/python3.6/site-packages/airflow/example_dags/example_branch_datetime_operator.py
[2022-06-14 19:27:56,643] {processor.py:652} INFO - DAG(s) dict_keys(['example_branch_datetime_operator_2']) retrieved from /home/saba/airflow_venv/airflow_venv/lib/python3.6/site-packages/airflow/example_dags/example_branch_datetime_operator.py
[2022-06-14 19:27:56,698] {logging_mixin.py:109} INFO - [2022-06-14 19:27:56,698] {dag.py:2398} INFO - Sync 1 DAGs
[2022-06-14 19:27:56,751] {logging_mixin.py:109} INFO - [2022-06-14 19:27:56,750] {dag.py:2937} INFO - Setting next_dagrun for example_branch_datetime_operator_2 to 2022-06-13 00:00:00+00:00
[2022-06-14 19:27:56,789] {processor.py:171} INFO - Processing /home/saba/airflow_venv/airflow_venv/lib/python3.6/site-packages/airflow/example_dags/example_branch_datetime_operator.py took 0.211 seconds
[2022-06-14 19:28:43,907] {processor.py:163} INFO - Started process (PID=459) to work on /home/saba/airflow_venv/airflow_venv/lib/python3.6/site-packages/airflow/example_dags/example_branch_datetime_operator.py
[2022-06-14 19:28:43,911] {processor.py:642} INFO - Processing file /home/saba/airflow_venv/airflow_venv/lib/python3.6/site-packages/airflow/example_dags/example_branch_datetime_operator.py for tasks to queue
[2022-06-14 19:28:43,915] {logging_mixin.py:109} INFO - [2022-06-14 19:28:43,914] {dagbag.py:500} INFO - Filling up the DagBag from /home/saba/airflow_venv/airflow_venv/lib/python3.6/site-packages/airflow/example_dags/example_branch_datetime_operator.py
[2022-06-14 19:28:43,977] {processor.py:652} INFO - DAG(s) dict_keys(['example_branch_datetime_operator_2']) retrieved from /home/saba/airflow_venv/airflow_venv/lib/python3.6/site-packages/airflow/example_dags/example_branch_datetime_operator.py
[2022-06-14 19:28:44,035] {logging_mixin.py:109} INFO - [2022-06-14 19:28:44,034] {dag.py:2398} INFO - Sync 1 DAGs
[2022-06-14 19:28:44,095] {logging_mixin.py:109} INFO - [2022-06-14 19:28:44,095] {dag.py:2937} INFO - Setting next_dagrun for example_branch_datetime_operator_2 to 2022-06-13 00:00:00+00:00
[2022-06-14 19:28:44,143] {processor.py:171} INFO - Processing /home/saba/airflow_venv/airflow_venv/lib/python3.6/site-packages/airflow/example_dags/example_branch_datetime_operator.py took 0.246 seconds
[2022-06-14 19:30:13,788] {processor.py:163} INFO - Started process (PID=835) to work on /home/saba/airflow_venv/airflow_venv/lib/python3.6/site-packages/airflow/example_dags/example_branch_datetime_operator.py
[2022-06-14 19:30:13,795] {processor.py:642} INFO - Processing file /home/saba/airflow_venv/airflow_venv/lib/python3.6/site-packages/airflow/example_dags/example_branch_datetime_operator.py for tasks to queue
[2022-06-14 19:30:13,803] {logging_mixin.py:109} INFO - [2022-06-14 19:30:13,802] {dagbag.py:500} INFO - Filling up the DagBag from /home/saba/airflow_venv/airflow_venv/lib/python3.6/site-packages/airflow/example_dags/example_branch_datetime_operator.py
[2022-06-14 19:30:13,931] {processor.py:652} INFO - DAG(s) dict_keys(['example_branch_datetime_operator_2']) retrieved from /home/saba/airflow_venv/airflow_venv/lib/python3.6/site-packages/airflow/example_dags/example_branch_datetime_operator.py
[2022-06-14 19:30:14,021] {logging_mixin.py:109} INFO - [2022-06-14 19:30:14,021] {dag.py:2398} INFO - Sync 1 DAGs
[2022-06-14 19:30:14,136] {logging_mixin.py:109} INFO - [2022-06-14 19:30:14,136] {dag.py:2937} INFO - Setting next_dagrun for example_branch_datetime_operator_2 to 2022-06-13 00:00:00+00:00
[2022-06-14 19:30:14,207] {processor.py:171} INFO - Processing /home/saba/airflow_venv/airflow_venv/lib/python3.6/site-packages/airflow/example_dags/example_branch_datetime_operator.py took 0.441 seconds
[2022-06-14 19:32:21,488] {processor.py:163} INFO - Started process (PID=1963) to work on /home/saba/airflow_venv/airflow_venv/lib/python3.6/site-packages/airflow/example_dags/example_branch_datetime_operator.py
[2022-06-14 19:32:21,496] {processor.py:642} INFO - Processing file /home/saba/airflow_venv/airflow_venv/lib/python3.6/site-packages/airflow/example_dags/example_branch_datetime_operator.py for tasks to queue
[2022-06-14 19:32:21,499] {logging_mixin.py:109} INFO - [2022-06-14 19:32:21,499] {dagbag.py:500} INFO - Filling up the DagBag from /home/saba/airflow_venv/airflow_venv/lib/python3.6/site-packages/airflow/example_dags/example_branch_datetime_operator.py
[2022-06-14 19:32:21,602] {processor.py:652} INFO - DAG(s) dict_keys(['example_branch_datetime_operator_2']) retrieved from /home/saba/airflow_venv/airflow_venv/lib/python3.6/site-packages/airflow/example_dags/example_branch_datetime_operator.py
[2022-06-14 19:32:21,688] {logging_mixin.py:109} INFO - [2022-06-14 19:32:21,688] {dag.py:2398} INFO - Sync 1 DAGs
[2022-06-14 19:32:21,817] {logging_mixin.py:109} INFO - [2022-06-14 19:32:21,816] {dag.py:2937} INFO - Setting next_dagrun for example_branch_datetime_operator_2 to 2022-06-13 00:00:00+00:00
[2022-06-14 19:32:21,875] {processor.py:171} INFO - Processing /home/saba/airflow_venv/airflow_venv/lib/python3.6/site-packages/airflow/example_dags/example_branch_datetime_operator.py took 0.402 seconds
[2022-06-14 19:34:15,240] {processor.py:163} INFO - Started process (PID=2250) to work on /home/saba/airflow_venv/airflow_venv/lib/python3.6/site-packages/airflow/example_dags/example_branch_datetime_operator.py
[2022-06-14 19:34:15,246] {processor.py:642} INFO - Processing file /home/saba/airflow_venv/airflow_venv/lib/python3.6/site-packages/airflow/example_dags/example_branch_datetime_operator.py for tasks to queue
[2022-06-14 19:34:15,249] {logging_mixin.py:109} INFO - [2022-06-14 19:34:15,248] {dagbag.py:500} INFO - Filling up the DagBag from /home/saba/airflow_venv/airflow_venv/lib/python3.6/site-packages/airflow/example_dags/example_branch_datetime_operator.py
[2022-06-14 19:34:15,341] {processor.py:652} INFO - DAG(s) dict_keys(['example_branch_datetime_operator_2']) retrieved from /home/saba/airflow_venv/airflow_venv/lib/python3.6/site-packages/airflow/example_dags/example_branch_datetime_operator.py
[2022-06-14 19:34:15,429] {logging_mixin.py:109} INFO - [2022-06-14 19:34:15,428] {dag.py:2398} INFO - Sync 1 DAGs
[2022-06-14 19:34:15,567] {logging_mixin.py:109} INFO - [2022-06-14 19:34:15,566] {dag.py:2937} INFO - Setting next_dagrun for example_branch_datetime_operator_2 to 2022-06-13 00:00:00+00:00
[2022-06-14 19:34:15,639] {processor.py:171} INFO - Processing /home/saba/airflow_venv/airflow_venv/lib/python3.6/site-packages/airflow/example_dags/example_branch_datetime_operator.py took 0.421 seconds
[2022-06-14 19:35:19,780] {processor.py:163} INFO - Started process (PID=2382) to work on /home/saba/airflow_venv/airflow_venv/lib/python3.6/site-packages/airflow/example_dags/example_branch_datetime_operator.py
[2022-06-14 19:35:19,791] {processor.py:642} INFO - Processing file /home/saba/airflow_venv/airflow_venv/lib/python3.6/site-packages/airflow/example_dags/example_branch_datetime_operator.py for tasks to queue
[2022-06-14 19:35:19,794] {logging_mixin.py:109} INFO - [2022-06-14 19:35:19,793] {dagbag.py:500} INFO - Filling up the DagBag from /home/saba/airflow_venv/airflow_venv/lib/python3.6/site-packages/airflow/example_dags/example_branch_datetime_operator.py
[2022-06-14 19:35:19,881] {processor.py:652} INFO - DAG(s) dict_keys(['example_branch_datetime_operator_2']) retrieved from /home/saba/airflow_venv/airflow_venv/lib/python3.6/site-packages/airflow/example_dags/example_branch_datetime_operator.py
[2022-06-14 19:35:19,971] {logging_mixin.py:109} INFO - [2022-06-14 19:35:19,970] {dag.py:2398} INFO - Sync 1 DAGs
[2022-06-14 19:35:20,073] {logging_mixin.py:109} INFO - [2022-06-14 19:35:20,073] {dag.py:2937} INFO - Setting next_dagrun for example_branch_datetime_operator_2 to 2022-06-13 00:00:00+00:00
[2022-06-14 19:35:20,127] {processor.py:171} INFO - Processing /home/saba/airflow_venv/airflow_venv/lib/python3.6/site-packages/airflow/example_dags/example_branch_datetime_operator.py took 0.361 seconds
[2022-06-14 19:36:22,288] {processor.py:163} INFO - Started process (PID=2526) to work on /home/saba/airflow_venv/airflow_venv/lib/python3.6/site-packages/airflow/example_dags/example_branch_datetime_operator.py
[2022-06-14 19:36:22,297] {processor.py:642} INFO - Processing file /home/saba/airflow_venv/airflow_venv/lib/python3.6/site-packages/airflow/example_dags/example_branch_datetime_operator.py for tasks to queue
[2022-06-14 19:36:22,301] {logging_mixin.py:109} INFO - [2022-06-14 19:36:22,301] {dagbag.py:500} INFO - Filling up the DagBag from /home/saba/airflow_venv/airflow_venv/lib/python3.6/site-packages/airflow/example_dags/example_branch_datetime_operator.py
[2022-06-14 19:36:22,381] {processor.py:652} INFO - DAG(s) dict_keys(['example_branch_datetime_operator_2']) retrieved from /home/saba/airflow_venv/airflow_venv/lib/python3.6/site-packages/airflow/example_dags/example_branch_datetime_operator.py
[2022-06-14 19:36:22,463] {logging_mixin.py:109} INFO - [2022-06-14 19:36:22,462] {dag.py:2398} INFO - Sync 1 DAGs
[2022-06-14 19:36:22,568] {logging_mixin.py:109} INFO - [2022-06-14 19:36:22,567] {dag.py:2937} INFO - Setting next_dagrun for example_branch_datetime_operator_2 to 2022-06-13 00:00:00+00:00
[2022-06-14 19:36:22,630] {processor.py:171} INFO - Processing /home/saba/airflow_venv/airflow_venv/lib/python3.6/site-packages/airflow/example_dags/example_branch_datetime_operator.py took 0.356 seconds
[2022-06-14 19:47:02,551] {processor.py:163} INFO - Started process (PID=100) to work on /home/saba/airflow_venv/airflow_venv/lib/python3.6/site-packages/airflow/example_dags/example_branch_datetime_operator.py
[2022-06-14 19:47:02,554] {processor.py:642} INFO - Processing file /home/saba/airflow_venv/airflow_venv/lib/python3.6/site-packages/airflow/example_dags/example_branch_datetime_operator.py for tasks to queue
[2022-06-14 19:47:02,555] {logging_mixin.py:109} INFO - [2022-06-14 19:47:02,555] {dagbag.py:500} INFO - Filling up the DagBag from /home/saba/airflow_venv/airflow_venv/lib/python3.6/site-packages/airflow/example_dags/example_branch_datetime_operator.py
[2022-06-14 19:47:02,565] {processor.py:652} INFO - DAG(s) dict_keys(['example_branch_datetime_operator_2']) retrieved from /home/saba/airflow_venv/airflow_venv/lib/python3.6/site-packages/airflow/example_dags/example_branch_datetime_operator.py
[2022-06-14 19:47:02,574] {logging_mixin.py:109} INFO - [2022-06-14 19:47:02,574] {dag.py:2398} INFO - Sync 1 DAGs
[2022-06-14 19:47:02,589] {logging_mixin.py:109} INFO - [2022-06-14 19:47:02,589] {dag.py:2937} INFO - Setting next_dagrun for example_branch_datetime_operator_2 to 2022-06-13 00:00:00+00:00
[2022-06-14 19:47:02,606] {processor.py:171} INFO - Processing /home/saba/airflow_venv/airflow_venv/lib/python3.6/site-packages/airflow/example_dags/example_branch_datetime_operator.py took 0.057 seconds
[2022-06-14 19:47:45,720] {processor.py:163} INFO - Started process (PID=134) to work on /home/saba/airflow_venv/airflow_venv/lib/python3.6/site-packages/airflow/example_dags/example_branch_datetime_operator.py
[2022-06-14 19:47:45,722] {processor.py:642} INFO - Processing file /home/saba/airflow_venv/airflow_venv/lib/python3.6/site-packages/airflow/example_dags/example_branch_datetime_operator.py for tasks to queue
[2022-06-14 19:47:45,723] {logging_mixin.py:109} INFO - [2022-06-14 19:47:45,722] {dagbag.py:500} INFO - Filling up the DagBag from /home/saba/airflow_venv/airflow_venv/lib/python3.6/site-packages/airflow/example_dags/example_branch_datetime_operator.py
[2022-06-14 19:47:45,734] {processor.py:652} INFO - DAG(s) dict_keys(['example_branch_datetime_operator_2']) retrieved from /home/saba/airflow_venv/airflow_venv/lib/python3.6/site-packages/airflow/example_dags/example_branch_datetime_operator.py
[2022-06-14 19:47:45,745] {logging_mixin.py:109} INFO - [2022-06-14 19:47:45,745] {dag.py:2398} INFO - Sync 1 DAGs
[2022-06-14 19:47:45,758] {logging_mixin.py:109} INFO - [2022-06-14 19:47:45,758] {dag.py:2937} INFO - Setting next_dagrun for example_branch_datetime_operator_2 to 2022-06-13 00:00:00+00:00
[2022-06-14 19:47:45,773] {processor.py:171} INFO - Processing /home/saba/airflow_venv/airflow_venv/lib/python3.6/site-packages/airflow/example_dags/example_branch_datetime_operator.py took 0.055 seconds
[2022-06-14 19:48:52,202] {processor.py:163} INFO - Started process (PID=193) to work on /home/saba/airflow_venv/airflow_venv/lib/python3.6/site-packages/airflow/example_dags/example_branch_datetime_operator.py
[2022-06-14 19:48:52,204] {processor.py:642} INFO - Processing file /home/saba/airflow_venv/airflow_venv/lib/python3.6/site-packages/airflow/example_dags/example_branch_datetime_operator.py for tasks to queue
[2022-06-14 19:48:52,204] {logging_mixin.py:109} INFO - [2022-06-14 19:48:52,204] {dagbag.py:500} INFO - Filling up the DagBag from /home/saba/airflow_venv/airflow_venv/lib/python3.6/site-packages/airflow/example_dags/example_branch_datetime_operator.py
[2022-06-14 19:48:52,216] {processor.py:652} INFO - DAG(s) dict_keys(['example_branch_datetime_operator_2']) retrieved from /home/saba/airflow_venv/airflow_venv/lib/python3.6/site-packages/airflow/example_dags/example_branch_datetime_operator.py
[2022-06-14 19:48:52,227] {logging_mixin.py:109} INFO - [2022-06-14 19:48:52,227] {dag.py:2398} INFO - Sync 1 DAGs
[2022-06-14 19:48:52,238] {logging_mixin.py:109} INFO - [2022-06-14 19:48:52,238] {dag.py:2937} INFO - Setting next_dagrun for example_branch_datetime_operator_2 to 2022-06-13 00:00:00+00:00
[2022-06-14 19:48:52,254] {processor.py:171} INFO - Processing /home/saba/airflow_venv/airflow_venv/lib/python3.6/site-packages/airflow/example_dags/example_branch_datetime_operator.py took 0.054 seconds
[2022-06-14 19:49:56,444] {processor.py:163} INFO - Started process (PID=251) to work on /home/saba/airflow_venv/airflow_venv/lib/python3.6/site-packages/airflow/example_dags/example_branch_datetime_operator.py
[2022-06-14 19:49:56,454] {processor.py:642} INFO - Processing file /home/saba/airflow_venv/airflow_venv/lib/python3.6/site-packages/airflow/example_dags/example_branch_datetime_operator.py for tasks to queue
[2022-06-14 19:49:56,455] {logging_mixin.py:109} INFO - [2022-06-14 19:49:56,455] {dagbag.py:500} INFO - Filling up the DagBag from /home/saba/airflow_venv/airflow_venv/lib/python3.6/site-packages/airflow/example_dags/example_branch_datetime_operator.py
[2022-06-14 19:49:56,467] {processor.py:652} INFO - DAG(s) dict_keys(['example_branch_datetime_operator_2']) retrieved from /home/saba/airflow_venv/airflow_venv/lib/python3.6/site-packages/airflow/example_dags/example_branch_datetime_operator.py
[2022-06-14 19:49:56,479] {logging_mixin.py:109} INFO - [2022-06-14 19:49:56,479] {dag.py:2398} INFO - Sync 1 DAGs
[2022-06-14 19:49:56,491] {logging_mixin.py:109} INFO - [2022-06-14 19:49:56,491] {dag.py:2937} INFO - Setting next_dagrun for example_branch_datetime_operator_2 to 2022-06-13 00:00:00+00:00
[2022-06-14 19:49:56,507] {processor.py:171} INFO - Processing /home/saba/airflow_venv/airflow_venv/lib/python3.6/site-packages/airflow/example_dags/example_branch_datetime_operator.py took 0.065 seconds
[2022-06-14 19:50:59,562] {processor.py:163} INFO - Started process (PID=311) to work on /home/saba/airflow_venv/airflow_venv/lib/python3.6/site-packages/airflow/example_dags/example_branch_datetime_operator.py
[2022-06-14 19:50:59,572] {processor.py:642} INFO - Processing file /home/saba/airflow_venv/airflow_venv/lib/python3.6/site-packages/airflow/example_dags/example_branch_datetime_operator.py for tasks to queue
[2022-06-14 19:50:59,573] {logging_mixin.py:109} INFO - [2022-06-14 19:50:59,573] {dagbag.py:500} INFO - Filling up the DagBag from /home/saba/airflow_venv/airflow_venv/lib/python3.6/site-packages/airflow/example_dags/example_branch_datetime_operator.py
[2022-06-14 19:50:59,585] {processor.py:652} INFO - DAG(s) dict_keys(['example_branch_datetime_operator_2']) retrieved from /home/saba/airflow_venv/airflow_venv/lib/python3.6/site-packages/airflow/example_dags/example_branch_datetime_operator.py
[2022-06-14 19:50:59,595] {logging_mixin.py:109} INFO - [2022-06-14 19:50:59,595] {dag.py:2398} INFO - Sync 1 DAGs
[2022-06-14 19:50:59,607] {logging_mixin.py:109} INFO - [2022-06-14 19:50:59,607] {dag.py:2937} INFO - Setting next_dagrun for example_branch_datetime_operator_2 to 2022-06-13 00:00:00+00:00
[2022-06-14 19:50:59,623] {processor.py:171} INFO - Processing /home/saba/airflow_venv/airflow_venv/lib/python3.6/site-packages/airflow/example_dags/example_branch_datetime_operator.py took 0.062 seconds
[2022-06-14 19:52:00,815] {processor.py:163} INFO - Started process (PID=371) to work on /home/saba/airflow_venv/airflow_venv/lib/python3.6/site-packages/airflow/example_dags/example_branch_datetime_operator.py
[2022-06-14 19:52:00,817] {processor.py:642} INFO - Processing file /home/saba/airflow_venv/airflow_venv/lib/python3.6/site-packages/airflow/example_dags/example_branch_datetime_operator.py for tasks to queue
[2022-06-14 19:52:00,817] {logging_mixin.py:109} INFO - [2022-06-14 19:52:00,817] {dagbag.py:500} INFO - Filling up the DagBag from /home/saba/airflow_venv/airflow_venv/lib/python3.6/site-packages/airflow/example_dags/example_branch_datetime_operator.py
[2022-06-14 19:52:00,827] {processor.py:652} INFO - DAG(s) dict_keys(['example_branch_datetime_operator_2']) retrieved from /home/saba/airflow_venv/airflow_venv/lib/python3.6/site-packages/airflow/example_dags/example_branch_datetime_operator.py
[2022-06-14 19:52:00,838] {logging_mixin.py:109} INFO - [2022-06-14 19:52:00,838] {dag.py:2398} INFO - Sync 1 DAGs
[2022-06-14 19:52:00,849] {logging_mixin.py:109} INFO - [2022-06-14 19:52:00,849] {dag.py:2937} INFO - Setting next_dagrun for example_branch_datetime_operator_2 to 2022-06-13 00:00:00+00:00
[2022-06-14 19:52:00,864] {processor.py:171} INFO - Processing /home/saba/airflow_venv/airflow_venv/lib/python3.6/site-packages/airflow/example_dags/example_branch_datetime_operator.py took 0.050 seconds
[2022-06-14 19:53:00,850] {processor.py:163} INFO - Started process (PID=430) to work on /home/saba/airflow_venv/airflow_venv/lib/python3.6/site-packages/airflow/example_dags/example_branch_datetime_operator.py
[2022-06-14 19:53:00,851] {processor.py:642} INFO - Processing file /home/saba/airflow_venv/airflow_venv/lib/python3.6/site-packages/airflow/example_dags/example_branch_datetime_operator.py for tasks to queue
[2022-06-14 19:53:00,852] {logging_mixin.py:109} INFO - [2022-06-14 19:53:00,852] {dagbag.py:500} INFO - Filling up the DagBag from /home/saba/airflow_venv/airflow_venv/lib/python3.6/site-packages/airflow/example_dags/example_branch_datetime_operator.py
[2022-06-14 19:53:00,863] {processor.py:652} INFO - DAG(s) dict_keys(['example_branch_datetime_operator_2']) retrieved from /home/saba/airflow_venv/airflow_venv/lib/python3.6/site-packages/airflow/example_dags/example_branch_datetime_operator.py
[2022-06-14 19:53:00,872] {logging_mixin.py:109} INFO - [2022-06-14 19:53:00,872] {dag.py:2398} INFO - Sync 1 DAGs
[2022-06-14 19:53:00,883] {logging_mixin.py:109} INFO - [2022-06-14 19:53:00,883] {dag.py:2937} INFO - Setting next_dagrun for example_branch_datetime_operator_2 to 2022-06-13 00:00:00+00:00
[2022-06-14 19:53:00,899] {processor.py:171} INFO - Processing /home/saba/airflow_venv/airflow_venv/lib/python3.6/site-packages/airflow/example_dags/example_branch_datetime_operator.py took 0.051 seconds
[2022-06-14 19:54:02,018] {processor.py:163} INFO - Started process (PID=489) to work on /home/saba/airflow_venv/airflow_venv/lib/python3.6/site-packages/airflow/example_dags/example_branch_datetime_operator.py
[2022-06-14 19:54:02,020] {processor.py:642} INFO - Processing file /home/saba/airflow_venv/airflow_venv/lib/python3.6/site-packages/airflow/example_dags/example_branch_datetime_operator.py for tasks to queue
[2022-06-14 19:54:02,020] {logging_mixin.py:109} INFO - [2022-06-14 19:54:02,020] {dagbag.py:500} INFO - Filling up the DagBag from /home/saba/airflow_venv/airflow_venv/lib/python3.6/site-packages/airflow/example_dags/example_branch_datetime_operator.py
[2022-06-14 19:54:02,031] {processor.py:652} INFO - DAG(s) dict_keys(['example_branch_datetime_operator_2']) retrieved from /home/saba/airflow_venv/airflow_venv/lib/python3.6/site-packages/airflow/example_dags/example_branch_datetime_operator.py
[2022-06-14 19:54:02,041] {logging_mixin.py:109} INFO - [2022-06-14 19:54:02,041] {dag.py:2398} INFO - Sync 1 DAGs
[2022-06-14 19:54:02,053] {logging_mixin.py:109} INFO - [2022-06-14 19:54:02,053] {dag.py:2937} INFO - Setting next_dagrun for example_branch_datetime_operator_2 to 2022-06-13 00:00:00+00:00
[2022-06-14 19:54:02,069] {processor.py:171} INFO - Processing /home/saba/airflow_venv/airflow_venv/lib/python3.6/site-packages/airflow/example_dags/example_branch_datetime_operator.py took 0.053 seconds
[2022-06-14 19:55:04,023] {processor.py:163} INFO - Started process (PID=548) to work on /home/saba/airflow_venv/airflow_venv/lib/python3.6/site-packages/airflow/example_dags/example_branch_datetime_operator.py
[2022-06-14 19:55:04,025] {processor.py:642} INFO - Processing file /home/saba/airflow_venv/airflow_venv/lib/python3.6/site-packages/airflow/example_dags/example_branch_datetime_operator.py for tasks to queue
[2022-06-14 19:55:04,026] {logging_mixin.py:109} INFO - [2022-06-14 19:55:04,026] {dagbag.py:500} INFO - Filling up the DagBag from /home/saba/airflow_venv/airflow_venv/lib/python3.6/site-packages/airflow/example_dags/example_branch_datetime_operator.py
[2022-06-14 19:55:04,047] {processor.py:652} INFO - DAG(s) dict_keys(['example_branch_datetime_operator_2']) retrieved from /home/saba/airflow_venv/airflow_venv/lib/python3.6/site-packages/airflow/example_dags/example_branch_datetime_operator.py
[2022-06-14 19:55:04,066] {logging_mixin.py:109} INFO - [2022-06-14 19:55:04,066] {dag.py:2398} INFO - Sync 1 DAGs
[2022-06-14 19:55:04,089] {logging_mixin.py:109} INFO - [2022-06-14 19:55:04,089] {dag.py:2937} INFO - Setting next_dagrun for example_branch_datetime_operator_2 to 2022-06-13 00:00:00+00:00
[2022-06-14 19:55:04,115] {processor.py:171} INFO - Processing /home/saba/airflow_venv/airflow_venv/lib/python3.6/site-packages/airflow/example_dags/example_branch_datetime_operator.py took 0.095 seconds
[2022-06-14 19:56:06,105] {processor.py:163} INFO - Started process (PID=608) to work on /home/saba/airflow_venv/airflow_venv/lib/python3.6/site-packages/airflow/example_dags/example_branch_datetime_operator.py
[2022-06-14 19:56:06,115] {processor.py:642} INFO - Processing file /home/saba/airflow_venv/airflow_venv/lib/python3.6/site-packages/airflow/example_dags/example_branch_datetime_operator.py for tasks to queue
[2022-06-14 19:56:06,116] {logging_mixin.py:109} INFO - [2022-06-14 19:56:06,115] {dagbag.py:500} INFO - Filling up the DagBag from /home/saba/airflow_venv/airflow_venv/lib/python3.6/site-packages/airflow/example_dags/example_branch_datetime_operator.py
[2022-06-14 19:56:06,126] {processor.py:652} INFO - DAG(s) dict_keys(['example_branch_datetime_operator_2']) retrieved from /home/saba/airflow_venv/airflow_venv/lib/python3.6/site-packages/airflow/example_dags/example_branch_datetime_operator.py
[2022-06-14 19:56:06,135] {logging_mixin.py:109} INFO - [2022-06-14 19:56:06,135] {dag.py:2398} INFO - Sync 1 DAGs
[2022-06-14 19:56:06,147] {logging_mixin.py:109} INFO - [2022-06-14 19:56:06,147] {dag.py:2937} INFO - Setting next_dagrun for example_branch_datetime_operator_2 to 2022-06-13 00:00:00+00:00
[2022-06-14 19:56:06,162] {processor.py:171} INFO - Processing /home/saba/airflow_venv/airflow_venv/lib/python3.6/site-packages/airflow/example_dags/example_branch_datetime_operator.py took 0.060 seconds
[2022-06-14 19:57:08,622] {processor.py:163} INFO - Started process (PID=668) to work on /home/saba/airflow_venv/airflow_venv/lib/python3.6/site-packages/airflow/example_dags/example_branch_datetime_operator.py
[2022-06-14 19:57:08,624] {processor.py:642} INFO - Processing file /home/saba/airflow_venv/airflow_venv/lib/python3.6/site-packages/airflow/example_dags/example_branch_datetime_operator.py for tasks to queue
[2022-06-14 19:57:08,624] {logging_mixin.py:109} INFO - [2022-06-14 19:57:08,624] {dagbag.py:500} INFO - Filling up the DagBag from /home/saba/airflow_venv/airflow_venv/lib/python3.6/site-packages/airflow/example_dags/example_branch_datetime_operator.py
[2022-06-14 19:57:08,636] {processor.py:652} INFO - DAG(s) dict_keys(['example_branch_datetime_operator_2']) retrieved from /home/saba/airflow_venv/airflow_venv/lib/python3.6/site-packages/airflow/example_dags/example_branch_datetime_operator.py
[2022-06-14 19:57:08,644] {logging_mixin.py:109} INFO - [2022-06-14 19:57:08,644] {dag.py:2398} INFO - Sync 1 DAGs
[2022-06-14 19:57:08,657] {logging_mixin.py:109} INFO - [2022-06-14 19:57:08,656] {dag.py:2937} INFO - Setting next_dagrun for example_branch_datetime_operator_2 to 2022-06-13 00:00:00+00:00
[2022-06-14 19:57:08,672] {processor.py:171} INFO - Processing /home/saba/airflow_venv/airflow_venv/lib/python3.6/site-packages/airflow/example_dags/example_branch_datetime_operator.py took 0.051 seconds
[2022-06-14 19:58:10,831] {processor.py:163} INFO - Started process (PID=728) to work on /home/saba/airflow_venv/airflow_venv/lib/python3.6/site-packages/airflow/example_dags/example_branch_datetime_operator.py
[2022-06-14 19:58:10,832] {processor.py:642} INFO - Processing file /home/saba/airflow_venv/airflow_venv/lib/python3.6/site-packages/airflow/example_dags/example_branch_datetime_operator.py for tasks to queue
[2022-06-14 19:58:10,832] {logging_mixin.py:109} INFO - [2022-06-14 19:58:10,832] {dagbag.py:500} INFO - Filling up the DagBag from /home/saba/airflow_venv/airflow_venv/lib/python3.6/site-packages/airflow/example_dags/example_branch_datetime_operator.py
[2022-06-14 19:58:10,844] {processor.py:652} INFO - DAG(s) dict_keys(['example_branch_datetime_operator_2']) retrieved from /home/saba/airflow_venv/airflow_venv/lib/python3.6/site-packages/airflow/example_dags/example_branch_datetime_operator.py
[2022-06-14 19:58:10,853] {logging_mixin.py:109} INFO - [2022-06-14 19:58:10,853] {dag.py:2398} INFO - Sync 1 DAGs
[2022-06-14 19:58:10,865] {logging_mixin.py:109} INFO - [2022-06-14 19:58:10,865] {dag.py:2937} INFO - Setting next_dagrun for example_branch_datetime_operator_2 to 2022-06-13 00:00:00+00:00
[2022-06-14 19:58:10,880] {processor.py:171} INFO - Processing /home/saba/airflow_venv/airflow_venv/lib/python3.6/site-packages/airflow/example_dags/example_branch_datetime_operator.py took 0.052 seconds
[2022-06-14 19:59:12,028] {processor.py:163} INFO - Started process (PID=787) to work on /home/saba/airflow_venv/airflow_venv/lib/python3.6/site-packages/airflow/example_dags/example_branch_datetime_operator.py
[2022-06-14 19:59:12,040] {processor.py:642} INFO - Processing file /home/saba/airflow_venv/airflow_venv/lib/python3.6/site-packages/airflow/example_dags/example_branch_datetime_operator.py for tasks to queue
[2022-06-14 19:59:12,040] {logging_mixin.py:109} INFO - [2022-06-14 19:59:12,040] {dagbag.py:500} INFO - Filling up the DagBag from /home/saba/airflow_venv/airflow_venv/lib/python3.6/site-packages/airflow/example_dags/example_branch_datetime_operator.py
[2022-06-14 19:59:12,052] {processor.py:652} INFO - DAG(s) dict_keys(['example_branch_datetime_operator_2']) retrieved from /home/saba/airflow_venv/airflow_venv/lib/python3.6/site-packages/airflow/example_dags/example_branch_datetime_operator.py
[2022-06-14 19:59:12,061] {logging_mixin.py:109} INFO - [2022-06-14 19:59:12,061] {dag.py:2398} INFO - Sync 1 DAGs
[2022-06-14 19:59:12,073] {logging_mixin.py:109} INFO - [2022-06-14 19:59:12,073] {dag.py:2937} INFO - Setting next_dagrun for example_branch_datetime_operator_2 to 2022-06-13 00:00:00+00:00
[2022-06-14 19:59:12,088] {processor.py:171} INFO - Processing /home/saba/airflow_venv/airflow_venv/lib/python3.6/site-packages/airflow/example_dags/example_branch_datetime_operator.py took 0.061 seconds
[2022-06-14 20:00:15,131] {processor.py:163} INFO - Started process (PID=847) to work on /home/saba/airflow_venv/airflow_venv/lib/python3.6/site-packages/airflow/example_dags/example_branch_datetime_operator.py
[2022-06-14 20:00:15,133] {processor.py:642} INFO - Processing file /home/saba/airflow_venv/airflow_venv/lib/python3.6/site-packages/airflow/example_dags/example_branch_datetime_operator.py for tasks to queue
[2022-06-14 20:00:15,135] {logging_mixin.py:109} INFO - [2022-06-14 20:00:15,134] {dagbag.py:500} INFO - Filling up the DagBag from /home/saba/airflow_venv/airflow_venv/lib/python3.6/site-packages/airflow/example_dags/example_branch_datetime_operator.py
[2022-06-14 20:00:15,161] {processor.py:652} INFO - DAG(s) dict_keys(['example_branch_datetime_operator_2']) retrieved from /home/saba/airflow_venv/airflow_venv/lib/python3.6/site-packages/airflow/example_dags/example_branch_datetime_operator.py
[2022-06-14 20:00:15,186] {logging_mixin.py:109} INFO - [2022-06-14 20:00:15,186] {dag.py:2398} INFO - Sync 1 DAGs
[2022-06-14 20:00:15,211] {logging_mixin.py:109} INFO - [2022-06-14 20:00:15,210] {dag.py:2937} INFO - Setting next_dagrun for example_branch_datetime_operator_2 to 2022-06-13 00:00:00+00:00
[2022-06-14 20:00:15,234] {processor.py:171} INFO - Processing /home/saba/airflow_venv/airflow_venv/lib/python3.6/site-packages/airflow/example_dags/example_branch_datetime_operator.py took 0.106 seconds
[2022-06-14 20:01:18,523] {processor.py:163} INFO - Started process (PID=907) to work on /home/saba/airflow_venv/airflow_venv/lib/python3.6/site-packages/airflow/example_dags/example_branch_datetime_operator.py
[2022-06-14 20:01:18,524] {processor.py:642} INFO - Processing file /home/saba/airflow_venv/airflow_venv/lib/python3.6/site-packages/airflow/example_dags/example_branch_datetime_operator.py for tasks to queue
[2022-06-14 20:01:18,524] {logging_mixin.py:109} INFO - [2022-06-14 20:01:18,524] {dagbag.py:500} INFO - Filling up the DagBag from /home/saba/airflow_venv/airflow_venv/lib/python3.6/site-packages/airflow/example_dags/example_branch_datetime_operator.py
[2022-06-14 20:01:18,535] {processor.py:652} INFO - DAG(s) dict_keys(['example_branch_datetime_operator_2']) retrieved from /home/saba/airflow_venv/airflow_venv/lib/python3.6/site-packages/airflow/example_dags/example_branch_datetime_operator.py
[2022-06-14 20:01:18,546] {logging_mixin.py:109} INFO - [2022-06-14 20:01:18,546] {dag.py:2398} INFO - Sync 1 DAGs
[2022-06-14 20:01:18,557] {logging_mixin.py:109} INFO - [2022-06-14 20:01:18,557] {dag.py:2937} INFO - Setting next_dagrun for example_branch_datetime_operator_2 to 2022-06-13 00:00:00+00:00
[2022-06-14 20:01:18,615] {processor.py:171} INFO - Processing /home/saba/airflow_venv/airflow_venv/lib/python3.6/site-packages/airflow/example_dags/example_branch_datetime_operator.py took 0.094 seconds
[2022-06-14 20:02:25,625] {processor.py:163} INFO - Started process (PID=967) to work on /home/saba/airflow_venv/airflow_venv/lib/python3.6/site-packages/airflow/example_dags/example_branch_datetime_operator.py
[2022-06-14 20:02:25,626] {processor.py:642} INFO - Processing file /home/saba/airflow_venv/airflow_venv/lib/python3.6/site-packages/airflow/example_dags/example_branch_datetime_operator.py for tasks to queue
[2022-06-14 20:02:25,627] {logging_mixin.py:109} INFO - [2022-06-14 20:02:25,627] {dagbag.py:500} INFO - Filling up the DagBag from /home/saba/airflow_venv/airflow_venv/lib/python3.6/site-packages/airflow/example_dags/example_branch_datetime_operator.py
[2022-06-14 20:02:25,640] {processor.py:652} INFO - DAG(s) dict_keys(['example_branch_datetime_operator_2']) retrieved from /home/saba/airflow_venv/airflow_venv/lib/python3.6/site-packages/airflow/example_dags/example_branch_datetime_operator.py
[2022-06-14 20:02:25,651] {logging_mixin.py:109} INFO - [2022-06-14 20:02:25,651] {dag.py:2398} INFO - Sync 1 DAGs
[2022-06-14 20:02:25,705] {logging_mixin.py:109} INFO - [2022-06-14 20:02:25,705] {dag.py:2937} INFO - Setting next_dagrun for example_branch_datetime_operator_2 to 2022-06-13 00:00:00+00:00
[2022-06-14 20:02:25,721] {processor.py:171} INFO - Processing /home/saba/airflow_venv/airflow_venv/lib/python3.6/site-packages/airflow/example_dags/example_branch_datetime_operator.py took 0.098 seconds
[2022-06-14 20:03:31,406] {processor.py:163} INFO - Started process (PID=1027) to work on /home/saba/airflow_venv/airflow_venv/lib/python3.6/site-packages/airflow/example_dags/example_branch_datetime_operator.py
[2022-06-14 20:03:31,408] {processor.py:642} INFO - Processing file /home/saba/airflow_venv/airflow_venv/lib/python3.6/site-packages/airflow/example_dags/example_branch_datetime_operator.py for tasks to queue
[2022-06-14 20:03:31,408] {logging_mixin.py:109} INFO - [2022-06-14 20:03:31,408] {dagbag.py:500} INFO - Filling up the DagBag from /home/saba/airflow_venv/airflow_venv/lib/python3.6/site-packages/airflow/example_dags/example_branch_datetime_operator.py
[2022-06-14 20:03:31,419] {processor.py:652} INFO - DAG(s) dict_keys(['example_branch_datetime_operator_2']) retrieved from /home/saba/airflow_venv/airflow_venv/lib/python3.6/site-packages/airflow/example_dags/example_branch_datetime_operator.py
[2022-06-14 20:03:31,429] {logging_mixin.py:109} INFO - [2022-06-14 20:03:31,429] {dag.py:2398} INFO - Sync 1 DAGs
[2022-06-14 20:03:31,483] {logging_mixin.py:109} INFO - [2022-06-14 20:03:31,483] {dag.py:2937} INFO - Setting next_dagrun for example_branch_datetime_operator_2 to 2022-06-13 00:00:00+00:00
[2022-06-14 20:03:31,498] {processor.py:171} INFO - Processing /home/saba/airflow_venv/airflow_venv/lib/python3.6/site-packages/airflow/example_dags/example_branch_datetime_operator.py took 0.093 seconds
[2022-06-14 20:04:38,885] {processor.py:163} INFO - Started process (PID=1087) to work on /home/saba/airflow_venv/airflow_venv/lib/python3.6/site-packages/airflow/example_dags/example_branch_datetime_operator.py
[2022-06-14 20:04:38,888] {processor.py:642} INFO - Processing file /home/saba/airflow_venv/airflow_venv/lib/python3.6/site-packages/airflow/example_dags/example_branch_datetime_operator.py for tasks to queue
[2022-06-14 20:04:38,889] {logging_mixin.py:109} INFO - [2022-06-14 20:04:38,889] {dagbag.py:500} INFO - Filling up the DagBag from /home/saba/airflow_venv/airflow_venv/lib/python3.6/site-packages/airflow/example_dags/example_branch_datetime_operator.py
[2022-06-14 20:04:38,900] {processor.py:652} INFO - DAG(s) dict_keys(['example_branch_datetime_operator_2']) retrieved from /home/saba/airflow_venv/airflow_venv/lib/python3.6/site-packages/airflow/example_dags/example_branch_datetime_operator.py
[2022-06-14 20:04:38,959] {logging_mixin.py:109} INFO - [2022-06-14 20:04:38,958] {dag.py:2398} INFO - Sync 1 DAGs
[2022-06-14 20:04:38,969] {logging_mixin.py:109} INFO - [2022-06-14 20:04:38,969] {dag.py:2937} INFO - Setting next_dagrun for example_branch_datetime_operator_2 to 2022-06-13 00:00:00+00:00
[2022-06-14 20:04:38,986] {processor.py:171} INFO - Processing /home/saba/airflow_venv/airflow_venv/lib/python3.6/site-packages/airflow/example_dags/example_branch_datetime_operator.py took 0.103 seconds
[2022-06-14 20:05:41,356] {processor.py:163} INFO - Started process (PID=1146) to work on /home/saba/airflow_venv/airflow_venv/lib/python3.6/site-packages/airflow/example_dags/example_branch_datetime_operator.py
[2022-06-14 20:05:41,367] {processor.py:642} INFO - Processing file /home/saba/airflow_venv/airflow_venv/lib/python3.6/site-packages/airflow/example_dags/example_branch_datetime_operator.py for tasks to queue
[2022-06-14 20:05:41,368] {logging_mixin.py:109} INFO - [2022-06-14 20:05:41,367] {dagbag.py:500} INFO - Filling up the DagBag from /home/saba/airflow_venv/airflow_venv/lib/python3.6/site-packages/airflow/example_dags/example_branch_datetime_operator.py
[2022-06-14 20:05:41,425] {processor.py:652} INFO - DAG(s) dict_keys(['example_branch_datetime_operator_2']) retrieved from /home/saba/airflow_venv/airflow_venv/lib/python3.6/site-packages/airflow/example_dags/example_branch_datetime_operator.py
[2022-06-14 20:05:41,431] {logging_mixin.py:109} INFO - [2022-06-14 20:05:41,431] {dag.py:2398} INFO - Sync 1 DAGs
[2022-06-14 20:05:41,442] {logging_mixin.py:109} INFO - [2022-06-14 20:05:41,442] {dag.py:2937} INFO - Setting next_dagrun for example_branch_datetime_operator_2 to 2022-06-13 00:00:00+00:00
[2022-06-14 20:05:41,458] {processor.py:171} INFO - Processing /home/saba/airflow_venv/airflow_venv/lib/python3.6/site-packages/airflow/example_dags/example_branch_datetime_operator.py took 0.104 seconds
[2022-06-14 20:06:46,397] {processor.py:163} INFO - Started process (PID=1206) to work on /home/saba/airflow_venv/airflow_venv/lib/python3.6/site-packages/airflow/example_dags/example_branch_datetime_operator.py
[2022-06-14 20:06:46,399] {processor.py:642} INFO - Processing file /home/saba/airflow_venv/airflow_venv/lib/python3.6/site-packages/airflow/example_dags/example_branch_datetime_operator.py for tasks to queue
[2022-06-14 20:06:46,400] {logging_mixin.py:109} INFO - [2022-06-14 20:06:46,399] {dagbag.py:500} INFO - Filling up the DagBag from /home/saba/airflow_venv/airflow_venv/lib/python3.6/site-packages/airflow/example_dags/example_branch_datetime_operator.py
[2022-06-14 20:06:46,458] {processor.py:652} INFO - DAG(s) dict_keys(['example_branch_datetime_operator_2']) retrieved from /home/saba/airflow_venv/airflow_venv/lib/python3.6/site-packages/airflow/example_dags/example_branch_datetime_operator.py
[2022-06-14 20:06:46,465] {logging_mixin.py:109} INFO - [2022-06-14 20:06:46,465] {dag.py:2398} INFO - Sync 1 DAGs
[2022-06-14 20:06:46,474] {logging_mixin.py:109} INFO - [2022-06-14 20:06:46,474] {dag.py:2937} INFO - Setting next_dagrun for example_branch_datetime_operator_2 to 2022-06-13 00:00:00+00:00
[2022-06-14 20:06:46,489] {processor.py:171} INFO - Processing /home/saba/airflow_venv/airflow_venv/lib/python3.6/site-packages/airflow/example_dags/example_branch_datetime_operator.py took 0.094 seconds
[2022-06-14 20:07:49,634] {processor.py:163} INFO - Started process (PID=1266) to work on /home/saba/airflow_venv/airflow_venv/lib/python3.6/site-packages/airflow/example_dags/example_branch_datetime_operator.py
[2022-06-14 20:07:49,636] {processor.py:642} INFO - Processing file /home/saba/airflow_venv/airflow_venv/lib/python3.6/site-packages/airflow/example_dags/example_branch_datetime_operator.py for tasks to queue
[2022-06-14 20:07:49,636] {logging_mixin.py:109} INFO - [2022-06-14 20:07:49,636] {dagbag.py:500} INFO - Filling up the DagBag from /home/saba/airflow_venv/airflow_venv/lib/python3.6/site-packages/airflow/example_dags/example_branch_datetime_operator.py
[2022-06-14 20:07:49,648] {processor.py:652} INFO - DAG(s) dict_keys(['example_branch_datetime_operator_2']) retrieved from /home/saba/airflow_venv/airflow_venv/lib/python3.6/site-packages/airflow/example_dags/example_branch_datetime_operator.py
[2022-06-14 20:07:49,657] {logging_mixin.py:109} INFO - [2022-06-14 20:07:49,657] {dag.py:2398} INFO - Sync 1 DAGs
[2022-06-14 20:07:49,668] {logging_mixin.py:109} INFO - [2022-06-14 20:07:49,668] {dag.py:2937} INFO - Setting next_dagrun for example_branch_datetime_operator_2 to 2022-06-13 00:00:00+00:00
[2022-06-14 20:07:49,683] {processor.py:171} INFO - Processing /home/saba/airflow_venv/airflow_venv/lib/python3.6/site-packages/airflow/example_dags/example_branch_datetime_operator.py took 0.051 seconds
[2022-06-14 20:08:49,439] {processor.py:163} INFO - Started process (PID=1324) to work on /home/saba/airflow_venv/airflow_venv/lib/python3.6/site-packages/airflow/example_dags/example_branch_datetime_operator.py
[2022-06-14 20:08:49,449] {processor.py:642} INFO - Processing file /home/saba/airflow_venv/airflow_venv/lib/python3.6/site-packages/airflow/example_dags/example_branch_datetime_operator.py for tasks to queue
[2022-06-14 20:08:49,450] {logging_mixin.py:109} INFO - [2022-06-14 20:08:49,450] {dagbag.py:500} INFO - Filling up the DagBag from /home/saba/airflow_venv/airflow_venv/lib/python3.6/site-packages/airflow/example_dags/example_branch_datetime_operator.py
[2022-06-14 20:08:49,462] {processor.py:652} INFO - DAG(s) dict_keys(['example_branch_datetime_operator_2']) retrieved from /home/saba/airflow_venv/airflow_venv/lib/python3.6/site-packages/airflow/example_dags/example_branch_datetime_operator.py
[2022-06-14 20:08:49,471] {logging_mixin.py:109} INFO - [2022-06-14 20:08:49,471] {dag.py:2398} INFO - Sync 1 DAGs
[2022-06-14 20:08:49,483] {logging_mixin.py:109} INFO - [2022-06-14 20:08:49,483] {dag.py:2937} INFO - Setting next_dagrun for example_branch_datetime_operator_2 to 2022-06-13 00:00:00+00:00
[2022-06-14 20:08:49,498] {processor.py:171} INFO - Processing /home/saba/airflow_venv/airflow_venv/lib/python3.6/site-packages/airflow/example_dags/example_branch_datetime_operator.py took 0.062 seconds
[2022-06-14 20:09:48,481] {processor.py:163} INFO - Started process (PID=1383) to work on /home/saba/airflow_venv/airflow_venv/lib/python3.6/site-packages/airflow/example_dags/example_branch_datetime_operator.py
[2022-06-14 20:09:48,491] {processor.py:642} INFO - Processing file /home/saba/airflow_venv/airflow_venv/lib/python3.6/site-packages/airflow/example_dags/example_branch_datetime_operator.py for tasks to queue
[2022-06-14 20:09:48,492] {logging_mixin.py:109} INFO - [2022-06-14 20:09:48,491] {dagbag.py:500} INFO - Filling up the DagBag from /home/saba/airflow_venv/airflow_venv/lib/python3.6/site-packages/airflow/example_dags/example_branch_datetime_operator.py
[2022-06-14 20:09:48,504] {processor.py:652} INFO - DAG(s) dict_keys(['example_branch_datetime_operator_2']) retrieved from /home/saba/airflow_venv/airflow_venv/lib/python3.6/site-packages/airflow/example_dags/example_branch_datetime_operator.py
[2022-06-14 20:09:48,513] {logging_mixin.py:109} INFO - [2022-06-14 20:09:48,513] {dag.py:2398} INFO - Sync 1 DAGs
[2022-06-14 20:09:48,525] {logging_mixin.py:109} INFO - [2022-06-14 20:09:48,525] {dag.py:2937} INFO - Setting next_dagrun for example_branch_datetime_operator_2 to 2022-06-13 00:00:00+00:00
[2022-06-14 20:09:48,541] {processor.py:171} INFO - Processing /home/saba/airflow_venv/airflow_venv/lib/python3.6/site-packages/airflow/example_dags/example_branch_datetime_operator.py took 0.062 seconds
[2022-06-14 20:10:47,614] {processor.py:163} INFO - Started process (PID=1441) to work on /home/saba/airflow_venv/airflow_venv/lib/python3.6/site-packages/airflow/example_dags/example_branch_datetime_operator.py
[2022-06-14 20:10:47,625] {processor.py:642} INFO - Processing file /home/saba/airflow_venv/airflow_venv/lib/python3.6/site-packages/airflow/example_dags/example_branch_datetime_operator.py for tasks to queue
[2022-06-14 20:10:47,625] {logging_mixin.py:109} INFO - [2022-06-14 20:10:47,625] {dagbag.py:500} INFO - Filling up the DagBag from /home/saba/airflow_venv/airflow_venv/lib/python3.6/site-packages/airflow/example_dags/example_branch_datetime_operator.py
[2022-06-14 20:10:47,637] {processor.py:652} INFO - DAG(s) dict_keys(['example_branch_datetime_operator_2']) retrieved from /home/saba/airflow_venv/airflow_venv/lib/python3.6/site-packages/airflow/example_dags/example_branch_datetime_operator.py
[2022-06-14 20:10:47,647] {logging_mixin.py:109} INFO - [2022-06-14 20:10:47,647] {dag.py:2398} INFO - Sync 1 DAGs
[2022-06-14 20:10:47,659] {logging_mixin.py:109} INFO - [2022-06-14 20:10:47,659] {dag.py:2937} INFO - Setting next_dagrun for example_branch_datetime_operator_2 to 2022-06-13 00:00:00+00:00
[2022-06-14 20:10:47,675] {processor.py:171} INFO - Processing /home/saba/airflow_venv/airflow_venv/lib/python3.6/site-packages/airflow/example_dags/example_branch_datetime_operator.py took 0.064 seconds
[2022-06-14 20:11:48,438] {processor.py:163} INFO - Started process (PID=1501) to work on /home/saba/airflow_venv/airflow_venv/lib/python3.6/site-packages/airflow/example_dags/example_branch_datetime_operator.py
[2022-06-14 20:11:48,441] {processor.py:642} INFO - Processing file /home/saba/airflow_venv/airflow_venv/lib/python3.6/site-packages/airflow/example_dags/example_branch_datetime_operator.py for tasks to queue
[2022-06-14 20:11:48,442] {logging_mixin.py:109} INFO - [2022-06-14 20:11:48,442] {dagbag.py:500} INFO - Filling up the DagBag from /home/saba/airflow_venv/airflow_venv/lib/python3.6/site-packages/airflow/example_dags/example_branch_datetime_operator.py
[2022-06-14 20:11:48,454] {processor.py:652} INFO - DAG(s) dict_keys(['example_branch_datetime_operator_2']) retrieved from /home/saba/airflow_venv/airflow_venv/lib/python3.6/site-packages/airflow/example_dags/example_branch_datetime_operator.py
[2022-06-14 20:11:48,464] {logging_mixin.py:109} INFO - [2022-06-14 20:11:48,464] {dag.py:2398} INFO - Sync 1 DAGs
[2022-06-14 20:11:48,477] {logging_mixin.py:109} INFO - [2022-06-14 20:11:48,477] {dag.py:2937} INFO - Setting next_dagrun for example_branch_datetime_operator_2 to 2022-06-13 00:00:00+00:00
[2022-06-14 20:11:48,495] {processor.py:171} INFO - Processing /home/saba/airflow_venv/airflow_venv/lib/python3.6/site-packages/airflow/example_dags/example_branch_datetime_operator.py took 0.059 seconds
[2022-06-14 20:12:48,257] {processor.py:163} INFO - Started process (PID=1560) to work on /home/saba/airflow_venv/airflow_venv/lib/python3.6/site-packages/airflow/example_dags/example_branch_datetime_operator.py
[2022-06-14 20:12:48,258] {processor.py:642} INFO - Processing file /home/saba/airflow_venv/airflow_venv/lib/python3.6/site-packages/airflow/example_dags/example_branch_datetime_operator.py for tasks to queue
[2022-06-14 20:12:48,259] {logging_mixin.py:109} INFO - [2022-06-14 20:12:48,258] {dagbag.py:500} INFO - Filling up the DagBag from /home/saba/airflow_venv/airflow_venv/lib/python3.6/site-packages/airflow/example_dags/example_branch_datetime_operator.py
[2022-06-14 20:12:48,270] {processor.py:652} INFO - DAG(s) dict_keys(['example_branch_datetime_operator_2']) retrieved from /home/saba/airflow_venv/airflow_venv/lib/python3.6/site-packages/airflow/example_dags/example_branch_datetime_operator.py
[2022-06-14 20:12:48,280] {logging_mixin.py:109} INFO - [2022-06-14 20:12:48,279] {dag.py:2398} INFO - Sync 1 DAGs
[2022-06-14 20:12:48,291] {logging_mixin.py:109} INFO - [2022-06-14 20:12:48,291] {dag.py:2937} INFO - Setting next_dagrun for example_branch_datetime_operator_2 to 2022-06-13 00:00:00+00:00
[2022-06-14 20:12:48,307] {processor.py:171} INFO - Processing /home/saba/airflow_venv/airflow_venv/lib/python3.6/site-packages/airflow/example_dags/example_branch_datetime_operator.py took 0.052 seconds
[2022-06-14 20:13:48,675] {processor.py:163} INFO - Started process (PID=1619) to work on /home/saba/airflow_venv/airflow_venv/lib/python3.6/site-packages/airflow/example_dags/example_branch_datetime_operator.py
[2022-06-14 20:13:48,686] {processor.py:642} INFO - Processing file /home/saba/airflow_venv/airflow_venv/lib/python3.6/site-packages/airflow/example_dags/example_branch_datetime_operator.py for tasks to queue
[2022-06-14 20:13:48,687] {logging_mixin.py:109} INFO - [2022-06-14 20:13:48,687] {dagbag.py:500} INFO - Filling up the DagBag from /home/saba/airflow_venv/airflow_venv/lib/python3.6/site-packages/airflow/example_dags/example_branch_datetime_operator.py
[2022-06-14 20:13:48,700] {processor.py:652} INFO - DAG(s) dict_keys(['example_branch_datetime_operator_2']) retrieved from /home/saba/airflow_venv/airflow_venv/lib/python3.6/site-packages/airflow/example_dags/example_branch_datetime_operator.py
[2022-06-14 20:13:48,710] {logging_mixin.py:109} INFO - [2022-06-14 20:13:48,710] {dag.py:2398} INFO - Sync 1 DAGs
[2022-06-14 20:13:48,723] {logging_mixin.py:109} INFO - [2022-06-14 20:13:48,723] {dag.py:2937} INFO - Setting next_dagrun for example_branch_datetime_operator_2 to 2022-06-13 00:00:00+00:00
[2022-06-14 20:13:48,738] {processor.py:171} INFO - Processing /home/saba/airflow_venv/airflow_venv/lib/python3.6/site-packages/airflow/example_dags/example_branch_datetime_operator.py took 0.065 seconds
[2022-06-14 20:14:50,772] {processor.py:163} INFO - Started process (PID=1681) to work on /home/saba/airflow_venv/airflow_venv/lib/python3.6/site-packages/airflow/example_dags/example_branch_datetime_operator.py
[2022-06-14 20:14:50,774] {processor.py:642} INFO - Processing file /home/saba/airflow_venv/airflow_venv/lib/python3.6/site-packages/airflow/example_dags/example_branch_datetime_operator.py for tasks to queue
[2022-06-14 20:14:50,774] {logging_mixin.py:109} INFO - [2022-06-14 20:14:50,774] {dagbag.py:500} INFO - Filling up the DagBag from /home/saba/airflow_venv/airflow_venv/lib/python3.6/site-packages/airflow/example_dags/example_branch_datetime_operator.py
[2022-06-14 20:14:50,787] {processor.py:652} INFO - DAG(s) dict_keys(['example_branch_datetime_operator_2']) retrieved from /home/saba/airflow_venv/airflow_venv/lib/python3.6/site-packages/airflow/example_dags/example_branch_datetime_operator.py
[2022-06-14 20:14:50,797] {logging_mixin.py:109} INFO - [2022-06-14 20:14:50,797] {dag.py:2398} INFO - Sync 1 DAGs
[2022-06-14 20:14:50,808] {logging_mixin.py:109} INFO - [2022-06-14 20:14:50,808] {dag.py:2937} INFO - Setting next_dagrun for example_branch_datetime_operator_2 to 2022-06-13 00:00:00+00:00
[2022-06-14 20:14:50,824] {processor.py:171} INFO - Processing /home/saba/airflow_venv/airflow_venv/lib/python3.6/site-packages/airflow/example_dags/example_branch_datetime_operator.py took 0.053 seconds
[2022-06-14 20:15:54,668] {processor.py:163} INFO - Started process (PID=1741) to work on /home/saba/airflow_venv/airflow_venv/lib/python3.6/site-packages/airflow/example_dags/example_branch_datetime_operator.py
[2022-06-14 20:15:54,671] {processor.py:642} INFO - Processing file /home/saba/airflow_venv/airflow_venv/lib/python3.6/site-packages/airflow/example_dags/example_branch_datetime_operator.py for tasks to queue
[2022-06-14 20:15:54,672] {logging_mixin.py:109} INFO - [2022-06-14 20:15:54,672] {dagbag.py:500} INFO - Filling up the DagBag from /home/saba/airflow_venv/airflow_venv/lib/python3.6/site-packages/airflow/example_dags/example_branch_datetime_operator.py
[2022-06-14 20:15:54,708] {processor.py:652} INFO - DAG(s) dict_keys(['example_branch_datetime_operator_2']) retrieved from /home/saba/airflow_venv/airflow_venv/lib/python3.6/site-packages/airflow/example_dags/example_branch_datetime_operator.py
[2022-06-14 20:15:54,734] {logging_mixin.py:109} INFO - [2022-06-14 20:15:54,733] {dag.py:2398} INFO - Sync 1 DAGs
[2022-06-14 20:15:54,769] {logging_mixin.py:109} INFO - [2022-06-14 20:15:54,769] {dag.py:2937} INFO - Setting next_dagrun for example_branch_datetime_operator_2 to 2022-06-13 00:00:00+00:00
[2022-06-14 20:15:54,799] {processor.py:171} INFO - Processing /home/saba/airflow_venv/airflow_venv/lib/python3.6/site-packages/airflow/example_dags/example_branch_datetime_operator.py took 0.137 seconds
[2022-06-14 20:17:09,576] {processor.py:163} INFO - Started process (PID=1801) to work on /home/saba/airflow_venv/airflow_venv/lib/python3.6/site-packages/airflow/example_dags/example_branch_datetime_operator.py
[2022-06-14 20:17:09,587] {processor.py:642} INFO - Processing file /home/saba/airflow_venv/airflow_venv/lib/python3.6/site-packages/airflow/example_dags/example_branch_datetime_operator.py for tasks to queue
[2022-06-14 20:17:09,589] {logging_mixin.py:109} INFO - [2022-06-14 20:17:09,589] {dagbag.py:500} INFO - Filling up the DagBag from /home/saba/airflow_venv/airflow_venv/lib/python3.6/site-packages/airflow/example_dags/example_branch_datetime_operator.py
[2022-06-14 20:17:09,627] {processor.py:652} INFO - DAG(s) dict_keys(['example_branch_datetime_operator_2']) retrieved from /home/saba/airflow_venv/airflow_venv/lib/python3.6/site-packages/airflow/example_dags/example_branch_datetime_operator.py
[2022-06-14 20:17:09,655] {logging_mixin.py:109} INFO - [2022-06-14 20:17:09,655] {dag.py:2398} INFO - Sync 1 DAGs
[2022-06-14 20:17:09,688] {logging_mixin.py:109} INFO - [2022-06-14 20:17:09,687] {dag.py:2937} INFO - Setting next_dagrun for example_branch_datetime_operator_2 to 2022-06-13 00:00:00+00:00
[2022-06-14 20:17:09,717] {processor.py:171} INFO - Processing /home/saba/airflow_venv/airflow_venv/lib/python3.6/site-packages/airflow/example_dags/example_branch_datetime_operator.py took 0.146 seconds
[2022-06-14 20:18:24,886] {processor.py:163} INFO - Started process (PID=1862) to work on /home/saba/airflow_venv/airflow_venv/lib/python3.6/site-packages/airflow/example_dags/example_branch_datetime_operator.py
[2022-06-14 20:18:24,897] {processor.py:642} INFO - Processing file /home/saba/airflow_venv/airflow_venv/lib/python3.6/site-packages/airflow/example_dags/example_branch_datetime_operator.py for tasks to queue
[2022-06-14 20:18:24,898] {logging_mixin.py:109} INFO - [2022-06-14 20:18:24,898] {dagbag.py:500} INFO - Filling up the DagBag from /home/saba/airflow_venv/airflow_venv/lib/python3.6/site-packages/airflow/example_dags/example_branch_datetime_operator.py
[2022-06-14 20:18:24,935] {processor.py:652} INFO - DAG(s) dict_keys(['example_branch_datetime_operator_2']) retrieved from /home/saba/airflow_venv/airflow_venv/lib/python3.6/site-packages/airflow/example_dags/example_branch_datetime_operator.py
[2022-06-14 20:18:24,959] {logging_mixin.py:109} INFO - [2022-06-14 20:18:24,959] {dag.py:2398} INFO - Sync 1 DAGs
[2022-06-14 20:18:24,994] {logging_mixin.py:109} INFO - [2022-06-14 20:18:24,994] {dag.py:2937} INFO - Setting next_dagrun for example_branch_datetime_operator_2 to 2022-06-13 00:00:00+00:00
[2022-06-14 20:18:25,015] {processor.py:171} INFO - Processing /home/saba/airflow_venv/airflow_venv/lib/python3.6/site-packages/airflow/example_dags/example_branch_datetime_operator.py took 0.136 seconds
[2022-06-14 20:19:40,646] {processor.py:163} INFO - Started process (PID=1923) to work on /home/saba/airflow_venv/airflow_venv/lib/python3.6/site-packages/airflow/example_dags/example_branch_datetime_operator.py
[2022-06-14 20:19:40,649] {processor.py:642} INFO - Processing file /home/saba/airflow_venv/airflow_venv/lib/python3.6/site-packages/airflow/example_dags/example_branch_datetime_operator.py for tasks to queue
[2022-06-14 20:19:40,651] {logging_mixin.py:109} INFO - [2022-06-14 20:19:40,651] {dagbag.py:500} INFO - Filling up the DagBag from /home/saba/airflow_venv/airflow_venv/lib/python3.6/site-packages/airflow/example_dags/example_branch_datetime_operator.py
[2022-06-14 20:19:40,684] {processor.py:652} INFO - DAG(s) dict_keys(['example_branch_datetime_operator_2']) retrieved from /home/saba/airflow_venv/airflow_venv/lib/python3.6/site-packages/airflow/example_dags/example_branch_datetime_operator.py
[2022-06-14 20:19:40,708] {logging_mixin.py:109} INFO - [2022-06-14 20:19:40,708] {dag.py:2398} INFO - Sync 1 DAGs
[2022-06-14 20:19:40,745] {logging_mixin.py:109} INFO - [2022-06-14 20:19:40,745] {dag.py:2937} INFO - Setting next_dagrun for example_branch_datetime_operator_2 to 2022-06-13 00:00:00+00:00
[2022-06-14 20:19:40,775] {processor.py:171} INFO - Processing /home/saba/airflow_venv/airflow_venv/lib/python3.6/site-packages/airflow/example_dags/example_branch_datetime_operator.py took 0.136 seconds
[2022-06-14 20:20:57,899] {processor.py:163} INFO - Started process (PID=1984) to work on /home/saba/airflow_venv/airflow_venv/lib/python3.6/site-packages/airflow/example_dags/example_branch_datetime_operator.py
[2022-06-14 20:20:57,911] {processor.py:642} INFO - Processing file /home/saba/airflow_venv/airflow_venv/lib/python3.6/site-packages/airflow/example_dags/example_branch_datetime_operator.py for tasks to queue
[2022-06-14 20:20:57,913] {logging_mixin.py:109} INFO - [2022-06-14 20:20:57,912] {dagbag.py:500} INFO - Filling up the DagBag from /home/saba/airflow_venv/airflow_venv/lib/python3.6/site-packages/airflow/example_dags/example_branch_datetime_operator.py
[2022-06-14 20:20:57,945] {processor.py:652} INFO - DAG(s) dict_keys(['example_branch_datetime_operator_2']) retrieved from /home/saba/airflow_venv/airflow_venv/lib/python3.6/site-packages/airflow/example_dags/example_branch_datetime_operator.py
[2022-06-14 20:20:57,968] {logging_mixin.py:109} INFO - [2022-06-14 20:20:57,968] {dag.py:2398} INFO - Sync 1 DAGs
[2022-06-14 20:20:58,011] {logging_mixin.py:109} INFO - [2022-06-14 20:20:58,010] {dag.py:2937} INFO - Setting next_dagrun for example_branch_datetime_operator_2 to 2022-06-13 00:00:00+00:00
[2022-06-14 20:20:58,033] {processor.py:171} INFO - Processing /home/saba/airflow_venv/airflow_venv/lib/python3.6/site-packages/airflow/example_dags/example_branch_datetime_operator.py took 0.141 seconds
[2022-06-14 20:22:12,828] {processor.py:163} INFO - Started process (PID=2045) to work on /home/saba/airflow_venv/airflow_venv/lib/python3.6/site-packages/airflow/example_dags/example_branch_datetime_operator.py
[2022-06-14 20:22:12,840] {processor.py:642} INFO - Processing file /home/saba/airflow_venv/airflow_venv/lib/python3.6/site-packages/airflow/example_dags/example_branch_datetime_operator.py for tasks to queue
[2022-06-14 20:22:12,843] {logging_mixin.py:109} INFO - [2022-06-14 20:22:12,842] {dagbag.py:500} INFO - Filling up the DagBag from /home/saba/airflow_venv/airflow_venv/lib/python3.6/site-packages/airflow/example_dags/example_branch_datetime_operator.py
[2022-06-14 20:22:12,872] {processor.py:652} INFO - DAG(s) dict_keys(['example_branch_datetime_operator_2']) retrieved from /home/saba/airflow_venv/airflow_venv/lib/python3.6/site-packages/airflow/example_dags/example_branch_datetime_operator.py
[2022-06-14 20:22:12,894] {logging_mixin.py:109} INFO - [2022-06-14 20:22:12,893] {dag.py:2398} INFO - Sync 1 DAGs
[2022-06-14 20:22:12,928] {logging_mixin.py:109} INFO - [2022-06-14 20:22:12,928] {dag.py:2937} INFO - Setting next_dagrun for example_branch_datetime_operator_2 to 2022-06-13 00:00:00+00:00
[2022-06-14 20:22:12,961] {processor.py:171} INFO - Processing /home/saba/airflow_venv/airflow_venv/lib/python3.6/site-packages/airflow/example_dags/example_branch_datetime_operator.py took 0.136 seconds
[2022-06-14 20:23:28,634] {processor.py:163} INFO - Started process (PID=2106) to work on /home/saba/airflow_venv/airflow_venv/lib/python3.6/site-packages/airflow/example_dags/example_branch_datetime_operator.py
[2022-06-14 20:23:28,646] {processor.py:642} INFO - Processing file /home/saba/airflow_venv/airflow_venv/lib/python3.6/site-packages/airflow/example_dags/example_branch_datetime_operator.py for tasks to queue
[2022-06-14 20:23:28,648] {logging_mixin.py:109} INFO - [2022-06-14 20:23:28,647] {dagbag.py:500} INFO - Filling up the DagBag from /home/saba/airflow_venv/airflow_venv/lib/python3.6/site-packages/airflow/example_dags/example_branch_datetime_operator.py
[2022-06-14 20:23:28,680] {processor.py:652} INFO - DAG(s) dict_keys(['example_branch_datetime_operator_2']) retrieved from /home/saba/airflow_venv/airflow_venv/lib/python3.6/site-packages/airflow/example_dags/example_branch_datetime_operator.py
[2022-06-14 20:23:28,708] {logging_mixin.py:109} INFO - [2022-06-14 20:23:28,708] {dag.py:2398} INFO - Sync 1 DAGs
[2022-06-14 20:23:28,739] {logging_mixin.py:109} INFO - [2022-06-14 20:23:28,739] {dag.py:2937} INFO - Setting next_dagrun for example_branch_datetime_operator_2 to 2022-06-13 00:00:00+00:00
[2022-06-14 20:23:28,765] {processor.py:171} INFO - Processing /home/saba/airflow_venv/airflow_venv/lib/python3.6/site-packages/airflow/example_dags/example_branch_datetime_operator.py took 0.137 seconds
[2022-06-14 20:24:44,890] {processor.py:163} INFO - Started process (PID=2167) to work on /home/saba/airflow_venv/airflow_venv/lib/python3.6/site-packages/airflow/example_dags/example_branch_datetime_operator.py
[2022-06-14 20:24:44,894] {processor.py:642} INFO - Processing file /home/saba/airflow_venv/airflow_venv/lib/python3.6/site-packages/airflow/example_dags/example_branch_datetime_operator.py for tasks to queue
[2022-06-14 20:24:44,896] {logging_mixin.py:109} INFO - [2022-06-14 20:24:44,896] {dagbag.py:500} INFO - Filling up the DagBag from /home/saba/airflow_venv/airflow_venv/lib/python3.6/site-packages/airflow/example_dags/example_branch_datetime_operator.py
[2022-06-14 20:24:44,922] {processor.py:652} INFO - DAG(s) dict_keys(['example_branch_datetime_operator_2']) retrieved from /home/saba/airflow_venv/airflow_venv/lib/python3.6/site-packages/airflow/example_dags/example_branch_datetime_operator.py
[2022-06-14 20:24:44,952] {logging_mixin.py:109} INFO - [2022-06-14 20:24:44,952] {dag.py:2398} INFO - Sync 1 DAGs
[2022-06-14 20:24:44,986] {logging_mixin.py:109} INFO - [2022-06-14 20:24:44,986] {dag.py:2937} INFO - Setting next_dagrun for example_branch_datetime_operator_2 to 2022-06-13 00:00:00+00:00
[2022-06-14 20:24:45,013] {processor.py:171} INFO - Processing /home/saba/airflow_venv/airflow_venv/lib/python3.6/site-packages/airflow/example_dags/example_branch_datetime_operator.py took 0.128 seconds
[2022-06-14 20:25:58,436] {processor.py:163} INFO - Started process (PID=2228) to work on /home/saba/airflow_venv/airflow_venv/lib/python3.6/site-packages/airflow/example_dags/example_branch_datetime_operator.py
[2022-06-14 20:25:58,447] {processor.py:642} INFO - Processing file /home/saba/airflow_venv/airflow_venv/lib/python3.6/site-packages/airflow/example_dags/example_branch_datetime_operator.py for tasks to queue
[2022-06-14 20:25:58,449] {logging_mixin.py:109} INFO - [2022-06-14 20:25:58,449] {dagbag.py:500} INFO - Filling up the DagBag from /home/saba/airflow_venv/airflow_venv/lib/python3.6/site-packages/airflow/example_dags/example_branch_datetime_operator.py
[2022-06-14 20:25:58,475] {processor.py:652} INFO - DAG(s) dict_keys(['example_branch_datetime_operator_2']) retrieved from /home/saba/airflow_venv/airflow_venv/lib/python3.6/site-packages/airflow/example_dags/example_branch_datetime_operator.py
[2022-06-14 20:25:58,499] {logging_mixin.py:109} INFO - [2022-06-14 20:25:58,499] {dag.py:2398} INFO - Sync 1 DAGs
[2022-06-14 20:25:58,531] {logging_mixin.py:109} INFO - [2022-06-14 20:25:58,531] {dag.py:2937} INFO - Setting next_dagrun for example_branch_datetime_operator_2 to 2022-06-13 00:00:00+00:00
[2022-06-14 20:25:58,556] {processor.py:171} INFO - Processing /home/saba/airflow_venv/airflow_venv/lib/python3.6/site-packages/airflow/example_dags/example_branch_datetime_operator.py took 0.128 seconds
[2022-06-14 20:27:14,400] {processor.py:163} INFO - Started process (PID=2289) to work on /home/saba/airflow_venv/airflow_venv/lib/python3.6/site-packages/airflow/example_dags/example_branch_datetime_operator.py
[2022-06-14 20:27:14,405] {processor.py:642} INFO - Processing file /home/saba/airflow_venv/airflow_venv/lib/python3.6/site-packages/airflow/example_dags/example_branch_datetime_operator.py for tasks to queue
[2022-06-14 20:27:14,407] {logging_mixin.py:109} INFO - [2022-06-14 20:27:14,406] {dagbag.py:500} INFO - Filling up the DagBag from /home/saba/airflow_venv/airflow_venv/lib/python3.6/site-packages/airflow/example_dags/example_branch_datetime_operator.py
[2022-06-14 20:27:14,443] {processor.py:652} INFO - DAG(s) dict_keys(['example_branch_datetime_operator_2']) retrieved from /home/saba/airflow_venv/airflow_venv/lib/python3.6/site-packages/airflow/example_dags/example_branch_datetime_operator.py
[2022-06-14 20:27:14,472] {logging_mixin.py:109} INFO - [2022-06-14 20:27:14,472] {dag.py:2398} INFO - Sync 1 DAGs
[2022-06-14 20:27:14,508] {logging_mixin.py:109} INFO - [2022-06-14 20:27:14,508] {dag.py:2937} INFO - Setting next_dagrun for example_branch_datetime_operator_2 to 2022-06-13 00:00:00+00:00
[2022-06-14 20:27:14,536] {processor.py:171} INFO - Processing /home/saba/airflow_venv/airflow_venv/lib/python3.6/site-packages/airflow/example_dags/example_branch_datetime_operator.py took 0.140 seconds
[2022-06-14 20:28:31,077] {processor.py:163} INFO - Started process (PID=2350) to work on /home/saba/airflow_venv/airflow_venv/lib/python3.6/site-packages/airflow/example_dags/example_branch_datetime_operator.py
[2022-06-14 20:28:31,078] {processor.py:642} INFO - Processing file /home/saba/airflow_venv/airflow_venv/lib/python3.6/site-packages/airflow/example_dags/example_branch_datetime_operator.py for tasks to queue
[2022-06-14 20:28:31,079] {logging_mixin.py:109} INFO - [2022-06-14 20:28:31,079] {dagbag.py:500} INFO - Filling up the DagBag from /home/saba/airflow_venv/airflow_venv/lib/python3.6/site-packages/airflow/example_dags/example_branch_datetime_operator.py
[2022-06-14 20:28:31,108] {processor.py:652} INFO - DAG(s) dict_keys(['example_branch_datetime_operator_2']) retrieved from /home/saba/airflow_venv/airflow_venv/lib/python3.6/site-packages/airflow/example_dags/example_branch_datetime_operator.py
[2022-06-14 20:28:31,132] {logging_mixin.py:109} INFO - [2022-06-14 20:28:31,132] {dag.py:2398} INFO - Sync 1 DAGs
[2022-06-14 20:28:31,160] {logging_mixin.py:109} INFO - [2022-06-14 20:28:31,160] {dag.py:2937} INFO - Setting next_dagrun for example_branch_datetime_operator_2 to 2022-06-13 00:00:00+00:00
[2022-06-14 20:28:31,180] {processor.py:171} INFO - Processing /home/saba/airflow_venv/airflow_venv/lib/python3.6/site-packages/airflow/example_dags/example_branch_datetime_operator.py took 0.109 seconds
[2022-06-14 20:29:47,502] {processor.py:163} INFO - Started process (PID=2411) to work on /home/saba/airflow_venv/airflow_venv/lib/python3.6/site-packages/airflow/example_dags/example_branch_datetime_operator.py
[2022-06-14 20:29:47,512] {processor.py:642} INFO - Processing file /home/saba/airflow_venv/airflow_venv/lib/python3.6/site-packages/airflow/example_dags/example_branch_datetime_operator.py for tasks to queue
[2022-06-14 20:29:47,513] {logging_mixin.py:109} INFO - [2022-06-14 20:29:47,513] {dagbag.py:500} INFO - Filling up the DagBag from /home/saba/airflow_venv/airflow_venv/lib/python3.6/site-packages/airflow/example_dags/example_branch_datetime_operator.py
[2022-06-14 20:29:47,548] {processor.py:652} INFO - DAG(s) dict_keys(['example_branch_datetime_operator_2']) retrieved from /home/saba/airflow_venv/airflow_venv/lib/python3.6/site-packages/airflow/example_dags/example_branch_datetime_operator.py
[2022-06-14 20:29:47,564] {logging_mixin.py:109} INFO - [2022-06-14 20:29:47,564] {dag.py:2398} INFO - Sync 1 DAGs
[2022-06-14 20:29:47,595] {logging_mixin.py:109} INFO - [2022-06-14 20:29:47,595] {dag.py:2937} INFO - Setting next_dagrun for example_branch_datetime_operator_2 to 2022-06-13 00:00:00+00:00
[2022-06-14 20:29:47,620] {processor.py:171} INFO - Processing /home/saba/airflow_venv/airflow_venv/lib/python3.6/site-packages/airflow/example_dags/example_branch_datetime_operator.py took 0.122 seconds
[2022-06-14 20:30:55,239] {processor.py:163} INFO - Started process (PID=2474) to work on /home/saba/airflow_venv/airflow_venv/lib/python3.6/site-packages/airflow/example_dags/example_branch_datetime_operator.py
[2022-06-14 20:30:55,249] {processor.py:642} INFO - Processing file /home/saba/airflow_venv/airflow_venv/lib/python3.6/site-packages/airflow/example_dags/example_branch_datetime_operator.py for tasks to queue
[2022-06-14 20:30:55,250] {logging_mixin.py:109} INFO - [2022-06-14 20:30:55,250] {dagbag.py:500} INFO - Filling up the DagBag from /home/saba/airflow_venv/airflow_venv/lib/python3.6/site-packages/airflow/example_dags/example_branch_datetime_operator.py
[2022-06-14 20:30:55,261] {processor.py:652} INFO - DAG(s) dict_keys(['example_branch_datetime_operator_2']) retrieved from /home/saba/airflow_venv/airflow_venv/lib/python3.6/site-packages/airflow/example_dags/example_branch_datetime_operator.py
[2022-06-14 20:30:55,271] {logging_mixin.py:109} INFO - [2022-06-14 20:30:55,271] {dag.py:2398} INFO - Sync 1 DAGs
[2022-06-14 20:30:55,283] {logging_mixin.py:109} INFO - [2022-06-14 20:30:55,283] {dag.py:2937} INFO - Setting next_dagrun for example_branch_datetime_operator_2 to 2022-06-13 00:00:00+00:00
[2022-06-14 20:30:55,302] {processor.py:171} INFO - Processing /home/saba/airflow_venv/airflow_venv/lib/python3.6/site-packages/airflow/example_dags/example_branch_datetime_operator.py took 0.064 seconds
[2022-06-14 20:31:55,904] {processor.py:163} INFO - Started process (PID=2534) to work on /home/saba/airflow_venv/airflow_venv/lib/python3.6/site-packages/airflow/example_dags/example_branch_datetime_operator.py
[2022-06-14 20:31:55,915] {processor.py:642} INFO - Processing file /home/saba/airflow_venv/airflow_venv/lib/python3.6/site-packages/airflow/example_dags/example_branch_datetime_operator.py for tasks to queue
[2022-06-14 20:31:55,915] {logging_mixin.py:109} INFO - [2022-06-14 20:31:55,915] {dagbag.py:500} INFO - Filling up the DagBag from /home/saba/airflow_venv/airflow_venv/lib/python3.6/site-packages/airflow/example_dags/example_branch_datetime_operator.py
[2022-06-14 20:31:55,928] {processor.py:652} INFO - DAG(s) dict_keys(['example_branch_datetime_operator_2']) retrieved from /home/saba/airflow_venv/airflow_venv/lib/python3.6/site-packages/airflow/example_dags/example_branch_datetime_operator.py
[2022-06-14 20:31:55,938] {logging_mixin.py:109} INFO - [2022-06-14 20:31:55,937] {dag.py:2398} INFO - Sync 1 DAGs
[2022-06-14 20:31:55,951] {logging_mixin.py:109} INFO - [2022-06-14 20:31:55,950] {dag.py:2937} INFO - Setting next_dagrun for example_branch_datetime_operator_2 to 2022-06-13 00:00:00+00:00
[2022-06-14 20:31:55,966] {processor.py:171} INFO - Processing /home/saba/airflow_venv/airflow_venv/lib/python3.6/site-packages/airflow/example_dags/example_branch_datetime_operator.py took 0.065 seconds
[2022-06-14 20:32:55,670] {processor.py:163} INFO - Started process (PID=2593) to work on /home/saba/airflow_venv/airflow_venv/lib/python3.6/site-packages/airflow/example_dags/example_branch_datetime_operator.py
[2022-06-14 20:32:55,671] {processor.py:642} INFO - Processing file /home/saba/airflow_venv/airflow_venv/lib/python3.6/site-packages/airflow/example_dags/example_branch_datetime_operator.py for tasks to queue
[2022-06-14 20:32:55,671] {logging_mixin.py:109} INFO - [2022-06-14 20:32:55,671] {dagbag.py:500} INFO - Filling up the DagBag from /home/saba/airflow_venv/airflow_venv/lib/python3.6/site-packages/airflow/example_dags/example_branch_datetime_operator.py
[2022-06-14 20:32:55,684] {processor.py:652} INFO - DAG(s) dict_keys(['example_branch_datetime_operator_2']) retrieved from /home/saba/airflow_venv/airflow_venv/lib/python3.6/site-packages/airflow/example_dags/example_branch_datetime_operator.py
[2022-06-14 20:32:55,693] {logging_mixin.py:109} INFO - [2022-06-14 20:32:55,693] {dag.py:2398} INFO - Sync 1 DAGs
[2022-06-14 20:32:55,705] {logging_mixin.py:109} INFO - [2022-06-14 20:32:55,705] {dag.py:2937} INFO - Setting next_dagrun for example_branch_datetime_operator_2 to 2022-06-13 00:00:00+00:00
[2022-06-14 20:32:55,720] {processor.py:171} INFO - Processing /home/saba/airflow_venv/airflow_venv/lib/python3.6/site-packages/airflow/example_dags/example_branch_datetime_operator.py took 0.052 seconds
[2022-06-14 20:33:55,670] {processor.py:163} INFO - Started process (PID=2652) to work on /home/saba/airflow_venv/airflow_venv/lib/python3.6/site-packages/airflow/example_dags/example_branch_datetime_operator.py
[2022-06-14 20:33:55,671] {processor.py:642} INFO - Processing file /home/saba/airflow_venv/airflow_venv/lib/python3.6/site-packages/airflow/example_dags/example_branch_datetime_operator.py for tasks to queue
[2022-06-14 20:33:55,671] {logging_mixin.py:109} INFO - [2022-06-14 20:33:55,671] {dagbag.py:500} INFO - Filling up the DagBag from /home/saba/airflow_venv/airflow_venv/lib/python3.6/site-packages/airflow/example_dags/example_branch_datetime_operator.py
[2022-06-14 20:33:55,684] {processor.py:652} INFO - DAG(s) dict_keys(['example_branch_datetime_operator_2']) retrieved from /home/saba/airflow_venv/airflow_venv/lib/python3.6/site-packages/airflow/example_dags/example_branch_datetime_operator.py
[2022-06-14 20:33:55,694] {logging_mixin.py:109} INFO - [2022-06-14 20:33:55,693] {dag.py:2398} INFO - Sync 1 DAGs
[2022-06-14 20:33:55,704] {logging_mixin.py:109} INFO - [2022-06-14 20:33:55,704] {dag.py:2937} INFO - Setting next_dagrun for example_branch_datetime_operator_2 to 2022-06-13 00:00:00+00:00
[2022-06-14 20:33:55,719] {processor.py:171} INFO - Processing /home/saba/airflow_venv/airflow_venv/lib/python3.6/site-packages/airflow/example_dags/example_branch_datetime_operator.py took 0.051 seconds
[2022-06-14 20:34:57,976] {processor.py:163} INFO - Started process (PID=2712) to work on /home/saba/airflow_venv/airflow_venv/lib/python3.6/site-packages/airflow/example_dags/example_branch_datetime_operator.py
[2022-06-14 20:34:57,986] {processor.py:642} INFO - Processing file /home/saba/airflow_venv/airflow_venv/lib/python3.6/site-packages/airflow/example_dags/example_branch_datetime_operator.py for tasks to queue
[2022-06-14 20:34:57,987] {logging_mixin.py:109} INFO - [2022-06-14 20:34:57,987] {dagbag.py:500} INFO - Filling up the DagBag from /home/saba/airflow_venv/airflow_venv/lib/python3.6/site-packages/airflow/example_dags/example_branch_datetime_operator.py
[2022-06-14 20:34:58,009] {processor.py:652} INFO - DAG(s) dict_keys(['example_branch_datetime_operator_2']) retrieved from /home/saba/airflow_venv/airflow_venv/lib/python3.6/site-packages/airflow/example_dags/example_branch_datetime_operator.py
[2022-06-14 20:34:58,019] {logging_mixin.py:109} INFO - [2022-06-14 20:34:58,019] {dag.py:2398} INFO - Sync 1 DAGs
[2022-06-14 20:34:58,032] {logging_mixin.py:109} INFO - [2022-06-14 20:34:58,032] {dag.py:2937} INFO - Setting next_dagrun for example_branch_datetime_operator_2 to 2022-06-13 00:00:00+00:00
[2022-06-14 20:34:58,047] {processor.py:171} INFO - Processing /home/saba/airflow_venv/airflow_venv/lib/python3.6/site-packages/airflow/example_dags/example_branch_datetime_operator.py took 0.075 seconds
[2022-06-14 20:35:56,837] {processor.py:163} INFO - Started process (PID=2770) to work on /home/saba/airflow_venv/airflow_venv/lib/python3.6/site-packages/airflow/example_dags/example_branch_datetime_operator.py
[2022-06-14 20:35:56,847] {processor.py:642} INFO - Processing file /home/saba/airflow_venv/airflow_venv/lib/python3.6/site-packages/airflow/example_dags/example_branch_datetime_operator.py for tasks to queue
[2022-06-14 20:35:56,848] {logging_mixin.py:109} INFO - [2022-06-14 20:35:56,847] {dagbag.py:500} INFO - Filling up the DagBag from /home/saba/airflow_venv/airflow_venv/lib/python3.6/site-packages/airflow/example_dags/example_branch_datetime_operator.py
[2022-06-14 20:35:56,859] {processor.py:652} INFO - DAG(s) dict_keys(['example_branch_datetime_operator_2']) retrieved from /home/saba/airflow_venv/airflow_venv/lib/python3.6/site-packages/airflow/example_dags/example_branch_datetime_operator.py
[2022-06-14 20:35:56,868] {logging_mixin.py:109} INFO - [2022-06-14 20:35:56,868] {dag.py:2398} INFO - Sync 1 DAGs
[2022-06-14 20:35:56,880] {logging_mixin.py:109} INFO - [2022-06-14 20:35:56,880] {dag.py:2937} INFO - Setting next_dagrun for example_branch_datetime_operator_2 to 2022-06-13 00:00:00+00:00
[2022-06-14 20:35:56,901] {processor.py:171} INFO - Processing /home/saba/airflow_venv/airflow_venv/lib/python3.6/site-packages/airflow/example_dags/example_branch_datetime_operator.py took 0.066 seconds
[2022-06-14 20:36:57,814] {processor.py:163} INFO - Started process (PID=2830) to work on /home/saba/airflow_venv/airflow_venv/lib/python3.6/site-packages/airflow/example_dags/example_branch_datetime_operator.py
[2022-06-14 20:36:57,816] {processor.py:642} INFO - Processing file /home/saba/airflow_venv/airflow_venv/lib/python3.6/site-packages/airflow/example_dags/example_branch_datetime_operator.py for tasks to queue
[2022-06-14 20:36:57,816] {logging_mixin.py:109} INFO - [2022-06-14 20:36:57,816] {dagbag.py:500} INFO - Filling up the DagBag from /home/saba/airflow_venv/airflow_venv/lib/python3.6/site-packages/airflow/example_dags/example_branch_datetime_operator.py
[2022-06-14 20:36:57,833] {processor.py:652} INFO - DAG(s) dict_keys(['example_branch_datetime_operator_2']) retrieved from /home/saba/airflow_venv/airflow_venv/lib/python3.6/site-packages/airflow/example_dags/example_branch_datetime_operator.py
[2022-06-14 20:36:57,852] {logging_mixin.py:109} INFO - [2022-06-14 20:36:57,852] {dag.py:2398} INFO - Sync 1 DAGs
[2022-06-14 20:36:57,878] {logging_mixin.py:109} INFO - [2022-06-14 20:36:57,878] {dag.py:2937} INFO - Setting next_dagrun for example_branch_datetime_operator_2 to 2022-06-13 00:00:00+00:00
[2022-06-14 20:36:57,897] {processor.py:171} INFO - Processing /home/saba/airflow_venv/airflow_venv/lib/python3.6/site-packages/airflow/example_dags/example_branch_datetime_operator.py took 0.084 seconds
[2022-06-14 20:37:59,210] {processor.py:163} INFO - Started process (PID=2889) to work on /home/saba/airflow_venv/airflow_venv/lib/python3.6/site-packages/airflow/example_dags/example_branch_datetime_operator.py
[2022-06-14 20:37:59,216] {processor.py:642} INFO - Processing file /home/saba/airflow_venv/airflow_venv/lib/python3.6/site-packages/airflow/example_dags/example_branch_datetime_operator.py for tasks to queue
[2022-06-14 20:37:59,217] {logging_mixin.py:109} INFO - [2022-06-14 20:37:59,217] {dagbag.py:500} INFO - Filling up the DagBag from /home/saba/airflow_venv/airflow_venv/lib/python3.6/site-packages/airflow/example_dags/example_branch_datetime_operator.py
[2022-06-14 20:37:59,231] {processor.py:652} INFO - DAG(s) dict_keys(['example_branch_datetime_operator_2']) retrieved from /home/saba/airflow_venv/airflow_venv/lib/python3.6/site-packages/airflow/example_dags/example_branch_datetime_operator.py
[2022-06-14 20:37:59,240] {logging_mixin.py:109} INFO - [2022-06-14 20:37:59,239] {dag.py:2398} INFO - Sync 1 DAGs
[2022-06-14 20:37:59,250] {logging_mixin.py:109} INFO - [2022-06-14 20:37:59,250] {dag.py:2937} INFO - Setting next_dagrun for example_branch_datetime_operator_2 to 2022-06-13 00:00:00+00:00
[2022-06-14 20:37:59,268] {processor.py:171} INFO - Processing /home/saba/airflow_venv/airflow_venv/lib/python3.6/site-packages/airflow/example_dags/example_branch_datetime_operator.py took 0.060 seconds
[2022-06-14 20:38:59,961] {processor.py:163} INFO - Started process (PID=2948) to work on /home/saba/airflow_venv/airflow_venv/lib/python3.6/site-packages/airflow/example_dags/example_branch_datetime_operator.py
[2022-06-14 20:38:59,962] {processor.py:642} INFO - Processing file /home/saba/airflow_venv/airflow_venv/lib/python3.6/site-packages/airflow/example_dags/example_branch_datetime_operator.py for tasks to queue
[2022-06-14 20:38:59,963] {logging_mixin.py:109} INFO - [2022-06-14 20:38:59,963] {dagbag.py:500} INFO - Filling up the DagBag from /home/saba/airflow_venv/airflow_venv/lib/python3.6/site-packages/airflow/example_dags/example_branch_datetime_operator.py
[2022-06-14 20:38:59,975] {processor.py:652} INFO - DAG(s) dict_keys(['example_branch_datetime_operator_2']) retrieved from /home/saba/airflow_venv/airflow_venv/lib/python3.6/site-packages/airflow/example_dags/example_branch_datetime_operator.py
[2022-06-14 20:38:59,984] {logging_mixin.py:109} INFO - [2022-06-14 20:38:59,984] {dag.py:2398} INFO - Sync 1 DAGs
[2022-06-14 20:38:59,998] {logging_mixin.py:109} INFO - [2022-06-14 20:38:59,998] {dag.py:2937} INFO - Setting next_dagrun for example_branch_datetime_operator_2 to 2022-06-13 00:00:00+00:00
[2022-06-14 20:39:00,015] {processor.py:171} INFO - Processing /home/saba/airflow_venv/airflow_venv/lib/python3.6/site-packages/airflow/example_dags/example_branch_datetime_operator.py took 0.057 seconds
[2022-06-14 20:39:58,442] {processor.py:163} INFO - Started process (PID=3006) to work on /home/saba/airflow_venv/airflow_venv/lib/python3.6/site-packages/airflow/example_dags/example_branch_datetime_operator.py
[2022-06-14 20:39:58,443] {processor.py:642} INFO - Processing file /home/saba/airflow_venv/airflow_venv/lib/python3.6/site-packages/airflow/example_dags/example_branch_datetime_operator.py for tasks to queue
[2022-06-14 20:39:58,444] {logging_mixin.py:109} INFO - [2022-06-14 20:39:58,443] {dagbag.py:500} INFO - Filling up the DagBag from /home/saba/airflow_venv/airflow_venv/lib/python3.6/site-packages/airflow/example_dags/example_branch_datetime_operator.py
[2022-06-14 20:39:58,455] {processor.py:652} INFO - DAG(s) dict_keys(['example_branch_datetime_operator_2']) retrieved from /home/saba/airflow_venv/airflow_venv/lib/python3.6/site-packages/airflow/example_dags/example_branch_datetime_operator.py
[2022-06-14 20:39:58,465] {logging_mixin.py:109} INFO - [2022-06-14 20:39:58,465] {dag.py:2398} INFO - Sync 1 DAGs
[2022-06-14 20:39:58,478] {logging_mixin.py:109} INFO - [2022-06-14 20:39:58,478] {dag.py:2937} INFO - Setting next_dagrun for example_branch_datetime_operator_2 to 2022-06-13 00:00:00+00:00
[2022-06-14 20:39:58,493] {processor.py:171} INFO - Processing /home/saba/airflow_venv/airflow_venv/lib/python3.6/site-packages/airflow/example_dags/example_branch_datetime_operator.py took 0.053 seconds
[2022-06-14 20:40:59,687] {processor.py:163} INFO - Started process (PID=3066) to work on /home/saba/airflow_venv/airflow_venv/lib/python3.6/site-packages/airflow/example_dags/example_branch_datetime_operator.py
[2022-06-14 20:40:59,698] {processor.py:642} INFO - Processing file /home/saba/airflow_venv/airflow_venv/lib/python3.6/site-packages/airflow/example_dags/example_branch_datetime_operator.py for tasks to queue
[2022-06-14 20:40:59,698] {logging_mixin.py:109} INFO - [2022-06-14 20:40:59,698] {dagbag.py:500} INFO - Filling up the DagBag from /home/saba/airflow_venv/airflow_venv/lib/python3.6/site-packages/airflow/example_dags/example_branch_datetime_operator.py
[2022-06-14 20:40:59,713] {processor.py:652} INFO - DAG(s) dict_keys(['example_branch_datetime_operator_2']) retrieved from /home/saba/airflow_venv/airflow_venv/lib/python3.6/site-packages/airflow/example_dags/example_branch_datetime_operator.py
[2022-06-14 20:40:59,722] {logging_mixin.py:109} INFO - [2022-06-14 20:40:59,722] {dag.py:2398} INFO - Sync 1 DAGs
[2022-06-14 20:40:59,736] {logging_mixin.py:109} INFO - [2022-06-14 20:40:59,736] {dag.py:2937} INFO - Setting next_dagrun for example_branch_datetime_operator_2 to 2022-06-13 00:00:00+00:00
[2022-06-14 20:40:59,750] {processor.py:171} INFO - Processing /home/saba/airflow_venv/airflow_venv/lib/python3.6/site-packages/airflow/example_dags/example_branch_datetime_operator.py took 0.065 seconds
