[2022-06-14 19:27:00,495] {processor.py:163} INFO - Started process (PID=32543) to work on /home/saba/airflow_venv/airflow_venv/lib/python3.6/site-packages/airflow/example_dags/example_task_group_decorator.py
[2022-06-14 19:27:00,510] {processor.py:642} INFO - Processing file /home/saba/airflow_venv/airflow_venv/lib/python3.6/site-packages/airflow/example_dags/example_task_group_decorator.py for tasks to queue
[2022-06-14 19:27:00,516] {logging_mixin.py:109} INFO - [2022-06-14 19:27:00,515] {dagbag.py:500} INFO - Filling up the DagBag from /home/saba/airflow_venv/airflow_venv/lib/python3.6/site-packages/airflow/example_dags/example_task_group_decorator.py
[2022-06-14 19:27:00,964] {processor.py:652} INFO - DAG(s) dict_keys(['example_task_group_decorator']) retrieved from /home/saba/airflow_venv/airflow_venv/lib/python3.6/site-packages/airflow/example_dags/example_task_group_decorator.py
[2022-06-14 19:27:03,919] {logging_mixin.py:109} INFO - [2022-06-14 19:27:03,919] {dag.py:2398} INFO - Sync 1 DAGs
[2022-06-14 19:27:04,060] {logging_mixin.py:109} INFO - [2022-06-14 19:27:04,059] {dag.py:2937} INFO - Setting next_dagrun for example_task_group_decorator to 2022-06-13T17:27:04.057652+00:00
[2022-06-14 19:27:04,178] {processor.py:171} INFO - Processing /home/saba/airflow_venv/airflow_venv/lib/python3.6/site-packages/airflow/example_dags/example_task_group_decorator.py took 3.711 seconds
[2022-06-14 19:27:58,009] {processor.py:163} INFO - Started process (PID=32733) to work on /home/saba/airflow_venv/airflow_venv/lib/python3.6/site-packages/airflow/example_dags/example_task_group_decorator.py
[2022-06-14 19:27:58,017] {processor.py:642} INFO - Processing file /home/saba/airflow_venv/airflow_venv/lib/python3.6/site-packages/airflow/example_dags/example_task_group_decorator.py for tasks to queue
[2022-06-14 19:27:58,020] {logging_mixin.py:109} INFO - [2022-06-14 19:27:58,019] {dagbag.py:500} INFO - Filling up the DagBag from /home/saba/airflow_venv/airflow_venv/lib/python3.6/site-packages/airflow/example_dags/example_task_group_decorator.py
[2022-06-14 19:27:58,179] {processor.py:652} INFO - DAG(s) dict_keys(['example_task_group_decorator']) retrieved from /home/saba/airflow_venv/airflow_venv/lib/python3.6/site-packages/airflow/example_dags/example_task_group_decorator.py
[2022-06-14 19:27:59,085] {logging_mixin.py:109} INFO - [2022-06-14 19:27:59,084] {dag.py:2398} INFO - Sync 1 DAGs
[2022-06-14 19:27:59,127] {logging_mixin.py:109} INFO - [2022-06-14 19:27:59,127] {dag.py:2937} INFO - Setting next_dagrun for example_task_group_decorator to 2022-06-13T17:27:59.126104+00:00
[2022-06-14 19:27:59,178] {processor.py:171} INFO - Processing /home/saba/airflow_venv/airflow_venv/lib/python3.6/site-packages/airflow/example_dags/example_task_group_decorator.py took 1.178 seconds
[2022-06-14 19:29:27,326] {processor.py:163} INFO - Started process (PID=655) to work on /home/saba/airflow_venv/airflow_venv/lib/python3.6/site-packages/airflow/example_dags/example_task_group_decorator.py
[2022-06-14 19:29:27,338] {processor.py:642} INFO - Processing file /home/saba/airflow_venv/airflow_venv/lib/python3.6/site-packages/airflow/example_dags/example_task_group_decorator.py for tasks to queue
[2022-06-14 19:29:27,341] {logging_mixin.py:109} INFO - [2022-06-14 19:29:27,340] {dagbag.py:500} INFO - Filling up the DagBag from /home/saba/airflow_venv/airflow_venv/lib/python3.6/site-packages/airflow/example_dags/example_task_group_decorator.py
[2022-06-14 19:29:27,446] {processor.py:652} INFO - DAG(s) dict_keys(['example_task_group_decorator']) retrieved from /home/saba/airflow_venv/airflow_venv/lib/python3.6/site-packages/airflow/example_dags/example_task_group_decorator.py
[2022-06-14 19:29:28,343] {logging_mixin.py:109} INFO - [2022-06-14 19:29:28,343] {dag.py:2398} INFO - Sync 1 DAGs
[2022-06-14 19:29:28,388] {logging_mixin.py:109} INFO - [2022-06-14 19:29:28,388] {dag.py:2937} INFO - Setting next_dagrun for example_task_group_decorator to 2022-06-13T17:29:28.386988+00:00
[2022-06-14 19:29:28,437] {processor.py:171} INFO - Processing /home/saba/airflow_venv/airflow_venv/lib/python3.6/site-packages/airflow/example_dags/example_task_group_decorator.py took 1.119 seconds
[2022-06-14 19:31:08,611] {processor.py:163} INFO - Started process (PID=1001) to work on /home/saba/airflow_venv/airflow_venv/lib/python3.6/site-packages/airflow/example_dags/example_task_group_decorator.py
[2022-06-14 19:31:08,616] {processor.py:642} INFO - Processing file /home/saba/airflow_venv/airflow_venv/lib/python3.6/site-packages/airflow/example_dags/example_task_group_decorator.py for tasks to queue
[2022-06-14 19:31:08,618] {logging_mixin.py:109} INFO - [2022-06-14 19:31:08,618] {dagbag.py:500} INFO - Filling up the DagBag from /home/saba/airflow_venv/airflow_venv/lib/python3.6/site-packages/airflow/example_dags/example_task_group_decorator.py
[2022-06-14 19:31:08,848] {processor.py:652} INFO - DAG(s) dict_keys(['example_task_group_decorator']) retrieved from /home/saba/airflow_venv/airflow_venv/lib/python3.6/site-packages/airflow/example_dags/example_task_group_decorator.py
[2022-06-14 19:31:10,338] {logging_mixin.py:109} INFO - [2022-06-14 19:31:10,337] {dag.py:2398} INFO - Sync 1 DAGs
[2022-06-14 19:31:10,399] {logging_mixin.py:109} INFO - [2022-06-14 19:31:10,399] {dag.py:2937} INFO - Setting next_dagrun for example_task_group_decorator to 2022-06-13T17:31:10.398374+00:00
[2022-06-14 19:31:10,457] {processor.py:171} INFO - Processing /home/saba/airflow_venv/airflow_venv/lib/python3.6/site-packages/airflow/example_dags/example_task_group_decorator.py took 1.857 seconds
[2022-06-14 19:33:18,859] {processor.py:163} INFO - Started process (PID=2112) to work on /home/saba/airflow_venv/airflow_venv/lib/python3.6/site-packages/airflow/example_dags/example_task_group_decorator.py
[2022-06-14 19:33:18,864] {processor.py:642} INFO - Processing file /home/saba/airflow_venv/airflow_venv/lib/python3.6/site-packages/airflow/example_dags/example_task_group_decorator.py for tasks to queue
[2022-06-14 19:33:18,866] {logging_mixin.py:109} INFO - [2022-06-14 19:33:18,866] {dagbag.py:500} INFO - Filling up the DagBag from /home/saba/airflow_venv/airflow_venv/lib/python3.6/site-packages/airflow/example_dags/example_task_group_decorator.py
[2022-06-14 19:33:19,045] {processor.py:652} INFO - DAG(s) dict_keys(['example_task_group_decorator']) retrieved from /home/saba/airflow_venv/airflow_venv/lib/python3.6/site-packages/airflow/example_dags/example_task_group_decorator.py
[2022-06-14 19:33:20,779] {logging_mixin.py:109} INFO - [2022-06-14 19:33:20,778] {dag.py:2398} INFO - Sync 1 DAGs
[2022-06-14 19:33:20,859] {logging_mixin.py:109} INFO - [2022-06-14 19:33:20,859] {dag.py:2937} INFO - Setting next_dagrun for example_task_group_decorator to 2022-06-13T17:33:20.858062+00:00
[2022-06-14 19:33:20,938] {processor.py:171} INFO - Processing /home/saba/airflow_venv/airflow_venv/lib/python3.6/site-packages/airflow/example_dags/example_task_group_decorator.py took 2.092 seconds
[2022-06-14 19:35:21,355] {processor.py:163} INFO - Started process (PID=2385) to work on /home/saba/airflow_venv/airflow_venv/lib/python3.6/site-packages/airflow/example_dags/example_task_group_decorator.py
[2022-06-14 19:35:21,360] {processor.py:642} INFO - Processing file /home/saba/airflow_venv/airflow_venv/lib/python3.6/site-packages/airflow/example_dags/example_task_group_decorator.py for tasks to queue
[2022-06-14 19:35:21,363] {logging_mixin.py:109} INFO - [2022-06-14 19:35:21,362] {dagbag.py:500} INFO - Filling up the DagBag from /home/saba/airflow_venv/airflow_venv/lib/python3.6/site-packages/airflow/example_dags/example_task_group_decorator.py
[2022-06-14 19:35:21,539] {processor.py:652} INFO - DAG(s) dict_keys(['example_task_group_decorator']) retrieved from /home/saba/airflow_venv/airflow_venv/lib/python3.6/site-packages/airflow/example_dags/example_task_group_decorator.py
[2022-06-14 19:35:22,861] {logging_mixin.py:109} INFO - [2022-06-14 19:35:22,860] {dag.py:2398} INFO - Sync 1 DAGs
[2022-06-14 19:35:22,939] {logging_mixin.py:109} INFO - [2022-06-14 19:35:22,938] {dag.py:2937} INFO - Setting next_dagrun for example_task_group_decorator to 2022-06-13T17:35:22.937151+00:00
[2022-06-14 19:35:23,006] {processor.py:171} INFO - Processing /home/saba/airflow_venv/airflow_venv/lib/python3.6/site-packages/airflow/example_dags/example_task_group_decorator.py took 1.662 seconds
[2022-06-14 19:37:28,182] {processor.py:163} INFO - Started process (PID=2657) to work on /home/saba/airflow_venv/airflow_venv/lib/python3.6/site-packages/airflow/example_dags/example_task_group_decorator.py
[2022-06-14 19:37:28,195] {processor.py:642} INFO - Processing file /home/saba/airflow_venv/airflow_venv/lib/python3.6/site-packages/airflow/example_dags/example_task_group_decorator.py for tasks to queue
[2022-06-14 19:37:28,200] {logging_mixin.py:109} INFO - [2022-06-14 19:37:28,199] {dagbag.py:500} INFO - Filling up the DagBag from /home/saba/airflow_venv/airflow_venv/lib/python3.6/site-packages/airflow/example_dags/example_task_group_decorator.py
[2022-06-14 19:37:28,500] {processor.py:652} INFO - DAG(s) dict_keys(['example_task_group_decorator']) retrieved from /home/saba/airflow_venv/airflow_venv/lib/python3.6/site-packages/airflow/example_dags/example_task_group_decorator.py
[2022-06-14 19:37:30,241] {logging_mixin.py:109} INFO - [2022-06-14 19:37:30,240] {dag.py:2398} INFO - Sync 1 DAGs
[2022-06-14 19:37:30,338] {logging_mixin.py:109} INFO - [2022-06-14 19:37:30,338] {dag.py:2937} INFO - Setting next_dagrun for example_task_group_decorator to 2022-06-13T17:37:30.336992+00:00
[2022-06-14 19:37:30,414] {processor.py:171} INFO - Processing /home/saba/airflow_venv/airflow_venv/lib/python3.6/site-packages/airflow/example_dags/example_task_group_decorator.py took 2.248 seconds
[2022-06-14 19:47:03,466] {processor.py:163} INFO - Started process (PID=101) to work on /home/saba/airflow_venv/airflow_venv/lib/python3.6/site-packages/airflow/example_dags/example_task_group_decorator.py
[2022-06-14 19:47:03,467] {processor.py:642} INFO - Processing file /home/saba/airflow_venv/airflow_venv/lib/python3.6/site-packages/airflow/example_dags/example_task_group_decorator.py for tasks to queue
[2022-06-14 19:47:03,468] {logging_mixin.py:109} INFO - [2022-06-14 19:47:03,468] {dagbag.py:500} INFO - Filling up the DagBag from /home/saba/airflow_venv/airflow_venv/lib/python3.6/site-packages/airflow/example_dags/example_task_group_decorator.py
[2022-06-14 19:47:03,498] {processor.py:652} INFO - DAG(s) dict_keys(['example_task_group_decorator']) retrieved from /home/saba/airflow_venv/airflow_venv/lib/python3.6/site-packages/airflow/example_dags/example_task_group_decorator.py
[2022-06-14 19:47:03,900] {logging_mixin.py:109} INFO - [2022-06-14 19:47:03,900] {dag.py:2398} INFO - Sync 1 DAGs
[2022-06-14 19:47:03,919] {logging_mixin.py:109} INFO - [2022-06-14 19:47:03,919] {dag.py:2937} INFO - Setting next_dagrun for example_task_group_decorator to 2022-06-13T17:47:03.918668+00:00
[2022-06-14 19:47:03,942] {processor.py:171} INFO - Processing /home/saba/airflow_venv/airflow_venv/lib/python3.6/site-packages/airflow/example_dags/example_task_group_decorator.py took 0.478 seconds
[2022-06-14 19:47:46,322] {processor.py:163} INFO - Started process (PID=135) to work on /home/saba/airflow_venv/airflow_venv/lib/python3.6/site-packages/airflow/example_dags/example_task_group_decorator.py
[2022-06-14 19:47:46,323] {processor.py:642} INFO - Processing file /home/saba/airflow_venv/airflow_venv/lib/python3.6/site-packages/airflow/example_dags/example_task_group_decorator.py for tasks to queue
[2022-06-14 19:47:46,324] {logging_mixin.py:109} INFO - [2022-06-14 19:47:46,324] {dagbag.py:500} INFO - Filling up the DagBag from /home/saba/airflow_venv/airflow_venv/lib/python3.6/site-packages/airflow/example_dags/example_task_group_decorator.py
[2022-06-14 19:47:46,347] {processor.py:652} INFO - DAG(s) dict_keys(['example_task_group_decorator']) retrieved from /home/saba/airflow_venv/airflow_venv/lib/python3.6/site-packages/airflow/example_dags/example_task_group_decorator.py
[2022-06-14 19:47:46,537] {logging_mixin.py:109} INFO - [2022-06-14 19:47:46,537] {dag.py:2398} INFO - Sync 1 DAGs
[2022-06-14 19:47:46,546] {logging_mixin.py:109} INFO - [2022-06-14 19:47:46,546] {dag.py:2937} INFO - Setting next_dagrun for example_task_group_decorator to 2022-06-13T17:47:46.545768+00:00
[2022-06-14 19:47:46,563] {processor.py:171} INFO - Processing /home/saba/airflow_venv/airflow_venv/lib/python3.6/site-packages/airflow/example_dags/example_task_group_decorator.py took 0.243 seconds
[2022-06-14 19:48:53,337] {processor.py:163} INFO - Started process (PID=194) to work on /home/saba/airflow_venv/airflow_venv/lib/python3.6/site-packages/airflow/example_dags/example_task_group_decorator.py
[2022-06-14 19:48:53,338] {processor.py:642} INFO - Processing file /home/saba/airflow_venv/airflow_venv/lib/python3.6/site-packages/airflow/example_dags/example_task_group_decorator.py for tasks to queue
[2022-06-14 19:48:53,339] {logging_mixin.py:109} INFO - [2022-06-14 19:48:53,339] {dagbag.py:500} INFO - Filling up the DagBag from /home/saba/airflow_venv/airflow_venv/lib/python3.6/site-packages/airflow/example_dags/example_task_group_decorator.py
[2022-06-14 19:48:53,362] {processor.py:652} INFO - DAG(s) dict_keys(['example_task_group_decorator']) retrieved from /home/saba/airflow_venv/airflow_venv/lib/python3.6/site-packages/airflow/example_dags/example_task_group_decorator.py
[2022-06-14 19:48:53,555] {logging_mixin.py:109} INFO - [2022-06-14 19:48:53,554] {dag.py:2398} INFO - Sync 1 DAGs
[2022-06-14 19:48:53,565] {logging_mixin.py:109} INFO - [2022-06-14 19:48:53,565] {dag.py:2937} INFO - Setting next_dagrun for example_task_group_decorator to 2022-06-13T17:48:53.565264+00:00
[2022-06-14 19:48:53,594] {processor.py:171} INFO - Processing /home/saba/airflow_venv/airflow_venv/lib/python3.6/site-packages/airflow/example_dags/example_task_group_decorator.py took 0.259 seconds
[2022-06-14 19:49:57,573] {processor.py:163} INFO - Started process (PID=252) to work on /home/saba/airflow_venv/airflow_venv/lib/python3.6/site-packages/airflow/example_dags/example_task_group_decorator.py
[2022-06-14 19:49:57,575] {processor.py:642} INFO - Processing file /home/saba/airflow_venv/airflow_venv/lib/python3.6/site-packages/airflow/example_dags/example_task_group_decorator.py for tasks to queue
[2022-06-14 19:49:57,576] {logging_mixin.py:109} INFO - [2022-06-14 19:49:57,576] {dagbag.py:500} INFO - Filling up the DagBag from /home/saba/airflow_venv/airflow_venv/lib/python3.6/site-packages/airflow/example_dags/example_task_group_decorator.py
[2022-06-14 19:49:57,598] {processor.py:652} INFO - DAG(s) dict_keys(['example_task_group_decorator']) retrieved from /home/saba/airflow_venv/airflow_venv/lib/python3.6/site-packages/airflow/example_dags/example_task_group_decorator.py
[2022-06-14 19:49:57,885] {logging_mixin.py:109} INFO - [2022-06-14 19:49:57,885] {dag.py:2398} INFO - Sync 1 DAGs
[2022-06-14 19:49:57,900] {logging_mixin.py:109} INFO - [2022-06-14 19:49:57,900] {dag.py:2937} INFO - Setting next_dagrun for example_task_group_decorator to 2022-06-13T17:49:57.900471+00:00
[2022-06-14 19:49:57,918] {processor.py:171} INFO - Processing /home/saba/airflow_venv/airflow_venv/lib/python3.6/site-packages/airflow/example_dags/example_task_group_decorator.py took 0.346 seconds
[2022-06-14 19:51:00,176] {processor.py:163} INFO - Started process (PID=312) to work on /home/saba/airflow_venv/airflow_venv/lib/python3.6/site-packages/airflow/example_dags/example_task_group_decorator.py
[2022-06-14 19:51:00,187] {processor.py:642} INFO - Processing file /home/saba/airflow_venv/airflow_venv/lib/python3.6/site-packages/airflow/example_dags/example_task_group_decorator.py for tasks to queue
[2022-06-14 19:51:00,187] {logging_mixin.py:109} INFO - [2022-06-14 19:51:00,187] {dagbag.py:500} INFO - Filling up the DagBag from /home/saba/airflow_venv/airflow_venv/lib/python3.6/site-packages/airflow/example_dags/example_task_group_decorator.py
[2022-06-14 19:51:00,208] {processor.py:652} INFO - DAG(s) dict_keys(['example_task_group_decorator']) retrieved from /home/saba/airflow_venv/airflow_venv/lib/python3.6/site-packages/airflow/example_dags/example_task_group_decorator.py
[2022-06-14 19:51:00,390] {logging_mixin.py:109} INFO - [2022-06-14 19:51:00,390] {dag.py:2398} INFO - Sync 1 DAGs
[2022-06-14 19:51:00,397] {logging_mixin.py:109} INFO - [2022-06-14 19:51:00,397] {dag.py:2937} INFO - Setting next_dagrun for example_task_group_decorator to 2022-06-13T17:51:00.397606+00:00
[2022-06-14 19:51:00,427] {processor.py:171} INFO - Processing /home/saba/airflow_venv/airflow_venv/lib/python3.6/site-packages/airflow/example_dags/example_task_group_decorator.py took 0.253 seconds
[2022-06-14 19:52:01,954] {processor.py:163} INFO - Started process (PID=372) to work on /home/saba/airflow_venv/airflow_venv/lib/python3.6/site-packages/airflow/example_dags/example_task_group_decorator.py
[2022-06-14 19:52:01,964] {processor.py:642} INFO - Processing file /home/saba/airflow_venv/airflow_venv/lib/python3.6/site-packages/airflow/example_dags/example_task_group_decorator.py for tasks to queue
[2022-06-14 19:52:01,965] {logging_mixin.py:109} INFO - [2022-06-14 19:52:01,965] {dagbag.py:500} INFO - Filling up the DagBag from /home/saba/airflow_venv/airflow_venv/lib/python3.6/site-packages/airflow/example_dags/example_task_group_decorator.py
[2022-06-14 19:52:01,986] {processor.py:652} INFO - DAG(s) dict_keys(['example_task_group_decorator']) retrieved from /home/saba/airflow_venv/airflow_venv/lib/python3.6/site-packages/airflow/example_dags/example_task_group_decorator.py
[2022-06-14 19:52:02,166] {logging_mixin.py:109} INFO - [2022-06-14 19:52:02,166] {dag.py:2398} INFO - Sync 1 DAGs
[2022-06-14 19:52:02,174] {logging_mixin.py:109} INFO - [2022-06-14 19:52:02,173] {dag.py:2937} INFO - Setting next_dagrun for example_task_group_decorator to 2022-06-13T17:52:02.173821+00:00
[2022-06-14 19:52:02,192] {processor.py:171} INFO - Processing /home/saba/airflow_venv/airflow_venv/lib/python3.6/site-packages/airflow/example_dags/example_task_group_decorator.py took 0.240 seconds
[2022-06-14 19:53:01,980] {processor.py:163} INFO - Started process (PID=431) to work on /home/saba/airflow_venv/airflow_venv/lib/python3.6/site-packages/airflow/example_dags/example_task_group_decorator.py
[2022-06-14 19:53:01,991] {processor.py:642} INFO - Processing file /home/saba/airflow_venv/airflow_venv/lib/python3.6/site-packages/airflow/example_dags/example_task_group_decorator.py for tasks to queue
[2022-06-14 19:53:01,992] {logging_mixin.py:109} INFO - [2022-06-14 19:53:01,991] {dagbag.py:500} INFO - Filling up the DagBag from /home/saba/airflow_venv/airflow_venv/lib/python3.6/site-packages/airflow/example_dags/example_task_group_decorator.py
[2022-06-14 19:53:02,016] {processor.py:652} INFO - DAG(s) dict_keys(['example_task_group_decorator']) retrieved from /home/saba/airflow_venv/airflow_venv/lib/python3.6/site-packages/airflow/example_dags/example_task_group_decorator.py
[2022-06-14 19:53:02,200] {logging_mixin.py:109} INFO - [2022-06-14 19:53:02,199] {dag.py:2398} INFO - Sync 1 DAGs
[2022-06-14 19:53:02,209] {logging_mixin.py:109} INFO - [2022-06-14 19:53:02,209] {dag.py:2937} INFO - Setting next_dagrun for example_task_group_decorator to 2022-06-13T17:53:02.209099+00:00
[2022-06-14 19:53:02,238] {processor.py:171} INFO - Processing /home/saba/airflow_venv/airflow_venv/lib/python3.6/site-packages/airflow/example_dags/example_task_group_decorator.py took 0.260 seconds
[2022-06-14 19:54:03,165] {processor.py:163} INFO - Started process (PID=490) to work on /home/saba/airflow_venv/airflow_venv/lib/python3.6/site-packages/airflow/example_dags/example_task_group_decorator.py
[2022-06-14 19:54:03,167] {processor.py:642} INFO - Processing file /home/saba/airflow_venv/airflow_venv/lib/python3.6/site-packages/airflow/example_dags/example_task_group_decorator.py for tasks to queue
[2022-06-14 19:54:03,168] {logging_mixin.py:109} INFO - [2022-06-14 19:54:03,168] {dagbag.py:500} INFO - Filling up the DagBag from /home/saba/airflow_venv/airflow_venv/lib/python3.6/site-packages/airflow/example_dags/example_task_group_decorator.py
[2022-06-14 19:54:03,188] {processor.py:652} INFO - DAG(s) dict_keys(['example_task_group_decorator']) retrieved from /home/saba/airflow_venv/airflow_venv/lib/python3.6/site-packages/airflow/example_dags/example_task_group_decorator.py
[2022-06-14 19:54:03,366] {logging_mixin.py:109} INFO - [2022-06-14 19:54:03,366] {dag.py:2398} INFO - Sync 1 DAGs
[2022-06-14 19:54:03,373] {logging_mixin.py:109} INFO - [2022-06-14 19:54:03,373] {dag.py:2937} INFO - Setting next_dagrun for example_task_group_decorator to 2022-06-13T17:54:03.373387+00:00
[2022-06-14 19:54:03,390] {processor.py:171} INFO - Processing /home/saba/airflow_venv/airflow_venv/lib/python3.6/site-packages/airflow/example_dags/example_task_group_decorator.py took 0.227 seconds
[2022-06-14 19:55:04,515] {processor.py:163} INFO - Started process (PID=549) to work on /home/saba/airflow_venv/airflow_venv/lib/python3.6/site-packages/airflow/example_dags/example_task_group_decorator.py
[2022-06-14 19:55:04,517] {processor.py:642} INFO - Processing file /home/saba/airflow_venv/airflow_venv/lib/python3.6/site-packages/airflow/example_dags/example_task_group_decorator.py for tasks to queue
[2022-06-14 19:55:04,518] {logging_mixin.py:109} INFO - [2022-06-14 19:55:04,518] {dagbag.py:500} INFO - Filling up the DagBag from /home/saba/airflow_venv/airflow_venv/lib/python3.6/site-packages/airflow/example_dags/example_task_group_decorator.py
[2022-06-14 19:55:04,538] {processor.py:652} INFO - DAG(s) dict_keys(['example_task_group_decorator']) retrieved from /home/saba/airflow_venv/airflow_venv/lib/python3.6/site-packages/airflow/example_dags/example_task_group_decorator.py
[2022-06-14 19:55:04,708] {logging_mixin.py:109} INFO - [2022-06-14 19:55:04,708] {dag.py:2398} INFO - Sync 1 DAGs
[2022-06-14 19:55:04,715] {logging_mixin.py:109} INFO - [2022-06-14 19:55:04,715] {dag.py:2937} INFO - Setting next_dagrun for example_task_group_decorator to 2022-06-13T17:55:04.715341+00:00
[2022-06-14 19:55:04,732] {processor.py:171} INFO - Processing /home/saba/airflow_venv/airflow_venv/lib/python3.6/site-packages/airflow/example_dags/example_task_group_decorator.py took 0.219 seconds
[2022-06-14 19:56:06,690] {processor.py:163} INFO - Started process (PID=609) to work on /home/saba/airflow_venv/airflow_venv/lib/python3.6/site-packages/airflow/example_dags/example_task_group_decorator.py
[2022-06-14 19:56:06,701] {processor.py:642} INFO - Processing file /home/saba/airflow_venv/airflow_venv/lib/python3.6/site-packages/airflow/example_dags/example_task_group_decorator.py for tasks to queue
[2022-06-14 19:56:06,702] {logging_mixin.py:109} INFO - [2022-06-14 19:56:06,701] {dagbag.py:500} INFO - Filling up the DagBag from /home/saba/airflow_venv/airflow_venv/lib/python3.6/site-packages/airflow/example_dags/example_task_group_decorator.py
[2022-06-14 19:56:06,721] {processor.py:652} INFO - DAG(s) dict_keys(['example_task_group_decorator']) retrieved from /home/saba/airflow_venv/airflow_venv/lib/python3.6/site-packages/airflow/example_dags/example_task_group_decorator.py
[2022-06-14 19:56:06,893] {logging_mixin.py:109} INFO - [2022-06-14 19:56:06,892] {dag.py:2398} INFO - Sync 1 DAGs
[2022-06-14 19:56:06,900] {logging_mixin.py:109} INFO - [2022-06-14 19:56:06,900] {dag.py:2937} INFO - Setting next_dagrun for example_task_group_decorator to 2022-06-13T17:56:06.900181+00:00
[2022-06-14 19:56:06,917] {processor.py:171} INFO - Processing /home/saba/airflow_venv/airflow_venv/lib/python3.6/site-packages/airflow/example_dags/example_task_group_decorator.py took 0.228 seconds
[2022-06-14 19:57:09,227] {processor.py:163} INFO - Started process (PID=669) to work on /home/saba/airflow_venv/airflow_venv/lib/python3.6/site-packages/airflow/example_dags/example_task_group_decorator.py
[2022-06-14 19:57:09,229] {processor.py:642} INFO - Processing file /home/saba/airflow_venv/airflow_venv/lib/python3.6/site-packages/airflow/example_dags/example_task_group_decorator.py for tasks to queue
[2022-06-14 19:57:09,229] {logging_mixin.py:109} INFO - [2022-06-14 19:57:09,229] {dagbag.py:500} INFO - Filling up the DagBag from /home/saba/airflow_venv/airflow_venv/lib/python3.6/site-packages/airflow/example_dags/example_task_group_decorator.py
[2022-06-14 19:57:09,251] {processor.py:652} INFO - DAG(s) dict_keys(['example_task_group_decorator']) retrieved from /home/saba/airflow_venv/airflow_venv/lib/python3.6/site-packages/airflow/example_dags/example_task_group_decorator.py
[2022-06-14 19:57:09,430] {logging_mixin.py:109} INFO - [2022-06-14 19:57:09,429] {dag.py:2398} INFO - Sync 1 DAGs
[2022-06-14 19:57:09,438] {logging_mixin.py:109} INFO - [2022-06-14 19:57:09,438] {dag.py:2937} INFO - Setting next_dagrun for example_task_group_decorator to 2022-06-13T17:57:09.438245+00:00
[2022-06-14 19:57:09,468] {processor.py:171} INFO - Processing /home/saba/airflow_venv/airflow_venv/lib/python3.6/site-packages/airflow/example_dags/example_task_group_decorator.py took 0.242 seconds
[2022-06-14 19:58:11,433] {processor.py:163} INFO - Started process (PID=729) to work on /home/saba/airflow_venv/airflow_venv/lib/python3.6/site-packages/airflow/example_dags/example_task_group_decorator.py
[2022-06-14 19:58:11,435] {processor.py:642} INFO - Processing file /home/saba/airflow_venv/airflow_venv/lib/python3.6/site-packages/airflow/example_dags/example_task_group_decorator.py for tasks to queue
[2022-06-14 19:58:11,436] {logging_mixin.py:109} INFO - [2022-06-14 19:58:11,436] {dagbag.py:500} INFO - Filling up the DagBag from /home/saba/airflow_venv/airflow_venv/lib/python3.6/site-packages/airflow/example_dags/example_task_group_decorator.py
[2022-06-14 19:58:11,455] {processor.py:652} INFO - DAG(s) dict_keys(['example_task_group_decorator']) retrieved from /home/saba/airflow_venv/airflow_venv/lib/python3.6/site-packages/airflow/example_dags/example_task_group_decorator.py
[2022-06-14 19:58:11,631] {logging_mixin.py:109} INFO - [2022-06-14 19:58:11,631] {dag.py:2398} INFO - Sync 1 DAGs
[2022-06-14 19:58:11,638] {logging_mixin.py:109} INFO - [2022-06-14 19:58:11,638] {dag.py:2937} INFO - Setting next_dagrun for example_task_group_decorator to 2022-06-13T17:58:11.638709+00:00
[2022-06-14 19:58:11,665] {processor.py:171} INFO - Processing /home/saba/airflow_venv/airflow_venv/lib/python3.6/site-packages/airflow/example_dags/example_task_group_decorator.py took 0.233 seconds
[2022-06-14 19:59:13,142] {processor.py:163} INFO - Started process (PID=788) to work on /home/saba/airflow_venv/airflow_venv/lib/python3.6/site-packages/airflow/example_dags/example_task_group_decorator.py
[2022-06-14 19:59:13,153] {processor.py:642} INFO - Processing file /home/saba/airflow_venv/airflow_venv/lib/python3.6/site-packages/airflow/example_dags/example_task_group_decorator.py for tasks to queue
[2022-06-14 19:59:13,154] {logging_mixin.py:109} INFO - [2022-06-14 19:59:13,154] {dagbag.py:500} INFO - Filling up the DagBag from /home/saba/airflow_venv/airflow_venv/lib/python3.6/site-packages/airflow/example_dags/example_task_group_decorator.py
[2022-06-14 19:59:13,176] {processor.py:652} INFO - DAG(s) dict_keys(['example_task_group_decorator']) retrieved from /home/saba/airflow_venv/airflow_venv/lib/python3.6/site-packages/airflow/example_dags/example_task_group_decorator.py
[2022-06-14 19:59:13,352] {logging_mixin.py:109} INFO - [2022-06-14 19:59:13,351] {dag.py:2398} INFO - Sync 1 DAGs
[2022-06-14 19:59:13,359] {logging_mixin.py:109} INFO - [2022-06-14 19:59:13,359] {dag.py:2937} INFO - Setting next_dagrun for example_task_group_decorator to 2022-06-13T17:59:13.359018+00:00
[2022-06-14 19:59:13,376] {processor.py:171} INFO - Processing /home/saba/airflow_venv/airflow_venv/lib/python3.6/site-packages/airflow/example_dags/example_task_group_decorator.py took 0.236 seconds
[2022-06-14 20:00:15,625] {processor.py:163} INFO - Started process (PID=848) to work on /home/saba/airflow_venv/airflow_venv/lib/python3.6/site-packages/airflow/example_dags/example_task_group_decorator.py
[2022-06-14 20:00:15,635] {processor.py:642} INFO - Processing file /home/saba/airflow_venv/airflow_venv/lib/python3.6/site-packages/airflow/example_dags/example_task_group_decorator.py for tasks to queue
[2022-06-14 20:00:15,636] {logging_mixin.py:109} INFO - [2022-06-14 20:00:15,636] {dagbag.py:500} INFO - Filling up the DagBag from /home/saba/airflow_venv/airflow_venv/lib/python3.6/site-packages/airflow/example_dags/example_task_group_decorator.py
[2022-06-14 20:00:15,676] {processor.py:652} INFO - DAG(s) dict_keys(['example_task_group_decorator']) retrieved from /home/saba/airflow_venv/airflow_venv/lib/python3.6/site-packages/airflow/example_dags/example_task_group_decorator.py
[2022-06-14 20:00:16,061] {logging_mixin.py:109} INFO - [2022-06-14 20:00:16,061] {dag.py:2398} INFO - Sync 1 DAGs
[2022-06-14 20:00:16,077] {logging_mixin.py:109} INFO - [2022-06-14 20:00:16,077] {dag.py:2937} INFO - Setting next_dagrun for example_task_group_decorator to 2022-06-13T18:00:16.076952+00:00
[2022-06-14 20:00:16,095] {processor.py:171} INFO - Processing /home/saba/airflow_venv/airflow_venv/lib/python3.6/site-packages/airflow/example_dags/example_task_group_decorator.py took 0.474 seconds
[2022-06-14 20:01:19,669] {processor.py:163} INFO - Started process (PID=908) to work on /home/saba/airflow_venv/airflow_venv/lib/python3.6/site-packages/airflow/example_dags/example_task_group_decorator.py
[2022-06-14 20:01:19,680] {processor.py:642} INFO - Processing file /home/saba/airflow_venv/airflow_venv/lib/python3.6/site-packages/airflow/example_dags/example_task_group_decorator.py for tasks to queue
[2022-06-14 20:01:19,681] {logging_mixin.py:109} INFO - [2022-06-14 20:01:19,680] {dagbag.py:500} INFO - Filling up the DagBag from /home/saba/airflow_venv/airflow_venv/lib/python3.6/site-packages/airflow/example_dags/example_task_group_decorator.py
[2022-06-14 20:01:19,702] {processor.py:652} INFO - DAG(s) dict_keys(['example_task_group_decorator']) retrieved from /home/saba/airflow_venv/airflow_venv/lib/python3.6/site-packages/airflow/example_dags/example_task_group_decorator.py
[2022-06-14 20:01:19,875] {logging_mixin.py:109} INFO - [2022-06-14 20:01:19,875] {dag.py:2398} INFO - Sync 1 DAGs
[2022-06-14 20:01:19,882] {logging_mixin.py:109} INFO - [2022-06-14 20:01:19,882] {dag.py:2937} INFO - Setting next_dagrun for example_task_group_decorator to 2022-06-13T18:01:19.882609+00:00
[2022-06-14 20:01:19,899] {processor.py:171} INFO - Processing /home/saba/airflow_venv/airflow_venv/lib/python3.6/site-packages/airflow/example_dags/example_task_group_decorator.py took 0.232 seconds
[2022-06-14 20:02:26,773] {processor.py:163} INFO - Started process (PID=968) to work on /home/saba/airflow_venv/airflow_venv/lib/python3.6/site-packages/airflow/example_dags/example_task_group_decorator.py
[2022-06-14 20:02:26,783] {processor.py:642} INFO - Processing file /home/saba/airflow_venv/airflow_venv/lib/python3.6/site-packages/airflow/example_dags/example_task_group_decorator.py for tasks to queue
[2022-06-14 20:02:26,784] {logging_mixin.py:109} INFO - [2022-06-14 20:02:26,784] {dagbag.py:500} INFO - Filling up the DagBag from /home/saba/airflow_venv/airflow_venv/lib/python3.6/site-packages/airflow/example_dags/example_task_group_decorator.py
[2022-06-14 20:02:26,849] {processor.py:652} INFO - DAG(s) dict_keys(['example_task_group_decorator']) retrieved from /home/saba/airflow_venv/airflow_venv/lib/python3.6/site-packages/airflow/example_dags/example_task_group_decorator.py
[2022-06-14 20:02:26,978] {logging_mixin.py:109} INFO - [2022-06-14 20:02:26,978] {dag.py:2398} INFO - Sync 1 DAGs
[2022-06-14 20:02:26,986] {logging_mixin.py:109} INFO - [2022-06-14 20:02:26,986] {dag.py:2937} INFO - Setting next_dagrun for example_task_group_decorator to 2022-06-13T18:02:26.985865+00:00
[2022-06-14 20:02:27,003] {processor.py:171} INFO - Processing /home/saba/airflow_venv/airflow_venv/lib/python3.6/site-packages/airflow/example_dags/example_task_group_decorator.py took 0.232 seconds
[2022-06-14 20:03:32,543] {processor.py:163} INFO - Started process (PID=1028) to work on /home/saba/airflow_venv/airflow_venv/lib/python3.6/site-packages/airflow/example_dags/example_task_group_decorator.py
[2022-06-14 20:03:32,546] {processor.py:642} INFO - Processing file /home/saba/airflow_venv/airflow_venv/lib/python3.6/site-packages/airflow/example_dags/example_task_group_decorator.py for tasks to queue
[2022-06-14 20:03:32,546] {logging_mixin.py:109} INFO - [2022-06-14 20:03:32,546] {dagbag.py:500} INFO - Filling up the DagBag from /home/saba/airflow_venv/airflow_venv/lib/python3.6/site-packages/airflow/example_dags/example_task_group_decorator.py
[2022-06-14 20:03:32,620] {processor.py:652} INFO - DAG(s) dict_keys(['example_task_group_decorator']) retrieved from /home/saba/airflow_venv/airflow_venv/lib/python3.6/site-packages/airflow/example_dags/example_task_group_decorator.py
[2022-06-14 20:03:32,785] {logging_mixin.py:109} INFO - [2022-06-14 20:03:32,785] {dag.py:2398} INFO - Sync 1 DAGs
[2022-06-14 20:03:32,799] {logging_mixin.py:109} INFO - [2022-06-14 20:03:32,799] {dag.py:2937} INFO - Setting next_dagrun for example_task_group_decorator to 2022-06-13T18:03:32.799131+00:00
[2022-06-14 20:03:32,818] {processor.py:171} INFO - Processing /home/saba/airflow_venv/airflow_venv/lib/python3.6/site-packages/airflow/example_dags/example_task_group_decorator.py took 0.276 seconds
[2022-06-14 20:04:40,130] {processor.py:163} INFO - Started process (PID=1088) to work on /home/saba/airflow_venv/airflow_venv/lib/python3.6/site-packages/airflow/example_dags/example_task_group_decorator.py
[2022-06-14 20:04:40,133] {processor.py:642} INFO - Processing file /home/saba/airflow_venv/airflow_venv/lib/python3.6/site-packages/airflow/example_dags/example_task_group_decorator.py for tasks to queue
[2022-06-14 20:04:40,133] {logging_mixin.py:109} INFO - [2022-06-14 20:04:40,133] {dagbag.py:500} INFO - Filling up the DagBag from /home/saba/airflow_venv/airflow_venv/lib/python3.6/site-packages/airflow/example_dags/example_task_group_decorator.py
[2022-06-14 20:04:40,195] {processor.py:652} INFO - DAG(s) dict_keys(['example_task_group_decorator']) retrieved from /home/saba/airflow_venv/airflow_venv/lib/python3.6/site-packages/airflow/example_dags/example_task_group_decorator.py
[2022-06-14 20:04:40,328] {logging_mixin.py:109} INFO - [2022-06-14 20:04:40,327] {dag.py:2398} INFO - Sync 1 DAGs
[2022-06-14 20:04:40,336] {logging_mixin.py:109} INFO - [2022-06-14 20:04:40,336] {dag.py:2937} INFO - Setting next_dagrun for example_task_group_decorator to 2022-06-13T18:04:40.335902+00:00
[2022-06-14 20:04:40,353] {processor.py:171} INFO - Processing /home/saba/airflow_venv/airflow_venv/lib/python3.6/site-packages/airflow/example_dags/example_task_group_decorator.py took 0.225 seconds
[2022-06-14 20:05:42,590] {processor.py:163} INFO - Started process (PID=1147) to work on /home/saba/airflow_venv/airflow_venv/lib/python3.6/site-packages/airflow/example_dags/example_task_group_decorator.py
[2022-06-14 20:05:42,591] {processor.py:642} INFO - Processing file /home/saba/airflow_venv/airflow_venv/lib/python3.6/site-packages/airflow/example_dags/example_task_group_decorator.py for tasks to queue
[2022-06-14 20:05:42,592] {logging_mixin.py:109} INFO - [2022-06-14 20:05:42,592] {dagbag.py:500} INFO - Filling up the DagBag from /home/saba/airflow_venv/airflow_venv/lib/python3.6/site-packages/airflow/example_dags/example_task_group_decorator.py
[2022-06-14 20:05:42,659] {processor.py:652} INFO - DAG(s) dict_keys(['example_task_group_decorator']) retrieved from /home/saba/airflow_venv/airflow_venv/lib/python3.6/site-packages/airflow/example_dags/example_task_group_decorator.py
[2022-06-14 20:05:42,873] {logging_mixin.py:109} INFO - [2022-06-14 20:05:42,873] {dag.py:2398} INFO - Sync 1 DAGs
[2022-06-14 20:05:42,890] {logging_mixin.py:109} INFO - [2022-06-14 20:05:42,889] {dag.py:2937} INFO - Setting next_dagrun for example_task_group_decorator to 2022-06-13T18:05:42.889562+00:00
[2022-06-14 20:05:42,922] {processor.py:171} INFO - Processing /home/saba/airflow_venv/airflow_venv/lib/python3.6/site-packages/airflow/example_dags/example_task_group_decorator.py took 0.334 seconds
[2022-06-14 20:06:47,529] {processor.py:163} INFO - Started process (PID=1207) to work on /home/saba/airflow_venv/airflow_venv/lib/python3.6/site-packages/airflow/example_dags/example_task_group_decorator.py
[2022-06-14 20:06:47,538] {processor.py:642} INFO - Processing file /home/saba/airflow_venv/airflow_venv/lib/python3.6/site-packages/airflow/example_dags/example_task_group_decorator.py for tasks to queue
[2022-06-14 20:06:47,539] {logging_mixin.py:109} INFO - [2022-06-14 20:06:47,539] {dagbag.py:500} INFO - Filling up the DagBag from /home/saba/airflow_venv/airflow_venv/lib/python3.6/site-packages/airflow/example_dags/example_task_group_decorator.py
[2022-06-14 20:06:47,606] {processor.py:652} INFO - DAG(s) dict_keys(['example_task_group_decorator']) retrieved from /home/saba/airflow_venv/airflow_venv/lib/python3.6/site-packages/airflow/example_dags/example_task_group_decorator.py
[2022-06-14 20:06:47,815] {logging_mixin.py:109} INFO - [2022-06-14 20:06:47,814] {dag.py:2398} INFO - Sync 1 DAGs
[2022-06-14 20:06:47,830] {logging_mixin.py:109} INFO - [2022-06-14 20:06:47,830] {dag.py:2937} INFO - Setting next_dagrun for example_task_group_decorator to 2022-06-13T18:06:47.830225+00:00
[2022-06-14 20:06:47,850] {processor.py:171} INFO - Processing /home/saba/airflow_venv/airflow_venv/lib/python3.6/site-packages/airflow/example_dags/example_task_group_decorator.py took 0.323 seconds
[2022-06-14 20:07:50,765] {processor.py:163} INFO - Started process (PID=1267) to work on /home/saba/airflow_venv/airflow_venv/lib/python3.6/site-packages/airflow/example_dags/example_task_group_decorator.py
[2022-06-14 20:07:50,767] {processor.py:642} INFO - Processing file /home/saba/airflow_venv/airflow_venv/lib/python3.6/site-packages/airflow/example_dags/example_task_group_decorator.py for tasks to queue
[2022-06-14 20:07:50,767] {logging_mixin.py:109} INFO - [2022-06-14 20:07:50,767] {dagbag.py:500} INFO - Filling up the DagBag from /home/saba/airflow_venv/airflow_venv/lib/python3.6/site-packages/airflow/example_dags/example_task_group_decorator.py
[2022-06-14 20:07:50,787] {processor.py:652} INFO - DAG(s) dict_keys(['example_task_group_decorator']) retrieved from /home/saba/airflow_venv/airflow_venv/lib/python3.6/site-packages/airflow/example_dags/example_task_group_decorator.py
[2022-06-14 20:07:50,918] {logging_mixin.py:109} INFO - [2022-06-14 20:07:50,917] {dag.py:2398} INFO - Sync 1 DAGs
[2022-06-14 20:07:50,925] {logging_mixin.py:109} INFO - [2022-06-14 20:07:50,925] {dag.py:2937} INFO - Setting next_dagrun for example_task_group_decorator to 2022-06-13T18:07:50.925669+00:00
[2022-06-14 20:07:50,945] {processor.py:171} INFO - Processing /home/saba/airflow_venv/airflow_venv/lib/python3.6/site-packages/airflow/example_dags/example_task_group_decorator.py took 0.182 seconds
[2022-06-14 20:08:50,067] {processor.py:163} INFO - Started process (PID=1325) to work on /home/saba/airflow_venv/airflow_venv/lib/python3.6/site-packages/airflow/example_dags/example_task_group_decorator.py
[2022-06-14 20:08:50,077] {processor.py:642} INFO - Processing file /home/saba/airflow_venv/airflow_venv/lib/python3.6/site-packages/airflow/example_dags/example_task_group_decorator.py for tasks to queue
[2022-06-14 20:08:50,078] {logging_mixin.py:109} INFO - [2022-06-14 20:08:50,077] {dagbag.py:500} INFO - Filling up the DagBag from /home/saba/airflow_venv/airflow_venv/lib/python3.6/site-packages/airflow/example_dags/example_task_group_decorator.py
[2022-06-14 20:08:50,099] {processor.py:652} INFO - DAG(s) dict_keys(['example_task_group_decorator']) retrieved from /home/saba/airflow_venv/airflow_venv/lib/python3.6/site-packages/airflow/example_dags/example_task_group_decorator.py
[2022-06-14 20:08:50,229] {logging_mixin.py:109} INFO - [2022-06-14 20:08:50,229] {dag.py:2398} INFO - Sync 1 DAGs
[2022-06-14 20:08:50,238] {logging_mixin.py:109} INFO - [2022-06-14 20:08:50,238] {dag.py:2937} INFO - Setting next_dagrun for example_task_group_decorator to 2022-06-13T18:08:50.237961+00:00
[2022-06-14 20:08:50,254] {processor.py:171} INFO - Processing /home/saba/airflow_venv/airflow_venv/lib/python3.6/site-packages/airflow/example_dags/example_task_group_decorator.py took 0.189 seconds
[2022-06-14 20:09:49,615] {processor.py:163} INFO - Started process (PID=1384) to work on /home/saba/airflow_venv/airflow_venv/lib/python3.6/site-packages/airflow/example_dags/example_task_group_decorator.py
[2022-06-14 20:09:49,617] {processor.py:642} INFO - Processing file /home/saba/airflow_venv/airflow_venv/lib/python3.6/site-packages/airflow/example_dags/example_task_group_decorator.py for tasks to queue
[2022-06-14 20:09:49,617] {logging_mixin.py:109} INFO - [2022-06-14 20:09:49,617] {dagbag.py:500} INFO - Filling up the DagBag from /home/saba/airflow_venv/airflow_venv/lib/python3.6/site-packages/airflow/example_dags/example_task_group_decorator.py
[2022-06-14 20:09:49,639] {processor.py:652} INFO - DAG(s) dict_keys(['example_task_group_decorator']) retrieved from /home/saba/airflow_venv/airflow_venv/lib/python3.6/site-packages/airflow/example_dags/example_task_group_decorator.py
[2022-06-14 20:09:49,778] {logging_mixin.py:109} INFO - [2022-06-14 20:09:49,778] {dag.py:2398} INFO - Sync 1 DAGs
[2022-06-14 20:09:49,786] {logging_mixin.py:109} INFO - [2022-06-14 20:09:49,786] {dag.py:2937} INFO - Setting next_dagrun for example_task_group_decorator to 2022-06-13T18:09:49.786240+00:00
[2022-06-14 20:09:49,808] {processor.py:171} INFO - Processing /home/saba/airflow_venv/airflow_venv/lib/python3.6/site-packages/airflow/example_dags/example_task_group_decorator.py took 0.195 seconds
[2022-06-14 20:10:48,229] {processor.py:163} INFO - Started process (PID=1442) to work on /home/saba/airflow_venv/airflow_venv/lib/python3.6/site-packages/airflow/example_dags/example_task_group_decorator.py
[2022-06-14 20:10:48,239] {processor.py:642} INFO - Processing file /home/saba/airflow_venv/airflow_venv/lib/python3.6/site-packages/airflow/example_dags/example_task_group_decorator.py for tasks to queue
[2022-06-14 20:10:48,239] {logging_mixin.py:109} INFO - [2022-06-14 20:10:48,239] {dagbag.py:500} INFO - Filling up the DagBag from /home/saba/airflow_venv/airflow_venv/lib/python3.6/site-packages/airflow/example_dags/example_task_group_decorator.py
[2022-06-14 20:10:48,262] {processor.py:652} INFO - DAG(s) dict_keys(['example_task_group_decorator']) retrieved from /home/saba/airflow_venv/airflow_venv/lib/python3.6/site-packages/airflow/example_dags/example_task_group_decorator.py
[2022-06-14 20:10:48,406] {logging_mixin.py:109} INFO - [2022-06-14 20:10:48,406] {dag.py:2398} INFO - Sync 1 DAGs
[2022-06-14 20:10:48,415] {logging_mixin.py:109} INFO - [2022-06-14 20:10:48,415] {dag.py:2937} INFO - Setting next_dagrun for example_task_group_decorator to 2022-06-13T18:10:48.415379+00:00
[2022-06-14 20:10:48,432] {processor.py:171} INFO - Processing /home/saba/airflow_venv/airflow_venv/lib/python3.6/site-packages/airflow/example_dags/example_task_group_decorator.py took 0.204 seconds
[2022-06-14 20:11:49,567] {processor.py:163} INFO - Started process (PID=1502) to work on /home/saba/airflow_venv/airflow_venv/lib/python3.6/site-packages/airflow/example_dags/example_task_group_decorator.py
[2022-06-14 20:11:49,570] {processor.py:642} INFO - Processing file /home/saba/airflow_venv/airflow_venv/lib/python3.6/site-packages/airflow/example_dags/example_task_group_decorator.py for tasks to queue
[2022-06-14 20:11:49,570] {logging_mixin.py:109} INFO - [2022-06-14 20:11:49,570] {dagbag.py:500} INFO - Filling up the DagBag from /home/saba/airflow_venv/airflow_venv/lib/python3.6/site-packages/airflow/example_dags/example_task_group_decorator.py
[2022-06-14 20:11:49,593] {processor.py:652} INFO - DAG(s) dict_keys(['example_task_group_decorator']) retrieved from /home/saba/airflow_venv/airflow_venv/lib/python3.6/site-packages/airflow/example_dags/example_task_group_decorator.py
[2022-06-14 20:11:49,733] {logging_mixin.py:109} INFO - [2022-06-14 20:11:49,733] {dag.py:2398} INFO - Sync 1 DAGs
[2022-06-14 20:11:49,741] {logging_mixin.py:109} INFO - [2022-06-14 20:11:49,741] {dag.py:2937} INFO - Setting next_dagrun for example_task_group_decorator to 2022-06-13T18:11:49.740923+00:00
[2022-06-14 20:11:49,763] {processor.py:171} INFO - Processing /home/saba/airflow_venv/airflow_venv/lib/python3.6/site-packages/airflow/example_dags/example_task_group_decorator.py took 0.198 seconds
[2022-06-14 20:12:49,386] {processor.py:163} INFO - Started process (PID=1561) to work on /home/saba/airflow_venv/airflow_venv/lib/python3.6/site-packages/airflow/example_dags/example_task_group_decorator.py
[2022-06-14 20:12:49,397] {processor.py:642} INFO - Processing file /home/saba/airflow_venv/airflow_venv/lib/python3.6/site-packages/airflow/example_dags/example_task_group_decorator.py for tasks to queue
[2022-06-14 20:12:49,397] {logging_mixin.py:109} INFO - [2022-06-14 20:12:49,397] {dagbag.py:500} INFO - Filling up the DagBag from /home/saba/airflow_venv/airflow_venv/lib/python3.6/site-packages/airflow/example_dags/example_task_group_decorator.py
[2022-06-14 20:12:49,419] {processor.py:652} INFO - DAG(s) dict_keys(['example_task_group_decorator']) retrieved from /home/saba/airflow_venv/airflow_venv/lib/python3.6/site-packages/airflow/example_dags/example_task_group_decorator.py
[2022-06-14 20:12:49,558] {logging_mixin.py:109} INFO - [2022-06-14 20:12:49,557] {dag.py:2398} INFO - Sync 1 DAGs
[2022-06-14 20:12:49,566] {logging_mixin.py:109} INFO - [2022-06-14 20:12:49,566] {dag.py:2937} INFO - Setting next_dagrun for example_task_group_decorator to 2022-06-13T18:12:49.566372+00:00
[2022-06-14 20:12:49,582] {processor.py:171} INFO - Processing /home/saba/airflow_venv/airflow_venv/lib/python3.6/site-packages/airflow/example_dags/example_task_group_decorator.py took 0.198 seconds
[2022-06-14 20:13:49,284] {processor.py:163} INFO - Started process (PID=1620) to work on /home/saba/airflow_venv/airflow_venv/lib/python3.6/site-packages/airflow/example_dags/example_task_group_decorator.py
[2022-06-14 20:13:49,286] {processor.py:642} INFO - Processing file /home/saba/airflow_venv/airflow_venv/lib/python3.6/site-packages/airflow/example_dags/example_task_group_decorator.py for tasks to queue
[2022-06-14 20:13:49,286] {logging_mixin.py:109} INFO - [2022-06-14 20:13:49,286] {dagbag.py:500} INFO - Filling up the DagBag from /home/saba/airflow_venv/airflow_venv/lib/python3.6/site-packages/airflow/example_dags/example_task_group_decorator.py
[2022-06-14 20:13:49,308] {processor.py:652} INFO - DAG(s) dict_keys(['example_task_group_decorator']) retrieved from /home/saba/airflow_venv/airflow_venv/lib/python3.6/site-packages/airflow/example_dags/example_task_group_decorator.py
[2022-06-14 20:13:49,447] {logging_mixin.py:109} INFO - [2022-06-14 20:13:49,447] {dag.py:2398} INFO - Sync 1 DAGs
[2022-06-14 20:13:49,455] {logging_mixin.py:109} INFO - [2022-06-14 20:13:49,455] {dag.py:2937} INFO - Setting next_dagrun for example_task_group_decorator to 2022-06-13T18:13:49.454821+00:00
[2022-06-14 20:13:49,472] {processor.py:171} INFO - Processing /home/saba/airflow_venv/airflow_venv/lib/python3.6/site-packages/airflow/example_dags/example_task_group_decorator.py took 0.190 seconds
[2022-06-14 20:14:51,381] {processor.py:163} INFO - Started process (PID=1682) to work on /home/saba/airflow_venv/airflow_venv/lib/python3.6/site-packages/airflow/example_dags/example_task_group_decorator.py
[2022-06-14 20:14:51,392] {processor.py:642} INFO - Processing file /home/saba/airflow_venv/airflow_venv/lib/python3.6/site-packages/airflow/example_dags/example_task_group_decorator.py for tasks to queue
[2022-06-14 20:14:51,393] {logging_mixin.py:109} INFO - [2022-06-14 20:14:51,392] {dagbag.py:500} INFO - Filling up the DagBag from /home/saba/airflow_venv/airflow_venv/lib/python3.6/site-packages/airflow/example_dags/example_task_group_decorator.py
[2022-06-14 20:14:51,416] {processor.py:652} INFO - DAG(s) dict_keys(['example_task_group_decorator']) retrieved from /home/saba/airflow_venv/airflow_venv/lib/python3.6/site-packages/airflow/example_dags/example_task_group_decorator.py
[2022-06-14 20:14:51,555] {logging_mixin.py:109} INFO - [2022-06-14 20:14:51,555] {dag.py:2398} INFO - Sync 1 DAGs
[2022-06-14 20:14:51,563] {logging_mixin.py:109} INFO - [2022-06-14 20:14:51,563] {dag.py:2937} INFO - Setting next_dagrun for example_task_group_decorator to 2022-06-13T18:14:51.563145+00:00
[2022-06-14 20:14:51,579] {processor.py:171} INFO - Processing /home/saba/airflow_venv/airflow_venv/lib/python3.6/site-packages/airflow/example_dags/example_task_group_decorator.py took 0.200 seconds
[2022-06-14 20:15:55,701] {processor.py:163} INFO - Started process (PID=1742) to work on /home/saba/airflow_venv/airflow_venv/lib/python3.6/site-packages/airflow/example_dags/example_task_group_decorator.py
[2022-06-14 20:15:55,705] {processor.py:642} INFO - Processing file /home/saba/airflow_venv/airflow_venv/lib/python3.6/site-packages/airflow/example_dags/example_task_group_decorator.py for tasks to queue
[2022-06-14 20:15:55,706] {logging_mixin.py:109} INFO - [2022-06-14 20:15:55,705] {dagbag.py:500} INFO - Filling up the DagBag from /home/saba/airflow_venv/airflow_venv/lib/python3.6/site-packages/airflow/example_dags/example_task_group_decorator.py
[2022-06-14 20:15:55,761] {processor.py:652} INFO - DAG(s) dict_keys(['example_task_group_decorator']) retrieved from /home/saba/airflow_venv/airflow_venv/lib/python3.6/site-packages/airflow/example_dags/example_task_group_decorator.py
[2022-06-14 20:15:56,171] {logging_mixin.py:109} INFO - [2022-06-14 20:15:56,170] {dag.py:2398} INFO - Sync 1 DAGs
[2022-06-14 20:15:56,193] {logging_mixin.py:109} INFO - [2022-06-14 20:15:56,192] {dag.py:2937} INFO - Setting next_dagrun for example_task_group_decorator to 2022-06-13T18:15:56.190715+00:00
[2022-06-14 20:15:56,237] {processor.py:171} INFO - Processing /home/saba/airflow_venv/airflow_venv/lib/python3.6/site-packages/airflow/example_dags/example_task_group_decorator.py took 0.540 seconds
[2022-06-14 20:17:10,866] {processor.py:163} INFO - Started process (PID=1802) to work on /home/saba/airflow_venv/airflow_venv/lib/python3.6/site-packages/airflow/example_dags/example_task_group_decorator.py
[2022-06-14 20:17:10,876] {processor.py:642} INFO - Processing file /home/saba/airflow_venv/airflow_venv/lib/python3.6/site-packages/airflow/example_dags/example_task_group_decorator.py for tasks to queue
[2022-06-14 20:17:10,878] {logging_mixin.py:109} INFO - [2022-06-14 20:17:10,877] {dagbag.py:500} INFO - Filling up the DagBag from /home/saba/airflow_venv/airflow_venv/lib/python3.6/site-packages/airflow/example_dags/example_task_group_decorator.py
[2022-06-14 20:17:10,949] {processor.py:652} INFO - DAG(s) dict_keys(['example_task_group_decorator']) retrieved from /home/saba/airflow_venv/airflow_venv/lib/python3.6/site-packages/airflow/example_dags/example_task_group_decorator.py
[2022-06-14 20:17:11,369] {logging_mixin.py:109} INFO - [2022-06-14 20:17:11,369] {dag.py:2398} INFO - Sync 1 DAGs
[2022-06-14 20:17:11,396] {logging_mixin.py:109} INFO - [2022-06-14 20:17:11,396] {dag.py:2937} INFO - Setting next_dagrun for example_task_group_decorator to 2022-06-13T18:17:11.396023+00:00
[2022-06-14 20:17:11,433] {processor.py:171} INFO - Processing /home/saba/airflow_venv/airflow_venv/lib/python3.6/site-packages/airflow/example_dags/example_task_group_decorator.py took 0.571 seconds
[2022-06-14 20:18:26,150] {processor.py:163} INFO - Started process (PID=1863) to work on /home/saba/airflow_venv/airflow_venv/lib/python3.6/site-packages/airflow/example_dags/example_task_group_decorator.py
[2022-06-14 20:18:26,161] {processor.py:642} INFO - Processing file /home/saba/airflow_venv/airflow_venv/lib/python3.6/site-packages/airflow/example_dags/example_task_group_decorator.py for tasks to queue
[2022-06-14 20:18:26,163] {logging_mixin.py:109} INFO - [2022-06-14 20:18:26,162] {dagbag.py:500} INFO - Filling up the DagBag from /home/saba/airflow_venv/airflow_venv/lib/python3.6/site-packages/airflow/example_dags/example_task_group_decorator.py
[2022-06-14 20:18:26,208] {processor.py:652} INFO - DAG(s) dict_keys(['example_task_group_decorator']) retrieved from /home/saba/airflow_venv/airflow_venv/lib/python3.6/site-packages/airflow/example_dags/example_task_group_decorator.py
[2022-06-14 20:18:26,550] {logging_mixin.py:109} INFO - [2022-06-14 20:18:26,549] {dag.py:2398} INFO - Sync 1 DAGs
[2022-06-14 20:18:26,576] {logging_mixin.py:109} INFO - [2022-06-14 20:18:26,576] {dag.py:2937} INFO - Setting next_dagrun for example_task_group_decorator to 2022-06-13T18:18:26.576208+00:00
[2022-06-14 20:18:26,613] {processor.py:171} INFO - Processing /home/saba/airflow_venv/airflow_venv/lib/python3.6/site-packages/airflow/example_dags/example_task_group_decorator.py took 0.467 seconds
[2022-06-14 20:19:41,913] {processor.py:163} INFO - Started process (PID=1924) to work on /home/saba/airflow_venv/airflow_venv/lib/python3.6/site-packages/airflow/example_dags/example_task_group_decorator.py
[2022-06-14 20:19:41,924] {processor.py:642} INFO - Processing file /home/saba/airflow_venv/airflow_venv/lib/python3.6/site-packages/airflow/example_dags/example_task_group_decorator.py for tasks to queue
[2022-06-14 20:19:41,925] {logging_mixin.py:109} INFO - [2022-06-14 20:19:41,925] {dagbag.py:500} INFO - Filling up the DagBag from /home/saba/airflow_venv/airflow_venv/lib/python3.6/site-packages/airflow/example_dags/example_task_group_decorator.py
[2022-06-14 20:19:41,981] {processor.py:652} INFO - DAG(s) dict_keys(['example_task_group_decorator']) retrieved from /home/saba/airflow_venv/airflow_venv/lib/python3.6/site-packages/airflow/example_dags/example_task_group_decorator.py
[2022-06-14 20:19:42,321] {logging_mixin.py:109} INFO - [2022-06-14 20:19:42,321] {dag.py:2398} INFO - Sync 1 DAGs
[2022-06-14 20:19:42,346] {logging_mixin.py:109} INFO - [2022-06-14 20:19:42,346] {dag.py:2937} INFO - Setting next_dagrun for example_task_group_decorator to 2022-06-13T18:19:42.345652+00:00
[2022-06-14 20:19:42,382] {processor.py:171} INFO - Processing /home/saba/airflow_venv/airflow_venv/lib/python3.6/site-packages/airflow/example_dags/example_task_group_decorator.py took 0.476 seconds
[2022-06-14 20:20:59,186] {processor.py:163} INFO - Started process (PID=1985) to work on /home/saba/airflow_venv/airflow_venv/lib/python3.6/site-packages/airflow/example_dags/example_task_group_decorator.py
[2022-06-14 20:20:59,198] {processor.py:642} INFO - Processing file /home/saba/airflow_venv/airflow_venv/lib/python3.6/site-packages/airflow/example_dags/example_task_group_decorator.py for tasks to queue
[2022-06-14 20:20:59,199] {logging_mixin.py:109} INFO - [2022-06-14 20:20:59,199] {dagbag.py:500} INFO - Filling up the DagBag from /home/saba/airflow_venv/airflow_venv/lib/python3.6/site-packages/airflow/example_dags/example_task_group_decorator.py
[2022-06-14 20:20:59,263] {processor.py:652} INFO - DAG(s) dict_keys(['example_task_group_decorator']) retrieved from /home/saba/airflow_venv/airflow_venv/lib/python3.6/site-packages/airflow/example_dags/example_task_group_decorator.py
[2022-06-14 20:20:59,692] {logging_mixin.py:109} INFO - [2022-06-14 20:20:59,692] {dag.py:2398} INFO - Sync 1 DAGs
[2022-06-14 20:20:59,718] {logging_mixin.py:109} INFO - [2022-06-14 20:20:59,718] {dag.py:2937} INFO - Setting next_dagrun for example_task_group_decorator to 2022-06-13T18:20:59.718322+00:00
[2022-06-14 20:20:59,758] {processor.py:171} INFO - Processing /home/saba/airflow_venv/airflow_venv/lib/python3.6/site-packages/airflow/example_dags/example_task_group_decorator.py took 0.577 seconds
[2022-06-14 20:22:14,127] {processor.py:163} INFO - Started process (PID=2046) to work on /home/saba/airflow_venv/airflow_venv/lib/python3.6/site-packages/airflow/example_dags/example_task_group_decorator.py
[2022-06-14 20:22:14,138] {processor.py:642} INFO - Processing file /home/saba/airflow_venv/airflow_venv/lib/python3.6/site-packages/airflow/example_dags/example_task_group_decorator.py for tasks to queue
[2022-06-14 20:22:14,139] {logging_mixin.py:109} INFO - [2022-06-14 20:22:14,139] {dagbag.py:500} INFO - Filling up the DagBag from /home/saba/airflow_venv/airflow_venv/lib/python3.6/site-packages/airflow/example_dags/example_task_group_decorator.py
[2022-06-14 20:22:14,211] {processor.py:652} INFO - DAG(s) dict_keys(['example_task_group_decorator']) retrieved from /home/saba/airflow_venv/airflow_venv/lib/python3.6/site-packages/airflow/example_dags/example_task_group_decorator.py
[2022-06-14 20:22:14,652] {logging_mixin.py:109} INFO - [2022-06-14 20:22:14,651] {dag.py:2398} INFO - Sync 1 DAGs
[2022-06-14 20:22:14,679] {logging_mixin.py:109} INFO - [2022-06-14 20:22:14,679] {dag.py:2937} INFO - Setting next_dagrun for example_task_group_decorator to 2022-06-13T18:22:14.678647+00:00
[2022-06-14 20:22:14,715] {processor.py:171} INFO - Processing /home/saba/airflow_venv/airflow_venv/lib/python3.6/site-packages/airflow/example_dags/example_task_group_decorator.py took 0.594 seconds
[2022-06-14 20:23:29,899] {processor.py:163} INFO - Started process (PID=2107) to work on /home/saba/airflow_venv/airflow_venv/lib/python3.6/site-packages/airflow/example_dags/example_task_group_decorator.py
[2022-06-14 20:23:29,903] {processor.py:642} INFO - Processing file /home/saba/airflow_venv/airflow_venv/lib/python3.6/site-packages/airflow/example_dags/example_task_group_decorator.py for tasks to queue
[2022-06-14 20:23:29,904] {logging_mixin.py:109} INFO - [2022-06-14 20:23:29,904] {dagbag.py:500} INFO - Filling up the DagBag from /home/saba/airflow_venv/airflow_venv/lib/python3.6/site-packages/airflow/example_dags/example_task_group_decorator.py
[2022-06-14 20:23:29,963] {processor.py:652} INFO - DAG(s) dict_keys(['example_task_group_decorator']) retrieved from /home/saba/airflow_venv/airflow_venv/lib/python3.6/site-packages/airflow/example_dags/example_task_group_decorator.py
[2022-06-14 20:23:30,379] {logging_mixin.py:109} INFO - [2022-06-14 20:23:30,379] {dag.py:2398} INFO - Sync 1 DAGs
[2022-06-14 20:23:30,415] {logging_mixin.py:109} INFO - [2022-06-14 20:23:30,415] {dag.py:2937} INFO - Setting next_dagrun for example_task_group_decorator to 2022-06-13T18:23:30.414033+00:00
[2022-06-14 20:23:30,441] {processor.py:171} INFO - Processing /home/saba/airflow_venv/airflow_venv/lib/python3.6/site-packages/airflow/example_dags/example_task_group_decorator.py took 0.548 seconds
[2022-06-14 20:24:46,162] {processor.py:163} INFO - Started process (PID=2168) to work on /home/saba/airflow_venv/airflow_venv/lib/python3.6/site-packages/airflow/example_dags/example_task_group_decorator.py
[2022-06-14 20:24:46,173] {processor.py:642} INFO - Processing file /home/saba/airflow_venv/airflow_venv/lib/python3.6/site-packages/airflow/example_dags/example_task_group_decorator.py for tasks to queue
[2022-06-14 20:24:46,174] {logging_mixin.py:109} INFO - [2022-06-14 20:24:46,173] {dagbag.py:500} INFO - Filling up the DagBag from /home/saba/airflow_venv/airflow_venv/lib/python3.6/site-packages/airflow/example_dags/example_task_group_decorator.py
[2022-06-14 20:24:46,227] {processor.py:652} INFO - DAG(s) dict_keys(['example_task_group_decorator']) retrieved from /home/saba/airflow_venv/airflow_venv/lib/python3.6/site-packages/airflow/example_dags/example_task_group_decorator.py
[2022-06-14 20:24:46,590] {logging_mixin.py:109} INFO - [2022-06-14 20:24:46,590] {dag.py:2398} INFO - Sync 1 DAGs
[2022-06-14 20:24:46,616] {logging_mixin.py:109} INFO - [2022-06-14 20:24:46,616] {dag.py:2937} INFO - Setting next_dagrun for example_task_group_decorator to 2022-06-13T18:24:46.615830+00:00
[2022-06-14 20:24:46,645] {processor.py:171} INFO - Processing /home/saba/airflow_venv/airflow_venv/lib/python3.6/site-packages/airflow/example_dags/example_task_group_decorator.py took 0.489 seconds
[2022-06-14 20:25:59,692] {processor.py:163} INFO - Started process (PID=2229) to work on /home/saba/airflow_venv/airflow_venv/lib/python3.6/site-packages/airflow/example_dags/example_task_group_decorator.py
[2022-06-14 20:25:59,694] {processor.py:642} INFO - Processing file /home/saba/airflow_venv/airflow_venv/lib/python3.6/site-packages/airflow/example_dags/example_task_group_decorator.py for tasks to queue
[2022-06-14 20:25:59,695] {logging_mixin.py:109} INFO - [2022-06-14 20:25:59,695] {dagbag.py:500} INFO - Filling up the DagBag from /home/saba/airflow_venv/airflow_venv/lib/python3.6/site-packages/airflow/example_dags/example_task_group_decorator.py
[2022-06-14 20:25:59,755] {processor.py:652} INFO - DAG(s) dict_keys(['example_task_group_decorator']) retrieved from /home/saba/airflow_venv/airflow_venv/lib/python3.6/site-packages/airflow/example_dags/example_task_group_decorator.py
[2022-06-14 20:26:00,144] {logging_mixin.py:109} INFO - [2022-06-14 20:26:00,144] {dag.py:2398} INFO - Sync 1 DAGs
[2022-06-14 20:26:00,173] {logging_mixin.py:109} INFO - [2022-06-14 20:26:00,172] {dag.py:2937} INFO - Setting next_dagrun for example_task_group_decorator to 2022-06-13T18:26:00.172087+00:00
[2022-06-14 20:26:00,203] {processor.py:171} INFO - Processing /home/saba/airflow_venv/airflow_venv/lib/python3.6/site-packages/airflow/example_dags/example_task_group_decorator.py took 0.515 seconds
[2022-06-14 20:27:15,701] {processor.py:163} INFO - Started process (PID=2290) to work on /home/saba/airflow_venv/airflow_venv/lib/python3.6/site-packages/airflow/example_dags/example_task_group_decorator.py
[2022-06-14 20:27:15,704] {processor.py:642} INFO - Processing file /home/saba/airflow_venv/airflow_venv/lib/python3.6/site-packages/airflow/example_dags/example_task_group_decorator.py for tasks to queue
[2022-06-14 20:27:15,705] {logging_mixin.py:109} INFO - [2022-06-14 20:27:15,705] {dagbag.py:500} INFO - Filling up the DagBag from /home/saba/airflow_venv/airflow_venv/lib/python3.6/site-packages/airflow/example_dags/example_task_group_decorator.py
[2022-06-14 20:27:15,763] {processor.py:652} INFO - DAG(s) dict_keys(['example_task_group_decorator']) retrieved from /home/saba/airflow_venv/airflow_venv/lib/python3.6/site-packages/airflow/example_dags/example_task_group_decorator.py
[2022-06-14 20:27:16,124] {logging_mixin.py:109} INFO - [2022-06-14 20:27:16,123] {dag.py:2398} INFO - Sync 1 DAGs
[2022-06-14 20:27:16,150] {logging_mixin.py:109} INFO - [2022-06-14 20:27:16,150] {dag.py:2937} INFO - Setting next_dagrun for example_task_group_decorator to 2022-06-13T18:27:16.150087+00:00
[2022-06-14 20:27:16,193] {processor.py:171} INFO - Processing /home/saba/airflow_venv/airflow_venv/lib/python3.6/site-packages/airflow/example_dags/example_task_group_decorator.py took 0.498 seconds
[2022-06-14 20:28:32,335] {processor.py:163} INFO - Started process (PID=2351) to work on /home/saba/airflow_venv/airflow_venv/lib/python3.6/site-packages/airflow/example_dags/example_task_group_decorator.py
[2022-06-14 20:28:32,338] {processor.py:642} INFO - Processing file /home/saba/airflow_venv/airflow_venv/lib/python3.6/site-packages/airflow/example_dags/example_task_group_decorator.py for tasks to queue
[2022-06-14 20:28:32,339] {logging_mixin.py:109} INFO - [2022-06-14 20:28:32,339] {dagbag.py:500} INFO - Filling up the DagBag from /home/saba/airflow_venv/airflow_venv/lib/python3.6/site-packages/airflow/example_dags/example_task_group_decorator.py
[2022-06-14 20:28:32,384] {processor.py:652} INFO - DAG(s) dict_keys(['example_task_group_decorator']) retrieved from /home/saba/airflow_venv/airflow_venv/lib/python3.6/site-packages/airflow/example_dags/example_task_group_decorator.py
[2022-06-14 20:28:32,721] {logging_mixin.py:109} INFO - [2022-06-14 20:28:32,721] {dag.py:2398} INFO - Sync 1 DAGs
[2022-06-14 20:28:32,748] {logging_mixin.py:109} INFO - [2022-06-14 20:28:32,748] {dag.py:2937} INFO - Setting next_dagrun for example_task_group_decorator to 2022-06-13T18:28:32.747734+00:00
[2022-06-14 20:28:32,785] {processor.py:171} INFO - Processing /home/saba/airflow_venv/airflow_venv/lib/python3.6/site-packages/airflow/example_dags/example_task_group_decorator.py took 0.455 seconds
[2022-06-14 20:29:48,815] {processor.py:163} INFO - Started process (PID=2412) to work on /home/saba/airflow_venv/airflow_venv/lib/python3.6/site-packages/airflow/example_dags/example_task_group_decorator.py
[2022-06-14 20:29:48,826] {processor.py:642} INFO - Processing file /home/saba/airflow_venv/airflow_venv/lib/python3.6/site-packages/airflow/example_dags/example_task_group_decorator.py for tasks to queue
[2022-06-14 20:29:48,827] {logging_mixin.py:109} INFO - [2022-06-14 20:29:48,827] {dagbag.py:500} INFO - Filling up the DagBag from /home/saba/airflow_venv/airflow_venv/lib/python3.6/site-packages/airflow/example_dags/example_task_group_decorator.py
[2022-06-14 20:29:48,884] {processor.py:652} INFO - DAG(s) dict_keys(['example_task_group_decorator']) retrieved from /home/saba/airflow_venv/airflow_venv/lib/python3.6/site-packages/airflow/example_dags/example_task_group_decorator.py
[2022-06-14 20:29:49,310] {logging_mixin.py:109} INFO - [2022-06-14 20:29:49,310] {dag.py:2398} INFO - Sync 1 DAGs
[2022-06-14 20:29:49,334] {logging_mixin.py:109} INFO - [2022-06-14 20:29:49,333] {dag.py:2937} INFO - Setting next_dagrun for example_task_group_decorator to 2022-06-13T18:29:49.333481+00:00
[2022-06-14 20:29:49,375] {processor.py:171} INFO - Processing /home/saba/airflow_venv/airflow_venv/lib/python3.6/site-packages/airflow/example_dags/example_task_group_decorator.py took 0.563 seconds
[2022-06-14 20:30:55,746] {processor.py:163} INFO - Started process (PID=2475) to work on /home/saba/airflow_venv/airflow_venv/lib/python3.6/site-packages/airflow/example_dags/example_task_group_decorator.py
[2022-06-14 20:30:55,748] {processor.py:642} INFO - Processing file /home/saba/airflow_venv/airflow_venv/lib/python3.6/site-packages/airflow/example_dags/example_task_group_decorator.py for tasks to queue
[2022-06-14 20:30:55,748] {logging_mixin.py:109} INFO - [2022-06-14 20:30:55,748] {dagbag.py:500} INFO - Filling up the DagBag from /home/saba/airflow_venv/airflow_venv/lib/python3.6/site-packages/airflow/example_dags/example_task_group_decorator.py
[2022-06-14 20:30:55,771] {processor.py:652} INFO - DAG(s) dict_keys(['example_task_group_decorator']) retrieved from /home/saba/airflow_venv/airflow_venv/lib/python3.6/site-packages/airflow/example_dags/example_task_group_decorator.py
[2022-06-14 20:30:55,906] {logging_mixin.py:109} INFO - [2022-06-14 20:30:55,906] {dag.py:2398} INFO - Sync 1 DAGs
[2022-06-14 20:30:55,916] {logging_mixin.py:109} INFO - [2022-06-14 20:30:55,916] {dag.py:2937} INFO - Setting next_dagrun for example_task_group_decorator to 2022-06-13T18:30:55.916511+00:00
[2022-06-14 20:30:55,933] {processor.py:171} INFO - Processing /home/saba/airflow_venv/airflow_venv/lib/python3.6/site-packages/airflow/example_dags/example_task_group_decorator.py took 0.189 seconds
[2022-06-14 20:31:57,031] {processor.py:163} INFO - Started process (PID=2535) to work on /home/saba/airflow_venv/airflow_venv/lib/python3.6/site-packages/airflow/example_dags/example_task_group_decorator.py
[2022-06-14 20:31:57,042] {processor.py:642} INFO - Processing file /home/saba/airflow_venv/airflow_venv/lib/python3.6/site-packages/airflow/example_dags/example_task_group_decorator.py for tasks to queue
[2022-06-14 20:31:57,042] {logging_mixin.py:109} INFO - [2022-06-14 20:31:57,042] {dagbag.py:500} INFO - Filling up the DagBag from /home/saba/airflow_venv/airflow_venv/lib/python3.6/site-packages/airflow/example_dags/example_task_group_decorator.py
[2022-06-14 20:31:57,064] {processor.py:652} INFO - DAG(s) dict_keys(['example_task_group_decorator']) retrieved from /home/saba/airflow_venv/airflow_venv/lib/python3.6/site-packages/airflow/example_dags/example_task_group_decorator.py
[2022-06-14 20:31:57,206] {logging_mixin.py:109} INFO - [2022-06-14 20:31:57,206] {dag.py:2398} INFO - Sync 1 DAGs
[2022-06-14 20:31:57,215] {logging_mixin.py:109} INFO - [2022-06-14 20:31:57,215] {dag.py:2937} INFO - Setting next_dagrun for example_task_group_decorator to 2022-06-13T18:31:57.215254+00:00
[2022-06-14 20:31:57,232] {processor.py:171} INFO - Processing /home/saba/airflow_venv/airflow_venv/lib/python3.6/site-packages/airflow/example_dags/example_task_group_decorator.py took 0.203 seconds
[2022-06-14 20:32:56,800] {processor.py:163} INFO - Started process (PID=2594) to work on /home/saba/airflow_venv/airflow_venv/lib/python3.6/site-packages/airflow/example_dags/example_task_group_decorator.py
[2022-06-14 20:32:56,810] {processor.py:642} INFO - Processing file /home/saba/airflow_venv/airflow_venv/lib/python3.6/site-packages/airflow/example_dags/example_task_group_decorator.py for tasks to queue
[2022-06-14 20:32:56,811] {logging_mixin.py:109} INFO - [2022-06-14 20:32:56,811] {dagbag.py:500} INFO - Filling up the DagBag from /home/saba/airflow_venv/airflow_venv/lib/python3.6/site-packages/airflow/example_dags/example_task_group_decorator.py
[2022-06-14 20:32:56,833] {processor.py:652} INFO - DAG(s) dict_keys(['example_task_group_decorator']) retrieved from /home/saba/airflow_venv/airflow_venv/lib/python3.6/site-packages/airflow/example_dags/example_task_group_decorator.py
[2022-06-14 20:32:56,968] {logging_mixin.py:109} INFO - [2022-06-14 20:32:56,968] {dag.py:2398} INFO - Sync 1 DAGs
[2022-06-14 20:32:56,976] {logging_mixin.py:109} INFO - [2022-06-14 20:32:56,976] {dag.py:2937} INFO - Setting next_dagrun for example_task_group_decorator to 2022-06-13T18:32:56.976124+00:00
[2022-06-14 20:32:56,992] {processor.py:171} INFO - Processing /home/saba/airflow_venv/airflow_venv/lib/python3.6/site-packages/airflow/example_dags/example_task_group_decorator.py took 0.195 seconds
[2022-06-14 20:33:56,286] {processor.py:163} INFO - Started process (PID=2653) to work on /home/saba/airflow_venv/airflow_venv/lib/python3.6/site-packages/airflow/example_dags/example_task_group_decorator.py
[2022-06-14 20:33:56,296] {processor.py:642} INFO - Processing file /home/saba/airflow_venv/airflow_venv/lib/python3.6/site-packages/airflow/example_dags/example_task_group_decorator.py for tasks to queue
[2022-06-14 20:33:56,296] {logging_mixin.py:109} INFO - [2022-06-14 20:33:56,296] {dagbag.py:500} INFO - Filling up the DagBag from /home/saba/airflow_venv/airflow_venv/lib/python3.6/site-packages/airflow/example_dags/example_task_group_decorator.py
[2022-06-14 20:33:56,319] {processor.py:652} INFO - DAG(s) dict_keys(['example_task_group_decorator']) retrieved from /home/saba/airflow_venv/airflow_venv/lib/python3.6/site-packages/airflow/example_dags/example_task_group_decorator.py
[2022-06-14 20:33:56,458] {logging_mixin.py:109} INFO - [2022-06-14 20:33:56,458] {dag.py:2398} INFO - Sync 1 DAGs
[2022-06-14 20:33:56,466] {logging_mixin.py:109} INFO - [2022-06-14 20:33:56,466] {dag.py:2937} INFO - Setting next_dagrun for example_task_group_decorator to 2022-06-13T18:33:56.466467+00:00
[2022-06-14 20:33:56,483] {processor.py:171} INFO - Processing /home/saba/airflow_venv/airflow_venv/lib/python3.6/site-packages/airflow/example_dags/example_task_group_decorator.py took 0.200 seconds
[2022-06-14 20:34:58,570] {processor.py:163} INFO - Started process (PID=2713) to work on /home/saba/airflow_venv/airflow_venv/lib/python3.6/site-packages/airflow/example_dags/example_task_group_decorator.py
[2022-06-14 20:34:58,580] {processor.py:642} INFO - Processing file /home/saba/airflow_venv/airflow_venv/lib/python3.6/site-packages/airflow/example_dags/example_task_group_decorator.py for tasks to queue
[2022-06-14 20:34:58,580] {logging_mixin.py:109} INFO - [2022-06-14 20:34:58,580] {dagbag.py:500} INFO - Filling up the DagBag from /home/saba/airflow_venv/airflow_venv/lib/python3.6/site-packages/airflow/example_dags/example_task_group_decorator.py
[2022-06-14 20:34:58,602] {processor.py:652} INFO - DAG(s) dict_keys(['example_task_group_decorator']) retrieved from /home/saba/airflow_venv/airflow_venv/lib/python3.6/site-packages/airflow/example_dags/example_task_group_decorator.py
[2022-06-14 20:34:58,746] {logging_mixin.py:109} INFO - [2022-06-14 20:34:58,745] {dag.py:2398} INFO - Sync 1 DAGs
[2022-06-14 20:34:58,754] {logging_mixin.py:109} INFO - [2022-06-14 20:34:58,754] {dag.py:2937} INFO - Setting next_dagrun for example_task_group_decorator to 2022-06-13T18:34:58.753900+00:00
[2022-06-14 20:34:58,769] {processor.py:171} INFO - Processing /home/saba/airflow_venv/airflow_venv/lib/python3.6/site-packages/airflow/example_dags/example_task_group_decorator.py took 0.202 seconds
[2022-06-14 20:35:57,970] {processor.py:163} INFO - Started process (PID=2771) to work on /home/saba/airflow_venv/airflow_venv/lib/python3.6/site-packages/airflow/example_dags/example_task_group_decorator.py
[2022-06-14 20:35:57,982] {processor.py:642} INFO - Processing file /home/saba/airflow_venv/airflow_venv/lib/python3.6/site-packages/airflow/example_dags/example_task_group_decorator.py for tasks to queue
[2022-06-14 20:35:57,983] {logging_mixin.py:109} INFO - [2022-06-14 20:35:57,983] {dagbag.py:500} INFO - Filling up the DagBag from /home/saba/airflow_venv/airflow_venv/lib/python3.6/site-packages/airflow/example_dags/example_task_group_decorator.py
[2022-06-14 20:35:58,026] {processor.py:652} INFO - DAG(s) dict_keys(['example_task_group_decorator']) retrieved from /home/saba/airflow_venv/airflow_venv/lib/python3.6/site-packages/airflow/example_dags/example_task_group_decorator.py
[2022-06-14 20:35:58,166] {logging_mixin.py:109} INFO - [2022-06-14 20:35:58,166] {dag.py:2398} INFO - Sync 1 DAGs
[2022-06-14 20:35:58,174] {logging_mixin.py:109} INFO - [2022-06-14 20:35:58,174] {dag.py:2937} INFO - Setting next_dagrun for example_task_group_decorator to 2022-06-13T18:35:58.174234+00:00
[2022-06-14 20:35:58,189] {processor.py:171} INFO - Processing /home/saba/airflow_venv/airflow_venv/lib/python3.6/site-packages/airflow/example_dags/example_task_group_decorator.py took 0.223 seconds
[2022-06-14 20:36:58,983] {processor.py:163} INFO - Started process (PID=2831) to work on /home/saba/airflow_venv/airflow_venv/lib/python3.6/site-packages/airflow/example_dags/example_task_group_decorator.py
[2022-06-14 20:36:58,993] {processor.py:642} INFO - Processing file /home/saba/airflow_venv/airflow_venv/lib/python3.6/site-packages/airflow/example_dags/example_task_group_decorator.py for tasks to queue
[2022-06-14 20:36:58,993] {logging_mixin.py:109} INFO - [2022-06-14 20:36:58,993] {dagbag.py:500} INFO - Filling up the DagBag from /home/saba/airflow_venv/airflow_venv/lib/python3.6/site-packages/airflow/example_dags/example_task_group_decorator.py
[2022-06-14 20:36:59,015] {processor.py:652} INFO - DAG(s) dict_keys(['example_task_group_decorator']) retrieved from /home/saba/airflow_venv/airflow_venv/lib/python3.6/site-packages/airflow/example_dags/example_task_group_decorator.py
[2022-06-14 20:36:59,209] {logging_mixin.py:109} INFO - [2022-06-14 20:36:59,209] {dag.py:2398} INFO - Sync 1 DAGs
[2022-06-14 20:36:59,218] {logging_mixin.py:109} INFO - [2022-06-14 20:36:59,218] {dag.py:2937} INFO - Setting next_dagrun for example_task_group_decorator to 2022-06-13T18:36:59.217851+00:00
[2022-06-14 20:36:59,243] {processor.py:171} INFO - Processing /home/saba/airflow_venv/airflow_venv/lib/python3.6/site-packages/airflow/example_dags/example_task_group_decorator.py took 0.262 seconds
[2022-06-14 20:37:59,817] {processor.py:163} INFO - Started process (PID=2890) to work on /home/saba/airflow_venv/airflow_venv/lib/python3.6/site-packages/airflow/example_dags/example_task_group_decorator.py
[2022-06-14 20:37:59,828] {processor.py:642} INFO - Processing file /home/saba/airflow_venv/airflow_venv/lib/python3.6/site-packages/airflow/example_dags/example_task_group_decorator.py for tasks to queue
[2022-06-14 20:37:59,828] {logging_mixin.py:109} INFO - [2022-06-14 20:37:59,828] {dagbag.py:500} INFO - Filling up the DagBag from /home/saba/airflow_venv/airflow_venv/lib/python3.6/site-packages/airflow/example_dags/example_task_group_decorator.py
[2022-06-14 20:37:59,853] {processor.py:652} INFO - DAG(s) dict_keys(['example_task_group_decorator']) retrieved from /home/saba/airflow_venv/airflow_venv/lib/python3.6/site-packages/airflow/example_dags/example_task_group_decorator.py
[2022-06-14 20:37:59,987] {logging_mixin.py:109} INFO - [2022-06-14 20:37:59,987] {dag.py:2398} INFO - Sync 1 DAGs
[2022-06-14 20:37:59,996] {logging_mixin.py:109} INFO - [2022-06-14 20:37:59,996] {dag.py:2937} INFO - Setting next_dagrun for example_task_group_decorator to 2022-06-13T18:37:59.995800+00:00
[2022-06-14 20:38:00,014] {processor.py:171} INFO - Processing /home/saba/airflow_venv/airflow_venv/lib/python3.6/site-packages/airflow/example_dags/example_task_group_decorator.py took 0.199 seconds
[2022-06-14 20:39:01,091] {processor.py:163} INFO - Started process (PID=2949) to work on /home/saba/airflow_venv/airflow_venv/lib/python3.6/site-packages/airflow/example_dags/example_task_group_decorator.py
[2022-06-14 20:39:01,094] {processor.py:642} INFO - Processing file /home/saba/airflow_venv/airflow_venv/lib/python3.6/site-packages/airflow/example_dags/example_task_group_decorator.py for tasks to queue
[2022-06-14 20:39:01,094] {logging_mixin.py:109} INFO - [2022-06-14 20:39:01,094] {dagbag.py:500} INFO - Filling up the DagBag from /home/saba/airflow_venv/airflow_venv/lib/python3.6/site-packages/airflow/example_dags/example_task_group_decorator.py
[2022-06-14 20:39:01,116] {processor.py:652} INFO - DAG(s) dict_keys(['example_task_group_decorator']) retrieved from /home/saba/airflow_venv/airflow_venv/lib/python3.6/site-packages/airflow/example_dags/example_task_group_decorator.py
[2022-06-14 20:39:01,260] {logging_mixin.py:109} INFO - [2022-06-14 20:39:01,260] {dag.py:2398} INFO - Sync 1 DAGs
[2022-06-14 20:39:01,270] {logging_mixin.py:109} INFO - [2022-06-14 20:39:01,270] {dag.py:2937} INFO - Setting next_dagrun for example_task_group_decorator to 2022-06-13T18:39:01.269896+00:00
[2022-06-14 20:39:01,286] {processor.py:171} INFO - Processing /home/saba/airflow_venv/airflow_venv/lib/python3.6/site-packages/airflow/example_dags/example_task_group_decorator.py took 0.197 seconds
[2022-06-14 20:39:59,584] {processor.py:163} INFO - Started process (PID=3007) to work on /home/saba/airflow_venv/airflow_venv/lib/python3.6/site-packages/airflow/example_dags/example_task_group_decorator.py
[2022-06-14 20:39:59,594] {processor.py:642} INFO - Processing file /home/saba/airflow_venv/airflow_venv/lib/python3.6/site-packages/airflow/example_dags/example_task_group_decorator.py for tasks to queue
[2022-06-14 20:39:59,595] {logging_mixin.py:109} INFO - [2022-06-14 20:39:59,595] {dagbag.py:500} INFO - Filling up the DagBag from /home/saba/airflow_venv/airflow_venv/lib/python3.6/site-packages/airflow/example_dags/example_task_group_decorator.py
[2022-06-14 20:39:59,619] {processor.py:652} INFO - DAG(s) dict_keys(['example_task_group_decorator']) retrieved from /home/saba/airflow_venv/airflow_venv/lib/python3.6/site-packages/airflow/example_dags/example_task_group_decorator.py
[2022-06-14 20:39:59,756] {logging_mixin.py:109} INFO - [2022-06-14 20:39:59,756] {dag.py:2398} INFO - Sync 1 DAGs
[2022-06-14 20:39:59,764] {logging_mixin.py:109} INFO - [2022-06-14 20:39:59,764] {dag.py:2937} INFO - Setting next_dagrun for example_task_group_decorator to 2022-06-13T18:39:59.764762+00:00
[2022-06-14 20:39:59,783] {processor.py:171} INFO - Processing /home/saba/airflow_venv/airflow_venv/lib/python3.6/site-packages/airflow/example_dags/example_task_group_decorator.py took 0.200 seconds
[2022-06-14 20:41:00,303] {processor.py:163} INFO - Started process (PID=3067) to work on /home/saba/airflow_venv/airflow_venv/lib/python3.6/site-packages/airflow/example_dags/example_task_group_decorator.py
[2022-06-14 20:41:00,313] {processor.py:642} INFO - Processing file /home/saba/airflow_venv/airflow_venv/lib/python3.6/site-packages/airflow/example_dags/example_task_group_decorator.py for tasks to queue
[2022-06-14 20:41:00,313] {logging_mixin.py:109} INFO - [2022-06-14 20:41:00,313] {dagbag.py:500} INFO - Filling up the DagBag from /home/saba/airflow_venv/airflow_venv/lib/python3.6/site-packages/airflow/example_dags/example_task_group_decorator.py
[2022-06-14 20:41:00,336] {processor.py:652} INFO - DAG(s) dict_keys(['example_task_group_decorator']) retrieved from /home/saba/airflow_venv/airflow_venv/lib/python3.6/site-packages/airflow/example_dags/example_task_group_decorator.py
[2022-06-14 20:41:00,470] {logging_mixin.py:109} INFO - [2022-06-14 20:41:00,470] {dag.py:2398} INFO - Sync 1 DAGs
[2022-06-14 20:41:00,478] {logging_mixin.py:109} INFO - [2022-06-14 20:41:00,478] {dag.py:2937} INFO - Setting next_dagrun for example_task_group_decorator to 2022-06-13T18:41:00.478481+00:00
[2022-06-14 20:41:00,495] {processor.py:171} INFO - Processing /home/saba/airflow_venv/airflow_venv/lib/python3.6/site-packages/airflow/example_dags/example_task_group_decorator.py took 0.193 seconds
