[2022-06-14 19:27:07,828] {processor.py:163} INFO - Started process (PID=32553) to work on /home/saba/airflow_venv/airflow_venv/lib/python3.6/site-packages/airflow/example_dags/example_latest_only_with_trigger.py
[2022-06-14 19:27:07,836] {processor.py:642} INFO - Processing file /home/saba/airflow_venv/airflow_venv/lib/python3.6/site-packages/airflow/example_dags/example_latest_only_with_trigger.py for tasks to queue
[2022-06-14 19:27:07,841] {logging_mixin.py:109} INFO - [2022-06-14 19:27:07,840] {dagbag.py:500} INFO - Filling up the DagBag from /home/saba/airflow_venv/airflow_venv/lib/python3.6/site-packages/airflow/example_dags/example_latest_only_with_trigger.py
[2022-06-14 19:27:08,001] {processor.py:652} INFO - DAG(s) dict_keys(['latest_only_with_trigger']) retrieved from /home/saba/airflow_venv/airflow_venv/lib/python3.6/site-packages/airflow/example_dags/example_latest_only_with_trigger.py
[2022-06-14 19:27:08,180] {logging_mixin.py:109} INFO - [2022-06-14 19:27:08,179] {dag.py:2398} INFO - Sync 1 DAGs
[2022-06-14 19:27:08,414] {logging_mixin.py:109} INFO - [2022-06-14 19:27:08,413] {dag.py:2937} INFO - Setting next_dagrun for latest_only_with_trigger to 2022-06-14T13:27:08.411899+00:00
[2022-06-14 19:27:08,550] {processor.py:171} INFO - Processing /home/saba/airflow_venv/airflow_venv/lib/python3.6/site-packages/airflow/example_dags/example_latest_only_with_trigger.py took 0.742 seconds
[2022-06-14 19:28:01,622] {processor.py:163} INFO - Started process (PID=32749) to work on /home/saba/airflow_venv/airflow_venv/lib/python3.6/site-packages/airflow/example_dags/example_latest_only_with_trigger.py
[2022-06-14 19:28:01,635] {processor.py:642} INFO - Processing file /home/saba/airflow_venv/airflow_venv/lib/python3.6/site-packages/airflow/example_dags/example_latest_only_with_trigger.py for tasks to queue
[2022-06-14 19:28:01,636] {logging_mixin.py:109} INFO - [2022-06-14 19:28:01,636] {dagbag.py:500} INFO - Filling up the DagBag from /home/saba/airflow_venv/airflow_venv/lib/python3.6/site-packages/airflow/example_dags/example_latest_only_with_trigger.py
[2022-06-14 19:28:01,682] {processor.py:652} INFO - DAG(s) dict_keys(['latest_only_with_trigger']) retrieved from /home/saba/airflow_venv/airflow_venv/lib/python3.6/site-packages/airflow/example_dags/example_latest_only_with_trigger.py
[2022-06-14 19:28:01,730] {logging_mixin.py:109} INFO - [2022-06-14 19:28:01,730] {dag.py:2398} INFO - Sync 1 DAGs
[2022-06-14 19:28:01,786] {logging_mixin.py:109} INFO - [2022-06-14 19:28:01,785] {dag.py:2937} INFO - Setting next_dagrun for latest_only_with_trigger to 2022-06-14T13:28:01.785293+00:00
[2022-06-14 19:28:01,814] {processor.py:171} INFO - Processing /home/saba/airflow_venv/airflow_venv/lib/python3.6/site-packages/airflow/example_dags/example_latest_only_with_trigger.py took 0.200 seconds
[2022-06-14 19:29:30,159] {processor.py:163} INFO - Started process (PID=667) to work on /home/saba/airflow_venv/airflow_venv/lib/python3.6/site-packages/airflow/example_dags/example_latest_only_with_trigger.py
[2022-06-14 19:29:30,165] {processor.py:642} INFO - Processing file /home/saba/airflow_venv/airflow_venv/lib/python3.6/site-packages/airflow/example_dags/example_latest_only_with_trigger.py for tasks to queue
[2022-06-14 19:29:30,167] {logging_mixin.py:109} INFO - [2022-06-14 19:29:30,167] {dagbag.py:500} INFO - Filling up the DagBag from /home/saba/airflow_venv/airflow_venv/lib/python3.6/site-packages/airflow/example_dags/example_latest_only_with_trigger.py
[2022-06-14 19:29:30,233] {processor.py:652} INFO - DAG(s) dict_keys(['latest_only_with_trigger']) retrieved from /home/saba/airflow_venv/airflow_venv/lib/python3.6/site-packages/airflow/example_dags/example_latest_only_with_trigger.py
[2022-06-14 19:29:30,274] {logging_mixin.py:109} INFO - [2022-06-14 19:29:30,274] {dag.py:2398} INFO - Sync 1 DAGs
[2022-06-14 19:29:30,327] {logging_mixin.py:109} INFO - [2022-06-14 19:29:30,327] {dag.py:2937} INFO - Setting next_dagrun for latest_only_with_trigger to 2022-06-14T13:29:30.326806+00:00
[2022-06-14 19:29:30,361] {processor.py:171} INFO - Processing /home/saba/airflow_venv/airflow_venv/lib/python3.6/site-packages/airflow/example_dags/example_latest_only_with_trigger.py took 0.208 seconds
[2022-06-14 19:31:12,474] {processor.py:163} INFO - Started process (PID=1013) to work on /home/saba/airflow_venv/airflow_venv/lib/python3.6/site-packages/airflow/example_dags/example_latest_only_with_trigger.py
[2022-06-14 19:31:12,490] {processor.py:642} INFO - Processing file /home/saba/airflow_venv/airflow_venv/lib/python3.6/site-packages/airflow/example_dags/example_latest_only_with_trigger.py for tasks to queue
[2022-06-14 19:31:12,495] {logging_mixin.py:109} INFO - [2022-06-14 19:31:12,494] {dagbag.py:500} INFO - Filling up the DagBag from /home/saba/airflow_venv/airflow_venv/lib/python3.6/site-packages/airflow/example_dags/example_latest_only_with_trigger.py
[2022-06-14 19:31:12,587] {processor.py:652} INFO - DAG(s) dict_keys(['latest_only_with_trigger']) retrieved from /home/saba/airflow_venv/airflow_venv/lib/python3.6/site-packages/airflow/example_dags/example_latest_only_with_trigger.py
[2022-06-14 19:31:12,656] {logging_mixin.py:109} INFO - [2022-06-14 19:31:12,656] {dag.py:2398} INFO - Sync 1 DAGs
[2022-06-14 19:31:12,736] {logging_mixin.py:109} INFO - [2022-06-14 19:31:12,735] {dag.py:2937} INFO - Setting next_dagrun for latest_only_with_trigger to 2022-06-14T13:31:12.734871+00:00
[2022-06-14 19:31:12,781] {processor.py:171} INFO - Processing /home/saba/airflow_venv/airflow_venv/lib/python3.6/site-packages/airflow/example_dags/example_latest_only_with_trigger.py took 0.317 seconds
[2022-06-14 19:33:24,173] {processor.py:163} INFO - Started process (PID=2122) to work on /home/saba/airflow_venv/airflow_venv/lib/python3.6/site-packages/airflow/example_dags/example_latest_only_with_trigger.py
[2022-06-14 19:33:24,180] {processor.py:642} INFO - Processing file /home/saba/airflow_venv/airflow_venv/lib/python3.6/site-packages/airflow/example_dags/example_latest_only_with_trigger.py for tasks to queue
[2022-06-14 19:33:24,183] {logging_mixin.py:109} INFO - [2022-06-14 19:33:24,182] {dagbag.py:500} INFO - Filling up the DagBag from /home/saba/airflow_venv/airflow_venv/lib/python3.6/site-packages/airflow/example_dags/example_latest_only_with_trigger.py
[2022-06-14 19:33:24,278] {processor.py:652} INFO - DAG(s) dict_keys(['latest_only_with_trigger']) retrieved from /home/saba/airflow_venv/airflow_venv/lib/python3.6/site-packages/airflow/example_dags/example_latest_only_with_trigger.py
[2022-06-14 19:33:24,359] {logging_mixin.py:109} INFO - [2022-06-14 19:33:24,358] {dag.py:2398} INFO - Sync 1 DAGs
[2022-06-14 19:33:24,466] {logging_mixin.py:109} INFO - [2022-06-14 19:33:24,466] {dag.py:2937} INFO - Setting next_dagrun for latest_only_with_trigger to 2022-06-14T13:33:24.464761+00:00
[2022-06-14 19:33:24,538] {processor.py:171} INFO - Processing /home/saba/airflow_venv/airflow_venv/lib/python3.6/site-packages/airflow/example_dags/example_latest_only_with_trigger.py took 0.378 seconds
[2022-06-14 19:35:25,702] {processor.py:163} INFO - Started process (PID=2397) to work on /home/saba/airflow_venv/airflow_venv/lib/python3.6/site-packages/airflow/example_dags/example_latest_only_with_trigger.py
[2022-06-14 19:35:25,716] {processor.py:642} INFO - Processing file /home/saba/airflow_venv/airflow_venv/lib/python3.6/site-packages/airflow/example_dags/example_latest_only_with_trigger.py for tasks to queue
[2022-06-14 19:35:25,720] {logging_mixin.py:109} INFO - [2022-06-14 19:35:25,718] {dagbag.py:500} INFO - Filling up the DagBag from /home/saba/airflow_venv/airflow_venv/lib/python3.6/site-packages/airflow/example_dags/example_latest_only_with_trigger.py
[2022-06-14 19:35:25,815] {processor.py:652} INFO - DAG(s) dict_keys(['latest_only_with_trigger']) retrieved from /home/saba/airflow_venv/airflow_venv/lib/python3.6/site-packages/airflow/example_dags/example_latest_only_with_trigger.py
[2022-06-14 19:35:25,891] {logging_mixin.py:109} INFO - [2022-06-14 19:35:25,890] {dag.py:2398} INFO - Sync 1 DAGs
[2022-06-14 19:35:25,988] {logging_mixin.py:109} INFO - [2022-06-14 19:35:25,987] {dag.py:2937} INFO - Setting next_dagrun for latest_only_with_trigger to 2022-06-14T13:35:25.986156+00:00
[2022-06-14 19:35:26,045] {processor.py:171} INFO - Processing /home/saba/airflow_venv/airflow_venv/lib/python3.6/site-packages/airflow/example_dags/example_latest_only_with_trigger.py took 0.355 seconds
[2022-06-14 19:37:32,682] {processor.py:163} INFO - Started process (PID=2666) to work on /home/saba/airflow_venv/airflow_venv/lib/python3.6/site-packages/airflow/example_dags/example_latest_only_with_trigger.py
[2022-06-14 19:37:32,689] {processor.py:642} INFO - Processing file /home/saba/airflow_venv/airflow_venv/lib/python3.6/site-packages/airflow/example_dags/example_latest_only_with_trigger.py for tasks to queue
[2022-06-14 19:37:32,692] {logging_mixin.py:109} INFO - [2022-06-14 19:37:32,692] {dagbag.py:500} INFO - Filling up the DagBag from /home/saba/airflow_venv/airflow_venv/lib/python3.6/site-packages/airflow/example_dags/example_latest_only_with_trigger.py
[2022-06-14 19:37:32,805] {processor.py:652} INFO - DAG(s) dict_keys(['latest_only_with_trigger']) retrieved from /home/saba/airflow_venv/airflow_venv/lib/python3.6/site-packages/airflow/example_dags/example_latest_only_with_trigger.py
[2022-06-14 19:37:32,896] {logging_mixin.py:109} INFO - [2022-06-14 19:37:32,896] {dag.py:2398} INFO - Sync 1 DAGs
[2022-06-14 19:37:32,984] {logging_mixin.py:109} INFO - [2022-06-14 19:37:32,983] {dag.py:2937} INFO - Setting next_dagrun for latest_only_with_trigger to 2022-06-14T13:37:32.982544+00:00
[2022-06-14 19:37:33,051] {processor.py:171} INFO - Processing /home/saba/airflow_venv/airflow_venv/lib/python3.6/site-packages/airflow/example_dags/example_latest_only_with_trigger.py took 0.381 seconds
[2022-06-14 19:47:05,509] {processor.py:163} INFO - Started process (PID=103) to work on /home/saba/airflow_venv/airflow_venv/lib/python3.6/site-packages/airflow/example_dags/example_latest_only_with_trigger.py
[2022-06-14 19:47:05,513] {processor.py:642} INFO - Processing file /home/saba/airflow_venv/airflow_venv/lib/python3.6/site-packages/airflow/example_dags/example_latest_only_with_trigger.py for tasks to queue
[2022-06-14 19:47:05,514] {logging_mixin.py:109} INFO - [2022-06-14 19:47:05,514] {dagbag.py:500} INFO - Filling up the DagBag from /home/saba/airflow_venv/airflow_venv/lib/python3.6/site-packages/airflow/example_dags/example_latest_only_with_trigger.py
[2022-06-14 19:47:05,542] {processor.py:652} INFO - DAG(s) dict_keys(['latest_only_with_trigger']) retrieved from /home/saba/airflow_venv/airflow_venv/lib/python3.6/site-packages/airflow/example_dags/example_latest_only_with_trigger.py
[2022-06-14 19:47:05,567] {logging_mixin.py:109} INFO - [2022-06-14 19:47:05,567] {dag.py:2398} INFO - Sync 1 DAGs
[2022-06-14 19:47:05,599] {logging_mixin.py:109} INFO - [2022-06-14 19:47:05,598] {dag.py:2937} INFO - Setting next_dagrun for latest_only_with_trigger to 2022-06-14T13:47:05.598430+00:00
[2022-06-14 19:47:05,621] {processor.py:171} INFO - Processing /home/saba/airflow_venv/airflow_venv/lib/python3.6/site-packages/airflow/example_dags/example_latest_only_with_trigger.py took 0.118 seconds
[2022-06-14 19:48:20,767] {processor.py:163} INFO - Started process (PID=163) to work on /home/saba/airflow_venv/airflow_venv/lib/python3.6/site-packages/airflow/example_dags/example_latest_only_with_trigger.py
[2022-06-14 19:48:20,769] {processor.py:642} INFO - Processing file /home/saba/airflow_venv/airflow_venv/lib/python3.6/site-packages/airflow/example_dags/example_latest_only_with_trigger.py for tasks to queue
[2022-06-14 19:48:20,770] {logging_mixin.py:109} INFO - [2022-06-14 19:48:20,770] {dagbag.py:500} INFO - Filling up the DagBag from /home/saba/airflow_venv/airflow_venv/lib/python3.6/site-packages/airflow/example_dags/example_latest_only_with_trigger.py
[2022-06-14 19:48:20,789] {processor.py:652} INFO - DAG(s) dict_keys(['latest_only_with_trigger']) retrieved from /home/saba/airflow_venv/airflow_venv/lib/python3.6/site-packages/airflow/example_dags/example_latest_only_with_trigger.py
[2022-06-14 19:48:20,809] {logging_mixin.py:109} INFO - [2022-06-14 19:48:20,809] {dag.py:2398} INFO - Sync 1 DAGs
[2022-06-14 19:48:20,827] {logging_mixin.py:109} INFO - [2022-06-14 19:48:20,827] {dag.py:2937} INFO - Setting next_dagrun for latest_only_with_trigger to 2022-06-14T13:48:20.826888+00:00
[2022-06-14 19:48:20,845] {processor.py:171} INFO - Processing /home/saba/airflow_venv/airflow_venv/lib/python3.6/site-packages/airflow/example_dags/example_latest_only_with_trigger.py took 0.081 seconds
[2022-06-14 19:49:25,317] {processor.py:163} INFO - Started process (PID=221) to work on /home/saba/airflow_venv/airflow_venv/lib/python3.6/site-packages/airflow/example_dags/example_latest_only_with_trigger.py
[2022-06-14 19:49:25,320] {processor.py:642} INFO - Processing file /home/saba/airflow_venv/airflow_venv/lib/python3.6/site-packages/airflow/example_dags/example_latest_only_with_trigger.py for tasks to queue
[2022-06-14 19:49:25,321] {logging_mixin.py:109} INFO - [2022-06-14 19:49:25,321] {dagbag.py:500} INFO - Filling up the DagBag from /home/saba/airflow_venv/airflow_venv/lib/python3.6/site-packages/airflow/example_dags/example_latest_only_with_trigger.py
[2022-06-14 19:49:25,334] {processor.py:652} INFO - DAG(s) dict_keys(['latest_only_with_trigger']) retrieved from /home/saba/airflow_venv/airflow_venv/lib/python3.6/site-packages/airflow/example_dags/example_latest_only_with_trigger.py
[2022-06-14 19:49:25,344] {logging_mixin.py:109} INFO - [2022-06-14 19:49:25,344] {dag.py:2398} INFO - Sync 1 DAGs
[2022-06-14 19:49:25,354] {logging_mixin.py:109} INFO - [2022-06-14 19:49:25,354] {dag.py:2937} INFO - Setting next_dagrun for latest_only_with_trigger to 2022-06-14T13:49:25.354040+00:00
[2022-06-14 19:49:25,372] {processor.py:171} INFO - Processing /home/saba/airflow_venv/airflow_venv/lib/python3.6/site-packages/airflow/example_dags/example_latest_only_with_trigger.py took 0.057 seconds
[2022-06-14 19:50:26,270] {processor.py:163} INFO - Started process (PID=280) to work on /home/saba/airflow_venv/airflow_venv/lib/python3.6/site-packages/airflow/example_dags/example_latest_only_with_trigger.py
[2022-06-14 19:50:26,272] {processor.py:642} INFO - Processing file /home/saba/airflow_venv/airflow_venv/lib/python3.6/site-packages/airflow/example_dags/example_latest_only_with_trigger.py for tasks to queue
[2022-06-14 19:50:26,272] {logging_mixin.py:109} INFO - [2022-06-14 19:50:26,272] {dagbag.py:500} INFO - Filling up the DagBag from /home/saba/airflow_venv/airflow_venv/lib/python3.6/site-packages/airflow/example_dags/example_latest_only_with_trigger.py
[2022-06-14 19:50:26,285] {processor.py:652} INFO - DAG(s) dict_keys(['latest_only_with_trigger']) retrieved from /home/saba/airflow_venv/airflow_venv/lib/python3.6/site-packages/airflow/example_dags/example_latest_only_with_trigger.py
[2022-06-14 19:50:26,294] {logging_mixin.py:109} INFO - [2022-06-14 19:50:26,294] {dag.py:2398} INFO - Sync 1 DAGs
[2022-06-14 19:50:26,304] {logging_mixin.py:109} INFO - [2022-06-14 19:50:26,304] {dag.py:2937} INFO - Setting next_dagrun for latest_only_with_trigger to 2022-06-14T13:50:26.304385+00:00
[2022-06-14 19:50:26,320] {processor.py:171} INFO - Processing /home/saba/airflow_venv/airflow_venv/lib/python3.6/site-packages/airflow/example_dags/example_latest_only_with_trigger.py took 0.052 seconds
[2022-06-14 19:51:29,731] {processor.py:163} INFO - Started process (PID=340) to work on /home/saba/airflow_venv/airflow_venv/lib/python3.6/site-packages/airflow/example_dags/example_latest_only_with_trigger.py
[2022-06-14 19:51:29,741] {processor.py:642} INFO - Processing file /home/saba/airflow_venv/airflow_venv/lib/python3.6/site-packages/airflow/example_dags/example_latest_only_with_trigger.py for tasks to queue
[2022-06-14 19:51:29,741] {logging_mixin.py:109} INFO - [2022-06-14 19:51:29,741] {dagbag.py:500} INFO - Filling up the DagBag from /home/saba/airflow_venv/airflow_venv/lib/python3.6/site-packages/airflow/example_dags/example_latest_only_with_trigger.py
[2022-06-14 19:51:29,753] {processor.py:652} INFO - DAG(s) dict_keys(['latest_only_with_trigger']) retrieved from /home/saba/airflow_venv/airflow_venv/lib/python3.6/site-packages/airflow/example_dags/example_latest_only_with_trigger.py
[2022-06-14 19:51:29,763] {logging_mixin.py:109} INFO - [2022-06-14 19:51:29,763] {dag.py:2398} INFO - Sync 1 DAGs
[2022-06-14 19:51:29,773] {logging_mixin.py:109} INFO - [2022-06-14 19:51:29,773] {dag.py:2937} INFO - Setting next_dagrun for latest_only_with_trigger to 2022-06-14T13:51:29.773110+00:00
[2022-06-14 19:51:29,788] {processor.py:171} INFO - Processing /home/saba/airflow_venv/airflow_venv/lib/python3.6/site-packages/airflow/example_dags/example_latest_only_with_trigger.py took 0.059 seconds
[2022-06-14 19:52:29,757] {processor.py:163} INFO - Started process (PID=400) to work on /home/saba/airflow_venv/airflow_venv/lib/python3.6/site-packages/airflow/example_dags/example_latest_only_with_trigger.py
[2022-06-14 19:52:29,758] {processor.py:642} INFO - Processing file /home/saba/airflow_venv/airflow_venv/lib/python3.6/site-packages/airflow/example_dags/example_latest_only_with_trigger.py for tasks to queue
[2022-06-14 19:52:29,758] {logging_mixin.py:109} INFO - [2022-06-14 19:52:29,758] {dagbag.py:500} INFO - Filling up the DagBag from /home/saba/airflow_venv/airflow_venv/lib/python3.6/site-packages/airflow/example_dags/example_latest_only_with_trigger.py
[2022-06-14 19:52:29,769] {processor.py:652} INFO - DAG(s) dict_keys(['latest_only_with_trigger']) retrieved from /home/saba/airflow_venv/airflow_venv/lib/python3.6/site-packages/airflow/example_dags/example_latest_only_with_trigger.py
[2022-06-14 19:52:29,777] {logging_mixin.py:109} INFO - [2022-06-14 19:52:29,777] {dag.py:2398} INFO - Sync 1 DAGs
[2022-06-14 19:52:29,789] {logging_mixin.py:109} INFO - [2022-06-14 19:52:29,789] {dag.py:2937} INFO - Setting next_dagrun for latest_only_with_trigger to 2022-06-14T13:52:29.789100+00:00
[2022-06-14 19:52:29,804] {processor.py:171} INFO - Processing /home/saba/airflow_venv/airflow_venv/lib/python3.6/site-packages/airflow/example_dags/example_latest_only_with_trigger.py took 0.049 seconds
[2022-06-14 19:53:30,717] {processor.py:163} INFO - Started process (PID=459) to work on /home/saba/airflow_venv/airflow_venv/lib/python3.6/site-packages/airflow/example_dags/example_latest_only_with_trigger.py
[2022-06-14 19:53:30,719] {processor.py:642} INFO - Processing file /home/saba/airflow_venv/airflow_venv/lib/python3.6/site-packages/airflow/example_dags/example_latest_only_with_trigger.py for tasks to queue
[2022-06-14 19:53:30,720] {logging_mixin.py:109} INFO - [2022-06-14 19:53:30,720] {dagbag.py:500} INFO - Filling up the DagBag from /home/saba/airflow_venv/airflow_venv/lib/python3.6/site-packages/airflow/example_dags/example_latest_only_with_trigger.py
[2022-06-14 19:53:30,731] {processor.py:652} INFO - DAG(s) dict_keys(['latest_only_with_trigger']) retrieved from /home/saba/airflow_venv/airflow_venv/lib/python3.6/site-packages/airflow/example_dags/example_latest_only_with_trigger.py
[2022-06-14 19:53:30,740] {logging_mixin.py:109} INFO - [2022-06-14 19:53:30,740] {dag.py:2398} INFO - Sync 1 DAGs
[2022-06-14 19:53:30,752] {logging_mixin.py:109} INFO - [2022-06-14 19:53:30,751] {dag.py:2937} INFO - Setting next_dagrun for latest_only_with_trigger to 2022-06-14T13:53:30.751785+00:00
[2022-06-14 19:53:30,767] {processor.py:171} INFO - Processing /home/saba/airflow_venv/airflow_venv/lib/python3.6/site-packages/airflow/example_dags/example_latest_only_with_trigger.py took 0.051 seconds
[2022-06-14 19:54:33,108] {processor.py:163} INFO - Started process (PID=518) to work on /home/saba/airflow_venv/airflow_venv/lib/python3.6/site-packages/airflow/example_dags/example_latest_only_with_trigger.py
[2022-06-14 19:54:33,110] {processor.py:642} INFO - Processing file /home/saba/airflow_venv/airflow_venv/lib/python3.6/site-packages/airflow/example_dags/example_latest_only_with_trigger.py for tasks to queue
[2022-06-14 19:54:33,110] {logging_mixin.py:109} INFO - [2022-06-14 19:54:33,110] {dagbag.py:500} INFO - Filling up the DagBag from /home/saba/airflow_venv/airflow_venv/lib/python3.6/site-packages/airflow/example_dags/example_latest_only_with_trigger.py
[2022-06-14 19:54:33,122] {processor.py:652} INFO - DAG(s) dict_keys(['latest_only_with_trigger']) retrieved from /home/saba/airflow_venv/airflow_venv/lib/python3.6/site-packages/airflow/example_dags/example_latest_only_with_trigger.py
[2022-06-14 19:54:33,131] {logging_mixin.py:109} INFO - [2022-06-14 19:54:33,131] {dag.py:2398} INFO - Sync 1 DAGs
[2022-06-14 19:54:33,143] {logging_mixin.py:109} INFO - [2022-06-14 19:54:33,143] {dag.py:2937} INFO - Setting next_dagrun for latest_only_with_trigger to 2022-06-14T13:54:33.143368+00:00
[2022-06-14 19:54:33,160] {processor.py:171} INFO - Processing /home/saba/airflow_venv/airflow_venv/lib/python3.6/site-packages/airflow/example_dags/example_latest_only_with_trigger.py took 0.053 seconds
[2022-06-14 19:55:33,898] {processor.py:163} INFO - Started process (PID=577) to work on /home/saba/airflow_venv/airflow_venv/lib/python3.6/site-packages/airflow/example_dags/example_latest_only_with_trigger.py
[2022-06-14 19:55:33,908] {processor.py:642} INFO - Processing file /home/saba/airflow_venv/airflow_venv/lib/python3.6/site-packages/airflow/example_dags/example_latest_only_with_trigger.py for tasks to queue
[2022-06-14 19:55:33,908] {logging_mixin.py:109} INFO - [2022-06-14 19:55:33,908] {dagbag.py:500} INFO - Filling up the DagBag from /home/saba/airflow_venv/airflow_venv/lib/python3.6/site-packages/airflow/example_dags/example_latest_only_with_trigger.py
[2022-06-14 19:55:33,919] {processor.py:652} INFO - DAG(s) dict_keys(['latest_only_with_trigger']) retrieved from /home/saba/airflow_venv/airflow_venv/lib/python3.6/site-packages/airflow/example_dags/example_latest_only_with_trigger.py
[2022-06-14 19:55:33,929] {logging_mixin.py:109} INFO - [2022-06-14 19:55:33,929] {dag.py:2398} INFO - Sync 1 DAGs
[2022-06-14 19:55:33,939] {logging_mixin.py:109} INFO - [2022-06-14 19:55:33,939] {dag.py:2937} INFO - Setting next_dagrun for latest_only_with_trigger to 2022-06-14T13:55:33.939001+00:00
[2022-06-14 19:55:33,956] {processor.py:171} INFO - Processing /home/saba/airflow_venv/airflow_venv/lib/python3.6/site-packages/airflow/example_dags/example_latest_only_with_trigger.py took 0.060 seconds
[2022-06-14 19:56:36,378] {processor.py:163} INFO - Started process (PID=637) to work on /home/saba/airflow_venv/airflow_venv/lib/python3.6/site-packages/airflow/example_dags/example_latest_only_with_trigger.py
[2022-06-14 19:56:36,388] {processor.py:642} INFO - Processing file /home/saba/airflow_venv/airflow_venv/lib/python3.6/site-packages/airflow/example_dags/example_latest_only_with_trigger.py for tasks to queue
[2022-06-14 19:56:36,389] {logging_mixin.py:109} INFO - [2022-06-14 19:56:36,389] {dagbag.py:500} INFO - Filling up the DagBag from /home/saba/airflow_venv/airflow_venv/lib/python3.6/site-packages/airflow/example_dags/example_latest_only_with_trigger.py
[2022-06-14 19:56:36,400] {processor.py:652} INFO - DAG(s) dict_keys(['latest_only_with_trigger']) retrieved from /home/saba/airflow_venv/airflow_venv/lib/python3.6/site-packages/airflow/example_dags/example_latest_only_with_trigger.py
[2022-06-14 19:56:36,409] {logging_mixin.py:109} INFO - [2022-06-14 19:56:36,409] {dag.py:2398} INFO - Sync 1 DAGs
[2022-06-14 19:56:36,419] {logging_mixin.py:109} INFO - [2022-06-14 19:56:36,419] {dag.py:2937} INFO - Setting next_dagrun for latest_only_with_trigger to 2022-06-14T13:56:36.419585+00:00
[2022-06-14 19:56:36,435] {processor.py:171} INFO - Processing /home/saba/airflow_venv/airflow_venv/lib/python3.6/site-packages/airflow/example_dags/example_latest_only_with_trigger.py took 0.060 seconds
[2022-06-14 19:57:38,619] {processor.py:163} INFO - Started process (PID=697) to work on /home/saba/airflow_venv/airflow_venv/lib/python3.6/site-packages/airflow/example_dags/example_latest_only_with_trigger.py
[2022-06-14 19:57:38,620] {processor.py:642} INFO - Processing file /home/saba/airflow_venv/airflow_venv/lib/python3.6/site-packages/airflow/example_dags/example_latest_only_with_trigger.py for tasks to queue
[2022-06-14 19:57:38,620] {logging_mixin.py:109} INFO - [2022-06-14 19:57:38,620] {dagbag.py:500} INFO - Filling up the DagBag from /home/saba/airflow_venv/airflow_venv/lib/python3.6/site-packages/airflow/example_dags/example_latest_only_with_trigger.py
[2022-06-14 19:57:38,631] {processor.py:652} INFO - DAG(s) dict_keys(['latest_only_with_trigger']) retrieved from /home/saba/airflow_venv/airflow_venv/lib/python3.6/site-packages/airflow/example_dags/example_latest_only_with_trigger.py
[2022-06-14 19:57:38,641] {logging_mixin.py:109} INFO - [2022-06-14 19:57:38,641] {dag.py:2398} INFO - Sync 1 DAGs
[2022-06-14 19:57:38,651] {logging_mixin.py:109} INFO - [2022-06-14 19:57:38,651] {dag.py:2937} INFO - Setting next_dagrun for latest_only_with_trigger to 2022-06-14T13:57:38.651544+00:00
[2022-06-14 19:57:38,668] {processor.py:171} INFO - Processing /home/saba/airflow_venv/airflow_venv/lib/python3.6/site-packages/airflow/example_dags/example_latest_only_with_trigger.py took 0.051 seconds
[2022-06-14 19:58:41,040] {processor.py:163} INFO - Started process (PID=757) to work on /home/saba/airflow_venv/airflow_venv/lib/python3.6/site-packages/airflow/example_dags/example_latest_only_with_trigger.py
[2022-06-14 19:58:41,042] {processor.py:642} INFO - Processing file /home/saba/airflow_venv/airflow_venv/lib/python3.6/site-packages/airflow/example_dags/example_latest_only_with_trigger.py for tasks to queue
[2022-06-14 19:58:41,042] {logging_mixin.py:109} INFO - [2022-06-14 19:58:41,042] {dagbag.py:500} INFO - Filling up the DagBag from /home/saba/airflow_venv/airflow_venv/lib/python3.6/site-packages/airflow/example_dags/example_latest_only_with_trigger.py
[2022-06-14 19:58:41,058] {processor.py:652} INFO - DAG(s) dict_keys(['latest_only_with_trigger']) retrieved from /home/saba/airflow_venv/airflow_venv/lib/python3.6/site-packages/airflow/example_dags/example_latest_only_with_trigger.py
[2022-06-14 19:58:41,071] {logging_mixin.py:109} INFO - [2022-06-14 19:58:41,071] {dag.py:2398} INFO - Sync 1 DAGs
[2022-06-14 19:58:41,089] {logging_mixin.py:109} INFO - [2022-06-14 19:58:41,089] {dag.py:2937} INFO - Setting next_dagrun for latest_only_with_trigger to 2022-06-14T13:58:41.088891+00:00
[2022-06-14 19:58:41,104] {processor.py:171} INFO - Processing /home/saba/airflow_venv/airflow_venv/lib/python3.6/site-packages/airflow/example_dags/example_latest_only_with_trigger.py took 0.067 seconds
[2022-06-14 19:59:41,804] {processor.py:163} INFO - Started process (PID=816) to work on /home/saba/airflow_venv/airflow_venv/lib/python3.6/site-packages/airflow/example_dags/example_latest_only_with_trigger.py
[2022-06-14 19:59:41,805] {processor.py:642} INFO - Processing file /home/saba/airflow_venv/airflow_venv/lib/python3.6/site-packages/airflow/example_dags/example_latest_only_with_trigger.py for tasks to queue
[2022-06-14 19:59:41,806] {logging_mixin.py:109} INFO - [2022-06-14 19:59:41,806] {dagbag.py:500} INFO - Filling up the DagBag from /home/saba/airflow_venv/airflow_venv/lib/python3.6/site-packages/airflow/example_dags/example_latest_only_with_trigger.py
[2022-06-14 19:59:41,816] {processor.py:652} INFO - DAG(s) dict_keys(['latest_only_with_trigger']) retrieved from /home/saba/airflow_venv/airflow_venv/lib/python3.6/site-packages/airflow/example_dags/example_latest_only_with_trigger.py
[2022-06-14 19:59:41,825] {logging_mixin.py:109} INFO - [2022-06-14 19:59:41,825] {dag.py:2398} INFO - Sync 1 DAGs
[2022-06-14 19:59:41,835] {logging_mixin.py:109} INFO - [2022-06-14 19:59:41,835] {dag.py:2937} INFO - Setting next_dagrun for latest_only_with_trigger to 2022-06-14T13:59:41.835479+00:00
[2022-06-14 19:59:41,851] {processor.py:171} INFO - Processing /home/saba/airflow_venv/airflow_venv/lib/python3.6/site-packages/airflow/example_dags/example_latest_only_with_trigger.py took 0.050 seconds
[2022-06-14 20:00:45,369] {processor.py:163} INFO - Started process (PID=876) to work on /home/saba/airflow_venv/airflow_venv/lib/python3.6/site-packages/airflow/example_dags/example_latest_only_with_trigger.py
[2022-06-14 20:00:45,379] {processor.py:642} INFO - Processing file /home/saba/airflow_venv/airflow_venv/lib/python3.6/site-packages/airflow/example_dags/example_latest_only_with_trigger.py for tasks to queue
[2022-06-14 20:00:45,380] {logging_mixin.py:109} INFO - [2022-06-14 20:00:45,379] {dagbag.py:500} INFO - Filling up the DagBag from /home/saba/airflow_venv/airflow_venv/lib/python3.6/site-packages/airflow/example_dags/example_latest_only_with_trigger.py
[2022-06-14 20:00:45,391] {processor.py:652} INFO - DAG(s) dict_keys(['latest_only_with_trigger']) retrieved from /home/saba/airflow_venv/airflow_venv/lib/python3.6/site-packages/airflow/example_dags/example_latest_only_with_trigger.py
[2022-06-14 20:00:45,400] {logging_mixin.py:109} INFO - [2022-06-14 20:00:45,400] {dag.py:2398} INFO - Sync 1 DAGs
[2022-06-14 20:00:45,411] {logging_mixin.py:109} INFO - [2022-06-14 20:00:45,411] {dag.py:2937} INFO - Setting next_dagrun for latest_only_with_trigger to 2022-06-14T14:00:45.411173+00:00
[2022-06-14 20:00:45,426] {processor.py:171} INFO - Processing /home/saba/airflow_venv/airflow_venv/lib/python3.6/site-packages/airflow/example_dags/example_latest_only_with_trigger.py took 0.059 seconds
[2022-06-14 20:01:51,940] {processor.py:163} INFO - Started process (PID=936) to work on /home/saba/airflow_venv/airflow_venv/lib/python3.6/site-packages/airflow/example_dags/example_latest_only_with_trigger.py
[2022-06-14 20:01:51,941] {processor.py:642} INFO - Processing file /home/saba/airflow_venv/airflow_venv/lib/python3.6/site-packages/airflow/example_dags/example_latest_only_with_trigger.py for tasks to queue
[2022-06-14 20:01:51,942] {logging_mixin.py:109} INFO - [2022-06-14 20:01:51,942] {dagbag.py:500} INFO - Filling up the DagBag from /home/saba/airflow_venv/airflow_venv/lib/python3.6/site-packages/airflow/example_dags/example_latest_only_with_trigger.py
[2022-06-14 20:01:51,954] {processor.py:652} INFO - DAG(s) dict_keys(['latest_only_with_trigger']) retrieved from /home/saba/airflow_venv/airflow_venv/lib/python3.6/site-packages/airflow/example_dags/example_latest_only_with_trigger.py
[2022-06-14 20:01:51,964] {logging_mixin.py:109} INFO - [2022-06-14 20:01:51,964] {dag.py:2398} INFO - Sync 1 DAGs
[2022-06-14 20:01:51,977] {logging_mixin.py:109} INFO - [2022-06-14 20:01:51,977] {dag.py:2937} INFO - Setting next_dagrun for latest_only_with_trigger to 2022-06-14T14:01:51.976739+00:00
[2022-06-14 20:01:52,041] {processor.py:171} INFO - Processing /home/saba/airflow_venv/airflow_venv/lib/python3.6/site-packages/airflow/example_dags/example_latest_only_with_trigger.py took 0.106 seconds
[2022-06-14 20:02:58,586] {processor.py:163} INFO - Started process (PID=996) to work on /home/saba/airflow_venv/airflow_venv/lib/python3.6/site-packages/airflow/example_dags/example_latest_only_with_trigger.py
[2022-06-14 20:02:58,588] {processor.py:642} INFO - Processing file /home/saba/airflow_venv/airflow_venv/lib/python3.6/site-packages/airflow/example_dags/example_latest_only_with_trigger.py for tasks to queue
[2022-06-14 20:02:58,588] {logging_mixin.py:109} INFO - [2022-06-14 20:02:58,588] {dagbag.py:500} INFO - Filling up the DagBag from /home/saba/airflow_venv/airflow_venv/lib/python3.6/site-packages/airflow/example_dags/example_latest_only_with_trigger.py
[2022-06-14 20:02:58,600] {processor.py:652} INFO - DAG(s) dict_keys(['latest_only_with_trigger']) retrieved from /home/saba/airflow_venv/airflow_venv/lib/python3.6/site-packages/airflow/example_dags/example_latest_only_with_trigger.py
[2022-06-14 20:02:58,609] {logging_mixin.py:109} INFO - [2022-06-14 20:02:58,609] {dag.py:2398} INFO - Sync 1 DAGs
[2022-06-14 20:02:58,661] {logging_mixin.py:109} INFO - [2022-06-14 20:02:58,661] {dag.py:2937} INFO - Setting next_dagrun for latest_only_with_trigger to 2022-06-14T14:02:58.661454+00:00
[2022-06-14 20:02:58,676] {processor.py:171} INFO - Processing /home/saba/airflow_venv/airflow_venv/lib/python3.6/site-packages/airflow/example_dags/example_latest_only_with_trigger.py took 0.093 seconds
[2022-06-14 20:04:03,777] {processor.py:163} INFO - Started process (PID=1056) to work on /home/saba/airflow_venv/airflow_venv/lib/python3.6/site-packages/airflow/example_dags/example_latest_only_with_trigger.py
[2022-06-14 20:04:03,779] {processor.py:642} INFO - Processing file /home/saba/airflow_venv/airflow_venv/lib/python3.6/site-packages/airflow/example_dags/example_latest_only_with_trigger.py for tasks to queue
[2022-06-14 20:04:03,780] {logging_mixin.py:109} INFO - [2022-06-14 20:04:03,780] {dagbag.py:500} INFO - Filling up the DagBag from /home/saba/airflow_venv/airflow_venv/lib/python3.6/site-packages/airflow/example_dags/example_latest_only_with_trigger.py
[2022-06-14 20:04:03,791] {processor.py:652} INFO - DAG(s) dict_keys(['latest_only_with_trigger']) retrieved from /home/saba/airflow_venv/airflow_venv/lib/python3.6/site-packages/airflow/example_dags/example_latest_only_with_trigger.py
[2022-06-14 20:04:03,846] {logging_mixin.py:109} INFO - [2022-06-14 20:04:03,846] {dag.py:2398} INFO - Sync 1 DAGs
[2022-06-14 20:04:03,855] {logging_mixin.py:109} INFO - [2022-06-14 20:04:03,855] {dag.py:2937} INFO - Setting next_dagrun for latest_only_with_trigger to 2022-06-14T14:04:03.855321+00:00
[2022-06-14 20:04:03,874] {processor.py:171} INFO - Processing /home/saba/airflow_venv/airflow_venv/lib/python3.6/site-packages/airflow/example_dags/example_latest_only_with_trigger.py took 0.099 seconds
[2022-06-14 20:05:10,073] {processor.py:163} INFO - Started process (PID=1116) to work on /home/saba/airflow_venv/airflow_venv/lib/python3.6/site-packages/airflow/example_dags/example_latest_only_with_trigger.py
[2022-06-14 20:05:10,084] {processor.py:642} INFO - Processing file /home/saba/airflow_venv/airflow_venv/lib/python3.6/site-packages/airflow/example_dags/example_latest_only_with_trigger.py for tasks to queue
[2022-06-14 20:05:10,085] {logging_mixin.py:109} INFO - [2022-06-14 20:05:10,085] {dagbag.py:500} INFO - Filling up the DagBag from /home/saba/airflow_venv/airflow_venv/lib/python3.6/site-packages/airflow/example_dags/example_latest_only_with_trigger.py
[2022-06-14 20:05:10,142] {processor.py:652} INFO - DAG(s) dict_keys(['latest_only_with_trigger']) retrieved from /home/saba/airflow_venv/airflow_venv/lib/python3.6/site-packages/airflow/example_dags/example_latest_only_with_trigger.py
[2022-06-14 20:05:10,149] {logging_mixin.py:109} INFO - [2022-06-14 20:05:10,149] {dag.py:2398} INFO - Sync 1 DAGs
[2022-06-14 20:05:10,158] {logging_mixin.py:109} INFO - [2022-06-14 20:05:10,158] {dag.py:2937} INFO - Setting next_dagrun for latest_only_with_trigger to 2022-06-14T14:05:10.157850+00:00
[2022-06-14 20:05:10,172] {processor.py:171} INFO - Processing /home/saba/airflow_venv/airflow_venv/lib/python3.6/site-packages/airflow/example_dags/example_latest_only_with_trigger.py took 0.101 seconds
[2022-06-14 20:06:13,669] {processor.py:163} INFO - Started process (PID=1175) to work on /home/saba/airflow_venv/airflow_venv/lib/python3.6/site-packages/airflow/example_dags/example_latest_only_with_trigger.py
[2022-06-14 20:06:13,680] {processor.py:642} INFO - Processing file /home/saba/airflow_venv/airflow_venv/lib/python3.6/site-packages/airflow/example_dags/example_latest_only_with_trigger.py for tasks to queue
[2022-06-14 20:06:13,680] {logging_mixin.py:109} INFO - [2022-06-14 20:06:13,680] {dagbag.py:500} INFO - Filling up the DagBag from /home/saba/airflow_venv/airflow_venv/lib/python3.6/site-packages/airflow/example_dags/example_latest_only_with_trigger.py
[2022-06-14 20:06:13,739] {processor.py:652} INFO - DAG(s) dict_keys(['latest_only_with_trigger']) retrieved from /home/saba/airflow_venv/airflow_venv/lib/python3.6/site-packages/airflow/example_dags/example_latest_only_with_trigger.py
[2022-06-14 20:06:13,747] {logging_mixin.py:109} INFO - [2022-06-14 20:06:13,746] {dag.py:2398} INFO - Sync 1 DAGs
[2022-06-14 20:06:13,755] {logging_mixin.py:109} INFO - [2022-06-14 20:06:13,755] {dag.py:2937} INFO - Setting next_dagrun for latest_only_with_trigger to 2022-06-14T14:06:13.755037+00:00
[2022-06-14 20:06:13,770] {processor.py:171} INFO - Processing /home/saba/airflow_venv/airflow_venv/lib/python3.6/site-packages/airflow/example_dags/example_latest_only_with_trigger.py took 0.104 seconds
[2022-06-14 20:07:18,669] {processor.py:163} INFO - Started process (PID=1235) to work on /home/saba/airflow_venv/airflow_venv/lib/python3.6/site-packages/airflow/example_dags/example_latest_only_with_trigger.py
[2022-06-14 20:07:18,679] {processor.py:642} INFO - Processing file /home/saba/airflow_venv/airflow_venv/lib/python3.6/site-packages/airflow/example_dags/example_latest_only_with_trigger.py for tasks to queue
[2022-06-14 20:07:18,680] {logging_mixin.py:109} INFO - [2022-06-14 20:07:18,680] {dagbag.py:500} INFO - Filling up the DagBag from /home/saba/airflow_venv/airflow_venv/lib/python3.6/site-packages/airflow/example_dags/example_latest_only_with_trigger.py
[2022-06-14 20:07:18,691] {processor.py:652} INFO - DAG(s) dict_keys(['latest_only_with_trigger']) retrieved from /home/saba/airflow_venv/airflow_venv/lib/python3.6/site-packages/airflow/example_dags/example_latest_only_with_trigger.py
[2022-06-14 20:07:18,701] {logging_mixin.py:109} INFO - [2022-06-14 20:07:18,701] {dag.py:2398} INFO - Sync 1 DAGs
[2022-06-14 20:07:18,715] {logging_mixin.py:109} INFO - [2022-06-14 20:07:18,715] {dag.py:2937} INFO - Setting next_dagrun for latest_only_with_trigger to 2022-06-14T14:07:18.714875+00:00
[2022-06-14 20:07:18,738] {processor.py:171} INFO - Processing /home/saba/airflow_venv/airflow_venv/lib/python3.6/site-packages/airflow/example_dags/example_latest_only_with_trigger.py took 0.070 seconds
[2022-06-14 20:08:18,234] {processor.py:163} INFO - Started process (PID=1294) to work on /home/saba/airflow_venv/airflow_venv/lib/python3.6/site-packages/airflow/example_dags/example_latest_only_with_trigger.py
[2022-06-14 20:08:18,246] {processor.py:642} INFO - Processing file /home/saba/airflow_venv/airflow_venv/lib/python3.6/site-packages/airflow/example_dags/example_latest_only_with_trigger.py for tasks to queue
[2022-06-14 20:08:18,246] {logging_mixin.py:109} INFO - [2022-06-14 20:08:18,246] {dagbag.py:500} INFO - Filling up the DagBag from /home/saba/airflow_venv/airflow_venv/lib/python3.6/site-packages/airflow/example_dags/example_latest_only_with_trigger.py
[2022-06-14 20:08:18,258] {processor.py:652} INFO - DAG(s) dict_keys(['latest_only_with_trigger']) retrieved from /home/saba/airflow_venv/airflow_venv/lib/python3.6/site-packages/airflow/example_dags/example_latest_only_with_trigger.py
[2022-06-14 20:08:18,267] {logging_mixin.py:109} INFO - [2022-06-14 20:08:18,267] {dag.py:2398} INFO - Sync 1 DAGs
[2022-06-14 20:08:18,279] {logging_mixin.py:109} INFO - [2022-06-14 20:08:18,279] {dag.py:2937} INFO - Setting next_dagrun for latest_only_with_trigger to 2022-06-14T14:08:18.279208+00:00
[2022-06-14 20:08:18,294] {processor.py:171} INFO - Processing /home/saba/airflow_venv/airflow_venv/lib/python3.6/site-packages/airflow/example_dags/example_latest_only_with_trigger.py took 0.062 seconds
[2022-06-14 20:09:17,474] {processor.py:163} INFO - Started process (PID=1352) to work on /home/saba/airflow_venv/airflow_venv/lib/python3.6/site-packages/airflow/example_dags/example_latest_only_with_trigger.py
[2022-06-14 20:09:17,484] {processor.py:642} INFO - Processing file /home/saba/airflow_venv/airflow_venv/lib/python3.6/site-packages/airflow/example_dags/example_latest_only_with_trigger.py for tasks to queue
[2022-06-14 20:09:17,485] {logging_mixin.py:109} INFO - [2022-06-14 20:09:17,485] {dagbag.py:500} INFO - Filling up the DagBag from /home/saba/airflow_venv/airflow_venv/lib/python3.6/site-packages/airflow/example_dags/example_latest_only_with_trigger.py
[2022-06-14 20:09:17,498] {processor.py:652} INFO - DAG(s) dict_keys(['latest_only_with_trigger']) retrieved from /home/saba/airflow_venv/airflow_venv/lib/python3.6/site-packages/airflow/example_dags/example_latest_only_with_trigger.py
[2022-06-14 20:09:17,508] {logging_mixin.py:109} INFO - [2022-06-14 20:09:17,508] {dag.py:2398} INFO - Sync 1 DAGs
[2022-06-14 20:09:17,519] {logging_mixin.py:109} INFO - [2022-06-14 20:09:17,519] {dag.py:2937} INFO - Setting next_dagrun for latest_only_with_trigger to 2022-06-14T14:09:17.518783+00:00
[2022-06-14 20:09:17,535] {processor.py:171} INFO - Processing /home/saba/airflow_venv/airflow_venv/lib/python3.6/site-packages/airflow/example_dags/example_latest_only_with_trigger.py took 0.062 seconds
[2022-06-14 20:10:17,192] {processor.py:163} INFO - Started process (PID=1411) to work on /home/saba/airflow_venv/airflow_venv/lib/python3.6/site-packages/airflow/example_dags/example_latest_only_with_trigger.py
[2022-06-14 20:10:17,203] {processor.py:642} INFO - Processing file /home/saba/airflow_venv/airflow_venv/lib/python3.6/site-packages/airflow/example_dags/example_latest_only_with_trigger.py for tasks to queue
[2022-06-14 20:10:17,203] {logging_mixin.py:109} INFO - [2022-06-14 20:10:17,203] {dagbag.py:500} INFO - Filling up the DagBag from /home/saba/airflow_venv/airflow_venv/lib/python3.6/site-packages/airflow/example_dags/example_latest_only_with_trigger.py
[2022-06-14 20:10:17,216] {processor.py:652} INFO - DAG(s) dict_keys(['latest_only_with_trigger']) retrieved from /home/saba/airflow_venv/airflow_venv/lib/python3.6/site-packages/airflow/example_dags/example_latest_only_with_trigger.py
[2022-06-14 20:10:17,225] {logging_mixin.py:109} INFO - [2022-06-14 20:10:17,224] {dag.py:2398} INFO - Sync 1 DAGs
[2022-06-14 20:10:17,235] {logging_mixin.py:109} INFO - [2022-06-14 20:10:17,235] {dag.py:2937} INFO - Setting next_dagrun for latest_only_with_trigger to 2022-06-14T14:10:17.235366+00:00
[2022-06-14 20:10:17,251] {processor.py:171} INFO - Processing /home/saba/airflow_venv/airflow_venv/lib/python3.6/site-packages/airflow/example_dags/example_latest_only_with_trigger.py took 0.061 seconds
[2022-06-14 20:11:16,409] {processor.py:163} INFO - Started process (PID=1470) to work on /home/saba/airflow_venv/airflow_venv/lib/python3.6/site-packages/airflow/example_dags/example_latest_only_with_trigger.py
[2022-06-14 20:11:16,419] {processor.py:642} INFO - Processing file /home/saba/airflow_venv/airflow_venv/lib/python3.6/site-packages/airflow/example_dags/example_latest_only_with_trigger.py for tasks to queue
[2022-06-14 20:11:16,420] {logging_mixin.py:109} INFO - [2022-06-14 20:11:16,420] {dagbag.py:500} INFO - Filling up the DagBag from /home/saba/airflow_venv/airflow_venv/lib/python3.6/site-packages/airflow/example_dags/example_latest_only_with_trigger.py
[2022-06-14 20:11:16,432] {processor.py:652} INFO - DAG(s) dict_keys(['latest_only_with_trigger']) retrieved from /home/saba/airflow_venv/airflow_venv/lib/python3.6/site-packages/airflow/example_dags/example_latest_only_with_trigger.py
[2022-06-14 20:11:16,441] {logging_mixin.py:109} INFO - [2022-06-14 20:11:16,441] {dag.py:2398} INFO - Sync 1 DAGs
[2022-06-14 20:11:16,452] {logging_mixin.py:109} INFO - [2022-06-14 20:11:16,452] {dag.py:2937} INFO - Setting next_dagrun for latest_only_with_trigger to 2022-06-14T14:11:16.452244+00:00
[2022-06-14 20:11:16,469] {processor.py:171} INFO - Processing /home/saba/airflow_venv/airflow_venv/lib/python3.6/site-packages/airflow/example_dags/example_latest_only_with_trigger.py took 0.062 seconds
[2022-06-14 20:12:17,276] {processor.py:163} INFO - Started process (PID=1530) to work on /home/saba/airflow_venv/airflow_venv/lib/python3.6/site-packages/airflow/example_dags/example_latest_only_with_trigger.py
[2022-06-14 20:12:17,287] {processor.py:642} INFO - Processing file /home/saba/airflow_venv/airflow_venv/lib/python3.6/site-packages/airflow/example_dags/example_latest_only_with_trigger.py for tasks to queue
[2022-06-14 20:12:17,288] {logging_mixin.py:109} INFO - [2022-06-14 20:12:17,287] {dagbag.py:500} INFO - Filling up the DagBag from /home/saba/airflow_venv/airflow_venv/lib/python3.6/site-packages/airflow/example_dags/example_latest_only_with_trigger.py
[2022-06-14 20:12:17,299] {processor.py:652} INFO - DAG(s) dict_keys(['latest_only_with_trigger']) retrieved from /home/saba/airflow_venv/airflow_venv/lib/python3.6/site-packages/airflow/example_dags/example_latest_only_with_trigger.py
[2022-06-14 20:12:17,310] {logging_mixin.py:109} INFO - [2022-06-14 20:12:17,310] {dag.py:2398} INFO - Sync 1 DAGs
[2022-06-14 20:12:17,321] {logging_mixin.py:109} INFO - [2022-06-14 20:12:17,321] {dag.py:2937} INFO - Setting next_dagrun for latest_only_with_trigger to 2022-06-14T14:12:17.321219+00:00
[2022-06-14 20:12:17,337] {processor.py:171} INFO - Processing /home/saba/airflow_venv/airflow_venv/lib/python3.6/site-packages/airflow/example_dags/example_latest_only_with_trigger.py took 0.063 seconds
[2022-06-14 20:13:18,291] {processor.py:163} INFO - Started process (PID=1589) to work on /home/saba/airflow_venv/airflow_venv/lib/python3.6/site-packages/airflow/example_dags/example_latest_only_with_trigger.py
[2022-06-14 20:13:18,302] {processor.py:642} INFO - Processing file /home/saba/airflow_venv/airflow_venv/lib/python3.6/site-packages/airflow/example_dags/example_latest_only_with_trigger.py for tasks to queue
[2022-06-14 20:13:18,302] {logging_mixin.py:109} INFO - [2022-06-14 20:13:18,302] {dagbag.py:500} INFO - Filling up the DagBag from /home/saba/airflow_venv/airflow_venv/lib/python3.6/site-packages/airflow/example_dags/example_latest_only_with_trigger.py
[2022-06-14 20:13:18,314] {processor.py:652} INFO - DAG(s) dict_keys(['latest_only_with_trigger']) retrieved from /home/saba/airflow_venv/airflow_venv/lib/python3.6/site-packages/airflow/example_dags/example_latest_only_with_trigger.py
[2022-06-14 20:13:18,325] {logging_mixin.py:109} INFO - [2022-06-14 20:13:18,324] {dag.py:2398} INFO - Sync 1 DAGs
[2022-06-14 20:13:18,337] {logging_mixin.py:109} INFO - [2022-06-14 20:13:18,337] {dag.py:2937} INFO - Setting next_dagrun for latest_only_with_trigger to 2022-06-14T14:13:18.336907+00:00
[2022-06-14 20:13:18,352] {processor.py:171} INFO - Processing /home/saba/airflow_venv/airflow_venv/lib/python3.6/site-packages/airflow/example_dags/example_latest_only_with_trigger.py took 0.063 seconds
[2022-06-14 20:14:18,433] {processor.py:163} INFO - Started process (PID=1648) to work on /home/saba/airflow_venv/airflow_venv/lib/python3.6/site-packages/airflow/example_dags/example_latest_only_with_trigger.py
[2022-06-14 20:14:18,436] {processor.py:642} INFO - Processing file /home/saba/airflow_venv/airflow_venv/lib/python3.6/site-packages/airflow/example_dags/example_latest_only_with_trigger.py for tasks to queue
[2022-06-14 20:14:18,437] {logging_mixin.py:109} INFO - [2022-06-14 20:14:18,436] {dagbag.py:500} INFO - Filling up the DagBag from /home/saba/airflow_venv/airflow_venv/lib/python3.6/site-packages/airflow/example_dags/example_latest_only_with_trigger.py
[2022-06-14 20:14:18,459] {processor.py:652} INFO - DAG(s) dict_keys(['latest_only_with_trigger']) retrieved from /home/saba/airflow_venv/airflow_venv/lib/python3.6/site-packages/airflow/example_dags/example_latest_only_with_trigger.py
[2022-06-14 20:14:18,478] {logging_mixin.py:109} INFO - [2022-06-14 20:14:18,478] {dag.py:2398} INFO - Sync 1 DAGs
[2022-06-14 20:14:18,501] {logging_mixin.py:109} INFO - [2022-06-14 20:14:18,501] {dag.py:2937} INFO - Setting next_dagrun for latest_only_with_trigger to 2022-06-14T14:14:18.501261+00:00
[2022-06-14 20:14:18,519] {processor.py:171} INFO - Processing /home/saba/airflow_venv/airflow_venv/lib/python3.6/site-packages/airflow/example_dags/example_latest_only_with_trigger.py took 0.089 seconds
[2022-06-14 20:15:19,953] {processor.py:163} INFO - Started process (PID=1710) to work on /home/saba/airflow_venv/airflow_venv/lib/python3.6/site-packages/airflow/example_dags/example_latest_only_with_trigger.py
[2022-06-14 20:15:19,957] {processor.py:642} INFO - Processing file /home/saba/airflow_venv/airflow_venv/lib/python3.6/site-packages/airflow/example_dags/example_latest_only_with_trigger.py for tasks to queue
[2022-06-14 20:15:19,958] {logging_mixin.py:109} INFO - [2022-06-14 20:15:19,957] {dagbag.py:500} INFO - Filling up the DagBag from /home/saba/airflow_venv/airflow_venv/lib/python3.6/site-packages/airflow/example_dags/example_latest_only_with_trigger.py
[2022-06-14 20:15:19,977] {processor.py:652} INFO - DAG(s) dict_keys(['latest_only_with_trigger']) retrieved from /home/saba/airflow_venv/airflow_venv/lib/python3.6/site-packages/airflow/example_dags/example_latest_only_with_trigger.py
[2022-06-14 20:15:19,993] {logging_mixin.py:109} INFO - [2022-06-14 20:15:19,993] {dag.py:2398} INFO - Sync 1 DAGs
[2022-06-14 20:15:20,016] {logging_mixin.py:109} INFO - [2022-06-14 20:15:20,016] {dag.py:2937} INFO - Setting next_dagrun for latest_only_with_trigger to 2022-06-14T14:15:20.015952+00:00
[2022-06-14 20:15:20,040] {processor.py:171} INFO - Processing /home/saba/airflow_venv/airflow_venv/lib/python3.6/site-packages/airflow/example_dags/example_latest_only_with_trigger.py took 0.090 seconds
[2022-06-14 20:16:30,318] {processor.py:163} INFO - Started process (PID=1770) to work on /home/saba/airflow_venv/airflow_venv/lib/python3.6/site-packages/airflow/example_dags/example_latest_only_with_trigger.py
[2022-06-14 20:16:30,329] {processor.py:642} INFO - Processing file /home/saba/airflow_venv/airflow_venv/lib/python3.6/site-packages/airflow/example_dags/example_latest_only_with_trigger.py for tasks to queue
[2022-06-14 20:16:30,330] {logging_mixin.py:109} INFO - [2022-06-14 20:16:30,329] {dagbag.py:500} INFO - Filling up the DagBag from /home/saba/airflow_venv/airflow_venv/lib/python3.6/site-packages/airflow/example_dags/example_latest_only_with_trigger.py
[2022-06-14 20:16:30,355] {processor.py:652} INFO - DAG(s) dict_keys(['latest_only_with_trigger']) retrieved from /home/saba/airflow_venv/airflow_venv/lib/python3.6/site-packages/airflow/example_dags/example_latest_only_with_trigger.py
[2022-06-14 20:16:30,376] {logging_mixin.py:109} INFO - [2022-06-14 20:16:30,376] {dag.py:2398} INFO - Sync 1 DAGs
[2022-06-14 20:16:30,395] {logging_mixin.py:109} INFO - [2022-06-14 20:16:30,395] {dag.py:2937} INFO - Setting next_dagrun for latest_only_with_trigger to 2022-06-14T14:16:30.395176+00:00
[2022-06-14 20:16:30,418] {processor.py:171} INFO - Processing /home/saba/airflow_venv/airflow_venv/lib/python3.6/site-packages/airflow/example_dags/example_latest_only_with_trigger.py took 0.106 seconds
[2022-06-14 20:17:47,019] {processor.py:163} INFO - Started process (PID=1831) to work on /home/saba/airflow_venv/airflow_venv/lib/python3.6/site-packages/airflow/example_dags/example_latest_only_with_trigger.py
[2022-06-14 20:17:47,029] {processor.py:642} INFO - Processing file /home/saba/airflow_venv/airflow_venv/lib/python3.6/site-packages/airflow/example_dags/example_latest_only_with_trigger.py for tasks to queue
[2022-06-14 20:17:47,030] {logging_mixin.py:109} INFO - [2022-06-14 20:17:47,029] {dagbag.py:500} INFO - Filling up the DagBag from /home/saba/airflow_venv/airflow_venv/lib/python3.6/site-packages/airflow/example_dags/example_latest_only_with_trigger.py
[2022-06-14 20:17:47,060] {processor.py:652} INFO - DAG(s) dict_keys(['latest_only_with_trigger']) retrieved from /home/saba/airflow_venv/airflow_venv/lib/python3.6/site-packages/airflow/example_dags/example_latest_only_with_trigger.py
[2022-06-14 20:17:47,088] {logging_mixin.py:109} INFO - [2022-06-14 20:17:47,087] {dag.py:2398} INFO - Sync 1 DAGs
[2022-06-14 20:17:47,115] {logging_mixin.py:109} INFO - [2022-06-14 20:17:47,115] {dag.py:2937} INFO - Setting next_dagrun for latest_only_with_trigger to 2022-06-14T14:17:47.115284+00:00
[2022-06-14 20:17:47,141] {processor.py:171} INFO - Processing /home/saba/airflow_venv/airflow_venv/lib/python3.6/site-packages/airflow/example_dags/example_latest_only_with_trigger.py took 0.126 seconds
[2022-06-14 20:19:01,386] {processor.py:163} INFO - Started process (PID=1892) to work on /home/saba/airflow_venv/airflow_venv/lib/python3.6/site-packages/airflow/example_dags/example_latest_only_with_trigger.py
[2022-06-14 20:19:01,390] {processor.py:642} INFO - Processing file /home/saba/airflow_venv/airflow_venv/lib/python3.6/site-packages/airflow/example_dags/example_latest_only_with_trigger.py for tasks to queue
[2022-06-14 20:19:01,392] {logging_mixin.py:109} INFO - [2022-06-14 20:19:01,391] {dagbag.py:500} INFO - Filling up the DagBag from /home/saba/airflow_venv/airflow_venv/lib/python3.6/site-packages/airflow/example_dags/example_latest_only_with_trigger.py
[2022-06-14 20:19:01,420] {processor.py:652} INFO - DAG(s) dict_keys(['latest_only_with_trigger']) retrieved from /home/saba/airflow_venv/airflow_venv/lib/python3.6/site-packages/airflow/example_dags/example_latest_only_with_trigger.py
[2022-06-14 20:19:01,446] {logging_mixin.py:109} INFO - [2022-06-14 20:19:01,445] {dag.py:2398} INFO - Sync 1 DAGs
[2022-06-14 20:19:01,472] {logging_mixin.py:109} INFO - [2022-06-14 20:19:01,472] {dag.py:2937} INFO - Setting next_dagrun for latest_only_with_trigger to 2022-06-14T14:19:01.471876+00:00
[2022-06-14 20:19:01,500] {processor.py:171} INFO - Processing /home/saba/airflow_venv/airflow_venv/lib/python3.6/site-packages/airflow/example_dags/example_latest_only_with_trigger.py took 0.118 seconds
[2022-06-14 20:20:19,163] {processor.py:163} INFO - Started process (PID=1953) to work on /home/saba/airflow_venv/airflow_venv/lib/python3.6/site-packages/airflow/example_dags/example_latest_only_with_trigger.py
[2022-06-14 20:20:19,174] {processor.py:642} INFO - Processing file /home/saba/airflow_venv/airflow_venv/lib/python3.6/site-packages/airflow/example_dags/example_latest_only_with_trigger.py for tasks to queue
[2022-06-14 20:20:19,175] {logging_mixin.py:109} INFO - [2022-06-14 20:20:19,175] {dagbag.py:500} INFO - Filling up the DagBag from /home/saba/airflow_venv/airflow_venv/lib/python3.6/site-packages/airflow/example_dags/example_latest_only_with_trigger.py
[2022-06-14 20:20:19,218] {processor.py:652} INFO - DAG(s) dict_keys(['latest_only_with_trigger']) retrieved from /home/saba/airflow_venv/airflow_venv/lib/python3.6/site-packages/airflow/example_dags/example_latest_only_with_trigger.py
[2022-06-14 20:20:19,249] {logging_mixin.py:109} INFO - [2022-06-14 20:20:19,249] {dag.py:2398} INFO - Sync 1 DAGs
[2022-06-14 20:20:19,285] {logging_mixin.py:109} INFO - [2022-06-14 20:20:19,285] {dag.py:2937} INFO - Setting next_dagrun for latest_only_with_trigger to 2022-06-14T14:20:19.284435+00:00
[2022-06-14 20:20:19,314] {processor.py:171} INFO - Processing /home/saba/airflow_venv/airflow_venv/lib/python3.6/site-packages/airflow/example_dags/example_latest_only_with_trigger.py took 0.159 seconds
[2022-06-14 20:21:35,134] {processor.py:163} INFO - Started process (PID=2014) to work on /home/saba/airflow_venv/airflow_venv/lib/python3.6/site-packages/airflow/example_dags/example_latest_only_with_trigger.py
[2022-06-14 20:21:35,136] {processor.py:642} INFO - Processing file /home/saba/airflow_venv/airflow_venv/lib/python3.6/site-packages/airflow/example_dags/example_latest_only_with_trigger.py for tasks to queue
[2022-06-14 20:21:35,137] {logging_mixin.py:109} INFO - [2022-06-14 20:21:35,137] {dagbag.py:500} INFO - Filling up the DagBag from /home/saba/airflow_venv/airflow_venv/lib/python3.6/site-packages/airflow/example_dags/example_latest_only_with_trigger.py
[2022-06-14 20:21:35,174] {processor.py:652} INFO - DAG(s) dict_keys(['latest_only_with_trigger']) retrieved from /home/saba/airflow_venv/airflow_venv/lib/python3.6/site-packages/airflow/example_dags/example_latest_only_with_trigger.py
[2022-06-14 20:21:35,200] {logging_mixin.py:109} INFO - [2022-06-14 20:21:35,200] {dag.py:2398} INFO - Sync 1 DAGs
[2022-06-14 20:21:35,229] {logging_mixin.py:109} INFO - [2022-06-14 20:21:35,229] {dag.py:2937} INFO - Setting next_dagrun for latest_only_with_trigger to 2022-06-14T14:21:35.228970+00:00
[2022-06-14 20:21:35,255] {processor.py:171} INFO - Processing /home/saba/airflow_venv/airflow_venv/lib/python3.6/site-packages/airflow/example_dags/example_latest_only_with_trigger.py took 0.128 seconds
[2022-06-14 20:22:50,528] {processor.py:163} INFO - Started process (PID=2075) to work on /home/saba/airflow_venv/airflow_venv/lib/python3.6/site-packages/airflow/example_dags/example_latest_only_with_trigger.py
[2022-06-14 20:22:50,539] {processor.py:642} INFO - Processing file /home/saba/airflow_venv/airflow_venv/lib/python3.6/site-packages/airflow/example_dags/example_latest_only_with_trigger.py for tasks to queue
[2022-06-14 20:22:50,540] {logging_mixin.py:109} INFO - [2022-06-14 20:22:50,540] {dagbag.py:500} INFO - Filling up the DagBag from /home/saba/airflow_venv/airflow_venv/lib/python3.6/site-packages/airflow/example_dags/example_latest_only_with_trigger.py
[2022-06-14 20:22:50,574] {processor.py:652} INFO - DAG(s) dict_keys(['latest_only_with_trigger']) retrieved from /home/saba/airflow_venv/airflow_venv/lib/python3.6/site-packages/airflow/example_dags/example_latest_only_with_trigger.py
[2022-06-14 20:22:50,594] {logging_mixin.py:109} INFO - [2022-06-14 20:22:50,594] {dag.py:2398} INFO - Sync 1 DAGs
[2022-06-14 20:22:50,627] {logging_mixin.py:109} INFO - [2022-06-14 20:22:50,627] {dag.py:2937} INFO - Setting next_dagrun for latest_only_with_trigger to 2022-06-14T14:22:50.627079+00:00
[2022-06-14 20:22:50,651] {processor.py:171} INFO - Processing /home/saba/airflow_venv/airflow_venv/lib/python3.6/site-packages/airflow/example_dags/example_latest_only_with_trigger.py took 0.127 seconds
[2022-06-14 20:24:06,620] {processor.py:163} INFO - Started process (PID=2136) to work on /home/saba/airflow_venv/airflow_venv/lib/python3.6/site-packages/airflow/example_dags/example_latest_only_with_trigger.py
[2022-06-14 20:24:06,632] {processor.py:642} INFO - Processing file /home/saba/airflow_venv/airflow_venv/lib/python3.6/site-packages/airflow/example_dags/example_latest_only_with_trigger.py for tasks to queue
[2022-06-14 20:24:06,633] {logging_mixin.py:109} INFO - [2022-06-14 20:24:06,633] {dagbag.py:500} INFO - Filling up the DagBag from /home/saba/airflow_venv/airflow_venv/lib/python3.6/site-packages/airflow/example_dags/example_latest_only_with_trigger.py
[2022-06-14 20:24:06,661] {processor.py:652} INFO - DAG(s) dict_keys(['latest_only_with_trigger']) retrieved from /home/saba/airflow_venv/airflow_venv/lib/python3.6/site-packages/airflow/example_dags/example_latest_only_with_trigger.py
[2022-06-14 20:24:06,686] {logging_mixin.py:109} INFO - [2022-06-14 20:24:06,686] {dag.py:2398} INFO - Sync 1 DAGs
[2022-06-14 20:24:06,712] {logging_mixin.py:109} INFO - [2022-06-14 20:24:06,712] {dag.py:2937} INFO - Setting next_dagrun for latest_only_with_trigger to 2022-06-14T14:24:06.711973+00:00
[2022-06-14 20:24:06,738] {processor.py:171} INFO - Processing /home/saba/airflow_venv/airflow_venv/lib/python3.6/site-packages/airflow/example_dags/example_latest_only_with_trigger.py took 0.123 seconds
[2022-06-14 20:25:20,607] {processor.py:163} INFO - Started process (PID=2197) to work on /home/saba/airflow_venv/airflow_venv/lib/python3.6/site-packages/airflow/example_dags/example_latest_only_with_trigger.py
[2022-06-14 20:25:20,619] {processor.py:642} INFO - Processing file /home/saba/airflow_venv/airflow_venv/lib/python3.6/site-packages/airflow/example_dags/example_latest_only_with_trigger.py for tasks to queue
[2022-06-14 20:25:20,621] {logging_mixin.py:109} INFO - [2022-06-14 20:25:20,621] {dagbag.py:500} INFO - Filling up the DagBag from /home/saba/airflow_venv/airflow_venv/lib/python3.6/site-packages/airflow/example_dags/example_latest_only_with_trigger.py
[2022-06-14 20:25:20,647] {processor.py:652} INFO - DAG(s) dict_keys(['latest_only_with_trigger']) retrieved from /home/saba/airflow_venv/airflow_venv/lib/python3.6/site-packages/airflow/example_dags/example_latest_only_with_trigger.py
[2022-06-14 20:25:20,672] {logging_mixin.py:109} INFO - [2022-06-14 20:25:20,671] {dag.py:2398} INFO - Sync 1 DAGs
[2022-06-14 20:25:20,704] {logging_mixin.py:109} INFO - [2022-06-14 20:25:20,704] {dag.py:2937} INFO - Setting next_dagrun for latest_only_with_trigger to 2022-06-14T14:25:20.703994+00:00
[2022-06-14 20:25:20,730] {processor.py:171} INFO - Processing /home/saba/airflow_venv/airflow_venv/lib/python3.6/site-packages/airflow/example_dags/example_latest_only_with_trigger.py took 0.129 seconds
[2022-06-14 20:26:36,446] {processor.py:163} INFO - Started process (PID=2258) to work on /home/saba/airflow_venv/airflow_venv/lib/python3.6/site-packages/airflow/example_dags/example_latest_only_with_trigger.py
[2022-06-14 20:26:36,458] {processor.py:642} INFO - Processing file /home/saba/airflow_venv/airflow_venv/lib/python3.6/site-packages/airflow/example_dags/example_latest_only_with_trigger.py for tasks to queue
[2022-06-14 20:26:36,459] {logging_mixin.py:109} INFO - [2022-06-14 20:26:36,458] {dagbag.py:500} INFO - Filling up the DagBag from /home/saba/airflow_venv/airflow_venv/lib/python3.6/site-packages/airflow/example_dags/example_latest_only_with_trigger.py
[2022-06-14 20:26:36,493] {processor.py:652} INFO - DAG(s) dict_keys(['latest_only_with_trigger']) retrieved from /home/saba/airflow_venv/airflow_venv/lib/python3.6/site-packages/airflow/example_dags/example_latest_only_with_trigger.py
[2022-06-14 20:26:36,515] {logging_mixin.py:109} INFO - [2022-06-14 20:26:36,514] {dag.py:2398} INFO - Sync 1 DAGs
[2022-06-14 20:26:36,539] {logging_mixin.py:109} INFO - [2022-06-14 20:26:36,538] {dag.py:2937} INFO - Setting next_dagrun for latest_only_with_trigger to 2022-06-14T14:26:36.537990+00:00
[2022-06-14 20:26:36,564] {processor.py:171} INFO - Processing /home/saba/airflow_venv/airflow_venv/lib/python3.6/site-packages/airflow/example_dags/example_latest_only_with_trigger.py took 0.121 seconds
[2022-06-14 20:27:53,007] {processor.py:163} INFO - Started process (PID=2319) to work on /home/saba/airflow_venv/airflow_venv/lib/python3.6/site-packages/airflow/example_dags/example_latest_only_with_trigger.py
[2022-06-14 20:27:53,020] {processor.py:642} INFO - Processing file /home/saba/airflow_venv/airflow_venv/lib/python3.6/site-packages/airflow/example_dags/example_latest_only_with_trigger.py for tasks to queue
[2022-06-14 20:27:53,022] {logging_mixin.py:109} INFO - [2022-06-14 20:27:53,022] {dagbag.py:500} INFO - Filling up the DagBag from /home/saba/airflow_venv/airflow_venv/lib/python3.6/site-packages/airflow/example_dags/example_latest_only_with_trigger.py
[2022-06-14 20:27:53,049] {processor.py:652} INFO - DAG(s) dict_keys(['latest_only_with_trigger']) retrieved from /home/saba/airflow_venv/airflow_venv/lib/python3.6/site-packages/airflow/example_dags/example_latest_only_with_trigger.py
[2022-06-14 20:27:53,073] {logging_mixin.py:109} INFO - [2022-06-14 20:27:53,073] {dag.py:2398} INFO - Sync 1 DAGs
[2022-06-14 20:27:53,102] {logging_mixin.py:109} INFO - [2022-06-14 20:27:53,102] {dag.py:2937} INFO - Setting next_dagrun for latest_only_with_trigger to 2022-06-14T14:27:53.101974+00:00
[2022-06-14 20:27:53,130] {processor.py:171} INFO - Processing /home/saba/airflow_venv/airflow_venv/lib/python3.6/site-packages/airflow/example_dags/example_latest_only_with_trigger.py took 0.131 seconds
[2022-06-14 20:29:09,481] {processor.py:163} INFO - Started process (PID=2380) to work on /home/saba/airflow_venv/airflow_venv/lib/python3.6/site-packages/airflow/example_dags/example_latest_only_with_trigger.py
[2022-06-14 20:29:09,484] {processor.py:642} INFO - Processing file /home/saba/airflow_venv/airflow_venv/lib/python3.6/site-packages/airflow/example_dags/example_latest_only_with_trigger.py for tasks to queue
[2022-06-14 20:29:09,485] {logging_mixin.py:109} INFO - [2022-06-14 20:29:09,485] {dagbag.py:500} INFO - Filling up the DagBag from /home/saba/airflow_venv/airflow_venv/lib/python3.6/site-packages/airflow/example_dags/example_latest_only_with_trigger.py
[2022-06-14 20:29:09,520] {processor.py:652} INFO - DAG(s) dict_keys(['latest_only_with_trigger']) retrieved from /home/saba/airflow_venv/airflow_venv/lib/python3.6/site-packages/airflow/example_dags/example_latest_only_with_trigger.py
[2022-06-14 20:29:09,542] {logging_mixin.py:109} INFO - [2022-06-14 20:29:09,541] {dag.py:2398} INFO - Sync 1 DAGs
[2022-06-14 20:29:09,576] {logging_mixin.py:109} INFO - [2022-06-14 20:29:09,576] {dag.py:2937} INFO - Setting next_dagrun for latest_only_with_trigger to 2022-06-14T14:29:09.575937+00:00
[2022-06-14 20:29:09,603] {processor.py:171} INFO - Processing /home/saba/airflow_venv/airflow_venv/lib/python3.6/site-packages/airflow/example_dags/example_latest_only_with_trigger.py took 0.127 seconds
[2022-06-14 20:30:23,027] {processor.py:163} INFO - Started process (PID=2442) to work on /home/saba/airflow_venv/airflow_venv/lib/python3.6/site-packages/airflow/example_dags/example_latest_only_with_trigger.py
[2022-06-14 20:30:23,037] {processor.py:642} INFO - Processing file /home/saba/airflow_venv/airflow_venv/lib/python3.6/site-packages/airflow/example_dags/example_latest_only_with_trigger.py for tasks to queue
[2022-06-14 20:30:23,038] {logging_mixin.py:109} INFO - [2022-06-14 20:30:23,038] {dagbag.py:500} INFO - Filling up the DagBag from /home/saba/airflow_venv/airflow_venv/lib/python3.6/site-packages/airflow/example_dags/example_latest_only_with_trigger.py
[2022-06-14 20:30:23,051] {processor.py:652} INFO - DAG(s) dict_keys(['latest_only_with_trigger']) retrieved from /home/saba/airflow_venv/airflow_venv/lib/python3.6/site-packages/airflow/example_dags/example_latest_only_with_trigger.py
[2022-06-14 20:30:23,063] {logging_mixin.py:109} INFO - [2022-06-14 20:30:23,063] {dag.py:2398} INFO - Sync 1 DAGs
[2022-06-14 20:30:23,077] {logging_mixin.py:109} INFO - [2022-06-14 20:30:23,077] {dag.py:2937} INFO - Setting next_dagrun for latest_only_with_trigger to 2022-06-14T14:30:23.077511+00:00
[2022-06-14 20:30:23,092] {processor.py:171} INFO - Processing /home/saba/airflow_venv/airflow_venv/lib/python3.6/site-packages/airflow/example_dags/example_latest_only_with_trigger.py took 0.067 seconds
[2022-06-14 20:31:23,874] {processor.py:163} INFO - Started process (PID=2503) to work on /home/saba/airflow_venv/airflow_venv/lib/python3.6/site-packages/airflow/example_dags/example_latest_only_with_trigger.py
[2022-06-14 20:31:23,884] {processor.py:642} INFO - Processing file /home/saba/airflow_venv/airflow_venv/lib/python3.6/site-packages/airflow/example_dags/example_latest_only_with_trigger.py for tasks to queue
[2022-06-14 20:31:23,885] {logging_mixin.py:109} INFO - [2022-06-14 20:31:23,885] {dagbag.py:500} INFO - Filling up the DagBag from /home/saba/airflow_venv/airflow_venv/lib/python3.6/site-packages/airflow/example_dags/example_latest_only_with_trigger.py
[2022-06-14 20:31:23,896] {processor.py:652} INFO - DAG(s) dict_keys(['latest_only_with_trigger']) retrieved from /home/saba/airflow_venv/airflow_venv/lib/python3.6/site-packages/airflow/example_dags/example_latest_only_with_trigger.py
[2022-06-14 20:31:23,906] {logging_mixin.py:109} INFO - [2022-06-14 20:31:23,906] {dag.py:2398} INFO - Sync 1 DAGs
[2022-06-14 20:31:23,917] {logging_mixin.py:109} INFO - [2022-06-14 20:31:23,917] {dag.py:2937} INFO - Setting next_dagrun for latest_only_with_trigger to 2022-06-14T14:31:23.916859+00:00
[2022-06-14 20:31:23,931] {processor.py:171} INFO - Processing /home/saba/airflow_venv/airflow_venv/lib/python3.6/site-packages/airflow/example_dags/example_latest_only_with_trigger.py took 0.060 seconds
[2022-06-14 20:32:24,666] {processor.py:163} INFO - Started process (PID=2563) to work on /home/saba/airflow_venv/airflow_venv/lib/python3.6/site-packages/airflow/example_dags/example_latest_only_with_trigger.py
[2022-06-14 20:32:24,668] {processor.py:642} INFO - Processing file /home/saba/airflow_venv/airflow_venv/lib/python3.6/site-packages/airflow/example_dags/example_latest_only_with_trigger.py for tasks to queue
[2022-06-14 20:32:24,669] {logging_mixin.py:109} INFO - [2022-06-14 20:32:24,669] {dagbag.py:500} INFO - Filling up the DagBag from /home/saba/airflow_venv/airflow_venv/lib/python3.6/site-packages/airflow/example_dags/example_latest_only_with_trigger.py
[2022-06-14 20:32:24,680] {processor.py:652} INFO - DAG(s) dict_keys(['latest_only_with_trigger']) retrieved from /home/saba/airflow_venv/airflow_venv/lib/python3.6/site-packages/airflow/example_dags/example_latest_only_with_trigger.py
[2022-06-14 20:32:24,690] {logging_mixin.py:109} INFO - [2022-06-14 20:32:24,690] {dag.py:2398} INFO - Sync 1 DAGs
[2022-06-14 20:32:24,701] {logging_mixin.py:109} INFO - [2022-06-14 20:32:24,701] {dag.py:2937} INFO - Setting next_dagrun for latest_only_with_trigger to 2022-06-14T14:32:24.701198+00:00
[2022-06-14 20:32:24,716] {processor.py:171} INFO - Processing /home/saba/airflow_venv/airflow_venv/lib/python3.6/site-packages/airflow/example_dags/example_latest_only_with_trigger.py took 0.052 seconds
[2022-06-14 20:33:23,786] {processor.py:163} INFO - Started process (PID=2621) to work on /home/saba/airflow_venv/airflow_venv/lib/python3.6/site-packages/airflow/example_dags/example_latest_only_with_trigger.py
[2022-06-14 20:33:23,796] {processor.py:642} INFO - Processing file /home/saba/airflow_venv/airflow_venv/lib/python3.6/site-packages/airflow/example_dags/example_latest_only_with_trigger.py for tasks to queue
[2022-06-14 20:33:23,796] {logging_mixin.py:109} INFO - [2022-06-14 20:33:23,796] {dagbag.py:500} INFO - Filling up the DagBag from /home/saba/airflow_venv/airflow_venv/lib/python3.6/site-packages/airflow/example_dags/example_latest_only_with_trigger.py
[2022-06-14 20:33:23,809] {processor.py:652} INFO - DAG(s) dict_keys(['latest_only_with_trigger']) retrieved from /home/saba/airflow_venv/airflow_venv/lib/python3.6/site-packages/airflow/example_dags/example_latest_only_with_trigger.py
[2022-06-14 20:33:23,820] {logging_mixin.py:109} INFO - [2022-06-14 20:33:23,820] {dag.py:2398} INFO - Sync 1 DAGs
[2022-06-14 20:33:23,831] {logging_mixin.py:109} INFO - [2022-06-14 20:33:23,831] {dag.py:2937} INFO - Setting next_dagrun for latest_only_with_trigger to 2022-06-14T14:33:23.831227+00:00
[2022-06-14 20:33:23,846] {processor.py:171} INFO - Processing /home/saba/airflow_venv/airflow_venv/lib/python3.6/site-packages/airflow/example_dags/example_latest_only_with_trigger.py took 0.062 seconds
[2022-06-14 20:34:25,734] {processor.py:163} INFO - Started process (PID=2681) to work on /home/saba/airflow_venv/airflow_venv/lib/python3.6/site-packages/airflow/example_dags/example_latest_only_with_trigger.py
[2022-06-14 20:34:25,735] {processor.py:642} INFO - Processing file /home/saba/airflow_venv/airflow_venv/lib/python3.6/site-packages/airflow/example_dags/example_latest_only_with_trigger.py for tasks to queue
[2022-06-14 20:34:25,736] {logging_mixin.py:109} INFO - [2022-06-14 20:34:25,736] {dagbag.py:500} INFO - Filling up the DagBag from /home/saba/airflow_venv/airflow_venv/lib/python3.6/site-packages/airflow/example_dags/example_latest_only_with_trigger.py
[2022-06-14 20:34:25,747] {processor.py:652} INFO - DAG(s) dict_keys(['latest_only_with_trigger']) retrieved from /home/saba/airflow_venv/airflow_venv/lib/python3.6/site-packages/airflow/example_dags/example_latest_only_with_trigger.py
[2022-06-14 20:34:25,756] {logging_mixin.py:109} INFO - [2022-06-14 20:34:25,756] {dag.py:2398} INFO - Sync 1 DAGs
[2022-06-14 20:34:25,767] {logging_mixin.py:109} INFO - [2022-06-14 20:34:25,767] {dag.py:2937} INFO - Setting next_dagrun for latest_only_with_trigger to 2022-06-14T14:34:25.766954+00:00
[2022-06-14 20:34:25,784] {processor.py:171} INFO - Processing /home/saba/airflow_venv/airflow_venv/lib/python3.6/site-packages/airflow/example_dags/example_latest_only_with_trigger.py took 0.052 seconds
[2022-06-14 20:35:26,981] {processor.py:163} INFO - Started process (PID=2740) to work on /home/saba/airflow_venv/airflow_venv/lib/python3.6/site-packages/airflow/example_dags/example_latest_only_with_trigger.py
[2022-06-14 20:35:26,991] {processor.py:642} INFO - Processing file /home/saba/airflow_venv/airflow_venv/lib/python3.6/site-packages/airflow/example_dags/example_latest_only_with_trigger.py for tasks to queue
[2022-06-14 20:35:26,992] {logging_mixin.py:109} INFO - [2022-06-14 20:35:26,992] {dagbag.py:500} INFO - Filling up the DagBag from /home/saba/airflow_venv/airflow_venv/lib/python3.6/site-packages/airflow/example_dags/example_latest_only_with_trigger.py
[2022-06-14 20:35:27,004] {processor.py:652} INFO - DAG(s) dict_keys(['latest_only_with_trigger']) retrieved from /home/saba/airflow_venv/airflow_venv/lib/python3.6/site-packages/airflow/example_dags/example_latest_only_with_trigger.py
[2022-06-14 20:35:27,014] {logging_mixin.py:109} INFO - [2022-06-14 20:35:27,014] {dag.py:2398} INFO - Sync 1 DAGs
[2022-06-14 20:35:27,024] {logging_mixin.py:109} INFO - [2022-06-14 20:35:27,024] {dag.py:2937} INFO - Setting next_dagrun for latest_only_with_trigger to 2022-06-14T14:35:27.024637+00:00
[2022-06-14 20:35:27,044] {processor.py:171} INFO - Processing /home/saba/airflow_venv/airflow_venv/lib/python3.6/site-packages/airflow/example_dags/example_latest_only_with_trigger.py took 0.064 seconds
[2022-06-14 20:36:26,210] {processor.py:163} INFO - Started process (PID=2799) to work on /home/saba/airflow_venv/airflow_venv/lib/python3.6/site-packages/airflow/example_dags/example_latest_only_with_trigger.py
[2022-06-14 20:36:26,220] {processor.py:642} INFO - Processing file /home/saba/airflow_venv/airflow_venv/lib/python3.6/site-packages/airflow/example_dags/example_latest_only_with_trigger.py for tasks to queue
[2022-06-14 20:36:26,221] {logging_mixin.py:109} INFO - [2022-06-14 20:36:26,221] {dagbag.py:500} INFO - Filling up the DagBag from /home/saba/airflow_venv/airflow_venv/lib/python3.6/site-packages/airflow/example_dags/example_latest_only_with_trigger.py
[2022-06-14 20:36:26,232] {processor.py:652} INFO - DAG(s) dict_keys(['latest_only_with_trigger']) retrieved from /home/saba/airflow_venv/airflow_venv/lib/python3.6/site-packages/airflow/example_dags/example_latest_only_with_trigger.py
[2022-06-14 20:36:26,241] {logging_mixin.py:109} INFO - [2022-06-14 20:36:26,241] {dag.py:2398} INFO - Sync 1 DAGs
[2022-06-14 20:36:26,252] {logging_mixin.py:109} INFO - [2022-06-14 20:36:26,252] {dag.py:2937} INFO - Setting next_dagrun for latest_only_with_trigger to 2022-06-14T14:36:26.252265+00:00
[2022-06-14 20:36:26,268] {processor.py:171} INFO - Processing /home/saba/airflow_venv/airflow_venv/lib/python3.6/site-packages/airflow/example_dags/example_latest_only_with_trigger.py took 0.060 seconds
[2022-06-14 20:37:28,198] {processor.py:163} INFO - Started process (PID=2859) to work on /home/saba/airflow_venv/airflow_venv/lib/python3.6/site-packages/airflow/example_dags/example_latest_only_with_trigger.py
[2022-06-14 20:37:28,200] {processor.py:642} INFO - Processing file /home/saba/airflow_venv/airflow_venv/lib/python3.6/site-packages/airflow/example_dags/example_latest_only_with_trigger.py for tasks to queue
[2022-06-14 20:37:28,200] {logging_mixin.py:109} INFO - [2022-06-14 20:37:28,200] {dagbag.py:500} INFO - Filling up the DagBag from /home/saba/airflow_venv/airflow_venv/lib/python3.6/site-packages/airflow/example_dags/example_latest_only_with_trigger.py
[2022-06-14 20:37:28,212] {processor.py:652} INFO - DAG(s) dict_keys(['latest_only_with_trigger']) retrieved from /home/saba/airflow_venv/airflow_venv/lib/python3.6/site-packages/airflow/example_dags/example_latest_only_with_trigger.py
[2022-06-14 20:37:28,221] {logging_mixin.py:109} INFO - [2022-06-14 20:37:28,221] {dag.py:2398} INFO - Sync 1 DAGs
[2022-06-14 20:37:28,232] {logging_mixin.py:109} INFO - [2022-06-14 20:37:28,232] {dag.py:2937} INFO - Setting next_dagrun for latest_only_with_trigger to 2022-06-14T14:37:28.231919+00:00
[2022-06-14 20:37:28,247] {processor.py:171} INFO - Processing /home/saba/airflow_venv/airflow_venv/lib/python3.6/site-packages/airflow/example_dags/example_latest_only_with_trigger.py took 0.051 seconds
[2022-06-14 20:38:27,950] {processor.py:163} INFO - Started process (PID=2917) to work on /home/saba/airflow_venv/airflow_venv/lib/python3.6/site-packages/airflow/example_dags/example_latest_only_with_trigger.py
[2022-06-14 20:38:27,961] {processor.py:642} INFO - Processing file /home/saba/airflow_venv/airflow_venv/lib/python3.6/site-packages/airflow/example_dags/example_latest_only_with_trigger.py for tasks to queue
[2022-06-14 20:38:27,963] {logging_mixin.py:109} INFO - [2022-06-14 20:38:27,962] {dagbag.py:500} INFO - Filling up the DagBag from /home/saba/airflow_venv/airflow_venv/lib/python3.6/site-packages/airflow/example_dags/example_latest_only_with_trigger.py
[2022-06-14 20:38:27,987] {processor.py:652} INFO - DAG(s) dict_keys(['latest_only_with_trigger']) retrieved from /home/saba/airflow_venv/airflow_venv/lib/python3.6/site-packages/airflow/example_dags/example_latest_only_with_trigger.py
[2022-06-14 20:38:28,008] {logging_mixin.py:109} INFO - [2022-06-14 20:38:28,008] {dag.py:2398} INFO - Sync 1 DAGs
[2022-06-14 20:38:28,026] {logging_mixin.py:109} INFO - [2022-06-14 20:38:28,026] {dag.py:2937} INFO - Setting next_dagrun for latest_only_with_trigger to 2022-06-14T14:38:28.026103+00:00
[2022-06-14 20:38:28,041] {processor.py:171} INFO - Processing /home/saba/airflow_venv/airflow_venv/lib/python3.6/site-packages/airflow/example_dags/example_latest_only_with_trigger.py took 0.094 seconds
[2022-06-14 20:39:27,542] {processor.py:163} INFO - Started process (PID=2976) to work on /home/saba/airflow_venv/airflow_venv/lib/python3.6/site-packages/airflow/example_dags/example_latest_only_with_trigger.py
[2022-06-14 20:39:27,553] {processor.py:642} INFO - Processing file /home/saba/airflow_venv/airflow_venv/lib/python3.6/site-packages/airflow/example_dags/example_latest_only_with_trigger.py for tasks to queue
[2022-06-14 20:39:27,554] {logging_mixin.py:109} INFO - [2022-06-14 20:39:27,554] {dagbag.py:500} INFO - Filling up the DagBag from /home/saba/airflow_venv/airflow_venv/lib/python3.6/site-packages/airflow/example_dags/example_latest_only_with_trigger.py
[2022-06-14 20:39:27,565] {processor.py:652} INFO - DAG(s) dict_keys(['latest_only_with_trigger']) retrieved from /home/saba/airflow_venv/airflow_venv/lib/python3.6/site-packages/airflow/example_dags/example_latest_only_with_trigger.py
[2022-06-14 20:39:27,574] {logging_mixin.py:109} INFO - [2022-06-14 20:39:27,574] {dag.py:2398} INFO - Sync 1 DAGs
[2022-06-14 20:39:27,585] {logging_mixin.py:109} INFO - [2022-06-14 20:39:27,585] {dag.py:2937} INFO - Setting next_dagrun for latest_only_with_trigger to 2022-06-14T14:39:27.585190+00:00
[2022-06-14 20:39:27,600] {processor.py:171} INFO - Processing /home/saba/airflow_venv/airflow_venv/lib/python3.6/site-packages/airflow/example_dags/example_latest_only_with_trigger.py took 0.061 seconds
[2022-06-14 20:40:28,947] {processor.py:163} INFO - Started process (PID=3035) to work on /home/saba/airflow_venv/airflow_venv/lib/python3.6/site-packages/airflow/example_dags/example_latest_only_with_trigger.py
[2022-06-14 20:40:28,949] {processor.py:642} INFO - Processing file /home/saba/airflow_venv/airflow_venv/lib/python3.6/site-packages/airflow/example_dags/example_latest_only_with_trigger.py for tasks to queue
[2022-06-14 20:40:28,949] {logging_mixin.py:109} INFO - [2022-06-14 20:40:28,949] {dagbag.py:500} INFO - Filling up the DagBag from /home/saba/airflow_venv/airflow_venv/lib/python3.6/site-packages/airflow/example_dags/example_latest_only_with_trigger.py
[2022-06-14 20:40:28,962] {processor.py:652} INFO - DAG(s) dict_keys(['latest_only_with_trigger']) retrieved from /home/saba/airflow_venv/airflow_venv/lib/python3.6/site-packages/airflow/example_dags/example_latest_only_with_trigger.py
[2022-06-14 20:40:28,971] {logging_mixin.py:109} INFO - [2022-06-14 20:40:28,971] {dag.py:2398} INFO - Sync 1 DAGs
[2022-06-14 20:40:28,982] {logging_mixin.py:109} INFO - [2022-06-14 20:40:28,982] {dag.py:2937} INFO - Setting next_dagrun for latest_only_with_trigger to 2022-06-14T14:40:28.982086+00:00
[2022-06-14 20:40:28,997] {processor.py:171} INFO - Processing /home/saba/airflow_venv/airflow_venv/lib/python3.6/site-packages/airflow/example_dags/example_latest_only_with_trigger.py took 0.052 seconds
[2022-06-14 20:41:28,411] {processor.py:163} INFO - Started process (PID=3095) to work on /home/saba/airflow_venv/airflow_venv/lib/python3.6/site-packages/airflow/example_dags/example_latest_only_with_trigger.py
[2022-06-14 20:41:28,421] {processor.py:642} INFO - Processing file /home/saba/airflow_venv/airflow_venv/lib/python3.6/site-packages/airflow/example_dags/example_latest_only_with_trigger.py for tasks to queue
[2022-06-14 20:41:28,422] {logging_mixin.py:109} INFO - [2022-06-14 20:41:28,422] {dagbag.py:500} INFO - Filling up the DagBag from /home/saba/airflow_venv/airflow_venv/lib/python3.6/site-packages/airflow/example_dags/example_latest_only_with_trigger.py
[2022-06-14 20:41:28,434] {processor.py:652} INFO - DAG(s) dict_keys(['latest_only_with_trigger']) retrieved from /home/saba/airflow_venv/airflow_venv/lib/python3.6/site-packages/airflow/example_dags/example_latest_only_with_trigger.py
[2022-06-14 20:41:28,444] {logging_mixin.py:109} INFO - [2022-06-14 20:41:28,444] {dag.py:2398} INFO - Sync 1 DAGs
[2022-06-14 20:41:28,456] {logging_mixin.py:109} INFO - [2022-06-14 20:41:28,456] {dag.py:2937} INFO - Setting next_dagrun for latest_only_with_trigger to 2022-06-14T14:41:28.456045+00:00
[2022-06-14 20:41:28,470] {processor.py:171} INFO - Processing /home/saba/airflow_venv/airflow_venv/lib/python3.6/site-packages/airflow/example_dags/example_latest_only_with_trigger.py took 0.061 seconds
