[2022-06-14 19:26:56,261] {processor.py:163} INFO - Started process (PID=32536) to work on /home/saba/airflow_venv/airflow_venv/lib/python3.6/site-packages/airflow/example_dags/example_bash_operator.py
[2022-06-14 19:26:56,270] {processor.py:642} INFO - Processing file /home/saba/airflow_venv/airflow_venv/lib/python3.6/site-packages/airflow/example_dags/example_bash_operator.py for tasks to queue
[2022-06-14 19:26:56,273] {logging_mixin.py:109} INFO - [2022-06-14 19:26:56,273] {dagbag.py:500} INFO - Filling up the DagBag from /home/saba/airflow_venv/airflow_venv/lib/python3.6/site-packages/airflow/example_dags/example_bash_operator.py
[2022-06-14 19:26:56,426] {processor.py:652} INFO - DAG(s) dict_keys(['example_bash_operator']) retrieved from /home/saba/airflow_venv/airflow_venv/lib/python3.6/site-packages/airflow/example_dags/example_bash_operator.py
[2022-06-14 19:26:56,544] {logging_mixin.py:109} INFO - [2022-06-14 19:26:56,544] {dag.py:2398} INFO - Sync 1 DAGs
[2022-06-14 19:26:56,693] {logging_mixin.py:109} INFO - [2022-06-14 19:26:56,692] {dag.py:2937} INFO - Setting next_dagrun for example_bash_operator to 2022-06-13 00:00:00+00:00
[2022-06-14 19:26:56,751] {processor.py:171} INFO - Processing /home/saba/airflow_venv/airflow_venv/lib/python3.6/site-packages/airflow/example_dags/example_bash_operator.py took 0.500 seconds
[2022-06-14 19:27:56,160] {processor.py:163} INFO - Started process (PID=32724) to work on /home/saba/airflow_venv/airflow_venv/lib/python3.6/site-packages/airflow/example_dags/example_bash_operator.py
[2022-06-14 19:27:56,163] {processor.py:642} INFO - Processing file /home/saba/airflow_venv/airflow_venv/lib/python3.6/site-packages/airflow/example_dags/example_bash_operator.py for tasks to queue
[2022-06-14 19:27:56,164] {logging_mixin.py:109} INFO - [2022-06-14 19:27:56,164] {dagbag.py:500} INFO - Filling up the DagBag from /home/saba/airflow_venv/airflow_venv/lib/python3.6/site-packages/airflow/example_dags/example_bash_operator.py
[2022-06-14 19:27:56,228] {processor.py:652} INFO - DAG(s) dict_keys(['example_bash_operator']) retrieved from /home/saba/airflow_venv/airflow_venv/lib/python3.6/site-packages/airflow/example_dags/example_bash_operator.py
[2022-06-14 19:27:56,281] {logging_mixin.py:109} INFO - [2022-06-14 19:27:56,281] {dag.py:2398} INFO - Sync 1 DAGs
[2022-06-14 19:27:56,333] {logging_mixin.py:109} INFO - [2022-06-14 19:27:56,333] {dag.py:2937} INFO - Setting next_dagrun for example_bash_operator to 2022-06-13 00:00:00+00:00
[2022-06-14 19:27:56,365] {processor.py:171} INFO - Processing /home/saba/airflow_venv/airflow_venv/lib/python3.6/site-packages/airflow/example_dags/example_bash_operator.py took 0.212 seconds
[2022-06-14 19:28:42,704] {processor.py:163} INFO - Started process (PID=456) to work on /home/saba/airflow_venv/airflow_venv/lib/python3.6/site-packages/airflow/example_dags/example_bash_operator.py
[2022-06-14 19:28:42,710] {processor.py:642} INFO - Processing file /home/saba/airflow_venv/airflow_venv/lib/python3.6/site-packages/airflow/example_dags/example_bash_operator.py for tasks to queue
[2022-06-14 19:28:42,713] {logging_mixin.py:109} INFO - [2022-06-14 19:28:42,712] {dagbag.py:500} INFO - Filling up the DagBag from /home/saba/airflow_venv/airflow_venv/lib/python3.6/site-packages/airflow/example_dags/example_bash_operator.py
[2022-06-14 19:28:42,831] {processor.py:652} INFO - DAG(s) dict_keys(['example_bash_operator']) retrieved from /home/saba/airflow_venv/airflow_venv/lib/python3.6/site-packages/airflow/example_dags/example_bash_operator.py
[2022-06-14 19:28:42,909] {logging_mixin.py:109} INFO - [2022-06-14 19:28:42,909] {dag.py:2398} INFO - Sync 1 DAGs
[2022-06-14 19:28:43,002] {logging_mixin.py:109} INFO - [2022-06-14 19:28:43,001] {dag.py:2937} INFO - Setting next_dagrun for example_bash_operator to 2022-06-13 00:00:00+00:00
[2022-06-14 19:28:43,059] {processor.py:171} INFO - Processing /home/saba/airflow_venv/airflow_venv/lib/python3.6/site-packages/airflow/example_dags/example_bash_operator.py took 0.364 seconds
[2022-06-14 19:30:11,971] {processor.py:163} INFO - Started process (PID=831) to work on /home/saba/airflow_venv/airflow_venv/lib/python3.6/site-packages/airflow/example_dags/example_bash_operator.py
[2022-06-14 19:30:11,984] {processor.py:642} INFO - Processing file /home/saba/airflow_venv/airflow_venv/lib/python3.6/site-packages/airflow/example_dags/example_bash_operator.py for tasks to queue
[2022-06-14 19:30:11,989] {logging_mixin.py:109} INFO - [2022-06-14 19:30:11,988] {dagbag.py:500} INFO - Filling up the DagBag from /home/saba/airflow_venv/airflow_venv/lib/python3.6/site-packages/airflow/example_dags/example_bash_operator.py
[2022-06-14 19:30:12,209] {processor.py:652} INFO - DAG(s) dict_keys(['example_bash_operator']) retrieved from /home/saba/airflow_venv/airflow_venv/lib/python3.6/site-packages/airflow/example_dags/example_bash_operator.py
[2022-06-14 19:30:12,316] {logging_mixin.py:109} INFO - [2022-06-14 19:30:12,315] {dag.py:2398} INFO - Sync 1 DAGs
[2022-06-14 19:30:12,438] {logging_mixin.py:109} INFO - [2022-06-14 19:30:12,437] {dag.py:2937} INFO - Setting next_dagrun for example_bash_operator to 2022-06-13 00:00:00+00:00
[2022-06-14 19:30:12,510] {processor.py:171} INFO - Processing /home/saba/airflow_venv/airflow_venv/lib/python3.6/site-packages/airflow/example_dags/example_bash_operator.py took 0.554 seconds
[2022-06-14 19:31:06,802] {processor.py:163} INFO - Started process (PID=996) to work on /home/saba/airflow_venv/airflow_venv/lib/python3.6/site-packages/airflow/example_dags/example_bash_operator.py
[2022-06-14 19:31:06,812] {processor.py:642} INFO - Processing file /home/saba/airflow_venv/airflow_venv/lib/python3.6/site-packages/airflow/example_dags/example_bash_operator.py for tasks to queue
[2022-06-14 19:31:06,816] {logging_mixin.py:109} INFO - [2022-06-14 19:31:06,815] {dagbag.py:500} INFO - Filling up the DagBag from /home/saba/airflow_venv/airflow_venv/lib/python3.6/site-packages/airflow/example_dags/example_bash_operator.py
[2022-06-14 19:31:06,932] {processor.py:652} INFO - DAG(s) dict_keys(['example_bash_operator']) retrieved from /home/saba/airflow_venv/airflow_venv/lib/python3.6/site-packages/airflow/example_dags/example_bash_operator.py
[2022-06-14 19:31:07,002] {logging_mixin.py:109} INFO - [2022-06-14 19:31:07,002] {dag.py:2398} INFO - Sync 1 DAGs
[2022-06-14 19:31:07,096] {logging_mixin.py:109} INFO - [2022-06-14 19:31:07,094] {dag.py:2937} INFO - Setting next_dagrun for example_bash_operator to 2022-06-13 00:00:00+00:00
[2022-06-14 19:31:07,158] {processor.py:171} INFO - Processing /home/saba/airflow_venv/airflow_venv/lib/python3.6/site-packages/airflow/example_dags/example_bash_operator.py took 0.370 seconds
[2022-06-14 19:32:19,816] {processor.py:163} INFO - Started process (PID=1958) to work on /home/saba/airflow_venv/airflow_venv/lib/python3.6/site-packages/airflow/example_dags/example_bash_operator.py
[2022-06-14 19:32:19,823] {processor.py:642} INFO - Processing file /home/saba/airflow_venv/airflow_venv/lib/python3.6/site-packages/airflow/example_dags/example_bash_operator.py for tasks to queue
[2022-06-14 19:32:19,826] {logging_mixin.py:109} INFO - [2022-06-14 19:32:19,826] {dagbag.py:500} INFO - Filling up the DagBag from /home/saba/airflow_venv/airflow_venv/lib/python3.6/site-packages/airflow/example_dags/example_bash_operator.py
[2022-06-14 19:32:19,969] {processor.py:652} INFO - DAG(s) dict_keys(['example_bash_operator']) retrieved from /home/saba/airflow_venv/airflow_venv/lib/python3.6/site-packages/airflow/example_dags/example_bash_operator.py
[2022-06-14 19:32:20,050] {logging_mixin.py:109} INFO - [2022-06-14 19:32:20,050] {dag.py:2398} INFO - Sync 1 DAGs
[2022-06-14 19:32:20,160] {logging_mixin.py:109} INFO - [2022-06-14 19:32:20,158] {dag.py:2937} INFO - Setting next_dagrun for example_bash_operator to 2022-06-13 00:00:00+00:00
[2022-06-14 19:32:20,218] {processor.py:171} INFO - Processing /home/saba/airflow_venv/airflow_venv/lib/python3.6/site-packages/airflow/example_dags/example_bash_operator.py took 0.416 seconds
[2022-06-14 19:33:16,846] {processor.py:163} INFO - Started process (PID=2108) to work on /home/saba/airflow_venv/airflow_venv/lib/python3.6/site-packages/airflow/example_dags/example_bash_operator.py
[2022-06-14 19:33:16,863] {processor.py:642} INFO - Processing file /home/saba/airflow_venv/airflow_venv/lib/python3.6/site-packages/airflow/example_dags/example_bash_operator.py for tasks to queue
[2022-06-14 19:33:16,867] {logging_mixin.py:109} INFO - [2022-06-14 19:33:16,866] {dagbag.py:500} INFO - Filling up the DagBag from /home/saba/airflow_venv/airflow_venv/lib/python3.6/site-packages/airflow/example_dags/example_bash_operator.py
[2022-06-14 19:33:17,114] {processor.py:652} INFO - DAG(s) dict_keys(['example_bash_operator']) retrieved from /home/saba/airflow_venv/airflow_venv/lib/python3.6/site-packages/airflow/example_dags/example_bash_operator.py
[2022-06-14 19:33:17,250] {logging_mixin.py:109} INFO - [2022-06-14 19:33:17,249] {dag.py:2398} INFO - Sync 1 DAGs
[2022-06-14 19:33:17,417] {logging_mixin.py:109} INFO - [2022-06-14 19:33:17,417] {dag.py:2937} INFO - Setting next_dagrun for example_bash_operator to 2022-06-13 00:00:00+00:00
[2022-06-14 19:33:17,495] {processor.py:171} INFO - Processing /home/saba/airflow_venv/airflow_venv/lib/python3.6/site-packages/airflow/example_dags/example_bash_operator.py took 0.672 seconds
[2022-06-14 19:34:13,451] {processor.py:163} INFO - Started process (PID=2246) to work on /home/saba/airflow_venv/airflow_venv/lib/python3.6/site-packages/airflow/example_dags/example_bash_operator.py
[2022-06-14 19:34:13,457] {processor.py:642} INFO - Processing file /home/saba/airflow_venv/airflow_venv/lib/python3.6/site-packages/airflow/example_dags/example_bash_operator.py for tasks to queue
[2022-06-14 19:34:13,460] {logging_mixin.py:109} INFO - [2022-06-14 19:34:13,460] {dagbag.py:500} INFO - Filling up the DagBag from /home/saba/airflow_venv/airflow_venv/lib/python3.6/site-packages/airflow/example_dags/example_bash_operator.py
[2022-06-14 19:34:13,585] {processor.py:652} INFO - DAG(s) dict_keys(['example_bash_operator']) retrieved from /home/saba/airflow_venv/airflow_venv/lib/python3.6/site-packages/airflow/example_dags/example_bash_operator.py
[2022-06-14 19:34:13,677] {logging_mixin.py:109} INFO - [2022-06-14 19:34:13,676] {dag.py:2398} INFO - Sync 1 DAGs
[2022-06-14 19:34:13,803] {logging_mixin.py:109} INFO - [2022-06-14 19:34:13,803] {dag.py:2937} INFO - Setting next_dagrun for example_bash_operator to 2022-06-13 00:00:00+00:00
[2022-06-14 19:34:13,873] {processor.py:171} INFO - Processing /home/saba/airflow_venv/airflow_venv/lib/python3.6/site-packages/airflow/example_dags/example_bash_operator.py took 0.438 seconds
[2022-06-14 19:35:18,048] {processor.py:163} INFO - Started process (PID=2377) to work on /home/saba/airflow_venv/airflow_venv/lib/python3.6/site-packages/airflow/example_dags/example_bash_operator.py
[2022-06-14 19:35:18,053] {processor.py:642} INFO - Processing file /home/saba/airflow_venv/airflow_venv/lib/python3.6/site-packages/airflow/example_dags/example_bash_operator.py for tasks to queue
[2022-06-14 19:35:18,056] {logging_mixin.py:109} INFO - [2022-06-14 19:35:18,055] {dagbag.py:500} INFO - Filling up the DagBag from /home/saba/airflow_venv/airflow_venv/lib/python3.6/site-packages/airflow/example_dags/example_bash_operator.py
[2022-06-14 19:35:18,198] {processor.py:652} INFO - DAG(s) dict_keys(['example_bash_operator']) retrieved from /home/saba/airflow_venv/airflow_venv/lib/python3.6/site-packages/airflow/example_dags/example_bash_operator.py
[2022-06-14 19:35:18,281] {logging_mixin.py:109} INFO - [2022-06-14 19:35:18,281] {dag.py:2398} INFO - Sync 1 DAGs
[2022-06-14 19:35:18,394] {logging_mixin.py:109} INFO - [2022-06-14 19:35:18,394] {dag.py:2937} INFO - Setting next_dagrun for example_bash_operator to 2022-06-13 00:00:00+00:00
[2022-06-14 19:35:18,453] {processor.py:171} INFO - Processing /home/saba/airflow_venv/airflow_venv/lib/python3.6/site-packages/airflow/example_dags/example_bash_operator.py took 0.416 seconds
[2022-06-14 19:36:20,699] {processor.py:163} INFO - Started process (PID=2521) to work on /home/saba/airflow_venv/airflow_venv/lib/python3.6/site-packages/airflow/example_dags/example_bash_operator.py
[2022-06-14 19:36:20,704] {processor.py:642} INFO - Processing file /home/saba/airflow_venv/airflow_venv/lib/python3.6/site-packages/airflow/example_dags/example_bash_operator.py for tasks to queue
[2022-06-14 19:36:20,706] {logging_mixin.py:109} INFO - [2022-06-14 19:36:20,706] {dagbag.py:500} INFO - Filling up the DagBag from /home/saba/airflow_venv/airflow_venv/lib/python3.6/site-packages/airflow/example_dags/example_bash_operator.py
[2022-06-14 19:36:20,804] {processor.py:652} INFO - DAG(s) dict_keys(['example_bash_operator']) retrieved from /home/saba/airflow_venv/airflow_venv/lib/python3.6/site-packages/airflow/example_dags/example_bash_operator.py
[2022-06-14 19:36:20,873] {logging_mixin.py:109} INFO - [2022-06-14 19:36:20,872] {dag.py:2398} INFO - Sync 1 DAGs
[2022-06-14 19:36:20,947] {logging_mixin.py:109} INFO - [2022-06-14 19:36:20,947] {dag.py:2937} INFO - Setting next_dagrun for example_bash_operator to 2022-06-13 00:00:00+00:00
[2022-06-14 19:36:21,000] {processor.py:171} INFO - Processing /home/saba/airflow_venv/airflow_venv/lib/python3.6/site-packages/airflow/example_dags/example_bash_operator.py took 0.315 seconds
[2022-06-14 19:37:26,361] {processor.py:163} INFO - Started process (PID=2652) to work on /home/saba/airflow_venv/airflow_venv/lib/python3.6/site-packages/airflow/example_dags/example_bash_operator.py
[2022-06-14 19:37:26,372] {processor.py:642} INFO - Processing file /home/saba/airflow_venv/airflow_venv/lib/python3.6/site-packages/airflow/example_dags/example_bash_operator.py for tasks to queue
[2022-06-14 19:37:26,376] {logging_mixin.py:109} INFO - [2022-06-14 19:37:26,375] {dagbag.py:500} INFO - Filling up the DagBag from /home/saba/airflow_venv/airflow_venv/lib/python3.6/site-packages/airflow/example_dags/example_bash_operator.py
[2022-06-14 19:37:26,551] {processor.py:652} INFO - DAG(s) dict_keys(['example_bash_operator']) retrieved from /home/saba/airflow_venv/airflow_venv/lib/python3.6/site-packages/airflow/example_dags/example_bash_operator.py
[2022-06-14 19:37:26,654] {logging_mixin.py:109} INFO - [2022-06-14 19:37:26,653] {dag.py:2398} INFO - Sync 1 DAGs
[2022-06-14 19:37:26,789] {logging_mixin.py:109} INFO - [2022-06-14 19:37:26,789] {dag.py:2937} INFO - Setting next_dagrun for example_bash_operator to 2022-06-13 00:00:00+00:00
[2022-06-14 19:37:26,881] {processor.py:171} INFO - Processing /home/saba/airflow_venv/airflow_venv/lib/python3.6/site-packages/airflow/example_dags/example_bash_operator.py took 0.533 seconds
[2022-06-14 19:38:34,005] {processor.py:163} INFO - Started process (PID=2793) to work on /home/saba/airflow_venv/airflow_venv/lib/python3.6/site-packages/airflow/example_dags/example_bash_operator.py
[2022-06-14 19:38:34,017] {processor.py:642} INFO - Processing file /home/saba/airflow_venv/airflow_venv/lib/python3.6/site-packages/airflow/example_dags/example_bash_operator.py for tasks to queue
[2022-06-14 19:38:34,020] {logging_mixin.py:109} INFO - [2022-06-14 19:38:34,019] {dagbag.py:500} INFO - Filling up the DagBag from /home/saba/airflow_venv/airflow_venv/lib/python3.6/site-packages/airflow/example_dags/example_bash_operator.py
[2022-06-14 19:38:34,142] {processor.py:652} INFO - DAG(s) dict_keys(['example_bash_operator']) retrieved from /home/saba/airflow_venv/airflow_venv/lib/python3.6/site-packages/airflow/example_dags/example_bash_operator.py
[2022-06-14 19:38:34,211] {logging_mixin.py:109} INFO - [2022-06-14 19:38:34,210] {dag.py:2398} INFO - Sync 1 DAGs
[2022-06-14 19:38:34,293] {logging_mixin.py:109} INFO - [2022-06-14 19:38:34,293] {dag.py:2937} INFO - Setting next_dagrun for example_bash_operator to 2022-06-13 00:00:00+00:00
[2022-06-14 19:38:34,344] {processor.py:171} INFO - Processing /home/saba/airflow_venv/airflow_venv/lib/python3.6/site-packages/airflow/example_dags/example_bash_operator.py took 0.353 seconds
[2022-06-14 19:47:01,304] {processor.py:163} INFO - Started process (PID=99) to work on /home/saba/airflow_venv/airflow_venv/lib/python3.6/site-packages/airflow/example_dags/example_bash_operator.py
[2022-06-14 19:47:01,315] {processor.py:642} INFO - Processing file /home/saba/airflow_venv/airflow_venv/lib/python3.6/site-packages/airflow/example_dags/example_bash_operator.py for tasks to queue
[2022-06-14 19:47:01,315] {logging_mixin.py:109} INFO - [2022-06-14 19:47:01,315] {dagbag.py:500} INFO - Filling up the DagBag from /home/saba/airflow_venv/airflow_venv/lib/python3.6/site-packages/airflow/example_dags/example_bash_operator.py
[2022-06-14 19:47:01,334] {processor.py:652} INFO - DAG(s) dict_keys(['example_bash_operator']) retrieved from /home/saba/airflow_venv/airflow_venv/lib/python3.6/site-packages/airflow/example_dags/example_bash_operator.py
[2022-06-14 19:47:01,354] {logging_mixin.py:109} INFO - [2022-06-14 19:47:01,354] {dag.py:2398} INFO - Sync 1 DAGs
[2022-06-14 19:47:01,383] {logging_mixin.py:109} INFO - [2022-06-14 19:47:01,383] {dag.py:2937} INFO - Setting next_dagrun for example_bash_operator to 2022-06-13 00:00:00+00:00
[2022-06-14 19:47:01,404] {processor.py:171} INFO - Processing /home/saba/airflow_venv/airflow_venv/lib/python3.6/site-packages/airflow/example_dags/example_bash_operator.py took 0.101 seconds
[2022-06-14 19:47:44,590] {processor.py:163} INFO - Started process (PID=133) to work on /home/saba/airflow_venv/airflow_venv/lib/python3.6/site-packages/airflow/example_dags/example_bash_operator.py
[2022-06-14 19:47:44,595] {processor.py:642} INFO - Processing file /home/saba/airflow_venv/airflow_venv/lib/python3.6/site-packages/airflow/example_dags/example_bash_operator.py for tasks to queue
[2022-06-14 19:47:44,595] {logging_mixin.py:109} INFO - [2022-06-14 19:47:44,595] {dagbag.py:500} INFO - Filling up the DagBag from /home/saba/airflow_venv/airflow_venv/lib/python3.6/site-packages/airflow/example_dags/example_bash_operator.py
[2022-06-14 19:47:44,612] {processor.py:652} INFO - DAG(s) dict_keys(['example_bash_operator']) retrieved from /home/saba/airflow_venv/airflow_venv/lib/python3.6/site-packages/airflow/example_dags/example_bash_operator.py
[2022-06-14 19:47:44,623] {logging_mixin.py:109} INFO - [2022-06-14 19:47:44,623] {dag.py:2398} INFO - Sync 1 DAGs
[2022-06-14 19:47:44,634] {logging_mixin.py:109} INFO - [2022-06-14 19:47:44,634] {dag.py:2937} INFO - Setting next_dagrun for example_bash_operator to 2022-06-13 00:00:00+00:00
[2022-06-14 19:47:44,651] {processor.py:171} INFO - Processing /home/saba/airflow_venv/airflow_venv/lib/python3.6/site-packages/airflow/example_dags/example_bash_operator.py took 0.063 seconds
[2022-06-14 19:48:51,071] {processor.py:163} INFO - Started process (PID=192) to work on /home/saba/airflow_venv/airflow_venv/lib/python3.6/site-packages/airflow/example_dags/example_bash_operator.py
[2022-06-14 19:48:51,082] {processor.py:642} INFO - Processing file /home/saba/airflow_venv/airflow_venv/lib/python3.6/site-packages/airflow/example_dags/example_bash_operator.py for tasks to queue
[2022-06-14 19:48:51,083] {logging_mixin.py:109} INFO - [2022-06-14 19:48:51,083] {dagbag.py:500} INFO - Filling up the DagBag from /home/saba/airflow_venv/airflow_venv/lib/python3.6/site-packages/airflow/example_dags/example_bash_operator.py
[2022-06-14 19:48:51,101] {processor.py:652} INFO - DAG(s) dict_keys(['example_bash_operator']) retrieved from /home/saba/airflow_venv/airflow_venv/lib/python3.6/site-packages/airflow/example_dags/example_bash_operator.py
[2022-06-14 19:48:51,110] {logging_mixin.py:109} INFO - [2022-06-14 19:48:51,110] {dag.py:2398} INFO - Sync 1 DAGs
[2022-06-14 19:48:51,124] {logging_mixin.py:109} INFO - [2022-06-14 19:48:51,123] {dag.py:2937} INFO - Setting next_dagrun for example_bash_operator to 2022-06-13 00:00:00+00:00
[2022-06-14 19:48:51,139] {processor.py:171} INFO - Processing /home/saba/airflow_venv/airflow_venv/lib/python3.6/site-packages/airflow/example_dags/example_bash_operator.py took 0.070 seconds
[2022-06-14 19:49:55,301] {processor.py:163} INFO - Started process (PID=250) to work on /home/saba/airflow_venv/airflow_venv/lib/python3.6/site-packages/airflow/example_dags/example_bash_operator.py
[2022-06-14 19:49:55,303] {processor.py:642} INFO - Processing file /home/saba/airflow_venv/airflow_venv/lib/python3.6/site-packages/airflow/example_dags/example_bash_operator.py for tasks to queue
[2022-06-14 19:49:55,303] {logging_mixin.py:109} INFO - [2022-06-14 19:49:55,303] {dagbag.py:500} INFO - Filling up the DagBag from /home/saba/airflow_venv/airflow_venv/lib/python3.6/site-packages/airflow/example_dags/example_bash_operator.py
[2022-06-14 19:49:55,325] {processor.py:652} INFO - DAG(s) dict_keys(['example_bash_operator']) retrieved from /home/saba/airflow_venv/airflow_venv/lib/python3.6/site-packages/airflow/example_dags/example_bash_operator.py
[2022-06-14 19:49:55,336] {logging_mixin.py:109} INFO - [2022-06-14 19:49:55,336] {dag.py:2398} INFO - Sync 1 DAGs
[2022-06-14 19:49:55,349] {logging_mixin.py:109} INFO - [2022-06-14 19:49:55,349] {dag.py:2937} INFO - Setting next_dagrun for example_bash_operator to 2022-06-13 00:00:00+00:00
[2022-06-14 19:49:55,369] {processor.py:171} INFO - Processing /home/saba/airflow_venv/airflow_venv/lib/python3.6/site-packages/airflow/example_dags/example_bash_operator.py took 0.070 seconds
[2022-06-14 19:50:58,432] {processor.py:163} INFO - Started process (PID=310) to work on /home/saba/airflow_venv/airflow_venv/lib/python3.6/site-packages/airflow/example_dags/example_bash_operator.py
[2022-06-14 19:50:58,442] {processor.py:642} INFO - Processing file /home/saba/airflow_venv/airflow_venv/lib/python3.6/site-packages/airflow/example_dags/example_bash_operator.py for tasks to queue
[2022-06-14 19:50:58,443] {logging_mixin.py:109} INFO - [2022-06-14 19:50:58,443] {dagbag.py:500} INFO - Filling up the DagBag from /home/saba/airflow_venv/airflow_venv/lib/python3.6/site-packages/airflow/example_dags/example_bash_operator.py
[2022-06-14 19:50:58,460] {processor.py:652} INFO - DAG(s) dict_keys(['example_bash_operator']) retrieved from /home/saba/airflow_venv/airflow_venv/lib/python3.6/site-packages/airflow/example_dags/example_bash_operator.py
[2022-06-14 19:50:58,470] {logging_mixin.py:109} INFO - [2022-06-14 19:50:58,469] {dag.py:2398} INFO - Sync 1 DAGs
[2022-06-14 19:50:58,480] {logging_mixin.py:109} INFO - [2022-06-14 19:50:58,480] {dag.py:2937} INFO - Setting next_dagrun for example_bash_operator to 2022-06-13 00:00:00+00:00
[2022-06-14 19:50:58,495] {processor.py:171} INFO - Processing /home/saba/airflow_venv/airflow_venv/lib/python3.6/site-packages/airflow/example_dags/example_bash_operator.py took 0.065 seconds
[2022-06-14 19:51:59,685] {processor.py:163} INFO - Started process (PID=370) to work on /home/saba/airflow_venv/airflow_venv/lib/python3.6/site-packages/airflow/example_dags/example_bash_operator.py
[2022-06-14 19:51:59,687] {processor.py:642} INFO - Processing file /home/saba/airflow_venv/airflow_venv/lib/python3.6/site-packages/airflow/example_dags/example_bash_operator.py for tasks to queue
[2022-06-14 19:51:59,687] {logging_mixin.py:109} INFO - [2022-06-14 19:51:59,687] {dagbag.py:500} INFO - Filling up the DagBag from /home/saba/airflow_venv/airflow_venv/lib/python3.6/site-packages/airflow/example_dags/example_bash_operator.py
[2022-06-14 19:51:59,703] {processor.py:652} INFO - DAG(s) dict_keys(['example_bash_operator']) retrieved from /home/saba/airflow_venv/airflow_venv/lib/python3.6/site-packages/airflow/example_dags/example_bash_operator.py
[2022-06-14 19:51:59,713] {logging_mixin.py:109} INFO - [2022-06-14 19:51:59,713] {dag.py:2398} INFO - Sync 1 DAGs
[2022-06-14 19:51:59,723] {logging_mixin.py:109} INFO - [2022-06-14 19:51:59,723] {dag.py:2937} INFO - Setting next_dagrun for example_bash_operator to 2022-06-13 00:00:00+00:00
[2022-06-14 19:51:59,739] {processor.py:171} INFO - Processing /home/saba/airflow_venv/airflow_venv/lib/python3.6/site-packages/airflow/example_dags/example_bash_operator.py took 0.056 seconds
[2022-06-14 19:52:59,702] {processor.py:163} INFO - Started process (PID=429) to work on /home/saba/airflow_venv/airflow_venv/lib/python3.6/site-packages/airflow/example_dags/example_bash_operator.py
[2022-06-14 19:52:59,712] {processor.py:642} INFO - Processing file /home/saba/airflow_venv/airflow_venv/lib/python3.6/site-packages/airflow/example_dags/example_bash_operator.py for tasks to queue
[2022-06-14 19:52:59,713] {logging_mixin.py:109} INFO - [2022-06-14 19:52:59,713] {dagbag.py:500} INFO - Filling up the DagBag from /home/saba/airflow_venv/airflow_venv/lib/python3.6/site-packages/airflow/example_dags/example_bash_operator.py
[2022-06-14 19:52:59,729] {processor.py:652} INFO - DAG(s) dict_keys(['example_bash_operator']) retrieved from /home/saba/airflow_venv/airflow_venv/lib/python3.6/site-packages/airflow/example_dags/example_bash_operator.py
[2022-06-14 19:52:59,739] {logging_mixin.py:109} INFO - [2022-06-14 19:52:59,739] {dag.py:2398} INFO - Sync 1 DAGs
[2022-06-14 19:52:59,750] {logging_mixin.py:109} INFO - [2022-06-14 19:52:59,750] {dag.py:2937} INFO - Setting next_dagrun for example_bash_operator to 2022-06-13 00:00:00+00:00
[2022-06-14 19:52:59,766] {processor.py:171} INFO - Processing /home/saba/airflow_venv/airflow_venv/lib/python3.6/site-packages/airflow/example_dags/example_bash_operator.py took 0.065 seconds
[2022-06-14 19:54:01,515] {processor.py:163} INFO - Started process (PID=488) to work on /home/saba/airflow_venv/airflow_venv/lib/python3.6/site-packages/airflow/example_dags/example_bash_operator.py
[2022-06-14 19:54:01,517] {processor.py:642} INFO - Processing file /home/saba/airflow_venv/airflow_venv/lib/python3.6/site-packages/airflow/example_dags/example_bash_operator.py for tasks to queue
[2022-06-14 19:54:01,518] {logging_mixin.py:109} INFO - [2022-06-14 19:54:01,518] {dagbag.py:500} INFO - Filling up the DagBag from /home/saba/airflow_venv/airflow_venv/lib/python3.6/site-packages/airflow/example_dags/example_bash_operator.py
[2022-06-14 19:54:01,533] {processor.py:652} INFO - DAG(s) dict_keys(['example_bash_operator']) retrieved from /home/saba/airflow_venv/airflow_venv/lib/python3.6/site-packages/airflow/example_dags/example_bash_operator.py
[2022-06-14 19:54:01,542] {logging_mixin.py:109} INFO - [2022-06-14 19:54:01,542] {dag.py:2398} INFO - Sync 1 DAGs
[2022-06-14 19:54:01,554] {logging_mixin.py:109} INFO - [2022-06-14 19:54:01,554] {dag.py:2937} INFO - Setting next_dagrun for example_bash_operator to 2022-06-13 00:00:00+00:00
[2022-06-14 19:54:01,568] {processor.py:171} INFO - Processing /home/saba/airflow_venv/airflow_venv/lib/python3.6/site-packages/airflow/example_dags/example_bash_operator.py took 0.054 seconds
[2022-06-14 19:55:02,785] {processor.py:163} INFO - Started process (PID=547) to work on /home/saba/airflow_venv/airflow_venv/lib/python3.6/site-packages/airflow/example_dags/example_bash_operator.py
[2022-06-14 19:55:02,787] {processor.py:642} INFO - Processing file /home/saba/airflow_venv/airflow_venv/lib/python3.6/site-packages/airflow/example_dags/example_bash_operator.py for tasks to queue
[2022-06-14 19:55:02,788] {logging_mixin.py:109} INFO - [2022-06-14 19:55:02,788] {dagbag.py:500} INFO - Filling up the DagBag from /home/saba/airflow_venv/airflow_venv/lib/python3.6/site-packages/airflow/example_dags/example_bash_operator.py
[2022-06-14 19:55:02,825] {processor.py:652} INFO - DAG(s) dict_keys(['example_bash_operator']) retrieved from /home/saba/airflow_venv/airflow_venv/lib/python3.6/site-packages/airflow/example_dags/example_bash_operator.py
[2022-06-14 19:55:02,845] {logging_mixin.py:109} INFO - [2022-06-14 19:55:02,845] {dag.py:2398} INFO - Sync 1 DAGs
[2022-06-14 19:55:02,867] {logging_mixin.py:109} INFO - [2022-06-14 19:55:02,867] {dag.py:2937} INFO - Setting next_dagrun for example_bash_operator to 2022-06-13 00:00:00+00:00
[2022-06-14 19:55:02,892] {processor.py:171} INFO - Processing /home/saba/airflow_venv/airflow_venv/lib/python3.6/site-packages/airflow/example_dags/example_bash_operator.py took 0.111 seconds
[2022-06-14 19:56:04,975] {processor.py:163} INFO - Started process (PID=607) to work on /home/saba/airflow_venv/airflow_venv/lib/python3.6/site-packages/airflow/example_dags/example_bash_operator.py
[2022-06-14 19:56:04,985] {processor.py:642} INFO - Processing file /home/saba/airflow_venv/airflow_venv/lib/python3.6/site-packages/airflow/example_dags/example_bash_operator.py for tasks to queue
[2022-06-14 19:56:04,986] {logging_mixin.py:109} INFO - [2022-06-14 19:56:04,986] {dagbag.py:500} INFO - Filling up the DagBag from /home/saba/airflow_venv/airflow_venv/lib/python3.6/site-packages/airflow/example_dags/example_bash_operator.py
[2022-06-14 19:56:05,007] {processor.py:652} INFO - DAG(s) dict_keys(['example_bash_operator']) retrieved from /home/saba/airflow_venv/airflow_venv/lib/python3.6/site-packages/airflow/example_dags/example_bash_operator.py
[2022-06-14 19:56:05,017] {logging_mixin.py:109} INFO - [2022-06-14 19:56:05,017] {dag.py:2398} INFO - Sync 1 DAGs
[2022-06-14 19:56:05,028] {logging_mixin.py:109} INFO - [2022-06-14 19:56:05,028] {dag.py:2937} INFO - Setting next_dagrun for example_bash_operator to 2022-06-13 00:00:00+00:00
[2022-06-14 19:56:05,042] {processor.py:171} INFO - Processing /home/saba/airflow_venv/airflow_venv/lib/python3.6/site-packages/airflow/example_dags/example_bash_operator.py took 0.069 seconds
[2022-06-14 19:57:07,493] {processor.py:163} INFO - Started process (PID=667) to work on /home/saba/airflow_venv/airflow_venv/lib/python3.6/site-packages/airflow/example_dags/example_bash_operator.py
[2022-06-14 19:57:07,504] {processor.py:642} INFO - Processing file /home/saba/airflow_venv/airflow_venv/lib/python3.6/site-packages/airflow/example_dags/example_bash_operator.py for tasks to queue
[2022-06-14 19:57:07,504] {logging_mixin.py:109} INFO - [2022-06-14 19:57:07,504] {dagbag.py:500} INFO - Filling up the DagBag from /home/saba/airflow_venv/airflow_venv/lib/python3.6/site-packages/airflow/example_dags/example_bash_operator.py
[2022-06-14 19:57:07,520] {processor.py:652} INFO - DAG(s) dict_keys(['example_bash_operator']) retrieved from /home/saba/airflow_venv/airflow_venv/lib/python3.6/site-packages/airflow/example_dags/example_bash_operator.py
[2022-06-14 19:57:07,529] {logging_mixin.py:109} INFO - [2022-06-14 19:57:07,529] {dag.py:2398} INFO - Sync 1 DAGs
[2022-06-14 19:57:07,540] {logging_mixin.py:109} INFO - [2022-06-14 19:57:07,540] {dag.py:2937} INFO - Setting next_dagrun for example_bash_operator to 2022-06-13 00:00:00+00:00
[2022-06-14 19:57:07,555] {processor.py:171} INFO - Processing /home/saba/airflow_venv/airflow_venv/lib/python3.6/site-packages/airflow/example_dags/example_bash_operator.py took 0.064 seconds
[2022-06-14 19:58:09,700] {processor.py:163} INFO - Started process (PID=727) to work on /home/saba/airflow_venv/airflow_venv/lib/python3.6/site-packages/airflow/example_dags/example_bash_operator.py
[2022-06-14 19:58:09,702] {processor.py:642} INFO - Processing file /home/saba/airflow_venv/airflow_venv/lib/python3.6/site-packages/airflow/example_dags/example_bash_operator.py for tasks to queue
[2022-06-14 19:58:09,702] {logging_mixin.py:109} INFO - [2022-06-14 19:58:09,702] {dagbag.py:500} INFO - Filling up the DagBag from /home/saba/airflow_venv/airflow_venv/lib/python3.6/site-packages/airflow/example_dags/example_bash_operator.py
[2022-06-14 19:58:09,717] {processor.py:652} INFO - DAG(s) dict_keys(['example_bash_operator']) retrieved from /home/saba/airflow_venv/airflow_venv/lib/python3.6/site-packages/airflow/example_dags/example_bash_operator.py
[2022-06-14 19:58:09,727] {logging_mixin.py:109} INFO - [2022-06-14 19:58:09,727] {dag.py:2398} INFO - Sync 1 DAGs
[2022-06-14 19:58:09,737] {logging_mixin.py:109} INFO - [2022-06-14 19:58:09,737] {dag.py:2937} INFO - Setting next_dagrun for example_bash_operator to 2022-06-13 00:00:00+00:00
[2022-06-14 19:58:09,753] {processor.py:171} INFO - Processing /home/saba/airflow_venv/airflow_venv/lib/python3.6/site-packages/airflow/example_dags/example_bash_operator.py took 0.054 seconds
[2022-06-14 19:59:10,896] {processor.py:163} INFO - Started process (PID=786) to work on /home/saba/airflow_venv/airflow_venv/lib/python3.6/site-packages/airflow/example_dags/example_bash_operator.py
[2022-06-14 19:59:10,907] {processor.py:642} INFO - Processing file /home/saba/airflow_venv/airflow_venv/lib/python3.6/site-packages/airflow/example_dags/example_bash_operator.py for tasks to queue
[2022-06-14 19:59:10,908] {logging_mixin.py:109} INFO - [2022-06-14 19:59:10,907] {dagbag.py:500} INFO - Filling up the DagBag from /home/saba/airflow_venv/airflow_venv/lib/python3.6/site-packages/airflow/example_dags/example_bash_operator.py
[2022-06-14 19:59:10,924] {processor.py:652} INFO - DAG(s) dict_keys(['example_bash_operator']) retrieved from /home/saba/airflow_venv/airflow_venv/lib/python3.6/site-packages/airflow/example_dags/example_bash_operator.py
[2022-06-14 19:59:10,933] {logging_mixin.py:109} INFO - [2022-06-14 19:59:10,933] {dag.py:2398} INFO - Sync 1 DAGs
[2022-06-14 19:59:10,946] {logging_mixin.py:109} INFO - [2022-06-14 19:59:10,946] {dag.py:2937} INFO - Setting next_dagrun for example_bash_operator to 2022-06-13 00:00:00+00:00
[2022-06-14 19:59:10,964] {processor.py:171} INFO - Processing /home/saba/airflow_venv/airflow_venv/lib/python3.6/site-packages/airflow/example_dags/example_bash_operator.py took 0.069 seconds
[2022-06-14 20:00:13,976] {processor.py:163} INFO - Started process (PID=846) to work on /home/saba/airflow_venv/airflow_venv/lib/python3.6/site-packages/airflow/example_dags/example_bash_operator.py
[2022-06-14 20:00:13,981] {processor.py:642} INFO - Processing file /home/saba/airflow_venv/airflow_venv/lib/python3.6/site-packages/airflow/example_dags/example_bash_operator.py for tasks to queue
[2022-06-14 20:00:13,982] {logging_mixin.py:109} INFO - [2022-06-14 20:00:13,982] {dagbag.py:500} INFO - Filling up the DagBag from /home/saba/airflow_venv/airflow_venv/lib/python3.6/site-packages/airflow/example_dags/example_bash_operator.py
[2022-06-14 20:00:14,005] {processor.py:652} INFO - DAG(s) dict_keys(['example_bash_operator']) retrieved from /home/saba/airflow_venv/airflow_venv/lib/python3.6/site-packages/airflow/example_dags/example_bash_operator.py
[2022-06-14 20:00:14,024] {logging_mixin.py:109} INFO - [2022-06-14 20:00:14,024] {dag.py:2398} INFO - Sync 1 DAGs
[2022-06-14 20:00:14,050] {logging_mixin.py:109} INFO - [2022-06-14 20:00:14,049] {dag.py:2937} INFO - Setting next_dagrun for example_bash_operator to 2022-06-13 00:00:00+00:00
[2022-06-14 20:00:14,068] {processor.py:171} INFO - Processing /home/saba/airflow_venv/airflow_venv/lib/python3.6/site-packages/airflow/example_dags/example_bash_operator.py took 0.096 seconds
[2022-06-14 20:01:18,175] {processor.py:163} INFO - Started process (PID=906) to work on /home/saba/airflow_venv/airflow_venv/lib/python3.6/site-packages/airflow/example_dags/example_bash_operator.py
[2022-06-14 20:01:18,185] {processor.py:642} INFO - Processing file /home/saba/airflow_venv/airflow_venv/lib/python3.6/site-packages/airflow/example_dags/example_bash_operator.py for tasks to queue
[2022-06-14 20:01:18,186] {logging_mixin.py:109} INFO - [2022-06-14 20:01:18,186] {dagbag.py:500} INFO - Filling up the DagBag from /home/saba/airflow_venv/airflow_venv/lib/python3.6/site-packages/airflow/example_dags/example_bash_operator.py
[2022-06-14 20:01:18,200] {processor.py:652} INFO - DAG(s) dict_keys(['example_bash_operator']) retrieved from /home/saba/airflow_venv/airflow_venv/lib/python3.6/site-packages/airflow/example_dags/example_bash_operator.py
[2022-06-14 20:01:18,209] {logging_mixin.py:109} INFO - [2022-06-14 20:01:18,209] {dag.py:2398} INFO - Sync 1 DAGs
[2022-06-14 20:01:18,265] {logging_mixin.py:109} INFO - [2022-06-14 20:01:18,265] {dag.py:2937} INFO - Setting next_dagrun for example_bash_operator to 2022-06-13 00:00:00+00:00
[2022-06-14 20:01:18,280] {processor.py:171} INFO - Processing /home/saba/airflow_venv/airflow_venv/lib/python3.6/site-packages/airflow/example_dags/example_bash_operator.py took 0.107 seconds
[2022-06-14 20:02:25,319] {processor.py:163} INFO - Started process (PID=966) to work on /home/saba/airflow_venv/airflow_venv/lib/python3.6/site-packages/airflow/example_dags/example_bash_operator.py
[2022-06-14 20:02:25,329] {processor.py:642} INFO - Processing file /home/saba/airflow_venv/airflow_venv/lib/python3.6/site-packages/airflow/example_dags/example_bash_operator.py for tasks to queue
[2022-06-14 20:02:25,329] {logging_mixin.py:109} INFO - [2022-06-14 20:02:25,329] {dagbag.py:500} INFO - Filling up the DagBag from /home/saba/airflow_venv/airflow_venv/lib/python3.6/site-packages/airflow/example_dags/example_bash_operator.py
[2022-06-14 20:02:25,344] {processor.py:652} INFO - DAG(s) dict_keys(['example_bash_operator']) retrieved from /home/saba/airflow_venv/airflow_venv/lib/python3.6/site-packages/airflow/example_dags/example_bash_operator.py
[2022-06-14 20:02:25,354] {logging_mixin.py:109} INFO - [2022-06-14 20:02:25,354] {dag.py:2398} INFO - Sync 1 DAGs
[2022-06-14 20:02:25,406] {logging_mixin.py:109} INFO - [2022-06-14 20:02:25,405] {dag.py:2937} INFO - Setting next_dagrun for example_bash_operator to 2022-06-13 00:00:00+00:00
[2022-06-14 20:02:25,421] {processor.py:171} INFO - Processing /home/saba/airflow_venv/airflow_venv/lib/python3.6/site-packages/airflow/example_dags/example_bash_operator.py took 0.104 seconds
[2022-06-14 20:03:31,031] {processor.py:163} INFO - Started process (PID=1026) to work on /home/saba/airflow_venv/airflow_venv/lib/python3.6/site-packages/airflow/example_dags/example_bash_operator.py
[2022-06-14 20:03:31,042] {processor.py:642} INFO - Processing file /home/saba/airflow_venv/airflow_venv/lib/python3.6/site-packages/airflow/example_dags/example_bash_operator.py for tasks to queue
[2022-06-14 20:03:31,042] {logging_mixin.py:109} INFO - [2022-06-14 20:03:31,042] {dagbag.py:500} INFO - Filling up the DagBag from /home/saba/airflow_venv/airflow_venv/lib/python3.6/site-packages/airflow/example_dags/example_bash_operator.py
[2022-06-14 20:03:31,058] {processor.py:652} INFO - DAG(s) dict_keys(['example_bash_operator']) retrieved from /home/saba/airflow_venv/airflow_venv/lib/python3.6/site-packages/airflow/example_dags/example_bash_operator.py
[2022-06-14 20:03:31,110] {logging_mixin.py:109} INFO - [2022-06-14 20:03:31,110] {dag.py:2398} INFO - Sync 1 DAGs
[2022-06-14 20:03:31,119] {logging_mixin.py:109} INFO - [2022-06-14 20:03:31,119] {dag.py:2937} INFO - Setting next_dagrun for example_bash_operator to 2022-06-13 00:00:00+00:00
[2022-06-14 20:03:31,135] {processor.py:171} INFO - Processing /home/saba/airflow_venv/airflow_venv/lib/python3.6/site-packages/airflow/example_dags/example_bash_operator.py took 0.106 seconds
[2022-06-14 20:04:37,637] {processor.py:163} INFO - Started process (PID=1086) to work on /home/saba/airflow_venv/airflow_venv/lib/python3.6/site-packages/airflow/example_dags/example_bash_operator.py
[2022-06-14 20:04:37,638] {processor.py:642} INFO - Processing file /home/saba/airflow_venv/airflow_venv/lib/python3.6/site-packages/airflow/example_dags/example_bash_operator.py for tasks to queue
[2022-06-14 20:04:37,639] {logging_mixin.py:109} INFO - [2022-06-14 20:04:37,639] {dagbag.py:500} INFO - Filling up the DagBag from /home/saba/airflow_venv/airflow_venv/lib/python3.6/site-packages/airflow/example_dags/example_bash_operator.py
[2022-06-14 20:04:37,703] {processor.py:652} INFO - DAG(s) dict_keys(['example_bash_operator']) retrieved from /home/saba/airflow_venv/airflow_venv/lib/python3.6/site-packages/airflow/example_dags/example_bash_operator.py
[2022-06-14 20:04:37,711] {logging_mixin.py:109} INFO - [2022-06-14 20:04:37,711] {dag.py:2398} INFO - Sync 1 DAGs
[2022-06-14 20:04:37,730] {logging_mixin.py:109} INFO - [2022-06-14 20:04:37,730] {dag.py:2937} INFO - Setting next_dagrun for example_bash_operator to 2022-06-13 00:00:00+00:00
[2022-06-14 20:04:37,749] {processor.py:171} INFO - Processing /home/saba/airflow_venv/airflow_venv/lib/python3.6/site-packages/airflow/example_dags/example_bash_operator.py took 0.114 seconds
[2022-06-14 20:05:40,126] {processor.py:163} INFO - Started process (PID=1145) to work on /home/saba/airflow_venv/airflow_venv/lib/python3.6/site-packages/airflow/example_dags/example_bash_operator.py
[2022-06-14 20:05:40,129] {processor.py:642} INFO - Processing file /home/saba/airflow_venv/airflow_venv/lib/python3.6/site-packages/airflow/example_dags/example_bash_operator.py for tasks to queue
[2022-06-14 20:05:40,130] {logging_mixin.py:109} INFO - [2022-06-14 20:05:40,130] {dagbag.py:500} INFO - Filling up the DagBag from /home/saba/airflow_venv/airflow_venv/lib/python3.6/site-packages/airflow/example_dags/example_bash_operator.py
[2022-06-14 20:05:40,191] {processor.py:652} INFO - DAG(s) dict_keys(['example_bash_operator']) retrieved from /home/saba/airflow_venv/airflow_venv/lib/python3.6/site-packages/airflow/example_dags/example_bash_operator.py
[2022-06-14 20:05:40,198] {logging_mixin.py:109} INFO - [2022-06-14 20:05:40,198] {dag.py:2398} INFO - Sync 1 DAGs
[2022-06-14 20:05:40,207] {logging_mixin.py:109} INFO - [2022-06-14 20:05:40,207] {dag.py:2937} INFO - Setting next_dagrun for example_bash_operator to 2022-06-13 00:00:00+00:00
[2022-06-14 20:05:40,223] {processor.py:171} INFO - Processing /home/saba/airflow_venv/airflow_venv/lib/python3.6/site-packages/airflow/example_dags/example_bash_operator.py took 0.099 seconds
[2022-06-14 20:06:45,151] {processor.py:163} INFO - Started process (PID=1205) to work on /home/saba/airflow_venv/airflow_venv/lib/python3.6/site-packages/airflow/example_dags/example_bash_operator.py
[2022-06-14 20:06:45,162] {processor.py:642} INFO - Processing file /home/saba/airflow_venv/airflow_venv/lib/python3.6/site-packages/airflow/example_dags/example_bash_operator.py for tasks to queue
[2022-06-14 20:06:45,162] {logging_mixin.py:109} INFO - [2022-06-14 20:06:45,162] {dagbag.py:500} INFO - Filling up the DagBag from /home/saba/airflow_venv/airflow_venv/lib/python3.6/site-packages/airflow/example_dags/example_bash_operator.py
[2022-06-14 20:06:45,223] {processor.py:652} INFO - DAG(s) dict_keys(['example_bash_operator']) retrieved from /home/saba/airflow_venv/airflow_venv/lib/python3.6/site-packages/airflow/example_dags/example_bash_operator.py
[2022-06-14 20:06:45,230] {logging_mixin.py:109} INFO - [2022-06-14 20:06:45,229] {dag.py:2398} INFO - Sync 1 DAGs
[2022-06-14 20:06:45,238] {logging_mixin.py:109} INFO - [2022-06-14 20:06:45,238] {dag.py:2937} INFO - Setting next_dagrun for example_bash_operator to 2022-06-13 00:00:00+00:00
[2022-06-14 20:06:45,253] {processor.py:171} INFO - Processing /home/saba/airflow_venv/airflow_venv/lib/python3.6/site-packages/airflow/example_dags/example_bash_operator.py took 0.104 seconds
[2022-06-14 20:07:49,477] {processor.py:163} INFO - Started process (PID=1265) to work on /home/saba/airflow_venv/airflow_venv/lib/python3.6/site-packages/airflow/example_dags/example_bash_operator.py
[2022-06-14 20:07:49,487] {processor.py:642} INFO - Processing file /home/saba/airflow_venv/airflow_venv/lib/python3.6/site-packages/airflow/example_dags/example_bash_operator.py for tasks to queue
[2022-06-14 20:07:49,487] {logging_mixin.py:109} INFO - [2022-06-14 20:07:49,487] {dagbag.py:500} INFO - Filling up the DagBag from /home/saba/airflow_venv/airflow_venv/lib/python3.6/site-packages/airflow/example_dags/example_bash_operator.py
[2022-06-14 20:07:49,503] {processor.py:652} INFO - DAG(s) dict_keys(['example_bash_operator']) retrieved from /home/saba/airflow_venv/airflow_venv/lib/python3.6/site-packages/airflow/example_dags/example_bash_operator.py
[2022-06-14 20:07:49,514] {logging_mixin.py:109} INFO - [2022-06-14 20:07:49,514] {dag.py:2398} INFO - Sync 1 DAGs
[2022-06-14 20:07:49,524] {logging_mixin.py:109} INFO - [2022-06-14 20:07:49,524] {dag.py:2937} INFO - Setting next_dagrun for example_bash_operator to 2022-06-13 00:00:00+00:00
[2022-06-14 20:07:49,539] {processor.py:171} INFO - Processing /home/saba/airflow_venv/airflow_venv/lib/python3.6/site-packages/airflow/example_dags/example_bash_operator.py took 0.064 seconds
[2022-06-14 20:08:49,040] {processor.py:163} INFO - Started process (PID=1323) to work on /home/saba/airflow_venv/airflow_venv/lib/python3.6/site-packages/airflow/example_dags/example_bash_operator.py
[2022-06-14 20:08:49,042] {processor.py:642} INFO - Processing file /home/saba/airflow_venv/airflow_venv/lib/python3.6/site-packages/airflow/example_dags/example_bash_operator.py for tasks to queue
[2022-06-14 20:08:49,043] {logging_mixin.py:109} INFO - [2022-06-14 20:08:49,043] {dagbag.py:500} INFO - Filling up the DagBag from /home/saba/airflow_venv/airflow_venv/lib/python3.6/site-packages/airflow/example_dags/example_bash_operator.py
[2022-06-14 20:08:49,074] {processor.py:652} INFO - DAG(s) dict_keys(['example_bash_operator']) retrieved from /home/saba/airflow_venv/airflow_venv/lib/python3.6/site-packages/airflow/example_dags/example_bash_operator.py
[2022-06-14 20:08:49,092] {logging_mixin.py:109} INFO - [2022-06-14 20:08:49,092] {dag.py:2398} INFO - Sync 1 DAGs
[2022-06-14 20:08:49,112] {logging_mixin.py:109} INFO - [2022-06-14 20:08:49,112] {dag.py:2937} INFO - Setting next_dagrun for example_bash_operator to 2022-06-13 00:00:00+00:00
[2022-06-14 20:08:49,128] {processor.py:171} INFO - Processing /home/saba/airflow_venv/airflow_venv/lib/python3.6/site-packages/airflow/example_dags/example_bash_operator.py took 0.092 seconds
[2022-06-14 20:09:47,350] {processor.py:163} INFO - Started process (PID=1382) to work on /home/saba/airflow_venv/airflow_venv/lib/python3.6/site-packages/airflow/example_dags/example_bash_operator.py
[2022-06-14 20:09:47,360] {processor.py:642} INFO - Processing file /home/saba/airflow_venv/airflow_venv/lib/python3.6/site-packages/airflow/example_dags/example_bash_operator.py for tasks to queue
[2022-06-14 20:09:47,360] {logging_mixin.py:109} INFO - [2022-06-14 20:09:47,360] {dagbag.py:500} INFO - Filling up the DagBag from /home/saba/airflow_venv/airflow_venv/lib/python3.6/site-packages/airflow/example_dags/example_bash_operator.py
[2022-06-14 20:09:47,377] {processor.py:652} INFO - DAG(s) dict_keys(['example_bash_operator']) retrieved from /home/saba/airflow_venv/airflow_venv/lib/python3.6/site-packages/airflow/example_dags/example_bash_operator.py
[2022-06-14 20:09:47,387] {logging_mixin.py:109} INFO - [2022-06-14 20:09:47,387] {dag.py:2398} INFO - Sync 1 DAGs
[2022-06-14 20:09:47,398] {logging_mixin.py:109} INFO - [2022-06-14 20:09:47,398] {dag.py:2937} INFO - Setting next_dagrun for example_bash_operator to 2022-06-13 00:00:00+00:00
[2022-06-14 20:09:47,414] {processor.py:171} INFO - Processing /home/saba/airflow_venv/airflow_venv/lib/python3.6/site-packages/airflow/example_dags/example_bash_operator.py took 0.066 seconds
[2022-06-14 20:10:46,482] {processor.py:163} INFO - Started process (PID=1440) to work on /home/saba/airflow_venv/airflow_venv/lib/python3.6/site-packages/airflow/example_dags/example_bash_operator.py
[2022-06-14 20:10:46,484] {processor.py:642} INFO - Processing file /home/saba/airflow_venv/airflow_venv/lib/python3.6/site-packages/airflow/example_dags/example_bash_operator.py for tasks to queue
[2022-06-14 20:10:46,485] {logging_mixin.py:109} INFO - [2022-06-14 20:10:46,485] {dagbag.py:500} INFO - Filling up the DagBag from /home/saba/airflow_venv/airflow_venv/lib/python3.6/site-packages/airflow/example_dags/example_bash_operator.py
[2022-06-14 20:10:46,500] {processor.py:652} INFO - DAG(s) dict_keys(['example_bash_operator']) retrieved from /home/saba/airflow_venv/airflow_venv/lib/python3.6/site-packages/airflow/example_dags/example_bash_operator.py
[2022-06-14 20:10:46,509] {logging_mixin.py:109} INFO - [2022-06-14 20:10:46,509] {dag.py:2398} INFO - Sync 1 DAGs
[2022-06-14 20:10:46,520] {logging_mixin.py:109} INFO - [2022-06-14 20:10:46,520] {dag.py:2937} INFO - Setting next_dagrun for example_bash_operator to 2022-06-13 00:00:00+00:00
[2022-06-14 20:10:46,536] {processor.py:171} INFO - Processing /home/saba/airflow_venv/airflow_venv/lib/python3.6/site-packages/airflow/example_dags/example_bash_operator.py took 0.055 seconds
[2022-06-14 20:11:47,309] {processor.py:163} INFO - Started process (PID=1500) to work on /home/saba/airflow_venv/airflow_venv/lib/python3.6/site-packages/airflow/example_dags/example_bash_operator.py
[2022-06-14 20:11:47,312] {processor.py:642} INFO - Processing file /home/saba/airflow_venv/airflow_venv/lib/python3.6/site-packages/airflow/example_dags/example_bash_operator.py for tasks to queue
[2022-06-14 20:11:47,312] {logging_mixin.py:109} INFO - [2022-06-14 20:11:47,312] {dagbag.py:500} INFO - Filling up the DagBag from /home/saba/airflow_venv/airflow_venv/lib/python3.6/site-packages/airflow/example_dags/example_bash_operator.py
[2022-06-14 20:11:47,328] {processor.py:652} INFO - DAG(s) dict_keys(['example_bash_operator']) retrieved from /home/saba/airflow_venv/airflow_venv/lib/python3.6/site-packages/airflow/example_dags/example_bash_operator.py
[2022-06-14 20:11:47,338] {logging_mixin.py:109} INFO - [2022-06-14 20:11:47,338] {dag.py:2398} INFO - Sync 1 DAGs
[2022-06-14 20:11:47,350] {logging_mixin.py:109} INFO - [2022-06-14 20:11:47,350] {dag.py:2937} INFO - Setting next_dagrun for example_bash_operator to 2022-06-13 00:00:00+00:00
[2022-06-14 20:11:47,368] {processor.py:171} INFO - Processing /home/saba/airflow_venv/airflow_venv/lib/python3.6/site-packages/airflow/example_dags/example_bash_operator.py took 0.061 seconds
[2022-06-14 20:12:47,111] {processor.py:163} INFO - Started process (PID=1559) to work on /home/saba/airflow_venv/airflow_venv/lib/python3.6/site-packages/airflow/example_dags/example_bash_operator.py
[2022-06-14 20:12:47,121] {processor.py:642} INFO - Processing file /home/saba/airflow_venv/airflow_venv/lib/python3.6/site-packages/airflow/example_dags/example_bash_operator.py for tasks to queue
[2022-06-14 20:12:47,121] {logging_mixin.py:109} INFO - [2022-06-14 20:12:47,121] {dagbag.py:500} INFO - Filling up the DagBag from /home/saba/airflow_venv/airflow_venv/lib/python3.6/site-packages/airflow/example_dags/example_bash_operator.py
[2022-06-14 20:12:47,138] {processor.py:652} INFO - DAG(s) dict_keys(['example_bash_operator']) retrieved from /home/saba/airflow_venv/airflow_venv/lib/python3.6/site-packages/airflow/example_dags/example_bash_operator.py
[2022-06-14 20:12:47,147] {logging_mixin.py:109} INFO - [2022-06-14 20:12:47,147] {dag.py:2398} INFO - Sync 1 DAGs
[2022-06-14 20:12:47,182] {logging_mixin.py:109} INFO - [2022-06-14 20:12:47,181] {dag.py:2937} INFO - Setting next_dagrun for example_bash_operator to 2022-06-13 00:00:00+00:00
[2022-06-14 20:12:47,200] {processor.py:171} INFO - Processing /home/saba/airflow_venv/airflow_venv/lib/python3.6/site-packages/airflow/example_dags/example_bash_operator.py took 0.092 seconds
[2022-06-14 20:13:47,545] {processor.py:163} INFO - Started process (PID=1618) to work on /home/saba/airflow_venv/airflow_venv/lib/python3.6/site-packages/airflow/example_dags/example_bash_operator.py
[2022-06-14 20:13:47,555] {processor.py:642} INFO - Processing file /home/saba/airflow_venv/airflow_venv/lib/python3.6/site-packages/airflow/example_dags/example_bash_operator.py for tasks to queue
[2022-06-14 20:13:47,556] {logging_mixin.py:109} INFO - [2022-06-14 20:13:47,556] {dagbag.py:500} INFO - Filling up the DagBag from /home/saba/airflow_venv/airflow_venv/lib/python3.6/site-packages/airflow/example_dags/example_bash_operator.py
[2022-06-14 20:13:47,572] {processor.py:652} INFO - DAG(s) dict_keys(['example_bash_operator']) retrieved from /home/saba/airflow_venv/airflow_venv/lib/python3.6/site-packages/airflow/example_dags/example_bash_operator.py
[2022-06-14 20:13:47,581] {logging_mixin.py:109} INFO - [2022-06-14 20:13:47,581] {dag.py:2398} INFO - Sync 1 DAGs
[2022-06-14 20:13:47,592] {logging_mixin.py:109} INFO - [2022-06-14 20:13:47,592] {dag.py:2937} INFO - Setting next_dagrun for example_bash_operator to 2022-06-13 00:00:00+00:00
[2022-06-14 20:13:47,608] {processor.py:171} INFO - Processing /home/saba/airflow_venv/airflow_venv/lib/python3.6/site-packages/airflow/example_dags/example_bash_operator.py took 0.066 seconds
[2022-06-14 20:14:49,642] {processor.py:163} INFO - Started process (PID=1680) to work on /home/saba/airflow_venv/airflow_venv/lib/python3.6/site-packages/airflow/example_dags/example_bash_operator.py
[2022-06-14 20:14:49,652] {processor.py:642} INFO - Processing file /home/saba/airflow_venv/airflow_venv/lib/python3.6/site-packages/airflow/example_dags/example_bash_operator.py for tasks to queue
[2022-06-14 20:14:49,652] {logging_mixin.py:109} INFO - [2022-06-14 20:14:49,652] {dagbag.py:500} INFO - Filling up the DagBag from /home/saba/airflow_venv/airflow_venv/lib/python3.6/site-packages/airflow/example_dags/example_bash_operator.py
[2022-06-14 20:14:49,669] {processor.py:652} INFO - DAG(s) dict_keys(['example_bash_operator']) retrieved from /home/saba/airflow_venv/airflow_venv/lib/python3.6/site-packages/airflow/example_dags/example_bash_operator.py
[2022-06-14 20:14:49,679] {logging_mixin.py:109} INFO - [2022-06-14 20:14:49,679] {dag.py:2398} INFO - Sync 1 DAGs
[2022-06-14 20:14:49,690] {logging_mixin.py:109} INFO - [2022-06-14 20:14:49,690] {dag.py:2937} INFO - Setting next_dagrun for example_bash_operator to 2022-06-13 00:00:00+00:00
[2022-06-14 20:14:49,707] {processor.py:171} INFO - Processing /home/saba/airflow_venv/airflow_venv/lib/python3.6/site-packages/airflow/example_dags/example_bash_operator.py took 0.067 seconds
[2022-06-14 20:15:54,323] {processor.py:163} INFO - Started process (PID=1740) to work on /home/saba/airflow_venv/airflow_venv/lib/python3.6/site-packages/airflow/example_dags/example_bash_operator.py
[2022-06-14 20:15:54,327] {processor.py:642} INFO - Processing file /home/saba/airflow_venv/airflow_venv/lib/python3.6/site-packages/airflow/example_dags/example_bash_operator.py for tasks to queue
[2022-06-14 20:15:54,329] {logging_mixin.py:109} INFO - [2022-06-14 20:15:54,329] {dagbag.py:500} INFO - Filling up the DagBag from /home/saba/airflow_venv/airflow_venv/lib/python3.6/site-packages/airflow/example_dags/example_bash_operator.py
[2022-06-14 20:15:54,373] {processor.py:652} INFO - DAG(s) dict_keys(['example_bash_operator']) retrieved from /home/saba/airflow_venv/airflow_venv/lib/python3.6/site-packages/airflow/example_dags/example_bash_operator.py
[2022-06-14 20:15:54,407] {logging_mixin.py:109} INFO - [2022-06-14 20:15:54,407] {dag.py:2398} INFO - Sync 1 DAGs
[2022-06-14 20:15:54,442] {logging_mixin.py:109} INFO - [2022-06-14 20:15:54,442] {dag.py:2937} INFO - Setting next_dagrun for example_bash_operator to 2022-06-13 00:00:00+00:00
[2022-06-14 20:15:54,471] {processor.py:171} INFO - Processing /home/saba/airflow_venv/airflow_venv/lib/python3.6/site-packages/airflow/example_dags/example_bash_operator.py took 0.155 seconds
[2022-06-14 20:17:08,311] {processor.py:163} INFO - Started process (PID=1800) to work on /home/saba/airflow_venv/airflow_venv/lib/python3.6/site-packages/airflow/example_dags/example_bash_operator.py
[2022-06-14 20:17:08,324] {processor.py:642} INFO - Processing file /home/saba/airflow_venv/airflow_venv/lib/python3.6/site-packages/airflow/example_dags/example_bash_operator.py for tasks to queue
[2022-06-14 20:17:08,325] {logging_mixin.py:109} INFO - [2022-06-14 20:17:08,325] {dagbag.py:500} INFO - Filling up the DagBag from /home/saba/airflow_venv/airflow_venv/lib/python3.6/site-packages/airflow/example_dags/example_bash_operator.py
[2022-06-14 20:17:08,365] {processor.py:652} INFO - DAG(s) dict_keys(['example_bash_operator']) retrieved from /home/saba/airflow_venv/airflow_venv/lib/python3.6/site-packages/airflow/example_dags/example_bash_operator.py
[2022-06-14 20:17:08,390] {logging_mixin.py:109} INFO - [2022-06-14 20:17:08,390] {dag.py:2398} INFO - Sync 1 DAGs
[2022-06-14 20:17:08,420] {logging_mixin.py:109} INFO - [2022-06-14 20:17:08,420] {dag.py:2937} INFO - Setting next_dagrun for example_bash_operator to 2022-06-13 00:00:00+00:00
[2022-06-14 20:17:08,445] {processor.py:171} INFO - Processing /home/saba/airflow_venv/airflow_venv/lib/python3.6/site-packages/airflow/example_dags/example_bash_operator.py took 0.140 seconds
[2022-06-14 20:18:23,590] {processor.py:163} INFO - Started process (PID=1861) to work on /home/saba/airflow_venv/airflow_venv/lib/python3.6/site-packages/airflow/example_dags/example_bash_operator.py
[2022-06-14 20:18:23,592] {processor.py:642} INFO - Processing file /home/saba/airflow_venv/airflow_venv/lib/python3.6/site-packages/airflow/example_dags/example_bash_operator.py for tasks to queue
[2022-06-14 20:18:23,593] {logging_mixin.py:109} INFO - [2022-06-14 20:18:23,593] {dagbag.py:500} INFO - Filling up the DagBag from /home/saba/airflow_venv/airflow_venv/lib/python3.6/site-packages/airflow/example_dags/example_bash_operator.py
[2022-06-14 20:18:23,638] {processor.py:652} INFO - DAG(s) dict_keys(['example_bash_operator']) retrieved from /home/saba/airflow_venv/airflow_venv/lib/python3.6/site-packages/airflow/example_dags/example_bash_operator.py
[2022-06-14 20:18:23,665] {logging_mixin.py:109} INFO - [2022-06-14 20:18:23,665] {dag.py:2398} INFO - Sync 1 DAGs
[2022-06-14 20:18:23,696] {logging_mixin.py:109} INFO - [2022-06-14 20:18:23,696] {dag.py:2937} INFO - Setting next_dagrun for example_bash_operator to 2022-06-13 00:00:00+00:00
[2022-06-14 20:18:23,730] {processor.py:171} INFO - Processing /home/saba/airflow_venv/airflow_venv/lib/python3.6/site-packages/airflow/example_dags/example_bash_operator.py took 0.148 seconds
[2022-06-14 20:19:39,350] {processor.py:163} INFO - Started process (PID=1922) to work on /home/saba/airflow_venv/airflow_venv/lib/python3.6/site-packages/airflow/example_dags/example_bash_operator.py
[2022-06-14 20:19:39,353] {processor.py:642} INFO - Processing file /home/saba/airflow_venv/airflow_venv/lib/python3.6/site-packages/airflow/example_dags/example_bash_operator.py for tasks to queue
[2022-06-14 20:19:39,354] {logging_mixin.py:109} INFO - [2022-06-14 20:19:39,354] {dagbag.py:500} INFO - Filling up the DagBag from /home/saba/airflow_venv/airflow_venv/lib/python3.6/site-packages/airflow/example_dags/example_bash_operator.py
[2022-06-14 20:19:39,413] {processor.py:652} INFO - DAG(s) dict_keys(['example_bash_operator']) retrieved from /home/saba/airflow_venv/airflow_venv/lib/python3.6/site-packages/airflow/example_dags/example_bash_operator.py
[2022-06-14 20:19:39,458] {logging_mixin.py:109} INFO - [2022-06-14 20:19:39,458] {dag.py:2398} INFO - Sync 1 DAGs
[2022-06-14 20:19:39,501] {logging_mixin.py:109} INFO - [2022-06-14 20:19:39,500] {dag.py:2937} INFO - Setting next_dagrun for example_bash_operator to 2022-06-13 00:00:00+00:00
[2022-06-14 20:19:39,534] {processor.py:171} INFO - Processing /home/saba/airflow_venv/airflow_venv/lib/python3.6/site-packages/airflow/example_dags/example_bash_operator.py took 0.191 seconds
[2022-06-14 20:20:56,621] {processor.py:163} INFO - Started process (PID=1983) to work on /home/saba/airflow_venv/airflow_venv/lib/python3.6/site-packages/airflow/example_dags/example_bash_operator.py
[2022-06-14 20:20:56,634] {processor.py:642} INFO - Processing file /home/saba/airflow_venv/airflow_venv/lib/python3.6/site-packages/airflow/example_dags/example_bash_operator.py for tasks to queue
[2022-06-14 20:20:56,636] {logging_mixin.py:109} INFO - [2022-06-14 20:20:56,635] {dagbag.py:500} INFO - Filling up the DagBag from /home/saba/airflow_venv/airflow_venv/lib/python3.6/site-packages/airflow/example_dags/example_bash_operator.py
[2022-06-14 20:20:56,672] {processor.py:652} INFO - DAG(s) dict_keys(['example_bash_operator']) retrieved from /home/saba/airflow_venv/airflow_venv/lib/python3.6/site-packages/airflow/example_dags/example_bash_operator.py
[2022-06-14 20:20:56,697] {logging_mixin.py:109} INFO - [2022-06-14 20:20:56,697] {dag.py:2398} INFO - Sync 1 DAGs
[2022-06-14 20:20:56,726] {logging_mixin.py:109} INFO - [2022-06-14 20:20:56,725] {dag.py:2937} INFO - Setting next_dagrun for example_bash_operator to 2022-06-13 00:00:00+00:00
[2022-06-14 20:20:56,751] {processor.py:171} INFO - Processing /home/saba/airflow_venv/airflow_venv/lib/python3.6/site-packages/airflow/example_dags/example_bash_operator.py took 0.134 seconds
[2022-06-14 20:22:11,558] {processor.py:163} INFO - Started process (PID=2044) to work on /home/saba/airflow_venv/airflow_venv/lib/python3.6/site-packages/airflow/example_dags/example_bash_operator.py
[2022-06-14 20:22:11,569] {processor.py:642} INFO - Processing file /home/saba/airflow_venv/airflow_venv/lib/python3.6/site-packages/airflow/example_dags/example_bash_operator.py for tasks to queue
[2022-06-14 20:22:11,570] {logging_mixin.py:109} INFO - [2022-06-14 20:22:11,570] {dagbag.py:500} INFO - Filling up the DagBag from /home/saba/airflow_venv/airflow_venv/lib/python3.6/site-packages/airflow/example_dags/example_bash_operator.py
[2022-06-14 20:22:11,609] {processor.py:652} INFO - DAG(s) dict_keys(['example_bash_operator']) retrieved from /home/saba/airflow_venv/airflow_venv/lib/python3.6/site-packages/airflow/example_dags/example_bash_operator.py
[2022-06-14 20:22:11,633] {logging_mixin.py:109} INFO - [2022-06-14 20:22:11,632] {dag.py:2398} INFO - Sync 1 DAGs
[2022-06-14 20:22:11,653] {logging_mixin.py:109} INFO - [2022-06-14 20:22:11,653] {dag.py:2937} INFO - Setting next_dagrun for example_bash_operator to 2022-06-13 00:00:00+00:00
[2022-06-14 20:22:11,683] {processor.py:171} INFO - Processing /home/saba/airflow_venv/airflow_venv/lib/python3.6/site-packages/airflow/example_dags/example_bash_operator.py took 0.130 seconds
[2022-06-14 20:23:27,337] {processor.py:163} INFO - Started process (PID=2105) to work on /home/saba/airflow_venv/airflow_venv/lib/python3.6/site-packages/airflow/example_dags/example_bash_operator.py
[2022-06-14 20:23:27,349] {processor.py:642} INFO - Processing file /home/saba/airflow_venv/airflow_venv/lib/python3.6/site-packages/airflow/example_dags/example_bash_operator.py for tasks to queue
[2022-06-14 20:23:27,350] {logging_mixin.py:109} INFO - [2022-06-14 20:23:27,350] {dagbag.py:500} INFO - Filling up the DagBag from /home/saba/airflow_venv/airflow_venv/lib/python3.6/site-packages/airflow/example_dags/example_bash_operator.py
[2022-06-14 20:23:27,394] {processor.py:652} INFO - DAG(s) dict_keys(['example_bash_operator']) retrieved from /home/saba/airflow_venv/airflow_venv/lib/python3.6/site-packages/airflow/example_dags/example_bash_operator.py
[2022-06-14 20:23:27,421] {logging_mixin.py:109} INFO - [2022-06-14 20:23:27,421] {dag.py:2398} INFO - Sync 1 DAGs
[2022-06-14 20:23:27,451] {logging_mixin.py:109} INFO - [2022-06-14 20:23:27,451] {dag.py:2937} INFO - Setting next_dagrun for example_bash_operator to 2022-06-13 00:00:00+00:00
[2022-06-14 20:23:27,471] {processor.py:171} INFO - Processing /home/saba/airflow_venv/airflow_venv/lib/python3.6/site-packages/airflow/example_dags/example_bash_operator.py took 0.138 seconds
[2022-06-14 20:24:43,610] {processor.py:163} INFO - Started process (PID=2166) to work on /home/saba/airflow_venv/airflow_venv/lib/python3.6/site-packages/airflow/example_dags/example_bash_operator.py
[2022-06-14 20:24:43,622] {processor.py:642} INFO - Processing file /home/saba/airflow_venv/airflow_venv/lib/python3.6/site-packages/airflow/example_dags/example_bash_operator.py for tasks to queue
[2022-06-14 20:24:43,623] {logging_mixin.py:109} INFO - [2022-06-14 20:24:43,622] {dagbag.py:500} INFO - Filling up the DagBag from /home/saba/airflow_venv/airflow_venv/lib/python3.6/site-packages/airflow/example_dags/example_bash_operator.py
[2022-06-14 20:24:43,663] {processor.py:652} INFO - DAG(s) dict_keys(['example_bash_operator']) retrieved from /home/saba/airflow_venv/airflow_venv/lib/python3.6/site-packages/airflow/example_dags/example_bash_operator.py
[2022-06-14 20:24:43,691] {logging_mixin.py:109} INFO - [2022-06-14 20:24:43,691] {dag.py:2398} INFO - Sync 1 DAGs
[2022-06-14 20:24:43,719] {logging_mixin.py:109} INFO - [2022-06-14 20:24:43,718] {dag.py:2937} INFO - Setting next_dagrun for example_bash_operator to 2022-06-13 00:00:00+00:00
[2022-06-14 20:24:43,739] {processor.py:171} INFO - Processing /home/saba/airflow_venv/airflow_venv/lib/python3.6/site-packages/airflow/example_dags/example_bash_operator.py took 0.132 seconds
[2022-06-14 20:25:57,177] {processor.py:163} INFO - Started process (PID=2227) to work on /home/saba/airflow_venv/airflow_venv/lib/python3.6/site-packages/airflow/example_dags/example_bash_operator.py
[2022-06-14 20:25:57,179] {processor.py:642} INFO - Processing file /home/saba/airflow_venv/airflow_venv/lib/python3.6/site-packages/airflow/example_dags/example_bash_operator.py for tasks to queue
[2022-06-14 20:25:57,180] {logging_mixin.py:109} INFO - [2022-06-14 20:25:57,180] {dagbag.py:500} INFO - Filling up the DagBag from /home/saba/airflow_venv/airflow_venv/lib/python3.6/site-packages/airflow/example_dags/example_bash_operator.py
[2022-06-14 20:25:57,216] {processor.py:652} INFO - DAG(s) dict_keys(['example_bash_operator']) retrieved from /home/saba/airflow_venv/airflow_venv/lib/python3.6/site-packages/airflow/example_dags/example_bash_operator.py
[2022-06-14 20:25:57,234] {logging_mixin.py:109} INFO - [2022-06-14 20:25:57,233] {dag.py:2398} INFO - Sync 1 DAGs
[2022-06-14 20:25:57,259] {logging_mixin.py:109} INFO - [2022-06-14 20:25:57,259] {dag.py:2937} INFO - Setting next_dagrun for example_bash_operator to 2022-06-13 00:00:00+00:00
[2022-06-14 20:25:57,280] {processor.py:171} INFO - Processing /home/saba/airflow_venv/airflow_venv/lib/python3.6/site-packages/airflow/example_dags/example_bash_operator.py took 0.107 seconds
[2022-06-14 20:27:13,133] {processor.py:163} INFO - Started process (PID=2288) to work on /home/saba/airflow_venv/airflow_venv/lib/python3.6/site-packages/airflow/example_dags/example_bash_operator.py
[2022-06-14 20:27:13,146] {processor.py:642} INFO - Processing file /home/saba/airflow_venv/airflow_venv/lib/python3.6/site-packages/airflow/example_dags/example_bash_operator.py for tasks to queue
[2022-06-14 20:27:13,146] {logging_mixin.py:109} INFO - [2022-06-14 20:27:13,146] {dagbag.py:500} INFO - Filling up the DagBag from /home/saba/airflow_venv/airflow_venv/lib/python3.6/site-packages/airflow/example_dags/example_bash_operator.py
[2022-06-14 20:27:13,192] {processor.py:652} INFO - DAG(s) dict_keys(['example_bash_operator']) retrieved from /home/saba/airflow_venv/airflow_venv/lib/python3.6/site-packages/airflow/example_dags/example_bash_operator.py
[2022-06-14 20:27:13,211] {logging_mixin.py:109} INFO - [2022-06-14 20:27:13,210] {dag.py:2398} INFO - Sync 1 DAGs
[2022-06-14 20:27:13,238] {logging_mixin.py:109} INFO - [2022-06-14 20:27:13,238] {dag.py:2937} INFO - Setting next_dagrun for example_bash_operator to 2022-06-13 00:00:00+00:00
[2022-06-14 20:27:13,263] {processor.py:171} INFO - Processing /home/saba/airflow_venv/airflow_venv/lib/python3.6/site-packages/airflow/example_dags/example_bash_operator.py took 0.136 seconds
[2022-06-14 20:28:29,813] {processor.py:163} INFO - Started process (PID=2349) to work on /home/saba/airflow_venv/airflow_venv/lib/python3.6/site-packages/airflow/example_dags/example_bash_operator.py
[2022-06-14 20:28:29,825] {processor.py:642} INFO - Processing file /home/saba/airflow_venv/airflow_venv/lib/python3.6/site-packages/airflow/example_dags/example_bash_operator.py for tasks to queue
[2022-06-14 20:28:29,828] {logging_mixin.py:109} INFO - [2022-06-14 20:28:29,827] {dagbag.py:500} INFO - Filling up the DagBag from /home/saba/airflow_venv/airflow_venv/lib/python3.6/site-packages/airflow/example_dags/example_bash_operator.py
[2022-06-14 20:28:29,877] {processor.py:652} INFO - DAG(s) dict_keys(['example_bash_operator']) retrieved from /home/saba/airflow_venv/airflow_venv/lib/python3.6/site-packages/airflow/example_dags/example_bash_operator.py
[2022-06-14 20:28:29,904] {logging_mixin.py:109} INFO - [2022-06-14 20:28:29,904] {dag.py:2398} INFO - Sync 1 DAGs
[2022-06-14 20:28:29,938] {logging_mixin.py:109} INFO - [2022-06-14 20:28:29,938] {dag.py:2937} INFO - Setting next_dagrun for example_bash_operator to 2022-06-13 00:00:00+00:00
[2022-06-14 20:28:29,968] {processor.py:171} INFO - Processing /home/saba/airflow_venv/airflow_venv/lib/python3.6/site-packages/airflow/example_dags/example_bash_operator.py took 0.161 seconds
[2022-06-14 20:29:46,227] {processor.py:163} INFO - Started process (PID=2410) to work on /home/saba/airflow_venv/airflow_venv/lib/python3.6/site-packages/airflow/example_dags/example_bash_operator.py
[2022-06-14 20:29:46,238] {processor.py:642} INFO - Processing file /home/saba/airflow_venv/airflow_venv/lib/python3.6/site-packages/airflow/example_dags/example_bash_operator.py for tasks to queue
[2022-06-14 20:29:46,240] {logging_mixin.py:109} INFO - [2022-06-14 20:29:46,239] {dagbag.py:500} INFO - Filling up the DagBag from /home/saba/airflow_venv/airflow_venv/lib/python3.6/site-packages/airflow/example_dags/example_bash_operator.py
[2022-06-14 20:29:46,284] {processor.py:652} INFO - DAG(s) dict_keys(['example_bash_operator']) retrieved from /home/saba/airflow_venv/airflow_venv/lib/python3.6/site-packages/airflow/example_dags/example_bash_operator.py
[2022-06-14 20:29:46,305] {logging_mixin.py:109} INFO - [2022-06-14 20:29:46,305] {dag.py:2398} INFO - Sync 1 DAGs
[2022-06-14 20:29:46,336] {logging_mixin.py:109} INFO - [2022-06-14 20:29:46,335] {dag.py:2937} INFO - Setting next_dagrun for example_bash_operator to 2022-06-13 00:00:00+00:00
[2022-06-14 20:29:46,366] {processor.py:171} INFO - Processing /home/saba/airflow_venv/airflow_venv/lib/python3.6/site-packages/airflow/example_dags/example_bash_operator.py took 0.145 seconds
[2022-06-14 20:30:54,114] {processor.py:163} INFO - Started process (PID=2473) to work on /home/saba/airflow_venv/airflow_venv/lib/python3.6/site-packages/airflow/example_dags/example_bash_operator.py
[2022-06-14 20:30:54,116] {processor.py:642} INFO - Processing file /home/saba/airflow_venv/airflow_venv/lib/python3.6/site-packages/airflow/example_dags/example_bash_operator.py for tasks to queue
[2022-06-14 20:30:54,117] {logging_mixin.py:109} INFO - [2022-06-14 20:30:54,116] {dagbag.py:500} INFO - Filling up the DagBag from /home/saba/airflow_venv/airflow_venv/lib/python3.6/site-packages/airflow/example_dags/example_bash_operator.py
[2022-06-14 20:30:54,141] {processor.py:652} INFO - DAG(s) dict_keys(['example_bash_operator']) retrieved from /home/saba/airflow_venv/airflow_venv/lib/python3.6/site-packages/airflow/example_dags/example_bash_operator.py
[2022-06-14 20:30:54,150] {logging_mixin.py:109} INFO - [2022-06-14 20:30:54,149] {dag.py:2398} INFO - Sync 1 DAGs
[2022-06-14 20:30:54,160] {logging_mixin.py:109} INFO - [2022-06-14 20:30:54,160] {dag.py:2937} INFO - Setting next_dagrun for example_bash_operator to 2022-06-13 00:00:00+00:00
[2022-06-14 20:30:54,173] {processor.py:171} INFO - Processing /home/saba/airflow_venv/airflow_venv/lib/python3.6/site-packages/airflow/example_dags/example_bash_operator.py took 0.063 seconds
[2022-06-14 20:31:54,769] {processor.py:163} INFO - Started process (PID=2533) to work on /home/saba/airflow_venv/airflow_venv/lib/python3.6/site-packages/airflow/example_dags/example_bash_operator.py
[2022-06-14 20:31:54,770] {processor.py:642} INFO - Processing file /home/saba/airflow_venv/airflow_venv/lib/python3.6/site-packages/airflow/example_dags/example_bash_operator.py for tasks to queue
[2022-06-14 20:31:54,771] {logging_mixin.py:109} INFO - [2022-06-14 20:31:54,770] {dagbag.py:500} INFO - Filling up the DagBag from /home/saba/airflow_venv/airflow_venv/lib/python3.6/site-packages/airflow/example_dags/example_bash_operator.py
[2022-06-14 20:31:54,790] {processor.py:652} INFO - DAG(s) dict_keys(['example_bash_operator']) retrieved from /home/saba/airflow_venv/airflow_venv/lib/python3.6/site-packages/airflow/example_dags/example_bash_operator.py
[2022-06-14 20:31:54,800] {logging_mixin.py:109} INFO - [2022-06-14 20:31:54,800] {dag.py:2398} INFO - Sync 1 DAGs
[2022-06-14 20:31:54,813] {logging_mixin.py:109} INFO - [2022-06-14 20:31:54,813] {dag.py:2937} INFO - Setting next_dagrun for example_bash_operator to 2022-06-13 00:00:00+00:00
[2022-06-14 20:31:54,829] {processor.py:171} INFO - Processing /home/saba/airflow_venv/airflow_venv/lib/python3.6/site-packages/airflow/example_dags/example_bash_operator.py took 0.063 seconds
[2022-06-14 20:32:54,526] {processor.py:163} INFO - Started process (PID=2592) to work on /home/saba/airflow_venv/airflow_venv/lib/python3.6/site-packages/airflow/example_dags/example_bash_operator.py
[2022-06-14 20:32:54,528] {processor.py:642} INFO - Processing file /home/saba/airflow_venv/airflow_venv/lib/python3.6/site-packages/airflow/example_dags/example_bash_operator.py for tasks to queue
[2022-06-14 20:32:54,528] {logging_mixin.py:109} INFO - [2022-06-14 20:32:54,528] {dagbag.py:500} INFO - Filling up the DagBag from /home/saba/airflow_venv/airflow_venv/lib/python3.6/site-packages/airflow/example_dags/example_bash_operator.py
[2022-06-14 20:32:54,544] {processor.py:652} INFO - DAG(s) dict_keys(['example_bash_operator']) retrieved from /home/saba/airflow_venv/airflow_venv/lib/python3.6/site-packages/airflow/example_dags/example_bash_operator.py
[2022-06-14 20:32:54,553] {logging_mixin.py:109} INFO - [2022-06-14 20:32:54,553] {dag.py:2398} INFO - Sync 1 DAGs
[2022-06-14 20:32:54,563] {logging_mixin.py:109} INFO - [2022-06-14 20:32:54,563] {dag.py:2937} INFO - Setting next_dagrun for example_bash_operator to 2022-06-13 00:00:00+00:00
[2022-06-14 20:32:54,578] {processor.py:171} INFO - Processing /home/saba/airflow_venv/airflow_venv/lib/python3.6/site-packages/airflow/example_dags/example_bash_operator.py took 0.054 seconds
[2022-06-14 20:33:54,541] {processor.py:163} INFO - Started process (PID=2651) to work on /home/saba/airflow_venv/airflow_venv/lib/python3.6/site-packages/airflow/example_dags/example_bash_operator.py
[2022-06-14 20:33:54,542] {processor.py:642} INFO - Processing file /home/saba/airflow_venv/airflow_venv/lib/python3.6/site-packages/airflow/example_dags/example_bash_operator.py for tasks to queue
[2022-06-14 20:33:54,543] {logging_mixin.py:109} INFO - [2022-06-14 20:33:54,543] {dagbag.py:500} INFO - Filling up the DagBag from /home/saba/airflow_venv/airflow_venv/lib/python3.6/site-packages/airflow/example_dags/example_bash_operator.py
[2022-06-14 20:33:54,559] {processor.py:652} INFO - DAG(s) dict_keys(['example_bash_operator']) retrieved from /home/saba/airflow_venv/airflow_venv/lib/python3.6/site-packages/airflow/example_dags/example_bash_operator.py
[2022-06-14 20:33:54,569] {logging_mixin.py:109} INFO - [2022-06-14 20:33:54,569] {dag.py:2398} INFO - Sync 1 DAGs
[2022-06-14 20:33:54,580] {logging_mixin.py:109} INFO - [2022-06-14 20:33:54,580] {dag.py:2937} INFO - Setting next_dagrun for example_bash_operator to 2022-06-13 00:00:00+00:00
[2022-06-14 20:33:54,594] {processor.py:171} INFO - Processing /home/saba/airflow_venv/airflow_venv/lib/python3.6/site-packages/airflow/example_dags/example_bash_operator.py took 0.055 seconds
[2022-06-14 20:34:56,828] {processor.py:163} INFO - Started process (PID=2711) to work on /home/saba/airflow_venv/airflow_venv/lib/python3.6/site-packages/airflow/example_dags/example_bash_operator.py
[2022-06-14 20:34:56,830] {processor.py:642} INFO - Processing file /home/saba/airflow_venv/airflow_venv/lib/python3.6/site-packages/airflow/example_dags/example_bash_operator.py for tasks to queue
[2022-06-14 20:34:56,831] {logging_mixin.py:109} INFO - [2022-06-14 20:34:56,830] {dagbag.py:500} INFO - Filling up the DagBag from /home/saba/airflow_venv/airflow_venv/lib/python3.6/site-packages/airflow/example_dags/example_bash_operator.py
[2022-06-14 20:34:56,847] {processor.py:652} INFO - DAG(s) dict_keys(['example_bash_operator']) retrieved from /home/saba/airflow_venv/airflow_venv/lib/python3.6/site-packages/airflow/example_dags/example_bash_operator.py
[2022-06-14 20:34:56,857] {logging_mixin.py:109} INFO - [2022-06-14 20:34:56,857] {dag.py:2398} INFO - Sync 1 DAGs
[2022-06-14 20:34:56,868] {logging_mixin.py:109} INFO - [2022-06-14 20:34:56,868] {dag.py:2937} INFO - Setting next_dagrun for example_bash_operator to 2022-06-13 00:00:00+00:00
[2022-06-14 20:34:56,883] {processor.py:171} INFO - Processing /home/saba/airflow_venv/airflow_venv/lib/python3.6/site-packages/airflow/example_dags/example_bash_operator.py took 0.057 seconds
[2022-06-14 20:35:55,690] {processor.py:163} INFO - Started process (PID=2769) to work on /home/saba/airflow_venv/airflow_venv/lib/python3.6/site-packages/airflow/example_dags/example_bash_operator.py
[2022-06-14 20:35:55,691] {processor.py:642} INFO - Processing file /home/saba/airflow_venv/airflow_venv/lib/python3.6/site-packages/airflow/example_dags/example_bash_operator.py for tasks to queue
[2022-06-14 20:35:55,692] {logging_mixin.py:109} INFO - [2022-06-14 20:35:55,692] {dagbag.py:500} INFO - Filling up the DagBag from /home/saba/airflow_venv/airflow_venv/lib/python3.6/site-packages/airflow/example_dags/example_bash_operator.py
[2022-06-14 20:35:55,707] {processor.py:652} INFO - DAG(s) dict_keys(['example_bash_operator']) retrieved from /home/saba/airflow_venv/airflow_venv/lib/python3.6/site-packages/airflow/example_dags/example_bash_operator.py
[2022-06-14 20:35:55,716] {logging_mixin.py:109} INFO - [2022-06-14 20:35:55,716] {dag.py:2398} INFO - Sync 1 DAGs
[2022-06-14 20:35:55,726] {logging_mixin.py:109} INFO - [2022-06-14 20:35:55,726] {dag.py:2937} INFO - Setting next_dagrun for example_bash_operator to 2022-06-13 00:00:00+00:00
[2022-06-14 20:35:55,742] {processor.py:171} INFO - Processing /home/saba/airflow_venv/airflow_venv/lib/python3.6/site-packages/airflow/example_dags/example_bash_operator.py took 0.054 seconds
[2022-06-14 20:36:57,206] {processor.py:163} INFO - Started process (PID=2829) to work on /home/saba/airflow_venv/airflow_venv/lib/python3.6/site-packages/airflow/example_dags/example_bash_operator.py
[2022-06-14 20:36:57,217] {processor.py:642} INFO - Processing file /home/saba/airflow_venv/airflow_venv/lib/python3.6/site-packages/airflow/example_dags/example_bash_operator.py for tasks to queue
[2022-06-14 20:36:57,217] {logging_mixin.py:109} INFO - [2022-06-14 20:36:57,217] {dagbag.py:500} INFO - Filling up the DagBag from /home/saba/airflow_venv/airflow_venv/lib/python3.6/site-packages/airflow/example_dags/example_bash_operator.py
[2022-06-14 20:36:57,233] {processor.py:652} INFO - DAG(s) dict_keys(['example_bash_operator']) retrieved from /home/saba/airflow_venv/airflow_venv/lib/python3.6/site-packages/airflow/example_dags/example_bash_operator.py
[2022-06-14 20:36:57,242] {logging_mixin.py:109} INFO - [2022-06-14 20:36:57,242] {dag.py:2398} INFO - Sync 1 DAGs
[2022-06-14 20:36:57,252] {logging_mixin.py:109} INFO - [2022-06-14 20:36:57,252] {dag.py:2937} INFO - Setting next_dagrun for example_bash_operator to 2022-06-13 00:00:00+00:00
[2022-06-14 20:36:57,269] {processor.py:171} INFO - Processing /home/saba/airflow_venv/airflow_venv/lib/python3.6/site-packages/airflow/example_dags/example_bash_operator.py took 0.064 seconds
[2022-06-14 20:37:58,079] {processor.py:163} INFO - Started process (PID=2888) to work on /home/saba/airflow_venv/airflow_venv/lib/python3.6/site-packages/airflow/example_dags/example_bash_operator.py
[2022-06-14 20:37:58,081] {processor.py:642} INFO - Processing file /home/saba/airflow_venv/airflow_venv/lib/python3.6/site-packages/airflow/example_dags/example_bash_operator.py for tasks to queue
[2022-06-14 20:37:58,081] {logging_mixin.py:109} INFO - [2022-06-14 20:37:58,081] {dagbag.py:500} INFO - Filling up the DagBag from /home/saba/airflow_venv/airflow_venv/lib/python3.6/site-packages/airflow/example_dags/example_bash_operator.py
[2022-06-14 20:37:58,097] {processor.py:652} INFO - DAG(s) dict_keys(['example_bash_operator']) retrieved from /home/saba/airflow_venv/airflow_venv/lib/python3.6/site-packages/airflow/example_dags/example_bash_operator.py
[2022-06-14 20:37:58,106] {logging_mixin.py:109} INFO - [2022-06-14 20:37:58,106] {dag.py:2398} INFO - Sync 1 DAGs
[2022-06-14 20:37:58,116] {logging_mixin.py:109} INFO - [2022-06-14 20:37:58,116] {dag.py:2937} INFO - Setting next_dagrun for example_bash_operator to 2022-06-13 00:00:00+00:00
[2022-06-14 20:37:58,130] {processor.py:171} INFO - Processing /home/saba/airflow_venv/airflow_venv/lib/python3.6/site-packages/airflow/example_dags/example_bash_operator.py took 0.053 seconds
[2022-06-14 20:38:58,832] {processor.py:163} INFO - Started process (PID=2947) to work on /home/saba/airflow_venv/airflow_venv/lib/python3.6/site-packages/airflow/example_dags/example_bash_operator.py
[2022-06-14 20:38:58,835] {processor.py:642} INFO - Processing file /home/saba/airflow_venv/airflow_venv/lib/python3.6/site-packages/airflow/example_dags/example_bash_operator.py for tasks to queue
[2022-06-14 20:38:58,835] {logging_mixin.py:109} INFO - [2022-06-14 20:38:58,835] {dagbag.py:500} INFO - Filling up the DagBag from /home/saba/airflow_venv/airflow_venv/lib/python3.6/site-packages/airflow/example_dags/example_bash_operator.py
[2022-06-14 20:38:58,853] {processor.py:652} INFO - DAG(s) dict_keys(['example_bash_operator']) retrieved from /home/saba/airflow_venv/airflow_venv/lib/python3.6/site-packages/airflow/example_dags/example_bash_operator.py
[2022-06-14 20:38:58,863] {logging_mixin.py:109} INFO - [2022-06-14 20:38:58,863] {dag.py:2398} INFO - Sync 1 DAGs
[2022-06-14 20:38:58,875] {logging_mixin.py:109} INFO - [2022-06-14 20:38:58,875] {dag.py:2937} INFO - Setting next_dagrun for example_bash_operator to 2022-06-13 00:00:00+00:00
[2022-06-14 20:38:58,890] {processor.py:171} INFO - Processing /home/saba/airflow_venv/airflow_venv/lib/python3.6/site-packages/airflow/example_dags/example_bash_operator.py took 0.060 seconds
[2022-06-14 20:39:57,932] {processor.py:163} INFO - Started process (PID=3005) to work on /home/saba/airflow_venv/airflow_venv/lib/python3.6/site-packages/airflow/example_dags/example_bash_operator.py
[2022-06-14 20:39:57,943] {processor.py:642} INFO - Processing file /home/saba/airflow_venv/airflow_venv/lib/python3.6/site-packages/airflow/example_dags/example_bash_operator.py for tasks to queue
[2022-06-14 20:39:57,944] {logging_mixin.py:109} INFO - [2022-06-14 20:39:57,944] {dagbag.py:500} INFO - Filling up the DagBag from /home/saba/airflow_venv/airflow_venv/lib/python3.6/site-packages/airflow/example_dags/example_bash_operator.py
[2022-06-14 20:39:57,976] {processor.py:652} INFO - DAG(s) dict_keys(['example_bash_operator']) retrieved from /home/saba/airflow_venv/airflow_venv/lib/python3.6/site-packages/airflow/example_dags/example_bash_operator.py
[2022-06-14 20:39:57,992] {logging_mixin.py:109} INFO - [2022-06-14 20:39:57,992] {dag.py:2398} INFO - Sync 1 DAGs
[2022-06-14 20:39:58,015] {logging_mixin.py:109} INFO - [2022-06-14 20:39:58,015] {dag.py:2937} INFO - Setting next_dagrun for example_bash_operator to 2022-06-13 00:00:00+00:00
[2022-06-14 20:39:58,033] {processor.py:171} INFO - Processing /home/saba/airflow_venv/airflow_venv/lib/python3.6/site-packages/airflow/example_dags/example_bash_operator.py took 0.105 seconds
[2022-06-14 20:40:58,557] {processor.py:163} INFO - Started process (PID=3065) to work on /home/saba/airflow_venv/airflow_venv/lib/python3.6/site-packages/airflow/example_dags/example_bash_operator.py
[2022-06-14 20:40:58,566] {processor.py:642} INFO - Processing file /home/saba/airflow_venv/airflow_venv/lib/python3.6/site-packages/airflow/example_dags/example_bash_operator.py for tasks to queue
[2022-06-14 20:40:58,567] {logging_mixin.py:109} INFO - [2022-06-14 20:40:58,567] {dagbag.py:500} INFO - Filling up the DagBag from /home/saba/airflow_venv/airflow_venv/lib/python3.6/site-packages/airflow/example_dags/example_bash_operator.py
[2022-06-14 20:40:58,583] {processor.py:652} INFO - DAG(s) dict_keys(['example_bash_operator']) retrieved from /home/saba/airflow_venv/airflow_venv/lib/python3.6/site-packages/airflow/example_dags/example_bash_operator.py
[2022-06-14 20:40:58,592] {logging_mixin.py:109} INFO - [2022-06-14 20:40:58,592] {dag.py:2398} INFO - Sync 1 DAGs
[2022-06-14 20:40:58,603] {logging_mixin.py:109} INFO - [2022-06-14 20:40:58,603] {dag.py:2937} INFO - Setting next_dagrun for example_bash_operator to 2022-06-13 00:00:00+00:00
[2022-06-14 20:40:58,618] {processor.py:171} INFO - Processing /home/saba/airflow_venv/airflow_venv/lib/python3.6/site-packages/airflow/example_dags/example_bash_operator.py took 0.063 seconds
