[2022-06-14 19:27:05,845] {processor.py:163} INFO - Started process (PID=32549) to work on /home/saba/airflow_venv/airflow_venv/lib/python3.6/site-packages/airflow/example_dags/example_branch_python_dop_operator_3.py
[2022-06-14 19:27:05,851] {processor.py:642} INFO - Processing file /home/saba/airflow_venv/airflow_venv/lib/python3.6/site-packages/airflow/example_dags/example_branch_python_dop_operator_3.py for tasks to queue
[2022-06-14 19:27:05,856] {logging_mixin.py:109} INFO - [2022-06-14 19:27:05,855] {dagbag.py:500} INFO - Filling up the DagBag from /home/saba/airflow_venv/airflow_venv/lib/python3.6/site-packages/airflow/example_dags/example_branch_python_dop_operator_3.py
[2022-06-14 19:27:05,981] {processor.py:652} INFO - DAG(s) dict_keys(['example_branch_dop_operator_v3']) retrieved from /home/saba/airflow_venv/airflow_venv/lib/python3.6/site-packages/airflow/example_dags/example_branch_python_dop_operator_3.py
[2022-06-14 19:27:06,087] {logging_mixin.py:109} INFO - [2022-06-14 19:27:06,086] {dag.py:2398} INFO - Sync 1 DAGs
[2022-06-14 19:27:06,307] {logging_mixin.py:109} INFO - [2022-06-14 19:27:06,306] {dag.py:2937} INFO - Setting next_dagrun for example_branch_dop_operator_v3 to 2022-06-14T17:26:00+00:00
[2022-06-14 19:27:06,448] {processor.py:171} INFO - Processing /home/saba/airflow_venv/airflow_venv/lib/python3.6/site-packages/airflow/example_dags/example_branch_python_dop_operator_3.py took 0.622 seconds
[2022-06-14 19:28:00,162] {processor.py:163} INFO - Started process (PID=32742) to work on /home/saba/airflow_venv/airflow_venv/lib/python3.6/site-packages/airflow/example_dags/example_branch_python_dop_operator_3.py
[2022-06-14 19:28:00,166] {processor.py:642} INFO - Processing file /home/saba/airflow_venv/airflow_venv/lib/python3.6/site-packages/airflow/example_dags/example_branch_python_dop_operator_3.py for tasks to queue
[2022-06-14 19:28:00,167] {logging_mixin.py:109} INFO - [2022-06-14 19:28:00,167] {dagbag.py:500} INFO - Filling up the DagBag from /home/saba/airflow_venv/airflow_venv/lib/python3.6/site-packages/airflow/example_dags/example_branch_python_dop_operator_3.py
[2022-06-14 19:28:00,224] {processor.py:652} INFO - DAG(s) dict_keys(['example_branch_dop_operator_v3']) retrieved from /home/saba/airflow_venv/airflow_venv/lib/python3.6/site-packages/airflow/example_dags/example_branch_python_dop_operator_3.py
[2022-06-14 19:28:00,280] {logging_mixin.py:109} INFO - [2022-06-14 19:28:00,280] {dag.py:2398} INFO - Sync 1 DAGs
[2022-06-14 19:28:00,348] {logging_mixin.py:109} INFO - [2022-06-14 19:28:00,348] {dag.py:2937} INFO - Setting next_dagrun for example_branch_dop_operator_v3 to 2022-06-14T17:27:00+00:00
[2022-06-14 19:28:00,389] {processor.py:171} INFO - Processing /home/saba/airflow_venv/airflow_venv/lib/python3.6/site-packages/airflow/example_dags/example_branch_python_dop_operator_3.py took 0.234 seconds
[2022-06-14 19:29:29,627] {processor.py:163} INFO - Started process (PID=664) to work on /home/saba/airflow_venv/airflow_venv/lib/python3.6/site-packages/airflow/example_dags/example_branch_python_dop_operator_3.py
[2022-06-14 19:29:29,639] {processor.py:642} INFO - Processing file /home/saba/airflow_venv/airflow_venv/lib/python3.6/site-packages/airflow/example_dags/example_branch_python_dop_operator_3.py for tasks to queue
[2022-06-14 19:29:29,641] {logging_mixin.py:109} INFO - [2022-06-14 19:29:29,640] {dagbag.py:500} INFO - Filling up the DagBag from /home/saba/airflow_venv/airflow_venv/lib/python3.6/site-packages/airflow/example_dags/example_branch_python_dop_operator_3.py
[2022-06-14 19:29:29,698] {processor.py:652} INFO - DAG(s) dict_keys(['example_branch_dop_operator_v3']) retrieved from /home/saba/airflow_venv/airflow_venv/lib/python3.6/site-packages/airflow/example_dags/example_branch_python_dop_operator_3.py
[2022-06-14 19:29:29,738] {logging_mixin.py:109} INFO - [2022-06-14 19:29:29,737] {dag.py:2398} INFO - Sync 1 DAGs
[2022-06-14 19:29:29,794] {logging_mixin.py:109} INFO - [2022-06-14 19:29:29,794] {dag.py:2937} INFO - Setting next_dagrun for example_branch_dop_operator_v3 to 2022-06-14T17:28:00+00:00
[2022-06-14 19:29:29,830] {processor.py:171} INFO - Processing /home/saba/airflow_venv/airflow_venv/lib/python3.6/site-packages/airflow/example_dags/example_branch_python_dop_operator_3.py took 0.210 seconds
[2022-06-14 19:31:11,682] {processor.py:163} INFO - Started process (PID=1010) to work on /home/saba/airflow_venv/airflow_venv/lib/python3.6/site-packages/airflow/example_dags/example_branch_python_dop_operator_3.py
[2022-06-14 19:31:11,696] {processor.py:642} INFO - Processing file /home/saba/airflow_venv/airflow_venv/lib/python3.6/site-packages/airflow/example_dags/example_branch_python_dop_operator_3.py for tasks to queue
[2022-06-14 19:31:11,699] {logging_mixin.py:109} INFO - [2022-06-14 19:31:11,698] {dagbag.py:500} INFO - Filling up the DagBag from /home/saba/airflow_venv/airflow_venv/lib/python3.6/site-packages/airflow/example_dags/example_branch_python_dop_operator_3.py
[2022-06-14 19:31:11,803] {processor.py:652} INFO - DAG(s) dict_keys(['example_branch_dop_operator_v3']) retrieved from /home/saba/airflow_venv/airflow_venv/lib/python3.6/site-packages/airflow/example_dags/example_branch_python_dop_operator_3.py
[2022-06-14 19:31:11,870] {logging_mixin.py:109} INFO - [2022-06-14 19:31:11,869] {dag.py:2398} INFO - Sync 1 DAGs
[2022-06-14 19:31:12,014] {logging_mixin.py:109} INFO - [2022-06-14 19:31:12,013] {dag.py:2937} INFO - Setting next_dagrun for example_branch_dop_operator_v3 to 2022-06-14T17:30:00+00:00
[2022-06-14 19:31:12,070] {processor.py:171} INFO - Processing /home/saba/airflow_venv/airflow_venv/lib/python3.6/site-packages/airflow/example_dags/example_branch_python_dop_operator_3.py took 0.401 seconds
[2022-06-14 19:33:22,185] {processor.py:163} INFO - Started process (PID=2118) to work on /home/saba/airflow_venv/airflow_venv/lib/python3.6/site-packages/airflow/example_dags/example_branch_python_dop_operator_3.py
[2022-06-14 19:33:22,192] {processor.py:642} INFO - Processing file /home/saba/airflow_venv/airflow_venv/lib/python3.6/site-packages/airflow/example_dags/example_branch_python_dop_operator_3.py for tasks to queue
[2022-06-14 19:33:22,197] {logging_mixin.py:109} INFO - [2022-06-14 19:33:22,196] {dagbag.py:500} INFO - Filling up the DagBag from /home/saba/airflow_venv/airflow_venv/lib/python3.6/site-packages/airflow/example_dags/example_branch_python_dop_operator_3.py
[2022-06-14 19:33:22,321] {processor.py:652} INFO - DAG(s) dict_keys(['example_branch_dop_operator_v3']) retrieved from /home/saba/airflow_venv/airflow_venv/lib/python3.6/site-packages/airflow/example_dags/example_branch_python_dop_operator_3.py
[2022-06-14 19:33:22,440] {logging_mixin.py:109} INFO - [2022-06-14 19:33:22,439] {dag.py:2398} INFO - Sync 1 DAGs
[2022-06-14 19:33:22,604] {logging_mixin.py:109} INFO - [2022-06-14 19:33:22,603] {dag.py:2937} INFO - Setting next_dagrun for example_branch_dop_operator_v3 to 2022-06-14T17:32:00+00:00
[2022-06-14 19:33:22,681] {processor.py:171} INFO - Processing /home/saba/airflow_venv/airflow_venv/lib/python3.6/site-packages/airflow/example_dags/example_branch_python_dop_operator_3.py took 0.515 seconds
[2022-06-14 19:35:23,779] {processor.py:163} INFO - Started process (PID=2392) to work on /home/saba/airflow_venv/airflow_venv/lib/python3.6/site-packages/airflow/example_dags/example_branch_python_dop_operator_3.py
[2022-06-14 19:35:23,795] {processor.py:642} INFO - Processing file /home/saba/airflow_venv/airflow_venv/lib/python3.6/site-packages/airflow/example_dags/example_branch_python_dop_operator_3.py for tasks to queue
[2022-06-14 19:35:23,799] {logging_mixin.py:109} INFO - [2022-06-14 19:35:23,798] {dagbag.py:500} INFO - Filling up the DagBag from /home/saba/airflow_venv/airflow_venv/lib/python3.6/site-packages/airflow/example_dags/example_branch_python_dop_operator_3.py
[2022-06-14 19:35:23,885] {processor.py:652} INFO - DAG(s) dict_keys(['example_branch_dop_operator_v3']) retrieved from /home/saba/airflow_venv/airflow_venv/lib/python3.6/site-packages/airflow/example_dags/example_branch_python_dop_operator_3.py
[2022-06-14 19:35:23,967] {logging_mixin.py:109} INFO - [2022-06-14 19:35:23,966] {dag.py:2398} INFO - Sync 1 DAGs
[2022-06-14 19:35:24,181] {logging_mixin.py:109} INFO - [2022-06-14 19:35:24,181] {dag.py:2937} INFO - Setting next_dagrun for example_branch_dop_operator_v3 to 2022-06-14T17:34:00+00:00
[2022-06-14 19:35:24,286] {processor.py:171} INFO - Processing /home/saba/airflow_venv/airflow_venv/lib/python3.6/site-packages/airflow/example_dags/example_branch_python_dop_operator_3.py took 0.521 seconds
[2022-06-14 19:37:31,762] {processor.py:163} INFO - Started process (PID=2663) to work on /home/saba/airflow_venv/airflow_venv/lib/python3.6/site-packages/airflow/example_dags/example_branch_python_dop_operator_3.py
[2022-06-14 19:37:31,770] {processor.py:642} INFO - Processing file /home/saba/airflow_venv/airflow_venv/lib/python3.6/site-packages/airflow/example_dags/example_branch_python_dop_operator_3.py for tasks to queue
[2022-06-14 19:37:31,774] {logging_mixin.py:109} INFO - [2022-06-14 19:37:31,773] {dagbag.py:500} INFO - Filling up the DagBag from /home/saba/airflow_venv/airflow_venv/lib/python3.6/site-packages/airflow/example_dags/example_branch_python_dop_operator_3.py
[2022-06-14 19:37:31,869] {processor.py:652} INFO - DAG(s) dict_keys(['example_branch_dop_operator_v3']) retrieved from /home/saba/airflow_venv/airflow_venv/lib/python3.6/site-packages/airflow/example_dags/example_branch_python_dop_operator_3.py
[2022-06-14 19:37:31,946] {logging_mixin.py:109} INFO - [2022-06-14 19:37:31,945] {dag.py:2398} INFO - Sync 1 DAGs
[2022-06-14 19:37:32,102] {logging_mixin.py:109} INFO - [2022-06-14 19:37:32,102] {dag.py:2937} INFO - Setting next_dagrun for example_branch_dop_operator_v3 to 2022-06-14T17:36:00+00:00
[2022-06-14 19:37:32,172] {processor.py:171} INFO - Processing /home/saba/airflow_venv/airflow_venv/lib/python3.6/site-packages/airflow/example_dags/example_branch_python_dop_operator_3.py took 0.424 seconds
[2022-06-14 19:47:04,167] {processor.py:163} INFO - Started process (PID=102) to work on /home/saba/airflow_venv/airflow_venv/lib/python3.6/site-packages/airflow/example_dags/example_branch_python_dop_operator_3.py
[2022-06-14 19:47:04,169] {processor.py:642} INFO - Processing file /home/saba/airflow_venv/airflow_venv/lib/python3.6/site-packages/airflow/example_dags/example_branch_python_dop_operator_3.py for tasks to queue
[2022-06-14 19:47:04,170] {logging_mixin.py:109} INFO - [2022-06-14 19:47:04,170] {dagbag.py:500} INFO - Filling up the DagBag from /home/saba/airflow_venv/airflow_venv/lib/python3.6/site-packages/airflow/example_dags/example_branch_python_dop_operator_3.py
[2022-06-14 19:47:04,207] {processor.py:652} INFO - DAG(s) dict_keys(['example_branch_dop_operator_v3']) retrieved from /home/saba/airflow_venv/airflow_venv/lib/python3.6/site-packages/airflow/example_dags/example_branch_python_dop_operator_3.py
[2022-06-14 19:47:04,237] {logging_mixin.py:109} INFO - [2022-06-14 19:47:04,237] {dag.py:2398} INFO - Sync 1 DAGs
[2022-06-14 19:47:04,292] {logging_mixin.py:109} INFO - [2022-06-14 19:47:04,292] {dag.py:2937} INFO - Setting next_dagrun for example_branch_dop_operator_v3 to 2022-06-14T17:46:00+00:00
[2022-06-14 19:47:04,317] {processor.py:171} INFO - Processing /home/saba/airflow_venv/airflow_venv/lib/python3.6/site-packages/airflow/example_dags/example_branch_python_dop_operator_3.py took 0.156 seconds
[2022-06-14 19:48:20,513] {processor.py:163} INFO - Started process (PID=162) to work on /home/saba/airflow_venv/airflow_venv/lib/python3.6/site-packages/airflow/example_dags/example_branch_python_dop_operator_3.py
[2022-06-14 19:48:20,515] {processor.py:642} INFO - Processing file /home/saba/airflow_venv/airflow_venv/lib/python3.6/site-packages/airflow/example_dags/example_branch_python_dop_operator_3.py for tasks to queue
[2022-06-14 19:48:20,516] {logging_mixin.py:109} INFO - [2022-06-14 19:48:20,516] {dagbag.py:500} INFO - Filling up the DagBag from /home/saba/airflow_venv/airflow_venv/lib/python3.6/site-packages/airflow/example_dags/example_branch_python_dop_operator_3.py
[2022-06-14 19:48:20,538] {processor.py:652} INFO - DAG(s) dict_keys(['example_branch_dop_operator_v3']) retrieved from /home/saba/airflow_venv/airflow_venv/lib/python3.6/site-packages/airflow/example_dags/example_branch_python_dop_operator_3.py
[2022-06-14 19:48:20,559] {logging_mixin.py:109} INFO - [2022-06-14 19:48:20,558] {dag.py:2398} INFO - Sync 1 DAGs
[2022-06-14 19:48:20,584] {logging_mixin.py:109} INFO - [2022-06-14 19:48:20,584] {dag.py:2937} INFO - Setting next_dagrun for example_branch_dop_operator_v3 to 2022-06-14T17:47:00+00:00
[2022-06-14 19:48:20,603] {processor.py:171} INFO - Processing /home/saba/airflow_venv/airflow_venv/lib/python3.6/site-packages/airflow/example_dags/example_branch_python_dop_operator_3.py took 0.093 seconds
[2022-06-14 19:49:24,183] {processor.py:163} INFO - Started process (PID=220) to work on /home/saba/airflow_venv/airflow_venv/lib/python3.6/site-packages/airflow/example_dags/example_branch_python_dop_operator_3.py
[2022-06-14 19:49:24,184] {processor.py:642} INFO - Processing file /home/saba/airflow_venv/airflow_venv/lib/python3.6/site-packages/airflow/example_dags/example_branch_python_dop_operator_3.py for tasks to queue
[2022-06-14 19:49:24,185] {logging_mixin.py:109} INFO - [2022-06-14 19:49:24,185] {dagbag.py:500} INFO - Filling up the DagBag from /home/saba/airflow_venv/airflow_venv/lib/python3.6/site-packages/airflow/example_dags/example_branch_python_dop_operator_3.py
[2022-06-14 19:49:24,202] {processor.py:652} INFO - DAG(s) dict_keys(['example_branch_dop_operator_v3']) retrieved from /home/saba/airflow_venv/airflow_venv/lib/python3.6/site-packages/airflow/example_dags/example_branch_python_dop_operator_3.py
[2022-06-14 19:49:24,213] {logging_mixin.py:109} INFO - [2022-06-14 19:49:24,213] {dag.py:2398} INFO - Sync 1 DAGs
[2022-06-14 19:49:24,230] {logging_mixin.py:109} INFO - [2022-06-14 19:49:24,230] {dag.py:2937} INFO - Setting next_dagrun for example_branch_dop_operator_v3 to 2022-06-14T17:48:00+00:00
[2022-06-14 19:49:24,246] {processor.py:171} INFO - Processing /home/saba/airflow_venv/airflow_venv/lib/python3.6/site-packages/airflow/example_dags/example_branch_python_dop_operator_3.py took 0.065 seconds
[2022-06-14 19:50:25,039] {processor.py:163} INFO - Started process (PID=279) to work on /home/saba/airflow_venv/airflow_venv/lib/python3.6/site-packages/airflow/example_dags/example_branch_python_dop_operator_3.py
[2022-06-14 19:50:25,049] {processor.py:642} INFO - Processing file /home/saba/airflow_venv/airflow_venv/lib/python3.6/site-packages/airflow/example_dags/example_branch_python_dop_operator_3.py for tasks to queue
[2022-06-14 19:50:25,050] {logging_mixin.py:109} INFO - [2022-06-14 19:50:25,050] {dagbag.py:500} INFO - Filling up the DagBag from /home/saba/airflow_venv/airflow_venv/lib/python3.6/site-packages/airflow/example_dags/example_branch_python_dop_operator_3.py
[2022-06-14 19:50:25,072] {processor.py:652} INFO - DAG(s) dict_keys(['example_branch_dop_operator_v3']) retrieved from /home/saba/airflow_venv/airflow_venv/lib/python3.6/site-packages/airflow/example_dags/example_branch_python_dop_operator_3.py
[2022-06-14 19:50:25,087] {logging_mixin.py:109} INFO - [2022-06-14 19:50:25,087] {dag.py:2398} INFO - Sync 1 DAGs
[2022-06-14 19:50:25,110] {logging_mixin.py:109} INFO - [2022-06-14 19:50:25,109] {dag.py:2937} INFO - Setting next_dagrun for example_branch_dop_operator_v3 to 2022-06-14T17:49:00+00:00
[2022-06-14 19:50:25,133] {processor.py:171} INFO - Processing /home/saba/airflow_venv/airflow_venv/lib/python3.6/site-packages/airflow/example_dags/example_branch_python_dop_operator_3.py took 0.098 seconds
[2022-06-14 19:51:28,599] {processor.py:163} INFO - Started process (PID=339) to work on /home/saba/airflow_venv/airflow_venv/lib/python3.6/site-packages/airflow/example_dags/example_branch_python_dop_operator_3.py
[2022-06-14 19:51:28,610] {processor.py:642} INFO - Processing file /home/saba/airflow_venv/airflow_venv/lib/python3.6/site-packages/airflow/example_dags/example_branch_python_dop_operator_3.py for tasks to queue
[2022-06-14 19:51:28,611] {logging_mixin.py:109} INFO - [2022-06-14 19:51:28,611] {dagbag.py:500} INFO - Filling up the DagBag from /home/saba/airflow_venv/airflow_venv/lib/python3.6/site-packages/airflow/example_dags/example_branch_python_dop_operator_3.py
[2022-06-14 19:51:28,622] {processor.py:652} INFO - DAG(s) dict_keys(['example_branch_dop_operator_v3']) retrieved from /home/saba/airflow_venv/airflow_venv/lib/python3.6/site-packages/airflow/example_dags/example_branch_python_dop_operator_3.py
[2022-06-14 19:51:28,632] {logging_mixin.py:109} INFO - [2022-06-14 19:51:28,632] {dag.py:2398} INFO - Sync 1 DAGs
[2022-06-14 19:51:28,646] {logging_mixin.py:109} INFO - [2022-06-14 19:51:28,646] {dag.py:2937} INFO - Setting next_dagrun for example_branch_dop_operator_v3 to 2022-06-14T17:50:00+00:00
[2022-06-14 19:51:28,661] {processor.py:171} INFO - Processing /home/saba/airflow_venv/airflow_venv/lib/python3.6/site-packages/airflow/example_dags/example_branch_python_dop_operator_3.py took 0.063 seconds
[2022-06-14 19:52:28,611] {processor.py:163} INFO - Started process (PID=399) to work on /home/saba/airflow_venv/airflow_venv/lib/python3.6/site-packages/airflow/example_dags/example_branch_python_dop_operator_3.py
[2022-06-14 19:52:28,613] {processor.py:642} INFO - Processing file /home/saba/airflow_venv/airflow_venv/lib/python3.6/site-packages/airflow/example_dags/example_branch_python_dop_operator_3.py for tasks to queue
[2022-06-14 19:52:28,613] {logging_mixin.py:109} INFO - [2022-06-14 19:52:28,613] {dagbag.py:500} INFO - Filling up the DagBag from /home/saba/airflow_venv/airflow_venv/lib/python3.6/site-packages/airflow/example_dags/example_branch_python_dop_operator_3.py
[2022-06-14 19:52:28,626] {processor.py:652} INFO - DAG(s) dict_keys(['example_branch_dop_operator_v3']) retrieved from /home/saba/airflow_venv/airflow_venv/lib/python3.6/site-packages/airflow/example_dags/example_branch_python_dop_operator_3.py
[2022-06-14 19:52:28,636] {logging_mixin.py:109} INFO - [2022-06-14 19:52:28,635] {dag.py:2398} INFO - Sync 1 DAGs
[2022-06-14 19:52:28,650] {logging_mixin.py:109} INFO - [2022-06-14 19:52:28,650] {dag.py:2937} INFO - Setting next_dagrun for example_branch_dop_operator_v3 to 2022-06-14T17:51:00+00:00
[2022-06-14 19:52:28,665] {processor.py:171} INFO - Processing /home/saba/airflow_venv/airflow_venv/lib/python3.6/site-packages/airflow/example_dags/example_branch_python_dop_operator_3.py took 0.057 seconds
[2022-06-14 19:53:30,220] {processor.py:163} INFO - Started process (PID=458) to work on /home/saba/airflow_venv/airflow_venv/lib/python3.6/site-packages/airflow/example_dags/example_branch_python_dop_operator_3.py
[2022-06-14 19:53:30,222] {processor.py:642} INFO - Processing file /home/saba/airflow_venv/airflow_venv/lib/python3.6/site-packages/airflow/example_dags/example_branch_python_dop_operator_3.py for tasks to queue
[2022-06-14 19:53:30,222] {logging_mixin.py:109} INFO - [2022-06-14 19:53:30,222] {dagbag.py:500} INFO - Filling up the DagBag from /home/saba/airflow_venv/airflow_venv/lib/python3.6/site-packages/airflow/example_dags/example_branch_python_dop_operator_3.py
[2022-06-14 19:53:30,234] {processor.py:652} INFO - DAG(s) dict_keys(['example_branch_dop_operator_v3']) retrieved from /home/saba/airflow_venv/airflow_venv/lib/python3.6/site-packages/airflow/example_dags/example_branch_python_dop_operator_3.py
[2022-06-14 19:53:30,244] {logging_mixin.py:109} INFO - [2022-06-14 19:53:30,244] {dag.py:2398} INFO - Sync 1 DAGs
[2022-06-14 19:53:30,258] {logging_mixin.py:109} INFO - [2022-06-14 19:53:30,258] {dag.py:2937} INFO - Setting next_dagrun for example_branch_dop_operator_v3 to 2022-06-14T17:52:00+00:00
[2022-06-14 19:53:30,273] {processor.py:171} INFO - Processing /home/saba/airflow_venv/airflow_venv/lib/python3.6/site-packages/airflow/example_dags/example_branch_python_dop_operator_3.py took 0.054 seconds
[2022-06-14 19:54:32,736] {processor.py:163} INFO - Started process (PID=517) to work on /home/saba/airflow_venv/airflow_venv/lib/python3.6/site-packages/airflow/example_dags/example_branch_python_dop_operator_3.py
[2022-06-14 19:54:32,738] {processor.py:642} INFO - Processing file /home/saba/airflow_venv/airflow_venv/lib/python3.6/site-packages/airflow/example_dags/example_branch_python_dop_operator_3.py for tasks to queue
[2022-06-14 19:54:32,739] {logging_mixin.py:109} INFO - [2022-06-14 19:54:32,739] {dagbag.py:500} INFO - Filling up the DagBag from /home/saba/airflow_venv/airflow_venv/lib/python3.6/site-packages/airflow/example_dags/example_branch_python_dop_operator_3.py
[2022-06-14 19:54:32,762] {processor.py:652} INFO - DAG(s) dict_keys(['example_branch_dop_operator_v3']) retrieved from /home/saba/airflow_venv/airflow_venv/lib/python3.6/site-packages/airflow/example_dags/example_branch_python_dop_operator_3.py
[2022-06-14 19:54:32,783] {logging_mixin.py:109} INFO - [2022-06-14 19:54:32,783] {dag.py:2398} INFO - Sync 1 DAGs
[2022-06-14 19:54:32,823] {logging_mixin.py:109} INFO - [2022-06-14 19:54:32,823] {dag.py:2937} INFO - Setting next_dagrun for example_branch_dop_operator_v3 to 2022-06-14T17:53:00+00:00
[2022-06-14 19:54:32,843] {processor.py:171} INFO - Processing /home/saba/airflow_venv/airflow_venv/lib/python3.6/site-packages/airflow/example_dags/example_branch_python_dop_operator_3.py took 0.112 seconds
[2022-06-14 19:55:32,748] {processor.py:163} INFO - Started process (PID=576) to work on /home/saba/airflow_venv/airflow_venv/lib/python3.6/site-packages/airflow/example_dags/example_branch_python_dop_operator_3.py
[2022-06-14 19:55:32,750] {processor.py:642} INFO - Processing file /home/saba/airflow_venv/airflow_venv/lib/python3.6/site-packages/airflow/example_dags/example_branch_python_dop_operator_3.py for tasks to queue
[2022-06-14 19:55:32,751] {logging_mixin.py:109} INFO - [2022-06-14 19:55:32,751] {dagbag.py:500} INFO - Filling up the DagBag from /home/saba/airflow_venv/airflow_venv/lib/python3.6/site-packages/airflow/example_dags/example_branch_python_dop_operator_3.py
[2022-06-14 19:55:32,773] {processor.py:652} INFO - DAG(s) dict_keys(['example_branch_dop_operator_v3']) retrieved from /home/saba/airflow_venv/airflow_venv/lib/python3.6/site-packages/airflow/example_dags/example_branch_python_dop_operator_3.py
[2022-06-14 19:55:32,794] {logging_mixin.py:109} INFO - [2022-06-14 19:55:32,793] {dag.py:2398} INFO - Sync 1 DAGs
[2022-06-14 19:55:32,822] {logging_mixin.py:109} INFO - [2022-06-14 19:55:32,821] {dag.py:2937} INFO - Setting next_dagrun for example_branch_dop_operator_v3 to 2022-06-14T17:54:00+00:00
[2022-06-14 19:55:32,840] {processor.py:171} INFO - Processing /home/saba/airflow_venv/airflow_venv/lib/python3.6/site-packages/airflow/example_dags/example_branch_python_dop_operator_3.py took 0.096 seconds
[2022-06-14 19:56:35,248] {processor.py:163} INFO - Started process (PID=636) to work on /home/saba/airflow_venv/airflow_venv/lib/python3.6/site-packages/airflow/example_dags/example_branch_python_dop_operator_3.py
[2022-06-14 19:56:35,258] {processor.py:642} INFO - Processing file /home/saba/airflow_venv/airflow_venv/lib/python3.6/site-packages/airflow/example_dags/example_branch_python_dop_operator_3.py for tasks to queue
[2022-06-14 19:56:35,258] {logging_mixin.py:109} INFO - [2022-06-14 19:56:35,258] {dagbag.py:500} INFO - Filling up the DagBag from /home/saba/airflow_venv/airflow_venv/lib/python3.6/site-packages/airflow/example_dags/example_branch_python_dop_operator_3.py
[2022-06-14 19:56:35,270] {processor.py:652} INFO - DAG(s) dict_keys(['example_branch_dop_operator_v3']) retrieved from /home/saba/airflow_venv/airflow_venv/lib/python3.6/site-packages/airflow/example_dags/example_branch_python_dop_operator_3.py
[2022-06-14 19:56:35,279] {logging_mixin.py:109} INFO - [2022-06-14 19:56:35,279] {dag.py:2398} INFO - Sync 1 DAGs
[2022-06-14 19:56:35,295] {logging_mixin.py:109} INFO - [2022-06-14 19:56:35,294] {dag.py:2937} INFO - Setting next_dagrun for example_branch_dop_operator_v3 to 2022-06-14T17:55:00+00:00
[2022-06-14 19:56:35,310] {processor.py:171} INFO - Processing /home/saba/airflow_venv/airflow_venv/lib/python3.6/site-packages/airflow/example_dags/example_branch_python_dop_operator_3.py took 0.064 seconds
[2022-06-14 19:57:37,490] {processor.py:163} INFO - Started process (PID=696) to work on /home/saba/airflow_venv/airflow_venv/lib/python3.6/site-packages/airflow/example_dags/example_branch_python_dop_operator_3.py
[2022-06-14 19:57:37,500] {processor.py:642} INFO - Processing file /home/saba/airflow_venv/airflow_venv/lib/python3.6/site-packages/airflow/example_dags/example_branch_python_dop_operator_3.py for tasks to queue
[2022-06-14 19:57:37,501] {logging_mixin.py:109} INFO - [2022-06-14 19:57:37,500] {dagbag.py:500} INFO - Filling up the DagBag from /home/saba/airflow_venv/airflow_venv/lib/python3.6/site-packages/airflow/example_dags/example_branch_python_dop_operator_3.py
[2022-06-14 19:57:37,513] {processor.py:652} INFO - DAG(s) dict_keys(['example_branch_dop_operator_v3']) retrieved from /home/saba/airflow_venv/airflow_venv/lib/python3.6/site-packages/airflow/example_dags/example_branch_python_dop_operator_3.py
[2022-06-14 19:57:37,523] {logging_mixin.py:109} INFO - [2022-06-14 19:57:37,522] {dag.py:2398} INFO - Sync 1 DAGs
[2022-06-14 19:57:37,536] {logging_mixin.py:109} INFO - [2022-06-14 19:57:37,536] {dag.py:2937} INFO - Setting next_dagrun for example_branch_dop_operator_v3 to 2022-06-14T17:56:00+00:00
[2022-06-14 19:57:37,557] {processor.py:171} INFO - Processing /home/saba/airflow_venv/airflow_venv/lib/python3.6/site-packages/airflow/example_dags/example_branch_python_dop_operator_3.py took 0.069 seconds
[2022-06-14 19:58:39,910] {processor.py:163} INFO - Started process (PID=756) to work on /home/saba/airflow_venv/airflow_venv/lib/python3.6/site-packages/airflow/example_dags/example_branch_python_dop_operator_3.py
[2022-06-14 19:58:39,911] {processor.py:642} INFO - Processing file /home/saba/airflow_venv/airflow_venv/lib/python3.6/site-packages/airflow/example_dags/example_branch_python_dop_operator_3.py for tasks to queue
[2022-06-14 19:58:39,912] {logging_mixin.py:109} INFO - [2022-06-14 19:58:39,912] {dagbag.py:500} INFO - Filling up the DagBag from /home/saba/airflow_venv/airflow_venv/lib/python3.6/site-packages/airflow/example_dags/example_branch_python_dop_operator_3.py
[2022-06-14 19:58:39,931] {processor.py:652} INFO - DAG(s) dict_keys(['example_branch_dop_operator_v3']) retrieved from /home/saba/airflow_venv/airflow_venv/lib/python3.6/site-packages/airflow/example_dags/example_branch_python_dop_operator_3.py
[2022-06-14 19:58:39,946] {logging_mixin.py:109} INFO - [2022-06-14 19:58:39,946] {dag.py:2398} INFO - Sync 1 DAGs
[2022-06-14 19:58:39,969] {logging_mixin.py:109} INFO - [2022-06-14 19:58:39,969] {dag.py:2937} INFO - Setting next_dagrun for example_branch_dop_operator_v3 to 2022-06-14T17:57:00+00:00
[2022-06-14 19:58:39,987] {processor.py:171} INFO - Processing /home/saba/airflow_venv/airflow_venv/lib/python3.6/site-packages/airflow/example_dags/example_branch_python_dop_operator_3.py took 0.081 seconds
[2022-06-14 19:59:40,668] {processor.py:163} INFO - Started process (PID=815) to work on /home/saba/airflow_venv/airflow_venv/lib/python3.6/site-packages/airflow/example_dags/example_branch_python_dop_operator_3.py
[2022-06-14 19:59:40,669] {processor.py:642} INFO - Processing file /home/saba/airflow_venv/airflow_venv/lib/python3.6/site-packages/airflow/example_dags/example_branch_python_dop_operator_3.py for tasks to queue
[2022-06-14 19:59:40,670] {logging_mixin.py:109} INFO - [2022-06-14 19:59:40,670] {dagbag.py:500} INFO - Filling up the DagBag from /home/saba/airflow_venv/airflow_venv/lib/python3.6/site-packages/airflow/example_dags/example_branch_python_dop_operator_3.py
[2022-06-14 19:59:40,682] {processor.py:652} INFO - DAG(s) dict_keys(['example_branch_dop_operator_v3']) retrieved from /home/saba/airflow_venv/airflow_venv/lib/python3.6/site-packages/airflow/example_dags/example_branch_python_dop_operator_3.py
[2022-06-14 19:59:40,692] {logging_mixin.py:109} INFO - [2022-06-14 19:59:40,692] {dag.py:2398} INFO - Sync 1 DAGs
[2022-06-14 19:59:40,706] {logging_mixin.py:109} INFO - [2022-06-14 19:59:40,706] {dag.py:2937} INFO - Setting next_dagrun for example_branch_dop_operator_v3 to 2022-06-14T17:58:00+00:00
[2022-06-14 19:59:40,722] {processor.py:171} INFO - Processing /home/saba/airflow_venv/airflow_venv/lib/python3.6/site-packages/airflow/example_dags/example_branch_python_dop_operator_3.py took 0.056 seconds
[2022-06-14 20:00:44,238] {processor.py:163} INFO - Started process (PID=875) to work on /home/saba/airflow_venv/airflow_venv/lib/python3.6/site-packages/airflow/example_dags/example_branch_python_dop_operator_3.py
[2022-06-14 20:00:44,240] {processor.py:642} INFO - Processing file /home/saba/airflow_venv/airflow_venv/lib/python3.6/site-packages/airflow/example_dags/example_branch_python_dop_operator_3.py for tasks to queue
[2022-06-14 20:00:44,240] {logging_mixin.py:109} INFO - [2022-06-14 20:00:44,240] {dagbag.py:500} INFO - Filling up the DagBag from /home/saba/airflow_venv/airflow_venv/lib/python3.6/site-packages/airflow/example_dags/example_branch_python_dop_operator_3.py
[2022-06-14 20:00:44,252] {processor.py:652} INFO - DAG(s) dict_keys(['example_branch_dop_operator_v3']) retrieved from /home/saba/airflow_venv/airflow_venv/lib/python3.6/site-packages/airflow/example_dags/example_branch_python_dop_operator_3.py
[2022-06-14 20:00:44,261] {logging_mixin.py:109} INFO - [2022-06-14 20:00:44,261] {dag.py:2398} INFO - Sync 1 DAGs
[2022-06-14 20:00:44,275] {logging_mixin.py:109} INFO - [2022-06-14 20:00:44,275] {dag.py:2937} INFO - Setting next_dagrun for example_branch_dop_operator_v3 to 2022-06-14T17:59:00+00:00
[2022-06-14 20:00:44,288] {processor.py:171} INFO - Processing /home/saba/airflow_venv/airflow_venv/lib/python3.6/site-packages/airflow/example_dags/example_branch_python_dop_operator_3.py took 0.052 seconds
[2022-06-14 20:01:50,705] {processor.py:163} INFO - Started process (PID=935) to work on /home/saba/airflow_venv/airflow_venv/lib/python3.6/site-packages/airflow/example_dags/example_branch_python_dop_operator_3.py
[2022-06-14 20:01:50,706] {processor.py:642} INFO - Processing file /home/saba/airflow_venv/airflow_venv/lib/python3.6/site-packages/airflow/example_dags/example_branch_python_dop_operator_3.py for tasks to queue
[2022-06-14 20:01:50,706] {logging_mixin.py:109} INFO - [2022-06-14 20:01:50,706] {dagbag.py:500} INFO - Filling up the DagBag from /home/saba/airflow_venv/airflow_venv/lib/python3.6/site-packages/airflow/example_dags/example_branch_python_dop_operator_3.py
[2022-06-14 20:01:50,718] {processor.py:652} INFO - DAG(s) dict_keys(['example_branch_dop_operator_v3']) retrieved from /home/saba/airflow_venv/airflow_venv/lib/python3.6/site-packages/airflow/example_dags/example_branch_python_dop_operator_3.py
[2022-06-14 20:01:50,728] {logging_mixin.py:109} INFO - [2022-06-14 20:01:50,728] {dag.py:2398} INFO - Sync 1 DAGs
[2022-06-14 20:01:50,786] {logging_mixin.py:109} INFO - [2022-06-14 20:01:50,786] {dag.py:2937} INFO - Setting next_dagrun for example_branch_dop_operator_v3 to 2022-06-14T18:00:00+00:00
[2022-06-14 20:01:50,802] {processor.py:171} INFO - Processing /home/saba/airflow_venv/airflow_venv/lib/python3.6/site-packages/airflow/example_dags/example_branch_python_dop_operator_3.py took 0.099 seconds
[2022-06-14 20:02:57,355] {processor.py:163} INFO - Started process (PID=995) to work on /home/saba/airflow_venv/airflow_venv/lib/python3.6/site-packages/airflow/example_dags/example_branch_python_dop_operator_3.py
[2022-06-14 20:02:57,365] {processor.py:642} INFO - Processing file /home/saba/airflow_venv/airflow_venv/lib/python3.6/site-packages/airflow/example_dags/example_branch_python_dop_operator_3.py for tasks to queue
[2022-06-14 20:02:57,366] {logging_mixin.py:109} INFO - [2022-06-14 20:02:57,366] {dagbag.py:500} INFO - Filling up the DagBag from /home/saba/airflow_venv/airflow_venv/lib/python3.6/site-packages/airflow/example_dags/example_branch_python_dop_operator_3.py
[2022-06-14 20:02:57,378] {processor.py:652} INFO - DAG(s) dict_keys(['example_branch_dop_operator_v3']) retrieved from /home/saba/airflow_venv/airflow_venv/lib/python3.6/site-packages/airflow/example_dags/example_branch_python_dop_operator_3.py
[2022-06-14 20:02:57,388] {logging_mixin.py:109} INFO - [2022-06-14 20:02:57,388] {dag.py:2398} INFO - Sync 1 DAGs
[2022-06-14 20:02:57,444] {logging_mixin.py:109} INFO - [2022-06-14 20:02:57,444] {dag.py:2937} INFO - Setting next_dagrun for example_branch_dop_operator_v3 to 2022-06-14T18:01:00+00:00
[2022-06-14 20:02:57,459] {processor.py:171} INFO - Processing /home/saba/airflow_venv/airflow_venv/lib/python3.6/site-packages/airflow/example_dags/example_branch_python_dop_operator_3.py took 0.107 seconds
[2022-06-14 20:04:02,859] {processor.py:163} INFO - Started process (PID=1055) to work on /home/saba/airflow_venv/airflow_venv/lib/python3.6/site-packages/airflow/example_dags/example_branch_python_dop_operator_3.py
[2022-06-14 20:04:02,861] {processor.py:642} INFO - Processing file /home/saba/airflow_venv/airflow_venv/lib/python3.6/site-packages/airflow/example_dags/example_branch_python_dop_operator_3.py for tasks to queue
[2022-06-14 20:04:02,862] {logging_mixin.py:109} INFO - [2022-06-14 20:04:02,862] {dagbag.py:500} INFO - Filling up the DagBag from /home/saba/airflow_venv/airflow_venv/lib/python3.6/site-packages/airflow/example_dags/example_branch_python_dop_operator_3.py
[2022-06-14 20:04:02,885] {processor.py:652} INFO - DAG(s) dict_keys(['example_branch_dop_operator_v3']) retrieved from /home/saba/airflow_venv/airflow_venv/lib/python3.6/site-packages/airflow/example_dags/example_branch_python_dop_operator_3.py
[2022-06-14 20:04:02,982] {logging_mixin.py:109} INFO - [2022-06-14 20:04:02,982] {dag.py:2398} INFO - Sync 1 DAGs
[2022-06-14 20:04:02,995] {logging_mixin.py:109} INFO - [2022-06-14 20:04:02,995] {dag.py:2937} INFO - Setting next_dagrun for example_branch_dop_operator_v3 to 2022-06-14T18:03:00+00:00
[2022-06-14 20:04:03,010] {processor.py:171} INFO - Processing /home/saba/airflow_venv/airflow_venv/lib/python3.6/site-packages/airflow/example_dags/example_branch_python_dop_operator_3.py took 0.155 seconds
[2022-06-14 20:05:08,828] {processor.py:163} INFO - Started process (PID=1115) to work on /home/saba/airflow_venv/airflow_venv/lib/python3.6/site-packages/airflow/example_dags/example_branch_python_dop_operator_3.py
[2022-06-14 20:05:08,840] {processor.py:642} INFO - Processing file /home/saba/airflow_venv/airflow_venv/lib/python3.6/site-packages/airflow/example_dags/example_branch_python_dop_operator_3.py for tasks to queue
[2022-06-14 20:05:08,840] {logging_mixin.py:109} INFO - [2022-06-14 20:05:08,840] {dagbag.py:500} INFO - Filling up the DagBag from /home/saba/airflow_venv/airflow_venv/lib/python3.6/site-packages/airflow/example_dags/example_branch_python_dop_operator_3.py
[2022-06-14 20:05:08,899] {processor.py:652} INFO - DAG(s) dict_keys(['example_branch_dop_operator_v3']) retrieved from /home/saba/airflow_venv/airflow_venv/lib/python3.6/site-packages/airflow/example_dags/example_branch_python_dop_operator_3.py
[2022-06-14 20:05:08,906] {logging_mixin.py:109} INFO - [2022-06-14 20:05:08,905] {dag.py:2398} INFO - Sync 1 DAGs
[2022-06-14 20:05:08,917] {logging_mixin.py:109} INFO - [2022-06-14 20:05:08,917] {dag.py:2937} INFO - Setting next_dagrun for example_branch_dop_operator_v3 to 2022-06-14T18:04:00+00:00
[2022-06-14 20:05:08,932] {processor.py:171} INFO - Processing /home/saba/airflow_venv/airflow_venv/lib/python3.6/site-packages/airflow/example_dags/example_branch_python_dop_operator_3.py took 0.105 seconds
[2022-06-14 20:06:12,434] {processor.py:163} INFO - Started process (PID=1174) to work on /home/saba/airflow_venv/airflow_venv/lib/python3.6/site-packages/airflow/example_dags/example_branch_python_dop_operator_3.py
[2022-06-14 20:06:12,444] {processor.py:642} INFO - Processing file /home/saba/airflow_venv/airflow_venv/lib/python3.6/site-packages/airflow/example_dags/example_branch_python_dop_operator_3.py for tasks to queue
[2022-06-14 20:06:12,444] {logging_mixin.py:109} INFO - [2022-06-14 20:06:12,444] {dagbag.py:500} INFO - Filling up the DagBag from /home/saba/airflow_venv/airflow_venv/lib/python3.6/site-packages/airflow/example_dags/example_branch_python_dop_operator_3.py
[2022-06-14 20:06:12,502] {processor.py:652} INFO - DAG(s) dict_keys(['example_branch_dop_operator_v3']) retrieved from /home/saba/airflow_venv/airflow_venv/lib/python3.6/site-packages/airflow/example_dags/example_branch_python_dop_operator_3.py
[2022-06-14 20:06:12,508] {logging_mixin.py:109} INFO - [2022-06-14 20:06:12,508] {dag.py:2398} INFO - Sync 1 DAGs
[2022-06-14 20:06:12,520] {logging_mixin.py:109} INFO - [2022-06-14 20:06:12,520] {dag.py:2937} INFO - Setting next_dagrun for example_branch_dop_operator_v3 to 2022-06-14T18:05:00+00:00
[2022-06-14 20:06:12,535] {processor.py:171} INFO - Processing /home/saba/airflow_venv/airflow_venv/lib/python3.6/site-packages/airflow/example_dags/example_branch_python_dop_operator_3.py took 0.103 seconds
[2022-06-14 20:07:17,538] {processor.py:163} INFO - Started process (PID=1234) to work on /home/saba/airflow_venv/airflow_venv/lib/python3.6/site-packages/airflow/example_dags/example_branch_python_dop_operator_3.py
[2022-06-14 20:07:17,549] {processor.py:642} INFO - Processing file /home/saba/airflow_venv/airflow_venv/lib/python3.6/site-packages/airflow/example_dags/example_branch_python_dop_operator_3.py for tasks to queue
[2022-06-14 20:07:17,550] {logging_mixin.py:109} INFO - [2022-06-14 20:07:17,549] {dagbag.py:500} INFO - Filling up the DagBag from /home/saba/airflow_venv/airflow_venv/lib/python3.6/site-packages/airflow/example_dags/example_branch_python_dop_operator_3.py
[2022-06-14 20:07:17,561] {processor.py:652} INFO - DAG(s) dict_keys(['example_branch_dop_operator_v3']) retrieved from /home/saba/airflow_venv/airflow_venv/lib/python3.6/site-packages/airflow/example_dags/example_branch_python_dop_operator_3.py
[2022-06-14 20:07:17,570] {logging_mixin.py:109} INFO - [2022-06-14 20:07:17,570] {dag.py:2398} INFO - Sync 1 DAGs
[2022-06-14 20:07:17,584] {logging_mixin.py:109} INFO - [2022-06-14 20:07:17,584] {dag.py:2937} INFO - Setting next_dagrun for example_branch_dop_operator_v3 to 2022-06-14T18:06:00+00:00
[2022-06-14 20:07:17,604] {processor.py:171} INFO - Processing /home/saba/airflow_venv/airflow_venv/lib/python3.6/site-packages/airflow/example_dags/example_branch_python_dop_operator_3.py took 0.068 seconds
[2022-06-14 20:08:17,729] {processor.py:163} INFO - Started process (PID=1293) to work on /home/saba/airflow_venv/airflow_venv/lib/python3.6/site-packages/airflow/example_dags/example_branch_python_dop_operator_3.py
[2022-06-14 20:08:17,732] {processor.py:642} INFO - Processing file /home/saba/airflow_venv/airflow_venv/lib/python3.6/site-packages/airflow/example_dags/example_branch_python_dop_operator_3.py for tasks to queue
[2022-06-14 20:08:17,733] {logging_mixin.py:109} INFO - [2022-06-14 20:08:17,733] {dagbag.py:500} INFO - Filling up the DagBag from /home/saba/airflow_venv/airflow_venv/lib/python3.6/site-packages/airflow/example_dags/example_branch_python_dop_operator_3.py
[2022-06-14 20:08:17,761] {processor.py:652} INFO - DAG(s) dict_keys(['example_branch_dop_operator_v3']) retrieved from /home/saba/airflow_venv/airflow_venv/lib/python3.6/site-packages/airflow/example_dags/example_branch_python_dop_operator_3.py
[2022-06-14 20:08:17,779] {logging_mixin.py:109} INFO - [2022-06-14 20:08:17,778] {dag.py:2398} INFO - Sync 1 DAGs
[2022-06-14 20:08:17,807] {logging_mixin.py:109} INFO - [2022-06-14 20:08:17,806] {dag.py:2937} INFO - Setting next_dagrun for example_branch_dop_operator_v3 to 2022-06-14T18:07:00+00:00
[2022-06-14 20:08:17,827] {processor.py:171} INFO - Processing /home/saba/airflow_venv/airflow_venv/lib/python3.6/site-packages/airflow/example_dags/example_branch_python_dop_operator_3.py took 0.102 seconds
[2022-06-14 20:09:16,346] {processor.py:163} INFO - Started process (PID=1351) to work on /home/saba/airflow_venv/airflow_venv/lib/python3.6/site-packages/airflow/example_dags/example_branch_python_dop_operator_3.py
[2022-06-14 20:09:16,357] {processor.py:642} INFO - Processing file /home/saba/airflow_venv/airflow_venv/lib/python3.6/site-packages/airflow/example_dags/example_branch_python_dop_operator_3.py for tasks to queue
[2022-06-14 20:09:16,358] {logging_mixin.py:109} INFO - [2022-06-14 20:09:16,357] {dagbag.py:500} INFO - Filling up the DagBag from /home/saba/airflow_venv/airflow_venv/lib/python3.6/site-packages/airflow/example_dags/example_branch_python_dop_operator_3.py
[2022-06-14 20:09:16,370] {processor.py:652} INFO - DAG(s) dict_keys(['example_branch_dop_operator_v3']) retrieved from /home/saba/airflow_venv/airflow_venv/lib/python3.6/site-packages/airflow/example_dags/example_branch_python_dop_operator_3.py
[2022-06-14 20:09:16,380] {logging_mixin.py:109} INFO - [2022-06-14 20:09:16,380] {dag.py:2398} INFO - Sync 1 DAGs
[2022-06-14 20:09:16,394] {logging_mixin.py:109} INFO - [2022-06-14 20:09:16,394] {dag.py:2937} INFO - Setting next_dagrun for example_branch_dop_operator_v3 to 2022-06-14T18:08:00+00:00
[2022-06-14 20:09:16,409] {processor.py:171} INFO - Processing /home/saba/airflow_venv/airflow_venv/lib/python3.6/site-packages/airflow/example_dags/example_branch_python_dop_operator_3.py took 0.066 seconds
[2022-06-14 20:10:16,677] {processor.py:163} INFO - Started process (PID=1410) to work on /home/saba/airflow_venv/airflow_venv/lib/python3.6/site-packages/airflow/example_dags/example_branch_python_dop_operator_3.py
[2022-06-14 20:10:16,687] {processor.py:642} INFO - Processing file /home/saba/airflow_venv/airflow_venv/lib/python3.6/site-packages/airflow/example_dags/example_branch_python_dop_operator_3.py for tasks to queue
[2022-06-14 20:10:16,687] {logging_mixin.py:109} INFO - [2022-06-14 20:10:16,687] {dagbag.py:500} INFO - Filling up the DagBag from /home/saba/airflow_venv/airflow_venv/lib/python3.6/site-packages/airflow/example_dags/example_branch_python_dop_operator_3.py
[2022-06-14 20:10:16,700] {processor.py:652} INFO - DAG(s) dict_keys(['example_branch_dop_operator_v3']) retrieved from /home/saba/airflow_venv/airflow_venv/lib/python3.6/site-packages/airflow/example_dags/example_branch_python_dop_operator_3.py
[2022-06-14 20:10:16,710] {logging_mixin.py:109} INFO - [2022-06-14 20:10:16,710] {dag.py:2398} INFO - Sync 1 DAGs
[2022-06-14 20:10:16,724] {logging_mixin.py:109} INFO - [2022-06-14 20:10:16,724] {dag.py:2937} INFO - Setting next_dagrun for example_branch_dop_operator_v3 to 2022-06-14T18:09:00+00:00
[2022-06-14 20:10:16,740] {processor.py:171} INFO - Processing /home/saba/airflow_venv/airflow_venv/lib/python3.6/site-packages/airflow/example_dags/example_branch_python_dop_operator_3.py took 0.066 seconds
[2022-06-14 20:11:15,277] {processor.py:163} INFO - Started process (PID=1469) to work on /home/saba/airflow_venv/airflow_venv/lib/python3.6/site-packages/airflow/example_dags/example_branch_python_dop_operator_3.py
[2022-06-14 20:11:15,279] {processor.py:642} INFO - Processing file /home/saba/airflow_venv/airflow_venv/lib/python3.6/site-packages/airflow/example_dags/example_branch_python_dop_operator_3.py for tasks to queue
[2022-06-14 20:11:15,280] {logging_mixin.py:109} INFO - [2022-06-14 20:11:15,279] {dagbag.py:500} INFO - Filling up the DagBag from /home/saba/airflow_venv/airflow_venv/lib/python3.6/site-packages/airflow/example_dags/example_branch_python_dop_operator_3.py
[2022-06-14 20:11:15,291] {processor.py:652} INFO - DAG(s) dict_keys(['example_branch_dop_operator_v3']) retrieved from /home/saba/airflow_venv/airflow_venv/lib/python3.6/site-packages/airflow/example_dags/example_branch_python_dop_operator_3.py
[2022-06-14 20:11:15,300] {logging_mixin.py:109} INFO - [2022-06-14 20:11:15,300] {dag.py:2398} INFO - Sync 1 DAGs
[2022-06-14 20:11:15,313] {logging_mixin.py:109} INFO - [2022-06-14 20:11:15,313] {dag.py:2937} INFO - Setting next_dagrun for example_branch_dop_operator_v3 to 2022-06-14T18:10:00+00:00
[2022-06-14 20:11:15,328] {processor.py:171} INFO - Processing /home/saba/airflow_venv/airflow_venv/lib/python3.6/site-packages/airflow/example_dags/example_branch_python_dop_operator_3.py took 0.053 seconds
[2022-06-14 20:12:16,129] {processor.py:163} INFO - Started process (PID=1529) to work on /home/saba/airflow_venv/airflow_venv/lib/python3.6/site-packages/airflow/example_dags/example_branch_python_dop_operator_3.py
[2022-06-14 20:12:16,140] {processor.py:642} INFO - Processing file /home/saba/airflow_venv/airflow_venv/lib/python3.6/site-packages/airflow/example_dags/example_branch_python_dop_operator_3.py for tasks to queue
[2022-06-14 20:12:16,141] {logging_mixin.py:109} INFO - [2022-06-14 20:12:16,141] {dagbag.py:500} INFO - Filling up the DagBag from /home/saba/airflow_venv/airflow_venv/lib/python3.6/site-packages/airflow/example_dags/example_branch_python_dop_operator_3.py
[2022-06-14 20:12:16,152] {processor.py:652} INFO - DAG(s) dict_keys(['example_branch_dop_operator_v3']) retrieved from /home/saba/airflow_venv/airflow_venv/lib/python3.6/site-packages/airflow/example_dags/example_branch_python_dop_operator_3.py
[2022-06-14 20:12:16,162] {logging_mixin.py:109} INFO - [2022-06-14 20:12:16,162] {dag.py:2398} INFO - Sync 1 DAGs
[2022-06-14 20:12:16,175] {logging_mixin.py:109} INFO - [2022-06-14 20:12:16,175] {dag.py:2937} INFO - Setting next_dagrun for example_branch_dop_operator_v3 to 2022-06-14T18:11:00+00:00
[2022-06-14 20:12:16,189] {processor.py:171} INFO - Processing /home/saba/airflow_venv/airflow_venv/lib/python3.6/site-packages/airflow/example_dags/example_branch_python_dop_operator_3.py took 0.062 seconds
[2022-06-14 20:13:17,788] {processor.py:163} INFO - Started process (PID=1588) to work on /home/saba/airflow_venv/airflow_venv/lib/python3.6/site-packages/airflow/example_dags/example_branch_python_dop_operator_3.py
[2022-06-14 20:13:17,799] {processor.py:642} INFO - Processing file /home/saba/airflow_venv/airflow_venv/lib/python3.6/site-packages/airflow/example_dags/example_branch_python_dop_operator_3.py for tasks to queue
[2022-06-14 20:13:17,801] {logging_mixin.py:109} INFO - [2022-06-14 20:13:17,800] {dagbag.py:500} INFO - Filling up the DagBag from /home/saba/airflow_venv/airflow_venv/lib/python3.6/site-packages/airflow/example_dags/example_branch_python_dop_operator_3.py
[2022-06-14 20:13:17,825] {processor.py:652} INFO - DAG(s) dict_keys(['example_branch_dop_operator_v3']) retrieved from /home/saba/airflow_venv/airflow_venv/lib/python3.6/site-packages/airflow/example_dags/example_branch_python_dop_operator_3.py
[2022-06-14 20:13:17,845] {logging_mixin.py:109} INFO - [2022-06-14 20:13:17,845] {dag.py:2398} INFO - Sync 1 DAGs
[2022-06-14 20:13:17,866] {logging_mixin.py:109} INFO - [2022-06-14 20:13:17,865] {dag.py:2937} INFO - Setting next_dagrun for example_branch_dop_operator_v3 to 2022-06-14T18:12:00+00:00
[2022-06-14 20:13:17,888] {processor.py:171} INFO - Processing /home/saba/airflow_venv/airflow_venv/lib/python3.6/site-packages/airflow/example_dags/example_branch_python_dop_operator_3.py took 0.103 seconds
[2022-06-14 20:14:17,301] {processor.py:163} INFO - Started process (PID=1647) to work on /home/saba/airflow_venv/airflow_venv/lib/python3.6/site-packages/airflow/example_dags/example_branch_python_dop_operator_3.py
[2022-06-14 20:14:17,312] {processor.py:642} INFO - Processing file /home/saba/airflow_venv/airflow_venv/lib/python3.6/site-packages/airflow/example_dags/example_branch_python_dop_operator_3.py for tasks to queue
[2022-06-14 20:14:17,312] {logging_mixin.py:109} INFO - [2022-06-14 20:14:17,312] {dagbag.py:500} INFO - Filling up the DagBag from /home/saba/airflow_venv/airflow_venv/lib/python3.6/site-packages/airflow/example_dags/example_branch_python_dop_operator_3.py
[2022-06-14 20:14:17,327] {processor.py:652} INFO - DAG(s) dict_keys(['example_branch_dop_operator_v3']) retrieved from /home/saba/airflow_venv/airflow_venv/lib/python3.6/site-packages/airflow/example_dags/example_branch_python_dop_operator_3.py
[2022-06-14 20:14:17,336] {logging_mixin.py:109} INFO - [2022-06-14 20:14:17,336] {dag.py:2398} INFO - Sync 1 DAGs
[2022-06-14 20:14:17,351] {logging_mixin.py:109} INFO - [2022-06-14 20:14:17,351] {dag.py:2937} INFO - Setting next_dagrun for example_branch_dop_operator_v3 to 2022-06-14T18:13:00+00:00
[2022-06-14 20:14:17,367] {processor.py:171} INFO - Processing /home/saba/airflow_venv/airflow_venv/lib/python3.6/site-packages/airflow/example_dags/example_branch_python_dop_operator_3.py took 0.068 seconds
[2022-06-14 20:15:18,707] {processor.py:163} INFO - Started process (PID=1709) to work on /home/saba/airflow_venv/airflow_venv/lib/python3.6/site-packages/airflow/example_dags/example_branch_python_dop_operator_3.py
[2022-06-14 20:15:18,712] {processor.py:642} INFO - Processing file /home/saba/airflow_venv/airflow_venv/lib/python3.6/site-packages/airflow/example_dags/example_branch_python_dop_operator_3.py for tasks to queue
[2022-06-14 20:15:18,713] {logging_mixin.py:109} INFO - [2022-06-14 20:15:18,713] {dagbag.py:500} INFO - Filling up the DagBag from /home/saba/airflow_venv/airflow_venv/lib/python3.6/site-packages/airflow/example_dags/example_branch_python_dop_operator_3.py
[2022-06-14 20:15:18,745] {processor.py:652} INFO - DAG(s) dict_keys(['example_branch_dop_operator_v3']) retrieved from /home/saba/airflow_venv/airflow_venv/lib/python3.6/site-packages/airflow/example_dags/example_branch_python_dop_operator_3.py
[2022-06-14 20:15:18,765] {logging_mixin.py:109} INFO - [2022-06-14 20:15:18,765] {dag.py:2398} INFO - Sync 1 DAGs
[2022-06-14 20:15:18,798] {logging_mixin.py:109} INFO - [2022-06-14 20:15:18,798] {dag.py:2937} INFO - Setting next_dagrun for example_branch_dop_operator_v3 to 2022-06-14T18:14:00+00:00
[2022-06-14 20:15:18,815] {processor.py:171} INFO - Processing /home/saba/airflow_venv/airflow_venv/lib/python3.6/site-packages/airflow/example_dags/example_branch_python_dop_operator_3.py took 0.116 seconds
[2022-06-14 20:16:29,062] {processor.py:163} INFO - Started process (PID=1769) to work on /home/saba/airflow_venv/airflow_venv/lib/python3.6/site-packages/airflow/example_dags/example_branch_python_dop_operator_3.py
[2022-06-14 20:16:29,074] {processor.py:642} INFO - Processing file /home/saba/airflow_venv/airflow_venv/lib/python3.6/site-packages/airflow/example_dags/example_branch_python_dop_operator_3.py for tasks to queue
[2022-06-14 20:16:29,075] {logging_mixin.py:109} INFO - [2022-06-14 20:16:29,075] {dagbag.py:500} INFO - Filling up the DagBag from /home/saba/airflow_venv/airflow_venv/lib/python3.6/site-packages/airflow/example_dags/example_branch_python_dop_operator_3.py
[2022-06-14 20:16:29,096] {processor.py:652} INFO - DAG(s) dict_keys(['example_branch_dop_operator_v3']) retrieved from /home/saba/airflow_venv/airflow_venv/lib/python3.6/site-packages/airflow/example_dags/example_branch_python_dop_operator_3.py
[2022-06-14 20:16:29,128] {logging_mixin.py:109} INFO - [2022-06-14 20:16:29,128] {dag.py:2398} INFO - Sync 1 DAGs
[2022-06-14 20:16:29,165] {logging_mixin.py:109} INFO - [2022-06-14 20:16:29,164] {dag.py:2937} INFO - Setting next_dagrun for example_branch_dop_operator_v3 to 2022-06-14T18:15:00+00:00
[2022-06-14 20:16:29,196] {processor.py:171} INFO - Processing /home/saba/airflow_venv/airflow_venv/lib/python3.6/site-packages/airflow/example_dags/example_branch_python_dop_operator_3.py took 0.137 seconds
[2022-06-14 20:17:46,632] {processor.py:163} INFO - Started process (PID=1830) to work on /home/saba/airflow_venv/airflow_venv/lib/python3.6/site-packages/airflow/example_dags/example_branch_python_dop_operator_3.py
[2022-06-14 20:17:46,643] {processor.py:642} INFO - Processing file /home/saba/airflow_venv/airflow_venv/lib/python3.6/site-packages/airflow/example_dags/example_branch_python_dop_operator_3.py for tasks to queue
[2022-06-14 20:17:46,644] {logging_mixin.py:109} INFO - [2022-06-14 20:17:46,644] {dagbag.py:500} INFO - Filling up the DagBag from /home/saba/airflow_venv/airflow_venv/lib/python3.6/site-packages/airflow/example_dags/example_branch_python_dop_operator_3.py
[2022-06-14 20:17:46,673] {processor.py:652} INFO - DAG(s) dict_keys(['example_branch_dop_operator_v3']) retrieved from /home/saba/airflow_venv/airflow_venv/lib/python3.6/site-packages/airflow/example_dags/example_branch_python_dop_operator_3.py
[2022-06-14 20:17:46,696] {logging_mixin.py:109} INFO - [2022-06-14 20:17:46,696] {dag.py:2398} INFO - Sync 1 DAGs
[2022-06-14 20:17:46,728] {logging_mixin.py:109} INFO - [2022-06-14 20:17:46,728] {dag.py:2937} INFO - Setting next_dagrun for example_branch_dop_operator_v3 to 2022-06-14T18:16:00+00:00
[2022-06-14 20:17:46,753] {processor.py:171} INFO - Processing /home/saba/airflow_venv/airflow_venv/lib/python3.6/site-packages/airflow/example_dags/example_branch_python_dop_operator_3.py took 0.124 seconds
[2022-06-14 20:19:00,334] {processor.py:163} INFO - Started process (PID=1891) to work on /home/saba/airflow_venv/airflow_venv/lib/python3.6/site-packages/airflow/example_dags/example_branch_python_dop_operator_3.py
[2022-06-14 20:19:00,337] {processor.py:642} INFO - Processing file /home/saba/airflow_venv/airflow_venv/lib/python3.6/site-packages/airflow/example_dags/example_branch_python_dop_operator_3.py for tasks to queue
[2022-06-14 20:19:00,338] {logging_mixin.py:109} INFO - [2022-06-14 20:19:00,338] {dagbag.py:500} INFO - Filling up the DagBag from /home/saba/airflow_venv/airflow_venv/lib/python3.6/site-packages/airflow/example_dags/example_branch_python_dop_operator_3.py
[2022-06-14 20:19:00,370] {processor.py:652} INFO - DAG(s) dict_keys(['example_branch_dop_operator_v3']) retrieved from /home/saba/airflow_venv/airflow_venv/lib/python3.6/site-packages/airflow/example_dags/example_branch_python_dop_operator_3.py
[2022-06-14 20:19:00,396] {logging_mixin.py:109} INFO - [2022-06-14 20:19:00,396] {dag.py:2398} INFO - Sync 1 DAGs
[2022-06-14 20:19:00,433] {logging_mixin.py:109} INFO - [2022-06-14 20:19:00,433] {dag.py:2937} INFO - Setting next_dagrun for example_branch_dop_operator_v3 to 2022-06-14T18:18:00+00:00
[2022-06-14 20:19:00,459] {processor.py:171} INFO - Processing /home/saba/airflow_venv/airflow_venv/lib/python3.6/site-packages/airflow/example_dags/example_branch_python_dop_operator_3.py took 0.129 seconds
[2022-06-14 20:20:17,894] {processor.py:163} INFO - Started process (PID=1952) to work on /home/saba/airflow_venv/airflow_venv/lib/python3.6/site-packages/airflow/example_dags/example_branch_python_dop_operator_3.py
[2022-06-14 20:20:17,906] {processor.py:642} INFO - Processing file /home/saba/airflow_venv/airflow_venv/lib/python3.6/site-packages/airflow/example_dags/example_branch_python_dop_operator_3.py for tasks to queue
[2022-06-14 20:20:17,907] {logging_mixin.py:109} INFO - [2022-06-14 20:20:17,907] {dagbag.py:500} INFO - Filling up the DagBag from /home/saba/airflow_venv/airflow_venv/lib/python3.6/site-packages/airflow/example_dags/example_branch_python_dop_operator_3.py
[2022-06-14 20:20:17,952] {processor.py:652} INFO - DAG(s) dict_keys(['example_branch_dop_operator_v3']) retrieved from /home/saba/airflow_venv/airflow_venv/lib/python3.6/site-packages/airflow/example_dags/example_branch_python_dop_operator_3.py
[2022-06-14 20:20:17,975] {logging_mixin.py:109} INFO - [2022-06-14 20:20:17,974] {dag.py:2398} INFO - Sync 1 DAGs
[2022-06-14 20:20:18,025] {logging_mixin.py:109} INFO - [2022-06-14 20:20:18,025] {dag.py:2937} INFO - Setting next_dagrun for example_branch_dop_operator_v3 to 2022-06-14T18:19:00+00:00
[2022-06-14 20:20:18,061] {processor.py:171} INFO - Processing /home/saba/airflow_venv/airflow_venv/lib/python3.6/site-packages/airflow/example_dags/example_branch_python_dop_operator_3.py took 0.175 seconds
[2022-06-14 20:21:33,861] {processor.py:163} INFO - Started process (PID=2013) to work on /home/saba/airflow_venv/airflow_venv/lib/python3.6/site-packages/airflow/example_dags/example_branch_python_dop_operator_3.py
[2022-06-14 20:21:33,864] {processor.py:642} INFO - Processing file /home/saba/airflow_venv/airflow_venv/lib/python3.6/site-packages/airflow/example_dags/example_branch_python_dop_operator_3.py for tasks to queue
[2022-06-14 20:21:33,866] {logging_mixin.py:109} INFO - [2022-06-14 20:21:33,866] {dagbag.py:500} INFO - Filling up the DagBag from /home/saba/airflow_venv/airflow_venv/lib/python3.6/site-packages/airflow/example_dags/example_branch_python_dop_operator_3.py
[2022-06-14 20:21:33,897] {processor.py:652} INFO - DAG(s) dict_keys(['example_branch_dop_operator_v3']) retrieved from /home/saba/airflow_venv/airflow_venv/lib/python3.6/site-packages/airflow/example_dags/example_branch_python_dop_operator_3.py
[2022-06-14 20:21:33,923] {logging_mixin.py:109} INFO - [2022-06-14 20:21:33,923] {dag.py:2398} INFO - Sync 1 DAGs
[2022-06-14 20:21:33,958] {logging_mixin.py:109} INFO - [2022-06-14 20:21:33,958] {dag.py:2937} INFO - Setting next_dagrun for example_branch_dop_operator_v3 to 2022-06-14T18:20:00+00:00
[2022-06-14 20:21:33,986] {processor.py:171} INFO - Processing /home/saba/airflow_venv/airflow_venv/lib/python3.6/site-packages/airflow/example_dags/example_branch_python_dop_operator_3.py took 0.133 seconds
[2022-06-14 20:22:50,134] {processor.py:163} INFO - Started process (PID=2074) to work on /home/saba/airflow_venv/airflow_venv/lib/python3.6/site-packages/airflow/example_dags/example_branch_python_dop_operator_3.py
[2022-06-14 20:22:50,146] {processor.py:642} INFO - Processing file /home/saba/airflow_venv/airflow_venv/lib/python3.6/site-packages/airflow/example_dags/example_branch_python_dop_operator_3.py for tasks to queue
[2022-06-14 20:22:50,147] {logging_mixin.py:109} INFO - [2022-06-14 20:22:50,147] {dagbag.py:500} INFO - Filling up the DagBag from /home/saba/airflow_venv/airflow_venv/lib/python3.6/site-packages/airflow/example_dags/example_branch_python_dop_operator_3.py
[2022-06-14 20:22:50,179] {processor.py:652} INFO - DAG(s) dict_keys(['example_branch_dop_operator_v3']) retrieved from /home/saba/airflow_venv/airflow_venv/lib/python3.6/site-packages/airflow/example_dags/example_branch_python_dop_operator_3.py
[2022-06-14 20:22:50,205] {logging_mixin.py:109} INFO - [2022-06-14 20:22:50,205] {dag.py:2398} INFO - Sync 1 DAGs
[2022-06-14 20:22:50,241] {logging_mixin.py:109} INFO - [2022-06-14 20:22:50,241] {dag.py:2937} INFO - Setting next_dagrun for example_branch_dop_operator_v3 to 2022-06-14T18:21:00+00:00
[2022-06-14 20:22:50,270] {processor.py:171} INFO - Processing /home/saba/airflow_venv/airflow_venv/lib/python3.6/site-packages/airflow/example_dags/example_branch_python_dop_operator_3.py took 0.141 seconds
[2022-06-14 20:24:05,356] {processor.py:163} INFO - Started process (PID=2135) to work on /home/saba/airflow_venv/airflow_venv/lib/python3.6/site-packages/airflow/example_dags/example_branch_python_dop_operator_3.py
[2022-06-14 20:24:05,369] {processor.py:642} INFO - Processing file /home/saba/airflow_venv/airflow_venv/lib/python3.6/site-packages/airflow/example_dags/example_branch_python_dop_operator_3.py for tasks to queue
[2022-06-14 20:24:05,370] {logging_mixin.py:109} INFO - [2022-06-14 20:24:05,370] {dagbag.py:500} INFO - Filling up the DagBag from /home/saba/airflow_venv/airflow_venv/lib/python3.6/site-packages/airflow/example_dags/example_branch_python_dop_operator_3.py
[2022-06-14 20:24:05,404] {processor.py:652} INFO - DAG(s) dict_keys(['example_branch_dop_operator_v3']) retrieved from /home/saba/airflow_venv/airflow_venv/lib/python3.6/site-packages/airflow/example_dags/example_branch_python_dop_operator_3.py
[2022-06-14 20:24:05,424] {logging_mixin.py:109} INFO - [2022-06-14 20:24:05,424] {dag.py:2398} INFO - Sync 1 DAGs
[2022-06-14 20:24:05,465] {logging_mixin.py:109} INFO - [2022-06-14 20:24:05,465] {dag.py:2937} INFO - Setting next_dagrun for example_branch_dop_operator_v3 to 2022-06-14T18:23:00+00:00
[2022-06-14 20:24:05,491] {processor.py:171} INFO - Processing /home/saba/airflow_venv/airflow_venv/lib/python3.6/site-packages/airflow/example_dags/example_branch_python_dop_operator_3.py took 0.141 seconds
[2022-06-14 20:25:20,016] {processor.py:163} INFO - Started process (PID=2196) to work on /home/saba/airflow_venv/airflow_venv/lib/python3.6/site-packages/airflow/example_dags/example_branch_python_dop_operator_3.py
[2022-06-14 20:25:20,020] {processor.py:642} INFO - Processing file /home/saba/airflow_venv/airflow_venv/lib/python3.6/site-packages/airflow/example_dags/example_branch_python_dop_operator_3.py for tasks to queue
[2022-06-14 20:25:20,021] {logging_mixin.py:109} INFO - [2022-06-14 20:25:20,021] {dagbag.py:500} INFO - Filling up the DagBag from /home/saba/airflow_venv/airflow_venv/lib/python3.6/site-packages/airflow/example_dags/example_branch_python_dop_operator_3.py
[2022-06-14 20:25:20,056] {processor.py:652} INFO - DAG(s) dict_keys(['example_branch_dop_operator_v3']) retrieved from /home/saba/airflow_venv/airflow_venv/lib/python3.6/site-packages/airflow/example_dags/example_branch_python_dop_operator_3.py
[2022-06-14 20:25:20,088] {logging_mixin.py:109} INFO - [2022-06-14 20:25:20,088] {dag.py:2398} INFO - Sync 1 DAGs
[2022-06-14 20:25:20,121] {logging_mixin.py:109} INFO - [2022-06-14 20:25:20,121] {dag.py:2937} INFO - Setting next_dagrun for example_branch_dop_operator_v3 to 2022-06-14T18:24:00+00:00
[2022-06-14 20:25:20,152] {processor.py:171} INFO - Processing /home/saba/airflow_venv/airflow_venv/lib/python3.6/site-packages/airflow/example_dags/example_branch_python_dop_operator_3.py took 0.140 seconds
[2022-06-14 20:26:35,169] {processor.py:163} INFO - Started process (PID=2257) to work on /home/saba/airflow_venv/airflow_venv/lib/python3.6/site-packages/airflow/example_dags/example_branch_python_dop_operator_3.py
[2022-06-14 20:26:35,172] {processor.py:642} INFO - Processing file /home/saba/airflow_venv/airflow_venv/lib/python3.6/site-packages/airflow/example_dags/example_branch_python_dop_operator_3.py for tasks to queue
[2022-06-14 20:26:35,174] {logging_mixin.py:109} INFO - [2022-06-14 20:26:35,173] {dagbag.py:500} INFO - Filling up the DagBag from /home/saba/airflow_venv/airflow_venv/lib/python3.6/site-packages/airflow/example_dags/example_branch_python_dop_operator_3.py
[2022-06-14 20:26:35,207] {processor.py:652} INFO - DAG(s) dict_keys(['example_branch_dop_operator_v3']) retrieved from /home/saba/airflow_venv/airflow_venv/lib/python3.6/site-packages/airflow/example_dags/example_branch_python_dop_operator_3.py
[2022-06-14 20:26:35,233] {logging_mixin.py:109} INFO - [2022-06-14 20:26:35,233] {dag.py:2398} INFO - Sync 1 DAGs
[2022-06-14 20:26:35,274] {logging_mixin.py:109} INFO - [2022-06-14 20:26:35,274] {dag.py:2937} INFO - Setting next_dagrun for example_branch_dop_operator_v3 to 2022-06-14T18:25:00+00:00
[2022-06-14 20:26:35,303] {processor.py:171} INFO - Processing /home/saba/airflow_venv/airflow_venv/lib/python3.6/site-packages/airflow/example_dags/example_branch_python_dop_operator_3.py took 0.138 seconds
[2022-06-14 20:27:51,712] {processor.py:163} INFO - Started process (PID=2318) to work on /home/saba/airflow_venv/airflow_venv/lib/python3.6/site-packages/airflow/example_dags/example_branch_python_dop_operator_3.py
[2022-06-14 20:27:51,723] {processor.py:642} INFO - Processing file /home/saba/airflow_venv/airflow_venv/lib/python3.6/site-packages/airflow/example_dags/example_branch_python_dop_operator_3.py for tasks to queue
[2022-06-14 20:27:51,724] {logging_mixin.py:109} INFO - [2022-06-14 20:27:51,724] {dagbag.py:500} INFO - Filling up the DagBag from /home/saba/airflow_venv/airflow_venv/lib/python3.6/site-packages/airflow/example_dags/example_branch_python_dop_operator_3.py
[2022-06-14 20:27:51,753] {processor.py:652} INFO - DAG(s) dict_keys(['example_branch_dop_operator_v3']) retrieved from /home/saba/airflow_venv/airflow_venv/lib/python3.6/site-packages/airflow/example_dags/example_branch_python_dop_operator_3.py
[2022-06-14 20:27:51,772] {logging_mixin.py:109} INFO - [2022-06-14 20:27:51,771] {dag.py:2398} INFO - Sync 1 DAGs
[2022-06-14 20:27:51,804] {logging_mixin.py:109} INFO - [2022-06-14 20:27:51,804] {dag.py:2937} INFO - Setting next_dagrun for example_branch_dop_operator_v3 to 2022-06-14T18:26:00+00:00
[2022-06-14 20:27:51,831] {processor.py:171} INFO - Processing /home/saba/airflow_venv/airflow_venv/lib/python3.6/site-packages/airflow/example_dags/example_branch_python_dop_operator_3.py took 0.123 seconds
[2022-06-14 20:29:08,224] {processor.py:163} INFO - Started process (PID=2379) to work on /home/saba/airflow_venv/airflow_venv/lib/python3.6/site-packages/airflow/example_dags/example_branch_python_dop_operator_3.py
[2022-06-14 20:29:08,236] {processor.py:642} INFO - Processing file /home/saba/airflow_venv/airflow_venv/lib/python3.6/site-packages/airflow/example_dags/example_branch_python_dop_operator_3.py for tasks to queue
[2022-06-14 20:29:08,238] {logging_mixin.py:109} INFO - [2022-06-14 20:29:08,237] {dagbag.py:500} INFO - Filling up the DagBag from /home/saba/airflow_venv/airflow_venv/lib/python3.6/site-packages/airflow/example_dags/example_branch_python_dop_operator_3.py
[2022-06-14 20:29:08,265] {processor.py:652} INFO - DAG(s) dict_keys(['example_branch_dop_operator_v3']) retrieved from /home/saba/airflow_venv/airflow_venv/lib/python3.6/site-packages/airflow/example_dags/example_branch_python_dop_operator_3.py
[2022-06-14 20:29:08,294] {logging_mixin.py:109} INFO - [2022-06-14 20:29:08,294] {dag.py:2398} INFO - Sync 1 DAGs
[2022-06-14 20:29:08,330] {logging_mixin.py:109} INFO - [2022-06-14 20:29:08,330] {dag.py:2937} INFO - Setting next_dagrun for example_branch_dop_operator_v3 to 2022-06-14T18:28:00+00:00
[2022-06-14 20:29:08,357] {processor.py:171} INFO - Processing /home/saba/airflow_venv/airflow_venv/lib/python3.6/site-packages/airflow/example_dags/example_branch_python_dop_operator_3.py took 0.139 seconds
[2022-06-14 20:30:21,889] {processor.py:163} INFO - Started process (PID=2441) to work on /home/saba/airflow_venv/airflow_venv/lib/python3.6/site-packages/airflow/example_dags/example_branch_python_dop_operator_3.py
[2022-06-14 20:30:21,900] {processor.py:642} INFO - Processing file /home/saba/airflow_venv/airflow_venv/lib/python3.6/site-packages/airflow/example_dags/example_branch_python_dop_operator_3.py for tasks to queue
[2022-06-14 20:30:21,901] {logging_mixin.py:109} INFO - [2022-06-14 20:30:21,901] {dagbag.py:500} INFO - Filling up the DagBag from /home/saba/airflow_venv/airflow_venv/lib/python3.6/site-packages/airflow/example_dags/example_branch_python_dop_operator_3.py
[2022-06-14 20:30:21,921] {processor.py:652} INFO - DAG(s) dict_keys(['example_branch_dop_operator_v3']) retrieved from /home/saba/airflow_venv/airflow_venv/lib/python3.6/site-packages/airflow/example_dags/example_branch_python_dop_operator_3.py
[2022-06-14 20:30:21,936] {logging_mixin.py:109} INFO - [2022-06-14 20:30:21,936] {dag.py:2398} INFO - Sync 1 DAGs
[2022-06-14 20:30:21,962] {logging_mixin.py:109} INFO - [2022-06-14 20:30:21,962] {dag.py:2937} INFO - Setting next_dagrun for example_branch_dop_operator_v3 to 2022-06-14T18:29:00+00:00
[2022-06-14 20:30:21,978] {processor.py:171} INFO - Processing /home/saba/airflow_venv/airflow_venv/lib/python3.6/site-packages/airflow/example_dags/example_branch_python_dop_operator_3.py took 0.091 seconds
[2022-06-14 20:31:22,736] {processor.py:163} INFO - Started process (PID=2502) to work on /home/saba/airflow_venv/airflow_venv/lib/python3.6/site-packages/airflow/example_dags/example_branch_python_dop_operator_3.py
[2022-06-14 20:31:22,747] {processor.py:642} INFO - Processing file /home/saba/airflow_venv/airflow_venv/lib/python3.6/site-packages/airflow/example_dags/example_branch_python_dop_operator_3.py for tasks to queue
[2022-06-14 20:31:22,747] {logging_mixin.py:109} INFO - [2022-06-14 20:31:22,747] {dagbag.py:500} INFO - Filling up the DagBag from /home/saba/airflow_venv/airflow_venv/lib/python3.6/site-packages/airflow/example_dags/example_branch_python_dop_operator_3.py
[2022-06-14 20:31:22,773] {processor.py:652} INFO - DAG(s) dict_keys(['example_branch_dop_operator_v3']) retrieved from /home/saba/airflow_venv/airflow_venv/lib/python3.6/site-packages/airflow/example_dags/example_branch_python_dop_operator_3.py
[2022-06-14 20:31:22,793] {logging_mixin.py:109} INFO - [2022-06-14 20:31:22,793] {dag.py:2398} INFO - Sync 1 DAGs
[2022-06-14 20:31:22,810] {logging_mixin.py:109} INFO - [2022-06-14 20:31:22,810] {dag.py:2937} INFO - Setting next_dagrun for example_branch_dop_operator_v3 to 2022-06-14T18:30:00+00:00
[2022-06-14 20:31:22,824] {processor.py:171} INFO - Processing /home/saba/airflow_venv/airflow_venv/lib/python3.6/site-packages/airflow/example_dags/example_branch_python_dop_operator_3.py took 0.092 seconds
[2022-06-14 20:32:23,523] {processor.py:163} INFO - Started process (PID=2562) to work on /home/saba/airflow_venv/airflow_venv/lib/python3.6/site-packages/airflow/example_dags/example_branch_python_dop_operator_3.py
[2022-06-14 20:32:23,527] {processor.py:642} INFO - Processing file /home/saba/airflow_venv/airflow_venv/lib/python3.6/site-packages/airflow/example_dags/example_branch_python_dop_operator_3.py for tasks to queue
[2022-06-14 20:32:23,527] {logging_mixin.py:109} INFO - [2022-06-14 20:32:23,527] {dagbag.py:500} INFO - Filling up the DagBag from /home/saba/airflow_venv/airflow_venv/lib/python3.6/site-packages/airflow/example_dags/example_branch_python_dop_operator_3.py
[2022-06-14 20:32:23,540] {processor.py:652} INFO - DAG(s) dict_keys(['example_branch_dop_operator_v3']) retrieved from /home/saba/airflow_venv/airflow_venv/lib/python3.6/site-packages/airflow/example_dags/example_branch_python_dop_operator_3.py
[2022-06-14 20:32:23,549] {logging_mixin.py:109} INFO - [2022-06-14 20:32:23,549] {dag.py:2398} INFO - Sync 1 DAGs
[2022-06-14 20:32:23,563] {logging_mixin.py:109} INFO - [2022-06-14 20:32:23,563] {dag.py:2937} INFO - Setting next_dagrun for example_branch_dop_operator_v3 to 2022-06-14T18:31:00+00:00
[2022-06-14 20:32:23,578] {processor.py:171} INFO - Processing /home/saba/airflow_venv/airflow_venv/lib/python3.6/site-packages/airflow/example_dags/example_branch_python_dop_operator_3.py took 0.057 seconds
[2022-06-14 20:33:22,642] {processor.py:163} INFO - Started process (PID=2620) to work on /home/saba/airflow_venv/airflow_venv/lib/python3.6/site-packages/airflow/example_dags/example_branch_python_dop_operator_3.py
[2022-06-14 20:33:22,643] {processor.py:642} INFO - Processing file /home/saba/airflow_venv/airflow_venv/lib/python3.6/site-packages/airflow/example_dags/example_branch_python_dop_operator_3.py for tasks to queue
[2022-06-14 20:33:22,643] {logging_mixin.py:109} INFO - [2022-06-14 20:33:22,643] {dagbag.py:500} INFO - Filling up the DagBag from /home/saba/airflow_venv/airflow_venv/lib/python3.6/site-packages/airflow/example_dags/example_branch_python_dop_operator_3.py
[2022-06-14 20:33:22,656] {processor.py:652} INFO - DAG(s) dict_keys(['example_branch_dop_operator_v3']) retrieved from /home/saba/airflow_venv/airflow_venv/lib/python3.6/site-packages/airflow/example_dags/example_branch_python_dop_operator_3.py
[2022-06-14 20:33:22,665] {logging_mixin.py:109} INFO - [2022-06-14 20:33:22,665] {dag.py:2398} INFO - Sync 1 DAGs
[2022-06-14 20:33:22,679] {logging_mixin.py:109} INFO - [2022-06-14 20:33:22,679] {dag.py:2937} INFO - Setting next_dagrun for example_branch_dop_operator_v3 to 2022-06-14T18:32:00+00:00
[2022-06-14 20:33:22,695] {processor.py:171} INFO - Processing /home/saba/airflow_venv/airflow_venv/lib/python3.6/site-packages/airflow/example_dags/example_branch_python_dop_operator_3.py took 0.056 seconds
[2022-06-14 20:34:24,606] {processor.py:163} INFO - Started process (PID=2680) to work on /home/saba/airflow_venv/airflow_venv/lib/python3.6/site-packages/airflow/example_dags/example_branch_python_dop_operator_3.py
[2022-06-14 20:34:24,616] {processor.py:642} INFO - Processing file /home/saba/airflow_venv/airflow_venv/lib/python3.6/site-packages/airflow/example_dags/example_branch_python_dop_operator_3.py for tasks to queue
[2022-06-14 20:34:24,616] {logging_mixin.py:109} INFO - [2022-06-14 20:34:24,616] {dagbag.py:500} INFO - Filling up the DagBag from /home/saba/airflow_venv/airflow_venv/lib/python3.6/site-packages/airflow/example_dags/example_branch_python_dop_operator_3.py
[2022-06-14 20:34:24,631] {processor.py:652} INFO - DAG(s) dict_keys(['example_branch_dop_operator_v3']) retrieved from /home/saba/airflow_venv/airflow_venv/lib/python3.6/site-packages/airflow/example_dags/example_branch_python_dop_operator_3.py
[2022-06-14 20:34:24,640] {logging_mixin.py:109} INFO - [2022-06-14 20:34:24,640] {dag.py:2398} INFO - Sync 1 DAGs
[2022-06-14 20:34:24,654] {logging_mixin.py:109} INFO - [2022-06-14 20:34:24,654] {dag.py:2937} INFO - Setting next_dagrun for example_branch_dop_operator_v3 to 2022-06-14T18:33:00+00:00
[2022-06-14 20:34:24,668] {processor.py:171} INFO - Processing /home/saba/airflow_venv/airflow_venv/lib/python3.6/site-packages/airflow/example_dags/example_branch_python_dop_operator_3.py took 0.065 seconds
[2022-06-14 20:35:25,852] {processor.py:163} INFO - Started process (PID=2739) to work on /home/saba/airflow_venv/airflow_venv/lib/python3.6/site-packages/airflow/example_dags/example_branch_python_dop_operator_3.py
[2022-06-14 20:35:25,853] {processor.py:642} INFO - Processing file /home/saba/airflow_venv/airflow_venv/lib/python3.6/site-packages/airflow/example_dags/example_branch_python_dop_operator_3.py for tasks to queue
[2022-06-14 20:35:25,854] {logging_mixin.py:109} INFO - [2022-06-14 20:35:25,854] {dagbag.py:500} INFO - Filling up the DagBag from /home/saba/airflow_venv/airflow_venv/lib/python3.6/site-packages/airflow/example_dags/example_branch_python_dop_operator_3.py
[2022-06-14 20:35:25,867] {processor.py:652} INFO - DAG(s) dict_keys(['example_branch_dop_operator_v3']) retrieved from /home/saba/airflow_venv/airflow_venv/lib/python3.6/site-packages/airflow/example_dags/example_branch_python_dop_operator_3.py
[2022-06-14 20:35:25,876] {logging_mixin.py:109} INFO - [2022-06-14 20:35:25,876] {dag.py:2398} INFO - Sync 1 DAGs
[2022-06-14 20:35:25,891] {logging_mixin.py:109} INFO - [2022-06-14 20:35:25,891] {dag.py:2937} INFO - Setting next_dagrun for example_branch_dop_operator_v3 to 2022-06-14T18:34:00+00:00
[2022-06-14 20:35:25,907] {processor.py:171} INFO - Processing /home/saba/airflow_venv/airflow_venv/lib/python3.6/site-packages/airflow/example_dags/example_branch_python_dop_operator_3.py took 0.057 seconds
[2022-06-14 20:36:25,083] {processor.py:163} INFO - Started process (PID=2798) to work on /home/saba/airflow_venv/airflow_venv/lib/python3.6/site-packages/airflow/example_dags/example_branch_python_dop_operator_3.py
[2022-06-14 20:36:25,092] {processor.py:642} INFO - Processing file /home/saba/airflow_venv/airflow_venv/lib/python3.6/site-packages/airflow/example_dags/example_branch_python_dop_operator_3.py for tasks to queue
[2022-06-14 20:36:25,093] {logging_mixin.py:109} INFO - [2022-06-14 20:36:25,093] {dagbag.py:500} INFO - Filling up the DagBag from /home/saba/airflow_venv/airflow_venv/lib/python3.6/site-packages/airflow/example_dags/example_branch_python_dop_operator_3.py
[2022-06-14 20:36:25,105] {processor.py:652} INFO - DAG(s) dict_keys(['example_branch_dop_operator_v3']) retrieved from /home/saba/airflow_venv/airflow_venv/lib/python3.6/site-packages/airflow/example_dags/example_branch_python_dop_operator_3.py
[2022-06-14 20:36:25,114] {logging_mixin.py:109} INFO - [2022-06-14 20:36:25,114] {dag.py:2398} INFO - Sync 1 DAGs
[2022-06-14 20:36:25,127] {logging_mixin.py:109} INFO - [2022-06-14 20:36:25,127] {dag.py:2937} INFO - Setting next_dagrun for example_branch_dop_operator_v3 to 2022-06-14T18:35:00+00:00
[2022-06-14 20:36:25,145] {processor.py:171} INFO - Processing /home/saba/airflow_venv/airflow_venv/lib/python3.6/site-packages/airflow/example_dags/example_branch_python_dop_operator_3.py took 0.065 seconds
[2022-06-14 20:37:27,068] {processor.py:163} INFO - Started process (PID=2858) to work on /home/saba/airflow_venv/airflow_venv/lib/python3.6/site-packages/airflow/example_dags/example_branch_python_dop_operator_3.py
[2022-06-14 20:37:27,078] {processor.py:642} INFO - Processing file /home/saba/airflow_venv/airflow_venv/lib/python3.6/site-packages/airflow/example_dags/example_branch_python_dop_operator_3.py for tasks to queue
[2022-06-14 20:37:27,078] {logging_mixin.py:109} INFO - [2022-06-14 20:37:27,078] {dagbag.py:500} INFO - Filling up the DagBag from /home/saba/airflow_venv/airflow_venv/lib/python3.6/site-packages/airflow/example_dags/example_branch_python_dop_operator_3.py
[2022-06-14 20:37:27,091] {processor.py:652} INFO - DAG(s) dict_keys(['example_branch_dop_operator_v3']) retrieved from /home/saba/airflow_venv/airflow_venv/lib/python3.6/site-packages/airflow/example_dags/example_branch_python_dop_operator_3.py
[2022-06-14 20:37:27,102] {logging_mixin.py:109} INFO - [2022-06-14 20:37:27,102] {dag.py:2398} INFO - Sync 1 DAGs
[2022-06-14 20:37:27,116] {logging_mixin.py:109} INFO - [2022-06-14 20:37:27,116] {dag.py:2937} INFO - Setting next_dagrun for example_branch_dop_operator_v3 to 2022-06-14T18:36:00+00:00
[2022-06-14 20:37:27,132] {processor.py:171} INFO - Processing /home/saba/airflow_venv/airflow_venv/lib/python3.6/site-packages/airflow/example_dags/example_branch_python_dop_operator_3.py took 0.066 seconds
[2022-06-14 20:38:26,815] {processor.py:163} INFO - Started process (PID=2916) to work on /home/saba/airflow_venv/airflow_venv/lib/python3.6/site-packages/airflow/example_dags/example_branch_python_dop_operator_3.py
[2022-06-14 20:38:26,826] {processor.py:642} INFO - Processing file /home/saba/airflow_venv/airflow_venv/lib/python3.6/site-packages/airflow/example_dags/example_branch_python_dop_operator_3.py for tasks to queue
[2022-06-14 20:38:26,826] {logging_mixin.py:109} INFO - [2022-06-14 20:38:26,826] {dagbag.py:500} INFO - Filling up the DagBag from /home/saba/airflow_venv/airflow_venv/lib/python3.6/site-packages/airflow/example_dags/example_branch_python_dop_operator_3.py
[2022-06-14 20:38:26,839] {processor.py:652} INFO - DAG(s) dict_keys(['example_branch_dop_operator_v3']) retrieved from /home/saba/airflow_venv/airflow_venv/lib/python3.6/site-packages/airflow/example_dags/example_branch_python_dop_operator_3.py
[2022-06-14 20:38:26,849] {logging_mixin.py:109} INFO - [2022-06-14 20:38:26,849] {dag.py:2398} INFO - Sync 1 DAGs
[2022-06-14 20:38:26,862] {logging_mixin.py:109} INFO - [2022-06-14 20:38:26,862] {dag.py:2937} INFO - Setting next_dagrun for example_branch_dop_operator_v3 to 2022-06-14T18:37:00+00:00
[2022-06-14 20:38:26,879] {processor.py:171} INFO - Processing /home/saba/airflow_venv/airflow_venv/lib/python3.6/site-packages/airflow/example_dags/example_branch_python_dop_operator_3.py took 0.067 seconds
[2022-06-14 20:39:27,023] {processor.py:163} INFO - Started process (PID=2975) to work on /home/saba/airflow_venv/airflow_venv/lib/python3.6/site-packages/airflow/example_dags/example_branch_python_dop_operator_3.py
[2022-06-14 20:39:27,034] {processor.py:642} INFO - Processing file /home/saba/airflow_venv/airflow_venv/lib/python3.6/site-packages/airflow/example_dags/example_branch_python_dop_operator_3.py for tasks to queue
[2022-06-14 20:39:27,035] {logging_mixin.py:109} INFO - [2022-06-14 20:39:27,035] {dagbag.py:500} INFO - Filling up the DagBag from /home/saba/airflow_venv/airflow_venv/lib/python3.6/site-packages/airflow/example_dags/example_branch_python_dop_operator_3.py
[2022-06-14 20:39:27,047] {processor.py:652} INFO - DAG(s) dict_keys(['example_branch_dop_operator_v3']) retrieved from /home/saba/airflow_venv/airflow_venv/lib/python3.6/site-packages/airflow/example_dags/example_branch_python_dop_operator_3.py
[2022-06-14 20:39:27,057] {logging_mixin.py:109} INFO - [2022-06-14 20:39:27,057] {dag.py:2398} INFO - Sync 1 DAGs
[2022-06-14 20:39:27,071] {logging_mixin.py:109} INFO - [2022-06-14 20:39:27,071] {dag.py:2937} INFO - Setting next_dagrun for example_branch_dop_operator_v3 to 2022-06-14T18:38:00+00:00
[2022-06-14 20:39:27,087] {processor.py:171} INFO - Processing /home/saba/airflow_venv/airflow_venv/lib/python3.6/site-packages/airflow/example_dags/example_branch_python_dop_operator_3.py took 0.066 seconds
[2022-06-14 20:40:27,802] {processor.py:163} INFO - Started process (PID=3034) to work on /home/saba/airflow_venv/airflow_venv/lib/python3.6/site-packages/airflow/example_dags/example_branch_python_dop_operator_3.py
[2022-06-14 20:40:27,804] {processor.py:642} INFO - Processing file /home/saba/airflow_venv/airflow_venv/lib/python3.6/site-packages/airflow/example_dags/example_branch_python_dop_operator_3.py for tasks to queue
[2022-06-14 20:40:27,805] {logging_mixin.py:109} INFO - [2022-06-14 20:40:27,805] {dagbag.py:500} INFO - Filling up the DagBag from /home/saba/airflow_venv/airflow_venv/lib/python3.6/site-packages/airflow/example_dags/example_branch_python_dop_operator_3.py
[2022-06-14 20:40:27,818] {processor.py:652} INFO - DAG(s) dict_keys(['example_branch_dop_operator_v3']) retrieved from /home/saba/airflow_venv/airflow_venv/lib/python3.6/site-packages/airflow/example_dags/example_branch_python_dop_operator_3.py
[2022-06-14 20:40:27,828] {logging_mixin.py:109} INFO - [2022-06-14 20:40:27,828] {dag.py:2398} INFO - Sync 1 DAGs
[2022-06-14 20:40:27,853] {logging_mixin.py:109} INFO - [2022-06-14 20:40:27,852] {dag.py:2937} INFO - Setting next_dagrun for example_branch_dop_operator_v3 to 2022-06-14T18:39:00+00:00
[2022-06-14 20:40:27,872] {processor.py:171} INFO - Processing /home/saba/airflow_venv/airflow_venv/lib/python3.6/site-packages/airflow/example_dags/example_branch_python_dop_operator_3.py took 0.072 seconds
[2022-06-14 20:41:27,281] {processor.py:163} INFO - Started process (PID=3094) to work on /home/saba/airflow_venv/airflow_venv/lib/python3.6/site-packages/airflow/example_dags/example_branch_python_dop_operator_3.py
[2022-06-14 20:41:27,292] {processor.py:642} INFO - Processing file /home/saba/airflow_venv/airflow_venv/lib/python3.6/site-packages/airflow/example_dags/example_branch_python_dop_operator_3.py for tasks to queue
[2022-06-14 20:41:27,293] {logging_mixin.py:109} INFO - [2022-06-14 20:41:27,293] {dagbag.py:500} INFO - Filling up the DagBag from /home/saba/airflow_venv/airflow_venv/lib/python3.6/site-packages/airflow/example_dags/example_branch_python_dop_operator_3.py
[2022-06-14 20:41:27,306] {processor.py:652} INFO - DAG(s) dict_keys(['example_branch_dop_operator_v3']) retrieved from /home/saba/airflow_venv/airflow_venv/lib/python3.6/site-packages/airflow/example_dags/example_branch_python_dop_operator_3.py
[2022-06-14 20:41:27,315] {logging_mixin.py:109} INFO - [2022-06-14 20:41:27,315] {dag.py:2398} INFO - Sync 1 DAGs
[2022-06-14 20:41:27,333] {logging_mixin.py:109} INFO - [2022-06-14 20:41:27,333] {dag.py:2937} INFO - Setting next_dagrun for example_branch_dop_operator_v3 to 2022-06-14T18:40:00+00:00
[2022-06-14 20:41:27,349] {processor.py:171} INFO - Processing /home/saba/airflow_venv/airflow_venv/lib/python3.6/site-packages/airflow/example_dags/example_branch_python_dop_operator_3.py took 0.069 seconds
